[2023-08-24T15:21:56.501+0100] {processor.py:157} INFO - Started process (PID=5337) to work on /home/samuel/dev/airflow_learning/venv/lib/python3.10/site-packages/airflow/example_dags/plugins/event_listener.py
[2023-08-24T15:21:56.502+0100] {processor.py:829} INFO - Processing file /home/samuel/dev/airflow_learning/venv/lib/python3.10/site-packages/airflow/example_dags/plugins/event_listener.py for tasks to queue
[2023-08-24T15:21:56.503+0100] {logging_mixin.py:151} INFO - [2023-08-24T15:21:56.502+0100] {dagbag.py:539} INFO - Filling up the DagBag from /home/samuel/dev/airflow_learning/venv/lib/python3.10/site-packages/airflow/example_dags/plugins/event_listener.py
[2023-08-24T15:21:56.505+0100] {processor.py:841} WARNING - No viable dags retrieved from /home/samuel/dev/airflow_learning/venv/lib/python3.10/site-packages/airflow/example_dags/plugins/event_listener.py
[2023-08-24T15:21:56.517+0100] {processor.py:179} INFO - Processing /home/samuel/dev/airflow_learning/venv/lib/python3.10/site-packages/airflow/example_dags/plugins/event_listener.py took 0.020 seconds
[2023-08-24T15:23:23.423+0100] {processor.py:157} INFO - Started process (PID=5398) to work on /home/samuel/dev/airflow_learning/venv/lib/python3.10/site-packages/airflow/example_dags/plugins/event_listener.py
[2023-08-24T15:23:23.472+0100] {processor.py:829} INFO - Processing file /home/samuel/dev/airflow_learning/venv/lib/python3.10/site-packages/airflow/example_dags/plugins/event_listener.py for tasks to queue
[2023-08-24T15:23:23.473+0100] {logging_mixin.py:151} INFO - [2023-08-24T15:23:23.473+0100] {dagbag.py:539} INFO - Filling up the DagBag from /home/samuel/dev/airflow_learning/venv/lib/python3.10/site-packages/airflow/example_dags/plugins/event_listener.py
[2023-08-24T15:23:23.476+0100] {processor.py:841} WARNING - No viable dags retrieved from /home/samuel/dev/airflow_learning/venv/lib/python3.10/site-packages/airflow/example_dags/plugins/event_listener.py
[2023-08-24T15:23:23.489+0100] {processor.py:179} INFO - Processing /home/samuel/dev/airflow_learning/venv/lib/python3.10/site-packages/airflow/example_dags/plugins/event_listener.py took 0.070 seconds
[2023-08-24T15:24:00.657+0100] {processor.py:157} INFO - Started process (PID=5441) to work on /home/samuel/dev/airflow_learning/venv/lib/python3.10/site-packages/airflow/example_dags/plugins/event_listener.py
[2023-08-24T15:24:00.686+0100] {processor.py:829} INFO - Processing file /home/samuel/dev/airflow_learning/venv/lib/python3.10/site-packages/airflow/example_dags/plugins/event_listener.py for tasks to queue
[2023-08-24T15:24:00.687+0100] {logging_mixin.py:151} INFO - [2023-08-24T15:24:00.687+0100] {dagbag.py:539} INFO - Filling up the DagBag from /home/samuel/dev/airflow_learning/venv/lib/python3.10/site-packages/airflow/example_dags/plugins/event_listener.py
[2023-08-24T15:24:00.690+0100] {processor.py:841} WARNING - No viable dags retrieved from /home/samuel/dev/airflow_learning/venv/lib/python3.10/site-packages/airflow/example_dags/plugins/event_listener.py
[2023-08-24T15:24:00.703+0100] {processor.py:179} INFO - Processing /home/samuel/dev/airflow_learning/venv/lib/python3.10/site-packages/airflow/example_dags/plugins/event_listener.py took 0.049 seconds
[2023-08-24T15:24:52.837+0100] {processor.py:157} INFO - Started process (PID=5496) to work on /home/samuel/dev/airflow_learning/venv/lib/python3.10/site-packages/airflow/example_dags/plugins/event_listener.py
[2023-08-24T15:24:52.868+0100] {processor.py:829} INFO - Processing file /home/samuel/dev/airflow_learning/venv/lib/python3.10/site-packages/airflow/example_dags/plugins/event_listener.py for tasks to queue
[2023-08-24T15:24:52.869+0100] {logging_mixin.py:151} INFO - [2023-08-24T15:24:52.869+0100] {dagbag.py:539} INFO - Filling up the DagBag from /home/samuel/dev/airflow_learning/venv/lib/python3.10/site-packages/airflow/example_dags/plugins/event_listener.py
[2023-08-24T15:24:52.872+0100] {processor.py:841} WARNING - No viable dags retrieved from /home/samuel/dev/airflow_learning/venv/lib/python3.10/site-packages/airflow/example_dags/plugins/event_listener.py
[2023-08-24T15:24:52.885+0100] {processor.py:179} INFO - Processing /home/samuel/dev/airflow_learning/venv/lib/python3.10/site-packages/airflow/example_dags/plugins/event_listener.py took 0.052 seconds
[2023-08-24T15:25:42.658+0100] {processor.py:157} INFO - Started process (PID=5545) to work on /home/samuel/dev/airflow_learning/venv/lib/python3.10/site-packages/airflow/example_dags/plugins/event_listener.py
[2023-08-24T15:25:42.660+0100] {processor.py:829} INFO - Processing file /home/samuel/dev/airflow_learning/venv/lib/python3.10/site-packages/airflow/example_dags/plugins/event_listener.py for tasks to queue
[2023-08-24T15:25:42.661+0100] {logging_mixin.py:151} INFO - [2023-08-24T15:25:42.660+0100] {dagbag.py:539} INFO - Filling up the DagBag from /home/samuel/dev/airflow_learning/venv/lib/python3.10/site-packages/airflow/example_dags/plugins/event_listener.py
[2023-08-24T15:25:42.663+0100] {processor.py:841} WARNING - No viable dags retrieved from /home/samuel/dev/airflow_learning/venv/lib/python3.10/site-packages/airflow/example_dags/plugins/event_listener.py
[2023-08-24T15:25:42.673+0100] {processor.py:179} INFO - Processing /home/samuel/dev/airflow_learning/venv/lib/python3.10/site-packages/airflow/example_dags/plugins/event_listener.py took 0.018 seconds
[2023-08-24T15:26:39.531+0100] {processor.py:157} INFO - Started process (PID=5596) to work on /home/samuel/dev/airflow_learning/venv/lib/python3.10/site-packages/airflow/example_dags/plugins/event_listener.py
[2023-08-24T15:26:39.534+0100] {processor.py:829} INFO - Processing file /home/samuel/dev/airflow_learning/venv/lib/python3.10/site-packages/airflow/example_dags/plugins/event_listener.py for tasks to queue
[2023-08-24T15:26:39.535+0100] {logging_mixin.py:151} INFO - [2023-08-24T15:26:39.534+0100] {dagbag.py:539} INFO - Filling up the DagBag from /home/samuel/dev/airflow_learning/venv/lib/python3.10/site-packages/airflow/example_dags/plugins/event_listener.py
[2023-08-24T15:26:39.537+0100] {processor.py:841} WARNING - No viable dags retrieved from /home/samuel/dev/airflow_learning/venv/lib/python3.10/site-packages/airflow/example_dags/plugins/event_listener.py
[2023-08-24T15:26:39.550+0100] {processor.py:179} INFO - Processing /home/samuel/dev/airflow_learning/venv/lib/python3.10/site-packages/airflow/example_dags/plugins/event_listener.py took 0.023 seconds
[2023-08-24T15:27:31.291+0100] {processor.py:157} INFO - Started process (PID=5647) to work on /home/samuel/dev/airflow_learning/venv/lib/python3.10/site-packages/airflow/example_dags/plugins/event_listener.py
[2023-08-24T15:27:31.293+0100] {processor.py:829} INFO - Processing file /home/samuel/dev/airflow_learning/venv/lib/python3.10/site-packages/airflow/example_dags/plugins/event_listener.py for tasks to queue
[2023-08-24T15:27:31.294+0100] {logging_mixin.py:151} INFO - [2023-08-24T15:27:31.294+0100] {dagbag.py:539} INFO - Filling up the DagBag from /home/samuel/dev/airflow_learning/venv/lib/python3.10/site-packages/airflow/example_dags/plugins/event_listener.py
[2023-08-24T15:27:31.296+0100] {processor.py:841} WARNING - No viable dags retrieved from /home/samuel/dev/airflow_learning/venv/lib/python3.10/site-packages/airflow/example_dags/plugins/event_listener.py
[2023-08-24T15:27:31.308+0100] {processor.py:179} INFO - Processing /home/samuel/dev/airflow_learning/venv/lib/python3.10/site-packages/airflow/example_dags/plugins/event_listener.py took 0.021 seconds
[2023-08-24T15:28:27.801+0100] {processor.py:157} INFO - Started process (PID=5709) to work on /home/samuel/dev/airflow_learning/venv/lib/python3.10/site-packages/airflow/example_dags/plugins/event_listener.py
[2023-08-24T15:28:27.803+0100] {processor.py:829} INFO - Processing file /home/samuel/dev/airflow_learning/venv/lib/python3.10/site-packages/airflow/example_dags/plugins/event_listener.py for tasks to queue
[2023-08-24T15:28:27.804+0100] {logging_mixin.py:151} INFO - [2023-08-24T15:28:27.804+0100] {dagbag.py:539} INFO - Filling up the DagBag from /home/samuel/dev/airflow_learning/venv/lib/python3.10/site-packages/airflow/example_dags/plugins/event_listener.py
[2023-08-24T15:28:27.806+0100] {processor.py:841} WARNING - No viable dags retrieved from /home/samuel/dev/airflow_learning/venv/lib/python3.10/site-packages/airflow/example_dags/plugins/event_listener.py
[2023-08-24T15:28:27.818+0100] {processor.py:179} INFO - Processing /home/samuel/dev/airflow_learning/venv/lib/python3.10/site-packages/airflow/example_dags/plugins/event_listener.py took 0.020 seconds
[2023-08-24T15:29:21.145+0100] {processor.py:157} INFO - Started process (PID=5774) to work on /home/samuel/dev/airflow_learning/venv/lib/python3.10/site-packages/airflow/example_dags/plugins/event_listener.py
[2023-08-24T15:29:21.147+0100] {processor.py:829} INFO - Processing file /home/samuel/dev/airflow_learning/venv/lib/python3.10/site-packages/airflow/example_dags/plugins/event_listener.py for tasks to queue
[2023-08-24T15:29:21.148+0100] {logging_mixin.py:151} INFO - [2023-08-24T15:29:21.147+0100] {dagbag.py:539} INFO - Filling up the DagBag from /home/samuel/dev/airflow_learning/venv/lib/python3.10/site-packages/airflow/example_dags/plugins/event_listener.py
[2023-08-24T15:29:21.150+0100] {processor.py:841} WARNING - No viable dags retrieved from /home/samuel/dev/airflow_learning/venv/lib/python3.10/site-packages/airflow/example_dags/plugins/event_listener.py
[2023-08-24T15:29:21.163+0100] {processor.py:179} INFO - Processing /home/samuel/dev/airflow_learning/venv/lib/python3.10/site-packages/airflow/example_dags/plugins/event_listener.py took 0.021 seconds
[2023-08-24T15:30:49.143+0100] {processor.py:157} INFO - Started process (PID=5951) to work on /home/samuel/dev/airflow_learning/venv/lib/python3.10/site-packages/airflow/example_dags/plugins/event_listener.py
[2023-08-24T15:30:49.147+0100] {processor.py:829} INFO - Processing file /home/samuel/dev/airflow_learning/venv/lib/python3.10/site-packages/airflow/example_dags/plugins/event_listener.py for tasks to queue
[2023-08-24T15:30:49.148+0100] {logging_mixin.py:151} INFO - [2023-08-24T15:30:49.147+0100] {dagbag.py:539} INFO - Filling up the DagBag from /home/samuel/dev/airflow_learning/venv/lib/python3.10/site-packages/airflow/example_dags/plugins/event_listener.py
[2023-08-24T15:30:49.150+0100] {processor.py:841} WARNING - No viable dags retrieved from /home/samuel/dev/airflow_learning/venv/lib/python3.10/site-packages/airflow/example_dags/plugins/event_listener.py
[2023-08-24T15:30:49.162+0100] {processor.py:179} INFO - Processing /home/samuel/dev/airflow_learning/venv/lib/python3.10/site-packages/airflow/example_dags/plugins/event_listener.py took 0.024 seconds
[2023-08-24T15:31:43.330+0100] {processor.py:157} INFO - Started process (PID=6050) to work on /home/samuel/dev/airflow_learning/venv/lib/python3.10/site-packages/airflow/example_dags/plugins/event_listener.py
[2023-08-24T15:31:43.365+0100] {processor.py:829} INFO - Processing file /home/samuel/dev/airflow_learning/venv/lib/python3.10/site-packages/airflow/example_dags/plugins/event_listener.py for tasks to queue
[2023-08-24T15:31:43.366+0100] {logging_mixin.py:151} INFO - [2023-08-24T15:31:43.366+0100] {dagbag.py:539} INFO - Filling up the DagBag from /home/samuel/dev/airflow_learning/venv/lib/python3.10/site-packages/airflow/example_dags/plugins/event_listener.py
[2023-08-24T15:31:43.389+0100] {processor.py:841} WARNING - No viable dags retrieved from /home/samuel/dev/airflow_learning/venv/lib/python3.10/site-packages/airflow/example_dags/plugins/event_listener.py
[2023-08-24T15:31:43.401+0100] {processor.py:179} INFO - Processing /home/samuel/dev/airflow_learning/venv/lib/python3.10/site-packages/airflow/example_dags/plugins/event_listener.py took 0.075 seconds
[2023-08-24T15:32:36.890+0100] {processor.py:157} INFO - Started process (PID=6107) to work on /home/samuel/dev/airflow_learning/venv/lib/python3.10/site-packages/airflow/example_dags/plugins/event_listener.py
[2023-08-24T15:32:36.925+0100] {processor.py:829} INFO - Processing file /home/samuel/dev/airflow_learning/venv/lib/python3.10/site-packages/airflow/example_dags/plugins/event_listener.py for tasks to queue
[2023-08-24T15:32:36.926+0100] {logging_mixin.py:151} INFO - [2023-08-24T15:32:36.926+0100] {dagbag.py:539} INFO - Filling up the DagBag from /home/samuel/dev/airflow_learning/venv/lib/python3.10/site-packages/airflow/example_dags/plugins/event_listener.py
[2023-08-24T15:32:36.929+0100] {processor.py:841} WARNING - No viable dags retrieved from /home/samuel/dev/airflow_learning/venv/lib/python3.10/site-packages/airflow/example_dags/plugins/event_listener.py
[2023-08-24T15:32:36.938+0100] {processor.py:179} INFO - Processing /home/samuel/dev/airflow_learning/venv/lib/python3.10/site-packages/airflow/example_dags/plugins/event_listener.py took 0.051 seconds
[2023-08-24T15:33:29.459+0100] {processor.py:157} INFO - Started process (PID=6167) to work on /home/samuel/dev/airflow_learning/venv/lib/python3.10/site-packages/airflow/example_dags/plugins/event_listener.py
[2023-08-24T15:33:29.488+0100] {processor.py:829} INFO - Processing file /home/samuel/dev/airflow_learning/venv/lib/python3.10/site-packages/airflow/example_dags/plugins/event_listener.py for tasks to queue
[2023-08-24T15:33:29.489+0100] {logging_mixin.py:151} INFO - [2023-08-24T15:33:29.489+0100] {dagbag.py:539} INFO - Filling up the DagBag from /home/samuel/dev/airflow_learning/venv/lib/python3.10/site-packages/airflow/example_dags/plugins/event_listener.py
[2023-08-24T15:33:29.492+0100] {processor.py:841} WARNING - No viable dags retrieved from /home/samuel/dev/airflow_learning/venv/lib/python3.10/site-packages/airflow/example_dags/plugins/event_listener.py
[2023-08-24T15:33:29.505+0100] {processor.py:179} INFO - Processing /home/samuel/dev/airflow_learning/venv/lib/python3.10/site-packages/airflow/example_dags/plugins/event_listener.py took 0.050 seconds
[2023-08-24T15:34:35.137+0100] {processor.py:157} INFO - Started process (PID=6230) to work on /home/samuel/dev/airflow_learning/venv/lib/python3.10/site-packages/airflow/example_dags/plugins/event_listener.py
[2023-08-24T15:34:35.149+0100] {processor.py:829} INFO - Processing file /home/samuel/dev/airflow_learning/venv/lib/python3.10/site-packages/airflow/example_dags/plugins/event_listener.py for tasks to queue
[2023-08-24T15:34:35.150+0100] {logging_mixin.py:151} INFO - [2023-08-24T15:34:35.149+0100] {dagbag.py:539} INFO - Filling up the DagBag from /home/samuel/dev/airflow_learning/venv/lib/python3.10/site-packages/airflow/example_dags/plugins/event_listener.py
[2023-08-24T15:34:35.152+0100] {processor.py:841} WARNING - No viable dags retrieved from /home/samuel/dev/airflow_learning/venv/lib/python3.10/site-packages/airflow/example_dags/plugins/event_listener.py
[2023-08-24T15:34:35.165+0100] {processor.py:179} INFO - Processing /home/samuel/dev/airflow_learning/venv/lib/python3.10/site-packages/airflow/example_dags/plugins/event_listener.py took 0.031 seconds
[2023-08-24T15:35:36.119+0100] {processor.py:157} INFO - Started process (PID=6298) to work on /home/samuel/dev/airflow_learning/venv/lib/python3.10/site-packages/airflow/example_dags/plugins/event_listener.py
[2023-08-24T15:35:36.139+0100] {processor.py:829} INFO - Processing file /home/samuel/dev/airflow_learning/venv/lib/python3.10/site-packages/airflow/example_dags/plugins/event_listener.py for tasks to queue
[2023-08-24T15:35:36.141+0100] {logging_mixin.py:151} INFO - [2023-08-24T15:35:36.140+0100] {dagbag.py:539} INFO - Filling up the DagBag from /home/samuel/dev/airflow_learning/venv/lib/python3.10/site-packages/airflow/example_dags/plugins/event_listener.py
[2023-08-24T15:35:36.144+0100] {processor.py:841} WARNING - No viable dags retrieved from /home/samuel/dev/airflow_learning/venv/lib/python3.10/site-packages/airflow/example_dags/plugins/event_listener.py
[2023-08-24T15:35:36.158+0100] {processor.py:179} INFO - Processing /home/samuel/dev/airflow_learning/venv/lib/python3.10/site-packages/airflow/example_dags/plugins/event_listener.py took 0.043 seconds
[2023-08-24T15:36:30.910+0100] {processor.py:157} INFO - Started process (PID=6356) to work on /home/samuel/dev/airflow_learning/venv/lib/python3.10/site-packages/airflow/example_dags/plugins/event_listener.py
[2023-08-24T15:36:30.944+0100] {processor.py:829} INFO - Processing file /home/samuel/dev/airflow_learning/venv/lib/python3.10/site-packages/airflow/example_dags/plugins/event_listener.py for tasks to queue
[2023-08-24T15:36:30.945+0100] {logging_mixin.py:151} INFO - [2023-08-24T15:36:30.944+0100] {dagbag.py:539} INFO - Filling up the DagBag from /home/samuel/dev/airflow_learning/venv/lib/python3.10/site-packages/airflow/example_dags/plugins/event_listener.py
[2023-08-24T15:36:30.948+0100] {processor.py:841} WARNING - No viable dags retrieved from /home/samuel/dev/airflow_learning/venv/lib/python3.10/site-packages/airflow/example_dags/plugins/event_listener.py
[2023-08-24T15:36:30.961+0100] {processor.py:179} INFO - Processing /home/samuel/dev/airflow_learning/venv/lib/python3.10/site-packages/airflow/example_dags/plugins/event_listener.py took 0.055 seconds
[2023-08-24T15:37:43.106+0100] {processor.py:157} INFO - Started process (PID=6418) to work on /home/samuel/dev/airflow_learning/venv/lib/python3.10/site-packages/airflow/example_dags/plugins/event_listener.py
[2023-08-24T15:37:43.114+0100] {processor.py:829} INFO - Processing file /home/samuel/dev/airflow_learning/venv/lib/python3.10/site-packages/airflow/example_dags/plugins/event_listener.py for tasks to queue
[2023-08-24T15:37:43.115+0100] {logging_mixin.py:151} INFO - [2023-08-24T15:37:43.114+0100] {dagbag.py:539} INFO - Filling up the DagBag from /home/samuel/dev/airflow_learning/venv/lib/python3.10/site-packages/airflow/example_dags/plugins/event_listener.py
[2023-08-24T15:37:43.118+0100] {processor.py:841} WARNING - No viable dags retrieved from /home/samuel/dev/airflow_learning/venv/lib/python3.10/site-packages/airflow/example_dags/plugins/event_listener.py
[2023-08-24T15:37:43.130+0100] {processor.py:179} INFO - Processing /home/samuel/dev/airflow_learning/venv/lib/python3.10/site-packages/airflow/example_dags/plugins/event_listener.py took 0.028 seconds
[2023-08-24T15:38:19.746+0100] {processor.py:157} INFO - Started process (PID=6455) to work on /home/samuel/dev/airflow_learning/venv/lib/python3.10/site-packages/airflow/example_dags/plugins/event_listener.py
[2023-08-24T15:38:19.748+0100] {processor.py:829} INFO - Processing file /home/samuel/dev/airflow_learning/venv/lib/python3.10/site-packages/airflow/example_dags/plugins/event_listener.py for tasks to queue
[2023-08-24T15:38:19.750+0100] {logging_mixin.py:151} INFO - [2023-08-24T15:38:19.749+0100] {dagbag.py:539} INFO - Filling up the DagBag from /home/samuel/dev/airflow_learning/venv/lib/python3.10/site-packages/airflow/example_dags/plugins/event_listener.py
[2023-08-24T15:38:19.752+0100] {processor.py:841} WARNING - No viable dags retrieved from /home/samuel/dev/airflow_learning/venv/lib/python3.10/site-packages/airflow/example_dags/plugins/event_listener.py
[2023-08-24T15:38:19.765+0100] {processor.py:179} INFO - Processing /home/samuel/dev/airflow_learning/venv/lib/python3.10/site-packages/airflow/example_dags/plugins/event_listener.py took 0.023 seconds
[2023-08-24T15:39:15.195+0100] {processor.py:157} INFO - Started process (PID=6507) to work on /home/samuel/dev/airflow_learning/venv/lib/python3.10/site-packages/airflow/example_dags/plugins/event_listener.py
[2023-08-24T15:39:15.222+0100] {processor.py:829} INFO - Processing file /home/samuel/dev/airflow_learning/venv/lib/python3.10/site-packages/airflow/example_dags/plugins/event_listener.py for tasks to queue
[2023-08-24T15:39:15.223+0100] {logging_mixin.py:151} INFO - [2023-08-24T15:39:15.222+0100] {dagbag.py:539} INFO - Filling up the DagBag from /home/samuel/dev/airflow_learning/venv/lib/python3.10/site-packages/airflow/example_dags/plugins/event_listener.py
[2023-08-24T15:39:15.226+0100] {processor.py:841} WARNING - No viable dags retrieved from /home/samuel/dev/airflow_learning/venv/lib/python3.10/site-packages/airflow/example_dags/plugins/event_listener.py
[2023-08-24T15:39:15.238+0100] {processor.py:179} INFO - Processing /home/samuel/dev/airflow_learning/venv/lib/python3.10/site-packages/airflow/example_dags/plugins/event_listener.py took 0.046 seconds
[2023-08-24T15:40:14.185+0100] {processor.py:157} INFO - Started process (PID=6581) to work on /home/samuel/dev/airflow_learning/venv/lib/python3.10/site-packages/airflow/example_dags/plugins/event_listener.py
[2023-08-24T15:40:14.203+0100] {processor.py:829} INFO - Processing file /home/samuel/dev/airflow_learning/venv/lib/python3.10/site-packages/airflow/example_dags/plugins/event_listener.py for tasks to queue
[2023-08-24T15:40:14.204+0100] {logging_mixin.py:151} INFO - [2023-08-24T15:40:14.203+0100] {dagbag.py:539} INFO - Filling up the DagBag from /home/samuel/dev/airflow_learning/venv/lib/python3.10/site-packages/airflow/example_dags/plugins/event_listener.py
[2023-08-24T15:40:14.206+0100] {processor.py:841} WARNING - No viable dags retrieved from /home/samuel/dev/airflow_learning/venv/lib/python3.10/site-packages/airflow/example_dags/plugins/event_listener.py
[2023-08-24T15:40:14.218+0100] {processor.py:179} INFO - Processing /home/samuel/dev/airflow_learning/venv/lib/python3.10/site-packages/airflow/example_dags/plugins/event_listener.py took 0.037 seconds
[2023-08-24T15:40:48.175+0100] {processor.py:157} INFO - Started process (PID=6617) to work on /home/samuel/dev/airflow_learning/venv/lib/python3.10/site-packages/airflow/example_dags/plugins/event_listener.py
[2023-08-24T15:40:48.178+0100] {processor.py:829} INFO - Processing file /home/samuel/dev/airflow_learning/venv/lib/python3.10/site-packages/airflow/example_dags/plugins/event_listener.py for tasks to queue
[2023-08-24T15:40:48.179+0100] {logging_mixin.py:151} INFO - [2023-08-24T15:40:48.178+0100] {dagbag.py:539} INFO - Filling up the DagBag from /home/samuel/dev/airflow_learning/venv/lib/python3.10/site-packages/airflow/example_dags/plugins/event_listener.py
[2023-08-24T15:40:48.181+0100] {processor.py:841} WARNING - No viable dags retrieved from /home/samuel/dev/airflow_learning/venv/lib/python3.10/site-packages/airflow/example_dags/plugins/event_listener.py
[2023-08-24T15:40:48.194+0100] {processor.py:179} INFO - Processing /home/samuel/dev/airflow_learning/venv/lib/python3.10/site-packages/airflow/example_dags/plugins/event_listener.py took 0.023 seconds
[2023-08-24T15:41:40.985+0100] {processor.py:157} INFO - Started process (PID=6667) to work on /home/samuel/dev/airflow_learning/venv/lib/python3.10/site-packages/airflow/example_dags/plugins/event_listener.py
[2023-08-24T15:41:40.989+0100] {processor.py:829} INFO - Processing file /home/samuel/dev/airflow_learning/venv/lib/python3.10/site-packages/airflow/example_dags/plugins/event_listener.py for tasks to queue
[2023-08-24T15:41:40.990+0100] {logging_mixin.py:151} INFO - [2023-08-24T15:41:40.989+0100] {dagbag.py:539} INFO - Filling up the DagBag from /home/samuel/dev/airflow_learning/venv/lib/python3.10/site-packages/airflow/example_dags/plugins/event_listener.py
[2023-08-24T15:41:40.992+0100] {processor.py:841} WARNING - No viable dags retrieved from /home/samuel/dev/airflow_learning/venv/lib/python3.10/site-packages/airflow/example_dags/plugins/event_listener.py
[2023-08-24T15:41:41.006+0100] {processor.py:179} INFO - Processing /home/samuel/dev/airflow_learning/venv/lib/python3.10/site-packages/airflow/example_dags/plugins/event_listener.py took 0.025 seconds
[2023-08-24T15:42:31.570+0100] {processor.py:157} INFO - Started process (PID=6776) to work on /home/samuel/dev/airflow_learning/venv/lib/python3.10/site-packages/airflow/example_dags/plugins/event_listener.py
[2023-08-24T15:42:31.583+0100] {processor.py:829} INFO - Processing file /home/samuel/dev/airflow_learning/venv/lib/python3.10/site-packages/airflow/example_dags/plugins/event_listener.py for tasks to queue
[2023-08-24T15:42:31.584+0100] {logging_mixin.py:151} INFO - [2023-08-24T15:42:31.583+0100] {dagbag.py:539} INFO - Filling up the DagBag from /home/samuel/dev/airflow_learning/venv/lib/python3.10/site-packages/airflow/example_dags/plugins/event_listener.py
[2023-08-24T15:42:31.586+0100] {processor.py:841} WARNING - No viable dags retrieved from /home/samuel/dev/airflow_learning/venv/lib/python3.10/site-packages/airflow/example_dags/plugins/event_listener.py
[2023-08-24T15:42:31.601+0100] {processor.py:179} INFO - Processing /home/samuel/dev/airflow_learning/venv/lib/python3.10/site-packages/airflow/example_dags/plugins/event_listener.py took 0.035 seconds
[2023-08-24T15:43:26.393+0100] {processor.py:157} INFO - Started process (PID=6830) to work on /home/samuel/dev/airflow_learning/venv/lib/python3.10/site-packages/airflow/example_dags/plugins/event_listener.py
[2023-08-24T15:43:26.394+0100] {processor.py:829} INFO - Processing file /home/samuel/dev/airflow_learning/venv/lib/python3.10/site-packages/airflow/example_dags/plugins/event_listener.py for tasks to queue
[2023-08-24T15:43:26.395+0100] {logging_mixin.py:151} INFO - [2023-08-24T15:43:26.395+0100] {dagbag.py:539} INFO - Filling up the DagBag from /home/samuel/dev/airflow_learning/venv/lib/python3.10/site-packages/airflow/example_dags/plugins/event_listener.py
[2023-08-24T15:43:26.398+0100] {processor.py:841} WARNING - No viable dags retrieved from /home/samuel/dev/airflow_learning/venv/lib/python3.10/site-packages/airflow/example_dags/plugins/event_listener.py
[2023-08-24T15:43:26.410+0100] {processor.py:179} INFO - Processing /home/samuel/dev/airflow_learning/venv/lib/python3.10/site-packages/airflow/example_dags/plugins/event_listener.py took 0.021 seconds
[2023-08-24T15:44:18.786+0100] {processor.py:157} INFO - Started process (PID=6880) to work on /home/samuel/dev/airflow_learning/venv/lib/python3.10/site-packages/airflow/example_dags/plugins/event_listener.py
[2023-08-24T15:44:18.787+0100] {processor.py:829} INFO - Processing file /home/samuel/dev/airflow_learning/venv/lib/python3.10/site-packages/airflow/example_dags/plugins/event_listener.py for tasks to queue
[2023-08-24T15:44:18.788+0100] {logging_mixin.py:151} INFO - [2023-08-24T15:44:18.788+0100] {dagbag.py:539} INFO - Filling up the DagBag from /home/samuel/dev/airflow_learning/venv/lib/python3.10/site-packages/airflow/example_dags/plugins/event_listener.py
[2023-08-24T15:44:18.791+0100] {processor.py:841} WARNING - No viable dags retrieved from /home/samuel/dev/airflow_learning/venv/lib/python3.10/site-packages/airflow/example_dags/plugins/event_listener.py
[2023-08-24T15:44:18.803+0100] {processor.py:179} INFO - Processing /home/samuel/dev/airflow_learning/venv/lib/python3.10/site-packages/airflow/example_dags/plugins/event_listener.py took 0.021 seconds
[2023-08-24T15:45:10.414+0100] {processor.py:157} INFO - Started process (PID=6930) to work on /home/samuel/dev/airflow_learning/venv/lib/python3.10/site-packages/airflow/example_dags/plugins/event_listener.py
[2023-08-24T15:45:10.416+0100] {processor.py:829} INFO - Processing file /home/samuel/dev/airflow_learning/venv/lib/python3.10/site-packages/airflow/example_dags/plugins/event_listener.py for tasks to queue
[2023-08-24T15:45:10.417+0100] {logging_mixin.py:151} INFO - [2023-08-24T15:45:10.416+0100] {dagbag.py:539} INFO - Filling up the DagBag from /home/samuel/dev/airflow_learning/venv/lib/python3.10/site-packages/airflow/example_dags/plugins/event_listener.py
[2023-08-24T15:45:10.420+0100] {processor.py:841} WARNING - No viable dags retrieved from /home/samuel/dev/airflow_learning/venv/lib/python3.10/site-packages/airflow/example_dags/plugins/event_listener.py
[2023-08-24T15:45:10.431+0100] {processor.py:179} INFO - Processing /home/samuel/dev/airflow_learning/venv/lib/python3.10/site-packages/airflow/example_dags/plugins/event_listener.py took 0.020 seconds
[2023-08-24T15:46:00.774+0100] {processor.py:157} INFO - Started process (PID=6978) to work on /home/samuel/dev/airflow_learning/venv/lib/python3.10/site-packages/airflow/example_dags/plugins/event_listener.py
[2023-08-24T15:46:00.777+0100] {processor.py:829} INFO - Processing file /home/samuel/dev/airflow_learning/venv/lib/python3.10/site-packages/airflow/example_dags/plugins/event_listener.py for tasks to queue
[2023-08-24T15:46:00.778+0100] {logging_mixin.py:151} INFO - [2023-08-24T15:46:00.777+0100] {dagbag.py:539} INFO - Filling up the DagBag from /home/samuel/dev/airflow_learning/venv/lib/python3.10/site-packages/airflow/example_dags/plugins/event_listener.py
[2023-08-24T15:46:00.780+0100] {processor.py:841} WARNING - No viable dags retrieved from /home/samuel/dev/airflow_learning/venv/lib/python3.10/site-packages/airflow/example_dags/plugins/event_listener.py
[2023-08-24T15:46:00.793+0100] {processor.py:179} INFO - Processing /home/samuel/dev/airflow_learning/venv/lib/python3.10/site-packages/airflow/example_dags/plugins/event_listener.py took 0.023 seconds
[2023-08-24T15:46:55.578+0100] {processor.py:157} INFO - Started process (PID=7029) to work on /home/samuel/dev/airflow_learning/venv/lib/python3.10/site-packages/airflow/example_dags/plugins/event_listener.py
[2023-08-24T15:46:55.609+0100] {processor.py:829} INFO - Processing file /home/samuel/dev/airflow_learning/venv/lib/python3.10/site-packages/airflow/example_dags/plugins/event_listener.py for tasks to queue
[2023-08-24T15:46:55.611+0100] {logging_mixin.py:151} INFO - [2023-08-24T15:46:55.610+0100] {dagbag.py:539} INFO - Filling up the DagBag from /home/samuel/dev/airflow_learning/venv/lib/python3.10/site-packages/airflow/example_dags/plugins/event_listener.py
[2023-08-24T15:46:55.613+0100] {processor.py:841} WARNING - No viable dags retrieved from /home/samuel/dev/airflow_learning/venv/lib/python3.10/site-packages/airflow/example_dags/plugins/event_listener.py
[2023-08-24T15:46:55.625+0100] {processor.py:179} INFO - Processing /home/samuel/dev/airflow_learning/venv/lib/python3.10/site-packages/airflow/example_dags/plugins/event_listener.py took 0.051 seconds
[2023-08-24T15:47:47.802+0100] {processor.py:157} INFO - Started process (PID=7078) to work on /home/samuel/dev/airflow_learning/venv/lib/python3.10/site-packages/airflow/example_dags/plugins/event_listener.py
[2023-08-24T15:47:47.805+0100] {processor.py:829} INFO - Processing file /home/samuel/dev/airflow_learning/venv/lib/python3.10/site-packages/airflow/example_dags/plugins/event_listener.py for tasks to queue
[2023-08-24T15:47:47.806+0100] {logging_mixin.py:151} INFO - [2023-08-24T15:47:47.806+0100] {dagbag.py:539} INFO - Filling up the DagBag from /home/samuel/dev/airflow_learning/venv/lib/python3.10/site-packages/airflow/example_dags/plugins/event_listener.py
[2023-08-24T15:47:47.809+0100] {processor.py:841} WARNING - No viable dags retrieved from /home/samuel/dev/airflow_learning/venv/lib/python3.10/site-packages/airflow/example_dags/plugins/event_listener.py
[2023-08-24T15:47:47.821+0100] {processor.py:179} INFO - Processing /home/samuel/dev/airflow_learning/venv/lib/python3.10/site-packages/airflow/example_dags/plugins/event_listener.py took 0.022 seconds
[2023-08-24T15:48:42.855+0100] {processor.py:157} INFO - Started process (PID=7147) to work on /home/samuel/dev/airflow_learning/venv/lib/python3.10/site-packages/airflow/example_dags/plugins/event_listener.py
[2023-08-24T15:48:42.885+0100] {processor.py:829} INFO - Processing file /home/samuel/dev/airflow_learning/venv/lib/python3.10/site-packages/airflow/example_dags/plugins/event_listener.py for tasks to queue
[2023-08-24T15:48:42.887+0100] {logging_mixin.py:151} INFO - [2023-08-24T15:48:42.886+0100] {dagbag.py:539} INFO - Filling up the DagBag from /home/samuel/dev/airflow_learning/venv/lib/python3.10/site-packages/airflow/example_dags/plugins/event_listener.py
[2023-08-24T15:48:42.889+0100] {processor.py:841} WARNING - No viable dags retrieved from /home/samuel/dev/airflow_learning/venv/lib/python3.10/site-packages/airflow/example_dags/plugins/event_listener.py
[2023-08-24T15:48:42.902+0100] {processor.py:179} INFO - Processing /home/samuel/dev/airflow_learning/venv/lib/python3.10/site-packages/airflow/example_dags/plugins/event_listener.py took 0.050 seconds
[2023-08-24T15:49:32.402+0100] {processor.py:157} INFO - Started process (PID=7195) to work on /home/samuel/dev/airflow_learning/venv/lib/python3.10/site-packages/airflow/example_dags/plugins/event_listener.py
[2023-08-24T15:49:32.445+0100] {processor.py:829} INFO - Processing file /home/samuel/dev/airflow_learning/venv/lib/python3.10/site-packages/airflow/example_dags/plugins/event_listener.py for tasks to queue
[2023-08-24T15:49:32.446+0100] {logging_mixin.py:151} INFO - [2023-08-24T15:49:32.446+0100] {dagbag.py:539} INFO - Filling up the DagBag from /home/samuel/dev/airflow_learning/venv/lib/python3.10/site-packages/airflow/example_dags/plugins/event_listener.py
[2023-08-24T15:49:32.449+0100] {processor.py:841} WARNING - No viable dags retrieved from /home/samuel/dev/airflow_learning/venv/lib/python3.10/site-packages/airflow/example_dags/plugins/event_listener.py
[2023-08-24T15:49:32.462+0100] {processor.py:179} INFO - Processing /home/samuel/dev/airflow_learning/venv/lib/python3.10/site-packages/airflow/example_dags/plugins/event_listener.py took 0.063 seconds
[2023-08-24T15:50:20.545+0100] {processor.py:157} INFO - Started process (PID=7241) to work on /home/samuel/dev/airflow_learning/venv/lib/python3.10/site-packages/airflow/example_dags/plugins/event_listener.py
[2023-08-24T15:50:20.546+0100] {processor.py:829} INFO - Processing file /home/samuel/dev/airflow_learning/venv/lib/python3.10/site-packages/airflow/example_dags/plugins/event_listener.py for tasks to queue
[2023-08-24T15:50:20.547+0100] {logging_mixin.py:151} INFO - [2023-08-24T15:50:20.547+0100] {dagbag.py:539} INFO - Filling up the DagBag from /home/samuel/dev/airflow_learning/venv/lib/python3.10/site-packages/airflow/example_dags/plugins/event_listener.py
[2023-08-24T15:50:20.550+0100] {processor.py:841} WARNING - No viable dags retrieved from /home/samuel/dev/airflow_learning/venv/lib/python3.10/site-packages/airflow/example_dags/plugins/event_listener.py
[2023-08-24T15:50:20.562+0100] {processor.py:179} INFO - Processing /home/samuel/dev/airflow_learning/venv/lib/python3.10/site-packages/airflow/example_dags/plugins/event_listener.py took 0.021 seconds
[2023-08-24T15:51:13.963+0100] {processor.py:157} INFO - Started process (PID=7289) to work on /home/samuel/dev/airflow_learning/venv/lib/python3.10/site-packages/airflow/example_dags/plugins/event_listener.py
[2023-08-24T15:51:13.965+0100] {processor.py:829} INFO - Processing file /home/samuel/dev/airflow_learning/venv/lib/python3.10/site-packages/airflow/example_dags/plugins/event_listener.py for tasks to queue
[2023-08-24T15:51:13.966+0100] {logging_mixin.py:151} INFO - [2023-08-24T15:51:13.966+0100] {dagbag.py:539} INFO - Filling up the DagBag from /home/samuel/dev/airflow_learning/venv/lib/python3.10/site-packages/airflow/example_dags/plugins/event_listener.py
[2023-08-24T15:51:13.969+0100] {processor.py:841} WARNING - No viable dags retrieved from /home/samuel/dev/airflow_learning/venv/lib/python3.10/site-packages/airflow/example_dags/plugins/event_listener.py
[2023-08-24T15:51:13.981+0100] {processor.py:179} INFO - Processing /home/samuel/dev/airflow_learning/venv/lib/python3.10/site-packages/airflow/example_dags/plugins/event_listener.py took 0.022 seconds
[2023-08-24T15:52:04.734+0100] {processor.py:157} INFO - Started process (PID=7348) to work on /home/samuel/dev/airflow_learning/venv/lib/python3.10/site-packages/airflow/example_dags/plugins/event_listener.py
[2023-08-24T15:52:04.737+0100] {processor.py:829} INFO - Processing file /home/samuel/dev/airflow_learning/venv/lib/python3.10/site-packages/airflow/example_dags/plugins/event_listener.py for tasks to queue
[2023-08-24T15:52:04.738+0100] {logging_mixin.py:151} INFO - [2023-08-24T15:52:04.737+0100] {dagbag.py:539} INFO - Filling up the DagBag from /home/samuel/dev/airflow_learning/venv/lib/python3.10/site-packages/airflow/example_dags/plugins/event_listener.py
[2023-08-24T15:52:04.740+0100] {processor.py:841} WARNING - No viable dags retrieved from /home/samuel/dev/airflow_learning/venv/lib/python3.10/site-packages/airflow/example_dags/plugins/event_listener.py
[2023-08-24T15:52:04.753+0100] {processor.py:179} INFO - Processing /home/samuel/dev/airflow_learning/venv/lib/python3.10/site-packages/airflow/example_dags/plugins/event_listener.py took 0.023 seconds
[2023-08-24T15:52:51.838+0100] {processor.py:157} INFO - Started process (PID=7395) to work on /home/samuel/dev/airflow_learning/venv/lib/python3.10/site-packages/airflow/example_dags/plugins/event_listener.py
[2023-08-24T15:52:51.841+0100] {processor.py:829} INFO - Processing file /home/samuel/dev/airflow_learning/venv/lib/python3.10/site-packages/airflow/example_dags/plugins/event_listener.py for tasks to queue
[2023-08-24T15:52:51.842+0100] {logging_mixin.py:151} INFO - [2023-08-24T15:52:51.842+0100] {dagbag.py:539} INFO - Filling up the DagBag from /home/samuel/dev/airflow_learning/venv/lib/python3.10/site-packages/airflow/example_dags/plugins/event_listener.py
[2023-08-24T15:52:51.845+0100] {processor.py:841} WARNING - No viable dags retrieved from /home/samuel/dev/airflow_learning/venv/lib/python3.10/site-packages/airflow/example_dags/plugins/event_listener.py
[2023-08-24T15:52:51.857+0100] {processor.py:179} INFO - Processing /home/samuel/dev/airflow_learning/venv/lib/python3.10/site-packages/airflow/example_dags/plugins/event_listener.py took 0.023 seconds
[2023-08-24T15:53:46.861+0100] {processor.py:157} INFO - Started process (PID=7514) to work on /home/samuel/dev/airflow_learning/venv/lib/python3.10/site-packages/airflow/example_dags/plugins/event_listener.py
[2023-08-24T15:53:46.909+0100] {processor.py:829} INFO - Processing file /home/samuel/dev/airflow_learning/venv/lib/python3.10/site-packages/airflow/example_dags/plugins/event_listener.py for tasks to queue
[2023-08-24T15:53:46.910+0100] {logging_mixin.py:151} INFO - [2023-08-24T15:53:46.909+0100] {dagbag.py:539} INFO - Filling up the DagBag from /home/samuel/dev/airflow_learning/venv/lib/python3.10/site-packages/airflow/example_dags/plugins/event_listener.py
[2023-08-24T15:53:46.913+0100] {processor.py:841} WARNING - No viable dags retrieved from /home/samuel/dev/airflow_learning/venv/lib/python3.10/site-packages/airflow/example_dags/plugins/event_listener.py
[2023-08-24T15:53:46.926+0100] {processor.py:179} INFO - Processing /home/samuel/dev/airflow_learning/venv/lib/python3.10/site-packages/airflow/example_dags/plugins/event_listener.py took 0.068 seconds
[2023-08-24T15:54:21.158+0100] {processor.py:157} INFO - Started process (PID=7569) to work on /home/samuel/dev/airflow_learning/venv/lib/python3.10/site-packages/airflow/example_dags/plugins/event_listener.py
[2023-08-24T15:54:21.164+0100] {processor.py:829} INFO - Processing file /home/samuel/dev/airflow_learning/venv/lib/python3.10/site-packages/airflow/example_dags/plugins/event_listener.py for tasks to queue
[2023-08-24T15:54:21.165+0100] {logging_mixin.py:151} INFO - [2023-08-24T15:54:21.165+0100] {dagbag.py:539} INFO - Filling up the DagBag from /home/samuel/dev/airflow_learning/venv/lib/python3.10/site-packages/airflow/example_dags/plugins/event_listener.py
[2023-08-24T15:54:21.167+0100] {processor.py:841} WARNING - No viable dags retrieved from /home/samuel/dev/airflow_learning/venv/lib/python3.10/site-packages/airflow/example_dags/plugins/event_listener.py
[2023-08-24T15:54:21.178+0100] {processor.py:179} INFO - Processing /home/samuel/dev/airflow_learning/venv/lib/python3.10/site-packages/airflow/example_dags/plugins/event_listener.py took 0.023 seconds
[2023-08-24T15:55:17.788+0100] {processor.py:157} INFO - Started process (PID=7625) to work on /home/samuel/dev/airflow_learning/venv/lib/python3.10/site-packages/airflow/example_dags/plugins/event_listener.py
[2023-08-24T15:55:17.826+0100] {processor.py:829} INFO - Processing file /home/samuel/dev/airflow_learning/venv/lib/python3.10/site-packages/airflow/example_dags/plugins/event_listener.py for tasks to queue
[2023-08-24T15:55:17.828+0100] {logging_mixin.py:151} INFO - [2023-08-24T15:55:17.827+0100] {dagbag.py:539} INFO - Filling up the DagBag from /home/samuel/dev/airflow_learning/venv/lib/python3.10/site-packages/airflow/example_dags/plugins/event_listener.py
[2023-08-24T15:55:17.832+0100] {processor.py:841} WARNING - No viable dags retrieved from /home/samuel/dev/airflow_learning/venv/lib/python3.10/site-packages/airflow/example_dags/plugins/event_listener.py
[2023-08-24T15:55:17.847+0100] {processor.py:179} INFO - Processing /home/samuel/dev/airflow_learning/venv/lib/python3.10/site-packages/airflow/example_dags/plugins/event_listener.py took 0.063 seconds
[2023-08-24T15:55:51.550+0100] {processor.py:157} INFO - Started process (PID=7654) to work on /home/samuel/dev/airflow_learning/venv/lib/python3.10/site-packages/airflow/example_dags/plugins/event_listener.py
[2023-08-24T15:55:51.551+0100] {processor.py:829} INFO - Processing file /home/samuel/dev/airflow_learning/venv/lib/python3.10/site-packages/airflow/example_dags/plugins/event_listener.py for tasks to queue
[2023-08-24T15:55:51.552+0100] {logging_mixin.py:151} INFO - [2023-08-24T15:55:51.552+0100] {dagbag.py:539} INFO - Filling up the DagBag from /home/samuel/dev/airflow_learning/venv/lib/python3.10/site-packages/airflow/example_dags/plugins/event_listener.py
[2023-08-24T15:55:51.555+0100] {processor.py:841} WARNING - No viable dags retrieved from /home/samuel/dev/airflow_learning/venv/lib/python3.10/site-packages/airflow/example_dags/plugins/event_listener.py
[2023-08-24T15:55:51.567+0100] {processor.py:179} INFO - Processing /home/samuel/dev/airflow_learning/venv/lib/python3.10/site-packages/airflow/example_dags/plugins/event_listener.py took 0.022 seconds
[2023-08-24T15:56:43.114+0100] {processor.py:157} INFO - Started process (PID=7844) to work on /home/samuel/dev/airflow_learning/venv/lib/python3.10/site-packages/airflow/example_dags/plugins/event_listener.py
[2023-08-24T15:56:43.188+0100] {processor.py:829} INFO - Processing file /home/samuel/dev/airflow_learning/venv/lib/python3.10/site-packages/airflow/example_dags/plugins/event_listener.py for tasks to queue
[2023-08-24T15:56:43.190+0100] {logging_mixin.py:151} INFO - [2023-08-24T15:56:43.189+0100] {dagbag.py:539} INFO - Filling up the DagBag from /home/samuel/dev/airflow_learning/venv/lib/python3.10/site-packages/airflow/example_dags/plugins/event_listener.py
[2023-08-24T15:56:43.193+0100] {processor.py:841} WARNING - No viable dags retrieved from /home/samuel/dev/airflow_learning/venv/lib/python3.10/site-packages/airflow/example_dags/plugins/event_listener.py
[2023-08-24T15:56:43.207+0100] {processor.py:179} INFO - Processing /home/samuel/dev/airflow_learning/venv/lib/python3.10/site-packages/airflow/example_dags/plugins/event_listener.py took 0.096 seconds
[2023-08-24T15:57:34.434+0100] {processor.py:157} INFO - Started process (PID=7893) to work on /home/samuel/dev/airflow_learning/venv/lib/python3.10/site-packages/airflow/example_dags/plugins/event_listener.py
[2023-08-24T15:57:34.435+0100] {processor.py:829} INFO - Processing file /home/samuel/dev/airflow_learning/venv/lib/python3.10/site-packages/airflow/example_dags/plugins/event_listener.py for tasks to queue
[2023-08-24T15:57:34.436+0100] {logging_mixin.py:151} INFO - [2023-08-24T15:57:34.436+0100] {dagbag.py:539} INFO - Filling up the DagBag from /home/samuel/dev/airflow_learning/venv/lib/python3.10/site-packages/airflow/example_dags/plugins/event_listener.py
[2023-08-24T15:57:34.439+0100] {processor.py:841} WARNING - No viable dags retrieved from /home/samuel/dev/airflow_learning/venv/lib/python3.10/site-packages/airflow/example_dags/plugins/event_listener.py
[2023-08-24T15:57:34.451+0100] {processor.py:179} INFO - Processing /home/samuel/dev/airflow_learning/venv/lib/python3.10/site-packages/airflow/example_dags/plugins/event_listener.py took 0.021 seconds
[2023-08-24T15:58:26.510+0100] {processor.py:157} INFO - Started process (PID=7952) to work on /home/samuel/dev/airflow_learning/venv/lib/python3.10/site-packages/airflow/example_dags/plugins/event_listener.py
[2023-08-24T15:58:26.531+0100] {processor.py:829} INFO - Processing file /home/samuel/dev/airflow_learning/venv/lib/python3.10/site-packages/airflow/example_dags/plugins/event_listener.py for tasks to queue
[2023-08-24T15:58:26.532+0100] {logging_mixin.py:151} INFO - [2023-08-24T15:58:26.531+0100] {dagbag.py:539} INFO - Filling up the DagBag from /home/samuel/dev/airflow_learning/venv/lib/python3.10/site-packages/airflow/example_dags/plugins/event_listener.py
[2023-08-24T15:58:26.535+0100] {processor.py:841} WARNING - No viable dags retrieved from /home/samuel/dev/airflow_learning/venv/lib/python3.10/site-packages/airflow/example_dags/plugins/event_listener.py
[2023-08-24T15:58:26.549+0100] {processor.py:179} INFO - Processing /home/samuel/dev/airflow_learning/venv/lib/python3.10/site-packages/airflow/example_dags/plugins/event_listener.py took 0.043 seconds
[2023-08-24T15:59:21.506+0100] {processor.py:157} INFO - Started process (PID=8037) to work on /home/samuel/dev/airflow_learning/venv/lib/python3.10/site-packages/airflow/example_dags/plugins/event_listener.py
[2023-08-24T15:59:21.518+0100] {processor.py:829} INFO - Processing file /home/samuel/dev/airflow_learning/venv/lib/python3.10/site-packages/airflow/example_dags/plugins/event_listener.py for tasks to queue
[2023-08-24T15:59:21.519+0100] {logging_mixin.py:151} INFO - [2023-08-24T15:59:21.519+0100] {dagbag.py:539} INFO - Filling up the DagBag from /home/samuel/dev/airflow_learning/venv/lib/python3.10/site-packages/airflow/example_dags/plugins/event_listener.py
[2023-08-24T15:59:21.521+0100] {processor.py:841} WARNING - No viable dags retrieved from /home/samuel/dev/airflow_learning/venv/lib/python3.10/site-packages/airflow/example_dags/plugins/event_listener.py
[2023-08-24T15:59:21.531+0100] {processor.py:179} INFO - Processing /home/samuel/dev/airflow_learning/venv/lib/python3.10/site-packages/airflow/example_dags/plugins/event_listener.py took 0.028 seconds
[2023-08-24T16:00:18.999+0100] {processor.py:157} INFO - Started process (PID=8262) to work on /home/samuel/dev/airflow_learning/venv/lib/python3.10/site-packages/airflow/example_dags/plugins/event_listener.py
[2023-08-24T16:00:19.046+0100] {processor.py:829} INFO - Processing file /home/samuel/dev/airflow_learning/venv/lib/python3.10/site-packages/airflow/example_dags/plugins/event_listener.py for tasks to queue
[2023-08-24T16:00:19.047+0100] {logging_mixin.py:151} INFO - [2023-08-24T16:00:19.046+0100] {dagbag.py:539} INFO - Filling up the DagBag from /home/samuel/dev/airflow_learning/venv/lib/python3.10/site-packages/airflow/example_dags/plugins/event_listener.py
[2023-08-24T16:00:19.049+0100] {processor.py:841} WARNING - No viable dags retrieved from /home/samuel/dev/airflow_learning/venv/lib/python3.10/site-packages/airflow/example_dags/plugins/event_listener.py
[2023-08-24T16:00:19.059+0100] {processor.py:179} INFO - Processing /home/samuel/dev/airflow_learning/venv/lib/python3.10/site-packages/airflow/example_dags/plugins/event_listener.py took 0.063 seconds
[2023-08-24T16:01:13.154+0100] {processor.py:157} INFO - Started process (PID=8352) to work on /home/samuel/dev/airflow_learning/venv/lib/python3.10/site-packages/airflow/example_dags/plugins/event_listener.py
[2023-08-24T16:01:13.161+0100] {processor.py:829} INFO - Processing file /home/samuel/dev/airflow_learning/venv/lib/python3.10/site-packages/airflow/example_dags/plugins/event_listener.py for tasks to queue
[2023-08-24T16:01:13.163+0100] {logging_mixin.py:151} INFO - [2023-08-24T16:01:13.162+0100] {dagbag.py:539} INFO - Filling up the DagBag from /home/samuel/dev/airflow_learning/venv/lib/python3.10/site-packages/airflow/example_dags/plugins/event_listener.py
[2023-08-24T16:01:13.165+0100] {processor.py:841} WARNING - No viable dags retrieved from /home/samuel/dev/airflow_learning/venv/lib/python3.10/site-packages/airflow/example_dags/plugins/event_listener.py
[2023-08-24T16:01:13.178+0100] {processor.py:179} INFO - Processing /home/samuel/dev/airflow_learning/venv/lib/python3.10/site-packages/airflow/example_dags/plugins/event_listener.py took 0.027 seconds
[2023-08-24T16:02:06.846+0100] {processor.py:157} INFO - Started process (PID=8439) to work on /home/samuel/dev/airflow_learning/venv/lib/python3.10/site-packages/airflow/example_dags/plugins/event_listener.py
[2023-08-24T16:02:06.855+0100] {processor.py:829} INFO - Processing file /home/samuel/dev/airflow_learning/venv/lib/python3.10/site-packages/airflow/example_dags/plugins/event_listener.py for tasks to queue
[2023-08-24T16:02:06.856+0100] {logging_mixin.py:151} INFO - [2023-08-24T16:02:06.856+0100] {dagbag.py:539} INFO - Filling up the DagBag from /home/samuel/dev/airflow_learning/venv/lib/python3.10/site-packages/airflow/example_dags/plugins/event_listener.py
[2023-08-24T16:02:06.859+0100] {processor.py:841} WARNING - No viable dags retrieved from /home/samuel/dev/airflow_learning/venv/lib/python3.10/site-packages/airflow/example_dags/plugins/event_listener.py
[2023-08-24T16:02:06.871+0100] {processor.py:179} INFO - Processing /home/samuel/dev/airflow_learning/venv/lib/python3.10/site-packages/airflow/example_dags/plugins/event_listener.py took 0.028 seconds
[2023-08-24T16:02:57.738+0100] {processor.py:157} INFO - Started process (PID=8495) to work on /home/samuel/dev/airflow_learning/venv/lib/python3.10/site-packages/airflow/example_dags/plugins/event_listener.py
[2023-08-24T16:02:57.756+0100] {processor.py:829} INFO - Processing file /home/samuel/dev/airflow_learning/venv/lib/python3.10/site-packages/airflow/example_dags/plugins/event_listener.py for tasks to queue
[2023-08-24T16:02:57.757+0100] {logging_mixin.py:151} INFO - [2023-08-24T16:02:57.757+0100] {dagbag.py:539} INFO - Filling up the DagBag from /home/samuel/dev/airflow_learning/venv/lib/python3.10/site-packages/airflow/example_dags/plugins/event_listener.py
[2023-08-24T16:02:57.759+0100] {processor.py:841} WARNING - No viable dags retrieved from /home/samuel/dev/airflow_learning/venv/lib/python3.10/site-packages/airflow/example_dags/plugins/event_listener.py
[2023-08-24T16:02:57.771+0100] {processor.py:179} INFO - Processing /home/samuel/dev/airflow_learning/venv/lib/python3.10/site-packages/airflow/example_dags/plugins/event_listener.py took 0.037 seconds
[2023-08-24T16:03:51.478+0100] {processor.py:157} INFO - Started process (PID=8572) to work on /home/samuel/dev/airflow_learning/venv/lib/python3.10/site-packages/airflow/example_dags/plugins/event_listener.py
[2023-08-24T16:03:51.481+0100] {processor.py:829} INFO - Processing file /home/samuel/dev/airflow_learning/venv/lib/python3.10/site-packages/airflow/example_dags/plugins/event_listener.py for tasks to queue
[2023-08-24T16:03:51.482+0100] {logging_mixin.py:151} INFO - [2023-08-24T16:03:51.481+0100] {dagbag.py:539} INFO - Filling up the DagBag from /home/samuel/dev/airflow_learning/venv/lib/python3.10/site-packages/airflow/example_dags/plugins/event_listener.py
[2023-08-24T16:03:51.484+0100] {processor.py:841} WARNING - No viable dags retrieved from /home/samuel/dev/airflow_learning/venv/lib/python3.10/site-packages/airflow/example_dags/plugins/event_listener.py
[2023-08-24T16:03:51.497+0100] {processor.py:179} INFO - Processing /home/samuel/dev/airflow_learning/venv/lib/python3.10/site-packages/airflow/example_dags/plugins/event_listener.py took 0.023 seconds
