[2023-08-24T15:21:52.730+0100] {processor.py:157} INFO - Started process (PID=5330) to work on /home/samuel/dev/airflow_learning/venv/lib/python3.10/site-packages/airflow/example_dags/plugins/listener_plugin.py
[2023-08-24T15:21:52.731+0100] {processor.py:829} INFO - Processing file /home/samuel/dev/airflow_learning/venv/lib/python3.10/site-packages/airflow/example_dags/plugins/listener_plugin.py for tasks to queue
[2023-08-24T15:21:52.733+0100] {logging_mixin.py:151} INFO - [2023-08-24T15:21:52.732+0100] {dagbag.py:539} INFO - Filling up the DagBag from /home/samuel/dev/airflow_learning/venv/lib/python3.10/site-packages/airflow/example_dags/plugins/listener_plugin.py
[2023-08-24T15:21:52.737+0100] {processor.py:841} WARNING - No viable dags retrieved from /home/samuel/dev/airflow_learning/venv/lib/python3.10/site-packages/airflow/example_dags/plugins/listener_plugin.py
[2023-08-24T15:21:52.752+0100] {processor.py:179} INFO - Processing /home/samuel/dev/airflow_learning/venv/lib/python3.10/site-packages/airflow/example_dags/plugins/listener_plugin.py took 0.024 seconds
[2023-08-24T15:23:20.718+0100] {processor.py:157} INFO - Started process (PID=5392) to work on /home/samuel/dev/airflow_learning/venv/lib/python3.10/site-packages/airflow/example_dags/plugins/listener_plugin.py
[2023-08-24T15:23:20.725+0100] {processor.py:829} INFO - Processing file /home/samuel/dev/airflow_learning/venv/lib/python3.10/site-packages/airflow/example_dags/plugins/listener_plugin.py for tasks to queue
[2023-08-24T15:23:20.726+0100] {logging_mixin.py:151} INFO - [2023-08-24T15:23:20.726+0100] {dagbag.py:539} INFO - Filling up the DagBag from /home/samuel/dev/airflow_learning/venv/lib/python3.10/site-packages/airflow/example_dags/plugins/listener_plugin.py
[2023-08-24T15:23:20.729+0100] {processor.py:841} WARNING - No viable dags retrieved from /home/samuel/dev/airflow_learning/venv/lib/python3.10/site-packages/airflow/example_dags/plugins/listener_plugin.py
[2023-08-24T15:23:20.742+0100] {processor.py:179} INFO - Processing /home/samuel/dev/airflow_learning/venv/lib/python3.10/site-packages/airflow/example_dags/plugins/listener_plugin.py took 0.028 seconds
[2023-08-24T15:23:58.238+0100] {processor.py:157} INFO - Started process (PID=5435) to work on /home/samuel/dev/airflow_learning/venv/lib/python3.10/site-packages/airflow/example_dags/plugins/listener_plugin.py
[2023-08-24T15:23:58.272+0100] {processor.py:829} INFO - Processing file /home/samuel/dev/airflow_learning/venv/lib/python3.10/site-packages/airflow/example_dags/plugins/listener_plugin.py for tasks to queue
[2023-08-24T15:23:58.274+0100] {logging_mixin.py:151} INFO - [2023-08-24T15:23:58.273+0100] {dagbag.py:539} INFO - Filling up the DagBag from /home/samuel/dev/airflow_learning/venv/lib/python3.10/site-packages/airflow/example_dags/plugins/listener_plugin.py
[2023-08-24T15:23:58.277+0100] {processor.py:841} WARNING - No viable dags retrieved from /home/samuel/dev/airflow_learning/venv/lib/python3.10/site-packages/airflow/example_dags/plugins/listener_plugin.py
[2023-08-24T15:23:58.291+0100] {processor.py:179} INFO - Processing /home/samuel/dev/airflow_learning/venv/lib/python3.10/site-packages/airflow/example_dags/plugins/listener_plugin.py took 0.057 seconds
[2023-08-24T15:24:50.114+0100] {processor.py:157} INFO - Started process (PID=5490) to work on /home/samuel/dev/airflow_learning/venv/lib/python3.10/site-packages/airflow/example_dags/plugins/listener_plugin.py
[2023-08-24T15:24:50.116+0100] {processor.py:829} INFO - Processing file /home/samuel/dev/airflow_learning/venv/lib/python3.10/site-packages/airflow/example_dags/plugins/listener_plugin.py for tasks to queue
[2023-08-24T15:24:50.117+0100] {logging_mixin.py:151} INFO - [2023-08-24T15:24:50.116+0100] {dagbag.py:539} INFO - Filling up the DagBag from /home/samuel/dev/airflow_learning/venv/lib/python3.10/site-packages/airflow/example_dags/plugins/listener_plugin.py
[2023-08-24T15:24:50.120+0100] {processor.py:841} WARNING - No viable dags retrieved from /home/samuel/dev/airflow_learning/venv/lib/python3.10/site-packages/airflow/example_dags/plugins/listener_plugin.py
[2023-08-24T15:24:50.133+0100] {processor.py:179} INFO - Processing /home/samuel/dev/airflow_learning/venv/lib/python3.10/site-packages/airflow/example_dags/plugins/listener_plugin.py took 0.022 seconds
[2023-08-24T15:25:40.324+0100] {processor.py:157} INFO - Started process (PID=5539) to work on /home/samuel/dev/airflow_learning/venv/lib/python3.10/site-packages/airflow/example_dags/plugins/listener_plugin.py
[2023-08-24T15:25:40.327+0100] {processor.py:829} INFO - Processing file /home/samuel/dev/airflow_learning/venv/lib/python3.10/site-packages/airflow/example_dags/plugins/listener_plugin.py for tasks to queue
[2023-08-24T15:25:40.328+0100] {logging_mixin.py:151} INFO - [2023-08-24T15:25:40.327+0100] {dagbag.py:539} INFO - Filling up the DagBag from /home/samuel/dev/airflow_learning/venv/lib/python3.10/site-packages/airflow/example_dags/plugins/listener_plugin.py
[2023-08-24T15:25:40.331+0100] {processor.py:841} WARNING - No viable dags retrieved from /home/samuel/dev/airflow_learning/venv/lib/python3.10/site-packages/airflow/example_dags/plugins/listener_plugin.py
[2023-08-24T15:25:40.342+0100] {processor.py:179} INFO - Processing /home/samuel/dev/airflow_learning/venv/lib/python3.10/site-packages/airflow/example_dags/plugins/listener_plugin.py took 0.022 seconds
[2023-08-24T15:26:36.706+0100] {processor.py:157} INFO - Started process (PID=5590) to work on /home/samuel/dev/airflow_learning/venv/lib/python3.10/site-packages/airflow/example_dags/plugins/listener_plugin.py
[2023-08-24T15:26:36.709+0100] {processor.py:829} INFO - Processing file /home/samuel/dev/airflow_learning/venv/lib/python3.10/site-packages/airflow/example_dags/plugins/listener_plugin.py for tasks to queue
[2023-08-24T15:26:36.710+0100] {logging_mixin.py:151} INFO - [2023-08-24T15:26:36.709+0100] {dagbag.py:539} INFO - Filling up the DagBag from /home/samuel/dev/airflow_learning/venv/lib/python3.10/site-packages/airflow/example_dags/plugins/listener_plugin.py
[2023-08-24T15:26:36.713+0100] {processor.py:841} WARNING - No viable dags retrieved from /home/samuel/dev/airflow_learning/venv/lib/python3.10/site-packages/airflow/example_dags/plugins/listener_plugin.py
[2023-08-24T15:26:36.723+0100] {processor.py:179} INFO - Processing /home/samuel/dev/airflow_learning/venv/lib/python3.10/site-packages/airflow/example_dags/plugins/listener_plugin.py took 0.021 seconds
[2023-08-24T15:27:28.444+0100] {processor.py:157} INFO - Started process (PID=5641) to work on /home/samuel/dev/airflow_learning/venv/lib/python3.10/site-packages/airflow/example_dags/plugins/listener_plugin.py
[2023-08-24T15:27:28.470+0100] {processor.py:829} INFO - Processing file /home/samuel/dev/airflow_learning/venv/lib/python3.10/site-packages/airflow/example_dags/plugins/listener_plugin.py for tasks to queue
[2023-08-24T15:27:28.471+0100] {logging_mixin.py:151} INFO - [2023-08-24T15:27:28.471+0100] {dagbag.py:539} INFO - Filling up the DagBag from /home/samuel/dev/airflow_learning/venv/lib/python3.10/site-packages/airflow/example_dags/plugins/listener_plugin.py
[2023-08-24T15:27:28.475+0100] {processor.py:841} WARNING - No viable dags retrieved from /home/samuel/dev/airflow_learning/venv/lib/python3.10/site-packages/airflow/example_dags/plugins/listener_plugin.py
[2023-08-24T15:27:28.488+0100] {processor.py:179} INFO - Processing /home/samuel/dev/airflow_learning/venv/lib/python3.10/site-packages/airflow/example_dags/plugins/listener_plugin.py took 0.047 seconds
[2023-08-24T15:28:24.885+0100] {processor.py:157} INFO - Started process (PID=5703) to work on /home/samuel/dev/airflow_learning/venv/lib/python3.10/site-packages/airflow/example_dags/plugins/listener_plugin.py
[2023-08-24T15:28:24.897+0100] {processor.py:829} INFO - Processing file /home/samuel/dev/airflow_learning/venv/lib/python3.10/site-packages/airflow/example_dags/plugins/listener_plugin.py for tasks to queue
[2023-08-24T15:28:24.898+0100] {logging_mixin.py:151} INFO - [2023-08-24T15:28:24.897+0100] {dagbag.py:539} INFO - Filling up the DagBag from /home/samuel/dev/airflow_learning/venv/lib/python3.10/site-packages/airflow/example_dags/plugins/listener_plugin.py
[2023-08-24T15:28:24.900+0100] {processor.py:841} WARNING - No viable dags retrieved from /home/samuel/dev/airflow_learning/venv/lib/python3.10/site-packages/airflow/example_dags/plugins/listener_plugin.py
[2023-08-24T15:28:24.910+0100] {processor.py:179} INFO - Processing /home/samuel/dev/airflow_learning/venv/lib/python3.10/site-packages/airflow/example_dags/plugins/listener_plugin.py took 0.029 seconds
[2023-08-24T15:29:18.971+0100] {processor.py:157} INFO - Started process (PID=5768) to work on /home/samuel/dev/airflow_learning/venv/lib/python3.10/site-packages/airflow/example_dags/plugins/listener_plugin.py
[2023-08-24T15:29:18.975+0100] {processor.py:829} INFO - Processing file /home/samuel/dev/airflow_learning/venv/lib/python3.10/site-packages/airflow/example_dags/plugins/listener_plugin.py for tasks to queue
[2023-08-24T15:29:18.977+0100] {logging_mixin.py:151} INFO - [2023-08-24T15:29:18.976+0100] {dagbag.py:539} INFO - Filling up the DagBag from /home/samuel/dev/airflow_learning/venv/lib/python3.10/site-packages/airflow/example_dags/plugins/listener_plugin.py
[2023-08-24T15:29:18.982+0100] {processor.py:841} WARNING - No viable dags retrieved from /home/samuel/dev/airflow_learning/venv/lib/python3.10/site-packages/airflow/example_dags/plugins/listener_plugin.py
[2023-08-24T15:29:18.999+0100] {processor.py:179} INFO - Processing /home/samuel/dev/airflow_learning/venv/lib/python3.10/site-packages/airflow/example_dags/plugins/listener_plugin.py took 0.033 seconds
[2023-08-24T15:30:46.415+0100] {processor.py:157} INFO - Started process (PID=5945) to work on /home/samuel/dev/airflow_learning/venv/lib/python3.10/site-packages/airflow/example_dags/plugins/listener_plugin.py
[2023-08-24T15:30:46.416+0100] {processor.py:829} INFO - Processing file /home/samuel/dev/airflow_learning/venv/lib/python3.10/site-packages/airflow/example_dags/plugins/listener_plugin.py for tasks to queue
[2023-08-24T15:30:46.417+0100] {logging_mixin.py:151} INFO - [2023-08-24T15:30:46.417+0100] {dagbag.py:539} INFO - Filling up the DagBag from /home/samuel/dev/airflow_learning/venv/lib/python3.10/site-packages/airflow/example_dags/plugins/listener_plugin.py
[2023-08-24T15:30:46.421+0100] {processor.py:841} WARNING - No viable dags retrieved from /home/samuel/dev/airflow_learning/venv/lib/python3.10/site-packages/airflow/example_dags/plugins/listener_plugin.py
[2023-08-24T15:30:46.433+0100] {processor.py:179} INFO - Processing /home/samuel/dev/airflow_learning/venv/lib/python3.10/site-packages/airflow/example_dags/plugins/listener_plugin.py took 0.022 seconds
[2023-08-24T15:31:39.772+0100] {processor.py:157} INFO - Started process (PID=6043) to work on /home/samuel/dev/airflow_learning/venv/lib/python3.10/site-packages/airflow/example_dags/plugins/listener_plugin.py
[2023-08-24T15:31:39.783+0100] {processor.py:829} INFO - Processing file /home/samuel/dev/airflow_learning/venv/lib/python3.10/site-packages/airflow/example_dags/plugins/listener_plugin.py for tasks to queue
[2023-08-24T15:31:39.784+0100] {logging_mixin.py:151} INFO - [2023-08-24T15:31:39.784+0100] {dagbag.py:539} INFO - Filling up the DagBag from /home/samuel/dev/airflow_learning/venv/lib/python3.10/site-packages/airflow/example_dags/plugins/listener_plugin.py
[2023-08-24T15:31:39.787+0100] {processor.py:841} WARNING - No viable dags retrieved from /home/samuel/dev/airflow_learning/venv/lib/python3.10/site-packages/airflow/example_dags/plugins/listener_plugin.py
[2023-08-24T15:31:39.797+0100] {processor.py:179} INFO - Processing /home/samuel/dev/airflow_learning/venv/lib/python3.10/site-packages/airflow/example_dags/plugins/listener_plugin.py took 0.028 seconds
[2023-08-24T15:32:11.897+0100] {processor.py:157} INFO - Started process (PID=6078) to work on /home/samuel/dev/airflow_learning/venv/lib/python3.10/site-packages/airflow/example_dags/plugins/listener_plugin.py
[2023-08-24T15:32:11.935+0100] {processor.py:829} INFO - Processing file /home/samuel/dev/airflow_learning/venv/lib/python3.10/site-packages/airflow/example_dags/plugins/listener_plugin.py for tasks to queue
[2023-08-24T15:32:11.937+0100] {logging_mixin.py:151} INFO - [2023-08-24T15:32:11.936+0100] {dagbag.py:539} INFO - Filling up the DagBag from /home/samuel/dev/airflow_learning/venv/lib/python3.10/site-packages/airflow/example_dags/plugins/listener_plugin.py
[2023-08-24T15:32:11.940+0100] {processor.py:841} WARNING - No viable dags retrieved from /home/samuel/dev/airflow_learning/venv/lib/python3.10/site-packages/airflow/example_dags/plugins/listener_plugin.py
[2023-08-24T15:32:11.953+0100] {processor.py:179} INFO - Processing /home/samuel/dev/airflow_learning/venv/lib/python3.10/site-packages/airflow/example_dags/plugins/listener_plugin.py took 0.060 seconds
[2023-08-24T15:33:02.377+0100] {processor.py:157} INFO - Started process (PID=6137) to work on /home/samuel/dev/airflow_learning/venv/lib/python3.10/site-packages/airflow/example_dags/plugins/listener_plugin.py
[2023-08-24T15:33:02.422+0100] {processor.py:829} INFO - Processing file /home/samuel/dev/airflow_learning/venv/lib/python3.10/site-packages/airflow/example_dags/plugins/listener_plugin.py for tasks to queue
[2023-08-24T15:33:02.423+0100] {logging_mixin.py:151} INFO - [2023-08-24T15:33:02.423+0100] {dagbag.py:539} INFO - Filling up the DagBag from /home/samuel/dev/airflow_learning/venv/lib/python3.10/site-packages/airflow/example_dags/plugins/listener_plugin.py
[2023-08-24T15:33:02.426+0100] {processor.py:841} WARNING - No viable dags retrieved from /home/samuel/dev/airflow_learning/venv/lib/python3.10/site-packages/airflow/example_dags/plugins/listener_plugin.py
[2023-08-24T15:33:02.440+0100] {processor.py:179} INFO - Processing /home/samuel/dev/airflow_learning/venv/lib/python3.10/site-packages/airflow/example_dags/plugins/listener_plugin.py took 0.067 seconds
[2023-08-24T15:33:56.974+0100] {processor.py:157} INFO - Started process (PID=6195) to work on /home/samuel/dev/airflow_learning/venv/lib/python3.10/site-packages/airflow/example_dags/plugins/listener_plugin.py
[2023-08-24T15:33:56.977+0100] {processor.py:829} INFO - Processing file /home/samuel/dev/airflow_learning/venv/lib/python3.10/site-packages/airflow/example_dags/plugins/listener_plugin.py for tasks to queue
[2023-08-24T15:33:56.978+0100] {logging_mixin.py:151} INFO - [2023-08-24T15:33:56.978+0100] {dagbag.py:539} INFO - Filling up the DagBag from /home/samuel/dev/airflow_learning/venv/lib/python3.10/site-packages/airflow/example_dags/plugins/listener_plugin.py
[2023-08-24T15:33:56.982+0100] {processor.py:841} WARNING - No viable dags retrieved from /home/samuel/dev/airflow_learning/venv/lib/python3.10/site-packages/airflow/example_dags/plugins/listener_plugin.py
[2023-08-24T15:33:56.999+0100] {processor.py:179} INFO - Processing /home/samuel/dev/airflow_learning/venv/lib/python3.10/site-packages/airflow/example_dags/plugins/listener_plugin.py took 0.028 seconds
[2023-08-24T15:34:32.284+0100] {processor.py:157} INFO - Started process (PID=6224) to work on /home/samuel/dev/airflow_learning/venv/lib/python3.10/site-packages/airflow/example_dags/plugins/listener_plugin.py
[2023-08-24T15:34:32.324+0100] {processor.py:829} INFO - Processing file /home/samuel/dev/airflow_learning/venv/lib/python3.10/site-packages/airflow/example_dags/plugins/listener_plugin.py for tasks to queue
[2023-08-24T15:34:32.325+0100] {logging_mixin.py:151} INFO - [2023-08-24T15:34:32.324+0100] {dagbag.py:539} INFO - Filling up the DagBag from /home/samuel/dev/airflow_learning/venv/lib/python3.10/site-packages/airflow/example_dags/plugins/listener_plugin.py
[2023-08-24T15:34:32.328+0100] {processor.py:841} WARNING - No viable dags retrieved from /home/samuel/dev/airflow_learning/venv/lib/python3.10/site-packages/airflow/example_dags/plugins/listener_plugin.py
[2023-08-24T15:34:32.341+0100] {processor.py:179} INFO - Processing /home/samuel/dev/airflow_learning/venv/lib/python3.10/site-packages/airflow/example_dags/plugins/listener_plugin.py took 0.060 seconds
[2023-08-24T15:35:05.368+0100] {processor.py:157} INFO - Started process (PID=6256) to work on /home/samuel/dev/airflow_learning/venv/lib/python3.10/site-packages/airflow/example_dags/plugins/listener_plugin.py
[2023-08-24T15:35:05.382+0100] {processor.py:829} INFO - Processing file /home/samuel/dev/airflow_learning/venv/lib/python3.10/site-packages/airflow/example_dags/plugins/listener_plugin.py for tasks to queue
[2023-08-24T15:35:05.383+0100] {logging_mixin.py:151} INFO - [2023-08-24T15:35:05.383+0100] {dagbag.py:539} INFO - Filling up the DagBag from /home/samuel/dev/airflow_learning/venv/lib/python3.10/site-packages/airflow/example_dags/plugins/listener_plugin.py
[2023-08-24T15:35:05.386+0100] {processor.py:841} WARNING - No viable dags retrieved from /home/samuel/dev/airflow_learning/venv/lib/python3.10/site-packages/airflow/example_dags/plugins/listener_plugin.py
[2023-08-24T15:35:05.398+0100] {processor.py:179} INFO - Processing /home/samuel/dev/airflow_learning/venv/lib/python3.10/site-packages/airflow/example_dags/plugins/listener_plugin.py took 0.034 seconds
[2023-08-24T15:36:04.459+0100] {processor.py:157} INFO - Started process (PID=6327) to work on /home/samuel/dev/airflow_learning/venv/lib/python3.10/site-packages/airflow/example_dags/plugins/listener_plugin.py
[2023-08-24T15:36:04.482+0100] {processor.py:829} INFO - Processing file /home/samuel/dev/airflow_learning/venv/lib/python3.10/site-packages/airflow/example_dags/plugins/listener_plugin.py for tasks to queue
[2023-08-24T15:36:04.483+0100] {logging_mixin.py:151} INFO - [2023-08-24T15:36:04.483+0100] {dagbag.py:539} INFO - Filling up the DagBag from /home/samuel/dev/airflow_learning/venv/lib/python3.10/site-packages/airflow/example_dags/plugins/listener_plugin.py
[2023-08-24T15:36:04.486+0100] {processor.py:841} WARNING - No viable dags retrieved from /home/samuel/dev/airflow_learning/venv/lib/python3.10/site-packages/airflow/example_dags/plugins/listener_plugin.py
[2023-08-24T15:36:04.498+0100] {processor.py:179} INFO - Processing /home/samuel/dev/airflow_learning/venv/lib/python3.10/site-packages/airflow/example_dags/plugins/listener_plugin.py took 0.043 seconds
[2023-08-24T15:37:01.002+0100] {processor.py:157} INFO - Started process (PID=6381) to work on /home/samuel/dev/airflow_learning/venv/lib/python3.10/site-packages/airflow/example_dags/plugins/listener_plugin.py
[2023-08-24T15:37:01.029+0100] {processor.py:829} INFO - Processing file /home/samuel/dev/airflow_learning/venv/lib/python3.10/site-packages/airflow/example_dags/plugins/listener_plugin.py for tasks to queue
[2023-08-24T15:37:01.031+0100] {logging_mixin.py:151} INFO - [2023-08-24T15:37:01.030+0100] {dagbag.py:539} INFO - Filling up the DagBag from /home/samuel/dev/airflow_learning/venv/lib/python3.10/site-packages/airflow/example_dags/plugins/listener_plugin.py
[2023-08-24T15:37:01.034+0100] {processor.py:841} WARNING - No viable dags retrieved from /home/samuel/dev/airflow_learning/venv/lib/python3.10/site-packages/airflow/example_dags/plugins/listener_plugin.py
[2023-08-24T15:37:01.048+0100] {processor.py:179} INFO - Processing /home/samuel/dev/airflow_learning/venv/lib/python3.10/site-packages/airflow/example_dags/plugins/listener_plugin.py took 0.049 seconds
[2023-08-24T15:37:40.253+0100] {processor.py:157} INFO - Started process (PID=6412) to work on /home/samuel/dev/airflow_learning/venv/lib/python3.10/site-packages/airflow/example_dags/plugins/listener_plugin.py
[2023-08-24T15:37:40.281+0100] {processor.py:829} INFO - Processing file /home/samuel/dev/airflow_learning/venv/lib/python3.10/site-packages/airflow/example_dags/plugins/listener_plugin.py for tasks to queue
[2023-08-24T15:37:40.282+0100] {logging_mixin.py:151} INFO - [2023-08-24T15:37:40.282+0100] {dagbag.py:539} INFO - Filling up the DagBag from /home/samuel/dev/airflow_learning/venv/lib/python3.10/site-packages/airflow/example_dags/plugins/listener_plugin.py
[2023-08-24T15:37:40.285+0100] {processor.py:841} WARNING - No viable dags retrieved from /home/samuel/dev/airflow_learning/venv/lib/python3.10/site-packages/airflow/example_dags/plugins/listener_plugin.py
[2023-08-24T15:37:40.298+0100] {processor.py:179} INFO - Processing /home/samuel/dev/airflow_learning/venv/lib/python3.10/site-packages/airflow/example_dags/plugins/listener_plugin.py took 0.049 seconds
[2023-08-24T15:38:17.028+0100] {processor.py:157} INFO - Started process (PID=6449) to work on /home/samuel/dev/airflow_learning/venv/lib/python3.10/site-packages/airflow/example_dags/plugins/listener_plugin.py
[2023-08-24T15:38:17.051+0100] {processor.py:829} INFO - Processing file /home/samuel/dev/airflow_learning/venv/lib/python3.10/site-packages/airflow/example_dags/plugins/listener_plugin.py for tasks to queue
[2023-08-24T15:38:17.052+0100] {logging_mixin.py:151} INFO - [2023-08-24T15:38:17.051+0100] {dagbag.py:539} INFO - Filling up the DagBag from /home/samuel/dev/airflow_learning/venv/lib/python3.10/site-packages/airflow/example_dags/plugins/listener_plugin.py
[2023-08-24T15:38:17.055+0100] {processor.py:841} WARNING - No viable dags retrieved from /home/samuel/dev/airflow_learning/venv/lib/python3.10/site-packages/airflow/example_dags/plugins/listener_plugin.py
[2023-08-24T15:38:17.069+0100] {processor.py:179} INFO - Processing /home/samuel/dev/airflow_learning/venv/lib/python3.10/site-packages/airflow/example_dags/plugins/listener_plugin.py took 0.044 seconds
[2023-08-24T15:39:12.374+0100] {processor.py:157} INFO - Started process (PID=6500) to work on /home/samuel/dev/airflow_learning/venv/lib/python3.10/site-packages/airflow/example_dags/plugins/listener_plugin.py
[2023-08-24T15:39:12.377+0100] {processor.py:829} INFO - Processing file /home/samuel/dev/airflow_learning/venv/lib/python3.10/site-packages/airflow/example_dags/plugins/listener_plugin.py for tasks to queue
[2023-08-24T15:39:12.378+0100] {logging_mixin.py:151} INFO - [2023-08-24T15:39:12.377+0100] {dagbag.py:539} INFO - Filling up the DagBag from /home/samuel/dev/airflow_learning/venv/lib/python3.10/site-packages/airflow/example_dags/plugins/listener_plugin.py
[2023-08-24T15:39:12.381+0100] {processor.py:841} WARNING - No viable dags retrieved from /home/samuel/dev/airflow_learning/venv/lib/python3.10/site-packages/airflow/example_dags/plugins/listener_plugin.py
[2023-08-24T15:39:12.393+0100] {processor.py:179} INFO - Processing /home/samuel/dev/airflow_learning/venv/lib/python3.10/site-packages/airflow/example_dags/plugins/listener_plugin.py took 0.022 seconds
[2023-08-24T15:40:11.244+0100] {processor.py:157} INFO - Started process (PID=6575) to work on /home/samuel/dev/airflow_learning/venv/lib/python3.10/site-packages/airflow/example_dags/plugins/listener_plugin.py
[2023-08-24T15:40:11.271+0100] {processor.py:829} INFO - Processing file /home/samuel/dev/airflow_learning/venv/lib/python3.10/site-packages/airflow/example_dags/plugins/listener_plugin.py for tasks to queue
[2023-08-24T15:40:11.273+0100] {logging_mixin.py:151} INFO - [2023-08-24T15:40:11.272+0100] {dagbag.py:539} INFO - Filling up the DagBag from /home/samuel/dev/airflow_learning/venv/lib/python3.10/site-packages/airflow/example_dags/plugins/listener_plugin.py
[2023-08-24T15:40:11.276+0100] {processor.py:841} WARNING - No viable dags retrieved from /home/samuel/dev/airflow_learning/venv/lib/python3.10/site-packages/airflow/example_dags/plugins/listener_plugin.py
[2023-08-24T15:40:11.288+0100] {processor.py:179} INFO - Processing /home/samuel/dev/airflow_learning/venv/lib/python3.10/site-packages/airflow/example_dags/plugins/listener_plugin.py took 0.048 seconds
[2023-08-24T15:40:46.610+0100] {processor.py:157} INFO - Started process (PID=6611) to work on /home/samuel/dev/airflow_learning/venv/lib/python3.10/site-packages/airflow/example_dags/plugins/listener_plugin.py
[2023-08-24T15:40:46.641+0100] {processor.py:829} INFO - Processing file /home/samuel/dev/airflow_learning/venv/lib/python3.10/site-packages/airflow/example_dags/plugins/listener_plugin.py for tasks to queue
[2023-08-24T15:40:46.642+0100] {logging_mixin.py:151} INFO - [2023-08-24T15:40:46.642+0100] {dagbag.py:539} INFO - Filling up the DagBag from /home/samuel/dev/airflow_learning/venv/lib/python3.10/site-packages/airflow/example_dags/plugins/listener_plugin.py
[2023-08-24T15:40:46.645+0100] {processor.py:841} WARNING - No viable dags retrieved from /home/samuel/dev/airflow_learning/venv/lib/python3.10/site-packages/airflow/example_dags/plugins/listener_plugin.py
[2023-08-24T15:40:46.659+0100] {processor.py:179} INFO - Processing /home/samuel/dev/airflow_learning/venv/lib/python3.10/site-packages/airflow/example_dags/plugins/listener_plugin.py took 0.052 seconds
[2023-08-24T15:41:38.503+0100] {processor.py:157} INFO - Started process (PID=6661) to work on /home/samuel/dev/airflow_learning/venv/lib/python3.10/site-packages/airflow/example_dags/plugins/listener_plugin.py
[2023-08-24T15:41:38.506+0100] {processor.py:829} INFO - Processing file /home/samuel/dev/airflow_learning/venv/lib/python3.10/site-packages/airflow/example_dags/plugins/listener_plugin.py for tasks to queue
[2023-08-24T15:41:38.507+0100] {logging_mixin.py:151} INFO - [2023-08-24T15:41:38.506+0100] {dagbag.py:539} INFO - Filling up the DagBag from /home/samuel/dev/airflow_learning/venv/lib/python3.10/site-packages/airflow/example_dags/plugins/listener_plugin.py
[2023-08-24T15:41:38.510+0100] {processor.py:841} WARNING - No viable dags retrieved from /home/samuel/dev/airflow_learning/venv/lib/python3.10/site-packages/airflow/example_dags/plugins/listener_plugin.py
[2023-08-24T15:41:38.523+0100] {processor.py:179} INFO - Processing /home/samuel/dev/airflow_learning/venv/lib/python3.10/site-packages/airflow/example_dags/plugins/listener_plugin.py took 0.024 seconds
[2023-08-24T15:42:28.970+0100] {processor.py:157} INFO - Started process (PID=6770) to work on /home/samuel/dev/airflow_learning/venv/lib/python3.10/site-packages/airflow/example_dags/plugins/listener_plugin.py
[2023-08-24T15:42:28.975+0100] {processor.py:829} INFO - Processing file /home/samuel/dev/airflow_learning/venv/lib/python3.10/site-packages/airflow/example_dags/plugins/listener_plugin.py for tasks to queue
[2023-08-24T15:42:28.977+0100] {logging_mixin.py:151} INFO - [2023-08-24T15:42:28.976+0100] {dagbag.py:539} INFO - Filling up the DagBag from /home/samuel/dev/airflow_learning/venv/lib/python3.10/site-packages/airflow/example_dags/plugins/listener_plugin.py
[2023-08-24T15:42:28.981+0100] {processor.py:841} WARNING - No viable dags retrieved from /home/samuel/dev/airflow_learning/venv/lib/python3.10/site-packages/airflow/example_dags/plugins/listener_plugin.py
[2023-08-24T15:42:28.995+0100] {processor.py:179} INFO - Processing /home/samuel/dev/airflow_learning/venv/lib/python3.10/site-packages/airflow/example_dags/plugins/listener_plugin.py took 0.028 seconds
[2023-08-24T15:43:23.658+0100] {processor.py:157} INFO - Started process (PID=6824) to work on /home/samuel/dev/airflow_learning/venv/lib/python3.10/site-packages/airflow/example_dags/plugins/listener_plugin.py
[2023-08-24T15:43:23.685+0100] {processor.py:829} INFO - Processing file /home/samuel/dev/airflow_learning/venv/lib/python3.10/site-packages/airflow/example_dags/plugins/listener_plugin.py for tasks to queue
[2023-08-24T15:43:23.686+0100] {logging_mixin.py:151} INFO - [2023-08-24T15:43:23.686+0100] {dagbag.py:539} INFO - Filling up the DagBag from /home/samuel/dev/airflow_learning/venv/lib/python3.10/site-packages/airflow/example_dags/plugins/listener_plugin.py
[2023-08-24T15:43:23.689+0100] {processor.py:841} WARNING - No viable dags retrieved from /home/samuel/dev/airflow_learning/venv/lib/python3.10/site-packages/airflow/example_dags/plugins/listener_plugin.py
[2023-08-24T15:43:23.702+0100] {processor.py:179} INFO - Processing /home/samuel/dev/airflow_learning/venv/lib/python3.10/site-packages/airflow/example_dags/plugins/listener_plugin.py took 0.048 seconds
[2023-08-24T15:44:15.952+0100] {processor.py:157} INFO - Started process (PID=6874) to work on /home/samuel/dev/airflow_learning/venv/lib/python3.10/site-packages/airflow/example_dags/plugins/listener_plugin.py
[2023-08-24T15:44:15.959+0100] {processor.py:829} INFO - Processing file /home/samuel/dev/airflow_learning/venv/lib/python3.10/site-packages/airflow/example_dags/plugins/listener_plugin.py for tasks to queue
[2023-08-24T15:44:15.960+0100] {logging_mixin.py:151} INFO - [2023-08-24T15:44:15.960+0100] {dagbag.py:539} INFO - Filling up the DagBag from /home/samuel/dev/airflow_learning/venv/lib/python3.10/site-packages/airflow/example_dags/plugins/listener_plugin.py
[2023-08-24T15:44:15.963+0100] {processor.py:841} WARNING - No viable dags retrieved from /home/samuel/dev/airflow_learning/venv/lib/python3.10/site-packages/airflow/example_dags/plugins/listener_plugin.py
[2023-08-24T15:44:15.973+0100] {processor.py:179} INFO - Processing /home/samuel/dev/airflow_learning/venv/lib/python3.10/site-packages/airflow/example_dags/plugins/listener_plugin.py took 0.024 seconds
[2023-08-24T15:45:07.546+0100] {processor.py:157} INFO - Started process (PID=6924) to work on /home/samuel/dev/airflow_learning/venv/lib/python3.10/site-packages/airflow/example_dags/plugins/listener_plugin.py
[2023-08-24T15:45:07.548+0100] {processor.py:829} INFO - Processing file /home/samuel/dev/airflow_learning/venv/lib/python3.10/site-packages/airflow/example_dags/plugins/listener_plugin.py for tasks to queue
[2023-08-24T15:45:07.549+0100] {logging_mixin.py:151} INFO - [2023-08-24T15:45:07.548+0100] {dagbag.py:539} INFO - Filling up the DagBag from /home/samuel/dev/airflow_learning/venv/lib/python3.10/site-packages/airflow/example_dags/plugins/listener_plugin.py
[2023-08-24T15:45:07.552+0100] {processor.py:841} WARNING - No viable dags retrieved from /home/samuel/dev/airflow_learning/venv/lib/python3.10/site-packages/airflow/example_dags/plugins/listener_plugin.py
[2023-08-24T15:45:07.564+0100] {processor.py:179} INFO - Processing /home/samuel/dev/airflow_learning/venv/lib/python3.10/site-packages/airflow/example_dags/plugins/listener_plugin.py took 0.022 seconds
[2023-08-24T15:45:57.911+0100] {processor.py:157} INFO - Started process (PID=6972) to work on /home/samuel/dev/airflow_learning/venv/lib/python3.10/site-packages/airflow/example_dags/plugins/listener_plugin.py
[2023-08-24T15:45:57.914+0100] {processor.py:829} INFO - Processing file /home/samuel/dev/airflow_learning/venv/lib/python3.10/site-packages/airflow/example_dags/plugins/listener_plugin.py for tasks to queue
[2023-08-24T15:45:57.915+0100] {logging_mixin.py:151} INFO - [2023-08-24T15:45:57.914+0100] {dagbag.py:539} INFO - Filling up the DagBag from /home/samuel/dev/airflow_learning/venv/lib/python3.10/site-packages/airflow/example_dags/plugins/listener_plugin.py
[2023-08-24T15:45:57.918+0100] {processor.py:841} WARNING - No viable dags retrieved from /home/samuel/dev/airflow_learning/venv/lib/python3.10/site-packages/airflow/example_dags/plugins/listener_plugin.py
[2023-08-24T15:45:57.930+0100] {processor.py:179} INFO - Processing /home/samuel/dev/airflow_learning/venv/lib/python3.10/site-packages/airflow/example_dags/plugins/listener_plugin.py took 0.023 seconds
[2023-08-24T15:46:53.744+0100] {processor.py:157} INFO - Started process (PID=7023) to work on /home/samuel/dev/airflow_learning/venv/lib/python3.10/site-packages/airflow/example_dags/plugins/listener_plugin.py
[2023-08-24T15:46:53.746+0100] {processor.py:829} INFO - Processing file /home/samuel/dev/airflow_learning/venv/lib/python3.10/site-packages/airflow/example_dags/plugins/listener_plugin.py for tasks to queue
[2023-08-24T15:46:53.747+0100] {logging_mixin.py:151} INFO - [2023-08-24T15:46:53.747+0100] {dagbag.py:539} INFO - Filling up the DagBag from /home/samuel/dev/airflow_learning/venv/lib/python3.10/site-packages/airflow/example_dags/plugins/listener_plugin.py
[2023-08-24T15:46:53.750+0100] {processor.py:841} WARNING - No viable dags retrieved from /home/samuel/dev/airflow_learning/venv/lib/python3.10/site-packages/airflow/example_dags/plugins/listener_plugin.py
[2023-08-24T15:46:53.760+0100] {processor.py:179} INFO - Processing /home/samuel/dev/airflow_learning/venv/lib/python3.10/site-packages/airflow/example_dags/plugins/listener_plugin.py took 0.020 seconds
[2023-08-24T15:47:44.943+0100] {processor.py:157} INFO - Started process (PID=7072) to work on /home/samuel/dev/airflow_learning/venv/lib/python3.10/site-packages/airflow/example_dags/plugins/listener_plugin.py
[2023-08-24T15:47:44.966+0100] {processor.py:829} INFO - Processing file /home/samuel/dev/airflow_learning/venv/lib/python3.10/site-packages/airflow/example_dags/plugins/listener_plugin.py for tasks to queue
[2023-08-24T15:47:44.968+0100] {logging_mixin.py:151} INFO - [2023-08-24T15:47:44.967+0100] {dagbag.py:539} INFO - Filling up the DagBag from /home/samuel/dev/airflow_learning/venv/lib/python3.10/site-packages/airflow/example_dags/plugins/listener_plugin.py
[2023-08-24T15:47:44.971+0100] {processor.py:841} WARNING - No viable dags retrieved from /home/samuel/dev/airflow_learning/venv/lib/python3.10/site-packages/airflow/example_dags/plugins/listener_plugin.py
[2023-08-24T15:47:44.984+0100] {processor.py:179} INFO - Processing /home/samuel/dev/airflow_learning/venv/lib/python3.10/site-packages/airflow/example_dags/plugins/listener_plugin.py took 0.045 seconds
[2023-08-24T15:48:39.887+0100] {processor.py:157} INFO - Started process (PID=7140) to work on /home/samuel/dev/airflow_learning/venv/lib/python3.10/site-packages/airflow/example_dags/plugins/listener_plugin.py
[2023-08-24T15:48:39.905+0100] {processor.py:829} INFO - Processing file /home/samuel/dev/airflow_learning/venv/lib/python3.10/site-packages/airflow/example_dags/plugins/listener_plugin.py for tasks to queue
[2023-08-24T15:48:39.906+0100] {logging_mixin.py:151} INFO - [2023-08-24T15:48:39.905+0100] {dagbag.py:539} INFO - Filling up the DagBag from /home/samuel/dev/airflow_learning/venv/lib/python3.10/site-packages/airflow/example_dags/plugins/listener_plugin.py
[2023-08-24T15:48:39.909+0100] {processor.py:841} WARNING - No viable dags retrieved from /home/samuel/dev/airflow_learning/venv/lib/python3.10/site-packages/airflow/example_dags/plugins/listener_plugin.py
[2023-08-24T15:48:39.922+0100] {processor.py:179} INFO - Processing /home/samuel/dev/airflow_learning/venv/lib/python3.10/site-packages/airflow/example_dags/plugins/listener_plugin.py took 0.039 seconds
[2023-08-24T15:49:29.901+0100] {processor.py:157} INFO - Started process (PID=7189) to work on /home/samuel/dev/airflow_learning/venv/lib/python3.10/site-packages/airflow/example_dags/plugins/listener_plugin.py
[2023-08-24T15:49:29.928+0100] {processor.py:829} INFO - Processing file /home/samuel/dev/airflow_learning/venv/lib/python3.10/site-packages/airflow/example_dags/plugins/listener_plugin.py for tasks to queue
[2023-08-24T15:49:29.929+0100] {logging_mixin.py:151} INFO - [2023-08-24T15:49:29.929+0100] {dagbag.py:539} INFO - Filling up the DagBag from /home/samuel/dev/airflow_learning/venv/lib/python3.10/site-packages/airflow/example_dags/plugins/listener_plugin.py
[2023-08-24T15:49:29.933+0100] {processor.py:841} WARNING - No viable dags retrieved from /home/samuel/dev/airflow_learning/venv/lib/python3.10/site-packages/airflow/example_dags/plugins/listener_plugin.py
[2023-08-24T15:49:29.946+0100] {processor.py:179} INFO - Processing /home/samuel/dev/airflow_learning/venv/lib/python3.10/site-packages/airflow/example_dags/plugins/listener_plugin.py took 0.048 seconds
[2023-08-24T15:50:17.805+0100] {processor.py:157} INFO - Started process (PID=7235) to work on /home/samuel/dev/airflow_learning/venv/lib/python3.10/site-packages/airflow/example_dags/plugins/listener_plugin.py
[2023-08-24T15:50:17.806+0100] {processor.py:829} INFO - Processing file /home/samuel/dev/airflow_learning/venv/lib/python3.10/site-packages/airflow/example_dags/plugins/listener_plugin.py for tasks to queue
[2023-08-24T15:50:17.807+0100] {logging_mixin.py:151} INFO - [2023-08-24T15:50:17.807+0100] {dagbag.py:539} INFO - Filling up the DagBag from /home/samuel/dev/airflow_learning/venv/lib/python3.10/site-packages/airflow/example_dags/plugins/listener_plugin.py
[2023-08-24T15:50:17.811+0100] {processor.py:841} WARNING - No viable dags retrieved from /home/samuel/dev/airflow_learning/venv/lib/python3.10/site-packages/airflow/example_dags/plugins/listener_plugin.py
[2023-08-24T15:50:17.823+0100] {processor.py:179} INFO - Processing /home/samuel/dev/airflow_learning/venv/lib/python3.10/site-packages/airflow/example_dags/plugins/listener_plugin.py took 0.022 seconds
[2023-08-24T15:51:11.734+0100] {processor.py:157} INFO - Started process (PID=7283) to work on /home/samuel/dev/airflow_learning/venv/lib/python3.10/site-packages/airflow/example_dags/plugins/listener_plugin.py
[2023-08-24T15:51:11.736+0100] {processor.py:829} INFO - Processing file /home/samuel/dev/airflow_learning/venv/lib/python3.10/site-packages/airflow/example_dags/plugins/listener_plugin.py for tasks to queue
[2023-08-24T15:51:11.738+0100] {logging_mixin.py:151} INFO - [2023-08-24T15:51:11.737+0100] {dagbag.py:539} INFO - Filling up the DagBag from /home/samuel/dev/airflow_learning/venv/lib/python3.10/site-packages/airflow/example_dags/plugins/listener_plugin.py
[2023-08-24T15:51:11.741+0100] {processor.py:841} WARNING - No viable dags retrieved from /home/samuel/dev/airflow_learning/venv/lib/python3.10/site-packages/airflow/example_dags/plugins/listener_plugin.py
[2023-08-24T15:51:11.754+0100] {processor.py:179} INFO - Processing /home/samuel/dev/airflow_learning/venv/lib/python3.10/site-packages/airflow/example_dags/plugins/listener_plugin.py took 0.024 seconds
[2023-08-24T15:52:02.799+0100] {processor.py:157} INFO - Started process (PID=7342) to work on /home/samuel/dev/airflow_learning/venv/lib/python3.10/site-packages/airflow/example_dags/plugins/listener_plugin.py
[2023-08-24T15:52:02.802+0100] {processor.py:829} INFO - Processing file /home/samuel/dev/airflow_learning/venv/lib/python3.10/site-packages/airflow/example_dags/plugins/listener_plugin.py for tasks to queue
[2023-08-24T15:52:02.803+0100] {logging_mixin.py:151} INFO - [2023-08-24T15:52:02.802+0100] {dagbag.py:539} INFO - Filling up the DagBag from /home/samuel/dev/airflow_learning/venv/lib/python3.10/site-packages/airflow/example_dags/plugins/listener_plugin.py
[2023-08-24T15:52:02.806+0100] {processor.py:841} WARNING - No viable dags retrieved from /home/samuel/dev/airflow_learning/venv/lib/python3.10/site-packages/airflow/example_dags/plugins/listener_plugin.py
[2023-08-24T15:52:02.818+0100] {processor.py:179} INFO - Processing /home/samuel/dev/airflow_learning/venv/lib/python3.10/site-packages/airflow/example_dags/plugins/listener_plugin.py took 0.023 seconds
[2023-08-24T15:52:50.393+0100] {processor.py:157} INFO - Started process (PID=7389) to work on /home/samuel/dev/airflow_learning/venv/lib/python3.10/site-packages/airflow/example_dags/plugins/listener_plugin.py
[2023-08-24T15:52:50.396+0100] {processor.py:829} INFO - Processing file /home/samuel/dev/airflow_learning/venv/lib/python3.10/site-packages/airflow/example_dags/plugins/listener_plugin.py for tasks to queue
[2023-08-24T15:52:50.397+0100] {logging_mixin.py:151} INFO - [2023-08-24T15:52:50.397+0100] {dagbag.py:539} INFO - Filling up the DagBag from /home/samuel/dev/airflow_learning/venv/lib/python3.10/site-packages/airflow/example_dags/plugins/listener_plugin.py
[2023-08-24T15:52:50.401+0100] {processor.py:841} WARNING - No viable dags retrieved from /home/samuel/dev/airflow_learning/venv/lib/python3.10/site-packages/airflow/example_dags/plugins/listener_plugin.py
[2023-08-24T15:52:50.413+0100] {processor.py:179} INFO - Processing /home/samuel/dev/airflow_learning/venv/lib/python3.10/site-packages/airflow/example_dags/plugins/listener_plugin.py took 0.024 seconds
[2023-08-24T15:53:44.035+0100] {processor.py:157} INFO - Started process (PID=7508) to work on /home/samuel/dev/airflow_learning/venv/lib/python3.10/site-packages/airflow/example_dags/plugins/listener_plugin.py
[2023-08-24T15:53:44.058+0100] {processor.py:829} INFO - Processing file /home/samuel/dev/airflow_learning/venv/lib/python3.10/site-packages/airflow/example_dags/plugins/listener_plugin.py for tasks to queue
[2023-08-24T15:53:44.059+0100] {logging_mixin.py:151} INFO - [2023-08-24T15:53:44.058+0100] {dagbag.py:539} INFO - Filling up the DagBag from /home/samuel/dev/airflow_learning/venv/lib/python3.10/site-packages/airflow/example_dags/plugins/listener_plugin.py
[2023-08-24T15:53:44.062+0100] {processor.py:841} WARNING - No viable dags retrieved from /home/samuel/dev/airflow_learning/venv/lib/python3.10/site-packages/airflow/example_dags/plugins/listener_plugin.py
[2023-08-24T15:53:44.075+0100] {processor.py:179} INFO - Processing /home/samuel/dev/airflow_learning/venv/lib/python3.10/site-packages/airflow/example_dags/plugins/listener_plugin.py took 0.045 seconds
[2023-08-24T15:54:18.790+0100] {processor.py:157} INFO - Started process (PID=7563) to work on /home/samuel/dev/airflow_learning/venv/lib/python3.10/site-packages/airflow/example_dags/plugins/listener_plugin.py
[2023-08-24T15:54:18.805+0100] {processor.py:829} INFO - Processing file /home/samuel/dev/airflow_learning/venv/lib/python3.10/site-packages/airflow/example_dags/plugins/listener_plugin.py for tasks to queue
[2023-08-24T15:54:18.806+0100] {logging_mixin.py:151} INFO - [2023-08-24T15:54:18.806+0100] {dagbag.py:539} INFO - Filling up the DagBag from /home/samuel/dev/airflow_learning/venv/lib/python3.10/site-packages/airflow/example_dags/plugins/listener_plugin.py
[2023-08-24T15:54:18.810+0100] {processor.py:841} WARNING - No viable dags retrieved from /home/samuel/dev/airflow_learning/venv/lib/python3.10/site-packages/airflow/example_dags/plugins/listener_plugin.py
[2023-08-24T15:54:18.824+0100] {processor.py:179} INFO - Processing /home/samuel/dev/airflow_learning/venv/lib/python3.10/site-packages/airflow/example_dags/plugins/listener_plugin.py took 0.038 seconds
[2023-08-24T15:54:51.882+0100] {processor.py:157} INFO - Started process (PID=7599) to work on /home/samuel/dev/airflow_learning/venv/lib/python3.10/site-packages/airflow/example_dags/plugins/listener_plugin.py
[2023-08-24T15:54:51.884+0100] {processor.py:829} INFO - Processing file /home/samuel/dev/airflow_learning/venv/lib/python3.10/site-packages/airflow/example_dags/plugins/listener_plugin.py for tasks to queue
[2023-08-24T15:54:51.885+0100] {logging_mixin.py:151} INFO - [2023-08-24T15:54:51.885+0100] {dagbag.py:539} INFO - Filling up the DagBag from /home/samuel/dev/airflow_learning/venv/lib/python3.10/site-packages/airflow/example_dags/plugins/listener_plugin.py
[2023-08-24T15:54:51.890+0100] {processor.py:841} WARNING - No viable dags retrieved from /home/samuel/dev/airflow_learning/venv/lib/python3.10/site-packages/airflow/example_dags/plugins/listener_plugin.py
[2023-08-24T15:54:51.903+0100] {processor.py:179} INFO - Processing /home/samuel/dev/airflow_learning/venv/lib/python3.10/site-packages/airflow/example_dags/plugins/listener_plugin.py took 0.024 seconds
[2023-08-24T15:55:49.389+0100] {processor.py:157} INFO - Started process (PID=7648) to work on /home/samuel/dev/airflow_learning/venv/lib/python3.10/site-packages/airflow/example_dags/plugins/listener_plugin.py
[2023-08-24T15:55:49.435+0100] {processor.py:829} INFO - Processing file /home/samuel/dev/airflow_learning/venv/lib/python3.10/site-packages/airflow/example_dags/plugins/listener_plugin.py for tasks to queue
[2023-08-24T15:55:49.436+0100] {logging_mixin.py:151} INFO - [2023-08-24T15:55:49.436+0100] {dagbag.py:539} INFO - Filling up the DagBag from /home/samuel/dev/airflow_learning/venv/lib/python3.10/site-packages/airflow/example_dags/plugins/listener_plugin.py
[2023-08-24T15:55:49.439+0100] {processor.py:841} WARNING - No viable dags retrieved from /home/samuel/dev/airflow_learning/venv/lib/python3.10/site-packages/airflow/example_dags/plugins/listener_plugin.py
[2023-08-24T15:55:49.452+0100] {processor.py:179} INFO - Processing /home/samuel/dev/airflow_learning/venv/lib/python3.10/site-packages/airflow/example_dags/plugins/listener_plugin.py took 0.066 seconds
[2023-08-24T15:56:40.297+0100] {processor.py:157} INFO - Started process (PID=7832) to work on /home/samuel/dev/airflow_learning/venv/lib/python3.10/site-packages/airflow/example_dags/plugins/listener_plugin.py
[2023-08-24T15:56:40.328+0100] {processor.py:829} INFO - Processing file /home/samuel/dev/airflow_learning/venv/lib/python3.10/site-packages/airflow/example_dags/plugins/listener_plugin.py for tasks to queue
[2023-08-24T15:56:40.329+0100] {logging_mixin.py:151} INFO - [2023-08-24T15:56:40.329+0100] {dagbag.py:539} INFO - Filling up the DagBag from /home/samuel/dev/airflow_learning/venv/lib/python3.10/site-packages/airflow/example_dags/plugins/listener_plugin.py
[2023-08-24T15:56:40.332+0100] {processor.py:841} WARNING - No viable dags retrieved from /home/samuel/dev/airflow_learning/venv/lib/python3.10/site-packages/airflow/example_dags/plugins/listener_plugin.py
[2023-08-24T15:56:40.342+0100] {processor.py:179} INFO - Processing /home/samuel/dev/airflow_learning/venv/lib/python3.10/site-packages/airflow/example_dags/plugins/listener_plugin.py took 0.049 seconds
[2023-08-24T15:57:32.265+0100] {processor.py:157} INFO - Started process (PID=7887) to work on /home/samuel/dev/airflow_learning/venv/lib/python3.10/site-packages/airflow/example_dags/plugins/listener_plugin.py
[2023-08-24T15:57:32.284+0100] {processor.py:829} INFO - Processing file /home/samuel/dev/airflow_learning/venv/lib/python3.10/site-packages/airflow/example_dags/plugins/listener_plugin.py for tasks to queue
[2023-08-24T15:57:32.285+0100] {logging_mixin.py:151} INFO - [2023-08-24T15:57:32.284+0100] {dagbag.py:539} INFO - Filling up the DagBag from /home/samuel/dev/airflow_learning/venv/lib/python3.10/site-packages/airflow/example_dags/plugins/listener_plugin.py
[2023-08-24T15:57:32.288+0100] {processor.py:841} WARNING - No viable dags retrieved from /home/samuel/dev/airflow_learning/venv/lib/python3.10/site-packages/airflow/example_dags/plugins/listener_plugin.py
[2023-08-24T15:57:32.301+0100] {processor.py:179} INFO - Processing /home/samuel/dev/airflow_learning/venv/lib/python3.10/site-packages/airflow/example_dags/plugins/listener_plugin.py took 0.040 seconds
[2023-08-24T15:58:23.672+0100] {processor.py:157} INFO - Started process (PID=7945) to work on /home/samuel/dev/airflow_learning/venv/lib/python3.10/site-packages/airflow/example_dags/plugins/listener_plugin.py
[2023-08-24T15:58:23.675+0100] {processor.py:829} INFO - Processing file /home/samuel/dev/airflow_learning/venv/lib/python3.10/site-packages/airflow/example_dags/plugins/listener_plugin.py for tasks to queue
[2023-08-24T15:58:23.676+0100] {logging_mixin.py:151} INFO - [2023-08-24T15:58:23.676+0100] {dagbag.py:539} INFO - Filling up the DagBag from /home/samuel/dev/airflow_learning/venv/lib/python3.10/site-packages/airflow/example_dags/plugins/listener_plugin.py
[2023-08-24T15:58:23.680+0100] {processor.py:841} WARNING - No viable dags retrieved from /home/samuel/dev/airflow_learning/venv/lib/python3.10/site-packages/airflow/example_dags/plugins/listener_plugin.py
[2023-08-24T15:58:23.693+0100] {processor.py:179} INFO - Processing /home/samuel/dev/airflow_learning/venv/lib/python3.10/site-packages/airflow/example_dags/plugins/listener_plugin.py took 0.024 seconds
[2023-08-24T15:59:18.651+0100] {processor.py:157} INFO - Started process (PID=8029) to work on /home/samuel/dev/airflow_learning/venv/lib/python3.10/site-packages/airflow/example_dags/plugins/listener_plugin.py
[2023-08-24T15:59:18.661+0100] {processor.py:829} INFO - Processing file /home/samuel/dev/airflow_learning/venv/lib/python3.10/site-packages/airflow/example_dags/plugins/listener_plugin.py for tasks to queue
[2023-08-24T15:59:18.663+0100] {logging_mixin.py:151} INFO - [2023-08-24T15:59:18.662+0100] {dagbag.py:539} INFO - Filling up the DagBag from /home/samuel/dev/airflow_learning/venv/lib/python3.10/site-packages/airflow/example_dags/plugins/listener_plugin.py
[2023-08-24T15:59:18.666+0100] {processor.py:841} WARNING - No viable dags retrieved from /home/samuel/dev/airflow_learning/venv/lib/python3.10/site-packages/airflow/example_dags/plugins/listener_plugin.py
[2023-08-24T15:59:18.678+0100] {processor.py:179} INFO - Processing /home/samuel/dev/airflow_learning/venv/lib/python3.10/site-packages/airflow/example_dags/plugins/listener_plugin.py took 0.031 seconds
[2023-08-24T16:00:16.173+0100] {processor.py:157} INFO - Started process (PID=8256) to work on /home/samuel/dev/airflow_learning/venv/lib/python3.10/site-packages/airflow/example_dags/plugins/listener_plugin.py
[2023-08-24T16:00:16.200+0100] {processor.py:829} INFO - Processing file /home/samuel/dev/airflow_learning/venv/lib/python3.10/site-packages/airflow/example_dags/plugins/listener_plugin.py for tasks to queue
[2023-08-24T16:00:16.201+0100] {logging_mixin.py:151} INFO - [2023-08-24T16:00:16.201+0100] {dagbag.py:539} INFO - Filling up the DagBag from /home/samuel/dev/airflow_learning/venv/lib/python3.10/site-packages/airflow/example_dags/plugins/listener_plugin.py
[2023-08-24T16:00:16.205+0100] {processor.py:841} WARNING - No viable dags retrieved from /home/samuel/dev/airflow_learning/venv/lib/python3.10/site-packages/airflow/example_dags/plugins/listener_plugin.py
[2023-08-24T16:00:16.218+0100] {processor.py:179} INFO - Processing /home/samuel/dev/airflow_learning/venv/lib/python3.10/site-packages/airflow/example_dags/plugins/listener_plugin.py took 0.048 seconds
[2023-08-24T16:01:10.439+0100] {processor.py:157} INFO - Started process (PID=8346) to work on /home/samuel/dev/airflow_learning/venv/lib/python3.10/site-packages/airflow/example_dags/plugins/listener_plugin.py
[2023-08-24T16:01:10.475+0100] {processor.py:829} INFO - Processing file /home/samuel/dev/airflow_learning/venv/lib/python3.10/site-packages/airflow/example_dags/plugins/listener_plugin.py for tasks to queue
[2023-08-24T16:01:10.477+0100] {logging_mixin.py:151} INFO - [2023-08-24T16:01:10.476+0100] {dagbag.py:539} INFO - Filling up the DagBag from /home/samuel/dev/airflow_learning/venv/lib/python3.10/site-packages/airflow/example_dags/plugins/listener_plugin.py
[2023-08-24T16:01:10.480+0100] {processor.py:841} WARNING - No viable dags retrieved from /home/samuel/dev/airflow_learning/venv/lib/python3.10/site-packages/airflow/example_dags/plugins/listener_plugin.py
[2023-08-24T16:01:10.491+0100] {processor.py:179} INFO - Processing /home/samuel/dev/airflow_learning/venv/lib/python3.10/site-packages/airflow/example_dags/plugins/listener_plugin.py took 0.056 seconds
[2023-08-24T16:02:04.860+0100] {processor.py:157} INFO - Started process (PID=8433) to work on /home/samuel/dev/airflow_learning/venv/lib/python3.10/site-packages/airflow/example_dags/plugins/listener_plugin.py
[2023-08-24T16:02:04.958+0100] {processor.py:829} INFO - Processing file /home/samuel/dev/airflow_learning/venv/lib/python3.10/site-packages/airflow/example_dags/plugins/listener_plugin.py for tasks to queue
[2023-08-24T16:02:04.959+0100] {logging_mixin.py:151} INFO - [2023-08-24T16:02:04.959+0100] {dagbag.py:539} INFO - Filling up the DagBag from /home/samuel/dev/airflow_learning/venv/lib/python3.10/site-packages/airflow/example_dags/plugins/listener_plugin.py
[2023-08-24T16:02:04.963+0100] {processor.py:841} WARNING - No viable dags retrieved from /home/samuel/dev/airflow_learning/venv/lib/python3.10/site-packages/airflow/example_dags/plugins/listener_plugin.py
[2023-08-24T16:02:04.976+0100] {processor.py:179} INFO - Processing /home/samuel/dev/airflow_learning/venv/lib/python3.10/site-packages/airflow/example_dags/plugins/listener_plugin.py took 0.119 seconds
[2023-08-24T16:02:55.422+0100] {processor.py:157} INFO - Started process (PID=8489) to work on /home/samuel/dev/airflow_learning/venv/lib/python3.10/site-packages/airflow/example_dags/plugins/listener_plugin.py
[2023-08-24T16:02:55.456+0100] {processor.py:829} INFO - Processing file /home/samuel/dev/airflow_learning/venv/lib/python3.10/site-packages/airflow/example_dags/plugins/listener_plugin.py for tasks to queue
[2023-08-24T16:02:55.457+0100] {logging_mixin.py:151} INFO - [2023-08-24T16:02:55.457+0100] {dagbag.py:539} INFO - Filling up the DagBag from /home/samuel/dev/airflow_learning/venv/lib/python3.10/site-packages/airflow/example_dags/plugins/listener_plugin.py
[2023-08-24T16:02:55.460+0100] {processor.py:841} WARNING - No viable dags retrieved from /home/samuel/dev/airflow_learning/venv/lib/python3.10/site-packages/airflow/example_dags/plugins/listener_plugin.py
[2023-08-24T16:02:55.473+0100] {processor.py:179} INFO - Processing /home/samuel/dev/airflow_learning/venv/lib/python3.10/site-packages/airflow/example_dags/plugins/listener_plugin.py took 0.055 seconds
[2023-08-24T16:03:49.110+0100] {processor.py:157} INFO - Started process (PID=8566) to work on /home/samuel/dev/airflow_learning/venv/lib/python3.10/site-packages/airflow/example_dags/plugins/listener_plugin.py
[2023-08-24T16:03:49.114+0100] {processor.py:829} INFO - Processing file /home/samuel/dev/airflow_learning/venv/lib/python3.10/site-packages/airflow/example_dags/plugins/listener_plugin.py for tasks to queue
[2023-08-24T16:03:49.115+0100] {logging_mixin.py:151} INFO - [2023-08-24T16:03:49.114+0100] {dagbag.py:539} INFO - Filling up the DagBag from /home/samuel/dev/airflow_learning/venv/lib/python3.10/site-packages/airflow/example_dags/plugins/listener_plugin.py
[2023-08-24T16:03:49.118+0100] {processor.py:841} WARNING - No viable dags retrieved from /home/samuel/dev/airflow_learning/venv/lib/python3.10/site-packages/airflow/example_dags/plugins/listener_plugin.py
[2023-08-24T16:03:49.131+0100] {processor.py:179} INFO - Processing /home/samuel/dev/airflow_learning/venv/lib/python3.10/site-packages/airflow/example_dags/plugins/listener_plugin.py took 0.026 seconds
