[2023-08-24T15:21:53.888+0100] {processor.py:157} INFO - Started process (PID=5331) to work on /home/samuel/dev/airflow_learning/venv/lib/python3.10/site-packages/airflow/example_dags/plugins/workday.py
[2023-08-24T15:21:53.888+0100] {processor.py:829} INFO - Processing file /home/samuel/dev/airflow_learning/venv/lib/python3.10/site-packages/airflow/example_dags/plugins/workday.py for tasks to queue
[2023-08-24T15:21:53.889+0100] {logging_mixin.py:151} INFO - [2023-08-24T15:21:53.889+0100] {dagbag.py:539} INFO - Filling up the DagBag from /home/samuel/dev/airflow_learning/venv/lib/python3.10/site-packages/airflow/example_dags/plugins/workday.py
[2023-08-24T15:21:56.213+0100] {processor.py:841} WARNING - No viable dags retrieved from /home/samuel/dev/airflow_learning/venv/lib/python3.10/site-packages/airflow/example_dags/plugins/workday.py
[2023-08-24T15:21:56.220+0100] {processor.py:179} INFO - Processing /home/samuel/dev/airflow_learning/venv/lib/python3.10/site-packages/airflow/example_dags/plugins/workday.py took 2.335 seconds
[2023-08-24T15:23:21.873+0100] {processor.py:157} INFO - Started process (PID=5393) to work on /home/samuel/dev/airflow_learning/venv/lib/python3.10/site-packages/airflow/example_dags/plugins/workday.py
[2023-08-24T15:23:21.875+0100] {processor.py:829} INFO - Processing file /home/samuel/dev/airflow_learning/venv/lib/python3.10/site-packages/airflow/example_dags/plugins/workday.py for tasks to queue
[2023-08-24T15:23:21.875+0100] {logging_mixin.py:151} INFO - [2023-08-24T15:23:21.875+0100] {dagbag.py:539} INFO - Filling up the DagBag from /home/samuel/dev/airflow_learning/venv/lib/python3.10/site-packages/airflow/example_dags/plugins/workday.py
[2023-08-24T15:23:22.347+0100] {processor.py:841} WARNING - No viable dags retrieved from /home/samuel/dev/airflow_learning/venv/lib/python3.10/site-packages/airflow/example_dags/plugins/workday.py
[2023-08-24T15:23:22.353+0100] {processor.py:179} INFO - Processing /home/samuel/dev/airflow_learning/venv/lib/python3.10/site-packages/airflow/example_dags/plugins/workday.py took 0.484 seconds
[2023-08-24T15:23:59.410+0100] {processor.py:157} INFO - Started process (PID=5436) to work on /home/samuel/dev/airflow_learning/venv/lib/python3.10/site-packages/airflow/example_dags/plugins/workday.py
[2023-08-24T15:23:59.412+0100] {processor.py:829} INFO - Processing file /home/samuel/dev/airflow_learning/venv/lib/python3.10/site-packages/airflow/example_dags/plugins/workday.py for tasks to queue
[2023-08-24T15:23:59.413+0100] {logging_mixin.py:151} INFO - [2023-08-24T15:23:59.412+0100] {dagbag.py:539} INFO - Filling up the DagBag from /home/samuel/dev/airflow_learning/venv/lib/python3.10/site-packages/airflow/example_dags/plugins/workday.py
[2023-08-24T15:23:59.878+0100] {processor.py:841} WARNING - No viable dags retrieved from /home/samuel/dev/airflow_learning/venv/lib/python3.10/site-packages/airflow/example_dags/plugins/workday.py
[2023-08-24T15:23:59.884+0100] {processor.py:179} INFO - Processing /home/samuel/dev/airflow_learning/venv/lib/python3.10/site-packages/airflow/example_dags/plugins/workday.py took 0.477 seconds
[2023-08-24T15:24:51.281+0100] {processor.py:157} INFO - Started process (PID=5491) to work on /home/samuel/dev/airflow_learning/venv/lib/python3.10/site-packages/airflow/example_dags/plugins/workday.py
[2023-08-24T15:24:51.283+0100] {processor.py:829} INFO - Processing file /home/samuel/dev/airflow_learning/venv/lib/python3.10/site-packages/airflow/example_dags/plugins/workday.py for tasks to queue
[2023-08-24T15:24:51.284+0100] {logging_mixin.py:151} INFO - [2023-08-24T15:24:51.283+0100] {dagbag.py:539} INFO - Filling up the DagBag from /home/samuel/dev/airflow_learning/venv/lib/python3.10/site-packages/airflow/example_dags/plugins/workday.py
[2023-08-24T15:24:51.748+0100] {processor.py:841} WARNING - No viable dags retrieved from /home/samuel/dev/airflow_learning/venv/lib/python3.10/site-packages/airflow/example_dags/plugins/workday.py
[2023-08-24T15:24:51.753+0100] {processor.py:179} INFO - Processing /home/samuel/dev/airflow_learning/venv/lib/python3.10/site-packages/airflow/example_dags/plugins/workday.py took 0.476 seconds
[2023-08-24T15:25:41.497+0100] {processor.py:157} INFO - Started process (PID=5540) to work on /home/samuel/dev/airflow_learning/venv/lib/python3.10/site-packages/airflow/example_dags/plugins/workday.py
[2023-08-24T15:25:41.503+0100] {processor.py:829} INFO - Processing file /home/samuel/dev/airflow_learning/venv/lib/python3.10/site-packages/airflow/example_dags/plugins/workday.py for tasks to queue
[2023-08-24T15:25:41.504+0100] {logging_mixin.py:151} INFO - [2023-08-24T15:25:41.504+0100] {dagbag.py:539} INFO - Filling up the DagBag from /home/samuel/dev/airflow_learning/venv/lib/python3.10/site-packages/airflow/example_dags/plugins/workday.py
[2023-08-24T15:25:42.001+0100] {processor.py:841} WARNING - No viable dags retrieved from /home/samuel/dev/airflow_learning/venv/lib/python3.10/site-packages/airflow/example_dags/plugins/workday.py
[2023-08-24T15:25:42.007+0100] {processor.py:179} INFO - Processing /home/samuel/dev/airflow_learning/venv/lib/python3.10/site-packages/airflow/example_dags/plugins/workday.py took 0.515 seconds
[2023-08-24T15:26:37.869+0100] {processor.py:157} INFO - Started process (PID=5591) to work on /home/samuel/dev/airflow_learning/venv/lib/python3.10/site-packages/airflow/example_dags/plugins/workday.py
[2023-08-24T15:26:37.872+0100] {processor.py:829} INFO - Processing file /home/samuel/dev/airflow_learning/venv/lib/python3.10/site-packages/airflow/example_dags/plugins/workday.py for tasks to queue
[2023-08-24T15:26:37.874+0100] {logging_mixin.py:151} INFO - [2023-08-24T15:26:37.873+0100] {dagbag.py:539} INFO - Filling up the DagBag from /home/samuel/dev/airflow_learning/venv/lib/python3.10/site-packages/airflow/example_dags/plugins/workday.py
[2023-08-24T15:26:38.362+0100] {processor.py:841} WARNING - No viable dags retrieved from /home/samuel/dev/airflow_learning/venv/lib/python3.10/site-packages/airflow/example_dags/plugins/workday.py
[2023-08-24T15:26:38.369+0100] {processor.py:179} INFO - Processing /home/samuel/dev/airflow_learning/venv/lib/python3.10/site-packages/airflow/example_dags/plugins/workday.py took 0.503 seconds
[2023-08-24T15:27:29.610+0100] {processor.py:157} INFO - Started process (PID=5642) to work on /home/samuel/dev/airflow_learning/venv/lib/python3.10/site-packages/airflow/example_dags/plugins/workday.py
[2023-08-24T15:27:29.613+0100] {processor.py:829} INFO - Processing file /home/samuel/dev/airflow_learning/venv/lib/python3.10/site-packages/airflow/example_dags/plugins/workday.py for tasks to queue
[2023-08-24T15:27:29.614+0100] {logging_mixin.py:151} INFO - [2023-08-24T15:27:29.613+0100] {dagbag.py:539} INFO - Filling up the DagBag from /home/samuel/dev/airflow_learning/venv/lib/python3.10/site-packages/airflow/example_dags/plugins/workday.py
[2023-08-24T15:27:30.178+0100] {processor.py:841} WARNING - No viable dags retrieved from /home/samuel/dev/airflow_learning/venv/lib/python3.10/site-packages/airflow/example_dags/plugins/workday.py
[2023-08-24T15:27:30.184+0100] {processor.py:179} INFO - Processing /home/samuel/dev/airflow_learning/venv/lib/python3.10/site-packages/airflow/example_dags/plugins/workday.py took 0.578 seconds
[2023-08-24T15:28:26.141+0100] {processor.py:157} INFO - Started process (PID=5704) to work on /home/samuel/dev/airflow_learning/venv/lib/python3.10/site-packages/airflow/example_dags/plugins/workday.py
[2023-08-24T15:28:26.144+0100] {processor.py:829} INFO - Processing file /home/samuel/dev/airflow_learning/venv/lib/python3.10/site-packages/airflow/example_dags/plugins/workday.py for tasks to queue
[2023-08-24T15:28:26.145+0100] {logging_mixin.py:151} INFO - [2023-08-24T15:28:26.144+0100] {dagbag.py:539} INFO - Filling up the DagBag from /home/samuel/dev/airflow_learning/venv/lib/python3.10/site-packages/airflow/example_dags/plugins/workday.py
[2023-08-24T15:28:26.669+0100] {processor.py:841} WARNING - No viable dags retrieved from /home/samuel/dev/airflow_learning/venv/lib/python3.10/site-packages/airflow/example_dags/plugins/workday.py
[2023-08-24T15:28:26.675+0100] {processor.py:179} INFO - Processing /home/samuel/dev/airflow_learning/venv/lib/python3.10/site-packages/airflow/example_dags/plugins/workday.py took 0.537 seconds
[2023-08-24T15:29:19.479+0100] {processor.py:157} INFO - Started process (PID=5769) to work on /home/samuel/dev/airflow_learning/venv/lib/python3.10/site-packages/airflow/example_dags/plugins/workday.py
[2023-08-24T15:29:19.482+0100] {processor.py:829} INFO - Processing file /home/samuel/dev/airflow_learning/venv/lib/python3.10/site-packages/airflow/example_dags/plugins/workday.py for tasks to queue
[2023-08-24T15:29:19.484+0100] {logging_mixin.py:151} INFO - [2023-08-24T15:29:19.483+0100] {dagbag.py:539} INFO - Filling up the DagBag from /home/samuel/dev/airflow_learning/venv/lib/python3.10/site-packages/airflow/example_dags/plugins/workday.py
[2023-08-24T15:29:20.057+0100] {processor.py:841} WARNING - No viable dags retrieved from /home/samuel/dev/airflow_learning/venv/lib/python3.10/site-packages/airflow/example_dags/plugins/workday.py
[2023-08-24T15:29:20.068+0100] {processor.py:179} INFO - Processing /home/samuel/dev/airflow_learning/venv/lib/python3.10/site-packages/airflow/example_dags/plugins/workday.py took 0.593 seconds
[2023-08-24T15:30:47.590+0100] {processor.py:157} INFO - Started process (PID=5946) to work on /home/samuel/dev/airflow_learning/venv/lib/python3.10/site-packages/airflow/example_dags/plugins/workday.py
[2023-08-24T15:30:47.599+0100] {processor.py:829} INFO - Processing file /home/samuel/dev/airflow_learning/venv/lib/python3.10/site-packages/airflow/example_dags/plugins/workday.py for tasks to queue
[2023-08-24T15:30:47.600+0100] {logging_mixin.py:151} INFO - [2023-08-24T15:30:47.600+0100] {dagbag.py:539} INFO - Filling up the DagBag from /home/samuel/dev/airflow_learning/venv/lib/python3.10/site-packages/airflow/example_dags/plugins/workday.py
[2023-08-24T15:30:48.065+0100] {processor.py:841} WARNING - No viable dags retrieved from /home/samuel/dev/airflow_learning/venv/lib/python3.10/site-packages/airflow/example_dags/plugins/workday.py
[2023-08-24T15:30:48.071+0100] {processor.py:179} INFO - Processing /home/samuel/dev/airflow_learning/venv/lib/python3.10/site-packages/airflow/example_dags/plugins/workday.py took 0.484 seconds
[2023-08-24T15:31:40.955+0100] {processor.py:157} INFO - Started process (PID=6044) to work on /home/samuel/dev/airflow_learning/venv/lib/python3.10/site-packages/airflow/example_dags/plugins/workday.py
[2023-08-24T15:31:40.956+0100] {processor.py:829} INFO - Processing file /home/samuel/dev/airflow_learning/venv/lib/python3.10/site-packages/airflow/example_dags/plugins/workday.py for tasks to queue
[2023-08-24T15:31:40.957+0100] {logging_mixin.py:151} INFO - [2023-08-24T15:31:40.956+0100] {dagbag.py:539} INFO - Filling up the DagBag from /home/samuel/dev/airflow_learning/venv/lib/python3.10/site-packages/airflow/example_dags/plugins/workday.py
[2023-08-24T15:31:42.183+0100] {processor.py:841} WARNING - No viable dags retrieved from /home/samuel/dev/airflow_learning/venv/lib/python3.10/site-packages/airflow/example_dags/plugins/workday.py
[2023-08-24T15:31:42.189+0100] {processor.py:179} INFO - Processing /home/samuel/dev/airflow_learning/venv/lib/python3.10/site-packages/airflow/example_dags/plugins/workday.py took 1.238 seconds
[2023-08-24T15:32:35.217+0100] {processor.py:157} INFO - Started process (PID=6102) to work on /home/samuel/dev/airflow_learning/venv/lib/python3.10/site-packages/airflow/example_dags/plugins/workday.py
[2023-08-24T15:32:35.225+0100] {processor.py:829} INFO - Processing file /home/samuel/dev/airflow_learning/venv/lib/python3.10/site-packages/airflow/example_dags/plugins/workday.py for tasks to queue
[2023-08-24T15:32:35.226+0100] {logging_mixin.py:151} INFO - [2023-08-24T15:32:35.226+0100] {dagbag.py:539} INFO - Filling up the DagBag from /home/samuel/dev/airflow_learning/venv/lib/python3.10/site-packages/airflow/example_dags/plugins/workday.py
[2023-08-24T15:32:35.755+0100] {processor.py:841} WARNING - No viable dags retrieved from /home/samuel/dev/airflow_learning/venv/lib/python3.10/site-packages/airflow/example_dags/plugins/workday.py
[2023-08-24T15:32:35.762+0100] {processor.py:179} INFO - Processing /home/samuel/dev/airflow_learning/venv/lib/python3.10/site-packages/airflow/example_dags/plugins/workday.py took 0.549 seconds
[2023-08-24T15:33:27.790+0100] {processor.py:157} INFO - Started process (PID=6162) to work on /home/samuel/dev/airflow_learning/venv/lib/python3.10/site-packages/airflow/example_dags/plugins/workday.py
[2023-08-24T15:33:27.822+0100] {processor.py:829} INFO - Processing file /home/samuel/dev/airflow_learning/venv/lib/python3.10/site-packages/airflow/example_dags/plugins/workday.py for tasks to queue
[2023-08-24T15:33:27.823+0100] {logging_mixin.py:151} INFO - [2023-08-24T15:33:27.823+0100] {dagbag.py:539} INFO - Filling up the DagBag from /home/samuel/dev/airflow_learning/venv/lib/python3.10/site-packages/airflow/example_dags/plugins/workday.py
[2023-08-24T15:33:28.287+0100] {processor.py:841} WARNING - No viable dags retrieved from /home/samuel/dev/airflow_learning/venv/lib/python3.10/site-packages/airflow/example_dags/plugins/workday.py
[2023-08-24T15:33:28.295+0100] {processor.py:179} INFO - Processing /home/samuel/dev/airflow_learning/venv/lib/python3.10/site-packages/airflow/example_dags/plugins/workday.py took 0.509 seconds
[2023-08-24T15:34:33.462+0100] {processor.py:157} INFO - Started process (PID=6225) to work on /home/samuel/dev/airflow_learning/venv/lib/python3.10/site-packages/airflow/example_dags/plugins/workday.py
[2023-08-24T15:34:33.472+0100] {processor.py:829} INFO - Processing file /home/samuel/dev/airflow_learning/venv/lib/python3.10/site-packages/airflow/example_dags/plugins/workday.py for tasks to queue
[2023-08-24T15:34:33.473+0100] {logging_mixin.py:151} INFO - [2023-08-24T15:34:33.473+0100] {dagbag.py:539} INFO - Filling up the DagBag from /home/samuel/dev/airflow_learning/venv/lib/python3.10/site-packages/airflow/example_dags/plugins/workday.py
[2023-08-24T15:34:33.993+0100] {processor.py:841} WARNING - No viable dags retrieved from /home/samuel/dev/airflow_learning/venv/lib/python3.10/site-packages/airflow/example_dags/plugins/workday.py
[2023-08-24T15:34:33.999+0100] {processor.py:179} INFO - Processing /home/samuel/dev/airflow_learning/venv/lib/python3.10/site-packages/airflow/example_dags/plugins/workday.py took 0.541 seconds
[2023-08-24T15:35:06.547+0100] {processor.py:157} INFO - Started process (PID=6257) to work on /home/samuel/dev/airflow_learning/venv/lib/python3.10/site-packages/airflow/example_dags/plugins/workday.py
[2023-08-24T15:35:06.575+0100] {processor.py:829} INFO - Processing file /home/samuel/dev/airflow_learning/venv/lib/python3.10/site-packages/airflow/example_dags/plugins/workday.py for tasks to queue
[2023-08-24T15:35:06.576+0100] {logging_mixin.py:151} INFO - [2023-08-24T15:35:06.576+0100] {dagbag.py:539} INFO - Filling up the DagBag from /home/samuel/dev/airflow_learning/venv/lib/python3.10/site-packages/airflow/example_dags/plugins/workday.py
[2023-08-24T15:35:07.043+0100] {processor.py:841} WARNING - No viable dags retrieved from /home/samuel/dev/airflow_learning/venv/lib/python3.10/site-packages/airflow/example_dags/plugins/workday.py
[2023-08-24T15:35:07.049+0100] {processor.py:179} INFO - Processing /home/samuel/dev/airflow_learning/venv/lib/python3.10/site-packages/airflow/example_dags/plugins/workday.py took 0.506 seconds
[2023-08-24T15:36:05.647+0100] {processor.py:157} INFO - Started process (PID=6328) to work on /home/samuel/dev/airflow_learning/venv/lib/python3.10/site-packages/airflow/example_dags/plugins/workday.py
[2023-08-24T15:36:05.699+0100] {processor.py:829} INFO - Processing file /home/samuel/dev/airflow_learning/venv/lib/python3.10/site-packages/airflow/example_dags/plugins/workday.py for tasks to queue
[2023-08-24T15:36:05.701+0100] {logging_mixin.py:151} INFO - [2023-08-24T15:36:05.700+0100] {dagbag.py:539} INFO - Filling up the DagBag from /home/samuel/dev/airflow_learning/venv/lib/python3.10/site-packages/airflow/example_dags/plugins/workday.py
[2023-08-24T15:36:06.256+0100] {processor.py:841} WARNING - No viable dags retrieved from /home/samuel/dev/airflow_learning/venv/lib/python3.10/site-packages/airflow/example_dags/plugins/workday.py
[2023-08-24T15:36:06.263+0100] {processor.py:179} INFO - Processing /home/samuel/dev/airflow_learning/venv/lib/python3.10/site-packages/airflow/example_dags/plugins/workday.py took 0.620 seconds
[2023-08-24T15:37:02.286+0100] {processor.py:157} INFO - Started process (PID=6382) to work on /home/samuel/dev/airflow_learning/venv/lib/python3.10/site-packages/airflow/example_dags/plugins/workday.py
[2023-08-24T15:37:02.299+0100] {processor.py:829} INFO - Processing file /home/samuel/dev/airflow_learning/venv/lib/python3.10/site-packages/airflow/example_dags/plugins/workday.py for tasks to queue
[2023-08-24T15:37:02.301+0100] {logging_mixin.py:151} INFO - [2023-08-24T15:37:02.300+0100] {dagbag.py:539} INFO - Filling up the DagBag from /home/samuel/dev/airflow_learning/venv/lib/python3.10/site-packages/airflow/example_dags/plugins/workday.py
[2023-08-24T15:37:02.849+0100] {processor.py:841} WARNING - No viable dags retrieved from /home/samuel/dev/airflow_learning/venv/lib/python3.10/site-packages/airflow/example_dags/plugins/workday.py
[2023-08-24T15:37:02.855+0100] {processor.py:179} INFO - Processing /home/samuel/dev/airflow_learning/venv/lib/python3.10/site-packages/airflow/example_dags/plugins/workday.py took 0.573 seconds
[2023-08-24T15:37:41.428+0100] {processor.py:157} INFO - Started process (PID=6413) to work on /home/samuel/dev/airflow_learning/venv/lib/python3.10/site-packages/airflow/example_dags/plugins/workday.py
[2023-08-24T15:37:41.470+0100] {processor.py:829} INFO - Processing file /home/samuel/dev/airflow_learning/venv/lib/python3.10/site-packages/airflow/example_dags/plugins/workday.py for tasks to queue
[2023-08-24T15:37:41.471+0100] {logging_mixin.py:151} INFO - [2023-08-24T15:37:41.470+0100] {dagbag.py:539} INFO - Filling up the DagBag from /home/samuel/dev/airflow_learning/venv/lib/python3.10/site-packages/airflow/example_dags/plugins/workday.py
[2023-08-24T15:37:41.942+0100] {processor.py:841} WARNING - No viable dags retrieved from /home/samuel/dev/airflow_learning/venv/lib/python3.10/site-packages/airflow/example_dags/plugins/workday.py
[2023-08-24T15:37:41.948+0100] {processor.py:179} INFO - Processing /home/samuel/dev/airflow_learning/venv/lib/python3.10/site-packages/airflow/example_dags/plugins/workday.py took 0.524 seconds
[2023-08-24T15:38:18.189+0100] {processor.py:157} INFO - Started process (PID=6450) to work on /home/samuel/dev/airflow_learning/venv/lib/python3.10/site-packages/airflow/example_dags/plugins/workday.py
[2023-08-24T15:38:18.192+0100] {processor.py:829} INFO - Processing file /home/samuel/dev/airflow_learning/venv/lib/python3.10/site-packages/airflow/example_dags/plugins/workday.py for tasks to queue
[2023-08-24T15:38:18.193+0100] {logging_mixin.py:151} INFO - [2023-08-24T15:38:18.193+0100] {dagbag.py:539} INFO - Filling up the DagBag from /home/samuel/dev/airflow_learning/venv/lib/python3.10/site-packages/airflow/example_dags/plugins/workday.py
[2023-08-24T15:38:18.662+0100] {processor.py:841} WARNING - No viable dags retrieved from /home/samuel/dev/airflow_learning/venv/lib/python3.10/site-packages/airflow/example_dags/plugins/workday.py
[2023-08-24T15:38:18.668+0100] {processor.py:179} INFO - Processing /home/samuel/dev/airflow_learning/venv/lib/python3.10/site-packages/airflow/example_dags/plugins/workday.py took 0.483 seconds
[2023-08-24T15:39:13.549+0100] {processor.py:157} INFO - Started process (PID=6501) to work on /home/samuel/dev/airflow_learning/venv/lib/python3.10/site-packages/airflow/example_dags/plugins/workday.py
[2023-08-24T15:39:13.579+0100] {processor.py:829} INFO - Processing file /home/samuel/dev/airflow_learning/venv/lib/python3.10/site-packages/airflow/example_dags/plugins/workday.py for tasks to queue
[2023-08-24T15:39:13.580+0100] {logging_mixin.py:151} INFO - [2023-08-24T15:39:13.579+0100] {dagbag.py:539} INFO - Filling up the DagBag from /home/samuel/dev/airflow_learning/venv/lib/python3.10/site-packages/airflow/example_dags/plugins/workday.py
[2023-08-24T15:39:14.046+0100] {processor.py:841} WARNING - No viable dags retrieved from /home/samuel/dev/airflow_learning/venv/lib/python3.10/site-packages/airflow/example_dags/plugins/workday.py
[2023-08-24T15:39:14.052+0100] {processor.py:179} INFO - Processing /home/samuel/dev/airflow_learning/venv/lib/python3.10/site-packages/airflow/example_dags/plugins/workday.py took 0.506 seconds
[2023-08-24T15:40:12.514+0100] {processor.py:157} INFO - Started process (PID=6576) to work on /home/samuel/dev/airflow_learning/venv/lib/python3.10/site-packages/airflow/example_dags/plugins/workday.py
[2023-08-24T15:40:12.544+0100] {processor.py:829} INFO - Processing file /home/samuel/dev/airflow_learning/venv/lib/python3.10/site-packages/airflow/example_dags/plugins/workday.py for tasks to queue
[2023-08-24T15:40:12.545+0100] {logging_mixin.py:151} INFO - [2023-08-24T15:40:12.544+0100] {dagbag.py:539} INFO - Filling up the DagBag from /home/samuel/dev/airflow_learning/venv/lib/python3.10/site-packages/airflow/example_dags/plugins/workday.py
[2023-08-24T15:40:13.009+0100] {processor.py:841} WARNING - No viable dags retrieved from /home/samuel/dev/airflow_learning/venv/lib/python3.10/site-packages/airflow/example_dags/plugins/workday.py
[2023-08-24T15:40:13.015+0100] {processor.py:179} INFO - Processing /home/samuel/dev/airflow_learning/venv/lib/python3.10/site-packages/airflow/example_dags/plugins/workday.py took 0.505 seconds
[2023-08-24T15:40:47.074+0100] {processor.py:157} INFO - Started process (PID=6612) to work on /home/samuel/dev/airflow_learning/venv/lib/python3.10/site-packages/airflow/example_dags/plugins/workday.py
[2023-08-24T15:40:47.075+0100] {processor.py:829} INFO - Processing file /home/samuel/dev/airflow_learning/venv/lib/python3.10/site-packages/airflow/example_dags/plugins/workday.py for tasks to queue
[2023-08-24T15:40:47.076+0100] {logging_mixin.py:151} INFO - [2023-08-24T15:40:47.076+0100] {dagbag.py:539} INFO - Filling up the DagBag from /home/samuel/dev/airflow_learning/venv/lib/python3.10/site-packages/airflow/example_dags/plugins/workday.py
[2023-08-24T15:40:47.545+0100] {processor.py:841} WARNING - No viable dags retrieved from /home/samuel/dev/airflow_learning/venv/lib/python3.10/site-packages/airflow/example_dags/plugins/workday.py
[2023-08-24T15:40:47.551+0100] {processor.py:179} INFO - Processing /home/samuel/dev/airflow_learning/venv/lib/python3.10/site-packages/airflow/example_dags/plugins/workday.py took 0.480 seconds
[2023-08-24T15:41:39.685+0100] {processor.py:157} INFO - Started process (PID=6662) to work on /home/samuel/dev/airflow_learning/venv/lib/python3.10/site-packages/airflow/example_dags/plugins/workday.py
[2023-08-24T15:41:39.687+0100] {processor.py:829} INFO - Processing file /home/samuel/dev/airflow_learning/venv/lib/python3.10/site-packages/airflow/example_dags/plugins/workday.py for tasks to queue
[2023-08-24T15:41:39.688+0100] {logging_mixin.py:151} INFO - [2023-08-24T15:41:39.688+0100] {dagbag.py:539} INFO - Filling up the DagBag from /home/samuel/dev/airflow_learning/venv/lib/python3.10/site-packages/airflow/example_dags/plugins/workday.py
[2023-08-24T15:41:40.161+0100] {processor.py:841} WARNING - No viable dags retrieved from /home/samuel/dev/airflow_learning/venv/lib/python3.10/site-packages/airflow/example_dags/plugins/workday.py
[2023-08-24T15:41:40.167+0100] {processor.py:179} INFO - Processing /home/samuel/dev/airflow_learning/venv/lib/python3.10/site-packages/airflow/example_dags/plugins/workday.py took 0.485 seconds
[2023-08-24T15:42:30.001+0100] {processor.py:157} INFO - Started process (PID=6771) to work on /home/samuel/dev/airflow_learning/venv/lib/python3.10/site-packages/airflow/example_dags/plugins/workday.py
[2023-08-24T15:42:30.011+0100] {processor.py:829} INFO - Processing file /home/samuel/dev/airflow_learning/venv/lib/python3.10/site-packages/airflow/example_dags/plugins/workday.py for tasks to queue
[2023-08-24T15:42:30.012+0100] {logging_mixin.py:151} INFO - [2023-08-24T15:42:30.011+0100] {dagbag.py:539} INFO - Filling up the DagBag from /home/samuel/dev/airflow_learning/venv/lib/python3.10/site-packages/airflow/example_dags/plugins/workday.py
[2023-08-24T15:42:30.480+0100] {processor.py:841} WARNING - No viable dags retrieved from /home/samuel/dev/airflow_learning/venv/lib/python3.10/site-packages/airflow/example_dags/plugins/workday.py
[2023-08-24T15:42:30.485+0100] {processor.py:179} INFO - Processing /home/samuel/dev/airflow_learning/venv/lib/python3.10/site-packages/airflow/example_dags/plugins/workday.py took 0.488 seconds
[2023-08-24T15:43:24.838+0100] {processor.py:157} INFO - Started process (PID=6825) to work on /home/samuel/dev/airflow_learning/venv/lib/python3.10/site-packages/airflow/example_dags/plugins/workday.py
[2023-08-24T15:43:24.840+0100] {processor.py:829} INFO - Processing file /home/samuel/dev/airflow_learning/venv/lib/python3.10/site-packages/airflow/example_dags/plugins/workday.py for tasks to queue
[2023-08-24T15:43:24.841+0100] {logging_mixin.py:151} INFO - [2023-08-24T15:43:24.841+0100] {dagbag.py:539} INFO - Filling up the DagBag from /home/samuel/dev/airflow_learning/venv/lib/python3.10/site-packages/airflow/example_dags/plugins/workday.py
[2023-08-24T15:43:25.312+0100] {processor.py:841} WARNING - No viable dags retrieved from /home/samuel/dev/airflow_learning/venv/lib/python3.10/site-packages/airflow/example_dags/plugins/workday.py
[2023-08-24T15:43:25.318+0100] {processor.py:179} INFO - Processing /home/samuel/dev/airflow_learning/venv/lib/python3.10/site-packages/airflow/example_dags/plugins/workday.py took 0.484 seconds
[2023-08-24T15:44:17.224+0100] {processor.py:157} INFO - Started process (PID=6875) to work on /home/samuel/dev/airflow_learning/venv/lib/python3.10/site-packages/airflow/example_dags/plugins/workday.py
[2023-08-24T15:44:17.257+0100] {processor.py:829} INFO - Processing file /home/samuel/dev/airflow_learning/venv/lib/python3.10/site-packages/airflow/example_dags/plugins/workday.py for tasks to queue
[2023-08-24T15:44:17.258+0100] {logging_mixin.py:151} INFO - [2023-08-24T15:44:17.258+0100] {dagbag.py:539} INFO - Filling up the DagBag from /home/samuel/dev/airflow_learning/venv/lib/python3.10/site-packages/airflow/example_dags/plugins/workday.py
[2023-08-24T15:44:17.713+0100] {processor.py:841} WARNING - No viable dags retrieved from /home/samuel/dev/airflow_learning/venv/lib/python3.10/site-packages/airflow/example_dags/plugins/workday.py
[2023-08-24T15:44:17.719+0100] {processor.py:179} INFO - Processing /home/samuel/dev/airflow_learning/venv/lib/python3.10/site-packages/airflow/example_dags/plugins/workday.py took 0.497 seconds
[2023-08-24T15:45:08.741+0100] {processor.py:157} INFO - Started process (PID=6925) to work on /home/samuel/dev/airflow_learning/venv/lib/python3.10/site-packages/airflow/example_dags/plugins/workday.py
[2023-08-24T15:45:08.744+0100] {processor.py:829} INFO - Processing file /home/samuel/dev/airflow_learning/venv/lib/python3.10/site-packages/airflow/example_dags/plugins/workday.py for tasks to queue
[2023-08-24T15:45:08.746+0100] {logging_mixin.py:151} INFO - [2023-08-24T15:45:08.745+0100] {dagbag.py:539} INFO - Filling up the DagBag from /home/samuel/dev/airflow_learning/venv/lib/python3.10/site-packages/airflow/example_dags/plugins/workday.py
[2023-08-24T15:45:09.210+0100] {processor.py:841} WARNING - No viable dags retrieved from /home/samuel/dev/airflow_learning/venv/lib/python3.10/site-packages/airflow/example_dags/plugins/workday.py
[2023-08-24T15:45:09.217+0100] {processor.py:179} INFO - Processing /home/samuel/dev/airflow_learning/venv/lib/python3.10/site-packages/airflow/example_dags/plugins/workday.py took 0.479 seconds
[2023-08-24T15:45:59.097+0100] {processor.py:157} INFO - Started process (PID=6973) to work on /home/samuel/dev/airflow_learning/venv/lib/python3.10/site-packages/airflow/example_dags/plugins/workday.py
[2023-08-24T15:45:59.133+0100] {processor.py:829} INFO - Processing file /home/samuel/dev/airflow_learning/venv/lib/python3.10/site-packages/airflow/example_dags/plugins/workday.py for tasks to queue
[2023-08-24T15:45:59.134+0100] {logging_mixin.py:151} INFO - [2023-08-24T15:45:59.134+0100] {dagbag.py:539} INFO - Filling up the DagBag from /home/samuel/dev/airflow_learning/venv/lib/python3.10/site-packages/airflow/example_dags/plugins/workday.py
[2023-08-24T15:45:59.591+0100] {processor.py:841} WARNING - No viable dags retrieved from /home/samuel/dev/airflow_learning/venv/lib/python3.10/site-packages/airflow/example_dags/plugins/workday.py
[2023-08-24T15:45:59.596+0100] {processor.py:179} INFO - Processing /home/samuel/dev/airflow_learning/venv/lib/python3.10/site-packages/airflow/example_dags/plugins/workday.py took 0.503 seconds
[2023-08-24T15:46:54.919+0100] {processor.py:157} INFO - Started process (PID=7024) to work on /home/samuel/dev/airflow_learning/venv/lib/python3.10/site-packages/airflow/example_dags/plugins/workday.py
[2023-08-24T15:46:54.921+0100] {processor.py:829} INFO - Processing file /home/samuel/dev/airflow_learning/venv/lib/python3.10/site-packages/airflow/example_dags/plugins/workday.py for tasks to queue
[2023-08-24T15:46:54.923+0100] {logging_mixin.py:151} INFO - [2023-08-24T15:46:54.922+0100] {dagbag.py:539} INFO - Filling up the DagBag from /home/samuel/dev/airflow_learning/venv/lib/python3.10/site-packages/airflow/example_dags/plugins/workday.py
[2023-08-24T15:46:55.391+0100] {processor.py:841} WARNING - No viable dags retrieved from /home/samuel/dev/airflow_learning/venv/lib/python3.10/site-packages/airflow/example_dags/plugins/workday.py
[2023-08-24T15:46:55.397+0100] {processor.py:179} INFO - Processing /home/samuel/dev/airflow_learning/venv/lib/python3.10/site-packages/airflow/example_dags/plugins/workday.py took 0.482 seconds
[2023-08-24T15:47:46.123+0100] {processor.py:157} INFO - Started process (PID=7073) to work on /home/samuel/dev/airflow_learning/venv/lib/python3.10/site-packages/airflow/example_dags/plugins/workday.py
[2023-08-24T15:47:46.156+0100] {processor.py:829} INFO - Processing file /home/samuel/dev/airflow_learning/venv/lib/python3.10/site-packages/airflow/example_dags/plugins/workday.py for tasks to queue
[2023-08-24T15:47:46.157+0100] {logging_mixin.py:151} INFO - [2023-08-24T15:47:46.156+0100] {dagbag.py:539} INFO - Filling up the DagBag from /home/samuel/dev/airflow_learning/venv/lib/python3.10/site-packages/airflow/example_dags/plugins/workday.py
[2023-08-24T15:47:46.633+0100] {processor.py:841} WARNING - No viable dags retrieved from /home/samuel/dev/airflow_learning/venv/lib/python3.10/site-packages/airflow/example_dags/plugins/workday.py
[2023-08-24T15:47:46.640+0100] {processor.py:179} INFO - Processing /home/samuel/dev/airflow_learning/venv/lib/python3.10/site-packages/airflow/example_dags/plugins/workday.py took 0.521 seconds
[2023-08-24T15:48:41.069+0100] {processor.py:157} INFO - Started process (PID=7142) to work on /home/samuel/dev/airflow_learning/venv/lib/python3.10/site-packages/airflow/example_dags/plugins/workday.py
[2023-08-24T15:48:41.105+0100] {processor.py:829} INFO - Processing file /home/samuel/dev/airflow_learning/venv/lib/python3.10/site-packages/airflow/example_dags/plugins/workday.py for tasks to queue
[2023-08-24T15:48:41.106+0100] {logging_mixin.py:151} INFO - [2023-08-24T15:48:41.106+0100] {dagbag.py:539} INFO - Filling up the DagBag from /home/samuel/dev/airflow_learning/venv/lib/python3.10/site-packages/airflow/example_dags/plugins/workday.py
[2023-08-24T15:48:41.573+0100] {processor.py:841} WARNING - No viable dags retrieved from /home/samuel/dev/airflow_learning/venv/lib/python3.10/site-packages/airflow/example_dags/plugins/workday.py
[2023-08-24T15:48:41.579+0100] {processor.py:179} INFO - Processing /home/samuel/dev/airflow_learning/venv/lib/python3.10/site-packages/airflow/example_dags/plugins/workday.py took 0.514 seconds
[2023-08-24T15:49:30.798+0100] {processor.py:157} INFO - Started process (PID=7190) to work on /home/samuel/dev/airflow_learning/venv/lib/python3.10/site-packages/airflow/example_dags/plugins/workday.py
[2023-08-24T15:49:30.831+0100] {processor.py:829} INFO - Processing file /home/samuel/dev/airflow_learning/venv/lib/python3.10/site-packages/airflow/example_dags/plugins/workday.py for tasks to queue
[2023-08-24T15:49:30.833+0100] {logging_mixin.py:151} INFO - [2023-08-24T15:49:30.832+0100] {dagbag.py:539} INFO - Filling up the DagBag from /home/samuel/dev/airflow_learning/venv/lib/python3.10/site-packages/airflow/example_dags/plugins/workday.py
[2023-08-24T15:49:31.299+0100] {processor.py:841} WARNING - No viable dags retrieved from /home/samuel/dev/airflow_learning/venv/lib/python3.10/site-packages/airflow/example_dags/plugins/workday.py
[2023-08-24T15:49:31.305+0100] {processor.py:179} INFO - Processing /home/samuel/dev/airflow_learning/venv/lib/python3.10/site-packages/airflow/example_dags/plugins/workday.py took 0.510 seconds
[2023-08-24T15:50:18.990+0100] {processor.py:157} INFO - Started process (PID=7236) to work on /home/samuel/dev/airflow_learning/venv/lib/python3.10/site-packages/airflow/example_dags/plugins/workday.py
[2023-08-24T15:50:19.002+0100] {processor.py:829} INFO - Processing file /home/samuel/dev/airflow_learning/venv/lib/python3.10/site-packages/airflow/example_dags/plugins/workday.py for tasks to queue
[2023-08-24T15:50:19.003+0100] {logging_mixin.py:151} INFO - [2023-08-24T15:50:19.003+0100] {dagbag.py:539} INFO - Filling up the DagBag from /home/samuel/dev/airflow_learning/venv/lib/python3.10/site-packages/airflow/example_dags/plugins/workday.py
[2023-08-24T15:50:19.465+0100] {processor.py:841} WARNING - No viable dags retrieved from /home/samuel/dev/airflow_learning/venv/lib/python3.10/site-packages/airflow/example_dags/plugins/workday.py
[2023-08-24T15:50:19.471+0100] {processor.py:179} INFO - Processing /home/samuel/dev/airflow_learning/venv/lib/python3.10/site-packages/airflow/example_dags/plugins/workday.py took 0.484 seconds
[2023-08-24T15:51:12.915+0100] {processor.py:157} INFO - Started process (PID=7284) to work on /home/samuel/dev/airflow_learning/venv/lib/python3.10/site-packages/airflow/example_dags/plugins/workday.py
[2023-08-24T15:51:12.918+0100] {processor.py:829} INFO - Processing file /home/samuel/dev/airflow_learning/venv/lib/python3.10/site-packages/airflow/example_dags/plugins/workday.py for tasks to queue
[2023-08-24T15:51:12.919+0100] {logging_mixin.py:151} INFO - [2023-08-24T15:51:12.918+0100] {dagbag.py:539} INFO - Filling up the DagBag from /home/samuel/dev/airflow_learning/venv/lib/python3.10/site-packages/airflow/example_dags/plugins/workday.py
[2023-08-24T15:51:13.379+0100] {processor.py:841} WARNING - No viable dags retrieved from /home/samuel/dev/airflow_learning/venv/lib/python3.10/site-packages/airflow/example_dags/plugins/workday.py
[2023-08-24T15:51:13.385+0100] {processor.py:179} INFO - Processing /home/samuel/dev/airflow_learning/venv/lib/python3.10/site-packages/airflow/example_dags/plugins/workday.py took 0.474 seconds
[2023-08-24T15:52:03.774+0100] {processor.py:157} INFO - Started process (PID=7343) to work on /home/samuel/dev/airflow_learning/venv/lib/python3.10/site-packages/airflow/example_dags/plugins/workday.py
[2023-08-24T15:52:03.777+0100] {processor.py:829} INFO - Processing file /home/samuel/dev/airflow_learning/venv/lib/python3.10/site-packages/airflow/example_dags/plugins/workday.py for tasks to queue
[2023-08-24T15:52:03.778+0100] {logging_mixin.py:151} INFO - [2023-08-24T15:52:03.778+0100] {dagbag.py:539} INFO - Filling up the DagBag from /home/samuel/dev/airflow_learning/venv/lib/python3.10/site-packages/airflow/example_dags/plugins/workday.py
[2023-08-24T15:52:04.249+0100] {processor.py:841} WARNING - No viable dags retrieved from /home/samuel/dev/airflow_learning/venv/lib/python3.10/site-packages/airflow/example_dags/plugins/workday.py
[2023-08-24T15:52:04.256+0100] {processor.py:179} INFO - Processing /home/samuel/dev/airflow_learning/venv/lib/python3.10/site-packages/airflow/example_dags/plugins/workday.py took 0.486 seconds
[2023-08-24T15:52:50.626+0100] {processor.py:157} INFO - Started process (PID=7390) to work on /home/samuel/dev/airflow_learning/venv/lib/python3.10/site-packages/airflow/example_dags/plugins/workday.py
[2023-08-24T15:52:50.629+0100] {processor.py:829} INFO - Processing file /home/samuel/dev/airflow_learning/venv/lib/python3.10/site-packages/airflow/example_dags/plugins/workday.py for tasks to queue
[2023-08-24T15:52:50.630+0100] {logging_mixin.py:151} INFO - [2023-08-24T15:52:50.630+0100] {dagbag.py:539} INFO - Filling up the DagBag from /home/samuel/dev/airflow_learning/venv/lib/python3.10/site-packages/airflow/example_dags/plugins/workday.py
[2023-08-24T15:52:51.090+0100] {processor.py:841} WARNING - No viable dags retrieved from /home/samuel/dev/airflow_learning/venv/lib/python3.10/site-packages/airflow/example_dags/plugins/workday.py
[2023-08-24T15:52:51.096+0100] {processor.py:179} INFO - Processing /home/samuel/dev/airflow_learning/venv/lib/python3.10/site-packages/airflow/example_dags/plugins/workday.py took 0.474 seconds
[2023-08-24T15:53:45.303+0100] {processor.py:157} INFO - Started process (PID=7509) to work on /home/samuel/dev/airflow_learning/venv/lib/python3.10/site-packages/airflow/example_dags/plugins/workday.py
[2023-08-24T15:53:45.320+0100] {processor.py:829} INFO - Processing file /home/samuel/dev/airflow_learning/venv/lib/python3.10/site-packages/airflow/example_dags/plugins/workday.py for tasks to queue
[2023-08-24T15:53:45.321+0100] {logging_mixin.py:151} INFO - [2023-08-24T15:53:45.320+0100] {dagbag.py:539} INFO - Filling up the DagBag from /home/samuel/dev/airflow_learning/venv/lib/python3.10/site-packages/airflow/example_dags/plugins/workday.py
[2023-08-24T15:53:45.786+0100] {processor.py:841} WARNING - No viable dags retrieved from /home/samuel/dev/airflow_learning/venv/lib/python3.10/site-packages/airflow/example_dags/plugins/workday.py
[2023-08-24T15:53:45.792+0100] {processor.py:179} INFO - Processing /home/samuel/dev/airflow_learning/venv/lib/python3.10/site-packages/airflow/example_dags/plugins/workday.py took 0.493 seconds
[2023-08-24T15:54:19.949+0100] {processor.py:157} INFO - Started process (PID=7564) to work on /home/samuel/dev/airflow_learning/venv/lib/python3.10/site-packages/airflow/example_dags/plugins/workday.py
[2023-08-24T15:54:19.967+0100] {processor.py:829} INFO - Processing file /home/samuel/dev/airflow_learning/venv/lib/python3.10/site-packages/airflow/example_dags/plugins/workday.py for tasks to queue
[2023-08-24T15:54:19.968+0100] {logging_mixin.py:151} INFO - [2023-08-24T15:54:19.967+0100] {dagbag.py:539} INFO - Filling up the DagBag from /home/samuel/dev/airflow_learning/venv/lib/python3.10/site-packages/airflow/example_dags/plugins/workday.py
[2023-08-24T15:54:20.478+0100] {processor.py:841} WARNING - No viable dags retrieved from /home/samuel/dev/airflow_learning/venv/lib/python3.10/site-packages/airflow/example_dags/plugins/workday.py
[2023-08-24T15:54:20.485+0100] {processor.py:179} INFO - Processing /home/samuel/dev/airflow_learning/venv/lib/python3.10/site-packages/airflow/example_dags/plugins/workday.py took 0.539 seconds
[2023-08-24T15:54:53.046+0100] {processor.py:157} INFO - Started process (PID=7600) to work on /home/samuel/dev/airflow_learning/venv/lib/python3.10/site-packages/airflow/example_dags/plugins/workday.py
[2023-08-24T15:54:53.048+0100] {processor.py:829} INFO - Processing file /home/samuel/dev/airflow_learning/venv/lib/python3.10/site-packages/airflow/example_dags/plugins/workday.py for tasks to queue
[2023-08-24T15:54:53.049+0100] {logging_mixin.py:151} INFO - [2023-08-24T15:54:53.048+0100] {dagbag.py:539} INFO - Filling up the DagBag from /home/samuel/dev/airflow_learning/venv/lib/python3.10/site-packages/airflow/example_dags/plugins/workday.py
[2023-08-24T15:54:53.515+0100] {processor.py:841} WARNING - No viable dags retrieved from /home/samuel/dev/airflow_learning/venv/lib/python3.10/site-packages/airflow/example_dags/plugins/workday.py
[2023-08-24T15:54:53.521+0100] {processor.py:179} INFO - Processing /home/samuel/dev/airflow_learning/venv/lib/python3.10/site-packages/airflow/example_dags/plugins/workday.py took 0.479 seconds
[2023-08-24T15:55:49.795+0100] {processor.py:157} INFO - Started process (PID=7649) to work on /home/samuel/dev/airflow_learning/venv/lib/python3.10/site-packages/airflow/example_dags/plugins/workday.py
[2023-08-24T15:55:49.797+0100] {processor.py:829} INFO - Processing file /home/samuel/dev/airflow_learning/venv/lib/python3.10/site-packages/airflow/example_dags/plugins/workday.py for tasks to queue
[2023-08-24T15:55:49.798+0100] {logging_mixin.py:151} INFO - [2023-08-24T15:55:49.797+0100] {dagbag.py:539} INFO - Filling up the DagBag from /home/samuel/dev/airflow_learning/venv/lib/python3.10/site-packages/airflow/example_dags/plugins/workday.py
[2023-08-24T15:55:50.320+0100] {processor.py:841} WARNING - No viable dags retrieved from /home/samuel/dev/airflow_learning/venv/lib/python3.10/site-packages/airflow/example_dags/plugins/workday.py
[2023-08-24T15:55:50.327+0100] {processor.py:179} INFO - Processing /home/samuel/dev/airflow_learning/venv/lib/python3.10/site-packages/airflow/example_dags/plugins/workday.py took 0.536 seconds
[2023-08-24T15:56:41.460+0100] {processor.py:157} INFO - Started process (PID=7834) to work on /home/samuel/dev/airflow_learning/venv/lib/python3.10/site-packages/airflow/example_dags/plugins/workday.py
[2023-08-24T15:56:41.503+0100] {processor.py:829} INFO - Processing file /home/samuel/dev/airflow_learning/venv/lib/python3.10/site-packages/airflow/example_dags/plugins/workday.py for tasks to queue
[2023-08-24T15:56:41.504+0100] {logging_mixin.py:151} INFO - [2023-08-24T15:56:41.503+0100] {dagbag.py:539} INFO - Filling up the DagBag from /home/samuel/dev/airflow_learning/venv/lib/python3.10/site-packages/airflow/example_dags/plugins/workday.py
[2023-08-24T15:56:42.006+0100] {processor.py:841} WARNING - No viable dags retrieved from /home/samuel/dev/airflow_learning/venv/lib/python3.10/site-packages/airflow/example_dags/plugins/workday.py
[2023-08-24T15:56:42.013+0100] {processor.py:179} INFO - Processing /home/samuel/dev/airflow_learning/venv/lib/python3.10/site-packages/airflow/example_dags/plugins/workday.py took 0.557 seconds
[2023-08-24T15:57:32.655+0100] {processor.py:157} INFO - Started process (PID=7888) to work on /home/samuel/dev/airflow_learning/venv/lib/python3.10/site-packages/airflow/example_dags/plugins/workday.py
[2023-08-24T15:57:32.685+0100] {processor.py:829} INFO - Processing file /home/samuel/dev/airflow_learning/venv/lib/python3.10/site-packages/airflow/example_dags/plugins/workday.py for tasks to queue
[2023-08-24T15:57:32.686+0100] {logging_mixin.py:151} INFO - [2023-08-24T15:57:32.686+0100] {dagbag.py:539} INFO - Filling up the DagBag from /home/samuel/dev/airflow_learning/venv/lib/python3.10/site-packages/airflow/example_dags/plugins/workday.py
[2023-08-24T15:57:33.144+0100] {processor.py:841} WARNING - No viable dags retrieved from /home/samuel/dev/airflow_learning/venv/lib/python3.10/site-packages/airflow/example_dags/plugins/workday.py
[2023-08-24T15:57:33.150+0100] {processor.py:179} INFO - Processing /home/samuel/dev/airflow_learning/venv/lib/python3.10/site-packages/airflow/example_dags/plugins/workday.py took 0.499 seconds
[2023-08-24T15:58:24.837+0100] {processor.py:157} INFO - Started process (PID=7947) to work on /home/samuel/dev/airflow_learning/venv/lib/python3.10/site-packages/airflow/example_dags/plugins/workday.py
[2023-08-24T15:58:24.878+0100] {processor.py:829} INFO - Processing file /home/samuel/dev/airflow_learning/venv/lib/python3.10/site-packages/airflow/example_dags/plugins/workday.py for tasks to queue
[2023-08-24T15:58:24.879+0100] {logging_mixin.py:151} INFO - [2023-08-24T15:58:24.879+0100] {dagbag.py:539} INFO - Filling up the DagBag from /home/samuel/dev/airflow_learning/venv/lib/python3.10/site-packages/airflow/example_dags/plugins/workday.py
[2023-08-24T15:58:25.379+0100] {processor.py:841} WARNING - No viable dags retrieved from /home/samuel/dev/airflow_learning/venv/lib/python3.10/site-packages/airflow/example_dags/plugins/workday.py
[2023-08-24T15:58:25.385+0100] {processor.py:179} INFO - Processing /home/samuel/dev/airflow_learning/venv/lib/python3.10/site-packages/airflow/example_dags/plugins/workday.py took 0.551 seconds
[2023-08-24T15:59:19.824+0100] {processor.py:157} INFO - Started process (PID=8030) to work on /home/samuel/dev/airflow_learning/venv/lib/python3.10/site-packages/airflow/example_dags/plugins/workday.py
[2023-08-24T15:59:19.894+0100] {processor.py:829} INFO - Processing file /home/samuel/dev/airflow_learning/venv/lib/python3.10/site-packages/airflow/example_dags/plugins/workday.py for tasks to queue
[2023-08-24T15:59:19.895+0100] {logging_mixin.py:151} INFO - [2023-08-24T15:59:19.895+0100] {dagbag.py:539} INFO - Filling up the DagBag from /home/samuel/dev/airflow_learning/venv/lib/python3.10/site-packages/airflow/example_dags/plugins/workday.py
[2023-08-24T15:59:20.404+0100] {processor.py:841} WARNING - No viable dags retrieved from /home/samuel/dev/airflow_learning/venv/lib/python3.10/site-packages/airflow/example_dags/plugins/workday.py
[2023-08-24T15:59:20.414+0100] {processor.py:179} INFO - Processing /home/samuel/dev/airflow_learning/venv/lib/python3.10/site-packages/airflow/example_dags/plugins/workday.py took 0.593 seconds
[2023-08-24T16:00:17.438+0100] {processor.py:157} INFO - Started process (PID=8257) to work on /home/samuel/dev/airflow_learning/venv/lib/python3.10/site-packages/airflow/example_dags/plugins/workday.py
[2023-08-24T16:00:17.454+0100] {processor.py:829} INFO - Processing file /home/samuel/dev/airflow_learning/venv/lib/python3.10/site-packages/airflow/example_dags/plugins/workday.py for tasks to queue
[2023-08-24T16:00:17.455+0100] {logging_mixin.py:151} INFO - [2023-08-24T16:00:17.455+0100] {dagbag.py:539} INFO - Filling up the DagBag from /home/samuel/dev/airflow_learning/venv/lib/python3.10/site-packages/airflow/example_dags/plugins/workday.py
[2023-08-24T16:00:17.914+0100] {processor.py:841} WARNING - No viable dags retrieved from /home/samuel/dev/airflow_learning/venv/lib/python3.10/site-packages/airflow/example_dags/plugins/workday.py
[2023-08-24T16:00:17.920+0100] {processor.py:179} INFO - Processing /home/samuel/dev/airflow_learning/venv/lib/python3.10/site-packages/airflow/example_dags/plugins/workday.py took 0.487 seconds
[2023-08-24T16:01:11.593+0100] {processor.py:157} INFO - Started process (PID=8347) to work on /home/samuel/dev/airflow_learning/venv/lib/python3.10/site-packages/airflow/example_dags/plugins/workday.py
[2023-08-24T16:01:11.614+0100] {processor.py:829} INFO - Processing file /home/samuel/dev/airflow_learning/venv/lib/python3.10/site-packages/airflow/example_dags/plugins/workday.py for tasks to queue
[2023-08-24T16:01:11.615+0100] {logging_mixin.py:151} INFO - [2023-08-24T16:01:11.615+0100] {dagbag.py:539} INFO - Filling up the DagBag from /home/samuel/dev/airflow_learning/venv/lib/python3.10/site-packages/airflow/example_dags/plugins/workday.py
[2023-08-24T16:01:12.078+0100] {processor.py:841} WARNING - No viable dags retrieved from /home/samuel/dev/airflow_learning/venv/lib/python3.10/site-packages/airflow/example_dags/plugins/workday.py
[2023-08-24T16:01:12.084+0100] {processor.py:179} INFO - Processing /home/samuel/dev/airflow_learning/venv/lib/python3.10/site-packages/airflow/example_dags/plugins/workday.py took 0.495 seconds
[2023-08-24T16:02:06.154+0100] {processor.py:157} INFO - Started process (PID=8434) to work on /home/samuel/dev/airflow_learning/venv/lib/python3.10/site-packages/airflow/example_dags/plugins/workday.py
[2023-08-24T16:02:06.175+0100] {processor.py:829} INFO - Processing file /home/samuel/dev/airflow_learning/venv/lib/python3.10/site-packages/airflow/example_dags/plugins/workday.py for tasks to queue
[2023-08-24T16:02:06.176+0100] {logging_mixin.py:151} INFO - [2023-08-24T16:02:06.175+0100] {dagbag.py:539} INFO - Filling up the DagBag from /home/samuel/dev/airflow_learning/venv/lib/python3.10/site-packages/airflow/example_dags/plugins/workday.py
[2023-08-24T16:02:06.672+0100] {processor.py:841} WARNING - No viable dags retrieved from /home/samuel/dev/airflow_learning/venv/lib/python3.10/site-packages/airflow/example_dags/plugins/workday.py
[2023-08-24T16:02:06.678+0100] {processor.py:179} INFO - Processing /home/samuel/dev/airflow_learning/venv/lib/python3.10/site-packages/airflow/example_dags/plugins/workday.py took 0.528 seconds
[2023-08-24T16:02:56.061+0100] {processor.py:157} INFO - Started process (PID=8490) to work on /home/samuel/dev/airflow_learning/venv/lib/python3.10/site-packages/airflow/example_dags/plugins/workday.py
[2023-08-24T16:02:56.069+0100] {processor.py:829} INFO - Processing file /home/samuel/dev/airflow_learning/venv/lib/python3.10/site-packages/airflow/example_dags/plugins/workday.py for tasks to queue
[2023-08-24T16:02:56.070+0100] {logging_mixin.py:151} INFO - [2023-08-24T16:02:56.069+0100] {dagbag.py:539} INFO - Filling up the DagBag from /home/samuel/dev/airflow_learning/venv/lib/python3.10/site-packages/airflow/example_dags/plugins/workday.py
[2023-08-24T16:02:56.537+0100] {processor.py:841} WARNING - No viable dags retrieved from /home/samuel/dev/airflow_learning/venv/lib/python3.10/site-packages/airflow/example_dags/plugins/workday.py
[2023-08-24T16:02:56.543+0100] {processor.py:179} INFO - Processing /home/samuel/dev/airflow_learning/venv/lib/python3.10/site-packages/airflow/example_dags/plugins/workday.py took 0.486 seconds
[2023-08-24T16:03:50.280+0100] {processor.py:157} INFO - Started process (PID=8567) to work on /home/samuel/dev/airflow_learning/venv/lib/python3.10/site-packages/airflow/example_dags/plugins/workday.py
[2023-08-24T16:03:50.306+0100] {processor.py:829} INFO - Processing file /home/samuel/dev/airflow_learning/venv/lib/python3.10/site-packages/airflow/example_dags/plugins/workday.py for tasks to queue
[2023-08-24T16:03:50.308+0100] {logging_mixin.py:151} INFO - [2023-08-24T16:03:50.307+0100] {dagbag.py:539} INFO - Filling up the DagBag from /home/samuel/dev/airflow_learning/venv/lib/python3.10/site-packages/airflow/example_dags/plugins/workday.py
[2023-08-24T16:03:50.796+0100] {processor.py:841} WARNING - No viable dags retrieved from /home/samuel/dev/airflow_learning/venv/lib/python3.10/site-packages/airflow/example_dags/plugins/workday.py
[2023-08-24T16:03:50.802+0100] {processor.py:179} INFO - Processing /home/samuel/dev/airflow_learning/venv/lib/python3.10/site-packages/airflow/example_dags/plugins/workday.py took 0.525 seconds
