[2023-08-24T15:21:51.552+0100] {processor.py:157} INFO - Started process (PID=5328) to work on /home/samuel/dev/airflow_learning/venv/lib/python3.10/site-packages/airflow/example_dags/subdags/subdag.py
[2023-08-24T15:21:51.553+0100] {processor.py:829} INFO - Processing file /home/samuel/dev/airflow_learning/venv/lib/python3.10/site-packages/airflow/example_dags/subdags/subdag.py for tasks to queue
[2023-08-24T15:21:51.554+0100] {logging_mixin.py:151} INFO - [2023-08-24T15:21:51.554+0100] {dagbag.py:539} INFO - Filling up the DagBag from /home/samuel/dev/airflow_learning/venv/lib/python3.10/site-packages/airflow/example_dags/subdags/subdag.py
[2023-08-24T15:21:51.557+0100] {processor.py:841} WARNING - No viable dags retrieved from /home/samuel/dev/airflow_learning/venv/lib/python3.10/site-packages/airflow/example_dags/subdags/subdag.py
[2023-08-24T15:21:51.567+0100] {processor.py:179} INFO - Processing /home/samuel/dev/airflow_learning/venv/lib/python3.10/site-packages/airflow/example_dags/subdags/subdag.py took 0.018 seconds
[2023-08-24T15:23:19.541+0100] {processor.py:157} INFO - Started process (PID=5391) to work on /home/samuel/dev/airflow_learning/venv/lib/python3.10/site-packages/airflow/example_dags/subdags/subdag.py
[2023-08-24T15:23:19.567+0100] {processor.py:829} INFO - Processing file /home/samuel/dev/airflow_learning/venv/lib/python3.10/site-packages/airflow/example_dags/subdags/subdag.py for tasks to queue
[2023-08-24T15:23:19.568+0100] {logging_mixin.py:151} INFO - [2023-08-24T15:23:19.568+0100] {dagbag.py:539} INFO - Filling up the DagBag from /home/samuel/dev/airflow_learning/venv/lib/python3.10/site-packages/airflow/example_dags/subdags/subdag.py
[2023-08-24T15:23:19.571+0100] {processor.py:841} WARNING - No viable dags retrieved from /home/samuel/dev/airflow_learning/venv/lib/python3.10/site-packages/airflow/example_dags/subdags/subdag.py
[2023-08-24T15:23:19.584+0100] {processor.py:179} INFO - Processing /home/samuel/dev/airflow_learning/venv/lib/python3.10/site-packages/airflow/example_dags/subdags/subdag.py took 0.047 seconds
[2023-08-24T15:23:57.083+0100] {processor.py:157} INFO - Started process (PID=5434) to work on /home/samuel/dev/airflow_learning/venv/lib/python3.10/site-packages/airflow/example_dags/subdags/subdag.py
[2023-08-24T15:23:57.104+0100] {processor.py:829} INFO - Processing file /home/samuel/dev/airflow_learning/venv/lib/python3.10/site-packages/airflow/example_dags/subdags/subdag.py for tasks to queue
[2023-08-24T15:23:57.105+0100] {logging_mixin.py:151} INFO - [2023-08-24T15:23:57.105+0100] {dagbag.py:539} INFO - Filling up the DagBag from /home/samuel/dev/airflow_learning/venv/lib/python3.10/site-packages/airflow/example_dags/subdags/subdag.py
[2023-08-24T15:23:57.108+0100] {processor.py:841} WARNING - No viable dags retrieved from /home/samuel/dev/airflow_learning/venv/lib/python3.10/site-packages/airflow/example_dags/subdags/subdag.py
[2023-08-24T15:23:57.121+0100] {processor.py:179} INFO - Processing /home/samuel/dev/airflow_learning/venv/lib/python3.10/site-packages/airflow/example_dags/subdags/subdag.py took 0.042 seconds
[2023-08-24T15:24:48.842+0100] {processor.py:157} INFO - Started process (PID=5489) to work on /home/samuel/dev/airflow_learning/venv/lib/python3.10/site-packages/airflow/example_dags/subdags/subdag.py
[2023-08-24T15:24:48.886+0100] {processor.py:829} INFO - Processing file /home/samuel/dev/airflow_learning/venv/lib/python3.10/site-packages/airflow/example_dags/subdags/subdag.py for tasks to queue
[2023-08-24T15:24:48.887+0100] {logging_mixin.py:151} INFO - [2023-08-24T15:24:48.886+0100] {dagbag.py:539} INFO - Filling up the DagBag from /home/samuel/dev/airflow_learning/venv/lib/python3.10/site-packages/airflow/example_dags/subdags/subdag.py
[2023-08-24T15:24:48.889+0100] {processor.py:841} WARNING - No viable dags retrieved from /home/samuel/dev/airflow_learning/venv/lib/python3.10/site-packages/airflow/example_dags/subdags/subdag.py
[2023-08-24T15:24:48.899+0100] {processor.py:179} INFO - Processing /home/samuel/dev/airflow_learning/venv/lib/python3.10/site-packages/airflow/example_dags/subdags/subdag.py took 0.061 seconds
[2023-08-24T15:25:39.173+0100] {processor.py:157} INFO - Started process (PID=5538) to work on /home/samuel/dev/airflow_learning/venv/lib/python3.10/site-packages/airflow/example_dags/subdags/subdag.py
[2023-08-24T15:25:39.201+0100] {processor.py:829} INFO - Processing file /home/samuel/dev/airflow_learning/venv/lib/python3.10/site-packages/airflow/example_dags/subdags/subdag.py for tasks to queue
[2023-08-24T15:25:39.202+0100] {logging_mixin.py:151} INFO - [2023-08-24T15:25:39.201+0100] {dagbag.py:539} INFO - Filling up the DagBag from /home/samuel/dev/airflow_learning/venv/lib/python3.10/site-packages/airflow/example_dags/subdags/subdag.py
[2023-08-24T15:25:39.204+0100] {processor.py:841} WARNING - No viable dags retrieved from /home/samuel/dev/airflow_learning/venv/lib/python3.10/site-packages/airflow/example_dags/subdags/subdag.py
[2023-08-24T15:25:39.217+0100] {processor.py:179} INFO - Processing /home/samuel/dev/airflow_learning/venv/lib/python3.10/site-packages/airflow/example_dags/subdags/subdag.py took 0.048 seconds
[2023-08-24T15:26:35.534+0100] {processor.py:157} INFO - Started process (PID=5589) to work on /home/samuel/dev/airflow_learning/venv/lib/python3.10/site-packages/airflow/example_dags/subdags/subdag.py
[2023-08-24T15:26:35.561+0100] {processor.py:829} INFO - Processing file /home/samuel/dev/airflow_learning/venv/lib/python3.10/site-packages/airflow/example_dags/subdags/subdag.py for tasks to queue
[2023-08-24T15:26:35.562+0100] {logging_mixin.py:151} INFO - [2023-08-24T15:26:35.562+0100] {dagbag.py:539} INFO - Filling up the DagBag from /home/samuel/dev/airflow_learning/venv/lib/python3.10/site-packages/airflow/example_dags/subdags/subdag.py
[2023-08-24T15:26:35.564+0100] {processor.py:841} WARNING - No viable dags retrieved from /home/samuel/dev/airflow_learning/venv/lib/python3.10/site-packages/airflow/example_dags/subdags/subdag.py
[2023-08-24T15:26:35.577+0100] {processor.py:179} INFO - Processing /home/samuel/dev/airflow_learning/venv/lib/python3.10/site-packages/airflow/example_dags/subdags/subdag.py took 0.048 seconds
[2023-08-24T15:27:27.209+0100] {processor.py:157} INFO - Started process (PID=5640) to work on /home/samuel/dev/airflow_learning/venv/lib/python3.10/site-packages/airflow/example_dags/subdags/subdag.py
[2023-08-24T15:27:27.243+0100] {processor.py:829} INFO - Processing file /home/samuel/dev/airflow_learning/venv/lib/python3.10/site-packages/airflow/example_dags/subdags/subdag.py for tasks to queue
[2023-08-24T15:27:27.244+0100] {logging_mixin.py:151} INFO - [2023-08-24T15:27:27.244+0100] {dagbag.py:539} INFO - Filling up the DagBag from /home/samuel/dev/airflow_learning/venv/lib/python3.10/site-packages/airflow/example_dags/subdags/subdag.py
[2023-08-24T15:27:27.248+0100] {processor.py:841} WARNING - No viable dags retrieved from /home/samuel/dev/airflow_learning/venv/lib/python3.10/site-packages/airflow/example_dags/subdags/subdag.py
[2023-08-24T15:27:27.265+0100] {processor.py:179} INFO - Processing /home/samuel/dev/airflow_learning/venv/lib/python3.10/site-packages/airflow/example_dags/subdags/subdag.py took 0.060 seconds
[2023-08-24T15:28:23.724+0100] {processor.py:157} INFO - Started process (PID=5702) to work on /home/samuel/dev/airflow_learning/venv/lib/python3.10/site-packages/airflow/example_dags/subdags/subdag.py
[2023-08-24T15:28:23.736+0100] {processor.py:829} INFO - Processing file /home/samuel/dev/airflow_learning/venv/lib/python3.10/site-packages/airflow/example_dags/subdags/subdag.py for tasks to queue
[2023-08-24T15:28:23.737+0100] {logging_mixin.py:151} INFO - [2023-08-24T15:28:23.737+0100] {dagbag.py:539} INFO - Filling up the DagBag from /home/samuel/dev/airflow_learning/venv/lib/python3.10/site-packages/airflow/example_dags/subdags/subdag.py
[2023-08-24T15:28:23.740+0100] {processor.py:841} WARNING - No viable dags retrieved from /home/samuel/dev/airflow_learning/venv/lib/python3.10/site-packages/airflow/example_dags/subdags/subdag.py
[2023-08-24T15:28:23.752+0100] {processor.py:179} INFO - Processing /home/samuel/dev/airflow_learning/venv/lib/python3.10/site-packages/airflow/example_dags/subdags/subdag.py took 0.031 seconds
[2023-08-24T15:29:17.721+0100] {processor.py:157} INFO - Started process (PID=5767) to work on /home/samuel/dev/airflow_learning/venv/lib/python3.10/site-packages/airflow/example_dags/subdags/subdag.py
[2023-08-24T15:29:17.753+0100] {processor.py:829} INFO - Processing file /home/samuel/dev/airflow_learning/venv/lib/python3.10/site-packages/airflow/example_dags/subdags/subdag.py for tasks to queue
[2023-08-24T15:29:17.754+0100] {logging_mixin.py:151} INFO - [2023-08-24T15:29:17.754+0100] {dagbag.py:539} INFO - Filling up the DagBag from /home/samuel/dev/airflow_learning/venv/lib/python3.10/site-packages/airflow/example_dags/subdags/subdag.py
[2023-08-24T15:29:17.756+0100] {processor.py:841} WARNING - No viable dags retrieved from /home/samuel/dev/airflow_learning/venv/lib/python3.10/site-packages/airflow/example_dags/subdags/subdag.py
[2023-08-24T15:29:17.768+0100] {processor.py:179} INFO - Processing /home/samuel/dev/airflow_learning/venv/lib/python3.10/site-packages/airflow/example_dags/subdags/subdag.py took 0.051 seconds
[2023-08-24T15:30:45.242+0100] {processor.py:157} INFO - Started process (PID=5944) to work on /home/samuel/dev/airflow_learning/venv/lib/python3.10/site-packages/airflow/example_dags/subdags/subdag.py
[2023-08-24T15:30:45.260+0100] {processor.py:829} INFO - Processing file /home/samuel/dev/airflow_learning/venv/lib/python3.10/site-packages/airflow/example_dags/subdags/subdag.py for tasks to queue
[2023-08-24T15:30:45.261+0100] {logging_mixin.py:151} INFO - [2023-08-24T15:30:45.261+0100] {dagbag.py:539} INFO - Filling up the DagBag from /home/samuel/dev/airflow_learning/venv/lib/python3.10/site-packages/airflow/example_dags/subdags/subdag.py
[2023-08-24T15:30:45.264+0100] {processor.py:841} WARNING - No viable dags retrieved from /home/samuel/dev/airflow_learning/venv/lib/python3.10/site-packages/airflow/example_dags/subdags/subdag.py
[2023-08-24T15:30:45.277+0100] {processor.py:179} INFO - Processing /home/samuel/dev/airflow_learning/venv/lib/python3.10/site-packages/airflow/example_dags/subdags/subdag.py took 0.038 seconds
[2023-08-24T15:31:38.474+0100] {processor.py:157} INFO - Started process (PID=6042) to work on /home/samuel/dev/airflow_learning/venv/lib/python3.10/site-packages/airflow/example_dags/subdags/subdag.py
[2023-08-24T15:31:38.492+0100] {processor.py:829} INFO - Processing file /home/samuel/dev/airflow_learning/venv/lib/python3.10/site-packages/airflow/example_dags/subdags/subdag.py for tasks to queue
[2023-08-24T15:31:38.493+0100] {logging_mixin.py:151} INFO - [2023-08-24T15:31:38.493+0100] {dagbag.py:539} INFO - Filling up the DagBag from /home/samuel/dev/airflow_learning/venv/lib/python3.10/site-packages/airflow/example_dags/subdags/subdag.py
[2023-08-24T15:31:38.496+0100] {processor.py:841} WARNING - No viable dags retrieved from /home/samuel/dev/airflow_learning/venv/lib/python3.10/site-packages/airflow/example_dags/subdags/subdag.py
[2023-08-24T15:31:38.509+0100] {processor.py:179} INFO - Processing /home/samuel/dev/airflow_learning/venv/lib/python3.10/site-packages/airflow/example_dags/subdags/subdag.py took 0.040 seconds
[2023-08-24T15:32:10.625+0100] {processor.py:157} INFO - Started process (PID=6077) to work on /home/samuel/dev/airflow_learning/venv/lib/python3.10/site-packages/airflow/example_dags/subdags/subdag.py
[2023-08-24T15:32:10.656+0100] {processor.py:829} INFO - Processing file /home/samuel/dev/airflow_learning/venv/lib/python3.10/site-packages/airflow/example_dags/subdags/subdag.py for tasks to queue
[2023-08-24T15:32:10.657+0100] {logging_mixin.py:151} INFO - [2023-08-24T15:32:10.657+0100] {dagbag.py:539} INFO - Filling up the DagBag from /home/samuel/dev/airflow_learning/venv/lib/python3.10/site-packages/airflow/example_dags/subdags/subdag.py
[2023-08-24T15:32:10.661+0100] {processor.py:841} WARNING - No viable dags retrieved from /home/samuel/dev/airflow_learning/venv/lib/python3.10/site-packages/airflow/example_dags/subdags/subdag.py
[2023-08-24T15:32:10.673+0100] {processor.py:179} INFO - Processing /home/samuel/dev/airflow_learning/venv/lib/python3.10/site-packages/airflow/example_dags/subdags/subdag.py took 0.052 seconds
[2023-08-24T15:33:01.432+0100] {processor.py:157} INFO - Started process (PID=6136) to work on /home/samuel/dev/airflow_learning/venv/lib/python3.10/site-packages/airflow/example_dags/subdags/subdag.py
[2023-08-24T15:33:01.473+0100] {processor.py:829} INFO - Processing file /home/samuel/dev/airflow_learning/venv/lib/python3.10/site-packages/airflow/example_dags/subdags/subdag.py for tasks to queue
[2023-08-24T15:33:01.475+0100] {logging_mixin.py:151} INFO - [2023-08-24T15:33:01.474+0100] {dagbag.py:539} INFO - Filling up the DagBag from /home/samuel/dev/airflow_learning/venv/lib/python3.10/site-packages/airflow/example_dags/subdags/subdag.py
[2023-08-24T15:33:01.477+0100] {processor.py:841} WARNING - No viable dags retrieved from /home/samuel/dev/airflow_learning/venv/lib/python3.10/site-packages/airflow/example_dags/subdags/subdag.py
[2023-08-24T15:33:01.490+0100] {processor.py:179} INFO - Processing /home/samuel/dev/airflow_learning/venv/lib/python3.10/site-packages/airflow/example_dags/subdags/subdag.py took 0.061 seconds
[2023-08-24T15:33:56.315+0100] {processor.py:157} INFO - Started process (PID=6194) to work on /home/samuel/dev/airflow_learning/venv/lib/python3.10/site-packages/airflow/example_dags/subdags/subdag.py
[2023-08-24T15:33:56.318+0100] {processor.py:829} INFO - Processing file /home/samuel/dev/airflow_learning/venv/lib/python3.10/site-packages/airflow/example_dags/subdags/subdag.py for tasks to queue
[2023-08-24T15:33:56.319+0100] {logging_mixin.py:151} INFO - [2023-08-24T15:33:56.319+0100] {dagbag.py:539} INFO - Filling up the DagBag from /home/samuel/dev/airflow_learning/venv/lib/python3.10/site-packages/airflow/example_dags/subdags/subdag.py
[2023-08-24T15:33:56.321+0100] {processor.py:841} WARNING - No viable dags retrieved from /home/samuel/dev/airflow_learning/venv/lib/python3.10/site-packages/airflow/example_dags/subdags/subdag.py
[2023-08-24T15:33:56.335+0100] {processor.py:179} INFO - Processing /home/samuel/dev/airflow_learning/venv/lib/python3.10/site-packages/airflow/example_dags/subdags/subdag.py took 0.024 seconds
[2023-08-24T15:34:31.118+0100] {processor.py:157} INFO - Started process (PID=6223) to work on /home/samuel/dev/airflow_learning/venv/lib/python3.10/site-packages/airflow/example_dags/subdags/subdag.py
[2023-08-24T15:34:31.120+0100] {processor.py:829} INFO - Processing file /home/samuel/dev/airflow_learning/venv/lib/python3.10/site-packages/airflow/example_dags/subdags/subdag.py for tasks to queue
[2023-08-24T15:34:31.121+0100] {logging_mixin.py:151} INFO - [2023-08-24T15:34:31.120+0100] {dagbag.py:539} INFO - Filling up the DagBag from /home/samuel/dev/airflow_learning/venv/lib/python3.10/site-packages/airflow/example_dags/subdags/subdag.py
[2023-08-24T15:34:31.123+0100] {processor.py:841} WARNING - No viable dags retrieved from /home/samuel/dev/airflow_learning/venv/lib/python3.10/site-packages/airflow/example_dags/subdags/subdag.py
[2023-08-24T15:34:31.136+0100] {processor.py:179} INFO - Processing /home/samuel/dev/airflow_learning/venv/lib/python3.10/site-packages/airflow/example_dags/subdags/subdag.py took 0.021 seconds
[2023-08-24T15:35:04.215+0100] {processor.py:157} INFO - Started process (PID=6255) to work on /home/samuel/dev/airflow_learning/venv/lib/python3.10/site-packages/airflow/example_dags/subdags/subdag.py
[2023-08-24T15:35:04.237+0100] {processor.py:829} INFO - Processing file /home/samuel/dev/airflow_learning/venv/lib/python3.10/site-packages/airflow/example_dags/subdags/subdag.py for tasks to queue
[2023-08-24T15:35:04.239+0100] {logging_mixin.py:151} INFO - [2023-08-24T15:35:04.238+0100] {dagbag.py:539} INFO - Filling up the DagBag from /home/samuel/dev/airflow_learning/venv/lib/python3.10/site-packages/airflow/example_dags/subdags/subdag.py
[2023-08-24T15:35:04.242+0100] {processor.py:841} WARNING - No viable dags retrieved from /home/samuel/dev/airflow_learning/venv/lib/python3.10/site-packages/airflow/example_dags/subdags/subdag.py
[2023-08-24T15:35:04.262+0100] {processor.py:179} INFO - Processing /home/samuel/dev/airflow_learning/venv/lib/python3.10/site-packages/airflow/example_dags/subdags/subdag.py took 0.051 seconds
[2023-08-24T15:35:34.941+0100] {processor.py:157} INFO - Started process (PID=6297) to work on /home/samuel/dev/airflow_learning/venv/lib/python3.10/site-packages/airflow/example_dags/subdags/subdag.py
[2023-08-24T15:35:34.943+0100] {processor.py:829} INFO - Processing file /home/samuel/dev/airflow_learning/venv/lib/python3.10/site-packages/airflow/example_dags/subdags/subdag.py for tasks to queue
[2023-08-24T15:35:34.944+0100] {logging_mixin.py:151} INFO - [2023-08-24T15:35:34.943+0100] {dagbag.py:539} INFO - Filling up the DagBag from /home/samuel/dev/airflow_learning/venv/lib/python3.10/site-packages/airflow/example_dags/subdags/subdag.py
[2023-08-24T15:35:34.946+0100] {processor.py:841} WARNING - No viable dags retrieved from /home/samuel/dev/airflow_learning/venv/lib/python3.10/site-packages/airflow/example_dags/subdags/subdag.py
[2023-08-24T15:35:34.959+0100] {processor.py:179} INFO - Processing /home/samuel/dev/airflow_learning/venv/lib/python3.10/site-packages/airflow/example_dags/subdags/subdag.py took 0.021 seconds
[2023-08-24T15:36:29.759+0100] {processor.py:157} INFO - Started process (PID=6355) to work on /home/samuel/dev/airflow_learning/venv/lib/python3.10/site-packages/airflow/example_dags/subdags/subdag.py
[2023-08-24T15:36:29.789+0100] {processor.py:829} INFO - Processing file /home/samuel/dev/airflow_learning/venv/lib/python3.10/site-packages/airflow/example_dags/subdags/subdag.py for tasks to queue
[2023-08-24T15:36:29.791+0100] {logging_mixin.py:151} INFO - [2023-08-24T15:36:29.790+0100] {dagbag.py:539} INFO - Filling up the DagBag from /home/samuel/dev/airflow_learning/venv/lib/python3.10/site-packages/airflow/example_dags/subdags/subdag.py
[2023-08-24T15:36:29.793+0100] {processor.py:841} WARNING - No viable dags retrieved from /home/samuel/dev/airflow_learning/venv/lib/python3.10/site-packages/airflow/example_dags/subdags/subdag.py
[2023-08-24T15:36:29.806+0100] {processor.py:179} INFO - Processing /home/samuel/dev/airflow_learning/venv/lib/python3.10/site-packages/airflow/example_dags/subdags/subdag.py took 0.051 seconds
[2023-08-24T15:37:00.153+0100] {processor.py:157} INFO - Started process (PID=6380) to work on /home/samuel/dev/airflow_learning/venv/lib/python3.10/site-packages/airflow/example_dags/subdags/subdag.py
[2023-08-24T15:37:00.155+0100] {processor.py:829} INFO - Processing file /home/samuel/dev/airflow_learning/venv/lib/python3.10/site-packages/airflow/example_dags/subdags/subdag.py for tasks to queue
[2023-08-24T15:37:00.156+0100] {logging_mixin.py:151} INFO - [2023-08-24T15:37:00.155+0100] {dagbag.py:539} INFO - Filling up the DagBag from /home/samuel/dev/airflow_learning/venv/lib/python3.10/site-packages/airflow/example_dags/subdags/subdag.py
[2023-08-24T15:37:00.159+0100] {processor.py:841} WARNING - No viable dags retrieved from /home/samuel/dev/airflow_learning/venv/lib/python3.10/site-packages/airflow/example_dags/subdags/subdag.py
[2023-08-24T15:37:00.172+0100] {processor.py:179} INFO - Processing /home/samuel/dev/airflow_learning/venv/lib/python3.10/site-packages/airflow/example_dags/subdags/subdag.py took 0.022 seconds
[2023-08-24T15:37:38.971+0100] {processor.py:157} INFO - Started process (PID=6411) to work on /home/samuel/dev/airflow_learning/venv/lib/python3.10/site-packages/airflow/example_dags/subdags/subdag.py
[2023-08-24T15:37:39.029+0100] {processor.py:829} INFO - Processing file /home/samuel/dev/airflow_learning/venv/lib/python3.10/site-packages/airflow/example_dags/subdags/subdag.py for tasks to queue
[2023-08-24T15:37:39.030+0100] {logging_mixin.py:151} INFO - [2023-08-24T15:37:39.030+0100] {dagbag.py:539} INFO - Filling up the DagBag from /home/samuel/dev/airflow_learning/venv/lib/python3.10/site-packages/airflow/example_dags/subdags/subdag.py
[2023-08-24T15:37:39.033+0100] {processor.py:841} WARNING - No viable dags retrieved from /home/samuel/dev/airflow_learning/venv/lib/python3.10/site-packages/airflow/example_dags/subdags/subdag.py
[2023-08-24T15:37:39.046+0100] {processor.py:179} INFO - Processing /home/samuel/dev/airflow_learning/venv/lib/python3.10/site-packages/airflow/example_dags/subdags/subdag.py took 0.077 seconds
[2023-08-24T15:38:16.395+0100] {processor.py:157} INFO - Started process (PID=6447) to work on /home/samuel/dev/airflow_learning/venv/lib/python3.10/site-packages/airflow/example_dags/subdags/subdag.py
[2023-08-24T15:38:16.414+0100] {processor.py:829} INFO - Processing file /home/samuel/dev/airflow_learning/venv/lib/python3.10/site-packages/airflow/example_dags/subdags/subdag.py for tasks to queue
[2023-08-24T15:38:16.415+0100] {logging_mixin.py:151} INFO - [2023-08-24T15:38:16.415+0100] {dagbag.py:539} INFO - Filling up the DagBag from /home/samuel/dev/airflow_learning/venv/lib/python3.10/site-packages/airflow/example_dags/subdags/subdag.py
[2023-08-24T15:38:16.418+0100] {processor.py:841} WARNING - No viable dags retrieved from /home/samuel/dev/airflow_learning/venv/lib/python3.10/site-packages/airflow/example_dags/subdags/subdag.py
[2023-08-24T15:38:16.430+0100] {processor.py:179} INFO - Processing /home/samuel/dev/airflow_learning/venv/lib/python3.10/site-packages/airflow/example_dags/subdags/subdag.py took 0.039 seconds
[2023-08-24T15:39:11.201+0100] {processor.py:157} INFO - Started process (PID=6499) to work on /home/samuel/dev/airflow_learning/venv/lib/python3.10/site-packages/airflow/example_dags/subdags/subdag.py
[2023-08-24T15:39:11.233+0100] {processor.py:829} INFO - Processing file /home/samuel/dev/airflow_learning/venv/lib/python3.10/site-packages/airflow/example_dags/subdags/subdag.py for tasks to queue
[2023-08-24T15:39:11.234+0100] {logging_mixin.py:151} INFO - [2023-08-24T15:39:11.234+0100] {dagbag.py:539} INFO - Filling up the DagBag from /home/samuel/dev/airflow_learning/venv/lib/python3.10/site-packages/airflow/example_dags/subdags/subdag.py
[2023-08-24T15:39:11.237+0100] {processor.py:841} WARNING - No viable dags retrieved from /home/samuel/dev/airflow_learning/venv/lib/python3.10/site-packages/airflow/example_dags/subdags/subdag.py
[2023-08-24T15:39:11.250+0100] {processor.py:179} INFO - Processing /home/samuel/dev/airflow_learning/venv/lib/python3.10/site-packages/airflow/example_dags/subdags/subdag.py took 0.052 seconds
[2023-08-24T15:40:10.093+0100] {processor.py:157} INFO - Started process (PID=6574) to work on /home/samuel/dev/airflow_learning/venv/lib/python3.10/site-packages/airflow/example_dags/subdags/subdag.py
[2023-08-24T15:40:10.135+0100] {processor.py:829} INFO - Processing file /home/samuel/dev/airflow_learning/venv/lib/python3.10/site-packages/airflow/example_dags/subdags/subdag.py for tasks to queue
[2023-08-24T15:40:10.136+0100] {logging_mixin.py:151} INFO - [2023-08-24T15:40:10.135+0100] {dagbag.py:539} INFO - Filling up the DagBag from /home/samuel/dev/airflow_learning/venv/lib/python3.10/site-packages/airflow/example_dags/subdags/subdag.py
[2023-08-24T15:40:10.139+0100] {processor.py:841} WARNING - No viable dags retrieved from /home/samuel/dev/airflow_learning/venv/lib/python3.10/site-packages/airflow/example_dags/subdags/subdag.py
[2023-08-24T15:40:10.152+0100] {processor.py:179} INFO - Processing /home/samuel/dev/airflow_learning/venv/lib/python3.10/site-packages/airflow/example_dags/subdags/subdag.py took 0.063 seconds
[2023-08-24T15:40:45.437+0100] {processor.py:157} INFO - Started process (PID=6610) to work on /home/samuel/dev/airflow_learning/venv/lib/python3.10/site-packages/airflow/example_dags/subdags/subdag.py
[2023-08-24T15:40:45.439+0100] {processor.py:829} INFO - Processing file /home/samuel/dev/airflow_learning/venv/lib/python3.10/site-packages/airflow/example_dags/subdags/subdag.py for tasks to queue
[2023-08-24T15:40:45.440+0100] {logging_mixin.py:151} INFO - [2023-08-24T15:40:45.439+0100] {dagbag.py:539} INFO - Filling up the DagBag from /home/samuel/dev/airflow_learning/venv/lib/python3.10/site-packages/airflow/example_dags/subdags/subdag.py
[2023-08-24T15:40:45.442+0100] {processor.py:841} WARNING - No viable dags retrieved from /home/samuel/dev/airflow_learning/venv/lib/python3.10/site-packages/airflow/example_dags/subdags/subdag.py
[2023-08-24T15:40:45.455+0100] {processor.py:179} INFO - Processing /home/samuel/dev/airflow_learning/venv/lib/python3.10/site-packages/airflow/example_dags/subdags/subdag.py took 0.021 seconds
[2023-08-24T15:41:37.707+0100] {processor.py:157} INFO - Started process (PID=6660) to work on /home/samuel/dev/airflow_learning/venv/lib/python3.10/site-packages/airflow/example_dags/subdags/subdag.py
[2023-08-24T15:41:37.735+0100] {processor.py:829} INFO - Processing file /home/samuel/dev/airflow_learning/venv/lib/python3.10/site-packages/airflow/example_dags/subdags/subdag.py for tasks to queue
[2023-08-24T15:41:37.736+0100] {logging_mixin.py:151} INFO - [2023-08-24T15:41:37.735+0100] {dagbag.py:539} INFO - Filling up the DagBag from /home/samuel/dev/airflow_learning/venv/lib/python3.10/site-packages/airflow/example_dags/subdags/subdag.py
[2023-08-24T15:41:37.738+0100] {processor.py:841} WARNING - No viable dags retrieved from /home/samuel/dev/airflow_learning/venv/lib/python3.10/site-packages/airflow/example_dags/subdags/subdag.py
[2023-08-24T15:41:37.748+0100] {processor.py:179} INFO - Processing /home/samuel/dev/airflow_learning/venv/lib/python3.10/site-packages/airflow/example_dags/subdags/subdag.py took 0.045 seconds
[2023-08-24T15:42:27.802+0100] {processor.py:157} INFO - Started process (PID=6769) to work on /home/samuel/dev/airflow_learning/venv/lib/python3.10/site-packages/airflow/example_dags/subdags/subdag.py
[2023-08-24T15:42:27.816+0100] {processor.py:829} INFO - Processing file /home/samuel/dev/airflow_learning/venv/lib/python3.10/site-packages/airflow/example_dags/subdags/subdag.py for tasks to queue
[2023-08-24T15:42:27.817+0100] {logging_mixin.py:151} INFO - [2023-08-24T15:42:27.817+0100] {dagbag.py:539} INFO - Filling up the DagBag from /home/samuel/dev/airflow_learning/venv/lib/python3.10/site-packages/airflow/example_dags/subdags/subdag.py
[2023-08-24T15:42:27.819+0100] {processor.py:841} WARNING - No viable dags retrieved from /home/samuel/dev/airflow_learning/venv/lib/python3.10/site-packages/airflow/example_dags/subdags/subdag.py
[2023-08-24T15:42:27.829+0100] {processor.py:179} INFO - Processing /home/samuel/dev/airflow_learning/venv/lib/python3.10/site-packages/airflow/example_dags/subdags/subdag.py took 0.031 seconds
[2023-08-24T15:43:22.361+0100] {processor.py:157} INFO - Started process (PID=6823) to work on /home/samuel/dev/airflow_learning/venv/lib/python3.10/site-packages/airflow/example_dags/subdags/subdag.py
[2023-08-24T15:43:22.374+0100] {processor.py:829} INFO - Processing file /home/samuel/dev/airflow_learning/venv/lib/python3.10/site-packages/airflow/example_dags/subdags/subdag.py for tasks to queue
[2023-08-24T15:43:22.375+0100] {logging_mixin.py:151} INFO - [2023-08-24T15:43:22.375+0100] {dagbag.py:539} INFO - Filling up the DagBag from /home/samuel/dev/airflow_learning/venv/lib/python3.10/site-packages/airflow/example_dags/subdags/subdag.py
[2023-08-24T15:43:22.378+0100] {processor.py:841} WARNING - No viable dags retrieved from /home/samuel/dev/airflow_learning/venv/lib/python3.10/site-packages/airflow/example_dags/subdags/subdag.py
[2023-08-24T15:43:22.390+0100] {processor.py:179} INFO - Processing /home/samuel/dev/airflow_learning/venv/lib/python3.10/site-packages/airflow/example_dags/subdags/subdag.py took 0.032 seconds
[2023-08-24T15:44:14.798+0100] {processor.py:157} INFO - Started process (PID=6873) to work on /home/samuel/dev/airflow_learning/venv/lib/python3.10/site-packages/airflow/example_dags/subdags/subdag.py
[2023-08-24T15:44:14.815+0100] {processor.py:829} INFO - Processing file /home/samuel/dev/airflow_learning/venv/lib/python3.10/site-packages/airflow/example_dags/subdags/subdag.py for tasks to queue
[2023-08-24T15:44:14.816+0100] {logging_mixin.py:151} INFO - [2023-08-24T15:44:14.816+0100] {dagbag.py:539} INFO - Filling up the DagBag from /home/samuel/dev/airflow_learning/venv/lib/python3.10/site-packages/airflow/example_dags/subdags/subdag.py
[2023-08-24T15:44:14.819+0100] {processor.py:841} WARNING - No viable dags retrieved from /home/samuel/dev/airflow_learning/venv/lib/python3.10/site-packages/airflow/example_dags/subdags/subdag.py
[2023-08-24T15:44:14.831+0100] {processor.py:179} INFO - Processing /home/samuel/dev/airflow_learning/venv/lib/python3.10/site-packages/airflow/example_dags/subdags/subdag.py took 0.037 seconds
[2023-08-24T15:45:06.373+0100] {processor.py:157} INFO - Started process (PID=6922) to work on /home/samuel/dev/airflow_learning/venv/lib/python3.10/site-packages/airflow/example_dags/subdags/subdag.py
[2023-08-24T15:45:06.376+0100] {processor.py:829} INFO - Processing file /home/samuel/dev/airflow_learning/venv/lib/python3.10/site-packages/airflow/example_dags/subdags/subdag.py for tasks to queue
[2023-08-24T15:45:06.377+0100] {logging_mixin.py:151} INFO - [2023-08-24T15:45:06.377+0100] {dagbag.py:539} INFO - Filling up the DagBag from /home/samuel/dev/airflow_learning/venv/lib/python3.10/site-packages/airflow/example_dags/subdags/subdag.py
[2023-08-24T15:45:06.379+0100] {processor.py:841} WARNING - No viable dags retrieved from /home/samuel/dev/airflow_learning/venv/lib/python3.10/site-packages/airflow/example_dags/subdags/subdag.py
[2023-08-24T15:45:06.392+0100] {processor.py:179} INFO - Processing /home/samuel/dev/airflow_learning/venv/lib/python3.10/site-packages/airflow/example_dags/subdags/subdag.py took 0.022 seconds
[2023-08-24T15:45:57.321+0100] {processor.py:157} INFO - Started process (PID=6971) to work on /home/samuel/dev/airflow_learning/venv/lib/python3.10/site-packages/airflow/example_dags/subdags/subdag.py
[2023-08-24T15:45:57.323+0100] {processor.py:829} INFO - Processing file /home/samuel/dev/airflow_learning/venv/lib/python3.10/site-packages/airflow/example_dags/subdags/subdag.py for tasks to queue
[2023-08-24T15:45:57.324+0100] {logging_mixin.py:151} INFO - [2023-08-24T15:45:57.324+0100] {dagbag.py:539} INFO - Filling up the DagBag from /home/samuel/dev/airflow_learning/venv/lib/python3.10/site-packages/airflow/example_dags/subdags/subdag.py
[2023-08-24T15:45:57.327+0100] {processor.py:841} WARNING - No viable dags retrieved from /home/samuel/dev/airflow_learning/venv/lib/python3.10/site-packages/airflow/example_dags/subdags/subdag.py
[2023-08-24T15:45:57.339+0100] {processor.py:179} INFO - Processing /home/samuel/dev/airflow_learning/venv/lib/python3.10/site-packages/airflow/example_dags/subdags/subdag.py took 0.022 seconds
[2023-08-24T15:46:52.951+0100] {processor.py:157} INFO - Started process (PID=7022) to work on /home/samuel/dev/airflow_learning/venv/lib/python3.10/site-packages/airflow/example_dags/subdags/subdag.py
[2023-08-24T15:46:52.952+0100] {processor.py:829} INFO - Processing file /home/samuel/dev/airflow_learning/venv/lib/python3.10/site-packages/airflow/example_dags/subdags/subdag.py for tasks to queue
[2023-08-24T15:46:52.953+0100] {logging_mixin.py:151} INFO - [2023-08-24T15:46:52.952+0100] {dagbag.py:539} INFO - Filling up the DagBag from /home/samuel/dev/airflow_learning/venv/lib/python3.10/site-packages/airflow/example_dags/subdags/subdag.py
[2023-08-24T15:46:52.955+0100] {processor.py:841} WARNING - No viable dags retrieved from /home/samuel/dev/airflow_learning/venv/lib/python3.10/site-packages/airflow/example_dags/subdags/subdag.py
[2023-08-24T15:46:52.966+0100] {processor.py:179} INFO - Processing /home/samuel/dev/airflow_learning/venv/lib/python3.10/site-packages/airflow/example_dags/subdags/subdag.py took 0.018 seconds
[2023-08-24T15:47:44.649+0100] {processor.py:157} INFO - Started process (PID=7071) to work on /home/samuel/dev/airflow_learning/venv/lib/python3.10/site-packages/airflow/example_dags/subdags/subdag.py
[2023-08-24T15:47:44.662+0100] {processor.py:829} INFO - Processing file /home/samuel/dev/airflow_learning/venv/lib/python3.10/site-packages/airflow/example_dags/subdags/subdag.py for tasks to queue
[2023-08-24T15:47:44.663+0100] {logging_mixin.py:151} INFO - [2023-08-24T15:47:44.663+0100] {dagbag.py:539} INFO - Filling up the DagBag from /home/samuel/dev/airflow_learning/venv/lib/python3.10/site-packages/airflow/example_dags/subdags/subdag.py
[2023-08-24T15:47:44.665+0100] {processor.py:841} WARNING - No viable dags retrieved from /home/samuel/dev/airflow_learning/venv/lib/python3.10/site-packages/airflow/example_dags/subdags/subdag.py
[2023-08-24T15:47:44.675+0100] {processor.py:179} INFO - Processing /home/samuel/dev/airflow_learning/venv/lib/python3.10/site-packages/airflow/example_dags/subdags/subdag.py took 0.028 seconds
[2023-08-24T15:48:39.009+0100] {processor.py:157} INFO - Started process (PID=7139) to work on /home/samuel/dev/airflow_learning/venv/lib/python3.10/site-packages/airflow/example_dags/subdags/subdag.py
[2023-08-24T15:48:39.032+0100] {processor.py:829} INFO - Processing file /home/samuel/dev/airflow_learning/venv/lib/python3.10/site-packages/airflow/example_dags/subdags/subdag.py for tasks to queue
[2023-08-24T15:48:39.033+0100] {logging_mixin.py:151} INFO - [2023-08-24T15:48:39.033+0100] {dagbag.py:539} INFO - Filling up the DagBag from /home/samuel/dev/airflow_learning/venv/lib/python3.10/site-packages/airflow/example_dags/subdags/subdag.py
[2023-08-24T15:48:39.036+0100] {processor.py:841} WARNING - No viable dags retrieved from /home/samuel/dev/airflow_learning/venv/lib/python3.10/site-packages/airflow/example_dags/subdags/subdag.py
[2023-08-24T15:48:39.048+0100] {processor.py:179} INFO - Processing /home/samuel/dev/airflow_learning/venv/lib/python3.10/site-packages/airflow/example_dags/subdags/subdag.py took 0.043 seconds
[2023-08-24T15:49:29.618+0100] {processor.py:157} INFO - Started process (PID=7188) to work on /home/samuel/dev/airflow_learning/venv/lib/python3.10/site-packages/airflow/example_dags/subdags/subdag.py
[2023-08-24T15:49:29.648+0100] {processor.py:829} INFO - Processing file /home/samuel/dev/airflow_learning/venv/lib/python3.10/site-packages/airflow/example_dags/subdags/subdag.py for tasks to queue
[2023-08-24T15:49:29.649+0100] {logging_mixin.py:151} INFO - [2023-08-24T15:49:29.648+0100] {dagbag.py:539} INFO - Filling up the DagBag from /home/samuel/dev/airflow_learning/venv/lib/python3.10/site-packages/airflow/example_dags/subdags/subdag.py
[2023-08-24T15:49:29.651+0100] {processor.py:841} WARNING - No viable dags retrieved from /home/samuel/dev/airflow_learning/venv/lib/python3.10/site-packages/airflow/example_dags/subdags/subdag.py
[2023-08-24T15:49:29.664+0100] {processor.py:179} INFO - Processing /home/samuel/dev/airflow_learning/venv/lib/python3.10/site-packages/airflow/example_dags/subdags/subdag.py took 0.050 seconds
[2023-08-24T15:50:17.490+0100] {processor.py:157} INFO - Started process (PID=7234) to work on /home/samuel/dev/airflow_learning/venv/lib/python3.10/site-packages/airflow/example_dags/subdags/subdag.py
[2023-08-24T15:50:17.518+0100] {processor.py:829} INFO - Processing file /home/samuel/dev/airflow_learning/venv/lib/python3.10/site-packages/airflow/example_dags/subdags/subdag.py for tasks to queue
[2023-08-24T15:50:17.519+0100] {logging_mixin.py:151} INFO - [2023-08-24T15:50:17.519+0100] {dagbag.py:539} INFO - Filling up the DagBag from /home/samuel/dev/airflow_learning/venv/lib/python3.10/site-packages/airflow/example_dags/subdags/subdag.py
[2023-08-24T15:50:17.522+0100] {processor.py:841} WARNING - No viable dags retrieved from /home/samuel/dev/airflow_learning/venv/lib/python3.10/site-packages/airflow/example_dags/subdags/subdag.py
[2023-08-24T15:50:17.535+0100] {processor.py:179} INFO - Processing /home/samuel/dev/airflow_learning/venv/lib/python3.10/site-packages/airflow/example_dags/subdags/subdag.py took 0.049 seconds
[2023-08-24T15:51:10.469+0100] {processor.py:157} INFO - Started process (PID=7282) to work on /home/samuel/dev/airflow_learning/venv/lib/python3.10/site-packages/airflow/example_dags/subdags/subdag.py
[2023-08-24T15:51:10.501+0100] {processor.py:829} INFO - Processing file /home/samuel/dev/airflow_learning/venv/lib/python3.10/site-packages/airflow/example_dags/subdags/subdag.py for tasks to queue
[2023-08-24T15:51:10.502+0100] {logging_mixin.py:151} INFO - [2023-08-24T15:51:10.502+0100] {dagbag.py:539} INFO - Filling up the DagBag from /home/samuel/dev/airflow_learning/venv/lib/python3.10/site-packages/airflow/example_dags/subdags/subdag.py
[2023-08-24T15:51:10.504+0100] {processor.py:841} WARNING - No viable dags retrieved from /home/samuel/dev/airflow_learning/venv/lib/python3.10/site-packages/airflow/example_dags/subdags/subdag.py
[2023-08-24T15:51:10.517+0100] {processor.py:179} INFO - Processing /home/samuel/dev/airflow_learning/venv/lib/python3.10/site-packages/airflow/example_dags/subdags/subdag.py took 0.052 seconds
[2023-08-24T15:52:02.413+0100] {processor.py:157} INFO - Started process (PID=7341) to work on /home/samuel/dev/airflow_learning/venv/lib/python3.10/site-packages/airflow/example_dags/subdags/subdag.py
[2023-08-24T15:52:02.416+0100] {processor.py:829} INFO - Processing file /home/samuel/dev/airflow_learning/venv/lib/python3.10/site-packages/airflow/example_dags/subdags/subdag.py for tasks to queue
[2023-08-24T15:52:02.417+0100] {logging_mixin.py:151} INFO - [2023-08-24T15:52:02.417+0100] {dagbag.py:539} INFO - Filling up the DagBag from /home/samuel/dev/airflow_learning/venv/lib/python3.10/site-packages/airflow/example_dags/subdags/subdag.py
[2023-08-24T15:52:02.420+0100] {processor.py:841} WARNING - No viable dags retrieved from /home/samuel/dev/airflow_learning/venv/lib/python3.10/site-packages/airflow/example_dags/subdags/subdag.py
[2023-08-24T15:52:02.432+0100] {processor.py:179} INFO - Processing /home/samuel/dev/airflow_learning/venv/lib/python3.10/site-packages/airflow/example_dags/subdags/subdag.py took 0.023 seconds
[2023-08-24T15:52:49.218+0100] {processor.py:157} INFO - Started process (PID=7388) to work on /home/samuel/dev/airflow_learning/venv/lib/python3.10/site-packages/airflow/example_dags/subdags/subdag.py
[2023-08-24T15:52:49.220+0100] {processor.py:829} INFO - Processing file /home/samuel/dev/airflow_learning/venv/lib/python3.10/site-packages/airflow/example_dags/subdags/subdag.py for tasks to queue
[2023-08-24T15:52:49.221+0100] {logging_mixin.py:151} INFO - [2023-08-24T15:52:49.221+0100] {dagbag.py:539} INFO - Filling up the DagBag from /home/samuel/dev/airflow_learning/venv/lib/python3.10/site-packages/airflow/example_dags/subdags/subdag.py
[2023-08-24T15:52:49.224+0100] {processor.py:841} WARNING - No viable dags retrieved from /home/samuel/dev/airflow_learning/venv/lib/python3.10/site-packages/airflow/example_dags/subdags/subdag.py
[2023-08-24T15:52:49.236+0100] {processor.py:179} INFO - Processing /home/samuel/dev/airflow_learning/venv/lib/python3.10/site-packages/airflow/example_dags/subdags/subdag.py took 0.022 seconds
[2023-08-24T15:53:42.862+0100] {processor.py:157} INFO - Started process (PID=7507) to work on /home/samuel/dev/airflow_learning/venv/lib/python3.10/site-packages/airflow/example_dags/subdags/subdag.py
[2023-08-24T15:53:42.886+0100] {processor.py:829} INFO - Processing file /home/samuel/dev/airflow_learning/venv/lib/python3.10/site-packages/airflow/example_dags/subdags/subdag.py for tasks to queue
[2023-08-24T15:53:42.888+0100] {logging_mixin.py:151} INFO - [2023-08-24T15:53:42.887+0100] {dagbag.py:539} INFO - Filling up the DagBag from /home/samuel/dev/airflow_learning/venv/lib/python3.10/site-packages/airflow/example_dags/subdags/subdag.py
[2023-08-24T15:53:42.890+0100] {processor.py:841} WARNING - No viable dags retrieved from /home/samuel/dev/airflow_learning/venv/lib/python3.10/site-packages/airflow/example_dags/subdags/subdag.py
[2023-08-24T15:53:42.903+0100] {processor.py:179} INFO - Processing /home/samuel/dev/airflow_learning/venv/lib/python3.10/site-packages/airflow/example_dags/subdags/subdag.py took 0.045 seconds
[2023-08-24T15:54:17.614+0100] {processor.py:157} INFO - Started process (PID=7562) to work on /home/samuel/dev/airflow_learning/venv/lib/python3.10/site-packages/airflow/example_dags/subdags/subdag.py
[2023-08-24T15:54:17.629+0100] {processor.py:829} INFO - Processing file /home/samuel/dev/airflow_learning/venv/lib/python3.10/site-packages/airflow/example_dags/subdags/subdag.py for tasks to queue
[2023-08-24T15:54:17.630+0100] {logging_mixin.py:151} INFO - [2023-08-24T15:54:17.630+0100] {dagbag.py:539} INFO - Filling up the DagBag from /home/samuel/dev/airflow_learning/venv/lib/python3.10/site-packages/airflow/example_dags/subdags/subdag.py
[2023-08-24T15:54:17.633+0100] {processor.py:841} WARNING - No viable dags retrieved from /home/samuel/dev/airflow_learning/venv/lib/python3.10/site-packages/airflow/example_dags/subdags/subdag.py
[2023-08-24T15:54:17.646+0100] {processor.py:179} INFO - Processing /home/samuel/dev/airflow_learning/venv/lib/python3.10/site-packages/airflow/example_dags/subdags/subdag.py took 0.036 seconds
[2023-08-24T15:54:51.223+0100] {processor.py:157} INFO - Started process (PID=7598) to work on /home/samuel/dev/airflow_learning/venv/lib/python3.10/site-packages/airflow/example_dags/subdags/subdag.py
[2023-08-24T15:54:51.266+0100] {processor.py:829} INFO - Processing file /home/samuel/dev/airflow_learning/venv/lib/python3.10/site-packages/airflow/example_dags/subdags/subdag.py for tasks to queue
[2023-08-24T15:54:51.267+0100] {logging_mixin.py:151} INFO - [2023-08-24T15:54:51.267+0100] {dagbag.py:539} INFO - Filling up the DagBag from /home/samuel/dev/airflow_learning/venv/lib/python3.10/site-packages/airflow/example_dags/subdags/subdag.py
[2023-08-24T15:54:51.270+0100] {processor.py:841} WARNING - No viable dags retrieved from /home/samuel/dev/airflow_learning/venv/lib/python3.10/site-packages/airflow/example_dags/subdags/subdag.py
[2023-08-24T15:54:51.282+0100] {processor.py:179} INFO - Processing /home/samuel/dev/airflow_learning/venv/lib/python3.10/site-packages/airflow/example_dags/subdags/subdag.py took 0.063 seconds
[2023-08-24T15:55:48.213+0100] {processor.py:157} INFO - Started process (PID=7647) to work on /home/samuel/dev/airflow_learning/venv/lib/python3.10/site-packages/airflow/example_dags/subdags/subdag.py
[2023-08-24T15:55:48.253+0100] {processor.py:829} INFO - Processing file /home/samuel/dev/airflow_learning/venv/lib/python3.10/site-packages/airflow/example_dags/subdags/subdag.py for tasks to queue
[2023-08-24T15:55:48.254+0100] {logging_mixin.py:151} INFO - [2023-08-24T15:55:48.253+0100] {dagbag.py:539} INFO - Filling up the DagBag from /home/samuel/dev/airflow_learning/venv/lib/python3.10/site-packages/airflow/example_dags/subdags/subdag.py
[2023-08-24T15:55:48.256+0100] {processor.py:841} WARNING - No viable dags retrieved from /home/samuel/dev/airflow_learning/venv/lib/python3.10/site-packages/airflow/example_dags/subdags/subdag.py
[2023-08-24T15:55:48.269+0100] {processor.py:179} INFO - Processing /home/samuel/dev/airflow_learning/venv/lib/python3.10/site-packages/airflow/example_dags/subdags/subdag.py took 0.059 seconds
[2023-08-24T15:56:38.862+0100] {processor.py:157} INFO - Started process (PID=7831) to work on /home/samuel/dev/airflow_learning/venv/lib/python3.10/site-packages/airflow/example_dags/subdags/subdag.py
[2023-08-24T15:56:38.897+0100] {processor.py:829} INFO - Processing file /home/samuel/dev/airflow_learning/venv/lib/python3.10/site-packages/airflow/example_dags/subdags/subdag.py for tasks to queue
[2023-08-24T15:56:38.898+0100] {logging_mixin.py:151} INFO - [2023-08-24T15:56:38.898+0100] {dagbag.py:539} INFO - Filling up the DagBag from /home/samuel/dev/airflow_learning/venv/lib/python3.10/site-packages/airflow/example_dags/subdags/subdag.py
[2023-08-24T15:56:38.900+0100] {processor.py:841} WARNING - No viable dags retrieved from /home/samuel/dev/airflow_learning/venv/lib/python3.10/site-packages/airflow/example_dags/subdags/subdag.py
[2023-08-24T15:56:38.910+0100] {processor.py:179} INFO - Processing /home/samuel/dev/airflow_learning/venv/lib/python3.10/site-packages/airflow/example_dags/subdags/subdag.py took 0.052 seconds
[2023-08-24T15:57:31.111+0100] {processor.py:157} INFO - Started process (PID=7886) to work on /home/samuel/dev/airflow_learning/venv/lib/python3.10/site-packages/airflow/example_dags/subdags/subdag.py
[2023-08-24T15:57:31.124+0100] {processor.py:829} INFO - Processing file /home/samuel/dev/airflow_learning/venv/lib/python3.10/site-packages/airflow/example_dags/subdags/subdag.py for tasks to queue
[2023-08-24T15:57:31.125+0100] {logging_mixin.py:151} INFO - [2023-08-24T15:57:31.125+0100] {dagbag.py:539} INFO - Filling up the DagBag from /home/samuel/dev/airflow_learning/venv/lib/python3.10/site-packages/airflow/example_dags/subdags/subdag.py
[2023-08-24T15:57:31.128+0100] {processor.py:841} WARNING - No viable dags retrieved from /home/samuel/dev/airflow_learning/venv/lib/python3.10/site-packages/airflow/example_dags/subdags/subdag.py
[2023-08-24T15:57:31.141+0100] {processor.py:179} INFO - Processing /home/samuel/dev/airflow_learning/venv/lib/python3.10/site-packages/airflow/example_dags/subdags/subdag.py took 0.035 seconds
[2023-08-24T15:58:22.350+0100] {processor.py:157} INFO - Started process (PID=7944) to work on /home/samuel/dev/airflow_learning/venv/lib/python3.10/site-packages/airflow/example_dags/subdags/subdag.py
[2023-08-24T15:58:22.351+0100] {processor.py:829} INFO - Processing file /home/samuel/dev/airflow_learning/venv/lib/python3.10/site-packages/airflow/example_dags/subdags/subdag.py for tasks to queue
[2023-08-24T15:58:22.352+0100] {logging_mixin.py:151} INFO - [2023-08-24T15:58:22.352+0100] {dagbag.py:539} INFO - Filling up the DagBag from /home/samuel/dev/airflow_learning/venv/lib/python3.10/site-packages/airflow/example_dags/subdags/subdag.py
[2023-08-24T15:58:22.354+0100] {processor.py:841} WARNING - No viable dags retrieved from /home/samuel/dev/airflow_learning/venv/lib/python3.10/site-packages/airflow/example_dags/subdags/subdag.py
[2023-08-24T15:58:22.367+0100] {processor.py:179} INFO - Processing /home/samuel/dev/airflow_learning/venv/lib/python3.10/site-packages/airflow/example_dags/subdags/subdag.py took 0.021 seconds
[2023-08-24T15:59:17.886+0100] {processor.py:157} INFO - Started process (PID=8017) to work on /home/samuel/dev/airflow_learning/venv/lib/python3.10/site-packages/airflow/example_dags/subdags/subdag.py
[2023-08-24T15:59:17.896+0100] {processor.py:829} INFO - Processing file /home/samuel/dev/airflow_learning/venv/lib/python3.10/site-packages/airflow/example_dags/subdags/subdag.py for tasks to queue
[2023-08-24T15:59:17.897+0100] {logging_mixin.py:151} INFO - [2023-08-24T15:59:17.897+0100] {dagbag.py:539} INFO - Filling up the DagBag from /home/samuel/dev/airflow_learning/venv/lib/python3.10/site-packages/airflow/example_dags/subdags/subdag.py
[2023-08-24T15:59:17.899+0100] {processor.py:841} WARNING - No viable dags retrieved from /home/samuel/dev/airflow_learning/venv/lib/python3.10/site-packages/airflow/example_dags/subdags/subdag.py
[2023-08-24T15:59:17.912+0100] {processor.py:179} INFO - Processing /home/samuel/dev/airflow_learning/venv/lib/python3.10/site-packages/airflow/example_dags/subdags/subdag.py took 0.029 seconds
[2023-08-24T16:00:15.808+0100] {processor.py:157} INFO - Started process (PID=8255) to work on /home/samuel/dev/airflow_learning/venv/lib/python3.10/site-packages/airflow/example_dags/subdags/subdag.py
[2023-08-24T16:00:15.812+0100] {processor.py:829} INFO - Processing file /home/samuel/dev/airflow_learning/venv/lib/python3.10/site-packages/airflow/example_dags/subdags/subdag.py for tasks to queue
[2023-08-24T16:00:15.813+0100] {logging_mixin.py:151} INFO - [2023-08-24T16:00:15.813+0100] {dagbag.py:539} INFO - Filling up the DagBag from /home/samuel/dev/airflow_learning/venv/lib/python3.10/site-packages/airflow/example_dags/subdags/subdag.py
[2023-08-24T16:00:15.815+0100] {processor.py:841} WARNING - No viable dags retrieved from /home/samuel/dev/airflow_learning/venv/lib/python3.10/site-packages/airflow/example_dags/subdags/subdag.py
[2023-08-24T16:00:15.828+0100] {processor.py:179} INFO - Processing /home/samuel/dev/airflow_learning/venv/lib/python3.10/site-packages/airflow/example_dags/subdags/subdag.py took 0.023 seconds
[2023-08-24T16:01:09.160+0100] {processor.py:157} INFO - Started process (PID=8345) to work on /home/samuel/dev/airflow_learning/venv/lib/python3.10/site-packages/airflow/example_dags/subdags/subdag.py
[2023-08-24T16:01:09.172+0100] {processor.py:829} INFO - Processing file /home/samuel/dev/airflow_learning/venv/lib/python3.10/site-packages/airflow/example_dags/subdags/subdag.py for tasks to queue
[2023-08-24T16:01:09.173+0100] {logging_mixin.py:151} INFO - [2023-08-24T16:01:09.173+0100] {dagbag.py:539} INFO - Filling up the DagBag from /home/samuel/dev/airflow_learning/venv/lib/python3.10/site-packages/airflow/example_dags/subdags/subdag.py
[2023-08-24T16:01:09.175+0100] {processor.py:841} WARNING - No viable dags retrieved from /home/samuel/dev/airflow_learning/venv/lib/python3.10/site-packages/airflow/example_dags/subdags/subdag.py
[2023-08-24T16:01:09.188+0100] {processor.py:179} INFO - Processing /home/samuel/dev/airflow_learning/venv/lib/python3.10/site-packages/airflow/example_dags/subdags/subdag.py took 0.031 seconds
[2023-08-24T16:02:04.001+0100] {processor.py:157} INFO - Started process (PID=8427) to work on /home/samuel/dev/airflow_learning/venv/lib/python3.10/site-packages/airflow/example_dags/subdags/subdag.py
[2023-08-24T16:02:04.030+0100] {processor.py:829} INFO - Processing file /home/samuel/dev/airflow_learning/venv/lib/python3.10/site-packages/airflow/example_dags/subdags/subdag.py for tasks to queue
[2023-08-24T16:02:04.031+0100] {logging_mixin.py:151} INFO - [2023-08-24T16:02:04.031+0100] {dagbag.py:539} INFO - Filling up the DagBag from /home/samuel/dev/airflow_learning/venv/lib/python3.10/site-packages/airflow/example_dags/subdags/subdag.py
[2023-08-24T16:02:04.033+0100] {processor.py:841} WARNING - No viable dags retrieved from /home/samuel/dev/airflow_learning/venv/lib/python3.10/site-packages/airflow/example_dags/subdags/subdag.py
[2023-08-24T16:02:04.045+0100] {processor.py:179} INFO - Processing /home/samuel/dev/airflow_learning/venv/lib/python3.10/site-packages/airflow/example_dags/subdags/subdag.py took 0.047 seconds
[2023-08-24T16:02:54.246+0100] {processor.py:157} INFO - Started process (PID=8488) to work on /home/samuel/dev/airflow_learning/venv/lib/python3.10/site-packages/airflow/example_dags/subdags/subdag.py
[2023-08-24T16:02:54.257+0100] {processor.py:829} INFO - Processing file /home/samuel/dev/airflow_learning/venv/lib/python3.10/site-packages/airflow/example_dags/subdags/subdag.py for tasks to queue
[2023-08-24T16:02:54.258+0100] {logging_mixin.py:151} INFO - [2023-08-24T16:02:54.257+0100] {dagbag.py:539} INFO - Filling up the DagBag from /home/samuel/dev/airflow_learning/venv/lib/python3.10/site-packages/airflow/example_dags/subdags/subdag.py
[2023-08-24T16:02:54.260+0100] {processor.py:841} WARNING - No viable dags retrieved from /home/samuel/dev/airflow_learning/venv/lib/python3.10/site-packages/airflow/example_dags/subdags/subdag.py
[2023-08-24T16:02:54.275+0100] {processor.py:179} INFO - Processing /home/samuel/dev/airflow_learning/venv/lib/python3.10/site-packages/airflow/example_dags/subdags/subdag.py took 0.033 seconds
[2023-08-24T16:03:47.931+0100] {processor.py:157} INFO - Started process (PID=8564) to work on /home/samuel/dev/airflow_learning/venv/lib/python3.10/site-packages/airflow/example_dags/subdags/subdag.py
[2023-08-24T16:03:47.939+0100] {processor.py:829} INFO - Processing file /home/samuel/dev/airflow_learning/venv/lib/python3.10/site-packages/airflow/example_dags/subdags/subdag.py for tasks to queue
[2023-08-24T16:03:47.940+0100] {logging_mixin.py:151} INFO - [2023-08-24T16:03:47.940+0100] {dagbag.py:539} INFO - Filling up the DagBag from /home/samuel/dev/airflow_learning/venv/lib/python3.10/site-packages/airflow/example_dags/subdags/subdag.py
[2023-08-24T16:03:47.943+0100] {processor.py:841} WARNING - No viable dags retrieved from /home/samuel/dev/airflow_learning/venv/lib/python3.10/site-packages/airflow/example_dags/subdags/subdag.py
[2023-08-24T16:03:47.955+0100] {processor.py:179} INFO - Processing /home/samuel/dev/airflow_learning/venv/lib/python3.10/site-packages/airflow/example_dags/subdags/subdag.py took 0.029 seconds
