[2023-08-24T15:23:13.293+0100] {processor.py:157} INFO - Started process (PID=5386) to work on /home/samuel/dev/airflow_learning/venv/lib/python3.10/site-packages/airflow/example_dags/example_branch_labels.py
[2023-08-24T15:23:13.294+0100] {processor.py:829} INFO - Processing file /home/samuel/dev/airflow_learning/venv/lib/python3.10/site-packages/airflow/example_dags/example_branch_labels.py for tasks to queue
[2023-08-24T15:23:13.295+0100] {logging_mixin.py:151} INFO - [2023-08-24T15:23:13.294+0100] {dagbag.py:539} INFO - Filling up the DagBag from /home/samuel/dev/airflow_learning/venv/lib/python3.10/site-packages/airflow/example_dags/example_branch_labels.py
[2023-08-24T15:23:13.303+0100] {processor.py:839} INFO - DAG(s) dict_keys(['example_branch_labels']) retrieved from /home/samuel/dev/airflow_learning/venv/lib/python3.10/site-packages/airflow/example_dags/example_branch_labels.py
[2023-08-24T15:23:13.637+0100] {logging_mixin.py:151} INFO - [2023-08-24T15:23:13.636+0100] {manager.py:501} INFO - Created Permission View: can edit on DAG:example_branch_labels
[2023-08-24T15:23:13.781+0100] {logging_mixin.py:151} INFO - [2023-08-24T15:23:13.781+0100] {manager.py:501} INFO - Created Permission View: can delete on DAG:example_branch_labels
[2023-08-24T15:23:13.893+0100] {logging_mixin.py:151} INFO - [2023-08-24T15:23:13.892+0100] {manager.py:501} INFO - Created Permission View: can read on DAG:example_branch_labels
[2023-08-24T15:23:13.921+0100] {logging_mixin.py:151} INFO - [2023-08-24T15:23:13.920+0100] {dag.py:2907} INFO - Sync 1 DAGs
[2023-08-24T15:23:13.943+0100] {logging_mixin.py:151} INFO - [2023-08-24T15:23:13.943+0100] {dag.py:2929} INFO - Creating ORM DAG for example_branch_labels
[2023-08-24T15:23:13.962+0100] {logging_mixin.py:151} INFO - [2023-08-24T15:23:13.961+0100] {dag.py:3677} INFO - Setting next_dagrun for example_branch_labels to 2023-08-23T00:00:00+00:00, run_after=2023-08-24T00:00:00+00:00
[2023-08-24T15:23:14.103+0100] {processor.py:179} INFO - Processing /home/samuel/dev/airflow_learning/venv/lib/python3.10/site-packages/airflow/example_dags/example_branch_labels.py took 0.813 seconds
[2023-08-24T15:24:20.333+0100] {processor.py:157} INFO - Started process (PID=5460) to work on /home/samuel/dev/airflow_learning/venv/lib/python3.10/site-packages/airflow/example_dags/example_branch_labels.py
[2023-08-24T15:24:20.363+0100] {processor.py:829} INFO - Processing file /home/samuel/dev/airflow_learning/venv/lib/python3.10/site-packages/airflow/example_dags/example_branch_labels.py for tasks to queue
[2023-08-24T15:24:20.365+0100] {logging_mixin.py:151} INFO - [2023-08-24T15:24:20.364+0100] {dagbag.py:539} INFO - Filling up the DagBag from /home/samuel/dev/airflow_learning/venv/lib/python3.10/site-packages/airflow/example_dags/example_branch_labels.py
[2023-08-24T15:24:20.376+0100] {processor.py:839} INFO - DAG(s) dict_keys(['example_branch_labels']) retrieved from /home/samuel/dev/airflow_learning/venv/lib/python3.10/site-packages/airflow/example_dags/example_branch_labels.py
[2023-08-24T15:24:20.400+0100] {logging_mixin.py:151} INFO - [2023-08-24T15:24:20.400+0100] {dag.py:2907} INFO - Sync 1 DAGs
[2023-08-24T15:24:20.422+0100] {logging_mixin.py:151} INFO - [2023-08-24T15:24:20.422+0100] {dag.py:3677} INFO - Setting next_dagrun for example_branch_labels to 2023-08-23T00:00:00+00:00, run_after=2023-08-24T00:00:00+00:00
[2023-08-24T15:24:20.592+0100] {processor.py:179} INFO - Processing /home/samuel/dev/airflow_learning/venv/lib/python3.10/site-packages/airflow/example_dags/example_branch_labels.py took 0.263 seconds
[2023-08-24T15:25:35.087+0100] {processor.py:157} INFO - Started process (PID=5534) to work on /home/samuel/dev/airflow_learning/venv/lib/python3.10/site-packages/airflow/example_dags/example_branch_labels.py
[2023-08-24T15:25:35.094+0100] {processor.py:829} INFO - Processing file /home/samuel/dev/airflow_learning/venv/lib/python3.10/site-packages/airflow/example_dags/example_branch_labels.py for tasks to queue
[2023-08-24T15:25:35.095+0100] {logging_mixin.py:151} INFO - [2023-08-24T15:25:35.095+0100] {dagbag.py:539} INFO - Filling up the DagBag from /home/samuel/dev/airflow_learning/venv/lib/python3.10/site-packages/airflow/example_dags/example_branch_labels.py
[2023-08-24T15:25:35.110+0100] {processor.py:839} INFO - DAG(s) dict_keys(['example_branch_labels']) retrieved from /home/samuel/dev/airflow_learning/venv/lib/python3.10/site-packages/airflow/example_dags/example_branch_labels.py
[2023-08-24T15:25:35.140+0100] {logging_mixin.py:151} INFO - [2023-08-24T15:25:35.140+0100] {dag.py:2907} INFO - Sync 1 DAGs
[2023-08-24T15:25:35.184+0100] {logging_mixin.py:151} INFO - [2023-08-24T15:25:35.183+0100] {dag.py:3677} INFO - Setting next_dagrun for example_branch_labels to 2023-08-23T00:00:00+00:00, run_after=2023-08-24T00:00:00+00:00
[2023-08-24T15:25:35.321+0100] {processor.py:179} INFO - Processing /home/samuel/dev/airflow_learning/venv/lib/python3.10/site-packages/airflow/example_dags/example_branch_labels.py took 0.237 seconds
[2023-08-24T15:26:34.158+0100] {processor.py:157} INFO - Started process (PID=5588) to work on /home/samuel/dev/airflow_learning/venv/lib/python3.10/site-packages/airflow/example_dags/example_branch_labels.py
[2023-08-24T15:26:34.160+0100] {processor.py:829} INFO - Processing file /home/samuel/dev/airflow_learning/venv/lib/python3.10/site-packages/airflow/example_dags/example_branch_labels.py for tasks to queue
[2023-08-24T15:26:34.162+0100] {logging_mixin.py:151} INFO - [2023-08-24T15:26:34.161+0100] {dagbag.py:539} INFO - Filling up the DagBag from /home/samuel/dev/airflow_learning/venv/lib/python3.10/site-packages/airflow/example_dags/example_branch_labels.py
[2023-08-24T15:26:34.171+0100] {processor.py:839} INFO - DAG(s) dict_keys(['example_branch_labels']) retrieved from /home/samuel/dev/airflow_learning/venv/lib/python3.10/site-packages/airflow/example_dags/example_branch_labels.py
[2023-08-24T15:26:34.190+0100] {logging_mixin.py:151} INFO - [2023-08-24T15:26:34.190+0100] {dag.py:2907} INFO - Sync 1 DAGs
[2023-08-24T15:26:34.211+0100] {logging_mixin.py:151} INFO - [2023-08-24T15:26:34.210+0100] {dag.py:3677} INFO - Setting next_dagrun for example_branch_labels to 2023-08-23T00:00:00+00:00, run_after=2023-08-24T00:00:00+00:00
[2023-08-24T15:26:34.339+0100] {processor.py:179} INFO - Processing /home/samuel/dev/airflow_learning/venv/lib/python3.10/site-packages/airflow/example_dags/example_branch_labels.py took 0.185 seconds
[2023-08-24T15:27:54.517+0100] {processor.py:157} INFO - Started process (PID=5670) to work on /home/samuel/dev/airflow_learning/venv/lib/python3.10/site-packages/airflow/example_dags/example_branch_labels.py
[2023-08-24T15:27:54.540+0100] {processor.py:829} INFO - Processing file /home/samuel/dev/airflow_learning/venv/lib/python3.10/site-packages/airflow/example_dags/example_branch_labels.py for tasks to queue
[2023-08-24T15:27:54.541+0100] {logging_mixin.py:151} INFO - [2023-08-24T15:27:54.541+0100] {dagbag.py:539} INFO - Filling up the DagBag from /home/samuel/dev/airflow_learning/venv/lib/python3.10/site-packages/airflow/example_dags/example_branch_labels.py
[2023-08-24T15:27:54.551+0100] {processor.py:839} INFO - DAG(s) dict_keys(['example_branch_labels']) retrieved from /home/samuel/dev/airflow_learning/venv/lib/python3.10/site-packages/airflow/example_dags/example_branch_labels.py
[2023-08-24T15:27:54.571+0100] {logging_mixin.py:151} INFO - [2023-08-24T15:27:54.570+0100] {dag.py:2907} INFO - Sync 1 DAGs
[2023-08-24T15:27:54.591+0100] {logging_mixin.py:151} INFO - [2023-08-24T15:27:54.591+0100] {dag.py:3677} INFO - Setting next_dagrun for example_branch_labels to 2023-08-23T00:00:00+00:00, run_after=2023-08-24T00:00:00+00:00
[2023-08-24T15:27:54.784+0100] {processor.py:179} INFO - Processing /home/samuel/dev/airflow_learning/venv/lib/python3.10/site-packages/airflow/example_dags/example_branch_labels.py took 0.270 seconds
[2023-08-24T15:29:16.957+0100] {processor.py:157} INFO - Started process (PID=5766) to work on /home/samuel/dev/airflow_learning/venv/lib/python3.10/site-packages/airflow/example_dags/example_branch_labels.py
[2023-08-24T15:29:16.991+0100] {processor.py:829} INFO - Processing file /home/samuel/dev/airflow_learning/venv/lib/python3.10/site-packages/airflow/example_dags/example_branch_labels.py for tasks to queue
[2023-08-24T15:29:16.993+0100] {logging_mixin.py:151} INFO - [2023-08-24T15:29:16.992+0100] {dagbag.py:539} INFO - Filling up the DagBag from /home/samuel/dev/airflow_learning/venv/lib/python3.10/site-packages/airflow/example_dags/example_branch_labels.py
[2023-08-24T15:29:17.009+0100] {processor.py:839} INFO - DAG(s) dict_keys(['example_branch_labels']) retrieved from /home/samuel/dev/airflow_learning/venv/lib/python3.10/site-packages/airflow/example_dags/example_branch_labels.py
[2023-08-24T15:29:17.041+0100] {logging_mixin.py:151} INFO - [2023-08-24T15:29:17.040+0100] {dag.py:2907} INFO - Sync 1 DAGs
[2023-08-24T15:29:17.071+0100] {logging_mixin.py:151} INFO - [2023-08-24T15:29:17.071+0100] {dag.py:3677} INFO - Setting next_dagrun for example_branch_labels to 2023-08-23T00:00:00+00:00, run_after=2023-08-24T00:00:00+00:00
[2023-08-24T15:29:17.185+0100] {processor.py:179} INFO - Processing /home/samuel/dev/airflow_learning/venv/lib/python3.10/site-packages/airflow/example_dags/example_branch_labels.py took 0.231 seconds
[2023-08-24T15:31:34.094+0100] {processor.py:157} INFO - Started process (PID=6039) to work on /home/samuel/dev/airflow_learning/venv/lib/python3.10/site-packages/airflow/example_dags/example_branch_labels.py
[2023-08-24T15:31:34.129+0100] {processor.py:829} INFO - Processing file /home/samuel/dev/airflow_learning/venv/lib/python3.10/site-packages/airflow/example_dags/example_branch_labels.py for tasks to queue
[2023-08-24T15:31:34.131+0100] {logging_mixin.py:151} INFO - [2023-08-24T15:31:34.130+0100] {dagbag.py:539} INFO - Filling up the DagBag from /home/samuel/dev/airflow_learning/venv/lib/python3.10/site-packages/airflow/example_dags/example_branch_labels.py
[2023-08-24T15:31:34.142+0100] {processor.py:839} INFO - DAG(s) dict_keys(['example_branch_labels']) retrieved from /home/samuel/dev/airflow_learning/venv/lib/python3.10/site-packages/airflow/example_dags/example_branch_labels.py
[2023-08-24T15:31:34.283+0100] {logging_mixin.py:151} INFO - [2023-08-24T15:31:34.283+0100] {dag.py:2907} INFO - Sync 1 DAGs
[2023-08-24T15:31:34.517+0100] {logging_mixin.py:151} INFO - [2023-08-24T15:31:34.517+0100] {dag.py:3677} INFO - Setting next_dagrun for example_branch_labels to 2023-08-23T00:00:00+00:00, run_after=2023-08-24T00:00:00+00:00
[2023-08-24T15:31:34.774+0100] {processor.py:179} INFO - Processing /home/samuel/dev/airflow_learning/venv/lib/python3.10/site-packages/airflow/example_dags/example_branch_labels.py took 0.684 seconds
[2023-08-24T15:32:31.862+0100] {processor.py:157} INFO - Started process (PID=6097) to work on /home/samuel/dev/airflow_learning/venv/lib/python3.10/site-packages/airflow/example_dags/example_branch_labels.py
[2023-08-24T15:32:31.923+0100] {processor.py:829} INFO - Processing file /home/samuel/dev/airflow_learning/venv/lib/python3.10/site-packages/airflow/example_dags/example_branch_labels.py for tasks to queue
[2023-08-24T15:32:31.924+0100] {logging_mixin.py:151} INFO - [2023-08-24T15:32:31.923+0100] {dagbag.py:539} INFO - Filling up the DagBag from /home/samuel/dev/airflow_learning/venv/lib/python3.10/site-packages/airflow/example_dags/example_branch_labels.py
[2023-08-24T15:32:31.934+0100] {processor.py:839} INFO - DAG(s) dict_keys(['example_branch_labels']) retrieved from /home/samuel/dev/airflow_learning/venv/lib/python3.10/site-packages/airflow/example_dags/example_branch_labels.py
[2023-08-24T15:32:31.958+0100] {logging_mixin.py:151} INFO - [2023-08-24T15:32:31.958+0100] {dag.py:2907} INFO - Sync 1 DAGs
[2023-08-24T15:32:31.983+0100] {logging_mixin.py:151} INFO - [2023-08-24T15:32:31.983+0100] {dag.py:3677} INFO - Setting next_dagrun for example_branch_labels to 2023-08-23T00:00:00+00:00, run_after=2023-08-24T00:00:00+00:00
[2023-08-24T15:32:32.118+0100] {processor.py:179} INFO - Processing /home/samuel/dev/airflow_learning/venv/lib/python3.10/site-packages/airflow/example_dags/example_branch_labels.py took 0.260 seconds
[2023-08-24T15:33:51.824+0100] {processor.py:157} INFO - Started process (PID=6185) to work on /home/samuel/dev/airflow_learning/venv/lib/python3.10/site-packages/airflow/example_dags/example_branch_labels.py
[2023-08-24T15:33:51.848+0100] {processor.py:829} INFO - Processing file /home/samuel/dev/airflow_learning/venv/lib/python3.10/site-packages/airflow/example_dags/example_branch_labels.py for tasks to queue
[2023-08-24T15:33:51.849+0100] {logging_mixin.py:151} INFO - [2023-08-24T15:33:51.848+0100] {dagbag.py:539} INFO - Filling up the DagBag from /home/samuel/dev/airflow_learning/venv/lib/python3.10/site-packages/airflow/example_dags/example_branch_labels.py
[2023-08-24T15:33:51.857+0100] {processor.py:839} INFO - DAG(s) dict_keys(['example_branch_labels']) retrieved from /home/samuel/dev/airflow_learning/venv/lib/python3.10/site-packages/airflow/example_dags/example_branch_labels.py
[2023-08-24T15:33:51.877+0100] {logging_mixin.py:151} INFO - [2023-08-24T15:33:51.876+0100] {dag.py:2907} INFO - Sync 1 DAGs
[2023-08-24T15:33:51.943+0100] {logging_mixin.py:151} INFO - [2023-08-24T15:33:51.943+0100] {dag.py:3677} INFO - Setting next_dagrun for example_branch_labels to 2023-08-23T00:00:00+00:00, run_after=2023-08-24T00:00:00+00:00
[2023-08-24T15:33:52.153+0100] {processor.py:179} INFO - Processing /home/samuel/dev/airflow_learning/venv/lib/python3.10/site-packages/airflow/example_dags/example_branch_labels.py took 0.332 seconds
[2023-08-24T15:35:00.693+0100] {processor.py:157} INFO - Started process (PID=6252) to work on /home/samuel/dev/airflow_learning/venv/lib/python3.10/site-packages/airflow/example_dags/example_branch_labels.py
[2023-08-24T15:35:00.726+0100] {processor.py:829} INFO - Processing file /home/samuel/dev/airflow_learning/venv/lib/python3.10/site-packages/airflow/example_dags/example_branch_labels.py for tasks to queue
[2023-08-24T15:35:00.728+0100] {logging_mixin.py:151} INFO - [2023-08-24T15:35:00.727+0100] {dagbag.py:539} INFO - Filling up the DagBag from /home/samuel/dev/airflow_learning/venv/lib/python3.10/site-packages/airflow/example_dags/example_branch_labels.py
[2023-08-24T15:35:00.739+0100] {processor.py:839} INFO - DAG(s) dict_keys(['example_branch_labels']) retrieved from /home/samuel/dev/airflow_learning/venv/lib/python3.10/site-packages/airflow/example_dags/example_branch_labels.py
[2023-08-24T15:35:00.760+0100] {logging_mixin.py:151} INFO - [2023-08-24T15:35:00.760+0100] {dag.py:2907} INFO - Sync 1 DAGs
[2023-08-24T15:35:00.784+0100] {logging_mixin.py:151} INFO - [2023-08-24T15:35:00.784+0100] {dag.py:3677} INFO - Setting next_dagrun for example_branch_labels to 2023-08-23T00:00:00+00:00, run_after=2023-08-24T00:00:00+00:00
[2023-08-24T15:35:00.905+0100] {processor.py:179} INFO - Processing /home/samuel/dev/airflow_learning/venv/lib/python3.10/site-packages/airflow/example_dags/example_branch_labels.py took 0.216 seconds
[2023-08-24T15:36:01.209+0100] {processor.py:157} INFO - Started process (PID=6322) to work on /home/samuel/dev/airflow_learning/venv/lib/python3.10/site-packages/airflow/example_dags/example_branch_labels.py
[2023-08-24T15:36:01.233+0100] {processor.py:829} INFO - Processing file /home/samuel/dev/airflow_learning/venv/lib/python3.10/site-packages/airflow/example_dags/example_branch_labels.py for tasks to queue
[2023-08-24T15:36:01.234+0100] {logging_mixin.py:151} INFO - [2023-08-24T15:36:01.233+0100] {dagbag.py:539} INFO - Filling up the DagBag from /home/samuel/dev/airflow_learning/venv/lib/python3.10/site-packages/airflow/example_dags/example_branch_labels.py
[2023-08-24T15:36:01.244+0100] {processor.py:839} INFO - DAG(s) dict_keys(['example_branch_labels']) retrieved from /home/samuel/dev/airflow_learning/venv/lib/python3.10/site-packages/airflow/example_dags/example_branch_labels.py
[2023-08-24T15:36:01.270+0100] {logging_mixin.py:151} INFO - [2023-08-24T15:36:01.269+0100] {dag.py:2907} INFO - Sync 1 DAGs
[2023-08-24T15:36:01.293+0100] {logging_mixin.py:151} INFO - [2023-08-24T15:36:01.293+0100] {dag.py:3677} INFO - Setting next_dagrun for example_branch_labels to 2023-08-23T00:00:00+00:00, run_after=2023-08-24T00:00:00+00:00
[2023-08-24T15:36:01.394+0100] {processor.py:179} INFO - Processing /home/samuel/dev/airflow_learning/venv/lib/python3.10/site-packages/airflow/example_dags/example_branch_labels.py took 0.189 seconds
[2023-08-24T15:37:34.972+0100] {processor.py:157} INFO - Started process (PID=6408) to work on /home/samuel/dev/airflow_learning/venv/lib/python3.10/site-packages/airflow/example_dags/example_branch_labels.py
[2023-08-24T15:37:34.981+0100] {processor.py:829} INFO - Processing file /home/samuel/dev/airflow_learning/venv/lib/python3.10/site-packages/airflow/example_dags/example_branch_labels.py for tasks to queue
[2023-08-24T15:37:34.982+0100] {logging_mixin.py:151} INFO - [2023-08-24T15:37:34.981+0100] {dagbag.py:539} INFO - Filling up the DagBag from /home/samuel/dev/airflow_learning/venv/lib/python3.10/site-packages/airflow/example_dags/example_branch_labels.py
[2023-08-24T15:37:34.990+0100] {processor.py:839} INFO - DAG(s) dict_keys(['example_branch_labels']) retrieved from /home/samuel/dev/airflow_learning/venv/lib/python3.10/site-packages/airflow/example_dags/example_branch_labels.py
[2023-08-24T15:37:35.007+0100] {logging_mixin.py:151} INFO - [2023-08-24T15:37:35.007+0100] {dag.py:2907} INFO - Sync 1 DAGs
[2023-08-24T15:37:35.028+0100] {logging_mixin.py:151} INFO - [2023-08-24T15:37:35.027+0100] {dag.py:3677} INFO - Setting next_dagrun for example_branch_labels to 2023-08-23T00:00:00+00:00, run_after=2023-08-24T00:00:00+00:00
[2023-08-24T15:37:35.142+0100] {processor.py:179} INFO - Processing /home/samuel/dev/airflow_learning/venv/lib/python3.10/site-packages/airflow/example_dags/example_branch_labels.py took 0.173 seconds
[2023-08-24T15:38:40.286+0100] {processor.py:157} INFO - Started process (PID=6471) to work on /home/samuel/dev/airflow_learning/venv/lib/python3.10/site-packages/airflow/example_dags/example_branch_labels.py
[2023-08-24T15:38:40.289+0100] {processor.py:829} INFO - Processing file /home/samuel/dev/airflow_learning/venv/lib/python3.10/site-packages/airflow/example_dags/example_branch_labels.py for tasks to queue
[2023-08-24T15:38:40.290+0100] {logging_mixin.py:151} INFO - [2023-08-24T15:38:40.290+0100] {dagbag.py:539} INFO - Filling up the DagBag from /home/samuel/dev/airflow_learning/venv/lib/python3.10/site-packages/airflow/example_dags/example_branch_labels.py
[2023-08-24T15:38:40.300+0100] {processor.py:839} INFO - DAG(s) dict_keys(['example_branch_labels']) retrieved from /home/samuel/dev/airflow_learning/venv/lib/python3.10/site-packages/airflow/example_dags/example_branch_labels.py
[2023-08-24T15:38:40.320+0100] {logging_mixin.py:151} INFO - [2023-08-24T15:38:40.320+0100] {dag.py:2907} INFO - Sync 1 DAGs
[2023-08-24T15:38:40.343+0100] {logging_mixin.py:151} INFO - [2023-08-24T15:38:40.342+0100] {dag.py:3677} INFO - Setting next_dagrun for example_branch_labels to 2023-08-23T00:00:00+00:00, run_after=2023-08-24T00:00:00+00:00
[2023-08-24T15:38:40.487+0100] {processor.py:179} INFO - Processing /home/samuel/dev/airflow_learning/venv/lib/python3.10/site-packages/airflow/example_dags/example_branch_labels.py took 0.205 seconds
[2023-08-24T15:39:34.897+0100] {processor.py:157} INFO - Started process (PID=6526) to work on /home/samuel/dev/airflow_learning/venv/lib/python3.10/site-packages/airflow/example_dags/example_branch_labels.py
[2023-08-24T15:39:34.898+0100] {processor.py:829} INFO - Processing file /home/samuel/dev/airflow_learning/venv/lib/python3.10/site-packages/airflow/example_dags/example_branch_labels.py for tasks to queue
[2023-08-24T15:39:34.899+0100] {logging_mixin.py:151} INFO - [2023-08-24T15:39:34.899+0100] {dagbag.py:539} INFO - Filling up the DagBag from /home/samuel/dev/airflow_learning/venv/lib/python3.10/site-packages/airflow/example_dags/example_branch_labels.py
[2023-08-24T15:39:34.909+0100] {processor.py:839} INFO - DAG(s) dict_keys(['example_branch_labels']) retrieved from /home/samuel/dev/airflow_learning/venv/lib/python3.10/site-packages/airflow/example_dags/example_branch_labels.py
[2023-08-24T15:39:34.928+0100] {logging_mixin.py:151} INFO - [2023-08-24T15:39:34.928+0100] {dag.py:2907} INFO - Sync 1 DAGs
[2023-08-24T15:39:34.948+0100] {logging_mixin.py:151} INFO - [2023-08-24T15:39:34.948+0100] {dag.py:3677} INFO - Setting next_dagrun for example_branch_labels to 2023-08-23T00:00:00+00:00, run_after=2023-08-24T00:00:00+00:00
[2023-08-24T15:39:35.080+0100] {processor.py:179} INFO - Processing /home/samuel/dev/airflow_learning/venv/lib/python3.10/site-packages/airflow/example_dags/example_branch_labels.py took 0.187 seconds
[2023-08-24T15:40:44.173+0100] {processor.py:157} INFO - Started process (PID=6609) to work on /home/samuel/dev/airflow_learning/venv/lib/python3.10/site-packages/airflow/example_dags/example_branch_labels.py
[2023-08-24T15:40:44.183+0100] {processor.py:829} INFO - Processing file /home/samuel/dev/airflow_learning/venv/lib/python3.10/site-packages/airflow/example_dags/example_branch_labels.py for tasks to queue
[2023-08-24T15:40:44.184+0100] {logging_mixin.py:151} INFO - [2023-08-24T15:40:44.184+0100] {dagbag.py:539} INFO - Filling up the DagBag from /home/samuel/dev/airflow_learning/venv/lib/python3.10/site-packages/airflow/example_dags/example_branch_labels.py
[2023-08-24T15:40:44.194+0100] {processor.py:839} INFO - DAG(s) dict_keys(['example_branch_labels']) retrieved from /home/samuel/dev/airflow_learning/venv/lib/python3.10/site-packages/airflow/example_dags/example_branch_labels.py
[2023-08-24T15:40:44.214+0100] {logging_mixin.py:151} INFO - [2023-08-24T15:40:44.214+0100] {dag.py:2907} INFO - Sync 1 DAGs
[2023-08-24T15:40:44.240+0100] {logging_mixin.py:151} INFO - [2023-08-24T15:40:44.239+0100] {dag.py:3677} INFO - Setting next_dagrun for example_branch_labels to 2023-08-23T00:00:00+00:00, run_after=2023-08-24T00:00:00+00:00
[2023-08-24T15:40:44.360+0100] {processor.py:179} INFO - Processing /home/samuel/dev/airflow_learning/venv/lib/python3.10/site-packages/airflow/example_dags/example_branch_labels.py took 0.191 seconds
[2023-08-24T15:42:01.097+0100] {processor.py:157} INFO - Started process (PID=6689) to work on /home/samuel/dev/airflow_learning/venv/lib/python3.10/site-packages/airflow/example_dags/example_branch_labels.py
[2023-08-24T15:42:01.100+0100] {processor.py:829} INFO - Processing file /home/samuel/dev/airflow_learning/venv/lib/python3.10/site-packages/airflow/example_dags/example_branch_labels.py for tasks to queue
[2023-08-24T15:42:01.101+0100] {logging_mixin.py:151} INFO - [2023-08-24T15:42:01.101+0100] {dagbag.py:539} INFO - Filling up the DagBag from /home/samuel/dev/airflow_learning/venv/lib/python3.10/site-packages/airflow/example_dags/example_branch_labels.py
[2023-08-24T15:42:01.111+0100] {processor.py:839} INFO - DAG(s) dict_keys(['example_branch_labels']) retrieved from /home/samuel/dev/airflow_learning/venv/lib/python3.10/site-packages/airflow/example_dags/example_branch_labels.py
[2023-08-24T15:42:01.131+0100] {logging_mixin.py:151} INFO - [2023-08-24T15:42:01.131+0100] {dag.py:2907} INFO - Sync 1 DAGs
[2023-08-24T15:42:01.157+0100] {logging_mixin.py:151} INFO - [2023-08-24T15:42:01.157+0100] {dag.py:3677} INFO - Setting next_dagrun for example_branch_labels to 2023-08-23T00:00:00+00:00, run_after=2023-08-24T00:00:00+00:00
[2023-08-24T15:42:01.292+0100] {processor.py:179} INFO - Processing /home/samuel/dev/airflow_learning/venv/lib/python3.10/site-packages/airflow/example_dags/example_branch_labels.py took 0.198 seconds
[2023-08-24T15:43:21.209+0100] {processor.py:157} INFO - Started process (PID=6822) to work on /home/samuel/dev/airflow_learning/venv/lib/python3.10/site-packages/airflow/example_dags/example_branch_labels.py
[2023-08-24T15:43:21.211+0100] {processor.py:829} INFO - Processing file /home/samuel/dev/airflow_learning/venv/lib/python3.10/site-packages/airflow/example_dags/example_branch_labels.py for tasks to queue
[2023-08-24T15:43:21.212+0100] {logging_mixin.py:151} INFO - [2023-08-24T15:43:21.211+0100] {dagbag.py:539} INFO - Filling up the DagBag from /home/samuel/dev/airflow_learning/venv/lib/python3.10/site-packages/airflow/example_dags/example_branch_labels.py
[2023-08-24T15:43:21.221+0100] {processor.py:839} INFO - DAG(s) dict_keys(['example_branch_labels']) retrieved from /home/samuel/dev/airflow_learning/venv/lib/python3.10/site-packages/airflow/example_dags/example_branch_labels.py
[2023-08-24T15:43:21.241+0100] {logging_mixin.py:151} INFO - [2023-08-24T15:43:21.241+0100] {dag.py:2907} INFO - Sync 1 DAGs
[2023-08-24T15:43:21.262+0100] {logging_mixin.py:151} INFO - [2023-08-24T15:43:21.261+0100] {dag.py:3677} INFO - Setting next_dagrun for example_branch_labels to 2023-08-23T00:00:00+00:00, run_after=2023-08-24T00:00:00+00:00
[2023-08-24T15:43:21.445+0100] {processor.py:179} INFO - Processing /home/samuel/dev/airflow_learning/venv/lib/python3.10/site-packages/airflow/example_dags/example_branch_labels.py took 0.239 seconds
[2023-08-24T15:44:39.321+0100] {processor.py:157} INFO - Started process (PID=6896) to work on /home/samuel/dev/airflow_learning/venv/lib/python3.10/site-packages/airflow/example_dags/example_branch_labels.py
[2023-08-24T15:44:39.323+0100] {processor.py:829} INFO - Processing file /home/samuel/dev/airflow_learning/venv/lib/python3.10/site-packages/airflow/example_dags/example_branch_labels.py for tasks to queue
[2023-08-24T15:44:39.324+0100] {logging_mixin.py:151} INFO - [2023-08-24T15:44:39.323+0100] {dagbag.py:539} INFO - Filling up the DagBag from /home/samuel/dev/airflow_learning/venv/lib/python3.10/site-packages/airflow/example_dags/example_branch_labels.py
[2023-08-24T15:44:39.335+0100] {processor.py:839} INFO - DAG(s) dict_keys(['example_branch_labels']) retrieved from /home/samuel/dev/airflow_learning/venv/lib/python3.10/site-packages/airflow/example_dags/example_branch_labels.py
[2023-08-24T15:44:39.355+0100] {logging_mixin.py:151} INFO - [2023-08-24T15:44:39.355+0100] {dag.py:2907} INFO - Sync 1 DAGs
[2023-08-24T15:44:39.376+0100] {logging_mixin.py:151} INFO - [2023-08-24T15:44:39.375+0100] {dag.py:3677} INFO - Setting next_dagrun for example_branch_labels to 2023-08-23T00:00:00+00:00, run_after=2023-08-24T00:00:00+00:00
[2023-08-24T15:44:39.505+0100] {processor.py:179} INFO - Processing /home/samuel/dev/airflow_learning/venv/lib/python3.10/site-packages/airflow/example_dags/example_branch_labels.py took 0.188 seconds
[2023-08-24T15:45:56.045+0100] {processor.py:157} INFO - Started process (PID=6970) to work on /home/samuel/dev/airflow_learning/venv/lib/python3.10/site-packages/airflow/example_dags/example_branch_labels.py
[2023-08-24T15:45:56.048+0100] {processor.py:829} INFO - Processing file /home/samuel/dev/airflow_learning/venv/lib/python3.10/site-packages/airflow/example_dags/example_branch_labels.py for tasks to queue
[2023-08-24T15:45:56.049+0100] {logging_mixin.py:151} INFO - [2023-08-24T15:45:56.049+0100] {dagbag.py:539} INFO - Filling up the DagBag from /home/samuel/dev/airflow_learning/venv/lib/python3.10/site-packages/airflow/example_dags/example_branch_labels.py
[2023-08-24T15:45:56.059+0100] {processor.py:839} INFO - DAG(s) dict_keys(['example_branch_labels']) retrieved from /home/samuel/dev/airflow_learning/venv/lib/python3.10/site-packages/airflow/example_dags/example_branch_labels.py
[2023-08-24T15:45:56.079+0100] {logging_mixin.py:151} INFO - [2023-08-24T15:45:56.079+0100] {dag.py:2907} INFO - Sync 1 DAGs
[2023-08-24T15:45:56.100+0100] {logging_mixin.py:151} INFO - [2023-08-24T15:45:56.099+0100] {dag.py:3677} INFO - Setting next_dagrun for example_branch_labels to 2023-08-23T00:00:00+00:00, run_after=2023-08-24T00:00:00+00:00
[2023-08-24T15:45:56.219+0100] {processor.py:179} INFO - Processing /home/samuel/dev/airflow_learning/venv/lib/python3.10/site-packages/airflow/example_dags/example_branch_labels.py took 0.178 seconds
[2023-08-24T15:47:15.657+0100] {processor.py:157} INFO - Started process (PID=7046) to work on /home/samuel/dev/airflow_learning/venv/lib/python3.10/site-packages/airflow/example_dags/example_branch_labels.py
[2023-08-24T15:47:15.659+0100] {processor.py:829} INFO - Processing file /home/samuel/dev/airflow_learning/venv/lib/python3.10/site-packages/airflow/example_dags/example_branch_labels.py for tasks to queue
[2023-08-24T15:47:15.660+0100] {logging_mixin.py:151} INFO - [2023-08-24T15:47:15.660+0100] {dagbag.py:539} INFO - Filling up the DagBag from /home/samuel/dev/airflow_learning/venv/lib/python3.10/site-packages/airflow/example_dags/example_branch_labels.py
[2023-08-24T15:47:15.671+0100] {processor.py:839} INFO - DAG(s) dict_keys(['example_branch_labels']) retrieved from /home/samuel/dev/airflow_learning/venv/lib/python3.10/site-packages/airflow/example_dags/example_branch_labels.py
[2023-08-24T15:47:15.691+0100] {logging_mixin.py:151} INFO - [2023-08-24T15:47:15.690+0100] {dag.py:2907} INFO - Sync 1 DAGs
[2023-08-24T15:47:15.711+0100] {logging_mixin.py:151} INFO - [2023-08-24T15:47:15.711+0100] {dag.py:3677} INFO - Setting next_dagrun for example_branch_labels to 2023-08-23T00:00:00+00:00, run_after=2023-08-24T00:00:00+00:00
[2023-08-24T15:47:15.852+0100] {processor.py:179} INFO - Processing /home/samuel/dev/airflow_learning/venv/lib/python3.10/site-packages/airflow/example_dags/example_branch_labels.py took 0.198 seconds
[2023-08-24T15:48:36.269+0100] {processor.py:157} INFO - Started process (PID=7137) to work on /home/samuel/dev/airflow_learning/venv/lib/python3.10/site-packages/airflow/example_dags/example_branch_labels.py
[2023-08-24T15:48:36.270+0100] {processor.py:829} INFO - Processing file /home/samuel/dev/airflow_learning/venv/lib/python3.10/site-packages/airflow/example_dags/example_branch_labels.py for tasks to queue
[2023-08-24T15:48:36.271+0100] {logging_mixin.py:151} INFO - [2023-08-24T15:48:36.271+0100] {dagbag.py:539} INFO - Filling up the DagBag from /home/samuel/dev/airflow_learning/venv/lib/python3.10/site-packages/airflow/example_dags/example_branch_labels.py
[2023-08-24T15:48:36.279+0100] {processor.py:839} INFO - DAG(s) dict_keys(['example_branch_labels']) retrieved from /home/samuel/dev/airflow_learning/venv/lib/python3.10/site-packages/airflow/example_dags/example_branch_labels.py
[2023-08-24T15:48:36.296+0100] {logging_mixin.py:151} INFO - [2023-08-24T15:48:36.296+0100] {dag.py:2907} INFO - Sync 1 DAGs
[2023-08-24T15:48:36.316+0100] {logging_mixin.py:151} INFO - [2023-08-24T15:48:36.316+0100] {dag.py:3677} INFO - Setting next_dagrun for example_branch_labels to 2023-08-23T00:00:00+00:00, run_after=2023-08-24T00:00:00+00:00
[2023-08-24T15:48:36.451+0100] {processor.py:179} INFO - Processing /home/samuel/dev/airflow_learning/venv/lib/python3.10/site-packages/airflow/example_dags/example_branch_labels.py took 0.184 seconds
[2023-08-24T15:49:49.935+0100] {processor.py:157} INFO - Started process (PID=7210) to work on /home/samuel/dev/airflow_learning/venv/lib/python3.10/site-packages/airflow/example_dags/example_branch_labels.py
[2023-08-24T15:49:49.955+0100] {processor.py:829} INFO - Processing file /home/samuel/dev/airflow_learning/venv/lib/python3.10/site-packages/airflow/example_dags/example_branch_labels.py for tasks to queue
[2023-08-24T15:49:49.956+0100] {logging_mixin.py:151} INFO - [2023-08-24T15:49:49.956+0100] {dagbag.py:539} INFO - Filling up the DagBag from /home/samuel/dev/airflow_learning/venv/lib/python3.10/site-packages/airflow/example_dags/example_branch_labels.py
[2023-08-24T15:49:49.967+0100] {processor.py:839} INFO - DAG(s) dict_keys(['example_branch_labels']) retrieved from /home/samuel/dev/airflow_learning/venv/lib/python3.10/site-packages/airflow/example_dags/example_branch_labels.py
[2023-08-24T15:49:49.989+0100] {logging_mixin.py:151} INFO - [2023-08-24T15:49:49.989+0100] {dag.py:2907} INFO - Sync 1 DAGs
[2023-08-24T15:49:50.014+0100] {logging_mixin.py:151} INFO - [2023-08-24T15:49:50.014+0100] {dag.py:3677} INFO - Setting next_dagrun for example_branch_labels to 2023-08-23T00:00:00+00:00, run_after=2023-08-24T00:00:00+00:00
[2023-08-24T15:49:50.132+0100] {processor.py:179} INFO - Processing /home/samuel/dev/airflow_learning/venv/lib/python3.10/site-packages/airflow/example_dags/example_branch_labels.py took 0.201 seconds
[2023-08-24T15:51:07.833+0100] {processor.py:157} INFO - Started process (PID=7280) to work on /home/samuel/dev/airflow_learning/venv/lib/python3.10/site-packages/airflow/example_dags/example_branch_labels.py
[2023-08-24T15:51:07.861+0100] {processor.py:829} INFO - Processing file /home/samuel/dev/airflow_learning/venv/lib/python3.10/site-packages/airflow/example_dags/example_branch_labels.py for tasks to queue
[2023-08-24T15:51:07.862+0100] {logging_mixin.py:151} INFO - [2023-08-24T15:51:07.862+0100] {dagbag.py:539} INFO - Filling up the DagBag from /home/samuel/dev/airflow_learning/venv/lib/python3.10/site-packages/airflow/example_dags/example_branch_labels.py
[2023-08-24T15:51:07.872+0100] {processor.py:839} INFO - DAG(s) dict_keys(['example_branch_labels']) retrieved from /home/samuel/dev/airflow_learning/venv/lib/python3.10/site-packages/airflow/example_dags/example_branch_labels.py
[2023-08-24T15:51:07.895+0100] {logging_mixin.py:151} INFO - [2023-08-24T15:51:07.894+0100] {dag.py:2907} INFO - Sync 1 DAGs
[2023-08-24T15:51:07.918+0100] {logging_mixin.py:151} INFO - [2023-08-24T15:51:07.918+0100] {dag.py:3677} INFO - Setting next_dagrun for example_branch_labels to 2023-08-23T00:00:00+00:00, run_after=2023-08-24T00:00:00+00:00
[2023-08-24T15:51:08.041+0100] {processor.py:179} INFO - Processing /home/samuel/dev/airflow_learning/venv/lib/python3.10/site-packages/airflow/example_dags/example_branch_labels.py took 0.212 seconds
[2023-08-24T15:52:22.523+0100] {processor.py:157} INFO - Started process (PID=7364) to work on /home/samuel/dev/airflow_learning/venv/lib/python3.10/site-packages/airflow/example_dags/example_branch_labels.py
[2023-08-24T15:52:22.533+0100] {processor.py:829} INFO - Processing file /home/samuel/dev/airflow_learning/venv/lib/python3.10/site-packages/airflow/example_dags/example_branch_labels.py for tasks to queue
[2023-08-24T15:52:22.535+0100] {logging_mixin.py:151} INFO - [2023-08-24T15:52:22.534+0100] {dagbag.py:539} INFO - Filling up the DagBag from /home/samuel/dev/airflow_learning/venv/lib/python3.10/site-packages/airflow/example_dags/example_branch_labels.py
[2023-08-24T15:52:22.545+0100] {processor.py:839} INFO - DAG(s) dict_keys(['example_branch_labels']) retrieved from /home/samuel/dev/airflow_learning/venv/lib/python3.10/site-packages/airflow/example_dags/example_branch_labels.py
[2023-08-24T15:52:22.566+0100] {logging_mixin.py:151} INFO - [2023-08-24T15:52:22.565+0100] {dag.py:2907} INFO - Sync 1 DAGs
[2023-08-24T15:52:22.587+0100] {logging_mixin.py:151} INFO - [2023-08-24T15:52:22.587+0100] {dag.py:3677} INFO - Setting next_dagrun for example_branch_labels to 2023-08-23T00:00:00+00:00, run_after=2023-08-24T00:00:00+00:00
[2023-08-24T15:52:22.701+0100] {processor.py:179} INFO - Processing /home/samuel/dev/airflow_learning/venv/lib/python3.10/site-packages/airflow/example_dags/example_branch_labels.py took 0.182 seconds
[2023-08-24T15:53:40.222+0100] {processor.py:157} INFO - Started process (PID=7505) to work on /home/samuel/dev/airflow_learning/venv/lib/python3.10/site-packages/airflow/example_dags/example_branch_labels.py
[2023-08-24T15:53:40.260+0100] {processor.py:829} INFO - Processing file /home/samuel/dev/airflow_learning/venv/lib/python3.10/site-packages/airflow/example_dags/example_branch_labels.py for tasks to queue
[2023-08-24T15:53:40.262+0100] {logging_mixin.py:151} INFO - [2023-08-24T15:53:40.261+0100] {dagbag.py:539} INFO - Filling up the DagBag from /home/samuel/dev/airflow_learning/venv/lib/python3.10/site-packages/airflow/example_dags/example_branch_labels.py
[2023-08-24T15:53:40.272+0100] {processor.py:839} INFO - DAG(s) dict_keys(['example_branch_labels']) retrieved from /home/samuel/dev/airflow_learning/venv/lib/python3.10/site-packages/airflow/example_dags/example_branch_labels.py
[2023-08-24T15:53:40.295+0100] {logging_mixin.py:151} INFO - [2023-08-24T15:53:40.294+0100] {dag.py:2907} INFO - Sync 1 DAGs
[2023-08-24T15:53:40.319+0100] {logging_mixin.py:151} INFO - [2023-08-24T15:53:40.319+0100] {dag.py:3677} INFO - Setting next_dagrun for example_branch_labels to 2023-08-23T00:00:00+00:00, run_after=2023-08-24T00:00:00+00:00
[2023-08-24T15:53:40.418+0100] {processor.py:179} INFO - Processing /home/samuel/dev/airflow_learning/venv/lib/python3.10/site-packages/airflow/example_dags/example_branch_labels.py took 0.201 seconds
[2023-08-24T15:54:48.192+0100] {processor.py:157} INFO - Started process (PID=7596) to work on /home/samuel/dev/airflow_learning/venv/lib/python3.10/site-packages/airflow/example_dags/example_branch_labels.py
[2023-08-24T15:54:48.341+0100] {processor.py:829} INFO - Processing file /home/samuel/dev/airflow_learning/venv/lib/python3.10/site-packages/airflow/example_dags/example_branch_labels.py for tasks to queue
[2023-08-24T15:54:48.342+0100] {logging_mixin.py:151} INFO - [2023-08-24T15:54:48.342+0100] {dagbag.py:539} INFO - Filling up the DagBag from /home/samuel/dev/airflow_learning/venv/lib/python3.10/site-packages/airflow/example_dags/example_branch_labels.py
[2023-08-24T15:54:48.354+0100] {processor.py:839} INFO - DAG(s) dict_keys(['example_branch_labels']) retrieved from /home/samuel/dev/airflow_learning/venv/lib/python3.10/site-packages/airflow/example_dags/example_branch_labels.py
[2023-08-24T15:54:48.379+0100] {logging_mixin.py:151} INFO - [2023-08-24T15:54:48.378+0100] {dag.py:2907} INFO - Sync 1 DAGs
[2023-08-24T15:54:48.402+0100] {logging_mixin.py:151} INFO - [2023-08-24T15:54:48.402+0100] {dag.py:3677} INFO - Setting next_dagrun for example_branch_labels to 2023-08-23T00:00:00+00:00, run_after=2023-08-24T00:00:00+00:00
[2023-08-24T15:54:48.608+0100] {processor.py:179} INFO - Processing /home/samuel/dev/airflow_learning/venv/lib/python3.10/site-packages/airflow/example_dags/example_branch_labels.py took 0.420 seconds
[2023-08-24T15:56:12.125+0100] {processor.py:157} INFO - Started process (PID=7781) to work on /home/samuel/dev/airflow_learning/venv/lib/python3.10/site-packages/airflow/example_dags/example_branch_labels.py
[2023-08-24T15:56:12.159+0100] {processor.py:829} INFO - Processing file /home/samuel/dev/airflow_learning/venv/lib/python3.10/site-packages/airflow/example_dags/example_branch_labels.py for tasks to queue
[2023-08-24T15:56:12.160+0100] {logging_mixin.py:151} INFO - [2023-08-24T15:56:12.160+0100] {dagbag.py:539} INFO - Filling up the DagBag from /home/samuel/dev/airflow_learning/venv/lib/python3.10/site-packages/airflow/example_dags/example_branch_labels.py
[2023-08-24T15:56:12.168+0100] {processor.py:839} INFO - DAG(s) dict_keys(['example_branch_labels']) retrieved from /home/samuel/dev/airflow_learning/venv/lib/python3.10/site-packages/airflow/example_dags/example_branch_labels.py
[2023-08-24T15:56:12.191+0100] {logging_mixin.py:151} INFO - [2023-08-24T15:56:12.190+0100] {dag.py:2907} INFO - Sync 1 DAGs
[2023-08-24T15:56:12.212+0100] {logging_mixin.py:151} INFO - [2023-08-24T15:56:12.212+0100] {dag.py:3677} INFO - Setting next_dagrun for example_branch_labels to 2023-08-23T00:00:00+00:00, run_after=2023-08-24T00:00:00+00:00
[2023-08-24T15:56:12.519+0100] {processor.py:179} INFO - Processing /home/samuel/dev/airflow_learning/venv/lib/python3.10/site-packages/airflow/example_dags/example_branch_labels.py took 0.398 seconds
[2023-08-24T15:57:27.270+0100] {processor.py:157} INFO - Started process (PID=7883) to work on /home/samuel/dev/airflow_learning/venv/lib/python3.10/site-packages/airflow/example_dags/example_branch_labels.py
[2023-08-24T15:57:27.272+0100] {processor.py:829} INFO - Processing file /home/samuel/dev/airflow_learning/venv/lib/python3.10/site-packages/airflow/example_dags/example_branch_labels.py for tasks to queue
[2023-08-24T15:57:27.273+0100] {logging_mixin.py:151} INFO - [2023-08-24T15:57:27.272+0100] {dagbag.py:539} INFO - Filling up the DagBag from /home/samuel/dev/airflow_learning/venv/lib/python3.10/site-packages/airflow/example_dags/example_branch_labels.py
[2023-08-24T15:57:27.283+0100] {processor.py:839} INFO - DAG(s) dict_keys(['example_branch_labels']) retrieved from /home/samuel/dev/airflow_learning/venv/lib/python3.10/site-packages/airflow/example_dags/example_branch_labels.py
[2023-08-24T15:57:27.303+0100] {logging_mixin.py:151} INFO - [2023-08-24T15:57:27.303+0100] {dag.py:2907} INFO - Sync 1 DAGs
[2023-08-24T15:57:27.324+0100] {logging_mixin.py:151} INFO - [2023-08-24T15:57:27.324+0100] {dag.py:3677} INFO - Setting next_dagrun for example_branch_labels to 2023-08-23T00:00:00+00:00, run_after=2023-08-24T00:00:00+00:00
[2023-08-24T15:57:27.438+0100] {processor.py:179} INFO - Processing /home/samuel/dev/airflow_learning/venv/lib/python3.10/site-packages/airflow/example_dags/example_branch_labels.py took 0.171 seconds
[2023-08-24T15:58:21.097+0100] {processor.py:157} INFO - Started process (PID=7943) to work on /home/samuel/dev/airflow_learning/venv/lib/python3.10/site-packages/airflow/example_dags/example_branch_labels.py
[2023-08-24T15:58:21.124+0100] {processor.py:829} INFO - Processing file /home/samuel/dev/airflow_learning/venv/lib/python3.10/site-packages/airflow/example_dags/example_branch_labels.py for tasks to queue
[2023-08-24T15:58:21.125+0100] {logging_mixin.py:151} INFO - [2023-08-24T15:58:21.125+0100] {dagbag.py:539} INFO - Filling up the DagBag from /home/samuel/dev/airflow_learning/venv/lib/python3.10/site-packages/airflow/example_dags/example_branch_labels.py
[2023-08-24T15:58:21.136+0100] {processor.py:839} INFO - DAG(s) dict_keys(['example_branch_labels']) retrieved from /home/samuel/dev/airflow_learning/venv/lib/python3.10/site-packages/airflow/example_dags/example_branch_labels.py
[2023-08-24T15:58:21.160+0100] {logging_mixin.py:151} INFO - [2023-08-24T15:58:21.160+0100] {dag.py:2907} INFO - Sync 1 DAGs
[2023-08-24T15:58:21.185+0100] {logging_mixin.py:151} INFO - [2023-08-24T15:58:21.185+0100] {dag.py:3677} INFO - Setting next_dagrun for example_branch_labels to 2023-08-23T00:00:00+00:00, run_after=2023-08-24T00:00:00+00:00
[2023-08-24T15:58:21.284+0100] {processor.py:179} INFO - Processing /home/samuel/dev/airflow_learning/venv/lib/python3.10/site-packages/airflow/example_dags/example_branch_labels.py took 0.191 seconds
[2023-08-24T15:59:42.290+0100] {processor.py:157} INFO - Started process (PID=8147) to work on /home/samuel/dev/airflow_learning/venv/lib/python3.10/site-packages/airflow/example_dags/example_branch_labels.py
[2023-08-24T15:59:42.331+0100] {processor.py:829} INFO - Processing file /home/samuel/dev/airflow_learning/venv/lib/python3.10/site-packages/airflow/example_dags/example_branch_labels.py for tasks to queue
[2023-08-24T15:59:42.332+0100] {logging_mixin.py:151} INFO - [2023-08-24T15:59:42.332+0100] {dagbag.py:539} INFO - Filling up the DagBag from /home/samuel/dev/airflow_learning/venv/lib/python3.10/site-packages/airflow/example_dags/example_branch_labels.py
[2023-08-24T15:59:42.343+0100] {processor.py:839} INFO - DAG(s) dict_keys(['example_branch_labels']) retrieved from /home/samuel/dev/airflow_learning/venv/lib/python3.10/site-packages/airflow/example_dags/example_branch_labels.py
[2023-08-24T15:59:42.366+0100] {logging_mixin.py:151} INFO - [2023-08-24T15:59:42.365+0100] {dag.py:2907} INFO - Sync 1 DAGs
[2023-08-24T15:59:42.391+0100] {logging_mixin.py:151} INFO - [2023-08-24T15:59:42.390+0100] {dag.py:3677} INFO - Setting next_dagrun for example_branch_labels to 2023-08-23T00:00:00+00:00, run_after=2023-08-24T00:00:00+00:00
[2023-08-24T15:59:42.584+0100] {processor.py:179} INFO - Processing /home/samuel/dev/airflow_learning/venv/lib/python3.10/site-packages/airflow/example_dags/example_branch_labels.py took 0.298 seconds
[2023-08-24T16:00:39.881+0100] {processor.py:157} INFO - Started process (PID=8304) to work on /home/samuel/dev/airflow_learning/venv/lib/python3.10/site-packages/airflow/example_dags/example_branch_labels.py
[2023-08-24T16:00:39.936+0100] {processor.py:829} INFO - Processing file /home/samuel/dev/airflow_learning/venv/lib/python3.10/site-packages/airflow/example_dags/example_branch_labels.py for tasks to queue
[2023-08-24T16:00:39.937+0100] {logging_mixin.py:151} INFO - [2023-08-24T16:00:39.937+0100] {dagbag.py:539} INFO - Filling up the DagBag from /home/samuel/dev/airflow_learning/venv/lib/python3.10/site-packages/airflow/example_dags/example_branch_labels.py
[2023-08-24T16:00:39.953+0100] {processor.py:839} INFO - DAG(s) dict_keys(['example_branch_labels']) retrieved from /home/samuel/dev/airflow_learning/venv/lib/python3.10/site-packages/airflow/example_dags/example_branch_labels.py
[2023-08-24T16:00:39.975+0100] {logging_mixin.py:151} INFO - [2023-08-24T16:00:39.974+0100] {dag.py:2907} INFO - Sync 1 DAGs
[2023-08-24T16:00:40.001+0100] {logging_mixin.py:151} INFO - [2023-08-24T16:00:40.001+0100] {dag.py:3677} INFO - Setting next_dagrun for example_branch_labels to 2023-08-23T00:00:00+00:00, run_after=2023-08-24T00:00:00+00:00
[2023-08-24T16:00:40.111+0100] {processor.py:179} INFO - Processing /home/samuel/dev/airflow_learning/venv/lib/python3.10/site-packages/airflow/example_dags/example_branch_labels.py took 0.236 seconds
[2023-08-24T16:02:01.156+0100] {processor.py:157} INFO - Started process (PID=8423) to work on /home/samuel/dev/airflow_learning/venv/lib/python3.10/site-packages/airflow/example_dags/example_branch_labels.py
[2023-08-24T16:02:01.159+0100] {processor.py:829} INFO - Processing file /home/samuel/dev/airflow_learning/venv/lib/python3.10/site-packages/airflow/example_dags/example_branch_labels.py for tasks to queue
[2023-08-24T16:02:01.161+0100] {logging_mixin.py:151} INFO - [2023-08-24T16:02:01.160+0100] {dagbag.py:539} INFO - Filling up the DagBag from /home/samuel/dev/airflow_learning/venv/lib/python3.10/site-packages/airflow/example_dags/example_branch_labels.py
[2023-08-24T16:02:01.176+0100] {processor.py:839} INFO - DAG(s) dict_keys(['example_branch_labels']) retrieved from /home/samuel/dev/airflow_learning/venv/lib/python3.10/site-packages/airflow/example_dags/example_branch_labels.py
[2023-08-24T16:02:01.205+0100] {logging_mixin.py:151} INFO - [2023-08-24T16:02:01.205+0100] {dag.py:2907} INFO - Sync 1 DAGs
[2023-08-24T16:02:01.236+0100] {logging_mixin.py:151} INFO - [2023-08-24T16:02:01.236+0100] {dag.py:3677} INFO - Setting next_dagrun for example_branch_labels to 2023-08-23T00:00:00+00:00, run_after=2023-08-24T00:00:00+00:00
[2023-08-24T16:02:01.979+0100] {processor.py:179} INFO - Processing /home/samuel/dev/airflow_learning/venv/lib/python3.10/site-packages/airflow/example_dags/example_branch_labels.py took 0.828 seconds
[2023-08-24T16:03:18.395+0100] {processor.py:157} INFO - Started process (PID=8527) to work on /home/samuel/dev/airflow_learning/venv/lib/python3.10/site-packages/airflow/example_dags/example_branch_labels.py
[2023-08-24T16:03:18.397+0100] {processor.py:829} INFO - Processing file /home/samuel/dev/airflow_learning/venv/lib/python3.10/site-packages/airflow/example_dags/example_branch_labels.py for tasks to queue
[2023-08-24T16:03:18.399+0100] {logging_mixin.py:151} INFO - [2023-08-24T16:03:18.398+0100] {dagbag.py:539} INFO - Filling up the DagBag from /home/samuel/dev/airflow_learning/venv/lib/python3.10/site-packages/airflow/example_dags/example_branch_labels.py
[2023-08-24T16:03:18.409+0100] {processor.py:839} INFO - DAG(s) dict_keys(['example_branch_labels']) retrieved from /home/samuel/dev/airflow_learning/venv/lib/python3.10/site-packages/airflow/example_dags/example_branch_labels.py
[2023-08-24T16:03:18.432+0100] {logging_mixin.py:151} INFO - [2023-08-24T16:03:18.432+0100] {dag.py:2907} INFO - Sync 1 DAGs
[2023-08-24T16:03:18.461+0100] {logging_mixin.py:151} INFO - [2023-08-24T16:03:18.460+0100] {dag.py:3677} INFO - Setting next_dagrun for example_branch_labels to 2023-08-23T00:00:00+00:00, run_after=2023-08-24T00:00:00+00:00
[2023-08-24T16:03:18.599+0100] {processor.py:179} INFO - Processing /home/samuel/dev/airflow_learning/venv/lib/python3.10/site-packages/airflow/example_dags/example_branch_labels.py took 0.209 seconds
