[2023-08-24T15:23:04.946+0100] {processor.py:157} INFO - Started process (PID=5380) to work on /home/samuel/dev/airflow_learning/venv/lib/python3.10/site-packages/airflow/example_dags/example_external_task_marker_dag.py
[2023-08-24T15:23:04.947+0100] {processor.py:829} INFO - Processing file /home/samuel/dev/airflow_learning/venv/lib/python3.10/site-packages/airflow/example_dags/example_external_task_marker_dag.py for tasks to queue
[2023-08-24T15:23:04.948+0100] {logging_mixin.py:151} INFO - [2023-08-24T15:23:04.947+0100] {dagbag.py:539} INFO - Filling up the DagBag from /home/samuel/dev/airflow_learning/venv/lib/python3.10/site-packages/airflow/example_dags/example_external_task_marker_dag.py
[2023-08-24T15:23:04.955+0100] {processor.py:839} INFO - DAG(s) dict_keys(['example_external_task_marker_parent', 'example_external_task_marker_child']) retrieved from /home/samuel/dev/airflow_learning/venv/lib/python3.10/site-packages/airflow/example_dags/example_external_task_marker_dag.py
[2023-08-24T15:23:05.270+0100] {logging_mixin.py:151} INFO - [2023-08-24T15:23:05.269+0100] {manager.py:501} INFO - Created Permission View: can edit on DAG:example_external_task_marker_parent
[2023-08-24T15:23:05.381+0100] {logging_mixin.py:151} INFO - [2023-08-24T15:23:05.380+0100] {manager.py:501} INFO - Created Permission View: can delete on DAG:example_external_task_marker_parent
[2023-08-24T15:23:05.503+0100] {logging_mixin.py:151} INFO - [2023-08-24T15:23:05.502+0100] {manager.py:501} INFO - Created Permission View: can read on DAG:example_external_task_marker_parent
[2023-08-24T15:23:05.792+0100] {logging_mixin.py:151} INFO - [2023-08-24T15:23:05.791+0100] {manager.py:501} INFO - Created Permission View: can edit on DAG:example_external_task_marker_child
[2023-08-24T15:23:05.925+0100] {logging_mixin.py:151} INFO - [2023-08-24T15:23:05.925+0100] {manager.py:501} INFO - Created Permission View: can delete on DAG:example_external_task_marker_child
[2023-08-24T15:23:06.036+0100] {logging_mixin.py:151} INFO - [2023-08-24T15:23:06.035+0100] {manager.py:501} INFO - Created Permission View: can read on DAG:example_external_task_marker_child
[2023-08-24T15:23:06.042+0100] {logging_mixin.py:151} INFO - [2023-08-24T15:23:06.042+0100] {dag.py:2907} INFO - Sync 2 DAGs
[2023-08-24T15:23:06.055+0100] {logging_mixin.py:151} INFO - [2023-08-24T15:23:06.054+0100] {dag.py:2929} INFO - Creating ORM DAG for example_external_task_marker_child
[2023-08-24T15:23:06.055+0100] {logging_mixin.py:151} INFO - [2023-08-24T15:23:06.055+0100] {dag.py:2929} INFO - Creating ORM DAG for example_external_task_marker_parent
[2023-08-24T15:23:06.056+0100] {logging_mixin.py:151} INFO - [2023-08-24T15:23:06.056+0100] {dag.py:3677} INFO - Setting next_dagrun for example_external_task_marker_child to None, run_after=None
[2023-08-24T15:23:06.056+0100] {logging_mixin.py:151} INFO - [2023-08-24T15:23:06.056+0100] {dag.py:3677} INFO - Setting next_dagrun for example_external_task_marker_parent to None, run_after=None
[2023-08-24T15:23:06.220+0100] {processor.py:179} INFO - Processing /home/samuel/dev/airflow_learning/venv/lib/python3.10/site-packages/airflow/example_dags/example_external_task_marker_dag.py took 1.278 seconds
[2023-08-24T15:24:14.979+0100] {processor.py:157} INFO - Started process (PID=5455) to work on /home/samuel/dev/airflow_learning/venv/lib/python3.10/site-packages/airflow/example_dags/example_external_task_marker_dag.py
[2023-08-24T15:24:15.018+0100] {processor.py:829} INFO - Processing file /home/samuel/dev/airflow_learning/venv/lib/python3.10/site-packages/airflow/example_dags/example_external_task_marker_dag.py for tasks to queue
[2023-08-24T15:24:15.019+0100] {logging_mixin.py:151} INFO - [2023-08-24T15:24:15.019+0100] {dagbag.py:539} INFO - Filling up the DagBag from /home/samuel/dev/airflow_learning/venv/lib/python3.10/site-packages/airflow/example_dags/example_external_task_marker_dag.py
[2023-08-24T15:24:15.027+0100] {processor.py:839} INFO - DAG(s) dict_keys(['example_external_task_marker_parent', 'example_external_task_marker_child']) retrieved from /home/samuel/dev/airflow_learning/venv/lib/python3.10/site-packages/airflow/example_dags/example_external_task_marker_dag.py
[2023-08-24T15:24:15.049+0100] {logging_mixin.py:151} INFO - [2023-08-24T15:24:15.049+0100] {dag.py:2907} INFO - Sync 2 DAGs
[2023-08-24T15:24:15.060+0100] {logging_mixin.py:151} INFO - [2023-08-24T15:24:15.060+0100] {dag.py:3677} INFO - Setting next_dagrun for example_external_task_marker_child to None, run_after=None
[2023-08-24T15:24:15.064+0100] {logging_mixin.py:151} INFO - [2023-08-24T15:24:15.063+0100] {dag.py:3677} INFO - Setting next_dagrun for example_external_task_marker_parent to None, run_after=None
[2023-08-24T15:24:15.188+0100] {processor.py:179} INFO - Processing /home/samuel/dev/airflow_learning/venv/lib/python3.10/site-packages/airflow/example_dags/example_external_task_marker_dag.py took 0.213 seconds
[2023-08-24T15:25:09.813+0100] {processor.py:157} INFO - Started process (PID=5511) to work on /home/samuel/dev/airflow_learning/venv/lib/python3.10/site-packages/airflow/example_dags/example_external_task_marker_dag.py
[2023-08-24T15:25:09.834+0100] {processor.py:829} INFO - Processing file /home/samuel/dev/airflow_learning/venv/lib/python3.10/site-packages/airflow/example_dags/example_external_task_marker_dag.py for tasks to queue
[2023-08-24T15:25:09.835+0100] {logging_mixin.py:151} INFO - [2023-08-24T15:25:09.834+0100] {dagbag.py:539} INFO - Filling up the DagBag from /home/samuel/dev/airflow_learning/venv/lib/python3.10/site-packages/airflow/example_dags/example_external_task_marker_dag.py
[2023-08-24T15:25:09.842+0100] {processor.py:839} INFO - DAG(s) dict_keys(['example_external_task_marker_parent', 'example_external_task_marker_child']) retrieved from /home/samuel/dev/airflow_learning/venv/lib/python3.10/site-packages/airflow/example_dags/example_external_task_marker_dag.py
[2023-08-24T15:25:09.866+0100] {logging_mixin.py:151} INFO - [2023-08-24T15:25:09.866+0100] {dag.py:2907} INFO - Sync 2 DAGs
[2023-08-24T15:25:09.879+0100] {logging_mixin.py:151} INFO - [2023-08-24T15:25:09.879+0100] {dag.py:3677} INFO - Setting next_dagrun for example_external_task_marker_child to None, run_after=None
[2023-08-24T15:25:09.882+0100] {logging_mixin.py:151} INFO - [2023-08-24T15:25:09.882+0100] {dag.py:3677} INFO - Setting next_dagrun for example_external_task_marker_parent to None, run_after=None
[2023-08-24T15:25:09.986+0100] {processor.py:179} INFO - Processing /home/samuel/dev/airflow_learning/venv/lib/python3.10/site-packages/airflow/example_dags/example_external_task_marker_dag.py took 0.177 seconds
[2023-08-24T15:26:28.795+0100] {processor.py:157} INFO - Started process (PID=5584) to work on /home/samuel/dev/airflow_learning/venv/lib/python3.10/site-packages/airflow/example_dags/example_external_task_marker_dag.py
[2023-08-24T15:26:28.798+0100] {processor.py:829} INFO - Processing file /home/samuel/dev/airflow_learning/venv/lib/python3.10/site-packages/airflow/example_dags/example_external_task_marker_dag.py for tasks to queue
[2023-08-24T15:26:28.799+0100] {logging_mixin.py:151} INFO - [2023-08-24T15:26:28.798+0100] {dagbag.py:539} INFO - Filling up the DagBag from /home/samuel/dev/airflow_learning/venv/lib/python3.10/site-packages/airflow/example_dags/example_external_task_marker_dag.py
[2023-08-24T15:26:28.806+0100] {processor.py:839} INFO - DAG(s) dict_keys(['example_external_task_marker_parent', 'example_external_task_marker_child']) retrieved from /home/samuel/dev/airflow_learning/venv/lib/python3.10/site-packages/airflow/example_dags/example_external_task_marker_dag.py
[2023-08-24T15:26:28.829+0100] {logging_mixin.py:151} INFO - [2023-08-24T15:26:28.829+0100] {dag.py:2907} INFO - Sync 2 DAGs
[2023-08-24T15:26:28.842+0100] {logging_mixin.py:151} INFO - [2023-08-24T15:26:28.841+0100] {dag.py:3677} INFO - Setting next_dagrun for example_external_task_marker_child to None, run_after=None
[2023-08-24T15:26:28.845+0100] {logging_mixin.py:151} INFO - [2023-08-24T15:26:28.845+0100] {dag.py:3677} INFO - Setting next_dagrun for example_external_task_marker_parent to None, run_after=None
[2023-08-24T15:26:28.976+0100] {processor.py:179} INFO - Processing /home/samuel/dev/airflow_learning/venv/lib/python3.10/site-packages/airflow/example_dags/example_external_task_marker_dag.py took 0.185 seconds
[2023-08-24T15:27:23.291+0100] {processor.py:157} INFO - Started process (PID=5637) to work on /home/samuel/dev/airflow_learning/venv/lib/python3.10/site-packages/airflow/example_dags/example_external_task_marker_dag.py
[2023-08-24T15:27:23.322+0100] {processor.py:829} INFO - Processing file /home/samuel/dev/airflow_learning/venv/lib/python3.10/site-packages/airflow/example_dags/example_external_task_marker_dag.py for tasks to queue
[2023-08-24T15:27:23.324+0100] {logging_mixin.py:151} INFO - [2023-08-24T15:27:23.323+0100] {dagbag.py:539} INFO - Filling up the DagBag from /home/samuel/dev/airflow_learning/venv/lib/python3.10/site-packages/airflow/example_dags/example_external_task_marker_dag.py
[2023-08-24T15:27:23.332+0100] {processor.py:839} INFO - DAG(s) dict_keys(['example_external_task_marker_child', 'example_external_task_marker_parent']) retrieved from /home/samuel/dev/airflow_learning/venv/lib/python3.10/site-packages/airflow/example_dags/example_external_task_marker_dag.py
[2023-08-24T15:27:23.357+0100] {logging_mixin.py:151} INFO - [2023-08-24T15:27:23.357+0100] {dag.py:2907} INFO - Sync 2 DAGs
[2023-08-24T15:27:23.373+0100] {logging_mixin.py:151} INFO - [2023-08-24T15:27:23.372+0100] {dag.py:3677} INFO - Setting next_dagrun for example_external_task_marker_child to None, run_after=None
[2023-08-24T15:27:23.378+0100] {logging_mixin.py:151} INFO - [2023-08-24T15:27:23.378+0100] {dag.py:3677} INFO - Setting next_dagrun for example_external_task_marker_parent to None, run_after=None
[2023-08-24T15:27:23.497+0100] {processor.py:179} INFO - Processing /home/samuel/dev/airflow_learning/venv/lib/python3.10/site-packages/airflow/example_dags/example_external_task_marker_dag.py took 0.210 seconds
[2023-08-24T15:28:18.924+0100] {processor.py:157} INFO - Started process (PID=5698) to work on /home/samuel/dev/airflow_learning/venv/lib/python3.10/site-packages/airflow/example_dags/example_external_task_marker_dag.py
[2023-08-24T15:28:18.926+0100] {processor.py:829} INFO - Processing file /home/samuel/dev/airflow_learning/venv/lib/python3.10/site-packages/airflow/example_dags/example_external_task_marker_dag.py for tasks to queue
[2023-08-24T15:28:18.927+0100] {logging_mixin.py:151} INFO - [2023-08-24T15:28:18.926+0100] {dagbag.py:539} INFO - Filling up the DagBag from /home/samuel/dev/airflow_learning/venv/lib/python3.10/site-packages/airflow/example_dags/example_external_task_marker_dag.py
[2023-08-24T15:28:18.933+0100] {processor.py:839} INFO - DAG(s) dict_keys(['example_external_task_marker_parent', 'example_external_task_marker_child']) retrieved from /home/samuel/dev/airflow_learning/venv/lib/python3.10/site-packages/airflow/example_dags/example_external_task_marker_dag.py
[2023-08-24T15:28:18.960+0100] {logging_mixin.py:151} INFO - [2023-08-24T15:28:18.960+0100] {dag.py:2907} INFO - Sync 2 DAGs
[2023-08-24T15:28:18.976+0100] {logging_mixin.py:151} INFO - [2023-08-24T15:28:18.976+0100] {dag.py:3677} INFO - Setting next_dagrun for example_external_task_marker_child to None, run_after=None
[2023-08-24T15:28:18.982+0100] {logging_mixin.py:151} INFO - [2023-08-24T15:28:18.982+0100] {dag.py:3677} INFO - Setting next_dagrun for example_external_task_marker_parent to None, run_after=None
[2023-08-24T15:28:19.100+0100] {processor.py:179} INFO - Processing /home/samuel/dev/airflow_learning/venv/lib/python3.10/site-packages/airflow/example_dags/example_external_task_marker_dag.py took 0.180 seconds
[2023-08-24T15:29:15.104+0100] {processor.py:157} INFO - Started process (PID=5764) to work on /home/samuel/dev/airflow_learning/venv/lib/python3.10/site-packages/airflow/example_dags/example_external_task_marker_dag.py
[2023-08-24T15:29:15.107+0100] {processor.py:829} INFO - Processing file /home/samuel/dev/airflow_learning/venv/lib/python3.10/site-packages/airflow/example_dags/example_external_task_marker_dag.py for tasks to queue
[2023-08-24T15:29:15.109+0100] {logging_mixin.py:151} INFO - [2023-08-24T15:29:15.108+0100] {dagbag.py:539} INFO - Filling up the DagBag from /home/samuel/dev/airflow_learning/venv/lib/python3.10/site-packages/airflow/example_dags/example_external_task_marker_dag.py
[2023-08-24T15:29:15.122+0100] {processor.py:839} INFO - DAG(s) dict_keys(['example_external_task_marker_child', 'example_external_task_marker_parent']) retrieved from /home/samuel/dev/airflow_learning/venv/lib/python3.10/site-packages/airflow/example_dags/example_external_task_marker_dag.py
[2023-08-24T15:29:15.149+0100] {logging_mixin.py:151} INFO - [2023-08-24T15:29:15.149+0100] {dag.py:2907} INFO - Sync 2 DAGs
[2023-08-24T15:29:15.162+0100] {logging_mixin.py:151} INFO - [2023-08-24T15:29:15.162+0100] {dag.py:3677} INFO - Setting next_dagrun for example_external_task_marker_child to None, run_after=None
[2023-08-24T15:29:15.167+0100] {logging_mixin.py:151} INFO - [2023-08-24T15:29:15.166+0100] {dag.py:3677} INFO - Setting next_dagrun for example_external_task_marker_parent to None, run_after=None
[2023-08-24T15:29:15.309+0100] {processor.py:179} INFO - Processing /home/samuel/dev/airflow_learning/venv/lib/python3.10/site-packages/airflow/example_dags/example_external_task_marker_dag.py took 0.211 seconds
[2023-08-24T15:31:28.165+0100] {processor.py:157} INFO - Started process (PID=6037) to work on /home/samuel/dev/airflow_learning/venv/lib/python3.10/site-packages/airflow/example_dags/example_external_task_marker_dag.py
[2023-08-24T15:31:28.187+0100] {processor.py:829} INFO - Processing file /home/samuel/dev/airflow_learning/venv/lib/python3.10/site-packages/airflow/example_dags/example_external_task_marker_dag.py for tasks to queue
[2023-08-24T15:31:28.188+0100] {logging_mixin.py:151} INFO - [2023-08-24T15:31:28.187+0100] {dagbag.py:539} INFO - Filling up the DagBag from /home/samuel/dev/airflow_learning/venv/lib/python3.10/site-packages/airflow/example_dags/example_external_task_marker_dag.py
[2023-08-24T15:31:28.195+0100] {processor.py:839} INFO - DAG(s) dict_keys(['example_external_task_marker_child', 'example_external_task_marker_parent']) retrieved from /home/samuel/dev/airflow_learning/venv/lib/python3.10/site-packages/airflow/example_dags/example_external_task_marker_dag.py
[2023-08-24T15:31:28.218+0100] {logging_mixin.py:151} INFO - [2023-08-24T15:31:28.217+0100] {dag.py:2907} INFO - Sync 2 DAGs
[2023-08-24T15:31:28.234+0100] {logging_mixin.py:151} INFO - [2023-08-24T15:31:28.234+0100] {dag.py:3677} INFO - Setting next_dagrun for example_external_task_marker_child to None, run_after=None
[2023-08-24T15:31:28.239+0100] {logging_mixin.py:151} INFO - [2023-08-24T15:31:28.239+0100] {dag.py:3677} INFO - Setting next_dagrun for example_external_task_marker_parent to None, run_after=None
[2023-08-24T15:31:28.343+0100] {processor.py:179} INFO - Processing /home/samuel/dev/airflow_learning/venv/lib/python3.10/site-packages/airflow/example_dags/example_external_task_marker_dag.py took 0.182 seconds
[2023-08-24T15:32:29.442+0100] {processor.py:157} INFO - Started process (PID=6094) to work on /home/samuel/dev/airflow_learning/venv/lib/python3.10/site-packages/airflow/example_dags/example_external_task_marker_dag.py
[2023-08-24T15:32:29.492+0100] {processor.py:829} INFO - Processing file /home/samuel/dev/airflow_learning/venv/lib/python3.10/site-packages/airflow/example_dags/example_external_task_marker_dag.py for tasks to queue
[2023-08-24T15:32:29.493+0100] {logging_mixin.py:151} INFO - [2023-08-24T15:32:29.493+0100] {dagbag.py:539} INFO - Filling up the DagBag from /home/samuel/dev/airflow_learning/venv/lib/python3.10/site-packages/airflow/example_dags/example_external_task_marker_dag.py
[2023-08-24T15:32:29.501+0100] {processor.py:839} INFO - DAG(s) dict_keys(['example_external_task_marker_parent', 'example_external_task_marker_child']) retrieved from /home/samuel/dev/airflow_learning/venv/lib/python3.10/site-packages/airflow/example_dags/example_external_task_marker_dag.py
[2023-08-24T15:32:29.527+0100] {logging_mixin.py:151} INFO - [2023-08-24T15:32:29.527+0100] {dag.py:2907} INFO - Sync 2 DAGs
[2023-08-24T15:32:29.542+0100] {logging_mixin.py:151} INFO - [2023-08-24T15:32:29.541+0100] {dag.py:3677} INFO - Setting next_dagrun for example_external_task_marker_child to None, run_after=None
[2023-08-24T15:32:29.545+0100] {logging_mixin.py:151} INFO - [2023-08-24T15:32:29.545+0100] {dag.py:3677} INFO - Setting next_dagrun for example_external_task_marker_parent to None, run_after=None
[2023-08-24T15:32:29.677+0100] {processor.py:179} INFO - Processing /home/samuel/dev/airflow_learning/venv/lib/python3.10/site-packages/airflow/example_dags/example_external_task_marker_dag.py took 0.239 seconds
[2023-08-24T15:33:22.673+0100] {processor.py:157} INFO - Started process (PID=6158) to work on /home/samuel/dev/airflow_learning/venv/lib/python3.10/site-packages/airflow/example_dags/example_external_task_marker_dag.py
[2023-08-24T15:33:22.701+0100] {processor.py:829} INFO - Processing file /home/samuel/dev/airflow_learning/venv/lib/python3.10/site-packages/airflow/example_dags/example_external_task_marker_dag.py for tasks to queue
[2023-08-24T15:33:22.702+0100] {logging_mixin.py:151} INFO - [2023-08-24T15:33:22.702+0100] {dagbag.py:539} INFO - Filling up the DagBag from /home/samuel/dev/airflow_learning/venv/lib/python3.10/site-packages/airflow/example_dags/example_external_task_marker_dag.py
[2023-08-24T15:33:22.710+0100] {processor.py:839} INFO - DAG(s) dict_keys(['example_external_task_marker_parent', 'example_external_task_marker_child']) retrieved from /home/samuel/dev/airflow_learning/venv/lib/python3.10/site-packages/airflow/example_dags/example_external_task_marker_dag.py
[2023-08-24T15:33:22.737+0100] {logging_mixin.py:151} INFO - [2023-08-24T15:33:22.737+0100] {dag.py:2907} INFO - Sync 2 DAGs
[2023-08-24T15:33:22.752+0100] {logging_mixin.py:151} INFO - [2023-08-24T15:33:22.751+0100] {dag.py:3677} INFO - Setting next_dagrun for example_external_task_marker_child to None, run_after=None
[2023-08-24T15:33:22.755+0100] {logging_mixin.py:151} INFO - [2023-08-24T15:33:22.755+0100] {dag.py:3677} INFO - Setting next_dagrun for example_external_task_marker_parent to None, run_after=None
[2023-08-24T15:33:22.876+0100] {processor.py:179} INFO - Processing /home/samuel/dev/airflow_learning/venv/lib/python3.10/site-packages/airflow/example_dags/example_external_task_marker_dag.py took 0.207 seconds
[2023-08-24T15:34:23.028+0100] {processor.py:157} INFO - Started process (PID=6217) to work on /home/samuel/dev/airflow_learning/venv/lib/python3.10/site-packages/airflow/example_dags/example_external_task_marker_dag.py
[2023-08-24T15:34:23.073+0100] {processor.py:829} INFO - Processing file /home/samuel/dev/airflow_learning/venv/lib/python3.10/site-packages/airflow/example_dags/example_external_task_marker_dag.py for tasks to queue
[2023-08-24T15:34:23.074+0100] {logging_mixin.py:151} INFO - [2023-08-24T15:34:23.073+0100] {dagbag.py:539} INFO - Filling up the DagBag from /home/samuel/dev/airflow_learning/venv/lib/python3.10/site-packages/airflow/example_dags/example_external_task_marker_dag.py
[2023-08-24T15:34:23.084+0100] {processor.py:839} INFO - DAG(s) dict_keys(['example_external_task_marker_child', 'example_external_task_marker_parent']) retrieved from /home/samuel/dev/airflow_learning/venv/lib/python3.10/site-packages/airflow/example_dags/example_external_task_marker_dag.py
[2023-08-24T15:34:23.109+0100] {logging_mixin.py:151} INFO - [2023-08-24T15:34:23.109+0100] {dag.py:2907} INFO - Sync 2 DAGs
[2023-08-24T15:34:23.125+0100] {logging_mixin.py:151} INFO - [2023-08-24T15:34:23.125+0100] {dag.py:3677} INFO - Setting next_dagrun for example_external_task_marker_child to None, run_after=None
[2023-08-24T15:34:23.129+0100] {logging_mixin.py:151} INFO - [2023-08-24T15:34:23.129+0100] {dag.py:3677} INFO - Setting next_dagrun for example_external_task_marker_parent to None, run_after=None
[2023-08-24T15:34:23.248+0100] {processor.py:179} INFO - Processing /home/samuel/dev/airflow_learning/venv/lib/python3.10/site-packages/airflow/example_dags/example_external_task_marker_dag.py took 0.224 seconds
[2023-08-24T15:35:31.294+0100] {processor.py:157} INFO - Started process (PID=6294) to work on /home/samuel/dev/airflow_learning/venv/lib/python3.10/site-packages/airflow/example_dags/example_external_task_marker_dag.py
[2023-08-24T15:35:31.317+0100] {processor.py:829} INFO - Processing file /home/samuel/dev/airflow_learning/venv/lib/python3.10/site-packages/airflow/example_dags/example_external_task_marker_dag.py for tasks to queue
[2023-08-24T15:35:31.318+0100] {logging_mixin.py:151} INFO - [2023-08-24T15:35:31.318+0100] {dagbag.py:539} INFO - Filling up the DagBag from /home/samuel/dev/airflow_learning/venv/lib/python3.10/site-packages/airflow/example_dags/example_external_task_marker_dag.py
[2023-08-24T15:35:31.326+0100] {processor.py:839} INFO - DAG(s) dict_keys(['example_external_task_marker_child', 'example_external_task_marker_parent']) retrieved from /home/samuel/dev/airflow_learning/venv/lib/python3.10/site-packages/airflow/example_dags/example_external_task_marker_dag.py
[2023-08-24T15:35:31.350+0100] {logging_mixin.py:151} INFO - [2023-08-24T15:35:31.350+0100] {dag.py:2907} INFO - Sync 2 DAGs
[2023-08-24T15:35:31.364+0100] {logging_mixin.py:151} INFO - [2023-08-24T15:35:31.363+0100] {dag.py:3677} INFO - Setting next_dagrun for example_external_task_marker_child to None, run_after=None
[2023-08-24T15:35:31.367+0100] {logging_mixin.py:151} INFO - [2023-08-24T15:35:31.367+0100] {dag.py:3677} INFO - Setting next_dagrun for example_external_task_marker_parent to None, run_after=None
[2023-08-24T15:35:31.481+0100] {processor.py:179} INFO - Processing /home/samuel/dev/airflow_learning/venv/lib/python3.10/site-packages/airflow/example_dags/example_external_task_marker_dag.py took 0.191 seconds
[2023-08-24T15:36:25.642+0100] {processor.py:157} INFO - Started process (PID=6351) to work on /home/samuel/dev/airflow_learning/venv/lib/python3.10/site-packages/airflow/example_dags/example_external_task_marker_dag.py
[2023-08-24T15:36:25.645+0100] {processor.py:829} INFO - Processing file /home/samuel/dev/airflow_learning/venv/lib/python3.10/site-packages/airflow/example_dags/example_external_task_marker_dag.py for tasks to queue
[2023-08-24T15:36:25.646+0100] {logging_mixin.py:151} INFO - [2023-08-24T15:36:25.645+0100] {dagbag.py:539} INFO - Filling up the DagBag from /home/samuel/dev/airflow_learning/venv/lib/python3.10/site-packages/airflow/example_dags/example_external_task_marker_dag.py
[2023-08-24T15:36:25.653+0100] {processor.py:839} INFO - DAG(s) dict_keys(['example_external_task_marker_child', 'example_external_task_marker_parent']) retrieved from /home/samuel/dev/airflow_learning/venv/lib/python3.10/site-packages/airflow/example_dags/example_external_task_marker_dag.py
[2023-08-24T15:36:25.676+0100] {logging_mixin.py:151} INFO - [2023-08-24T15:36:25.675+0100] {dag.py:2907} INFO - Sync 2 DAGs
[2023-08-24T15:36:25.687+0100] {logging_mixin.py:151} INFO - [2023-08-24T15:36:25.687+0100] {dag.py:3677} INFO - Setting next_dagrun for example_external_task_marker_child to None, run_after=None
[2023-08-24T15:36:25.690+0100] {logging_mixin.py:151} INFO - [2023-08-24T15:36:25.690+0100] {dag.py:3677} INFO - Setting next_dagrun for example_external_task_marker_parent to None, run_after=None
[2023-08-24T15:36:25.842+0100] {processor.py:179} INFO - Processing /home/samuel/dev/airflow_learning/venv/lib/python3.10/site-packages/airflow/example_dags/example_external_task_marker_dag.py took 0.204 seconds
[2023-08-24T15:37:29.625+0100] {processor.py:157} INFO - Started process (PID=6404) to work on /home/samuel/dev/airflow_learning/venv/lib/python3.10/site-packages/airflow/example_dags/example_external_task_marker_dag.py
[2023-08-24T15:37:29.638+0100] {processor.py:829} INFO - Processing file /home/samuel/dev/airflow_learning/venv/lib/python3.10/site-packages/airflow/example_dags/example_external_task_marker_dag.py for tasks to queue
[2023-08-24T15:37:29.639+0100] {logging_mixin.py:151} INFO - [2023-08-24T15:37:29.639+0100] {dagbag.py:539} INFO - Filling up the DagBag from /home/samuel/dev/airflow_learning/venv/lib/python3.10/site-packages/airflow/example_dags/example_external_task_marker_dag.py
[2023-08-24T15:37:29.646+0100] {processor.py:839} INFO - DAG(s) dict_keys(['example_external_task_marker_child', 'example_external_task_marker_parent']) retrieved from /home/samuel/dev/airflow_learning/venv/lib/python3.10/site-packages/airflow/example_dags/example_external_task_marker_dag.py
[2023-08-24T15:37:29.666+0100] {logging_mixin.py:151} INFO - [2023-08-24T15:37:29.666+0100] {dag.py:2907} INFO - Sync 2 DAGs
[2023-08-24T15:37:29.680+0100] {logging_mixin.py:151} INFO - [2023-08-24T15:37:29.680+0100] {dag.py:3677} INFO - Setting next_dagrun for example_external_task_marker_child to None, run_after=None
[2023-08-24T15:37:29.683+0100] {logging_mixin.py:151} INFO - [2023-08-24T15:37:29.683+0100] {dag.py:3677} INFO - Setting next_dagrun for example_external_task_marker_parent to None, run_after=None
[2023-08-24T15:37:29.803+0100] {processor.py:179} INFO - Processing /home/samuel/dev/airflow_learning/venv/lib/python3.10/site-packages/airflow/example_dags/example_external_task_marker_dag.py took 0.181 seconds
[2023-08-24T15:38:35.059+0100] {processor.py:157} INFO - Started process (PID=6467) to work on /home/samuel/dev/airflow_learning/venv/lib/python3.10/site-packages/airflow/example_dags/example_external_task_marker_dag.py
[2023-08-24T15:38:35.061+0100] {processor.py:829} INFO - Processing file /home/samuel/dev/airflow_learning/venv/lib/python3.10/site-packages/airflow/example_dags/example_external_task_marker_dag.py for tasks to queue
[2023-08-24T15:38:35.062+0100] {logging_mixin.py:151} INFO - [2023-08-24T15:38:35.062+0100] {dagbag.py:539} INFO - Filling up the DagBag from /home/samuel/dev/airflow_learning/venv/lib/python3.10/site-packages/airflow/example_dags/example_external_task_marker_dag.py
[2023-08-24T15:38:35.070+0100] {processor.py:839} INFO - DAG(s) dict_keys(['example_external_task_marker_parent', 'example_external_task_marker_child']) retrieved from /home/samuel/dev/airflow_learning/venv/lib/python3.10/site-packages/airflow/example_dags/example_external_task_marker_dag.py
[2023-08-24T15:38:35.092+0100] {logging_mixin.py:151} INFO - [2023-08-24T15:38:35.092+0100] {dag.py:2907} INFO - Sync 2 DAGs
[2023-08-24T15:38:35.105+0100] {logging_mixin.py:151} INFO - [2023-08-24T15:38:35.105+0100] {dag.py:3677} INFO - Setting next_dagrun for example_external_task_marker_child to None, run_after=None
[2023-08-24T15:38:35.108+0100] {logging_mixin.py:151} INFO - [2023-08-24T15:38:35.108+0100] {dag.py:3677} INFO - Setting next_dagrun for example_external_task_marker_parent to None, run_after=None
[2023-08-24T15:38:35.253+0100] {processor.py:179} INFO - Processing /home/samuel/dev/airflow_learning/venv/lib/python3.10/site-packages/airflow/example_dags/example_external_task_marker_dag.py took 0.199 seconds
[2023-08-24T15:39:30.695+0100] {processor.py:157} INFO - Started process (PID=6522) to work on /home/samuel/dev/airflow_learning/venv/lib/python3.10/site-packages/airflow/example_dags/example_external_task_marker_dag.py
[2023-08-24T15:39:30.696+0100] {processor.py:829} INFO - Processing file /home/samuel/dev/airflow_learning/venv/lib/python3.10/site-packages/airflow/example_dags/example_external_task_marker_dag.py for tasks to queue
[2023-08-24T15:39:30.697+0100] {logging_mixin.py:151} INFO - [2023-08-24T15:39:30.697+0100] {dagbag.py:539} INFO - Filling up the DagBag from /home/samuel/dev/airflow_learning/venv/lib/python3.10/site-packages/airflow/example_dags/example_external_task_marker_dag.py
[2023-08-24T15:39:30.705+0100] {processor.py:839} INFO - DAG(s) dict_keys(['example_external_task_marker_parent', 'example_external_task_marker_child']) retrieved from /home/samuel/dev/airflow_learning/venv/lib/python3.10/site-packages/airflow/example_dags/example_external_task_marker_dag.py
[2023-08-24T15:39:30.727+0100] {logging_mixin.py:151} INFO - [2023-08-24T15:39:30.727+0100] {dag.py:2907} INFO - Sync 2 DAGs
[2023-08-24T15:39:30.739+0100] {logging_mixin.py:151} INFO - [2023-08-24T15:39:30.739+0100] {dag.py:3677} INFO - Setting next_dagrun for example_external_task_marker_child to None, run_after=None
[2023-08-24T15:39:30.742+0100] {logging_mixin.py:151} INFO - [2023-08-24T15:39:30.742+0100] {dag.py:3677} INFO - Setting next_dagrun for example_external_task_marker_parent to None, run_after=None
[2023-08-24T15:39:30.879+0100] {processor.py:179} INFO - Processing /home/samuel/dev/airflow_learning/venv/lib/python3.10/site-packages/airflow/example_dags/example_external_task_marker_dag.py took 0.188 seconds
[2023-08-24T15:40:38.686+0100] {processor.py:157} INFO - Started process (PID=6605) to work on /home/samuel/dev/airflow_learning/venv/lib/python3.10/site-packages/airflow/example_dags/example_external_task_marker_dag.py
[2023-08-24T15:40:38.707+0100] {processor.py:829} INFO - Processing file /home/samuel/dev/airflow_learning/venv/lib/python3.10/site-packages/airflow/example_dags/example_external_task_marker_dag.py for tasks to queue
[2023-08-24T15:40:38.708+0100] {logging_mixin.py:151} INFO - [2023-08-24T15:40:38.707+0100] {dagbag.py:539} INFO - Filling up the DagBag from /home/samuel/dev/airflow_learning/venv/lib/python3.10/site-packages/airflow/example_dags/example_external_task_marker_dag.py
[2023-08-24T15:40:38.715+0100] {processor.py:839} INFO - DAG(s) dict_keys(['example_external_task_marker_parent', 'example_external_task_marker_child']) retrieved from /home/samuel/dev/airflow_learning/venv/lib/python3.10/site-packages/airflow/example_dags/example_external_task_marker_dag.py
[2023-08-24T15:40:38.741+0100] {logging_mixin.py:151} INFO - [2023-08-24T15:40:38.740+0100] {dag.py:2907} INFO - Sync 2 DAGs
[2023-08-24T15:40:38.754+0100] {logging_mixin.py:151} INFO - [2023-08-24T15:40:38.754+0100] {dag.py:3677} INFO - Setting next_dagrun for example_external_task_marker_child to None, run_after=None
[2023-08-24T15:40:38.757+0100] {logging_mixin.py:151} INFO - [2023-08-24T15:40:38.757+0100] {dag.py:3677} INFO - Setting next_dagrun for example_external_task_marker_parent to None, run_after=None
[2023-08-24T15:40:38.900+0100] {processor.py:179} INFO - Processing /home/samuel/dev/airflow_learning/venv/lib/python3.10/site-packages/airflow/example_dags/example_external_task_marker_dag.py took 0.218 seconds
[2023-08-24T15:41:34.239+0100] {processor.py:157} INFO - Started process (PID=6657) to work on /home/samuel/dev/airflow_learning/venv/lib/python3.10/site-packages/airflow/example_dags/example_external_task_marker_dag.py
[2023-08-24T15:41:34.272+0100] {processor.py:829} INFO - Processing file /home/samuel/dev/airflow_learning/venv/lib/python3.10/site-packages/airflow/example_dags/example_external_task_marker_dag.py for tasks to queue
[2023-08-24T15:41:34.273+0100] {logging_mixin.py:151} INFO - [2023-08-24T15:41:34.273+0100] {dagbag.py:539} INFO - Filling up the DagBag from /home/samuel/dev/airflow_learning/venv/lib/python3.10/site-packages/airflow/example_dags/example_external_task_marker_dag.py
[2023-08-24T15:41:34.281+0100] {processor.py:839} INFO - DAG(s) dict_keys(['example_external_task_marker_parent', 'example_external_task_marker_child']) retrieved from /home/samuel/dev/airflow_learning/venv/lib/python3.10/site-packages/airflow/example_dags/example_external_task_marker_dag.py
[2023-08-24T15:41:34.306+0100] {logging_mixin.py:151} INFO - [2023-08-24T15:41:34.305+0100] {dag.py:2907} INFO - Sync 2 DAGs
[2023-08-24T15:41:34.320+0100] {logging_mixin.py:151} INFO - [2023-08-24T15:41:34.319+0100] {dag.py:3677} INFO - Setting next_dagrun for example_external_task_marker_child to None, run_after=None
[2023-08-24T15:41:34.323+0100] {logging_mixin.py:151} INFO - [2023-08-24T15:41:34.323+0100] {dag.py:3677} INFO - Setting next_dagrun for example_external_task_marker_parent to None, run_after=None
[2023-08-24T15:41:34.432+0100] {processor.py:179} INFO - Processing /home/samuel/dev/airflow_learning/venv/lib/python3.10/site-packages/airflow/example_dags/example_external_task_marker_dag.py took 0.197 seconds
[2023-08-24T15:42:50.662+0100] {processor.py:157} INFO - Started process (PID=6794) to work on /home/samuel/dev/airflow_learning/venv/lib/python3.10/site-packages/airflow/example_dags/example_external_task_marker_dag.py
[2023-08-24T15:42:50.701+0100] {processor.py:829} INFO - Processing file /home/samuel/dev/airflow_learning/venv/lib/python3.10/site-packages/airflow/example_dags/example_external_task_marker_dag.py for tasks to queue
[2023-08-24T15:42:50.702+0100] {logging_mixin.py:151} INFO - [2023-08-24T15:42:50.701+0100] {dagbag.py:539} INFO - Filling up the DagBag from /home/samuel/dev/airflow_learning/venv/lib/python3.10/site-packages/airflow/example_dags/example_external_task_marker_dag.py
[2023-08-24T15:42:50.710+0100] {processor.py:839} INFO - DAG(s) dict_keys(['example_external_task_marker_parent', 'example_external_task_marker_child']) retrieved from /home/samuel/dev/airflow_learning/venv/lib/python3.10/site-packages/airflow/example_dags/example_external_task_marker_dag.py
[2023-08-24T15:42:50.735+0100] {logging_mixin.py:151} INFO - [2023-08-24T15:42:50.735+0100] {dag.py:2907} INFO - Sync 2 DAGs
[2023-08-24T15:42:50.750+0100] {logging_mixin.py:151} INFO - [2023-08-24T15:42:50.749+0100] {dag.py:3677} INFO - Setting next_dagrun for example_external_task_marker_child to None, run_after=None
[2023-08-24T15:42:50.753+0100] {logging_mixin.py:151} INFO - [2023-08-24T15:42:50.753+0100] {dag.py:3677} INFO - Setting next_dagrun for example_external_task_marker_parent to None, run_after=None
[2023-08-24T15:42:50.865+0100] {processor.py:179} INFO - Processing /home/samuel/dev/airflow_learning/venv/lib/python3.10/site-packages/airflow/example_dags/example_external_task_marker_dag.py took 0.207 seconds
[2023-08-24T15:43:44.917+0100] {processor.py:157} INFO - Started process (PID=6845) to work on /home/samuel/dev/airflow_learning/venv/lib/python3.10/site-packages/airflow/example_dags/example_external_task_marker_dag.py
[2023-08-24T15:43:44.923+0100] {processor.py:829} INFO - Processing file /home/samuel/dev/airflow_learning/venv/lib/python3.10/site-packages/airflow/example_dags/example_external_task_marker_dag.py for tasks to queue
[2023-08-24T15:43:44.924+0100] {logging_mixin.py:151} INFO - [2023-08-24T15:43:44.924+0100] {dagbag.py:539} INFO - Filling up the DagBag from /home/samuel/dev/airflow_learning/venv/lib/python3.10/site-packages/airflow/example_dags/example_external_task_marker_dag.py
[2023-08-24T15:43:44.932+0100] {processor.py:839} INFO - DAG(s) dict_keys(['example_external_task_marker_parent', 'example_external_task_marker_child']) retrieved from /home/samuel/dev/airflow_learning/venv/lib/python3.10/site-packages/airflow/example_dags/example_external_task_marker_dag.py
[2023-08-24T15:43:44.956+0100] {logging_mixin.py:151} INFO - [2023-08-24T15:43:44.956+0100] {dag.py:2907} INFO - Sync 2 DAGs
[2023-08-24T15:43:44.968+0100] {logging_mixin.py:151} INFO - [2023-08-24T15:43:44.968+0100] {dag.py:3677} INFO - Setting next_dagrun for example_external_task_marker_child to None, run_after=None
[2023-08-24T15:43:44.971+0100] {logging_mixin.py:151} INFO - [2023-08-24T15:43:44.971+0100] {dag.py:3677} INFO - Setting next_dagrun for example_external_task_marker_parent to None, run_after=None
[2023-08-24T15:43:45.101+0100] {processor.py:179} INFO - Processing /home/samuel/dev/airflow_learning/venv/lib/python3.10/site-packages/airflow/example_dags/example_external_task_marker_dag.py took 0.188 seconds
[2023-08-24T15:45:00.865+0100] {processor.py:157} INFO - Started process (PID=6916) to work on /home/samuel/dev/airflow_learning/venv/lib/python3.10/site-packages/airflow/example_dags/example_external_task_marker_dag.py
[2023-08-24T15:45:00.868+0100] {processor.py:829} INFO - Processing file /home/samuel/dev/airflow_learning/venv/lib/python3.10/site-packages/airflow/example_dags/example_external_task_marker_dag.py for tasks to queue
[2023-08-24T15:45:00.870+0100] {logging_mixin.py:151} INFO - [2023-08-24T15:45:00.869+0100] {dagbag.py:539} INFO - Filling up the DagBag from /home/samuel/dev/airflow_learning/venv/lib/python3.10/site-packages/airflow/example_dags/example_external_task_marker_dag.py
[2023-08-24T15:45:00.877+0100] {processor.py:839} INFO - DAG(s) dict_keys(['example_external_task_marker_parent', 'example_external_task_marker_child']) retrieved from /home/samuel/dev/airflow_learning/venv/lib/python3.10/site-packages/airflow/example_dags/example_external_task_marker_dag.py
[2023-08-24T15:45:00.900+0100] {logging_mixin.py:151} INFO - [2023-08-24T15:45:00.899+0100] {dag.py:2907} INFO - Sync 2 DAGs
[2023-08-24T15:45:00.912+0100] {logging_mixin.py:151} INFO - [2023-08-24T15:45:00.912+0100] {dag.py:3677} INFO - Setting next_dagrun for example_external_task_marker_child to None, run_after=None
[2023-08-24T15:45:00.915+0100] {logging_mixin.py:151} INFO - [2023-08-24T15:45:00.915+0100] {dag.py:3677} INFO - Setting next_dagrun for example_external_task_marker_parent to None, run_after=None
[2023-08-24T15:45:01.056+0100] {processor.py:179} INFO - Processing /home/samuel/dev/airflow_learning/venv/lib/python3.10/site-packages/airflow/example_dags/example_external_task_marker_dag.py took 0.195 seconds
[2023-08-24T15:46:19.642+0100] {processor.py:157} INFO - Started process (PID=6995) to work on /home/samuel/dev/airflow_learning/venv/lib/python3.10/site-packages/airflow/example_dags/example_external_task_marker_dag.py
[2023-08-24T15:46:19.644+0100] {processor.py:829} INFO - Processing file /home/samuel/dev/airflow_learning/venv/lib/python3.10/site-packages/airflow/example_dags/example_external_task_marker_dag.py for tasks to queue
[2023-08-24T15:46:19.645+0100] {logging_mixin.py:151} INFO - [2023-08-24T15:46:19.644+0100] {dagbag.py:539} INFO - Filling up the DagBag from /home/samuel/dev/airflow_learning/venv/lib/python3.10/site-packages/airflow/example_dags/example_external_task_marker_dag.py
[2023-08-24T15:46:19.652+0100] {processor.py:839} INFO - DAG(s) dict_keys(['example_external_task_marker_parent', 'example_external_task_marker_child']) retrieved from /home/samuel/dev/airflow_learning/venv/lib/python3.10/site-packages/airflow/example_dags/example_external_task_marker_dag.py
[2023-08-24T15:46:19.674+0100] {logging_mixin.py:151} INFO - [2023-08-24T15:46:19.674+0100] {dag.py:2907} INFO - Sync 2 DAGs
[2023-08-24T15:46:19.686+0100] {logging_mixin.py:151} INFO - [2023-08-24T15:46:19.685+0100] {dag.py:3677} INFO - Setting next_dagrun for example_external_task_marker_child to None, run_after=None
[2023-08-24T15:46:19.688+0100] {logging_mixin.py:151} INFO - [2023-08-24T15:46:19.688+0100] {dag.py:3677} INFO - Setting next_dagrun for example_external_task_marker_parent to None, run_after=None
[2023-08-24T15:46:19.802+0100] {processor.py:179} INFO - Processing /home/samuel/dev/airflow_learning/venv/lib/python3.10/site-packages/airflow/example_dags/example_external_task_marker_dag.py took 0.164 seconds
[2023-08-24T15:47:13.003+0100] {processor.py:157} INFO - Started process (PID=7044) to work on /home/samuel/dev/airflow_learning/venv/lib/python3.10/site-packages/airflow/example_dags/example_external_task_marker_dag.py
[2023-08-24T15:47:13.006+0100] {processor.py:829} INFO - Processing file /home/samuel/dev/airflow_learning/venv/lib/python3.10/site-packages/airflow/example_dags/example_external_task_marker_dag.py for tasks to queue
[2023-08-24T15:47:13.007+0100] {logging_mixin.py:151} INFO - [2023-08-24T15:47:13.006+0100] {dagbag.py:539} INFO - Filling up the DagBag from /home/samuel/dev/airflow_learning/venv/lib/python3.10/site-packages/airflow/example_dags/example_external_task_marker_dag.py
[2023-08-24T15:47:13.015+0100] {processor.py:839} INFO - DAG(s) dict_keys(['example_external_task_marker_child', 'example_external_task_marker_parent']) retrieved from /home/samuel/dev/airflow_learning/venv/lib/python3.10/site-packages/airflow/example_dags/example_external_task_marker_dag.py
[2023-08-24T15:47:13.037+0100] {logging_mixin.py:151} INFO - [2023-08-24T15:47:13.036+0100] {dag.py:2907} INFO - Sync 2 DAGs
[2023-08-24T15:47:13.049+0100] {logging_mixin.py:151} INFO - [2023-08-24T15:47:13.048+0100] {dag.py:3677} INFO - Setting next_dagrun for example_external_task_marker_child to None, run_after=None
[2023-08-24T15:47:13.052+0100] {logging_mixin.py:151} INFO - [2023-08-24T15:47:13.051+0100] {dag.py:3677} INFO - Setting next_dagrun for example_external_task_marker_parent to None, run_after=None
[2023-08-24T15:47:13.175+0100] {processor.py:179} INFO - Processing /home/samuel/dev/airflow_learning/venv/lib/python3.10/site-packages/airflow/example_dags/example_external_task_marker_dag.py took 0.176 seconds
[2023-08-24T15:48:06.914+0100] {processor.py:157} INFO - Started process (PID=7112) to work on /home/samuel/dev/airflow_learning/venv/lib/python3.10/site-packages/airflow/example_dags/example_external_task_marker_dag.py
[2023-08-24T15:48:06.946+0100] {processor.py:829} INFO - Processing file /home/samuel/dev/airflow_learning/venv/lib/python3.10/site-packages/airflow/example_dags/example_external_task_marker_dag.py for tasks to queue
[2023-08-24T15:48:06.947+0100] {logging_mixin.py:151} INFO - [2023-08-24T15:48:06.947+0100] {dagbag.py:539} INFO - Filling up the DagBag from /home/samuel/dev/airflow_learning/venv/lib/python3.10/site-packages/airflow/example_dags/example_external_task_marker_dag.py
[2023-08-24T15:48:06.955+0100] {processor.py:839} INFO - DAG(s) dict_keys(['example_external_task_marker_parent', 'example_external_task_marker_child']) retrieved from /home/samuel/dev/airflow_learning/venv/lib/python3.10/site-packages/airflow/example_dags/example_external_task_marker_dag.py
[2023-08-24T15:48:06.980+0100] {logging_mixin.py:151} INFO - [2023-08-24T15:48:06.979+0100] {dag.py:2907} INFO - Sync 2 DAGs
[2023-08-24T15:48:06.994+0100] {logging_mixin.py:151} INFO - [2023-08-24T15:48:06.994+0100] {dag.py:3677} INFO - Setting next_dagrun for example_external_task_marker_child to None, run_after=None
[2023-08-24T15:48:06.997+0100] {logging_mixin.py:151} INFO - [2023-08-24T15:48:06.997+0100] {dag.py:3677} INFO - Setting next_dagrun for example_external_task_marker_parent to None, run_after=None
[2023-08-24T15:48:07.115+0100] {processor.py:179} INFO - Processing /home/samuel/dev/airflow_learning/venv/lib/python3.10/site-packages/airflow/example_dags/example_external_task_marker_dag.py took 0.205 seconds
[2023-08-24T15:49:01.746+0100] {processor.py:157} INFO - Started process (PID=7164) to work on /home/samuel/dev/airflow_learning/venv/lib/python3.10/site-packages/airflow/example_dags/example_external_task_marker_dag.py
[2023-08-24T15:49:01.784+0100] {processor.py:829} INFO - Processing file /home/samuel/dev/airflow_learning/venv/lib/python3.10/site-packages/airflow/example_dags/example_external_task_marker_dag.py for tasks to queue
[2023-08-24T15:49:01.785+0100] {logging_mixin.py:151} INFO - [2023-08-24T15:49:01.785+0100] {dagbag.py:539} INFO - Filling up the DagBag from /home/samuel/dev/airflow_learning/venv/lib/python3.10/site-packages/airflow/example_dags/example_external_task_marker_dag.py
[2023-08-24T15:49:01.792+0100] {processor.py:839} INFO - DAG(s) dict_keys(['example_external_task_marker_child', 'example_external_task_marker_parent']) retrieved from /home/samuel/dev/airflow_learning/venv/lib/python3.10/site-packages/airflow/example_dags/example_external_task_marker_dag.py
[2023-08-24T15:49:01.816+0100] {logging_mixin.py:151} INFO - [2023-08-24T15:49:01.815+0100] {dag.py:2907} INFO - Sync 2 DAGs
[2023-08-24T15:49:01.830+0100] {logging_mixin.py:151} INFO - [2023-08-24T15:49:01.829+0100] {dag.py:3677} INFO - Setting next_dagrun for example_external_task_marker_child to None, run_after=None
[2023-08-24T15:49:01.833+0100] {logging_mixin.py:151} INFO - [2023-08-24T15:49:01.833+0100] {dag.py:3677} INFO - Setting next_dagrun for example_external_task_marker_parent to None, run_after=None
[2023-08-24T15:49:01.950+0100] {processor.py:179} INFO - Processing /home/samuel/dev/airflow_learning/venv/lib/python3.10/site-packages/airflow/example_dags/example_external_task_marker_dag.py took 0.208 seconds
[2023-08-24T15:50:13.579+0100] {processor.py:157} INFO - Started process (PID=7231) to work on /home/samuel/dev/airflow_learning/venv/lib/python3.10/site-packages/airflow/example_dags/example_external_task_marker_dag.py
[2023-08-24T15:50:13.601+0100] {processor.py:829} INFO - Processing file /home/samuel/dev/airflow_learning/venv/lib/python3.10/site-packages/airflow/example_dags/example_external_task_marker_dag.py for tasks to queue
[2023-08-24T15:50:13.602+0100] {logging_mixin.py:151} INFO - [2023-08-24T15:50:13.602+0100] {dagbag.py:539} INFO - Filling up the DagBag from /home/samuel/dev/airflow_learning/venv/lib/python3.10/site-packages/airflow/example_dags/example_external_task_marker_dag.py
[2023-08-24T15:50:13.610+0100] {processor.py:839} INFO - DAG(s) dict_keys(['example_external_task_marker_child', 'example_external_task_marker_parent']) retrieved from /home/samuel/dev/airflow_learning/venv/lib/python3.10/site-packages/airflow/example_dags/example_external_task_marker_dag.py
[2023-08-24T15:50:13.635+0100] {logging_mixin.py:151} INFO - [2023-08-24T15:50:13.634+0100] {dag.py:2907} INFO - Sync 2 DAGs
[2023-08-24T15:50:13.648+0100] {logging_mixin.py:151} INFO - [2023-08-24T15:50:13.648+0100] {dag.py:3677} INFO - Setting next_dagrun for example_external_task_marker_child to None, run_after=None
[2023-08-24T15:50:13.651+0100] {logging_mixin.py:151} INFO - [2023-08-24T15:50:13.651+0100] {dag.py:3677} INFO - Setting next_dagrun for example_external_task_marker_parent to None, run_after=None
[2023-08-24T15:50:13.767+0100] {processor.py:179} INFO - Processing /home/samuel/dev/airflow_learning/venv/lib/python3.10/site-packages/airflow/example_dags/example_external_task_marker_dag.py took 0.192 seconds
[2023-08-24T15:51:33.218+0100] {processor.py:157} INFO - Started process (PID=7314) to work on /home/samuel/dev/airflow_learning/venv/lib/python3.10/site-packages/airflow/example_dags/example_external_task_marker_dag.py
[2023-08-24T15:51:33.221+0100] {processor.py:829} INFO - Processing file /home/samuel/dev/airflow_learning/venv/lib/python3.10/site-packages/airflow/example_dags/example_external_task_marker_dag.py for tasks to queue
[2023-08-24T15:51:33.222+0100] {logging_mixin.py:151} INFO - [2023-08-24T15:51:33.221+0100] {dagbag.py:539} INFO - Filling up the DagBag from /home/samuel/dev/airflow_learning/venv/lib/python3.10/site-packages/airflow/example_dags/example_external_task_marker_dag.py
[2023-08-24T15:51:33.229+0100] {processor.py:839} INFO - DAG(s) dict_keys(['example_external_task_marker_parent', 'example_external_task_marker_child']) retrieved from /home/samuel/dev/airflow_learning/venv/lib/python3.10/site-packages/airflow/example_dags/example_external_task_marker_dag.py
[2023-08-24T15:51:33.252+0100] {logging_mixin.py:151} INFO - [2023-08-24T15:51:33.252+0100] {dag.py:2907} INFO - Sync 2 DAGs
[2023-08-24T15:51:33.264+0100] {logging_mixin.py:151} INFO - [2023-08-24T15:51:33.264+0100] {dag.py:3677} INFO - Setting next_dagrun for example_external_task_marker_child to None, run_after=None
[2023-08-24T15:51:33.267+0100] {logging_mixin.py:151} INFO - [2023-08-24T15:51:33.267+0100] {dag.py:3677} INFO - Setting next_dagrun for example_external_task_marker_parent to None, run_after=None
[2023-08-24T15:51:33.406+0100] {processor.py:179} INFO - Processing /home/samuel/dev/airflow_learning/venv/lib/python3.10/site-packages/airflow/example_dags/example_external_task_marker_dag.py took 0.192 seconds
[2023-08-24T15:52:45.278+0100] {processor.py:157} INFO - Started process (PID=7385) to work on /home/samuel/dev/airflow_learning/venv/lib/python3.10/site-packages/airflow/example_dags/example_external_task_marker_dag.py
[2023-08-24T15:52:45.308+0100] {processor.py:829} INFO - Processing file /home/samuel/dev/airflow_learning/venv/lib/python3.10/site-packages/airflow/example_dags/example_external_task_marker_dag.py for tasks to queue
[2023-08-24T15:52:45.309+0100] {logging_mixin.py:151} INFO - [2023-08-24T15:52:45.309+0100] {dagbag.py:539} INFO - Filling up the DagBag from /home/samuel/dev/airflow_learning/venv/lib/python3.10/site-packages/airflow/example_dags/example_external_task_marker_dag.py
[2023-08-24T15:52:45.317+0100] {processor.py:839} INFO - DAG(s) dict_keys(['example_external_task_marker_child', 'example_external_task_marker_parent']) retrieved from /home/samuel/dev/airflow_learning/venv/lib/python3.10/site-packages/airflow/example_dags/example_external_task_marker_dag.py
[2023-08-24T15:52:45.342+0100] {logging_mixin.py:151} INFO - [2023-08-24T15:52:45.342+0100] {dag.py:2907} INFO - Sync 2 DAGs
[2023-08-24T15:52:45.356+0100] {logging_mixin.py:151} INFO - [2023-08-24T15:52:45.356+0100] {dag.py:3677} INFO - Setting next_dagrun for example_external_task_marker_child to None, run_after=None
[2023-08-24T15:52:45.359+0100] {logging_mixin.py:151} INFO - [2023-08-24T15:52:45.359+0100] {dag.py:3677} INFO - Setting next_dagrun for example_external_task_marker_parent to None, run_after=None
[2023-08-24T15:52:45.462+0100] {processor.py:179} INFO - Processing /home/samuel/dev/airflow_learning/venv/lib/python3.10/site-packages/airflow/example_dags/example_external_task_marker_dag.py took 0.188 seconds
[2023-08-24T15:54:12.152+0100] {processor.py:157} INFO - Started process (PID=7548) to work on /home/samuel/dev/airflow_learning/venv/lib/python3.10/site-packages/airflow/example_dags/example_external_task_marker_dag.py
[2023-08-24T15:54:12.165+0100] {processor.py:829} INFO - Processing file /home/samuel/dev/airflow_learning/venv/lib/python3.10/site-packages/airflow/example_dags/example_external_task_marker_dag.py for tasks to queue
[2023-08-24T15:54:12.166+0100] {logging_mixin.py:151} INFO - [2023-08-24T15:54:12.165+0100] {dagbag.py:539} INFO - Filling up the DagBag from /home/samuel/dev/airflow_learning/venv/lib/python3.10/site-packages/airflow/example_dags/example_external_task_marker_dag.py
[2023-08-24T15:54:12.172+0100] {processor.py:839} INFO - DAG(s) dict_keys(['example_external_task_marker_child', 'example_external_task_marker_parent']) retrieved from /home/samuel/dev/airflow_learning/venv/lib/python3.10/site-packages/airflow/example_dags/example_external_task_marker_dag.py
[2023-08-24T15:54:12.193+0100] {logging_mixin.py:151} INFO - [2023-08-24T15:54:12.193+0100] {dag.py:2907} INFO - Sync 2 DAGs
[2023-08-24T15:54:12.206+0100] {logging_mixin.py:151} INFO - [2023-08-24T15:54:12.206+0100] {dag.py:3677} INFO - Setting next_dagrun for example_external_task_marker_child to None, run_after=None
[2023-08-24T15:54:12.209+0100] {logging_mixin.py:151} INFO - [2023-08-24T15:54:12.209+0100] {dag.py:3677} INFO - Setting next_dagrun for example_external_task_marker_parent to None, run_after=None
[2023-08-24T15:54:12.324+0100] {processor.py:179} INFO - Processing /home/samuel/dev/airflow_learning/venv/lib/python3.10/site-packages/airflow/example_dags/example_external_task_marker_dag.py took 0.176 seconds
[2023-08-24T15:55:12.166+0100] {processor.py:157} INFO - Started process (PID=7621) to work on /home/samuel/dev/airflow_learning/venv/lib/python3.10/site-packages/airflow/example_dags/example_external_task_marker_dag.py
[2023-08-24T15:55:12.168+0100] {processor.py:829} INFO - Processing file /home/samuel/dev/airflow_learning/venv/lib/python3.10/site-packages/airflow/example_dags/example_external_task_marker_dag.py for tasks to queue
[2023-08-24T15:55:12.169+0100] {logging_mixin.py:151} INFO - [2023-08-24T15:55:12.168+0100] {dagbag.py:539} INFO - Filling up the DagBag from /home/samuel/dev/airflow_learning/venv/lib/python3.10/site-packages/airflow/example_dags/example_external_task_marker_dag.py
[2023-08-24T15:55:12.176+0100] {processor.py:839} INFO - DAG(s) dict_keys(['example_external_task_marker_parent', 'example_external_task_marker_child']) retrieved from /home/samuel/dev/airflow_learning/venv/lib/python3.10/site-packages/airflow/example_dags/example_external_task_marker_dag.py
[2023-08-24T15:55:12.198+0100] {logging_mixin.py:151} INFO - [2023-08-24T15:55:12.198+0100] {dag.py:2907} INFO - Sync 2 DAGs
[2023-08-24T15:55:12.210+0100] {logging_mixin.py:151} INFO - [2023-08-24T15:55:12.210+0100] {dag.py:3677} INFO - Setting next_dagrun for example_external_task_marker_child to None, run_after=None
[2023-08-24T15:55:12.213+0100] {logging_mixin.py:151} INFO - [2023-08-24T15:55:12.213+0100] {dag.py:3677} INFO - Setting next_dagrun for example_external_task_marker_parent to None, run_after=None
[2023-08-24T15:55:12.387+0100] {processor.py:179} INFO - Processing /home/samuel/dev/airflow_learning/venv/lib/python3.10/site-packages/airflow/example_dags/example_external_task_marker_dag.py took 0.225 seconds
[2023-08-24T15:56:09.411+0100] {processor.py:157} INFO - Started process (PID=7753) to work on /home/samuel/dev/airflow_learning/venv/lib/python3.10/site-packages/airflow/example_dags/example_external_task_marker_dag.py
[2023-08-24T15:56:09.412+0100] {processor.py:829} INFO - Processing file /home/samuel/dev/airflow_learning/venv/lib/python3.10/site-packages/airflow/example_dags/example_external_task_marker_dag.py for tasks to queue
[2023-08-24T15:56:09.413+0100] {logging_mixin.py:151} INFO - [2023-08-24T15:56:09.413+0100] {dagbag.py:539} INFO - Filling up the DagBag from /home/samuel/dev/airflow_learning/venv/lib/python3.10/site-packages/airflow/example_dags/example_external_task_marker_dag.py
[2023-08-24T15:56:09.420+0100] {processor.py:839} INFO - DAG(s) dict_keys(['example_external_task_marker_parent', 'example_external_task_marker_child']) retrieved from /home/samuel/dev/airflow_learning/venv/lib/python3.10/site-packages/airflow/example_dags/example_external_task_marker_dag.py
[2023-08-24T15:56:09.443+0100] {logging_mixin.py:151} INFO - [2023-08-24T15:56:09.443+0100] {dag.py:2907} INFO - Sync 2 DAGs
[2023-08-24T15:56:09.457+0100] {logging_mixin.py:151} INFO - [2023-08-24T15:56:09.457+0100] {dag.py:3677} INFO - Setting next_dagrun for example_external_task_marker_child to None, run_after=None
[2023-08-24T15:56:09.460+0100] {logging_mixin.py:151} INFO - [2023-08-24T15:56:09.460+0100] {dag.py:3677} INFO - Setting next_dagrun for example_external_task_marker_parent to None, run_after=None
[2023-08-24T15:56:09.585+0100] {processor.py:179} INFO - Processing /home/samuel/dev/airflow_learning/venv/lib/python3.10/site-packages/airflow/example_dags/example_external_task_marker_dag.py took 0.178 seconds
[2023-08-24T15:57:23.367+0100] {processor.py:157} INFO - Started process (PID=7880) to work on /home/samuel/dev/airflow_learning/venv/lib/python3.10/site-packages/airflow/example_dags/example_external_task_marker_dag.py
[2023-08-24T15:57:23.403+0100] {processor.py:829} INFO - Processing file /home/samuel/dev/airflow_learning/venv/lib/python3.10/site-packages/airflow/example_dags/example_external_task_marker_dag.py for tasks to queue
[2023-08-24T15:57:23.405+0100] {logging_mixin.py:151} INFO - [2023-08-24T15:57:23.404+0100] {dagbag.py:539} INFO - Filling up the DagBag from /home/samuel/dev/airflow_learning/venv/lib/python3.10/site-packages/airflow/example_dags/example_external_task_marker_dag.py
[2023-08-24T15:57:23.412+0100] {processor.py:839} INFO - DAG(s) dict_keys(['example_external_task_marker_child', 'example_external_task_marker_parent']) retrieved from /home/samuel/dev/airflow_learning/venv/lib/python3.10/site-packages/airflow/example_dags/example_external_task_marker_dag.py
[2023-08-24T15:57:23.433+0100] {logging_mixin.py:151} INFO - [2023-08-24T15:57:23.433+0100] {dag.py:2907} INFO - Sync 2 DAGs
[2023-08-24T15:57:23.445+0100] {logging_mixin.py:151} INFO - [2023-08-24T15:57:23.445+0100] {dag.py:3677} INFO - Setting next_dagrun for example_external_task_marker_child to None, run_after=None
[2023-08-24T15:57:23.448+0100] {logging_mixin.py:151} INFO - [2023-08-24T15:57:23.448+0100] {dag.py:3677} INFO - Setting next_dagrun for example_external_task_marker_parent to None, run_after=None
[2023-08-24T15:57:23.559+0100] {processor.py:179} INFO - Processing /home/samuel/dev/airflow_learning/venv/lib/python3.10/site-packages/airflow/example_dags/example_external_task_marker_dag.py took 0.196 seconds
[2023-08-24T15:58:16.384+0100] {processor.py:157} INFO - Started process (PID=7936) to work on /home/samuel/dev/airflow_learning/venv/lib/python3.10/site-packages/airflow/example_dags/example_external_task_marker_dag.py
[2023-08-24T15:58:16.385+0100] {processor.py:829} INFO - Processing file /home/samuel/dev/airflow_learning/venv/lib/python3.10/site-packages/airflow/example_dags/example_external_task_marker_dag.py for tasks to queue
[2023-08-24T15:58:16.386+0100] {logging_mixin.py:151} INFO - [2023-08-24T15:58:16.386+0100] {dagbag.py:539} INFO - Filling up the DagBag from /home/samuel/dev/airflow_learning/venv/lib/python3.10/site-packages/airflow/example_dags/example_external_task_marker_dag.py
[2023-08-24T15:58:16.393+0100] {processor.py:839} INFO - DAG(s) dict_keys(['example_external_task_marker_child', 'example_external_task_marker_parent']) retrieved from /home/samuel/dev/airflow_learning/venv/lib/python3.10/site-packages/airflow/example_dags/example_external_task_marker_dag.py
[2023-08-24T15:58:16.415+0100] {logging_mixin.py:151} INFO - [2023-08-24T15:58:16.415+0100] {dag.py:2907} INFO - Sync 2 DAGs
[2023-08-24T15:58:16.427+0100] {logging_mixin.py:151} INFO - [2023-08-24T15:58:16.426+0100] {dag.py:3677} INFO - Setting next_dagrun for example_external_task_marker_child to None, run_after=None
[2023-08-24T15:58:16.429+0100] {logging_mixin.py:151} INFO - [2023-08-24T15:58:16.429+0100] {dag.py:3677} INFO - Setting next_dagrun for example_external_task_marker_parent to None, run_after=None
[2023-08-24T15:58:16.593+0100] {processor.py:179} INFO - Processing /home/samuel/dev/airflow_learning/venv/lib/python3.10/site-packages/airflow/example_dags/example_external_task_marker_dag.py took 0.213 seconds
[2023-08-24T15:59:15.381+0100] {processor.py:157} INFO - Started process (PID=8013) to work on /home/samuel/dev/airflow_learning/venv/lib/python3.10/site-packages/airflow/example_dags/example_external_task_marker_dag.py
[2023-08-24T15:59:15.400+0100] {processor.py:829} INFO - Processing file /home/samuel/dev/airflow_learning/venv/lib/python3.10/site-packages/airflow/example_dags/example_external_task_marker_dag.py for tasks to queue
[2023-08-24T15:59:15.402+0100] {logging_mixin.py:151} INFO - [2023-08-24T15:59:15.401+0100] {dagbag.py:539} INFO - Filling up the DagBag from /home/samuel/dev/airflow_learning/venv/lib/python3.10/site-packages/airflow/example_dags/example_external_task_marker_dag.py
[2023-08-24T15:59:15.409+0100] {processor.py:839} INFO - DAG(s) dict_keys(['example_external_task_marker_child', 'example_external_task_marker_parent']) retrieved from /home/samuel/dev/airflow_learning/venv/lib/python3.10/site-packages/airflow/example_dags/example_external_task_marker_dag.py
[2023-08-24T15:59:15.433+0100] {logging_mixin.py:151} INFO - [2023-08-24T15:59:15.433+0100] {dag.py:2907} INFO - Sync 2 DAGs
[2023-08-24T15:59:15.446+0100] {logging_mixin.py:151} INFO - [2023-08-24T15:59:15.446+0100] {dag.py:3677} INFO - Setting next_dagrun for example_external_task_marker_child to None, run_after=None
[2023-08-24T15:59:15.450+0100] {logging_mixin.py:151} INFO - [2023-08-24T15:59:15.449+0100] {dag.py:3677} INFO - Setting next_dagrun for example_external_task_marker_parent to None, run_after=None
[2023-08-24T15:59:15.563+0100] {processor.py:179} INFO - Processing /home/samuel/dev/airflow_learning/venv/lib/python3.10/site-packages/airflow/example_dags/example_external_task_marker_dag.py took 0.186 seconds
[2023-08-24T16:00:13.101+0100] {processor.py:157} INFO - Started process (PID=8248) to work on /home/samuel/dev/airflow_learning/venv/lib/python3.10/site-packages/airflow/example_dags/example_external_task_marker_dag.py
[2023-08-24T16:00:13.127+0100] {processor.py:829} INFO - Processing file /home/samuel/dev/airflow_learning/venv/lib/python3.10/site-packages/airflow/example_dags/example_external_task_marker_dag.py for tasks to queue
[2023-08-24T16:00:13.128+0100] {logging_mixin.py:151} INFO - [2023-08-24T16:00:13.128+0100] {dagbag.py:539} INFO - Filling up the DagBag from /home/samuel/dev/airflow_learning/venv/lib/python3.10/site-packages/airflow/example_dags/example_external_task_marker_dag.py
[2023-08-24T16:00:13.135+0100] {processor.py:839} INFO - DAG(s) dict_keys(['example_external_task_marker_child', 'example_external_task_marker_parent']) retrieved from /home/samuel/dev/airflow_learning/venv/lib/python3.10/site-packages/airflow/example_dags/example_external_task_marker_dag.py
[2023-08-24T16:00:13.156+0100] {logging_mixin.py:151} INFO - [2023-08-24T16:00:13.156+0100] {dag.py:2907} INFO - Sync 2 DAGs
[2023-08-24T16:00:13.168+0100] {logging_mixin.py:151} INFO - [2023-08-24T16:00:13.168+0100] {dag.py:3677} INFO - Setting next_dagrun for example_external_task_marker_child to None, run_after=None
[2023-08-24T16:00:13.172+0100] {logging_mixin.py:151} INFO - [2023-08-24T16:00:13.171+0100] {dag.py:3677} INFO - Setting next_dagrun for example_external_task_marker_parent to None, run_after=None
[2023-08-24T16:00:13.288+0100] {processor.py:179} INFO - Processing /home/samuel/dev/airflow_learning/venv/lib/python3.10/site-packages/airflow/example_dags/example_external_task_marker_dag.py took 0.190 seconds
[2023-08-24T16:01:30.632+0100] {processor.py:157} INFO - Started process (PID=8381) to work on /home/samuel/dev/airflow_learning/venv/lib/python3.10/site-packages/airflow/example_dags/example_external_task_marker_dag.py
[2023-08-24T16:01:30.666+0100] {processor.py:829} INFO - Processing file /home/samuel/dev/airflow_learning/venv/lib/python3.10/site-packages/airflow/example_dags/example_external_task_marker_dag.py for tasks to queue
[2023-08-24T16:01:30.667+0100] {logging_mixin.py:151} INFO - [2023-08-24T16:01:30.667+0100] {dagbag.py:539} INFO - Filling up the DagBag from /home/samuel/dev/airflow_learning/venv/lib/python3.10/site-packages/airflow/example_dags/example_external_task_marker_dag.py
[2023-08-24T16:01:30.675+0100] {processor.py:839} INFO - DAG(s) dict_keys(['example_external_task_marker_parent', 'example_external_task_marker_child']) retrieved from /home/samuel/dev/airflow_learning/venv/lib/python3.10/site-packages/airflow/example_dags/example_external_task_marker_dag.py
[2023-08-24T16:01:30.700+0100] {logging_mixin.py:151} INFO - [2023-08-24T16:01:30.699+0100] {dag.py:2907} INFO - Sync 2 DAGs
[2023-08-24T16:01:30.714+0100] {logging_mixin.py:151} INFO - [2023-08-24T16:01:30.713+0100] {dag.py:3677} INFO - Setting next_dagrun for example_external_task_marker_child to None, run_after=None
[2023-08-24T16:01:30.717+0100] {logging_mixin.py:151} INFO - [2023-08-24T16:01:30.717+0100] {dag.py:3677} INFO - Setting next_dagrun for example_external_task_marker_parent to None, run_after=None
[2023-08-24T16:01:30.826+0100] {processor.py:179} INFO - Processing /home/samuel/dev/airflow_learning/venv/lib/python3.10/site-packages/airflow/example_dags/example_external_task_marker_dag.py took 0.197 seconds
[2023-08-24T16:02:25.278+0100] {processor.py:157} INFO - Started process (PID=8458) to work on /home/samuel/dev/airflow_learning/venv/lib/python3.10/site-packages/airflow/example_dags/example_external_task_marker_dag.py
[2023-08-24T16:02:25.280+0100] {processor.py:829} INFO - Processing file /home/samuel/dev/airflow_learning/venv/lib/python3.10/site-packages/airflow/example_dags/example_external_task_marker_dag.py for tasks to queue
[2023-08-24T16:02:25.281+0100] {logging_mixin.py:151} INFO - [2023-08-24T16:02:25.280+0100] {dagbag.py:539} INFO - Filling up the DagBag from /home/samuel/dev/airflow_learning/venv/lib/python3.10/site-packages/airflow/example_dags/example_external_task_marker_dag.py
[2023-08-24T16:02:25.288+0100] {processor.py:839} INFO - DAG(s) dict_keys(['example_external_task_marker_parent', 'example_external_task_marker_child']) retrieved from /home/samuel/dev/airflow_learning/venv/lib/python3.10/site-packages/airflow/example_dags/example_external_task_marker_dag.py
[2023-08-24T16:02:25.311+0100] {logging_mixin.py:151} INFO - [2023-08-24T16:02:25.311+0100] {dag.py:2907} INFO - Sync 2 DAGs
[2023-08-24T16:02:25.326+0100] {logging_mixin.py:151} INFO - [2023-08-24T16:02:25.325+0100] {dag.py:3677} INFO - Setting next_dagrun for example_external_task_marker_child to None, run_after=None
[2023-08-24T16:02:25.329+0100] {logging_mixin.py:151} INFO - [2023-08-24T16:02:25.329+0100] {dag.py:3677} INFO - Setting next_dagrun for example_external_task_marker_parent to None, run_after=None
[2023-08-24T16:02:25.461+0100] {processor.py:179} INFO - Processing /home/samuel/dev/airflow_learning/venv/lib/python3.10/site-packages/airflow/example_dags/example_external_task_marker_dag.py took 0.186 seconds
[2023-08-24T16:03:44.601+0100] {processor.py:157} INFO - Started process (PID=8561) to work on /home/samuel/dev/airflow_learning/venv/lib/python3.10/site-packages/airflow/example_dags/example_external_task_marker_dag.py
[2023-08-24T16:03:44.633+0100] {processor.py:829} INFO - Processing file /home/samuel/dev/airflow_learning/venv/lib/python3.10/site-packages/airflow/example_dags/example_external_task_marker_dag.py for tasks to queue
[2023-08-24T16:03:44.634+0100] {logging_mixin.py:151} INFO - [2023-08-24T16:03:44.634+0100] {dagbag.py:539} INFO - Filling up the DagBag from /home/samuel/dev/airflow_learning/venv/lib/python3.10/site-packages/airflow/example_dags/example_external_task_marker_dag.py
[2023-08-24T16:03:44.642+0100] {processor.py:839} INFO - DAG(s) dict_keys(['example_external_task_marker_parent', 'example_external_task_marker_child']) retrieved from /home/samuel/dev/airflow_learning/venv/lib/python3.10/site-packages/airflow/example_dags/example_external_task_marker_dag.py
[2023-08-24T16:03:44.667+0100] {logging_mixin.py:151} INFO - [2023-08-24T16:03:44.667+0100] {dag.py:2907} INFO - Sync 2 DAGs
[2023-08-24T16:03:44.681+0100] {logging_mixin.py:151} INFO - [2023-08-24T16:03:44.680+0100] {dag.py:3677} INFO - Setting next_dagrun for example_external_task_marker_child to None, run_after=None
[2023-08-24T16:03:44.684+0100] {logging_mixin.py:151} INFO - [2023-08-24T16:03:44.684+0100] {dag.py:3677} INFO - Setting next_dagrun for example_external_task_marker_parent to None, run_after=None
[2023-08-24T16:03:44.796+0100] {processor.py:179} INFO - Processing /home/samuel/dev/airflow_learning/venv/lib/python3.10/site-packages/airflow/example_dags/example_external_task_marker_dag.py took 0.199 seconds
