[2023-08-24T15:22:18.109+0100] {processor.py:157} INFO - Started process (PID=5352) to work on /home/samuel/dev/airflow_learning/venv/lib/python3.10/site-packages/airflow/example_dags/example_skip_dag.py
[2023-08-24T15:22:18.111+0100] {processor.py:829} INFO - Processing file /home/samuel/dev/airflow_learning/venv/lib/python3.10/site-packages/airflow/example_dags/example_skip_dag.py for tasks to queue
[2023-08-24T15:22:18.112+0100] {logging_mixin.py:151} INFO - [2023-08-24T15:22:18.111+0100] {dagbag.py:539} INFO - Filling up the DagBag from /home/samuel/dev/airflow_learning/venv/lib/python3.10/site-packages/airflow/example_dags/example_skip_dag.py
[2023-08-24T15:22:18.123+0100] {processor.py:839} INFO - DAG(s) dict_keys(['example_skip_dag']) retrieved from /home/samuel/dev/airflow_learning/venv/lib/python3.10/site-packages/airflow/example_dags/example_skip_dag.py
[2023-08-24T15:22:18.433+0100] {logging_mixin.py:151} INFO - [2023-08-24T15:22:18.432+0100] {manager.py:501} INFO - Created Permission View: can edit on DAG:example_skip_dag
[2023-08-24T15:22:18.544+0100] {logging_mixin.py:151} INFO - [2023-08-24T15:22:18.543+0100] {manager.py:501} INFO - Created Permission View: can delete on DAG:example_skip_dag
[2023-08-24T15:22:18.655+0100] {logging_mixin.py:151} INFO - [2023-08-24T15:22:18.654+0100] {manager.py:501} INFO - Created Permission View: can read on DAG:example_skip_dag
[2023-08-24T15:22:18.682+0100] {logging_mixin.py:151} INFO - [2023-08-24T15:22:18.682+0100] {dag.py:2907} INFO - Sync 1 DAGs
[2023-08-24T15:22:18.707+0100] {logging_mixin.py:151} INFO - [2023-08-24T15:22:18.706+0100] {dag.py:2929} INFO - Creating ORM DAG for example_skip_dag
[2023-08-24T15:22:18.721+0100] {logging_mixin.py:151} INFO - [2023-08-24T15:22:18.721+0100] {dag.py:3677} INFO - Setting next_dagrun for example_skip_dag to 2023-08-23T14:22:18.721056+00:00, run_after=2023-08-24T14:22:18.721056+00:00
[2023-08-24T15:22:18.896+0100] {processor.py:179} INFO - Processing /home/samuel/dev/airflow_learning/venv/lib/python3.10/site-packages/airflow/example_dags/example_skip_dag.py took 0.791 seconds
[2023-08-24T15:23:37.953+0100] {processor.py:157} INFO - Started process (PID=5415) to work on /home/samuel/dev/airflow_learning/venv/lib/python3.10/site-packages/airflow/example_dags/example_skip_dag.py
[2023-08-24T15:23:37.968+0100] {processor.py:829} INFO - Processing file /home/samuel/dev/airflow_learning/venv/lib/python3.10/site-packages/airflow/example_dags/example_skip_dag.py for tasks to queue
[2023-08-24T15:23:37.970+0100] {logging_mixin.py:151} INFO - [2023-08-24T15:23:37.969+0100] {dagbag.py:539} INFO - Filling up the DagBag from /home/samuel/dev/airflow_learning/venv/lib/python3.10/site-packages/airflow/example_dags/example_skip_dag.py
[2023-08-24T15:23:37.980+0100] {processor.py:839} INFO - DAG(s) dict_keys(['example_skip_dag']) retrieved from /home/samuel/dev/airflow_learning/venv/lib/python3.10/site-packages/airflow/example_dags/example_skip_dag.py
[2023-08-24T15:23:38.003+0100] {logging_mixin.py:151} INFO - [2023-08-24T15:23:38.003+0100] {dag.py:2907} INFO - Sync 1 DAGs
[2023-08-24T15:23:38.024+0100] {logging_mixin.py:151} INFO - [2023-08-24T15:23:38.024+0100] {dag.py:3677} INFO - Setting next_dagrun for example_skip_dag to 2023-08-23T14:23:38.024069+00:00, run_after=2023-08-24T14:23:38.024069+00:00
[2023-08-24T15:23:38.141+0100] {processor.py:179} INFO - Processing /home/samuel/dev/airflow_learning/venv/lib/python3.10/site-packages/airflow/example_dags/example_skip_dag.py took 0.191 seconds
[2023-08-24T15:24:32.713+0100] {processor.py:157} INFO - Started process (PID=5473) to work on /home/samuel/dev/airflow_learning/venv/lib/python3.10/site-packages/airflow/example_dags/example_skip_dag.py
[2023-08-24T15:24:32.739+0100] {processor.py:829} INFO - Processing file /home/samuel/dev/airflow_learning/venv/lib/python3.10/site-packages/airflow/example_dags/example_skip_dag.py for tasks to queue
[2023-08-24T15:24:32.741+0100] {logging_mixin.py:151} INFO - [2023-08-24T15:24:32.740+0100] {dagbag.py:539} INFO - Filling up the DagBag from /home/samuel/dev/airflow_learning/venv/lib/python3.10/site-packages/airflow/example_dags/example_skip_dag.py
[2023-08-24T15:24:32.751+0100] {processor.py:839} INFO - DAG(s) dict_keys(['example_skip_dag']) retrieved from /home/samuel/dev/airflow_learning/venv/lib/python3.10/site-packages/airflow/example_dags/example_skip_dag.py
[2023-08-24T15:24:32.770+0100] {logging_mixin.py:151} INFO - [2023-08-24T15:24:32.770+0100] {dag.py:2907} INFO - Sync 1 DAGs
[2023-08-24T15:24:32.792+0100] {logging_mixin.py:151} INFO - [2023-08-24T15:24:32.792+0100] {dag.py:3677} INFO - Setting next_dagrun for example_skip_dag to 2023-08-23T14:24:32.791895+00:00, run_after=2023-08-24T14:24:32.791895+00:00
[2023-08-24T15:24:32.903+0100] {processor.py:179} INFO - Processing /home/samuel/dev/airflow_learning/venv/lib/python3.10/site-packages/airflow/example_dags/example_skip_dag.py took 0.194 seconds
[2023-08-24T15:25:22.422+0100] {processor.py:157} INFO - Started process (PID=5522) to work on /home/samuel/dev/airflow_learning/venv/lib/python3.10/site-packages/airflow/example_dags/example_skip_dag.py
[2023-08-24T15:25:22.425+0100] {processor.py:829} INFO - Processing file /home/samuel/dev/airflow_learning/venv/lib/python3.10/site-packages/airflow/example_dags/example_skip_dag.py for tasks to queue
[2023-08-24T15:25:22.426+0100] {logging_mixin.py:151} INFO - [2023-08-24T15:25:22.425+0100] {dagbag.py:539} INFO - Filling up the DagBag from /home/samuel/dev/airflow_learning/venv/lib/python3.10/site-packages/airflow/example_dags/example_skip_dag.py
[2023-08-24T15:25:22.436+0100] {processor.py:839} INFO - DAG(s) dict_keys(['example_skip_dag']) retrieved from /home/samuel/dev/airflow_learning/venv/lib/python3.10/site-packages/airflow/example_dags/example_skip_dag.py
[2023-08-24T15:25:22.454+0100] {logging_mixin.py:151} INFO - [2023-08-24T15:25:22.454+0100] {dag.py:2907} INFO - Sync 1 DAGs
[2023-08-24T15:25:22.473+0100] {logging_mixin.py:151} INFO - [2023-08-24T15:25:22.473+0100] {dag.py:3677} INFO - Setting next_dagrun for example_skip_dag to 2023-08-23T14:25:22.473499+00:00, run_after=2023-08-24T14:25:22.473499+00:00
[2023-08-24T15:25:22.592+0100] {processor.py:179} INFO - Processing /home/samuel/dev/airflow_learning/venv/lib/python3.10/site-packages/airflow/example_dags/example_skip_dag.py took 0.174 seconds
[2023-08-24T15:26:16.065+0100] {processor.py:157} INFO - Started process (PID=5574) to work on /home/samuel/dev/airflow_learning/venv/lib/python3.10/site-packages/airflow/example_dags/example_skip_dag.py
[2023-08-24T15:26:16.067+0100] {processor.py:829} INFO - Processing file /home/samuel/dev/airflow_learning/venv/lib/python3.10/site-packages/airflow/example_dags/example_skip_dag.py for tasks to queue
[2023-08-24T15:26:16.068+0100] {logging_mixin.py:151} INFO - [2023-08-24T15:26:16.068+0100] {dagbag.py:539} INFO - Filling up the DagBag from /home/samuel/dev/airflow_learning/venv/lib/python3.10/site-packages/airflow/example_dags/example_skip_dag.py
[2023-08-24T15:26:16.076+0100] {processor.py:839} INFO - DAG(s) dict_keys(['example_skip_dag']) retrieved from /home/samuel/dev/airflow_learning/venv/lib/python3.10/site-packages/airflow/example_dags/example_skip_dag.py
[2023-08-24T15:26:16.093+0100] {logging_mixin.py:151} INFO - [2023-08-24T15:26:16.092+0100] {dag.py:2907} INFO - Sync 1 DAGs
[2023-08-24T15:26:16.111+0100] {logging_mixin.py:151} INFO - [2023-08-24T15:26:16.111+0100] {dag.py:3677} INFO - Setting next_dagrun for example_skip_dag to 2023-08-23T14:26:16.111308+00:00, run_after=2023-08-24T14:26:16.111308+00:00
[2023-08-24T15:26:16.234+0100] {processor.py:179} INFO - Processing /home/samuel/dev/airflow_learning/venv/lib/python3.10/site-packages/airflow/example_dags/example_skip_dag.py took 0.172 seconds
[2023-08-24T15:27:11.231+0100] {processor.py:157} INFO - Started process (PID=5625) to work on /home/samuel/dev/airflow_learning/venv/lib/python3.10/site-packages/airflow/example_dags/example_skip_dag.py
[2023-08-24T15:27:11.233+0100] {processor.py:829} INFO - Processing file /home/samuel/dev/airflow_learning/venv/lib/python3.10/site-packages/airflow/example_dags/example_skip_dag.py for tasks to queue
[2023-08-24T15:27:11.234+0100] {logging_mixin.py:151} INFO - [2023-08-24T15:27:11.234+0100] {dagbag.py:539} INFO - Filling up the DagBag from /home/samuel/dev/airflow_learning/venv/lib/python3.10/site-packages/airflow/example_dags/example_skip_dag.py
[2023-08-24T15:27:11.243+0100] {processor.py:839} INFO - DAG(s) dict_keys(['example_skip_dag']) retrieved from /home/samuel/dev/airflow_learning/venv/lib/python3.10/site-packages/airflow/example_dags/example_skip_dag.py
[2023-08-24T15:27:11.261+0100] {logging_mixin.py:151} INFO - [2023-08-24T15:27:11.261+0100] {dag.py:2907} INFO - Sync 1 DAGs
[2023-08-24T15:27:11.283+0100] {logging_mixin.py:151} INFO - [2023-08-24T15:27:11.283+0100] {dag.py:3677} INFO - Setting next_dagrun for example_skip_dag to 2023-08-23T14:27:11.283089+00:00, run_after=2023-08-24T14:27:11.283089+00:00
[2023-08-24T15:27:11.401+0100] {processor.py:179} INFO - Processing /home/samuel/dev/airflow_learning/venv/lib/python3.10/site-packages/airflow/example_dags/example_skip_dag.py took 0.173 seconds
[2023-08-24T15:28:05.019+0100] {processor.py:157} INFO - Started process (PID=5679) to work on /home/samuel/dev/airflow_learning/venv/lib/python3.10/site-packages/airflow/example_dags/example_skip_dag.py
[2023-08-24T15:28:05.032+0100] {processor.py:829} INFO - Processing file /home/samuel/dev/airflow_learning/venv/lib/python3.10/site-packages/airflow/example_dags/example_skip_dag.py for tasks to queue
[2023-08-24T15:28:05.033+0100] {logging_mixin.py:151} INFO - [2023-08-24T15:28:05.033+0100] {dagbag.py:539} INFO - Filling up the DagBag from /home/samuel/dev/airflow_learning/venv/lib/python3.10/site-packages/airflow/example_dags/example_skip_dag.py
[2023-08-24T15:28:05.043+0100] {processor.py:839} INFO - DAG(s) dict_keys(['example_skip_dag']) retrieved from /home/samuel/dev/airflow_learning/venv/lib/python3.10/site-packages/airflow/example_dags/example_skip_dag.py
[2023-08-24T15:28:05.063+0100] {logging_mixin.py:151} INFO - [2023-08-24T15:28:05.063+0100] {dag.py:2907} INFO - Sync 1 DAGs
[2023-08-24T15:28:05.084+0100] {logging_mixin.py:151} INFO - [2023-08-24T15:28:05.083+0100] {dag.py:3677} INFO - Setting next_dagrun for example_skip_dag to 2023-08-23T14:28:05.083707+00:00, run_after=2023-08-24T14:28:05.083707+00:00
[2023-08-24T15:28:05.204+0100] {processor.py:179} INFO - Processing /home/samuel/dev/airflow_learning/venv/lib/python3.10/site-packages/airflow/example_dags/example_skip_dag.py took 0.189 seconds
[2023-08-24T15:29:01.389+0100] {processor.py:157} INFO - Started process (PID=5751) to work on /home/samuel/dev/airflow_learning/venv/lib/python3.10/site-packages/airflow/example_dags/example_skip_dag.py
[2023-08-24T15:29:01.417+0100] {processor.py:829} INFO - Processing file /home/samuel/dev/airflow_learning/venv/lib/python3.10/site-packages/airflow/example_dags/example_skip_dag.py for tasks to queue
[2023-08-24T15:29:01.418+0100] {logging_mixin.py:151} INFO - [2023-08-24T15:29:01.417+0100] {dagbag.py:539} INFO - Filling up the DagBag from /home/samuel/dev/airflow_learning/venv/lib/python3.10/site-packages/airflow/example_dags/example_skip_dag.py
[2023-08-24T15:29:01.428+0100] {processor.py:839} INFO - DAG(s) dict_keys(['example_skip_dag']) retrieved from /home/samuel/dev/airflow_learning/venv/lib/python3.10/site-packages/airflow/example_dags/example_skip_dag.py
[2023-08-24T15:29:01.446+0100] {logging_mixin.py:151} INFO - [2023-08-24T15:29:01.446+0100] {dag.py:2907} INFO - Sync 1 DAGs
[2023-08-24T15:29:01.464+0100] {logging_mixin.py:151} INFO - [2023-08-24T15:29:01.464+0100] {dag.py:3677} INFO - Setting next_dagrun for example_skip_dag to 2023-08-23T14:29:01.464564+00:00, run_after=2023-08-24T14:29:01.464564+00:00
[2023-08-24T15:29:01.580+0100] {processor.py:179} INFO - Processing /home/samuel/dev/airflow_learning/venv/lib/python3.10/site-packages/airflow/example_dags/example_skip_dag.py took 0.194 seconds
[2023-08-24T15:30:09.341+0100] {processor.py:157} INFO - Started process (PID=5882) to work on /home/samuel/dev/airflow_learning/venv/lib/python3.10/site-packages/airflow/example_dags/example_skip_dag.py
[2023-08-24T15:30:09.364+0100] {processor.py:829} INFO - Processing file /home/samuel/dev/airflow_learning/venv/lib/python3.10/site-packages/airflow/example_dags/example_skip_dag.py for tasks to queue
[2023-08-24T15:30:09.365+0100] {logging_mixin.py:151} INFO - [2023-08-24T15:30:09.365+0100] {dagbag.py:539} INFO - Filling up the DagBag from /home/samuel/dev/airflow_learning/venv/lib/python3.10/site-packages/airflow/example_dags/example_skip_dag.py
[2023-08-24T15:30:09.376+0100] {processor.py:839} INFO - DAG(s) dict_keys(['example_skip_dag']) retrieved from /home/samuel/dev/airflow_learning/venv/lib/python3.10/site-packages/airflow/example_dags/example_skip_dag.py
[2023-08-24T15:30:11.129+0100] {logging_mixin.py:151} INFO - [2023-08-24T15:30:11.129+0100] {dag.py:2907} INFO - Sync 1 DAGs
[2023-08-24T15:30:14.934+0100] {logging_mixin.py:151} INFO - [2023-08-24T15:30:14.934+0100] {dag.py:3677} INFO - Setting next_dagrun for example_skip_dag to 2023-08-23T14:30:14.934131+00:00, run_after=2023-08-24T14:30:14.934131+00:00
[2023-08-24T15:30:27.658+0100] {logging_mixin.py:151} INFO - [2023-08-24T15:30:27.658+0100] {dag.py:2907} INFO - Sync 1 DAGs
[2023-08-24T15:30:27.663+0100] {logging_mixin.py:151} INFO - [2023-08-24T15:30:27.663+0100] {dag.py:3677} INFO - Setting next_dagrun for example_skip_dag to 2023-08-23T14:30:27.663074+00:00, run_after=2023-08-24T14:30:27.663074+00:00
[2023-08-24T15:30:27.890+0100] {processor.py:179} INFO - Processing /home/samuel/dev/airflow_learning/venv/lib/python3.10/site-packages/airflow/example_dags/example_skip_dag.py took 18.554 seconds
[2023-08-24T15:31:54.557+0100] {processor.py:157} INFO - Started process (PID=6062) to work on /home/samuel/dev/airflow_learning/venv/lib/python3.10/site-packages/airflow/example_dags/example_skip_dag.py
[2023-08-24T15:31:54.571+0100] {processor.py:829} INFO - Processing file /home/samuel/dev/airflow_learning/venv/lib/python3.10/site-packages/airflow/example_dags/example_skip_dag.py for tasks to queue
[2023-08-24T15:31:54.572+0100] {logging_mixin.py:151} INFO - [2023-08-24T15:31:54.571+0100] {dagbag.py:539} INFO - Filling up the DagBag from /home/samuel/dev/airflow_learning/venv/lib/python3.10/site-packages/airflow/example_dags/example_skip_dag.py
[2023-08-24T15:31:54.580+0100] {processor.py:839} INFO - DAG(s) dict_keys(['example_skip_dag']) retrieved from /home/samuel/dev/airflow_learning/venv/lib/python3.10/site-packages/airflow/example_dags/example_skip_dag.py
[2023-08-24T15:31:54.597+0100] {logging_mixin.py:151} INFO - [2023-08-24T15:31:54.596+0100] {dag.py:2907} INFO - Sync 1 DAGs
[2023-08-24T15:31:54.615+0100] {logging_mixin.py:151} INFO - [2023-08-24T15:31:54.615+0100] {dag.py:3677} INFO - Setting next_dagrun for example_skip_dag to 2023-08-23T14:31:54.614869+00:00, run_after=2023-08-24T14:31:54.614869+00:00
[2023-08-24T15:31:54.728+0100] {processor.py:179} INFO - Processing /home/samuel/dev/airflow_learning/venv/lib/python3.10/site-packages/airflow/example_dags/example_skip_dag.py took 0.174 seconds
[2023-08-24T15:32:49.586+0100] {processor.py:157} INFO - Started process (PID=6127) to work on /home/samuel/dev/airflow_learning/venv/lib/python3.10/site-packages/airflow/example_dags/example_skip_dag.py
[2023-08-24T15:32:49.608+0100] {processor.py:829} INFO - Processing file /home/samuel/dev/airflow_learning/venv/lib/python3.10/site-packages/airflow/example_dags/example_skip_dag.py for tasks to queue
[2023-08-24T15:32:49.609+0100] {logging_mixin.py:151} INFO - [2023-08-24T15:32:49.609+0100] {dagbag.py:539} INFO - Filling up the DagBag from /home/samuel/dev/airflow_learning/venv/lib/python3.10/site-packages/airflow/example_dags/example_skip_dag.py
[2023-08-24T15:32:49.619+0100] {processor.py:839} INFO - DAG(s) dict_keys(['example_skip_dag']) retrieved from /home/samuel/dev/airflow_learning/venv/lib/python3.10/site-packages/airflow/example_dags/example_skip_dag.py
[2023-08-24T15:32:49.641+0100] {logging_mixin.py:151} INFO - [2023-08-24T15:32:49.641+0100] {dag.py:2907} INFO - Sync 1 DAGs
[2023-08-24T15:32:49.662+0100] {logging_mixin.py:151} INFO - [2023-08-24T15:32:49.662+0100] {dag.py:3677} INFO - Setting next_dagrun for example_skip_dag to 2023-08-23T14:32:49.661998+00:00, run_after=2023-08-24T14:32:49.661998+00:00
[2023-08-24T15:32:49.772+0100] {processor.py:179} INFO - Processing /home/samuel/dev/airflow_learning/venv/lib/python3.10/site-packages/airflow/example_dags/example_skip_dag.py took 0.190 seconds
[2023-08-24T15:33:42.649+0100] {processor.py:157} INFO - Started process (PID=6178) to work on /home/samuel/dev/airflow_learning/venv/lib/python3.10/site-packages/airflow/example_dags/example_skip_dag.py
[2023-08-24T15:33:42.698+0100] {processor.py:829} INFO - Processing file /home/samuel/dev/airflow_learning/venv/lib/python3.10/site-packages/airflow/example_dags/example_skip_dag.py for tasks to queue
[2023-08-24T15:33:42.699+0100] {logging_mixin.py:151} INFO - [2023-08-24T15:33:42.699+0100] {dagbag.py:539} INFO - Filling up the DagBag from /home/samuel/dev/airflow_learning/venv/lib/python3.10/site-packages/airflow/example_dags/example_skip_dag.py
[2023-08-24T15:33:42.715+0100] {processor.py:839} INFO - DAG(s) dict_keys(['example_skip_dag']) retrieved from /home/samuel/dev/airflow_learning/venv/lib/python3.10/site-packages/airflow/example_dags/example_skip_dag.py
[2023-08-24T15:33:42.742+0100] {logging_mixin.py:151} INFO - [2023-08-24T15:33:42.741+0100] {dag.py:2907} INFO - Sync 1 DAGs
[2023-08-24T15:33:42.763+0100] {logging_mixin.py:151} INFO - [2023-08-24T15:33:42.763+0100] {dag.py:3677} INFO - Setting next_dagrun for example_skip_dag to 2023-08-23T14:33:42.763184+00:00, run_after=2023-08-24T14:33:42.763184+00:00
[2023-08-24T15:33:42.880+0100] {processor.py:179} INFO - Processing /home/samuel/dev/airflow_learning/venv/lib/python3.10/site-packages/airflow/example_dags/example_skip_dag.py took 0.235 seconds
[2023-08-24T15:34:47.614+0100] {processor.py:157} INFO - Started process (PID=6242) to work on /home/samuel/dev/airflow_learning/venv/lib/python3.10/site-packages/airflow/example_dags/example_skip_dag.py
[2023-08-24T15:34:47.628+0100] {processor.py:829} INFO - Processing file /home/samuel/dev/airflow_learning/venv/lib/python3.10/site-packages/airflow/example_dags/example_skip_dag.py for tasks to queue
[2023-08-24T15:34:47.629+0100] {logging_mixin.py:151} INFO - [2023-08-24T15:34:47.628+0100] {dagbag.py:539} INFO - Filling up the DagBag from /home/samuel/dev/airflow_learning/venv/lib/python3.10/site-packages/airflow/example_dags/example_skip_dag.py
[2023-08-24T15:34:47.637+0100] {processor.py:839} INFO - DAG(s) dict_keys(['example_skip_dag']) retrieved from /home/samuel/dev/airflow_learning/venv/lib/python3.10/site-packages/airflow/example_dags/example_skip_dag.py
[2023-08-24T15:34:47.653+0100] {logging_mixin.py:151} INFO - [2023-08-24T15:34:47.653+0100] {dag.py:2907} INFO - Sync 1 DAGs
[2023-08-24T15:34:47.671+0100] {logging_mixin.py:151} INFO - [2023-08-24T15:34:47.671+0100] {dag.py:3677} INFO - Setting next_dagrun for example_skip_dag to 2023-08-23T14:34:47.670773+00:00, run_after=2023-08-24T14:34:47.670773+00:00
[2023-08-24T15:34:47.776+0100] {processor.py:179} INFO - Processing /home/samuel/dev/airflow_learning/venv/lib/python3.10/site-packages/airflow/example_dags/example_skip_dag.py took 0.166 seconds
[2023-08-24T15:35:49.049+0100] {processor.py:157} INFO - Started process (PID=6310) to work on /home/samuel/dev/airflow_learning/venv/lib/python3.10/site-packages/airflow/example_dags/example_skip_dag.py
[2023-08-24T15:35:49.082+0100] {processor.py:829} INFO - Processing file /home/samuel/dev/airflow_learning/venv/lib/python3.10/site-packages/airflow/example_dags/example_skip_dag.py for tasks to queue
[2023-08-24T15:35:49.084+0100] {logging_mixin.py:151} INFO - [2023-08-24T15:35:49.083+0100] {dagbag.py:539} INFO - Filling up the DagBag from /home/samuel/dev/airflow_learning/venv/lib/python3.10/site-packages/airflow/example_dags/example_skip_dag.py
[2023-08-24T15:35:49.093+0100] {processor.py:839} INFO - DAG(s) dict_keys(['example_skip_dag']) retrieved from /home/samuel/dev/airflow_learning/venv/lib/python3.10/site-packages/airflow/example_dags/example_skip_dag.py
[2023-08-24T15:35:49.113+0100] {logging_mixin.py:151} INFO - [2023-08-24T15:35:49.113+0100] {dag.py:2907} INFO - Sync 1 DAGs
[2023-08-24T15:35:49.136+0100] {logging_mixin.py:151} INFO - [2023-08-24T15:35:49.136+0100] {dag.py:3677} INFO - Setting next_dagrun for example_skip_dag to 2023-08-23T14:35:49.136409+00:00, run_after=2023-08-24T14:35:49.136409+00:00
[2023-08-24T15:35:49.259+0100] {processor.py:179} INFO - Processing /home/samuel/dev/airflow_learning/venv/lib/python3.10/site-packages/airflow/example_dags/example_skip_dag.py took 0.214 seconds
[2023-08-24T15:36:48.845+0100] {processor.py:157} INFO - Started process (PID=6371) to work on /home/samuel/dev/airflow_learning/venv/lib/python3.10/site-packages/airflow/example_dags/example_skip_dag.py
[2023-08-24T15:36:48.847+0100] {processor.py:829} INFO - Processing file /home/samuel/dev/airflow_learning/venv/lib/python3.10/site-packages/airflow/example_dags/example_skip_dag.py for tasks to queue
[2023-08-24T15:36:48.848+0100] {logging_mixin.py:151} INFO - [2023-08-24T15:36:48.847+0100] {dagbag.py:539} INFO - Filling up the DagBag from /home/samuel/dev/airflow_learning/venv/lib/python3.10/site-packages/airflow/example_dags/example_skip_dag.py
[2023-08-24T15:36:48.858+0100] {processor.py:839} INFO - DAG(s) dict_keys(['example_skip_dag']) retrieved from /home/samuel/dev/airflow_learning/venv/lib/python3.10/site-packages/airflow/example_dags/example_skip_dag.py
[2023-08-24T15:36:48.877+0100] {logging_mixin.py:151} INFO - [2023-08-24T15:36:48.877+0100] {dag.py:2907} INFO - Sync 1 DAGs
[2023-08-24T15:36:48.896+0100] {logging_mixin.py:151} INFO - [2023-08-24T15:36:48.896+0100] {dag.py:3677} INFO - Setting next_dagrun for example_skip_dag to 2023-08-23T14:36:48.896323+00:00, run_after=2023-08-24T14:36:48.896323+00:00
[2023-08-24T15:36:49.047+0100] {processor.py:179} INFO - Processing /home/samuel/dev/airflow_learning/venv/lib/python3.10/site-packages/airflow/example_dags/example_skip_dag.py took 0.206 seconds
[2023-08-24T15:37:57.558+0100] {processor.py:157} INFO - Started process (PID=6430) to work on /home/samuel/dev/airflow_learning/venv/lib/python3.10/site-packages/airflow/example_dags/example_skip_dag.py
[2023-08-24T15:37:57.564+0100] {processor.py:829} INFO - Processing file /home/samuel/dev/airflow_learning/venv/lib/python3.10/site-packages/airflow/example_dags/example_skip_dag.py for tasks to queue
[2023-08-24T15:37:57.565+0100] {logging_mixin.py:151} INFO - [2023-08-24T15:37:57.565+0100] {dagbag.py:539} INFO - Filling up the DagBag from /home/samuel/dev/airflow_learning/venv/lib/python3.10/site-packages/airflow/example_dags/example_skip_dag.py
[2023-08-24T15:37:57.575+0100] {processor.py:839} INFO - DAG(s) dict_keys(['example_skip_dag']) retrieved from /home/samuel/dev/airflow_learning/venv/lib/python3.10/site-packages/airflow/example_dags/example_skip_dag.py
[2023-08-24T15:37:57.595+0100] {logging_mixin.py:151} INFO - [2023-08-24T15:37:57.594+0100] {dag.py:2907} INFO - Sync 1 DAGs
[2023-08-24T15:37:57.618+0100] {logging_mixin.py:151} INFO - [2023-08-24T15:37:57.618+0100] {dag.py:3677} INFO - Setting next_dagrun for example_skip_dag to 2023-08-23T14:37:57.618239+00:00, run_after=2023-08-24T14:37:57.618239+00:00
[2023-08-24T15:37:57.745+0100] {processor.py:179} INFO - Processing /home/samuel/dev/airflow_learning/venv/lib/python3.10/site-packages/airflow/example_dags/example_skip_dag.py took 0.190 seconds
[2023-08-24T15:38:53.871+0100] {processor.py:157} INFO - Started process (PID=6485) to work on /home/samuel/dev/airflow_learning/venv/lib/python3.10/site-packages/airflow/example_dags/example_skip_dag.py
[2023-08-24T15:38:53.874+0100] {processor.py:829} INFO - Processing file /home/samuel/dev/airflow_learning/venv/lib/python3.10/site-packages/airflow/example_dags/example_skip_dag.py for tasks to queue
[2023-08-24T15:38:53.876+0100] {logging_mixin.py:151} INFO - [2023-08-24T15:38:53.875+0100] {dagbag.py:539} INFO - Filling up the DagBag from /home/samuel/dev/airflow_learning/venv/lib/python3.10/site-packages/airflow/example_dags/example_skip_dag.py
[2023-08-24T15:38:53.885+0100] {processor.py:839} INFO - DAG(s) dict_keys(['example_skip_dag']) retrieved from /home/samuel/dev/airflow_learning/venv/lib/python3.10/site-packages/airflow/example_dags/example_skip_dag.py
[2023-08-24T15:38:53.904+0100] {logging_mixin.py:151} INFO - [2023-08-24T15:38:53.904+0100] {dag.py:2907} INFO - Sync 1 DAGs
[2023-08-24T15:38:53.923+0100] {logging_mixin.py:151} INFO - [2023-08-24T15:38:53.923+0100] {dag.py:3677} INFO - Setting next_dagrun for example_skip_dag to 2023-08-23T14:38:53.923456+00:00, run_after=2023-08-24T14:38:53.923456+00:00
[2023-08-24T15:38:54.046+0100] {processor.py:179} INFO - Processing /home/samuel/dev/airflow_learning/venv/lib/python3.10/site-packages/airflow/example_dags/example_skip_dag.py took 0.180 seconds
[2023-08-24T15:39:46.151+0100] {processor.py:157} INFO - Started process (PID=6538) to work on /home/samuel/dev/airflow_learning/venv/lib/python3.10/site-packages/airflow/example_dags/example_skip_dag.py
[2023-08-24T15:39:46.161+0100] {processor.py:829} INFO - Processing file /home/samuel/dev/airflow_learning/venv/lib/python3.10/site-packages/airflow/example_dags/example_skip_dag.py for tasks to queue
[2023-08-24T15:39:46.162+0100] {logging_mixin.py:151} INFO - [2023-08-24T15:39:46.162+0100] {dagbag.py:539} INFO - Filling up the DagBag from /home/samuel/dev/airflow_learning/venv/lib/python3.10/site-packages/airflow/example_dags/example_skip_dag.py
[2023-08-24T15:39:46.174+0100] {processor.py:839} INFO - DAG(s) dict_keys(['example_skip_dag']) retrieved from /home/samuel/dev/airflow_learning/venv/lib/python3.10/site-packages/airflow/example_dags/example_skip_dag.py
[2023-08-24T15:39:46.198+0100] {logging_mixin.py:151} INFO - [2023-08-24T15:39:46.198+0100] {dag.py:2907} INFO - Sync 1 DAGs
[2023-08-24T15:39:46.220+0100] {logging_mixin.py:151} INFO - [2023-08-24T15:39:46.219+0100] {dag.py:3677} INFO - Setting next_dagrun for example_skip_dag to 2023-08-23T14:39:46.219626+00:00, run_after=2023-08-24T14:39:46.219626+00:00
[2023-08-24T15:39:46.342+0100] {processor.py:179} INFO - Processing /home/samuel/dev/airflow_learning/venv/lib/python3.10/site-packages/airflow/example_dags/example_skip_dag.py took 0.194 seconds
[2023-08-24T15:40:55.898+0100] {processor.py:157} INFO - Started process (PID=6623) to work on /home/samuel/dev/airflow_learning/venv/lib/python3.10/site-packages/airflow/example_dags/example_skip_dag.py
[2023-08-24T15:40:55.930+0100] {processor.py:829} INFO - Processing file /home/samuel/dev/airflow_learning/venv/lib/python3.10/site-packages/airflow/example_dags/example_skip_dag.py for tasks to queue
[2023-08-24T15:40:55.932+0100] {logging_mixin.py:151} INFO - [2023-08-24T15:40:55.931+0100] {dagbag.py:539} INFO - Filling up the DagBag from /home/samuel/dev/airflow_learning/venv/lib/python3.10/site-packages/airflow/example_dags/example_skip_dag.py
[2023-08-24T15:40:55.941+0100] {processor.py:839} INFO - DAG(s) dict_keys(['example_skip_dag']) retrieved from /home/samuel/dev/airflow_learning/venv/lib/python3.10/site-packages/airflow/example_dags/example_skip_dag.py
[2023-08-24T15:40:55.961+0100] {logging_mixin.py:151} INFO - [2023-08-24T15:40:55.961+0100] {dag.py:2907} INFO - Sync 1 DAGs
[2023-08-24T15:40:55.979+0100] {logging_mixin.py:151} INFO - [2023-08-24T15:40:55.979+0100] {dag.py:3677} INFO - Setting next_dagrun for example_skip_dag to 2023-08-23T14:40:55.979476+00:00, run_after=2023-08-24T14:40:55.979476+00:00
[2023-08-24T15:40:56.096+0100] {processor.py:179} INFO - Processing /home/samuel/dev/airflow_learning/venv/lib/python3.10/site-packages/airflow/example_dags/example_skip_dag.py took 0.202 seconds
[2023-08-24T15:41:48.685+0100] {processor.py:157} INFO - Started process (PID=6673) to work on /home/samuel/dev/airflow_learning/venv/lib/python3.10/site-packages/airflow/example_dags/example_skip_dag.py
[2023-08-24T15:41:48.687+0100] {processor.py:829} INFO - Processing file /home/samuel/dev/airflow_learning/venv/lib/python3.10/site-packages/airflow/example_dags/example_skip_dag.py for tasks to queue
[2023-08-24T15:41:48.688+0100] {logging_mixin.py:151} INFO - [2023-08-24T15:41:48.687+0100] {dagbag.py:539} INFO - Filling up the DagBag from /home/samuel/dev/airflow_learning/venv/lib/python3.10/site-packages/airflow/example_dags/example_skip_dag.py
[2023-08-24T15:41:48.697+0100] {processor.py:839} INFO - DAG(s) dict_keys(['example_skip_dag']) retrieved from /home/samuel/dev/airflow_learning/venv/lib/python3.10/site-packages/airflow/example_dags/example_skip_dag.py
[2023-08-24T15:41:48.716+0100] {logging_mixin.py:151} INFO - [2023-08-24T15:41:48.716+0100] {dag.py:2907} INFO - Sync 1 DAGs
[2023-08-24T15:41:48.738+0100] {logging_mixin.py:151} INFO - [2023-08-24T15:41:48.737+0100] {dag.py:3677} INFO - Setting next_dagrun for example_skip_dag to 2023-08-23T14:41:48.737743+00:00, run_after=2023-08-24T14:41:48.737743+00:00
[2023-08-24T15:41:48.873+0100] {processor.py:179} INFO - Processing /home/samuel/dev/airflow_learning/venv/lib/python3.10/site-packages/airflow/example_dags/example_skip_dag.py took 0.191 seconds
[2023-08-24T15:42:39.034+0100] {processor.py:157} INFO - Started process (PID=6784) to work on /home/samuel/dev/airflow_learning/venv/lib/python3.10/site-packages/airflow/example_dags/example_skip_dag.py
[2023-08-24T15:42:39.050+0100] {processor.py:829} INFO - Processing file /home/samuel/dev/airflow_learning/venv/lib/python3.10/site-packages/airflow/example_dags/example_skip_dag.py for tasks to queue
[2023-08-24T15:42:39.052+0100] {logging_mixin.py:151} INFO - [2023-08-24T15:42:39.051+0100] {dagbag.py:539} INFO - Filling up the DagBag from /home/samuel/dev/airflow_learning/venv/lib/python3.10/site-packages/airflow/example_dags/example_skip_dag.py
[2023-08-24T15:42:39.061+0100] {processor.py:839} INFO - DAG(s) dict_keys(['example_skip_dag']) retrieved from /home/samuel/dev/airflow_learning/venv/lib/python3.10/site-packages/airflow/example_dags/example_skip_dag.py
[2023-08-24T15:42:39.078+0100] {logging_mixin.py:151} INFO - [2023-08-24T15:42:39.078+0100] {dag.py:2907} INFO - Sync 1 DAGs
[2023-08-24T15:42:39.097+0100] {logging_mixin.py:151} INFO - [2023-08-24T15:42:39.097+0100] {dag.py:3677} INFO - Setting next_dagrun for example_skip_dag to 2023-08-23T14:42:39.096997+00:00, run_after=2023-08-24T14:42:39.096997+00:00
[2023-08-24T15:42:39.212+0100] {processor.py:179} INFO - Processing /home/samuel/dev/airflow_learning/venv/lib/python3.10/site-packages/airflow/example_dags/example_skip_dag.py took 0.182 seconds
[2023-08-24T15:43:34.139+0100] {processor.py:157} INFO - Started process (PID=6836) to work on /home/samuel/dev/airflow_learning/venv/lib/python3.10/site-packages/airflow/example_dags/example_skip_dag.py
[2023-08-24T15:43:34.142+0100] {processor.py:829} INFO - Processing file /home/samuel/dev/airflow_learning/venv/lib/python3.10/site-packages/airflow/example_dags/example_skip_dag.py for tasks to queue
[2023-08-24T15:43:34.143+0100] {logging_mixin.py:151} INFO - [2023-08-24T15:43:34.143+0100] {dagbag.py:539} INFO - Filling up the DagBag from /home/samuel/dev/airflow_learning/venv/lib/python3.10/site-packages/airflow/example_dags/example_skip_dag.py
[2023-08-24T15:43:34.154+0100] {processor.py:839} INFO - DAG(s) dict_keys(['example_skip_dag']) retrieved from /home/samuel/dev/airflow_learning/venv/lib/python3.10/site-packages/airflow/example_dags/example_skip_dag.py
[2023-08-24T15:43:34.173+0100] {logging_mixin.py:151} INFO - [2023-08-24T15:43:34.173+0100] {dag.py:2907} INFO - Sync 1 DAGs
[2023-08-24T15:43:34.193+0100] {logging_mixin.py:151} INFO - [2023-08-24T15:43:34.193+0100] {dag.py:3677} INFO - Setting next_dagrun for example_skip_dag to 2023-08-23T14:43:34.193464+00:00, run_after=2023-08-24T14:43:34.193464+00:00
[2023-08-24T15:43:34.315+0100] {processor.py:179} INFO - Processing /home/samuel/dev/airflow_learning/venv/lib/python3.10/site-packages/airflow/example_dags/example_skip_dag.py took 0.180 seconds
[2023-08-24T15:44:26.135+0100] {processor.py:157} INFO - Started process (PID=6886) to work on /home/samuel/dev/airflow_learning/venv/lib/python3.10/site-packages/airflow/example_dags/example_skip_dag.py
[2023-08-24T15:44:26.138+0100] {processor.py:829} INFO - Processing file /home/samuel/dev/airflow_learning/venv/lib/python3.10/site-packages/airflow/example_dags/example_skip_dag.py for tasks to queue
[2023-08-24T15:44:26.139+0100] {logging_mixin.py:151} INFO - [2023-08-24T15:44:26.138+0100] {dagbag.py:539} INFO - Filling up the DagBag from /home/samuel/dev/airflow_learning/venv/lib/python3.10/site-packages/airflow/example_dags/example_skip_dag.py
[2023-08-24T15:44:26.151+0100] {processor.py:839} INFO - DAG(s) dict_keys(['example_skip_dag']) retrieved from /home/samuel/dev/airflow_learning/venv/lib/python3.10/site-packages/airflow/example_dags/example_skip_dag.py
[2023-08-24T15:44:26.169+0100] {logging_mixin.py:151} INFO - [2023-08-24T15:44:26.169+0100] {dag.py:2907} INFO - Sync 1 DAGs
[2023-08-24T15:44:26.188+0100] {logging_mixin.py:151} INFO - [2023-08-24T15:44:26.188+0100] {dag.py:3677} INFO - Setting next_dagrun for example_skip_dag to 2023-08-23T14:44:26.188437+00:00, run_after=2023-08-24T14:44:26.188437+00:00
[2023-08-24T15:44:26.325+0100] {processor.py:179} INFO - Processing /home/samuel/dev/airflow_learning/venv/lib/python3.10/site-packages/airflow/example_dags/example_skip_dag.py took 0.194 seconds
[2023-08-24T15:45:15.781+0100] {processor.py:157} INFO - Started process (PID=6936) to work on /home/samuel/dev/airflow_learning/venv/lib/python3.10/site-packages/airflow/example_dags/example_skip_dag.py
[2023-08-24T15:45:15.809+0100] {processor.py:829} INFO - Processing file /home/samuel/dev/airflow_learning/venv/lib/python3.10/site-packages/airflow/example_dags/example_skip_dag.py for tasks to queue
[2023-08-24T15:45:15.810+0100] {logging_mixin.py:151} INFO - [2023-08-24T15:45:15.810+0100] {dagbag.py:539} INFO - Filling up the DagBag from /home/samuel/dev/airflow_learning/venv/lib/python3.10/site-packages/airflow/example_dags/example_skip_dag.py
[2023-08-24T15:45:15.820+0100] {processor.py:839} INFO - DAG(s) dict_keys(['example_skip_dag']) retrieved from /home/samuel/dev/airflow_learning/venv/lib/python3.10/site-packages/airflow/example_dags/example_skip_dag.py
[2023-08-24T15:45:15.842+0100] {logging_mixin.py:151} INFO - [2023-08-24T15:45:15.842+0100] {dag.py:2907} INFO - Sync 1 DAGs
[2023-08-24T15:45:15.865+0100] {logging_mixin.py:151} INFO - [2023-08-24T15:45:15.864+0100] {dag.py:3677} INFO - Setting next_dagrun for example_skip_dag to 2023-08-23T14:45:15.864517+00:00, run_after=2023-08-24T14:45:15.864517+00:00
[2023-08-24T15:45:15.970+0100] {processor.py:179} INFO - Processing /home/samuel/dev/airflow_learning/venv/lib/python3.10/site-packages/airflow/example_dags/example_skip_dag.py took 0.192 seconds
[2023-08-24T15:46:07.703+0100] {processor.py:157} INFO - Started process (PID=6985) to work on /home/samuel/dev/airflow_learning/venv/lib/python3.10/site-packages/airflow/example_dags/example_skip_dag.py
[2023-08-24T15:46:07.725+0100] {processor.py:829} INFO - Processing file /home/samuel/dev/airflow_learning/venv/lib/python3.10/site-packages/airflow/example_dags/example_skip_dag.py for tasks to queue
[2023-08-24T15:46:07.726+0100] {logging_mixin.py:151} INFO - [2023-08-24T15:46:07.726+0100] {dagbag.py:539} INFO - Filling up the DagBag from /home/samuel/dev/airflow_learning/venv/lib/python3.10/site-packages/airflow/example_dags/example_skip_dag.py
[2023-08-24T15:46:07.736+0100] {processor.py:839} INFO - DAG(s) dict_keys(['example_skip_dag']) retrieved from /home/samuel/dev/airflow_learning/venv/lib/python3.10/site-packages/airflow/example_dags/example_skip_dag.py
[2023-08-24T15:46:07.757+0100] {logging_mixin.py:151} INFO - [2023-08-24T15:46:07.757+0100] {dag.py:2907} INFO - Sync 1 DAGs
[2023-08-24T15:46:07.778+0100] {logging_mixin.py:151} INFO - [2023-08-24T15:46:07.778+0100] {dag.py:3677} INFO - Setting next_dagrun for example_skip_dag to 2023-08-23T14:46:07.778383+00:00, run_after=2023-08-24T14:46:07.778383+00:00
[2023-08-24T15:46:07.901+0100] {processor.py:179} INFO - Processing /home/samuel/dev/airflow_learning/venv/lib/python3.10/site-packages/airflow/example_dags/example_skip_dag.py took 0.202 seconds
[2023-08-24T15:47:02.335+0100] {processor.py:157} INFO - Started process (PID=7035) to work on /home/samuel/dev/airflow_learning/venv/lib/python3.10/site-packages/airflow/example_dags/example_skip_dag.py
[2023-08-24T15:47:02.338+0100] {processor.py:829} INFO - Processing file /home/samuel/dev/airflow_learning/venv/lib/python3.10/site-packages/airflow/example_dags/example_skip_dag.py for tasks to queue
[2023-08-24T15:47:02.339+0100] {logging_mixin.py:151} INFO - [2023-08-24T15:47:02.338+0100] {dagbag.py:539} INFO - Filling up the DagBag from /home/samuel/dev/airflow_learning/venv/lib/python3.10/site-packages/airflow/example_dags/example_skip_dag.py
[2023-08-24T15:47:02.348+0100] {processor.py:839} INFO - DAG(s) dict_keys(['example_skip_dag']) retrieved from /home/samuel/dev/airflow_learning/venv/lib/python3.10/site-packages/airflow/example_dags/example_skip_dag.py
[2023-08-24T15:47:02.367+0100] {logging_mixin.py:151} INFO - [2023-08-24T15:47:02.367+0100] {dag.py:2907} INFO - Sync 1 DAGs
[2023-08-24T15:47:02.386+0100] {logging_mixin.py:151} INFO - [2023-08-24T15:47:02.386+0100] {dag.py:3677} INFO - Setting next_dagrun for example_skip_dag to 2023-08-23T14:47:02.385943+00:00, run_after=2023-08-24T14:47:02.385943+00:00
[2023-08-24T15:47:02.515+0100] {processor.py:179} INFO - Processing /home/samuel/dev/airflow_learning/venv/lib/python3.10/site-packages/airflow/example_dags/example_skip_dag.py took 0.185 seconds
[2023-08-24T15:47:54.773+0100] {processor.py:157} INFO - Started process (PID=7084) to work on /home/samuel/dev/airflow_learning/venv/lib/python3.10/site-packages/airflow/example_dags/example_skip_dag.py
[2023-08-24T15:47:54.776+0100] {processor.py:829} INFO - Processing file /home/samuel/dev/airflow_learning/venv/lib/python3.10/site-packages/airflow/example_dags/example_skip_dag.py for tasks to queue
[2023-08-24T15:47:54.777+0100] {logging_mixin.py:151} INFO - [2023-08-24T15:47:54.776+0100] {dagbag.py:539} INFO - Filling up the DagBag from /home/samuel/dev/airflow_learning/venv/lib/python3.10/site-packages/airflow/example_dags/example_skip_dag.py
[2023-08-24T15:47:54.786+0100] {processor.py:839} INFO - DAG(s) dict_keys(['example_skip_dag']) retrieved from /home/samuel/dev/airflow_learning/venv/lib/python3.10/site-packages/airflow/example_dags/example_skip_dag.py
[2023-08-24T15:47:54.802+0100] {logging_mixin.py:151} INFO - [2023-08-24T15:47:54.802+0100] {dag.py:2907} INFO - Sync 1 DAGs
[2023-08-24T15:47:54.821+0100] {logging_mixin.py:151} INFO - [2023-08-24T15:47:54.821+0100] {dag.py:3677} INFO - Setting next_dagrun for example_skip_dag to 2023-08-23T14:47:54.821306+00:00, run_after=2023-08-24T14:47:54.821306+00:00
[2023-08-24T15:47:54.952+0100] {processor.py:179} INFO - Processing /home/samuel/dev/airflow_learning/venv/lib/python3.10/site-packages/airflow/example_dags/example_skip_dag.py took 0.183 seconds
[2023-08-24T15:48:49.609+0100] {processor.py:157} INFO - Started process (PID=7153) to work on /home/samuel/dev/airflow_learning/venv/lib/python3.10/site-packages/airflow/example_dags/example_skip_dag.py
[2023-08-24T15:48:49.628+0100] {processor.py:829} INFO - Processing file /home/samuel/dev/airflow_learning/venv/lib/python3.10/site-packages/airflow/example_dags/example_skip_dag.py for tasks to queue
[2023-08-24T15:48:49.629+0100] {logging_mixin.py:151} INFO - [2023-08-24T15:48:49.628+0100] {dagbag.py:539} INFO - Filling up the DagBag from /home/samuel/dev/airflow_learning/venv/lib/python3.10/site-packages/airflow/example_dags/example_skip_dag.py
[2023-08-24T15:48:49.639+0100] {processor.py:839} INFO - DAG(s) dict_keys(['example_skip_dag']) retrieved from /home/samuel/dev/airflow_learning/venv/lib/python3.10/site-packages/airflow/example_dags/example_skip_dag.py
[2023-08-24T15:48:49.659+0100] {logging_mixin.py:151} INFO - [2023-08-24T15:48:49.659+0100] {dag.py:2907} INFO - Sync 1 DAGs
[2023-08-24T15:48:49.680+0100] {logging_mixin.py:151} INFO - [2023-08-24T15:48:49.680+0100] {dag.py:3677} INFO - Setting next_dagrun for example_skip_dag to 2023-08-23T14:48:49.680256+00:00, run_after=2023-08-24T14:48:49.680256+00:00
[2023-08-24T15:48:49.786+0100] {processor.py:179} INFO - Processing /home/samuel/dev/airflow_learning/venv/lib/python3.10/site-packages/airflow/example_dags/example_skip_dag.py took 0.181 seconds
[2023-08-24T15:49:39.148+0100] {processor.py:157} INFO - Started process (PID=7201) to work on /home/samuel/dev/airflow_learning/venv/lib/python3.10/site-packages/airflow/example_dags/example_skip_dag.py
[2023-08-24T15:49:39.150+0100] {processor.py:829} INFO - Processing file /home/samuel/dev/airflow_learning/venv/lib/python3.10/site-packages/airflow/example_dags/example_skip_dag.py for tasks to queue
[2023-08-24T15:49:39.151+0100] {logging_mixin.py:151} INFO - [2023-08-24T15:49:39.150+0100] {dagbag.py:539} INFO - Filling up the DagBag from /home/samuel/dev/airflow_learning/venv/lib/python3.10/site-packages/airflow/example_dags/example_skip_dag.py
[2023-08-24T15:49:39.160+0100] {processor.py:839} INFO - DAG(s) dict_keys(['example_skip_dag']) retrieved from /home/samuel/dev/airflow_learning/venv/lib/python3.10/site-packages/airflow/example_dags/example_skip_dag.py
[2023-08-24T15:49:39.178+0100] {logging_mixin.py:151} INFO - [2023-08-24T15:49:39.177+0100] {dag.py:2907} INFO - Sync 1 DAGs
[2023-08-24T15:49:39.197+0100] {logging_mixin.py:151} INFO - [2023-08-24T15:49:39.196+0100] {dag.py:3677} INFO - Setting next_dagrun for example_skip_dag to 2023-08-23T14:49:39.196729+00:00, run_after=2023-08-24T14:49:39.196729+00:00
[2023-08-24T15:49:39.316+0100] {processor.py:179} INFO - Processing /home/samuel/dev/airflow_learning/venv/lib/python3.10/site-packages/airflow/example_dags/example_skip_dag.py took 0.172 seconds
[2023-08-24T15:50:27.678+0100] {processor.py:157} INFO - Started process (PID=7247) to work on /home/samuel/dev/airflow_learning/venv/lib/python3.10/site-packages/airflow/example_dags/example_skip_dag.py
[2023-08-24T15:50:27.681+0100] {processor.py:829} INFO - Processing file /home/samuel/dev/airflow_learning/venv/lib/python3.10/site-packages/airflow/example_dags/example_skip_dag.py for tasks to queue
[2023-08-24T15:50:27.682+0100] {logging_mixin.py:151} INFO - [2023-08-24T15:50:27.682+0100] {dagbag.py:539} INFO - Filling up the DagBag from /home/samuel/dev/airflow_learning/venv/lib/python3.10/site-packages/airflow/example_dags/example_skip_dag.py
[2023-08-24T15:50:27.689+0100] {processor.py:839} INFO - DAG(s) dict_keys(['example_skip_dag']) retrieved from /home/samuel/dev/airflow_learning/venv/lib/python3.10/site-packages/airflow/example_dags/example_skip_dag.py
[2023-08-24T15:50:27.706+0100] {logging_mixin.py:151} INFO - [2023-08-24T15:50:27.705+0100] {dag.py:2907} INFO - Sync 1 DAGs
[2023-08-24T15:50:27.724+0100] {logging_mixin.py:151} INFO - [2023-08-24T15:50:27.724+0100] {dag.py:3677} INFO - Setting next_dagrun for example_skip_dag to 2023-08-23T14:50:27.723915+00:00, run_after=2023-08-24T14:50:27.723915+00:00
[2023-08-24T15:50:27.853+0100] {processor.py:179} INFO - Processing /home/samuel/dev/airflow_learning/venv/lib/python3.10/site-packages/airflow/example_dags/example_skip_dag.py took 0.178 seconds
[2023-08-24T15:51:20.326+0100] {processor.py:157} INFO - Started process (PID=7296) to work on /home/samuel/dev/airflow_learning/venv/lib/python3.10/site-packages/airflow/example_dags/example_skip_dag.py
[2023-08-24T15:51:20.371+0100] {processor.py:829} INFO - Processing file /home/samuel/dev/airflow_learning/venv/lib/python3.10/site-packages/airflow/example_dags/example_skip_dag.py for tasks to queue
[2023-08-24T15:51:20.372+0100] {logging_mixin.py:151} INFO - [2023-08-24T15:51:20.372+0100] {dagbag.py:539} INFO - Filling up the DagBag from /home/samuel/dev/airflow_learning/venv/lib/python3.10/site-packages/airflow/example_dags/example_skip_dag.py
[2023-08-24T15:51:20.382+0100] {processor.py:839} INFO - DAG(s) dict_keys(['example_skip_dag']) retrieved from /home/samuel/dev/airflow_learning/venv/lib/python3.10/site-packages/airflow/example_dags/example_skip_dag.py
[2023-08-24T15:51:20.402+0100] {logging_mixin.py:151} INFO - [2023-08-24T15:51:20.402+0100] {dag.py:2907} INFO - Sync 1 DAGs
[2023-08-24T15:51:20.421+0100] {logging_mixin.py:151} INFO - [2023-08-24T15:51:20.421+0100] {dag.py:3677} INFO - Setting next_dagrun for example_skip_dag to 2023-08-23T14:51:20.421529+00:00, run_after=2023-08-24T14:51:20.421529+00:00
[2023-08-24T15:51:20.522+0100] {processor.py:179} INFO - Processing /home/samuel/dev/airflow_learning/venv/lib/python3.10/site-packages/airflow/example_dags/example_skip_dag.py took 0.200 seconds
[2023-08-24T15:52:10.874+0100] {processor.py:157} INFO - Started process (PID=7354) to work on /home/samuel/dev/airflow_learning/venv/lib/python3.10/site-packages/airflow/example_dags/example_skip_dag.py
[2023-08-24T15:52:10.877+0100] {processor.py:829} INFO - Processing file /home/samuel/dev/airflow_learning/venv/lib/python3.10/site-packages/airflow/example_dags/example_skip_dag.py for tasks to queue
[2023-08-24T15:52:10.878+0100] {logging_mixin.py:151} INFO - [2023-08-24T15:52:10.878+0100] {dagbag.py:539} INFO - Filling up the DagBag from /home/samuel/dev/airflow_learning/venv/lib/python3.10/site-packages/airflow/example_dags/example_skip_dag.py
[2023-08-24T15:52:10.888+0100] {processor.py:839} INFO - DAG(s) dict_keys(['example_skip_dag']) retrieved from /home/samuel/dev/airflow_learning/venv/lib/python3.10/site-packages/airflow/example_dags/example_skip_dag.py
[2023-08-24T15:52:10.907+0100] {logging_mixin.py:151} INFO - [2023-08-24T15:52:10.907+0100] {dag.py:2907} INFO - Sync 1 DAGs
[2023-08-24T15:52:10.926+0100] {logging_mixin.py:151} INFO - [2023-08-24T15:52:10.926+0100] {dag.py:3677} INFO - Setting next_dagrun for example_skip_dag to 2023-08-23T14:52:10.926230+00:00, run_after=2023-08-24T14:52:10.926230+00:00
[2023-08-24T15:52:11.056+0100] {processor.py:179} INFO - Processing /home/samuel/dev/airflow_learning/venv/lib/python3.10/site-packages/airflow/example_dags/example_skip_dag.py took 0.186 seconds
[2023-08-24T15:52:59.494+0100] {processor.py:157} INFO - Started process (PID=7403) to work on /home/samuel/dev/airflow_learning/venv/lib/python3.10/site-packages/airflow/example_dags/example_skip_dag.py
[2023-08-24T15:52:59.496+0100] {processor.py:829} INFO - Processing file /home/samuel/dev/airflow_learning/venv/lib/python3.10/site-packages/airflow/example_dags/example_skip_dag.py for tasks to queue
[2023-08-24T15:52:59.497+0100] {logging_mixin.py:151} INFO - [2023-08-24T15:52:59.497+0100] {dagbag.py:539} INFO - Filling up the DagBag from /home/samuel/dev/airflow_learning/venv/lib/python3.10/site-packages/airflow/example_dags/example_skip_dag.py
[2023-08-24T15:52:59.507+0100] {processor.py:839} INFO - DAG(s) dict_keys(['example_skip_dag']) retrieved from /home/samuel/dev/airflow_learning/venv/lib/python3.10/site-packages/airflow/example_dags/example_skip_dag.py
[2023-08-24T15:52:59.526+0100] {logging_mixin.py:151} INFO - [2023-08-24T15:52:59.526+0100] {dag.py:2907} INFO - Sync 1 DAGs
[2023-08-24T15:52:59.546+0100] {logging_mixin.py:151} INFO - [2023-08-24T15:52:59.545+0100] {dag.py:3677} INFO - Setting next_dagrun for example_skip_dag to 2023-08-23T14:52:59.545736+00:00, run_after=2023-08-24T14:52:59.545736+00:00
[2023-08-24T15:52:59.679+0100] {processor.py:179} INFO - Processing /home/samuel/dev/airflow_learning/venv/lib/python3.10/site-packages/airflow/example_dags/example_skip_dag.py took 0.189 seconds
[2023-08-24T15:53:53.246+0100] {processor.py:157} INFO - Started process (PID=7524) to work on /home/samuel/dev/airflow_learning/venv/lib/python3.10/site-packages/airflow/example_dags/example_skip_dag.py
[2023-08-24T15:53:53.254+0100] {processor.py:829} INFO - Processing file /home/samuel/dev/airflow_learning/venv/lib/python3.10/site-packages/airflow/example_dags/example_skip_dag.py for tasks to queue
[2023-08-24T15:53:53.255+0100] {logging_mixin.py:151} INFO - [2023-08-24T15:53:53.255+0100] {dagbag.py:539} INFO - Filling up the DagBag from /home/samuel/dev/airflow_learning/venv/lib/python3.10/site-packages/airflow/example_dags/example_skip_dag.py
[2023-08-24T15:53:53.265+0100] {processor.py:839} INFO - DAG(s) dict_keys(['example_skip_dag']) retrieved from /home/samuel/dev/airflow_learning/venv/lib/python3.10/site-packages/airflow/example_dags/example_skip_dag.py
[2023-08-24T15:53:53.285+0100] {logging_mixin.py:151} INFO - [2023-08-24T15:53:53.285+0100] {dag.py:2907} INFO - Sync 1 DAGs
[2023-08-24T15:53:53.304+0100] {logging_mixin.py:151} INFO - [2023-08-24T15:53:53.304+0100] {dag.py:3677} INFO - Setting next_dagrun for example_skip_dag to 2023-08-23T14:53:53.304177+00:00, run_after=2023-08-24T14:53:53.304177+00:00
[2023-08-24T15:53:53.430+0100] {processor.py:179} INFO - Processing /home/samuel/dev/airflow_learning/venv/lib/python3.10/site-packages/airflow/example_dags/example_skip_dag.py took 0.189 seconds
[2023-08-24T15:54:59.234+0100] {processor.py:157} INFO - Started process (PID=7610) to work on /home/samuel/dev/airflow_learning/venv/lib/python3.10/site-packages/airflow/example_dags/example_skip_dag.py
[2023-08-24T15:54:59.248+0100] {processor.py:829} INFO - Processing file /home/samuel/dev/airflow_learning/venv/lib/python3.10/site-packages/airflow/example_dags/example_skip_dag.py for tasks to queue
[2023-08-24T15:54:59.249+0100] {logging_mixin.py:151} INFO - [2023-08-24T15:54:59.249+0100] {dagbag.py:539} INFO - Filling up the DagBag from /home/samuel/dev/airflow_learning/venv/lib/python3.10/site-packages/airflow/example_dags/example_skip_dag.py
[2023-08-24T15:54:59.258+0100] {processor.py:839} INFO - DAG(s) dict_keys(['example_skip_dag']) retrieved from /home/samuel/dev/airflow_learning/venv/lib/python3.10/site-packages/airflow/example_dags/example_skip_dag.py
[2023-08-24T15:54:59.275+0100] {logging_mixin.py:151} INFO - [2023-08-24T15:54:59.275+0100] {dag.py:2907} INFO - Sync 1 DAGs
[2023-08-24T15:54:59.294+0100] {logging_mixin.py:151} INFO - [2023-08-24T15:54:59.294+0100] {dag.py:3677} INFO - Setting next_dagrun for example_skip_dag to 2023-08-23T14:54:59.293990+00:00, run_after=2023-08-24T14:54:59.293990+00:00
[2023-08-24T15:54:59.398+0100] {processor.py:179} INFO - Processing /home/samuel/dev/airflow_learning/venv/lib/python3.10/site-packages/airflow/example_dags/example_skip_dag.py took 0.168 seconds
[2023-08-24T15:55:58.202+0100] {processor.py:157} INFO - Started process (PID=7702) to work on /home/samuel/dev/airflow_learning/venv/lib/python3.10/site-packages/airflow/example_dags/example_skip_dag.py
[2023-08-24T15:55:58.203+0100] {processor.py:829} INFO - Processing file /home/samuel/dev/airflow_learning/venv/lib/python3.10/site-packages/airflow/example_dags/example_skip_dag.py for tasks to queue
[2023-08-24T15:55:58.204+0100] {logging_mixin.py:151} INFO - [2023-08-24T15:55:58.204+0100] {dagbag.py:539} INFO - Filling up the DagBag from /home/samuel/dev/airflow_learning/venv/lib/python3.10/site-packages/airflow/example_dags/example_skip_dag.py
[2023-08-24T15:55:58.213+0100] {processor.py:839} INFO - DAG(s) dict_keys(['example_skip_dag']) retrieved from /home/samuel/dev/airflow_learning/venv/lib/python3.10/site-packages/airflow/example_dags/example_skip_dag.py
[2023-08-24T15:55:58.230+0100] {logging_mixin.py:151} INFO - [2023-08-24T15:55:58.230+0100] {dag.py:2907} INFO - Sync 1 DAGs
[2023-08-24T15:55:58.250+0100] {logging_mixin.py:151} INFO - [2023-08-24T15:55:58.250+0100] {dag.py:3677} INFO - Setting next_dagrun for example_skip_dag to 2023-08-23T14:55:58.250350+00:00, run_after=2023-08-24T14:55:58.250350+00:00
[2023-08-24T15:55:58.470+0100] {processor.py:179} INFO - Processing /home/samuel/dev/airflow_learning/venv/lib/python3.10/site-packages/airflow/example_dags/example_skip_dag.py took 0.271 seconds
[2023-08-24T15:56:49.742+0100] {processor.py:157} INFO - Started process (PID=7850) to work on /home/samuel/dev/airflow_learning/venv/lib/python3.10/site-packages/airflow/example_dags/example_skip_dag.py
[2023-08-24T15:56:49.769+0100] {processor.py:829} INFO - Processing file /home/samuel/dev/airflow_learning/venv/lib/python3.10/site-packages/airflow/example_dags/example_skip_dag.py for tasks to queue
[2023-08-24T15:56:49.770+0100] {logging_mixin.py:151} INFO - [2023-08-24T15:56:49.770+0100] {dagbag.py:539} INFO - Filling up the DagBag from /home/samuel/dev/airflow_learning/venv/lib/python3.10/site-packages/airflow/example_dags/example_skip_dag.py
[2023-08-24T15:56:49.778+0100] {processor.py:839} INFO - DAG(s) dict_keys(['example_skip_dag']) retrieved from /home/samuel/dev/airflow_learning/venv/lib/python3.10/site-packages/airflow/example_dags/example_skip_dag.py
[2023-08-24T15:56:49.794+0100] {logging_mixin.py:151} INFO - [2023-08-24T15:56:49.794+0100] {dag.py:2907} INFO - Sync 1 DAGs
[2023-08-24T15:56:49.813+0100] {logging_mixin.py:151} INFO - [2023-08-24T15:56:49.813+0100] {dag.py:3677} INFO - Setting next_dagrun for example_skip_dag to 2023-08-23T14:56:49.812717+00:00, run_after=2023-08-24T14:56:49.812717+00:00
[2023-08-24T15:56:50.001+0100] {processor.py:179} INFO - Processing /home/samuel/dev/airflow_learning/venv/lib/python3.10/site-packages/airflow/example_dags/example_skip_dag.py took 0.262 seconds
[2023-08-24T15:57:41.190+0100] {processor.py:157} INFO - Started process (PID=7899) to work on /home/samuel/dev/airflow_learning/venv/lib/python3.10/site-packages/airflow/example_dags/example_skip_dag.py
[2023-08-24T15:57:41.195+0100] {processor.py:829} INFO - Processing file /home/samuel/dev/airflow_learning/venv/lib/python3.10/site-packages/airflow/example_dags/example_skip_dag.py for tasks to queue
[2023-08-24T15:57:41.196+0100] {logging_mixin.py:151} INFO - [2023-08-24T15:57:41.196+0100] {dagbag.py:539} INFO - Filling up the DagBag from /home/samuel/dev/airflow_learning/venv/lib/python3.10/site-packages/airflow/example_dags/example_skip_dag.py
[2023-08-24T15:57:41.206+0100] {processor.py:839} INFO - DAG(s) dict_keys(['example_skip_dag']) retrieved from /home/samuel/dev/airflow_learning/venv/lib/python3.10/site-packages/airflow/example_dags/example_skip_dag.py
[2023-08-24T15:57:41.225+0100] {logging_mixin.py:151} INFO - [2023-08-24T15:57:41.225+0100] {dag.py:2907} INFO - Sync 1 DAGs
[2023-08-24T15:57:41.245+0100] {logging_mixin.py:151} INFO - [2023-08-24T15:57:41.245+0100] {dag.py:3677} INFO - Setting next_dagrun for example_skip_dag to 2023-08-23T14:57:41.245423+00:00, run_after=2023-08-24T14:57:41.245423+00:00
[2023-08-24T15:57:41.356+0100] {processor.py:179} INFO - Processing /home/samuel/dev/airflow_learning/venv/lib/python3.10/site-packages/airflow/example_dags/example_skip_dag.py took 0.169 seconds
[2023-08-24T15:58:34.008+0100] {processor.py:157} INFO - Started process (PID=7959) to work on /home/samuel/dev/airflow_learning/venv/lib/python3.10/site-packages/airflow/example_dags/example_skip_dag.py
[2023-08-24T15:58:34.009+0100] {processor.py:829} INFO - Processing file /home/samuel/dev/airflow_learning/venv/lib/python3.10/site-packages/airflow/example_dags/example_skip_dag.py for tasks to queue
[2023-08-24T15:58:34.010+0100] {logging_mixin.py:151} INFO - [2023-08-24T15:58:34.010+0100] {dagbag.py:539} INFO - Filling up the DagBag from /home/samuel/dev/airflow_learning/venv/lib/python3.10/site-packages/airflow/example_dags/example_skip_dag.py
[2023-08-24T15:58:34.020+0100] {processor.py:839} INFO - DAG(s) dict_keys(['example_skip_dag']) retrieved from /home/samuel/dev/airflow_learning/venv/lib/python3.10/site-packages/airflow/example_dags/example_skip_dag.py
[2023-08-24T15:58:34.040+0100] {logging_mixin.py:151} INFO - [2023-08-24T15:58:34.040+0100] {dag.py:2907} INFO - Sync 1 DAGs
[2023-08-24T15:58:34.061+0100] {logging_mixin.py:151} INFO - [2023-08-24T15:58:34.061+0100] {dag.py:3677} INFO - Setting next_dagrun for example_skip_dag to 2023-08-23T14:58:34.061287+00:00, run_after=2023-08-24T14:58:34.061287+00:00
[2023-08-24T15:58:34.209+0100] {processor.py:179} INFO - Processing /home/samuel/dev/airflow_learning/venv/lib/python3.10/site-packages/airflow/example_dags/example_skip_dag.py took 0.204 seconds
[2023-08-24T15:59:28.598+0100] {processor.py:157} INFO - Started process (PID=8044) to work on /home/samuel/dev/airflow_learning/venv/lib/python3.10/site-packages/airflow/example_dags/example_skip_dag.py
[2023-08-24T15:59:28.633+0100] {processor.py:829} INFO - Processing file /home/samuel/dev/airflow_learning/venv/lib/python3.10/site-packages/airflow/example_dags/example_skip_dag.py for tasks to queue
[2023-08-24T15:59:28.634+0100] {logging_mixin.py:151} INFO - [2023-08-24T15:59:28.634+0100] {dagbag.py:539} INFO - Filling up the DagBag from /home/samuel/dev/airflow_learning/venv/lib/python3.10/site-packages/airflow/example_dags/example_skip_dag.py
[2023-08-24T15:59:28.644+0100] {processor.py:839} INFO - DAG(s) dict_keys(['example_skip_dag']) retrieved from /home/samuel/dev/airflow_learning/venv/lib/python3.10/site-packages/airflow/example_dags/example_skip_dag.py
[2023-08-24T15:59:28.665+0100] {logging_mixin.py:151} INFO - [2023-08-24T15:59:28.664+0100] {dag.py:2907} INFO - Sync 1 DAGs
[2023-08-24T15:59:28.691+0100] {logging_mixin.py:151} INFO - [2023-08-24T15:59:28.691+0100] {dag.py:3677} INFO - Setting next_dagrun for example_skip_dag to 2023-08-23T14:59:28.691493+00:00, run_after=2023-08-24T14:59:28.691493+00:00
[2023-08-24T15:59:28.815+0100] {processor.py:179} INFO - Processing /home/samuel/dev/airflow_learning/venv/lib/python3.10/site-packages/airflow/example_dags/example_skip_dag.py took 0.220 seconds
[2023-08-24T16:00:26.481+0100] {processor.py:157} INFO - Started process (PID=8289) to work on /home/samuel/dev/airflow_learning/venv/lib/python3.10/site-packages/airflow/example_dags/example_skip_dag.py
[2023-08-24T16:00:26.502+0100] {processor.py:829} INFO - Processing file /home/samuel/dev/airflow_learning/venv/lib/python3.10/site-packages/airflow/example_dags/example_skip_dag.py for tasks to queue
[2023-08-24T16:00:26.504+0100] {logging_mixin.py:151} INFO - [2023-08-24T16:00:26.503+0100] {dagbag.py:539} INFO - Filling up the DagBag from /home/samuel/dev/airflow_learning/venv/lib/python3.10/site-packages/airflow/example_dags/example_skip_dag.py
[2023-08-24T16:00:26.513+0100] {processor.py:839} INFO - DAG(s) dict_keys(['example_skip_dag']) retrieved from /home/samuel/dev/airflow_learning/venv/lib/python3.10/site-packages/airflow/example_dags/example_skip_dag.py
[2023-08-24T16:00:26.535+0100] {logging_mixin.py:151} INFO - [2023-08-24T16:00:26.535+0100] {dag.py:2907} INFO - Sync 1 DAGs
[2023-08-24T16:00:26.557+0100] {logging_mixin.py:151} INFO - [2023-08-24T16:00:26.557+0100] {dag.py:3677} INFO - Setting next_dagrun for example_skip_dag to 2023-08-23T15:00:26.556809+00:00, run_after=2023-08-24T15:00:26.556809+00:00
[2023-08-24T16:00:26.670+0100] {processor.py:179} INFO - Processing /home/samuel/dev/airflow_learning/venv/lib/python3.10/site-packages/airflow/example_dags/example_skip_dag.py took 0.192 seconds
[2023-08-24T16:01:19.725+0100] {processor.py:157} INFO - Started process (PID=8358) to work on /home/samuel/dev/airflow_learning/venv/lib/python3.10/site-packages/airflow/example_dags/example_skip_dag.py
[2023-08-24T16:01:19.762+0100] {processor.py:829} INFO - Processing file /home/samuel/dev/airflow_learning/venv/lib/python3.10/site-packages/airflow/example_dags/example_skip_dag.py for tasks to queue
[2023-08-24T16:01:19.764+0100] {logging_mixin.py:151} INFO - [2023-08-24T16:01:19.763+0100] {dagbag.py:539} INFO - Filling up the DagBag from /home/samuel/dev/airflow_learning/venv/lib/python3.10/site-packages/airflow/example_dags/example_skip_dag.py
[2023-08-24T16:01:19.775+0100] {processor.py:839} INFO - DAG(s) dict_keys(['example_skip_dag']) retrieved from /home/samuel/dev/airflow_learning/venv/lib/python3.10/site-packages/airflow/example_dags/example_skip_dag.py
[2023-08-24T16:01:19.796+0100] {logging_mixin.py:151} INFO - [2023-08-24T16:01:19.796+0100] {dag.py:2907} INFO - Sync 1 DAGs
[2023-08-24T16:01:19.819+0100] {logging_mixin.py:151} INFO - [2023-08-24T16:01:19.819+0100] {dag.py:3677} INFO - Setting next_dagrun for example_skip_dag to 2023-08-23T15:01:19.818719+00:00, run_after=2023-08-24T15:01:19.818719+00:00
[2023-08-24T16:01:19.931+0100] {processor.py:179} INFO - Processing /home/samuel/dev/airflow_learning/venv/lib/python3.10/site-packages/airflow/example_dags/example_skip_dag.py took 0.209 seconds
[2023-08-24T16:02:13.738+0100] {processor.py:157} INFO - Started process (PID=8448) to work on /home/samuel/dev/airflow_learning/venv/lib/python3.10/site-packages/airflow/example_dags/example_skip_dag.py
[2023-08-24T16:02:13.767+0100] {processor.py:829} INFO - Processing file /home/samuel/dev/airflow_learning/venv/lib/python3.10/site-packages/airflow/example_dags/example_skip_dag.py for tasks to queue
[2023-08-24T16:02:13.768+0100] {logging_mixin.py:151} INFO - [2023-08-24T16:02:13.768+0100] {dagbag.py:539} INFO - Filling up the DagBag from /home/samuel/dev/airflow_learning/venv/lib/python3.10/site-packages/airflow/example_dags/example_skip_dag.py
[2023-08-24T16:02:13.776+0100] {processor.py:839} INFO - DAG(s) dict_keys(['example_skip_dag']) retrieved from /home/samuel/dev/airflow_learning/venv/lib/python3.10/site-packages/airflow/example_dags/example_skip_dag.py
[2023-08-24T16:02:13.792+0100] {logging_mixin.py:151} INFO - [2023-08-24T16:02:13.792+0100] {dag.py:2907} INFO - Sync 1 DAGs
[2023-08-24T16:02:13.815+0100] {logging_mixin.py:151} INFO - [2023-08-24T16:02:13.814+0100] {dag.py:3677} INFO - Setting next_dagrun for example_skip_dag to 2023-08-23T15:02:13.814381+00:00, run_after=2023-08-24T15:02:13.814381+00:00
[2023-08-24T16:02:13.924+0100] {processor.py:179} INFO - Processing /home/samuel/dev/airflow_learning/venv/lib/python3.10/site-packages/airflow/example_dags/example_skip_dag.py took 0.189 seconds
[2023-08-24T16:03:06.638+0100] {processor.py:157} INFO - Started process (PID=8511) to work on /home/samuel/dev/airflow_learning/venv/lib/python3.10/site-packages/airflow/example_dags/example_skip_dag.py
[2023-08-24T16:03:06.661+0100] {processor.py:829} INFO - Processing file /home/samuel/dev/airflow_learning/venv/lib/python3.10/site-packages/airflow/example_dags/example_skip_dag.py for tasks to queue
[2023-08-24T16:03:06.662+0100] {logging_mixin.py:151} INFO - [2023-08-24T16:03:06.661+0100] {dagbag.py:539} INFO - Filling up the DagBag from /home/samuel/dev/airflow_learning/venv/lib/python3.10/site-packages/airflow/example_dags/example_skip_dag.py
[2023-08-24T16:03:06.672+0100] {processor.py:839} INFO - DAG(s) dict_keys(['example_skip_dag']) retrieved from /home/samuel/dev/airflow_learning/venv/lib/python3.10/site-packages/airflow/example_dags/example_skip_dag.py
[2023-08-24T16:03:06.692+0100] {logging_mixin.py:151} INFO - [2023-08-24T16:03:06.692+0100] {dag.py:2907} INFO - Sync 1 DAGs
[2023-08-24T16:03:06.714+0100] {logging_mixin.py:151} INFO - [2023-08-24T16:03:06.713+0100] {dag.py:3677} INFO - Setting next_dagrun for example_skip_dag to 2023-08-23T15:03:06.713606+00:00, run_after=2023-08-24T15:03:06.713606+00:00
[2023-08-24T16:03:06.833+0100] {processor.py:179} INFO - Processing /home/samuel/dev/airflow_learning/venv/lib/python3.10/site-packages/airflow/example_dags/example_skip_dag.py took 0.198 seconds
[2023-08-24T16:03:59.444+0100] {processor.py:157} INFO - Started process (PID=8585) to work on /home/samuel/dev/airflow_learning/venv/lib/python3.10/site-packages/airflow/example_dags/example_skip_dag.py
[2023-08-24T16:03:59.455+0100] {processor.py:829} INFO - Processing file /home/samuel/dev/airflow_learning/venv/lib/python3.10/site-packages/airflow/example_dags/example_skip_dag.py for tasks to queue
[2023-08-24T16:03:59.457+0100] {logging_mixin.py:151} INFO - [2023-08-24T16:03:59.456+0100] {dagbag.py:539} INFO - Filling up the DagBag from /home/samuel/dev/airflow_learning/venv/lib/python3.10/site-packages/airflow/example_dags/example_skip_dag.py
[2023-08-24T16:03:59.466+0100] {processor.py:839} INFO - DAG(s) dict_keys(['example_skip_dag']) retrieved from /home/samuel/dev/airflow_learning/venv/lib/python3.10/site-packages/airflow/example_dags/example_skip_dag.py
[2023-08-24T16:03:59.486+0100] {logging_mixin.py:151} INFO - [2023-08-24T16:03:59.486+0100] {dag.py:2907} INFO - Sync 1 DAGs
[2023-08-24T16:03:59.506+0100] {logging_mixin.py:151} INFO - [2023-08-24T16:03:59.506+0100] {dag.py:3677} INFO - Setting next_dagrun for example_skip_dag to 2023-08-23T15:03:59.505779+00:00, run_after=2023-08-24T15:03:59.505779+00:00
[2023-08-24T16:03:59.624+0100] {processor.py:179} INFO - Processing /home/samuel/dev/airflow_learning/venv/lib/python3.10/site-packages/airflow/example_dags/example_skip_dag.py took 0.184 seconds
