[2023-08-24T15:22:06.493+0100] {processor.py:157} INFO - Started process (PID=5345) to work on /home/samuel/dev/airflow_learning/venv/lib/python3.10/site-packages/airflow/example_dags/example_trigger_controller_dag.py
[2023-08-24T15:22:06.494+0100] {processor.py:829} INFO - Processing file /home/samuel/dev/airflow_learning/venv/lib/python3.10/site-packages/airflow/example_dags/example_trigger_controller_dag.py for tasks to queue
[2023-08-24T15:22:06.495+0100] {logging_mixin.py:151} INFO - [2023-08-24T15:22:06.495+0100] {dagbag.py:539} INFO - Filling up the DagBag from /home/samuel/dev/airflow_learning/venv/lib/python3.10/site-packages/airflow/example_dags/example_trigger_controller_dag.py
[2023-08-24T15:22:06.500+0100] {processor.py:839} INFO - DAG(s) dict_keys(['example_trigger_controller_dag']) retrieved from /home/samuel/dev/airflow_learning/venv/lib/python3.10/site-packages/airflow/example_dags/example_trigger_controller_dag.py
[2023-08-24T15:22:06.908+0100] {logging_mixin.py:151} INFO - [2023-08-24T15:22:06.908+0100] {manager.py:501} INFO - Created Permission View: can edit on DAG:example_trigger_controller_dag
[2023-08-24T15:22:07.098+0100] {logging_mixin.py:151} INFO - [2023-08-24T15:22:07.097+0100] {manager.py:501} INFO - Created Permission View: can delete on DAG:example_trigger_controller_dag
[2023-08-24T15:22:07.208+0100] {logging_mixin.py:151} INFO - [2023-08-24T15:22:07.208+0100] {manager.py:501} INFO - Created Permission View: can read on DAG:example_trigger_controller_dag
[2023-08-24T15:22:07.220+0100] {logging_mixin.py:151} INFO - [2023-08-24T15:22:07.220+0100] {dag.py:2907} INFO - Sync 1 DAGs
[2023-08-24T15:22:07.232+0100] {logging_mixin.py:151} INFO - [2023-08-24T15:22:07.232+0100] {dag.py:2929} INFO - Creating ORM DAG for example_trigger_controller_dag
[2023-08-24T15:22:07.242+0100] {logging_mixin.py:151} INFO - [2023-08-24T15:22:07.242+0100] {dag.py:3677} INFO - Setting next_dagrun for example_trigger_controller_dag to 2021-01-01T00:00:00+00:00, run_after=2021-01-01T00:00:00+00:00
[2023-08-24T15:22:07.434+0100] {processor.py:179} INFO - Processing /home/samuel/dev/airflow_learning/venv/lib/python3.10/site-packages/airflow/example_dags/example_trigger_controller_dag.py took 0.944 seconds
[2023-08-24T15:23:30.018+0100] {processor.py:157} INFO - Started process (PID=5406) to work on /home/samuel/dev/airflow_learning/venv/lib/python3.10/site-packages/airflow/example_dags/example_trigger_controller_dag.py
[2023-08-24T15:23:30.045+0100] {processor.py:829} INFO - Processing file /home/samuel/dev/airflow_learning/venv/lib/python3.10/site-packages/airflow/example_dags/example_trigger_controller_dag.py for tasks to queue
[2023-08-24T15:23:30.046+0100] {logging_mixin.py:151} INFO - [2023-08-24T15:23:30.045+0100] {dagbag.py:539} INFO - Filling up the DagBag from /home/samuel/dev/airflow_learning/venv/lib/python3.10/site-packages/airflow/example_dags/example_trigger_controller_dag.py
[2023-08-24T15:23:30.052+0100] {processor.py:839} INFO - DAG(s) dict_keys(['example_trigger_controller_dag']) retrieved from /home/samuel/dev/airflow_learning/venv/lib/python3.10/site-packages/airflow/example_dags/example_trigger_controller_dag.py
[2023-08-24T15:23:30.073+0100] {logging_mixin.py:151} INFO - [2023-08-24T15:23:30.073+0100] {dag.py:2907} INFO - Sync 1 DAGs
[2023-08-24T15:23:30.096+0100] {logging_mixin.py:151} INFO - [2023-08-24T15:23:30.096+0100] {dag.py:3677} INFO - Setting next_dagrun for example_trigger_controller_dag to 2021-01-01T00:00:00+00:00, run_after=2021-01-01T00:00:00+00:00
[2023-08-24T15:23:30.209+0100] {processor.py:179} INFO - Processing /home/samuel/dev/airflow_learning/venv/lib/python3.10/site-packages/airflow/example_dags/example_trigger_controller_dag.py took 0.195 seconds
[2023-08-24T15:24:26.366+0100] {processor.py:157} INFO - Started process (PID=5465) to work on /home/samuel/dev/airflow_learning/venv/lib/python3.10/site-packages/airflow/example_dags/example_trigger_controller_dag.py
[2023-08-24T15:24:26.369+0100] {processor.py:829} INFO - Processing file /home/samuel/dev/airflow_learning/venv/lib/python3.10/site-packages/airflow/example_dags/example_trigger_controller_dag.py for tasks to queue
[2023-08-24T15:24:26.370+0100] {logging_mixin.py:151} INFO - [2023-08-24T15:24:26.370+0100] {dagbag.py:539} INFO - Filling up the DagBag from /home/samuel/dev/airflow_learning/venv/lib/python3.10/site-packages/airflow/example_dags/example_trigger_controller_dag.py
[2023-08-24T15:24:26.377+0100] {processor.py:839} INFO - DAG(s) dict_keys(['example_trigger_controller_dag']) retrieved from /home/samuel/dev/airflow_learning/venv/lib/python3.10/site-packages/airflow/example_dags/example_trigger_controller_dag.py
[2023-08-24T15:24:26.397+0100] {logging_mixin.py:151} INFO - [2023-08-24T15:24:26.396+0100] {dag.py:2907} INFO - Sync 1 DAGs
[2023-08-24T15:24:26.416+0100] {logging_mixin.py:151} INFO - [2023-08-24T15:24:26.416+0100] {dag.py:3677} INFO - Setting next_dagrun for example_trigger_controller_dag to 2021-01-01T00:00:00+00:00, run_after=2021-01-01T00:00:00+00:00
[2023-08-24T15:24:26.541+0100] {processor.py:179} INFO - Processing /home/samuel/dev/airflow_learning/venv/lib/python3.10/site-packages/airflow/example_dags/example_trigger_controller_dag.py took 0.179 seconds
[2023-08-24T15:25:15.182+0100] {processor.py:157} INFO - Started process (PID=5516) to work on /home/samuel/dev/airflow_learning/venv/lib/python3.10/site-packages/airflow/example_dags/example_trigger_controller_dag.py
[2023-08-24T15:25:15.183+0100] {processor.py:829} INFO - Processing file /home/samuel/dev/airflow_learning/venv/lib/python3.10/site-packages/airflow/example_dags/example_trigger_controller_dag.py for tasks to queue
[2023-08-24T15:25:15.184+0100] {logging_mixin.py:151} INFO - [2023-08-24T15:25:15.184+0100] {dagbag.py:539} INFO - Filling up the DagBag from /home/samuel/dev/airflow_learning/venv/lib/python3.10/site-packages/airflow/example_dags/example_trigger_controller_dag.py
[2023-08-24T15:25:15.190+0100] {processor.py:839} INFO - DAG(s) dict_keys(['example_trigger_controller_dag']) retrieved from /home/samuel/dev/airflow_learning/venv/lib/python3.10/site-packages/airflow/example_dags/example_trigger_controller_dag.py
[2023-08-24T15:25:15.209+0100] {logging_mixin.py:151} INFO - [2023-08-24T15:25:15.208+0100] {dag.py:2907} INFO - Sync 1 DAGs
[2023-08-24T15:25:15.231+0100] {logging_mixin.py:151} INFO - [2023-08-24T15:25:15.231+0100] {dag.py:3677} INFO - Setting next_dagrun for example_trigger_controller_dag to 2021-01-01T00:00:00+00:00, run_after=2021-01-01T00:00:00+00:00
[2023-08-24T15:25:15.358+0100] {processor.py:179} INFO - Processing /home/samuel/dev/airflow_learning/venv/lib/python3.10/site-packages/airflow/example_dags/example_trigger_controller_dag.py took 0.179 seconds
[2023-08-24T15:26:08.261+0100] {processor.py:157} INFO - Started process (PID=5568) to work on /home/samuel/dev/airflow_learning/venv/lib/python3.10/site-packages/airflow/example_dags/example_trigger_controller_dag.py
[2023-08-24T15:26:08.264+0100] {processor.py:829} INFO - Processing file /home/samuel/dev/airflow_learning/venv/lib/python3.10/site-packages/airflow/example_dags/example_trigger_controller_dag.py for tasks to queue
[2023-08-24T15:26:08.265+0100] {logging_mixin.py:151} INFO - [2023-08-24T15:26:08.265+0100] {dagbag.py:539} INFO - Filling up the DagBag from /home/samuel/dev/airflow_learning/venv/lib/python3.10/site-packages/airflow/example_dags/example_trigger_controller_dag.py
[2023-08-24T15:26:08.270+0100] {processor.py:839} INFO - DAG(s) dict_keys(['example_trigger_controller_dag']) retrieved from /home/samuel/dev/airflow_learning/venv/lib/python3.10/site-packages/airflow/example_dags/example_trigger_controller_dag.py
[2023-08-24T15:26:08.288+0100] {logging_mixin.py:151} INFO - [2023-08-24T15:26:08.287+0100] {dag.py:2907} INFO - Sync 1 DAGs
[2023-08-24T15:26:08.307+0100] {logging_mixin.py:151} INFO - [2023-08-24T15:26:08.306+0100] {dag.py:3677} INFO - Setting next_dagrun for example_trigger_controller_dag to 2021-01-01T00:00:00+00:00, run_after=2021-01-01T00:00:00+00:00
[2023-08-24T15:26:08.447+0100] {processor.py:179} INFO - Processing /home/samuel/dev/airflow_learning/venv/lib/python3.10/site-packages/airflow/example_dags/example_trigger_controller_dag.py took 0.190 seconds
[2023-08-24T15:27:04.475+0100] {processor.py:157} INFO - Started process (PID=5619) to work on /home/samuel/dev/airflow_learning/venv/lib/python3.10/site-packages/airflow/example_dags/example_trigger_controller_dag.py
[2023-08-24T15:27:04.477+0100] {processor.py:829} INFO - Processing file /home/samuel/dev/airflow_learning/venv/lib/python3.10/site-packages/airflow/example_dags/example_trigger_controller_dag.py for tasks to queue
[2023-08-24T15:27:04.478+0100] {logging_mixin.py:151} INFO - [2023-08-24T15:27:04.478+0100] {dagbag.py:539} INFO - Filling up the DagBag from /home/samuel/dev/airflow_learning/venv/lib/python3.10/site-packages/airflow/example_dags/example_trigger_controller_dag.py
[2023-08-24T15:27:04.484+0100] {processor.py:839} INFO - DAG(s) dict_keys(['example_trigger_controller_dag']) retrieved from /home/samuel/dev/airflow_learning/venv/lib/python3.10/site-packages/airflow/example_dags/example_trigger_controller_dag.py
[2023-08-24T15:27:04.503+0100] {logging_mixin.py:151} INFO - [2023-08-24T15:27:04.503+0100] {dag.py:2907} INFO - Sync 1 DAGs
[2023-08-24T15:27:04.523+0100] {logging_mixin.py:151} INFO - [2023-08-24T15:27:04.522+0100] {dag.py:3677} INFO - Setting next_dagrun for example_trigger_controller_dag to 2021-01-01T00:00:00+00:00, run_after=2021-01-01T00:00:00+00:00
[2023-08-24T15:27:04.644+0100] {processor.py:179} INFO - Processing /home/samuel/dev/airflow_learning/venv/lib/python3.10/site-packages/airflow/example_dags/example_trigger_controller_dag.py took 0.173 seconds
[2023-08-24T15:27:58.287+0100] {processor.py:157} INFO - Started process (PID=5673) to work on /home/samuel/dev/airflow_learning/venv/lib/python3.10/site-packages/airflow/example_dags/example_trigger_controller_dag.py
[2023-08-24T15:27:58.288+0100] {processor.py:829} INFO - Processing file /home/samuel/dev/airflow_learning/venv/lib/python3.10/site-packages/airflow/example_dags/example_trigger_controller_dag.py for tasks to queue
[2023-08-24T15:27:58.289+0100] {logging_mixin.py:151} INFO - [2023-08-24T15:27:58.288+0100] {dagbag.py:539} INFO - Filling up the DagBag from /home/samuel/dev/airflow_learning/venv/lib/python3.10/site-packages/airflow/example_dags/example_trigger_controller_dag.py
[2023-08-24T15:27:58.295+0100] {processor.py:839} INFO - DAG(s) dict_keys(['example_trigger_controller_dag']) retrieved from /home/samuel/dev/airflow_learning/venv/lib/python3.10/site-packages/airflow/example_dags/example_trigger_controller_dag.py
[2023-08-24T15:27:58.313+0100] {logging_mixin.py:151} INFO - [2023-08-24T15:27:58.313+0100] {dag.py:2907} INFO - Sync 1 DAGs
[2023-08-24T15:27:58.333+0100] {logging_mixin.py:151} INFO - [2023-08-24T15:27:58.332+0100] {dag.py:3677} INFO - Setting next_dagrun for example_trigger_controller_dag to 2021-01-01T00:00:00+00:00, run_after=2021-01-01T00:00:00+00:00
[2023-08-24T15:27:58.454+0100] {processor.py:179} INFO - Processing /home/samuel/dev/airflow_learning/venv/lib/python3.10/site-packages/airflow/example_dags/example_trigger_controller_dag.py took 0.171 seconds
[2023-08-24T15:28:53.775+0100] {processor.py:157} INFO - Started process (PID=5730) to work on /home/samuel/dev/airflow_learning/venv/lib/python3.10/site-packages/airflow/example_dags/example_trigger_controller_dag.py
[2023-08-24T15:28:53.777+0100] {processor.py:829} INFO - Processing file /home/samuel/dev/airflow_learning/venv/lib/python3.10/site-packages/airflow/example_dags/example_trigger_controller_dag.py for tasks to queue
[2023-08-24T15:28:53.778+0100] {logging_mixin.py:151} INFO - [2023-08-24T15:28:53.777+0100] {dagbag.py:539} INFO - Filling up the DagBag from /home/samuel/dev/airflow_learning/venv/lib/python3.10/site-packages/airflow/example_dags/example_trigger_controller_dag.py
[2023-08-24T15:28:53.784+0100] {processor.py:839} INFO - DAG(s) dict_keys(['example_trigger_controller_dag']) retrieved from /home/samuel/dev/airflow_learning/venv/lib/python3.10/site-packages/airflow/example_dags/example_trigger_controller_dag.py
[2023-08-24T15:28:53.804+0100] {logging_mixin.py:151} INFO - [2023-08-24T15:28:53.803+0100] {dag.py:2907} INFO - Sync 1 DAGs
[2023-08-24T15:28:53.824+0100] {logging_mixin.py:151} INFO - [2023-08-24T15:28:53.824+0100] {dag.py:3677} INFO - Setting next_dagrun for example_trigger_controller_dag to 2021-01-01T00:00:00+00:00, run_after=2021-01-01T00:00:00+00:00
[2023-08-24T15:28:53.939+0100] {processor.py:179} INFO - Processing /home/samuel/dev/airflow_learning/venv/lib/python3.10/site-packages/airflow/example_dags/example_trigger_controller_dag.py took 0.168 seconds
[2023-08-24T15:29:46.933+0100] {processor.py:157} INFO - Started process (PID=5800) to work on /home/samuel/dev/airflow_learning/venv/lib/python3.10/site-packages/airflow/example_dags/example_trigger_controller_dag.py
[2023-08-24T15:29:46.948+0100] {processor.py:829} INFO - Processing file /home/samuel/dev/airflow_learning/venv/lib/python3.10/site-packages/airflow/example_dags/example_trigger_controller_dag.py for tasks to queue
[2023-08-24T15:29:46.949+0100] {logging_mixin.py:151} INFO - [2023-08-24T15:29:46.949+0100] {dagbag.py:539} INFO - Filling up the DagBag from /home/samuel/dev/airflow_learning/venv/lib/python3.10/site-packages/airflow/example_dags/example_trigger_controller_dag.py
[2023-08-24T15:29:46.954+0100] {processor.py:839} INFO - DAG(s) dict_keys(['example_trigger_controller_dag']) retrieved from /home/samuel/dev/airflow_learning/venv/lib/python3.10/site-packages/airflow/example_dags/example_trigger_controller_dag.py
[2023-08-24T15:29:46.971+0100] {logging_mixin.py:151} INFO - [2023-08-24T15:29:46.971+0100] {dag.py:2907} INFO - Sync 1 DAGs
[2023-08-24T15:29:46.993+0100] {logging_mixin.py:151} INFO - [2023-08-24T15:29:46.992+0100] {dag.py:3677} INFO - Setting next_dagrun for example_trigger_controller_dag to 2021-01-01T00:00:00+00:00, run_after=2021-01-01T00:00:00+00:00
[2023-08-24T15:29:47.114+0100] {processor.py:179} INFO - Processing /home/samuel/dev/airflow_learning/venv/lib/python3.10/site-packages/airflow/example_dags/example_trigger_controller_dag.py took 0.184 seconds
[2023-08-24T15:31:01.606+0100] {processor.py:157} INFO - Started process (PID=5968) to work on /home/samuel/dev/airflow_learning/venv/lib/python3.10/site-packages/airflow/example_dags/example_trigger_controller_dag.py
[2023-08-24T15:31:01.640+0100] {processor.py:829} INFO - Processing file /home/samuel/dev/airflow_learning/venv/lib/python3.10/site-packages/airflow/example_dags/example_trigger_controller_dag.py for tasks to queue
[2023-08-24T15:31:01.641+0100] {logging_mixin.py:151} INFO - [2023-08-24T15:31:01.641+0100] {dagbag.py:539} INFO - Filling up the DagBag from /home/samuel/dev/airflow_learning/venv/lib/python3.10/site-packages/airflow/example_dags/example_trigger_controller_dag.py
[2023-08-24T15:31:01.647+0100] {processor.py:839} INFO - DAG(s) dict_keys(['example_trigger_controller_dag']) retrieved from /home/samuel/dev/airflow_learning/venv/lib/python3.10/site-packages/airflow/example_dags/example_trigger_controller_dag.py
[2023-08-24T15:31:01.669+0100] {logging_mixin.py:151} INFO - [2023-08-24T15:31:01.669+0100] {dag.py:2907} INFO - Sync 1 DAGs
[2023-08-24T15:31:01.692+0100] {logging_mixin.py:151} INFO - [2023-08-24T15:31:01.692+0100] {dag.py:3677} INFO - Setting next_dagrun for example_trigger_controller_dag to 2021-01-01T00:00:00+00:00, run_after=2021-01-01T00:00:00+00:00
[2023-08-24T15:31:01.801+0100] {processor.py:179} INFO - Processing /home/samuel/dev/airflow_learning/venv/lib/python3.10/site-packages/airflow/example_dags/example_trigger_controller_dag.py took 0.198 seconds
[2023-08-24T15:31:49.866+0100] {processor.py:157} INFO - Started process (PID=6057) to work on /home/samuel/dev/airflow_learning/venv/lib/python3.10/site-packages/airflow/example_dags/example_trigger_controller_dag.py
[2023-08-24T15:31:49.888+0100] {processor.py:829} INFO - Processing file /home/samuel/dev/airflow_learning/venv/lib/python3.10/site-packages/airflow/example_dags/example_trigger_controller_dag.py for tasks to queue
[2023-08-24T15:31:49.889+0100] {logging_mixin.py:151} INFO - [2023-08-24T15:31:49.889+0100] {dagbag.py:539} INFO - Filling up the DagBag from /home/samuel/dev/airflow_learning/venv/lib/python3.10/site-packages/airflow/example_dags/example_trigger_controller_dag.py
[2023-08-24T15:31:49.896+0100] {processor.py:839} INFO - DAG(s) dict_keys(['example_trigger_controller_dag']) retrieved from /home/samuel/dev/airflow_learning/venv/lib/python3.10/site-packages/airflow/example_dags/example_trigger_controller_dag.py
[2023-08-24T15:31:49.917+0100] {logging_mixin.py:151} INFO - [2023-08-24T15:31:49.917+0100] {dag.py:2907} INFO - Sync 1 DAGs
[2023-08-24T15:31:49.940+0100] {logging_mixin.py:151} INFO - [2023-08-24T15:31:49.940+0100] {dag.py:3677} INFO - Setting next_dagrun for example_trigger_controller_dag to 2021-01-01T00:00:00+00:00, run_after=2021-01-01T00:00:00+00:00
[2023-08-24T15:31:50.050+0100] {processor.py:179} INFO - Processing /home/samuel/dev/airflow_learning/venv/lib/python3.10/site-packages/airflow/example_dags/example_trigger_controller_dag.py took 0.188 seconds
[2023-08-24T15:32:44.109+0100] {processor.py:157} INFO - Started process (PID=6116) to work on /home/samuel/dev/airflow_learning/venv/lib/python3.10/site-packages/airflow/example_dags/example_trigger_controller_dag.py
[2023-08-24T15:32:44.145+0100] {processor.py:829} INFO - Processing file /home/samuel/dev/airflow_learning/venv/lib/python3.10/site-packages/airflow/example_dags/example_trigger_controller_dag.py for tasks to queue
[2023-08-24T15:32:44.146+0100] {logging_mixin.py:151} INFO - [2023-08-24T15:32:44.146+0100] {dagbag.py:539} INFO - Filling up the DagBag from /home/samuel/dev/airflow_learning/venv/lib/python3.10/site-packages/airflow/example_dags/example_trigger_controller_dag.py
[2023-08-24T15:32:44.152+0100] {processor.py:839} INFO - DAG(s) dict_keys(['example_trigger_controller_dag']) retrieved from /home/samuel/dev/airflow_learning/venv/lib/python3.10/site-packages/airflow/example_dags/example_trigger_controller_dag.py
[2023-08-24T15:32:44.173+0100] {logging_mixin.py:151} INFO - [2023-08-24T15:32:44.173+0100] {dag.py:2907} INFO - Sync 1 DAGs
[2023-08-24T15:32:44.199+0100] {logging_mixin.py:151} INFO - [2023-08-24T15:32:44.199+0100] {dag.py:3677} INFO - Setting next_dagrun for example_trigger_controller_dag to 2021-01-01T00:00:00+00:00, run_after=2021-01-01T00:00:00+00:00
[2023-08-24T15:32:44.311+0100] {processor.py:179} INFO - Processing /home/samuel/dev/airflow_learning/venv/lib/python3.10/site-packages/airflow/example_dags/example_trigger_controller_dag.py took 0.205 seconds
[2023-08-24T15:33:36.668+0100] {processor.py:157} INFO - Started process (PID=6173) to work on /home/samuel/dev/airflow_learning/venv/lib/python3.10/site-packages/airflow/example_dags/example_trigger_controller_dag.py
[2023-08-24T15:33:36.686+0100] {processor.py:829} INFO - Processing file /home/samuel/dev/airflow_learning/venv/lib/python3.10/site-packages/airflow/example_dags/example_trigger_controller_dag.py for tasks to queue
[2023-08-24T15:33:36.687+0100] {logging_mixin.py:151} INFO - [2023-08-24T15:33:36.687+0100] {dagbag.py:539} INFO - Filling up the DagBag from /home/samuel/dev/airflow_learning/venv/lib/python3.10/site-packages/airflow/example_dags/example_trigger_controller_dag.py
[2023-08-24T15:33:36.693+0100] {processor.py:839} INFO - DAG(s) dict_keys(['example_trigger_controller_dag']) retrieved from /home/samuel/dev/airflow_learning/venv/lib/python3.10/site-packages/airflow/example_dags/example_trigger_controller_dag.py
[2023-08-24T15:33:36.714+0100] {logging_mixin.py:151} INFO - [2023-08-24T15:33:36.714+0100] {dag.py:2907} INFO - Sync 1 DAGs
[2023-08-24T15:33:36.735+0100] {logging_mixin.py:151} INFO - [2023-08-24T15:33:36.735+0100] {dag.py:3677} INFO - Setting next_dagrun for example_trigger_controller_dag to 2021-01-01T00:00:00+00:00, run_after=2021-01-01T00:00:00+00:00
[2023-08-24T15:33:36.838+0100] {processor.py:179} INFO - Processing /home/samuel/dev/airflow_learning/venv/lib/python3.10/site-packages/airflow/example_dags/example_trigger_controller_dag.py took 0.173 seconds
[2023-08-24T15:34:40.674+0100] {processor.py:157} INFO - Started process (PID=6236) to work on /home/samuel/dev/airflow_learning/venv/lib/python3.10/site-packages/airflow/example_dags/example_trigger_controller_dag.py
[2023-08-24T15:34:40.695+0100] {processor.py:829} INFO - Processing file /home/samuel/dev/airflow_learning/venv/lib/python3.10/site-packages/airflow/example_dags/example_trigger_controller_dag.py for tasks to queue
[2023-08-24T15:34:40.696+0100] {logging_mixin.py:151} INFO - [2023-08-24T15:34:40.696+0100] {dagbag.py:539} INFO - Filling up the DagBag from /home/samuel/dev/airflow_learning/venv/lib/python3.10/site-packages/airflow/example_dags/example_trigger_controller_dag.py
[2023-08-24T15:34:40.702+0100] {processor.py:839} INFO - DAG(s) dict_keys(['example_trigger_controller_dag']) retrieved from /home/samuel/dev/airflow_learning/venv/lib/python3.10/site-packages/airflow/example_dags/example_trigger_controller_dag.py
[2023-08-24T15:34:40.723+0100] {logging_mixin.py:151} INFO - [2023-08-24T15:34:40.723+0100] {dag.py:2907} INFO - Sync 1 DAGs
[2023-08-24T15:34:40.747+0100] {logging_mixin.py:151} INFO - [2023-08-24T15:34:40.746+0100] {dag.py:3677} INFO - Setting next_dagrun for example_trigger_controller_dag to 2021-01-01T00:00:00+00:00, run_after=2021-01-01T00:00:00+00:00
[2023-08-24T15:34:40.865+0100] {processor.py:179} INFO - Processing /home/samuel/dev/airflow_learning/venv/lib/python3.10/site-packages/airflow/example_dags/example_trigger_controller_dag.py took 0.195 seconds
[2023-08-24T15:35:42.186+0100] {processor.py:157} INFO - Started process (PID=6304) to work on /home/samuel/dev/airflow_learning/venv/lib/python3.10/site-packages/airflow/example_dags/example_trigger_controller_dag.py
[2023-08-24T15:35:42.201+0100] {processor.py:829} INFO - Processing file /home/samuel/dev/airflow_learning/venv/lib/python3.10/site-packages/airflow/example_dags/example_trigger_controller_dag.py for tasks to queue
[2023-08-24T15:35:42.202+0100] {logging_mixin.py:151} INFO - [2023-08-24T15:35:42.202+0100] {dagbag.py:539} INFO - Filling up the DagBag from /home/samuel/dev/airflow_learning/venv/lib/python3.10/site-packages/airflow/example_dags/example_trigger_controller_dag.py
[2023-08-24T15:35:42.209+0100] {processor.py:839} INFO - DAG(s) dict_keys(['example_trigger_controller_dag']) retrieved from /home/samuel/dev/airflow_learning/venv/lib/python3.10/site-packages/airflow/example_dags/example_trigger_controller_dag.py
[2023-08-24T15:35:42.233+0100] {logging_mixin.py:151} INFO - [2023-08-24T15:35:42.233+0100] {dag.py:2907} INFO - Sync 1 DAGs
[2023-08-24T15:35:42.258+0100] {logging_mixin.py:151} INFO - [2023-08-24T15:35:42.257+0100] {dag.py:3677} INFO - Setting next_dagrun for example_trigger_controller_dag to 2021-01-01T00:00:00+00:00, run_after=2021-01-01T00:00:00+00:00
[2023-08-24T15:35:42.365+0100] {processor.py:179} INFO - Processing /home/samuel/dev/airflow_learning/venv/lib/python3.10/site-packages/airflow/example_dags/example_trigger_controller_dag.py took 0.184 seconds
[2023-08-24T15:36:37.633+0100] {processor.py:157} INFO - Started process (PID=6363) to work on /home/samuel/dev/airflow_learning/venv/lib/python3.10/site-packages/airflow/example_dags/example_trigger_controller_dag.py
[2023-08-24T15:36:37.661+0100] {processor.py:829} INFO - Processing file /home/samuel/dev/airflow_learning/venv/lib/python3.10/site-packages/airflow/example_dags/example_trigger_controller_dag.py for tasks to queue
[2023-08-24T15:36:37.662+0100] {logging_mixin.py:151} INFO - [2023-08-24T15:36:37.661+0100] {dagbag.py:539} INFO - Filling up the DagBag from /home/samuel/dev/airflow_learning/venv/lib/python3.10/site-packages/airflow/example_dags/example_trigger_controller_dag.py
[2023-08-24T15:36:37.668+0100] {processor.py:839} INFO - DAG(s) dict_keys(['example_trigger_controller_dag']) retrieved from /home/samuel/dev/airflow_learning/venv/lib/python3.10/site-packages/airflow/example_dags/example_trigger_controller_dag.py
[2023-08-24T15:36:37.688+0100] {logging_mixin.py:151} INFO - [2023-08-24T15:36:37.688+0100] {dag.py:2907} INFO - Sync 1 DAGs
[2023-08-24T15:36:37.710+0100] {logging_mixin.py:151} INFO - [2023-08-24T15:36:37.710+0100] {dag.py:3677} INFO - Setting next_dagrun for example_trigger_controller_dag to 2021-01-01T00:00:00+00:00, run_after=2021-01-01T00:00:00+00:00
[2023-08-24T15:36:37.823+0100] {processor.py:179} INFO - Processing /home/samuel/dev/airflow_learning/venv/lib/python3.10/site-packages/airflow/example_dags/example_trigger_controller_dag.py took 0.193 seconds
[2023-08-24T15:37:49.286+0100] {processor.py:157} INFO - Started process (PID=6424) to work on /home/samuel/dev/airflow_learning/venv/lib/python3.10/site-packages/airflow/example_dags/example_trigger_controller_dag.py
[2023-08-24T15:37:49.337+0100] {processor.py:829} INFO - Processing file /home/samuel/dev/airflow_learning/venv/lib/python3.10/site-packages/airflow/example_dags/example_trigger_controller_dag.py for tasks to queue
[2023-08-24T15:37:49.338+0100] {logging_mixin.py:151} INFO - [2023-08-24T15:37:49.338+0100] {dagbag.py:539} INFO - Filling up the DagBag from /home/samuel/dev/airflow_learning/venv/lib/python3.10/site-packages/airflow/example_dags/example_trigger_controller_dag.py
[2023-08-24T15:37:49.345+0100] {processor.py:839} INFO - DAG(s) dict_keys(['example_trigger_controller_dag']) retrieved from /home/samuel/dev/airflow_learning/venv/lib/python3.10/site-packages/airflow/example_dags/example_trigger_controller_dag.py
[2023-08-24T15:37:49.366+0100] {logging_mixin.py:151} INFO - [2023-08-24T15:37:49.366+0100] {dag.py:2907} INFO - Sync 1 DAGs
[2023-08-24T15:37:49.388+0100] {logging_mixin.py:151} INFO - [2023-08-24T15:37:49.388+0100] {dag.py:3677} INFO - Setting next_dagrun for example_trigger_controller_dag to 2021-01-01T00:00:00+00:00, run_after=2021-01-01T00:00:00+00:00
[2023-08-24T15:37:49.541+0100] {processor.py:179} INFO - Processing /home/samuel/dev/airflow_learning/venv/lib/python3.10/site-packages/airflow/example_dags/example_trigger_controller_dag.py took 0.259 seconds
[2023-08-24T15:38:47.667+0100] {processor.py:157} INFO - Started process (PID=6479) to work on /home/samuel/dev/airflow_learning/venv/lib/python3.10/site-packages/airflow/example_dags/example_trigger_controller_dag.py
[2023-08-24T15:38:47.668+0100] {processor.py:829} INFO - Processing file /home/samuel/dev/airflow_learning/venv/lib/python3.10/site-packages/airflow/example_dags/example_trigger_controller_dag.py for tasks to queue
[2023-08-24T15:38:47.669+0100] {logging_mixin.py:151} INFO - [2023-08-24T15:38:47.668+0100] {dagbag.py:539} INFO - Filling up the DagBag from /home/samuel/dev/airflow_learning/venv/lib/python3.10/site-packages/airflow/example_dags/example_trigger_controller_dag.py
[2023-08-24T15:38:47.674+0100] {processor.py:839} INFO - DAG(s) dict_keys(['example_trigger_controller_dag']) retrieved from /home/samuel/dev/airflow_learning/venv/lib/python3.10/site-packages/airflow/example_dags/example_trigger_controller_dag.py
[2023-08-24T15:38:47.692+0100] {logging_mixin.py:151} INFO - [2023-08-24T15:38:47.692+0100] {dag.py:2907} INFO - Sync 1 DAGs
[2023-08-24T15:38:47.712+0100] {logging_mixin.py:151} INFO - [2023-08-24T15:38:47.711+0100] {dag.py:3677} INFO - Setting next_dagrun for example_trigger_controller_dag to 2021-01-01T00:00:00+00:00, run_after=2021-01-01T00:00:00+00:00
[2023-08-24T15:38:47.839+0100] {processor.py:179} INFO - Processing /home/samuel/dev/airflow_learning/venv/lib/python3.10/site-packages/airflow/example_dags/example_trigger_controller_dag.py took 0.175 seconds
[2023-08-24T15:39:39.195+0100] {processor.py:157} INFO - Started process (PID=6532) to work on /home/samuel/dev/airflow_learning/venv/lib/python3.10/site-packages/airflow/example_dags/example_trigger_controller_dag.py
[2023-08-24T15:39:39.196+0100] {processor.py:829} INFO - Processing file /home/samuel/dev/airflow_learning/venv/lib/python3.10/site-packages/airflow/example_dags/example_trigger_controller_dag.py for tasks to queue
[2023-08-24T15:39:39.197+0100] {logging_mixin.py:151} INFO - [2023-08-24T15:39:39.197+0100] {dagbag.py:539} INFO - Filling up the DagBag from /home/samuel/dev/airflow_learning/venv/lib/python3.10/site-packages/airflow/example_dags/example_trigger_controller_dag.py
[2023-08-24T15:39:39.203+0100] {processor.py:839} INFO - DAG(s) dict_keys(['example_trigger_controller_dag']) retrieved from /home/samuel/dev/airflow_learning/venv/lib/python3.10/site-packages/airflow/example_dags/example_trigger_controller_dag.py
[2023-08-24T15:39:39.222+0100] {logging_mixin.py:151} INFO - [2023-08-24T15:39:39.222+0100] {dag.py:2907} INFO - Sync 1 DAGs
[2023-08-24T15:39:39.242+0100] {logging_mixin.py:151} INFO - [2023-08-24T15:39:39.241+0100] {dag.py:3677} INFO - Setting next_dagrun for example_trigger_controller_dag to 2021-01-01T00:00:00+00:00, run_after=2021-01-01T00:00:00+00:00
[2023-08-24T15:39:39.351+0100] {processor.py:179} INFO - Processing /home/samuel/dev/airflow_learning/venv/lib/python3.10/site-packages/airflow/example_dags/example_trigger_controller_dag.py took 0.160 seconds
[2023-08-24T15:40:21.310+0100] {processor.py:157} INFO - Started process (PID=6589) to work on /home/samuel/dev/airflow_learning/venv/lib/python3.10/site-packages/airflow/example_dags/example_trigger_controller_dag.py
[2023-08-24T15:40:21.312+0100] {processor.py:829} INFO - Processing file /home/samuel/dev/airflow_learning/venv/lib/python3.10/site-packages/airflow/example_dags/example_trigger_controller_dag.py for tasks to queue
[2023-08-24T15:40:21.313+0100] {logging_mixin.py:151} INFO - [2023-08-24T15:40:21.312+0100] {dagbag.py:539} INFO - Filling up the DagBag from /home/samuel/dev/airflow_learning/venv/lib/python3.10/site-packages/airflow/example_dags/example_trigger_controller_dag.py
[2023-08-24T15:40:21.318+0100] {processor.py:839} INFO - DAG(s) dict_keys(['example_trigger_controller_dag']) retrieved from /home/samuel/dev/airflow_learning/venv/lib/python3.10/site-packages/airflow/example_dags/example_trigger_controller_dag.py
[2023-08-24T15:40:21.337+0100] {logging_mixin.py:151} INFO - [2023-08-24T15:40:21.337+0100] {dag.py:2907} INFO - Sync 1 DAGs
[2023-08-24T15:40:21.356+0100] {logging_mixin.py:151} INFO - [2023-08-24T15:40:21.355+0100] {dag.py:3677} INFO - Setting next_dagrun for example_trigger_controller_dag to 2021-01-01T00:00:00+00:00, run_after=2021-01-01T00:00:00+00:00
[2023-08-24T15:40:21.474+0100] {processor.py:179} INFO - Processing /home/samuel/dev/airflow_learning/venv/lib/python3.10/site-packages/airflow/example_dags/example_trigger_controller_dag.py took 0.167 seconds
[2023-08-24T15:41:17.940+0100] {processor.py:157} INFO - Started process (PID=6643) to work on /home/samuel/dev/airflow_learning/venv/lib/python3.10/site-packages/airflow/example_dags/example_trigger_controller_dag.py
[2023-08-24T15:41:17.941+0100] {processor.py:829} INFO - Processing file /home/samuel/dev/airflow_learning/venv/lib/python3.10/site-packages/airflow/example_dags/example_trigger_controller_dag.py for tasks to queue
[2023-08-24T15:41:17.942+0100] {logging_mixin.py:151} INFO - [2023-08-24T15:41:17.942+0100] {dagbag.py:539} INFO - Filling up the DagBag from /home/samuel/dev/airflow_learning/venv/lib/python3.10/site-packages/airflow/example_dags/example_trigger_controller_dag.py
[2023-08-24T15:41:17.948+0100] {processor.py:839} INFO - DAG(s) dict_keys(['example_trigger_controller_dag']) retrieved from /home/samuel/dev/airflow_learning/venv/lib/python3.10/site-packages/airflow/example_dags/example_trigger_controller_dag.py
[2023-08-24T15:41:17.967+0100] {logging_mixin.py:151} INFO - [2023-08-24T15:41:17.967+0100] {dag.py:2907} INFO - Sync 1 DAGs
[2023-08-24T15:41:17.986+0100] {logging_mixin.py:151} INFO - [2023-08-24T15:41:17.986+0100] {dag.py:3677} INFO - Setting next_dagrun for example_trigger_controller_dag to 2021-01-01T00:00:00+00:00, run_after=2021-01-01T00:00:00+00:00
[2023-08-24T15:41:18.092+0100] {processor.py:179} INFO - Processing /home/samuel/dev/airflow_learning/venv/lib/python3.10/site-packages/airflow/example_dags/example_trigger_controller_dag.py took 0.156 seconds
[2023-08-24T15:42:07.651+0100] {processor.py:157} INFO - Started process (PID=6695) to work on /home/samuel/dev/airflow_learning/venv/lib/python3.10/site-packages/airflow/example_dags/example_trigger_controller_dag.py
[2023-08-24T15:42:07.664+0100] {processor.py:829} INFO - Processing file /home/samuel/dev/airflow_learning/venv/lib/python3.10/site-packages/airflow/example_dags/example_trigger_controller_dag.py for tasks to queue
[2023-08-24T15:42:07.664+0100] {logging_mixin.py:151} INFO - [2023-08-24T15:42:07.664+0100] {dagbag.py:539} INFO - Filling up the DagBag from /home/samuel/dev/airflow_learning/venv/lib/python3.10/site-packages/airflow/example_dags/example_trigger_controller_dag.py
[2023-08-24T15:42:07.669+0100] {processor.py:839} INFO - DAG(s) dict_keys(['example_trigger_controller_dag']) retrieved from /home/samuel/dev/airflow_learning/venv/lib/python3.10/site-packages/airflow/example_dags/example_trigger_controller_dag.py
[2023-08-24T15:42:07.687+0100] {logging_mixin.py:151} INFO - [2023-08-24T15:42:07.686+0100] {dag.py:2907} INFO - Sync 1 DAGs
[2023-08-24T15:42:07.708+0100] {logging_mixin.py:151} INFO - [2023-08-24T15:42:07.708+0100] {dag.py:3677} INFO - Setting next_dagrun for example_trigger_controller_dag to 2021-01-01T00:00:00+00:00, run_after=2021-01-01T00:00:00+00:00
[2023-08-24T15:42:07.828+0100] {processor.py:179} INFO - Processing /home/samuel/dev/airflow_learning/venv/lib/python3.10/site-packages/airflow/example_dags/example_trigger_controller_dag.py took 0.181 seconds
[2023-08-24T15:43:00.667+0100] {processor.py:157} INFO - Started process (PID=6802) to work on /home/samuel/dev/airflow_learning/venv/lib/python3.10/site-packages/airflow/example_dags/example_trigger_controller_dag.py
[2023-08-24T15:43:00.670+0100] {processor.py:829} INFO - Processing file /home/samuel/dev/airflow_learning/venv/lib/python3.10/site-packages/airflow/example_dags/example_trigger_controller_dag.py for tasks to queue
[2023-08-24T15:43:00.671+0100] {logging_mixin.py:151} INFO - [2023-08-24T15:43:00.670+0100] {dagbag.py:539} INFO - Filling up the DagBag from /home/samuel/dev/airflow_learning/venv/lib/python3.10/site-packages/airflow/example_dags/example_trigger_controller_dag.py
[2023-08-24T15:43:00.676+0100] {processor.py:839} INFO - DAG(s) dict_keys(['example_trigger_controller_dag']) retrieved from /home/samuel/dev/airflow_learning/venv/lib/python3.10/site-packages/airflow/example_dags/example_trigger_controller_dag.py
[2023-08-24T15:43:00.695+0100] {logging_mixin.py:151} INFO - [2023-08-24T15:43:00.695+0100] {dag.py:2907} INFO - Sync 1 DAGs
[2023-08-24T15:43:00.715+0100] {logging_mixin.py:151} INFO - [2023-08-24T15:43:00.714+0100] {dag.py:3677} INFO - Setting next_dagrun for example_trigger_controller_dag to 2021-01-01T00:00:00+00:00, run_after=2021-01-01T00:00:00+00:00
[2023-08-24T15:43:00.860+0100] {processor.py:179} INFO - Processing /home/samuel/dev/airflow_learning/venv/lib/python3.10/site-packages/airflow/example_dags/example_trigger_controller_dag.py took 0.197 seconds
[2023-08-24T15:43:56.954+0100] {processor.py:157} INFO - Started process (PID=6856) to work on /home/samuel/dev/airflow_learning/venv/lib/python3.10/site-packages/airflow/example_dags/example_trigger_controller_dag.py
[2023-08-24T15:43:56.966+0100] {processor.py:829} INFO - Processing file /home/samuel/dev/airflow_learning/venv/lib/python3.10/site-packages/airflow/example_dags/example_trigger_controller_dag.py for tasks to queue
[2023-08-24T15:43:56.967+0100] {logging_mixin.py:151} INFO - [2023-08-24T15:43:56.967+0100] {dagbag.py:539} INFO - Filling up the DagBag from /home/samuel/dev/airflow_learning/venv/lib/python3.10/site-packages/airflow/example_dags/example_trigger_controller_dag.py
[2023-08-24T15:43:56.973+0100] {processor.py:839} INFO - DAG(s) dict_keys(['example_trigger_controller_dag']) retrieved from /home/samuel/dev/airflow_learning/venv/lib/python3.10/site-packages/airflow/example_dags/example_trigger_controller_dag.py
[2023-08-24T15:43:56.994+0100] {logging_mixin.py:151} INFO - [2023-08-24T15:43:56.993+0100] {dag.py:2907} INFO - Sync 1 DAGs
[2023-08-24T15:43:57.016+0100] {logging_mixin.py:151} INFO - [2023-08-24T15:43:57.016+0100] {dag.py:3677} INFO - Setting next_dagrun for example_trigger_controller_dag to 2021-01-01T00:00:00+00:00, run_after=2021-01-01T00:00:00+00:00
[2023-08-24T15:43:57.131+0100] {processor.py:179} INFO - Processing /home/samuel/dev/airflow_learning/venv/lib/python3.10/site-packages/airflow/example_dags/example_trigger_controller_dag.py took 0.181 seconds
[2023-08-24T15:44:45.573+0100] {processor.py:157} INFO - Started process (PID=6903) to work on /home/samuel/dev/airflow_learning/venv/lib/python3.10/site-packages/airflow/example_dags/example_trigger_controller_dag.py
[2023-08-24T15:44:45.598+0100] {processor.py:829} INFO - Processing file /home/samuel/dev/airflow_learning/venv/lib/python3.10/site-packages/airflow/example_dags/example_trigger_controller_dag.py for tasks to queue
[2023-08-24T15:44:45.599+0100] {logging_mixin.py:151} INFO - [2023-08-24T15:44:45.599+0100] {dagbag.py:539} INFO - Filling up the DagBag from /home/samuel/dev/airflow_learning/venv/lib/python3.10/site-packages/airflow/example_dags/example_trigger_controller_dag.py
[2023-08-24T15:44:45.604+0100] {processor.py:839} INFO - DAG(s) dict_keys(['example_trigger_controller_dag']) retrieved from /home/samuel/dev/airflow_learning/venv/lib/python3.10/site-packages/airflow/example_dags/example_trigger_controller_dag.py
[2023-08-24T15:44:45.621+0100] {logging_mixin.py:151} INFO - [2023-08-24T15:44:45.621+0100] {dag.py:2907} INFO - Sync 1 DAGs
[2023-08-24T15:44:45.642+0100] {logging_mixin.py:151} INFO - [2023-08-24T15:44:45.642+0100] {dag.py:3677} INFO - Setting next_dagrun for example_trigger_controller_dag to 2021-01-01T00:00:00+00:00, run_after=2021-01-01T00:00:00+00:00
[2023-08-24T15:44:45.756+0100] {processor.py:179} INFO - Processing /home/samuel/dev/airflow_learning/venv/lib/python3.10/site-packages/airflow/example_dags/example_trigger_controller_dag.py took 0.186 seconds
[2023-08-24T15:45:37.193+0100] {processor.py:157} INFO - Started process (PID=6953) to work on /home/samuel/dev/airflow_learning/venv/lib/python3.10/site-packages/airflow/example_dags/example_trigger_controller_dag.py
[2023-08-24T15:45:37.222+0100] {processor.py:829} INFO - Processing file /home/samuel/dev/airflow_learning/venv/lib/python3.10/site-packages/airflow/example_dags/example_trigger_controller_dag.py for tasks to queue
[2023-08-24T15:45:37.223+0100] {logging_mixin.py:151} INFO - [2023-08-24T15:45:37.223+0100] {dagbag.py:539} INFO - Filling up the DagBag from /home/samuel/dev/airflow_learning/venv/lib/python3.10/site-packages/airflow/example_dags/example_trigger_controller_dag.py
[2023-08-24T15:45:37.229+0100] {processor.py:839} INFO - DAG(s) dict_keys(['example_trigger_controller_dag']) retrieved from /home/samuel/dev/airflow_learning/venv/lib/python3.10/site-packages/airflow/example_dags/example_trigger_controller_dag.py
[2023-08-24T15:45:37.250+0100] {logging_mixin.py:151} INFO - [2023-08-24T15:45:37.250+0100] {dag.py:2907} INFO - Sync 1 DAGs
[2023-08-24T15:45:37.272+0100] {logging_mixin.py:151} INFO - [2023-08-24T15:45:37.272+0100] {dag.py:3677} INFO - Setting next_dagrun for example_trigger_controller_dag to 2021-01-01T00:00:00+00:00, run_after=2021-01-01T00:00:00+00:00
[2023-08-24T15:45:37.396+0100] {processor.py:179} INFO - Processing /home/samuel/dev/airflow_learning/venv/lib/python3.10/site-packages/airflow/example_dags/example_trigger_controller_dag.py took 0.207 seconds
[2023-08-24T15:46:30.431+0100] {processor.py:157} INFO - Started process (PID=7004) to work on /home/samuel/dev/airflow_learning/venv/lib/python3.10/site-packages/airflow/example_dags/example_trigger_controller_dag.py
[2023-08-24T15:46:30.433+0100] {processor.py:829} INFO - Processing file /home/samuel/dev/airflow_learning/venv/lib/python3.10/site-packages/airflow/example_dags/example_trigger_controller_dag.py for tasks to queue
[2023-08-24T15:46:30.434+0100] {logging_mixin.py:151} INFO - [2023-08-24T15:46:30.434+0100] {dagbag.py:539} INFO - Filling up the DagBag from /home/samuel/dev/airflow_learning/venv/lib/python3.10/site-packages/airflow/example_dags/example_trigger_controller_dag.py
[2023-08-24T15:46:30.440+0100] {processor.py:839} INFO - DAG(s) dict_keys(['example_trigger_controller_dag']) retrieved from /home/samuel/dev/airflow_learning/venv/lib/python3.10/site-packages/airflow/example_dags/example_trigger_controller_dag.py
[2023-08-24T15:46:30.459+0100] {logging_mixin.py:151} INFO - [2023-08-24T15:46:30.459+0100] {dag.py:2907} INFO - Sync 1 DAGs
[2023-08-24T15:46:30.479+0100] {logging_mixin.py:151} INFO - [2023-08-24T15:46:30.479+0100] {dag.py:3677} INFO - Setting next_dagrun for example_trigger_controller_dag to 2021-01-01T00:00:00+00:00, run_after=2021-01-01T00:00:00+00:00
[2023-08-24T15:46:30.611+0100] {processor.py:179} INFO - Processing /home/samuel/dev/airflow_learning/venv/lib/python3.10/site-packages/airflow/example_dags/example_trigger_controller_dag.py took 0.184 seconds
[2023-08-24T15:47:24.958+0100] {processor.py:157} INFO - Started process (PID=7053) to work on /home/samuel/dev/airflow_learning/venv/lib/python3.10/site-packages/airflow/example_dags/example_trigger_controller_dag.py
[2023-08-24T15:47:24.998+0100] {processor.py:829} INFO - Processing file /home/samuel/dev/airflow_learning/venv/lib/python3.10/site-packages/airflow/example_dags/example_trigger_controller_dag.py for tasks to queue
[2023-08-24T15:47:25.000+0100] {logging_mixin.py:151} INFO - [2023-08-24T15:47:24.999+0100] {dagbag.py:539} INFO - Filling up the DagBag from /home/samuel/dev/airflow_learning/venv/lib/python3.10/site-packages/airflow/example_dags/example_trigger_controller_dag.py
[2023-08-24T15:47:25.006+0100] {processor.py:839} INFO - DAG(s) dict_keys(['example_trigger_controller_dag']) retrieved from /home/samuel/dev/airflow_learning/venv/lib/python3.10/site-packages/airflow/example_dags/example_trigger_controller_dag.py
[2023-08-24T15:47:25.026+0100] {logging_mixin.py:151} INFO - [2023-08-24T15:47:25.026+0100] {dag.py:2907} INFO - Sync 1 DAGs
[2023-08-24T15:47:25.050+0100] {logging_mixin.py:151} INFO - [2023-08-24T15:47:25.050+0100] {dag.py:3677} INFO - Setting next_dagrun for example_trigger_controller_dag to 2021-01-01T00:00:00+00:00, run_after=2021-01-01T00:00:00+00:00
[2023-08-24T15:47:25.168+0100] {processor.py:179} INFO - Processing /home/samuel/dev/airflow_learning/venv/lib/python3.10/site-packages/airflow/example_dags/example_trigger_controller_dag.py took 0.214 seconds
[2023-08-24T15:48:18.131+0100] {processor.py:157} INFO - Started process (PID=7123) to work on /home/samuel/dev/airflow_learning/venv/lib/python3.10/site-packages/airflow/example_dags/example_trigger_controller_dag.py
[2023-08-24T15:48:18.144+0100] {processor.py:829} INFO - Processing file /home/samuel/dev/airflow_learning/venv/lib/python3.10/site-packages/airflow/example_dags/example_trigger_controller_dag.py for tasks to queue
[2023-08-24T15:48:18.145+0100] {logging_mixin.py:151} INFO - [2023-08-24T15:48:18.145+0100] {dagbag.py:539} INFO - Filling up the DagBag from /home/samuel/dev/airflow_learning/venv/lib/python3.10/site-packages/airflow/example_dags/example_trigger_controller_dag.py
[2023-08-24T15:48:18.152+0100] {processor.py:839} INFO - DAG(s) dict_keys(['example_trigger_controller_dag']) retrieved from /home/samuel/dev/airflow_learning/venv/lib/python3.10/site-packages/airflow/example_dags/example_trigger_controller_dag.py
[2023-08-24T15:48:18.172+0100] {logging_mixin.py:151} INFO - [2023-08-24T15:48:18.172+0100] {dag.py:2907} INFO - Sync 1 DAGs
[2023-08-24T15:48:18.192+0100] {logging_mixin.py:151} INFO - [2023-08-24T15:48:18.192+0100] {dag.py:3677} INFO - Setting next_dagrun for example_trigger_controller_dag to 2021-01-01T00:00:00+00:00, run_after=2021-01-01T00:00:00+00:00
[2023-08-24T15:48:18.296+0100] {processor.py:179} INFO - Processing /home/samuel/dev/airflow_learning/venv/lib/python3.10/site-packages/airflow/example_dags/example_trigger_controller_dag.py took 0.169 seconds
[2023-08-24T15:49:10.418+0100] {processor.py:157} INFO - Started process (PID=7172) to work on /home/samuel/dev/airflow_learning/venv/lib/python3.10/site-packages/airflow/example_dags/example_trigger_controller_dag.py
[2023-08-24T15:49:10.421+0100] {processor.py:829} INFO - Processing file /home/samuel/dev/airflow_learning/venv/lib/python3.10/site-packages/airflow/example_dags/example_trigger_controller_dag.py for tasks to queue
[2023-08-24T15:49:10.422+0100] {logging_mixin.py:151} INFO - [2023-08-24T15:49:10.422+0100] {dagbag.py:539} INFO - Filling up the DagBag from /home/samuel/dev/airflow_learning/venv/lib/python3.10/site-packages/airflow/example_dags/example_trigger_controller_dag.py
[2023-08-24T15:49:10.428+0100] {processor.py:839} INFO - DAG(s) dict_keys(['example_trigger_controller_dag']) retrieved from /home/samuel/dev/airflow_learning/venv/lib/python3.10/site-packages/airflow/example_dags/example_trigger_controller_dag.py
[2023-08-24T15:49:10.448+0100] {logging_mixin.py:151} INFO - [2023-08-24T15:49:10.447+0100] {dag.py:2907} INFO - Sync 1 DAGs
[2023-08-24T15:49:10.467+0100] {logging_mixin.py:151} INFO - [2023-08-24T15:49:10.467+0100] {dag.py:3677} INFO - Setting next_dagrun for example_trigger_controller_dag to 2021-01-01T00:00:00+00:00, run_after=2021-01-01T00:00:00+00:00
[2023-08-24T15:49:10.592+0100] {processor.py:179} INFO - Processing /home/samuel/dev/airflow_learning/venv/lib/python3.10/site-packages/airflow/example_dags/example_trigger_controller_dag.py took 0.178 seconds
[2023-08-24T15:49:59.369+0100] {processor.py:157} INFO - Started process (PID=7218) to work on /home/samuel/dev/airflow_learning/venv/lib/python3.10/site-packages/airflow/example_dags/example_trigger_controller_dag.py
[2023-08-24T15:49:59.370+0100] {processor.py:829} INFO - Processing file /home/samuel/dev/airflow_learning/venv/lib/python3.10/site-packages/airflow/example_dags/example_trigger_controller_dag.py for tasks to queue
[2023-08-24T15:49:59.371+0100] {logging_mixin.py:151} INFO - [2023-08-24T15:49:59.371+0100] {dagbag.py:539} INFO - Filling up the DagBag from /home/samuel/dev/airflow_learning/venv/lib/python3.10/site-packages/airflow/example_dags/example_trigger_controller_dag.py
[2023-08-24T15:49:59.377+0100] {processor.py:839} INFO - DAG(s) dict_keys(['example_trigger_controller_dag']) retrieved from /home/samuel/dev/airflow_learning/venv/lib/python3.10/site-packages/airflow/example_dags/example_trigger_controller_dag.py
[2023-08-24T15:49:59.396+0100] {logging_mixin.py:151} INFO - [2023-08-24T15:49:59.396+0100] {dag.py:2907} INFO - Sync 1 DAGs
[2023-08-24T15:49:59.416+0100] {logging_mixin.py:151} INFO - [2023-08-24T15:49:59.415+0100] {dag.py:3677} INFO - Setting next_dagrun for example_trigger_controller_dag to 2021-01-01T00:00:00+00:00, run_after=2021-01-01T00:00:00+00:00
[2023-08-24T15:49:59.541+0100] {processor.py:179} INFO - Processing /home/samuel/dev/airflow_learning/venv/lib/python3.10/site-packages/airflow/example_dags/example_trigger_controller_dag.py took 0.176 seconds
[2023-08-24T15:50:48.382+0100] {processor.py:157} INFO - Started process (PID=7265) to work on /home/samuel/dev/airflow_learning/venv/lib/python3.10/site-packages/airflow/example_dags/example_trigger_controller_dag.py
[2023-08-24T15:50:48.384+0100] {processor.py:829} INFO - Processing file /home/samuel/dev/airflow_learning/venv/lib/python3.10/site-packages/airflow/example_dags/example_trigger_controller_dag.py for tasks to queue
[2023-08-24T15:50:48.385+0100] {logging_mixin.py:151} INFO - [2023-08-24T15:50:48.384+0100] {dagbag.py:539} INFO - Filling up the DagBag from /home/samuel/dev/airflow_learning/venv/lib/python3.10/site-packages/airflow/example_dags/example_trigger_controller_dag.py
[2023-08-24T15:50:48.390+0100] {processor.py:839} INFO - DAG(s) dict_keys(['example_trigger_controller_dag']) retrieved from /home/samuel/dev/airflow_learning/venv/lib/python3.10/site-packages/airflow/example_dags/example_trigger_controller_dag.py
[2023-08-24T15:50:48.408+0100] {logging_mixin.py:151} INFO - [2023-08-24T15:50:48.408+0100] {dag.py:2907} INFO - Sync 1 DAGs
[2023-08-24T15:50:48.427+0100] {logging_mixin.py:151} INFO - [2023-08-24T15:50:48.426+0100] {dag.py:3677} INFO - Setting next_dagrun for example_trigger_controller_dag to 2021-01-01T00:00:00+00:00, run_after=2021-01-01T00:00:00+00:00
[2023-08-24T15:50:48.529+0100] {processor.py:179} INFO - Processing /home/samuel/dev/airflow_learning/venv/lib/python3.10/site-packages/airflow/example_dags/example_trigger_controller_dag.py took 0.150 seconds
[2023-08-24T15:51:43.614+0100] {processor.py:157} INFO - Started process (PID=7322) to work on /home/samuel/dev/airflow_learning/venv/lib/python3.10/site-packages/airflow/example_dags/example_trigger_controller_dag.py
[2023-08-24T15:51:43.621+0100] {processor.py:829} INFO - Processing file /home/samuel/dev/airflow_learning/venv/lib/python3.10/site-packages/airflow/example_dags/example_trigger_controller_dag.py for tasks to queue
[2023-08-24T15:51:43.622+0100] {logging_mixin.py:151} INFO - [2023-08-24T15:51:43.621+0100] {dagbag.py:539} INFO - Filling up the DagBag from /home/samuel/dev/airflow_learning/venv/lib/python3.10/site-packages/airflow/example_dags/example_trigger_controller_dag.py
[2023-08-24T15:51:43.627+0100] {processor.py:839} INFO - DAG(s) dict_keys(['example_trigger_controller_dag']) retrieved from /home/samuel/dev/airflow_learning/venv/lib/python3.10/site-packages/airflow/example_dags/example_trigger_controller_dag.py
[2023-08-24T15:51:43.648+0100] {logging_mixin.py:151} INFO - [2023-08-24T15:51:43.647+0100] {dag.py:2907} INFO - Sync 1 DAGs
[2023-08-24T15:51:43.667+0100] {logging_mixin.py:151} INFO - [2023-08-24T15:51:43.667+0100] {dag.py:3677} INFO - Setting next_dagrun for example_trigger_controller_dag to 2021-01-01T00:00:00+00:00, run_after=2021-01-01T00:00:00+00:00
[2023-08-24T15:51:43.766+0100] {processor.py:179} INFO - Processing /home/samuel/dev/airflow_learning/venv/lib/python3.10/site-packages/airflow/example_dags/example_trigger_controller_dag.py took 0.156 seconds
[2023-08-24T15:52:30.662+0100] {processor.py:157} INFO - Started process (PID=7371) to work on /home/samuel/dev/airflow_learning/venv/lib/python3.10/site-packages/airflow/example_dags/example_trigger_controller_dag.py
[2023-08-24T15:52:30.664+0100] {processor.py:829} INFO - Processing file /home/samuel/dev/airflow_learning/venv/lib/python3.10/site-packages/airflow/example_dags/example_trigger_controller_dag.py for tasks to queue
[2023-08-24T15:52:30.665+0100] {logging_mixin.py:151} INFO - [2023-08-24T15:52:30.665+0100] {dagbag.py:539} INFO - Filling up the DagBag from /home/samuel/dev/airflow_learning/venv/lib/python3.10/site-packages/airflow/example_dags/example_trigger_controller_dag.py
[2023-08-24T15:52:30.670+0100] {processor.py:839} INFO - DAG(s) dict_keys(['example_trigger_controller_dag']) retrieved from /home/samuel/dev/airflow_learning/venv/lib/python3.10/site-packages/airflow/example_dags/example_trigger_controller_dag.py
[2023-08-24T15:52:30.689+0100] {logging_mixin.py:151} INFO - [2023-08-24T15:52:30.689+0100] {dag.py:2907} INFO - Sync 1 DAGs
[2023-08-24T15:52:30.709+0100] {logging_mixin.py:151} INFO - [2023-08-24T15:52:30.709+0100] {dag.py:3677} INFO - Setting next_dagrun for example_trigger_controller_dag to 2021-01-01T00:00:00+00:00, run_after=2021-01-01T00:00:00+00:00
[2023-08-24T15:52:30.830+0100] {processor.py:179} INFO - Processing /home/samuel/dev/airflow_learning/venv/lib/python3.10/site-packages/airflow/example_dags/example_trigger_controller_dag.py took 0.172 seconds
[2023-08-24T15:53:21.224+0100] {processor.py:157} INFO - Started process (PID=7439) to work on /home/samuel/dev/airflow_learning/venv/lib/python3.10/site-packages/airflow/example_dags/example_trigger_controller_dag.py
[2023-08-24T15:53:21.226+0100] {processor.py:829} INFO - Processing file /home/samuel/dev/airflow_learning/venv/lib/python3.10/site-packages/airflow/example_dags/example_trigger_controller_dag.py for tasks to queue
[2023-08-24T15:53:21.228+0100] {logging_mixin.py:151} INFO - [2023-08-24T15:53:21.227+0100] {dagbag.py:539} INFO - Filling up the DagBag from /home/samuel/dev/airflow_learning/venv/lib/python3.10/site-packages/airflow/example_dags/example_trigger_controller_dag.py
[2023-08-24T15:53:21.236+0100] {processor.py:839} INFO - DAG(s) dict_keys(['example_trigger_controller_dag']) retrieved from /home/samuel/dev/airflow_learning/venv/lib/python3.10/site-packages/airflow/example_dags/example_trigger_controller_dag.py
[2023-08-24T15:53:21.261+0100] {logging_mixin.py:151} INFO - [2023-08-24T15:53:21.260+0100] {dag.py:2907} INFO - Sync 1 DAGs
[2023-08-24T15:53:21.290+0100] {logging_mixin.py:151} INFO - [2023-08-24T15:53:21.289+0100] {dag.py:3677} INFO - Setting next_dagrun for example_trigger_controller_dag to 2021-01-01T00:00:00+00:00, run_after=2021-01-01T00:00:00+00:00
[2023-08-24T15:53:21.655+0100] {processor.py:179} INFO - Processing /home/samuel/dev/airflow_learning/venv/lib/python3.10/site-packages/airflow/example_dags/example_trigger_controller_dag.py took 0.437 seconds
[2023-08-24T15:54:27.156+0100] {processor.py:157} INFO - Started process (PID=7578) to work on /home/samuel/dev/airflow_learning/venv/lib/python3.10/site-packages/airflow/example_dags/example_trigger_controller_dag.py
[2023-08-24T15:54:27.201+0100] {processor.py:829} INFO - Processing file /home/samuel/dev/airflow_learning/venv/lib/python3.10/site-packages/airflow/example_dags/example_trigger_controller_dag.py for tasks to queue
[2023-08-24T15:54:27.202+0100] {logging_mixin.py:151} INFO - [2023-08-24T15:54:27.202+0100] {dagbag.py:539} INFO - Filling up the DagBag from /home/samuel/dev/airflow_learning/venv/lib/python3.10/site-packages/airflow/example_dags/example_trigger_controller_dag.py
[2023-08-24T15:54:27.208+0100] {processor.py:839} INFO - DAG(s) dict_keys(['example_trigger_controller_dag']) retrieved from /home/samuel/dev/airflow_learning/venv/lib/python3.10/site-packages/airflow/example_dags/example_trigger_controller_dag.py
[2023-08-24T15:54:27.228+0100] {logging_mixin.py:151} INFO - [2023-08-24T15:54:27.228+0100] {dag.py:2907} INFO - Sync 1 DAGs
[2023-08-24T15:54:27.252+0100] {logging_mixin.py:151} INFO - [2023-08-24T15:54:27.252+0100] {dag.py:3677} INFO - Setting next_dagrun for example_trigger_controller_dag to 2021-01-01T00:00:00+00:00, run_after=2021-01-01T00:00:00+00:00
[2023-08-24T15:54:27.367+0100] {processor.py:179} INFO - Processing /home/samuel/dev/airflow_learning/venv/lib/python3.10/site-packages/airflow/example_dags/example_trigger_controller_dag.py took 0.214 seconds
[2023-08-24T15:55:25.328+0100] {processor.py:157} INFO - Started process (PID=7631) to work on /home/samuel/dev/airflow_learning/venv/lib/python3.10/site-packages/airflow/example_dags/example_trigger_controller_dag.py
[2023-08-24T15:55:25.350+0100] {processor.py:829} INFO - Processing file /home/samuel/dev/airflow_learning/venv/lib/python3.10/site-packages/airflow/example_dags/example_trigger_controller_dag.py for tasks to queue
[2023-08-24T15:55:25.351+0100] {logging_mixin.py:151} INFO - [2023-08-24T15:55:25.351+0100] {dagbag.py:539} INFO - Filling up the DagBag from /home/samuel/dev/airflow_learning/venv/lib/python3.10/site-packages/airflow/example_dags/example_trigger_controller_dag.py
[2023-08-24T15:55:25.356+0100] {processor.py:839} INFO - DAG(s) dict_keys(['example_trigger_controller_dag']) retrieved from /home/samuel/dev/airflow_learning/venv/lib/python3.10/site-packages/airflow/example_dags/example_trigger_controller_dag.py
[2023-08-24T15:55:25.372+0100] {logging_mixin.py:151} INFO - [2023-08-24T15:55:25.372+0100] {dag.py:2907} INFO - Sync 1 DAGs
[2023-08-24T15:55:25.395+0100] {logging_mixin.py:151} INFO - [2023-08-24T15:55:25.394+0100] {dag.py:3677} INFO - Setting next_dagrun for example_trigger_controller_dag to 2021-01-01T00:00:00+00:00, run_after=2021-01-01T00:00:00+00:00
[2023-08-24T15:55:25.501+0100] {processor.py:179} INFO - Processing /home/samuel/dev/airflow_learning/venv/lib/python3.10/site-packages/airflow/example_dags/example_trigger_controller_dag.py took 0.176 seconds
[2023-08-24T15:56:21.930+0100] {processor.py:157} INFO - Started process (PID=7806) to work on /home/samuel/dev/airflow_learning/venv/lib/python3.10/site-packages/airflow/example_dags/example_trigger_controller_dag.py
[2023-08-24T15:56:21.933+0100] {processor.py:829} INFO - Processing file /home/samuel/dev/airflow_learning/venv/lib/python3.10/site-packages/airflow/example_dags/example_trigger_controller_dag.py for tasks to queue
[2023-08-24T15:56:21.934+0100] {logging_mixin.py:151} INFO - [2023-08-24T15:56:21.934+0100] {dagbag.py:539} INFO - Filling up the DagBag from /home/samuel/dev/airflow_learning/venv/lib/python3.10/site-packages/airflow/example_dags/example_trigger_controller_dag.py
[2023-08-24T15:56:21.939+0100] {processor.py:839} INFO - DAG(s) dict_keys(['example_trigger_controller_dag']) retrieved from /home/samuel/dev/airflow_learning/venv/lib/python3.10/site-packages/airflow/example_dags/example_trigger_controller_dag.py
[2023-08-24T15:56:21.960+0100] {logging_mixin.py:151} INFO - [2023-08-24T15:56:21.959+0100] {dag.py:2907} INFO - Sync 1 DAGs
[2023-08-24T15:56:21.986+0100] {logging_mixin.py:151} INFO - [2023-08-24T15:56:21.986+0100] {dag.py:3677} INFO - Setting next_dagrun for example_trigger_controller_dag to 2021-01-01T00:00:00+00:00, run_after=2021-01-01T00:00:00+00:00
[2023-08-24T15:56:22.287+0100] {processor.py:179} INFO - Processing /home/samuel/dev/airflow_learning/venv/lib/python3.10/site-packages/airflow/example_dags/example_trigger_controller_dag.py took 0.360 seconds
[2023-08-24T15:57:10.994+0100] {processor.py:157} INFO - Started process (PID=7870) to work on /home/samuel/dev/airflow_learning/venv/lib/python3.10/site-packages/airflow/example_dags/example_trigger_controller_dag.py
[2023-08-24T15:57:11.027+0100] {processor.py:829} INFO - Processing file /home/samuel/dev/airflow_learning/venv/lib/python3.10/site-packages/airflow/example_dags/example_trigger_controller_dag.py for tasks to queue
[2023-08-24T15:57:11.028+0100] {logging_mixin.py:151} INFO - [2023-08-24T15:57:11.028+0100] {dagbag.py:539} INFO - Filling up the DagBag from /home/samuel/dev/airflow_learning/venv/lib/python3.10/site-packages/airflow/example_dags/example_trigger_controller_dag.py
[2023-08-24T15:57:11.034+0100] {processor.py:839} INFO - DAG(s) dict_keys(['example_trigger_controller_dag']) retrieved from /home/samuel/dev/airflow_learning/venv/lib/python3.10/site-packages/airflow/example_dags/example_trigger_controller_dag.py
[2023-08-24T15:57:11.055+0100] {logging_mixin.py:151} INFO - [2023-08-24T15:57:11.055+0100] {dag.py:2907} INFO - Sync 1 DAGs
[2023-08-24T15:57:11.080+0100] {logging_mixin.py:151} INFO - [2023-08-24T15:57:11.080+0100] {dag.py:3677} INFO - Setting next_dagrun for example_trigger_controller_dag to 2021-01-01T00:00:00+00:00, run_after=2021-01-01T00:00:00+00:00
[2023-08-24T15:57:11.220+0100] {processor.py:179} INFO - Processing /home/samuel/dev/airflow_learning/venv/lib/python3.10/site-packages/airflow/example_dags/example_trigger_controller_dag.py took 0.231 seconds
[2023-08-24T15:58:03.458+0100] {processor.py:157} INFO - Started process (PID=7922) to work on /home/samuel/dev/airflow_learning/venv/lib/python3.10/site-packages/airflow/example_dags/example_trigger_controller_dag.py
[2023-08-24T15:58:03.487+0100] {processor.py:829} INFO - Processing file /home/samuel/dev/airflow_learning/venv/lib/python3.10/site-packages/airflow/example_dags/example_trigger_controller_dag.py for tasks to queue
[2023-08-24T15:58:03.488+0100] {logging_mixin.py:151} INFO - [2023-08-24T15:58:03.488+0100] {dagbag.py:539} INFO - Filling up the DagBag from /home/samuel/dev/airflow_learning/venv/lib/python3.10/site-packages/airflow/example_dags/example_trigger_controller_dag.py
[2023-08-24T15:58:03.494+0100] {processor.py:839} INFO - DAG(s) dict_keys(['example_trigger_controller_dag']) retrieved from /home/samuel/dev/airflow_learning/venv/lib/python3.10/site-packages/airflow/example_dags/example_trigger_controller_dag.py
[2023-08-24T15:58:03.515+0100] {logging_mixin.py:151} INFO - [2023-08-24T15:58:03.515+0100] {dag.py:2907} INFO - Sync 1 DAGs
[2023-08-24T15:58:03.538+0100] {logging_mixin.py:151} INFO - [2023-08-24T15:58:03.538+0100] {dag.py:3677} INFO - Setting next_dagrun for example_trigger_controller_dag to 2021-01-01T00:00:00+00:00, run_after=2021-01-01T00:00:00+00:00
[2023-08-24T15:58:03.662+0100] {processor.py:179} INFO - Processing /home/samuel/dev/airflow_learning/venv/lib/python3.10/site-packages/airflow/example_dags/example_trigger_controller_dag.py took 0.208 seconds
[2023-08-24T15:58:54.407+0100] {processor.py:157} INFO - Started process (PID=7975) to work on /home/samuel/dev/airflow_learning/venv/lib/python3.10/site-packages/airflow/example_dags/example_trigger_controller_dag.py
[2023-08-24T15:58:54.414+0100] {processor.py:829} INFO - Processing file /home/samuel/dev/airflow_learning/venv/lib/python3.10/site-packages/airflow/example_dags/example_trigger_controller_dag.py for tasks to queue
[2023-08-24T15:58:54.415+0100] {logging_mixin.py:151} INFO - [2023-08-24T15:58:54.414+0100] {dagbag.py:539} INFO - Filling up the DagBag from /home/samuel/dev/airflow_learning/venv/lib/python3.10/site-packages/airflow/example_dags/example_trigger_controller_dag.py
[2023-08-24T15:58:54.421+0100] {processor.py:839} INFO - DAG(s) dict_keys(['example_trigger_controller_dag']) retrieved from /home/samuel/dev/airflow_learning/venv/lib/python3.10/site-packages/airflow/example_dags/example_trigger_controller_dag.py
[2023-08-24T15:58:54.441+0100] {logging_mixin.py:151} INFO - [2023-08-24T15:58:54.440+0100] {dag.py:2907} INFO - Sync 1 DAGs
[2023-08-24T15:58:54.460+0100] {logging_mixin.py:151} INFO - [2023-08-24T15:58:54.460+0100] {dag.py:3677} INFO - Setting next_dagrun for example_trigger_controller_dag to 2021-01-01T00:00:00+00:00, run_after=2021-01-01T00:00:00+00:00
[2023-08-24T15:58:54.597+0100] {processor.py:179} INFO - Processing /home/samuel/dev/airflow_learning/venv/lib/python3.10/site-packages/airflow/example_dags/example_trigger_controller_dag.py took 0.194 seconds
[2023-08-24T15:59:54.253+0100] {processor.py:157} INFO - Started process (PID=8213) to work on /home/samuel/dev/airflow_learning/venv/lib/python3.10/site-packages/airflow/example_dags/example_trigger_controller_dag.py
[2023-08-24T15:59:54.274+0100] {processor.py:829} INFO - Processing file /home/samuel/dev/airflow_learning/venv/lib/python3.10/site-packages/airflow/example_dags/example_trigger_controller_dag.py for tasks to queue
[2023-08-24T15:59:54.275+0100] {logging_mixin.py:151} INFO - [2023-08-24T15:59:54.274+0100] {dagbag.py:539} INFO - Filling up the DagBag from /home/samuel/dev/airflow_learning/venv/lib/python3.10/site-packages/airflow/example_dags/example_trigger_controller_dag.py
[2023-08-24T15:59:54.280+0100] {processor.py:839} INFO - DAG(s) dict_keys(['example_trigger_controller_dag']) retrieved from /home/samuel/dev/airflow_learning/venv/lib/python3.10/site-packages/airflow/example_dags/example_trigger_controller_dag.py
[2023-08-24T15:59:54.299+0100] {logging_mixin.py:151} INFO - [2023-08-24T15:59:54.299+0100] {dag.py:2907} INFO - Sync 1 DAGs
[2023-08-24T15:59:54.321+0100] {logging_mixin.py:151} INFO - [2023-08-24T15:59:54.321+0100] {dag.py:3677} INFO - Setting next_dagrun for example_trigger_controller_dag to 2021-01-01T00:00:00+00:00, run_after=2021-01-01T00:00:00+00:00
[2023-08-24T15:59:54.446+0100] {processor.py:179} INFO - Processing /home/samuel/dev/airflow_learning/venv/lib/python3.10/site-packages/airflow/example_dags/example_trigger_controller_dag.py took 0.197 seconds
[2023-08-24T16:00:47.938+0100] {processor.py:157} INFO - Started process (PID=8319) to work on /home/samuel/dev/airflow_learning/venv/lib/python3.10/site-packages/airflow/example_dags/example_trigger_controller_dag.py
[2023-08-24T16:00:47.964+0100] {processor.py:829} INFO - Processing file /home/samuel/dev/airflow_learning/venv/lib/python3.10/site-packages/airflow/example_dags/example_trigger_controller_dag.py for tasks to queue
[2023-08-24T16:00:47.965+0100] {logging_mixin.py:151} INFO - [2023-08-24T16:00:47.965+0100] {dagbag.py:539} INFO - Filling up the DagBag from /home/samuel/dev/airflow_learning/venv/lib/python3.10/site-packages/airflow/example_dags/example_trigger_controller_dag.py
[2023-08-24T16:00:47.971+0100] {processor.py:839} INFO - DAG(s) dict_keys(['example_trigger_controller_dag']) retrieved from /home/samuel/dev/airflow_learning/venv/lib/python3.10/site-packages/airflow/example_dags/example_trigger_controller_dag.py
[2023-08-24T16:00:47.994+0100] {logging_mixin.py:151} INFO - [2023-08-24T16:00:47.993+0100] {dag.py:2907} INFO - Sync 1 DAGs
[2023-08-24T16:00:48.018+0100] {logging_mixin.py:151} INFO - [2023-08-24T16:00:48.017+0100] {dag.py:3677} INFO - Setting next_dagrun for example_trigger_controller_dag to 2021-01-01T00:00:00+00:00, run_after=2021-01-01T00:00:00+00:00
[2023-08-24T16:00:48.117+0100] {processor.py:179} INFO - Processing /home/samuel/dev/airflow_learning/venv/lib/python3.10/site-packages/airflow/example_dags/example_trigger_controller_dag.py took 0.183 seconds
[2023-08-24T16:01:42.943+0100] {processor.py:157} INFO - Started process (PID=8393) to work on /home/samuel/dev/airflow_learning/venv/lib/python3.10/site-packages/airflow/example_dags/example_trigger_controller_dag.py
[2023-08-24T16:01:42.955+0100] {processor.py:829} INFO - Processing file /home/samuel/dev/airflow_learning/venv/lib/python3.10/site-packages/airflow/example_dags/example_trigger_controller_dag.py for tasks to queue
[2023-08-24T16:01:42.956+0100] {logging_mixin.py:151} INFO - [2023-08-24T16:01:42.956+0100] {dagbag.py:539} INFO - Filling up the DagBag from /home/samuel/dev/airflow_learning/venv/lib/python3.10/site-packages/airflow/example_dags/example_trigger_controller_dag.py
[2023-08-24T16:01:42.962+0100] {processor.py:839} INFO - DAG(s) dict_keys(['example_trigger_controller_dag']) retrieved from /home/samuel/dev/airflow_learning/venv/lib/python3.10/site-packages/airflow/example_dags/example_trigger_controller_dag.py
[2023-08-24T16:01:42.983+0100] {logging_mixin.py:151} INFO - [2023-08-24T16:01:42.983+0100] {dag.py:2907} INFO - Sync 1 DAGs
[2023-08-24T16:01:43.004+0100] {logging_mixin.py:151} INFO - [2023-08-24T16:01:43.004+0100] {dag.py:3677} INFO - Setting next_dagrun for example_trigger_controller_dag to 2021-01-01T00:00:00+00:00, run_after=2021-01-01T00:00:00+00:00
[2023-08-24T16:01:43.118+0100] {processor.py:179} INFO - Processing /home/samuel/dev/airflow_learning/venv/lib/python3.10/site-packages/airflow/example_dags/example_trigger_controller_dag.py took 0.179 seconds
[2023-08-24T16:02:35.557+0100] {processor.py:157} INFO - Started process (PID=8472) to work on /home/samuel/dev/airflow_learning/venv/lib/python3.10/site-packages/airflow/example_dags/example_trigger_controller_dag.py
[2023-08-24T16:02:35.571+0100] {processor.py:829} INFO - Processing file /home/samuel/dev/airflow_learning/venv/lib/python3.10/site-packages/airflow/example_dags/example_trigger_controller_dag.py for tasks to queue
[2023-08-24T16:02:35.572+0100] {logging_mixin.py:151} INFO - [2023-08-24T16:02:35.572+0100] {dagbag.py:539} INFO - Filling up the DagBag from /home/samuel/dev/airflow_learning/venv/lib/python3.10/site-packages/airflow/example_dags/example_trigger_controller_dag.py
[2023-08-24T16:02:35.578+0100] {processor.py:839} INFO - DAG(s) dict_keys(['example_trigger_controller_dag']) retrieved from /home/samuel/dev/airflow_learning/venv/lib/python3.10/site-packages/airflow/example_dags/example_trigger_controller_dag.py
[2023-08-24T16:02:35.598+0100] {logging_mixin.py:151} INFO - [2023-08-24T16:02:35.597+0100] {dag.py:2907} INFO - Sync 1 DAGs
[2023-08-24T16:02:35.619+0100] {logging_mixin.py:151} INFO - [2023-08-24T16:02:35.618+0100] {dag.py:3677} INFO - Setting next_dagrun for example_trigger_controller_dag to 2021-01-01T00:00:00+00:00, run_after=2021-01-01T00:00:00+00:00
[2023-08-24T16:02:35.738+0100] {processor.py:179} INFO - Processing /home/samuel/dev/airflow_learning/venv/lib/python3.10/site-packages/airflow/example_dags/example_trigger_controller_dag.py took 0.185 seconds
[2023-08-24T16:03:26.546+0100] {processor.py:157} INFO - Started process (PID=8537) to work on /home/samuel/dev/airflow_learning/venv/lib/python3.10/site-packages/airflow/example_dags/example_trigger_controller_dag.py
[2023-08-24T16:03:26.575+0100] {processor.py:829} INFO - Processing file /home/samuel/dev/airflow_learning/venv/lib/python3.10/site-packages/airflow/example_dags/example_trigger_controller_dag.py for tasks to queue
[2023-08-24T16:03:26.576+0100] {logging_mixin.py:151} INFO - [2023-08-24T16:03:26.576+0100] {dagbag.py:539} INFO - Filling up the DagBag from /home/samuel/dev/airflow_learning/venv/lib/python3.10/site-packages/airflow/example_dags/example_trigger_controller_dag.py
[2023-08-24T16:03:26.582+0100] {processor.py:839} INFO - DAG(s) dict_keys(['example_trigger_controller_dag']) retrieved from /home/samuel/dev/airflow_learning/venv/lib/python3.10/site-packages/airflow/example_dags/example_trigger_controller_dag.py
[2023-08-24T16:03:26.603+0100] {logging_mixin.py:151} INFO - [2023-08-24T16:03:26.603+0100] {dag.py:2907} INFO - Sync 1 DAGs
[2023-08-24T16:03:26.628+0100] {logging_mixin.py:151} INFO - [2023-08-24T16:03:26.628+0100] {dag.py:3677} INFO - Setting next_dagrun for example_trigger_controller_dag to 2021-01-01T00:00:00+00:00, run_after=2021-01-01T00:00:00+00:00
[2023-08-24T16:03:26.750+0100] {processor.py:179} INFO - Processing /home/samuel/dev/airflow_learning/venv/lib/python3.10/site-packages/airflow/example_dags/example_trigger_controller_dag.py took 0.207 seconds
[2023-08-24T16:04:20.921+0100] {processor.py:157} INFO - Started process (PID=8610) to work on /home/samuel/dev/airflow_learning/venv/lib/python3.10/site-packages/airflow/example_dags/example_trigger_controller_dag.py
[2023-08-24T16:04:20.995+0100] {processor.py:829} INFO - Processing file /home/samuel/dev/airflow_learning/venv/lib/python3.10/site-packages/airflow/example_dags/example_trigger_controller_dag.py for tasks to queue
[2023-08-24T16:04:20.997+0100] {logging_mixin.py:151} INFO - [2023-08-24T16:04:20.996+0100] {dagbag.py:539} INFO - Filling up the DagBag from /home/samuel/dev/airflow_learning/venv/lib/python3.10/site-packages/airflow/example_dags/example_trigger_controller_dag.py
[2023-08-24T16:04:21.004+0100] {processor.py:839} INFO - DAG(s) dict_keys(['example_trigger_controller_dag']) retrieved from /home/samuel/dev/airflow_learning/venv/lib/python3.10/site-packages/airflow/example_dags/example_trigger_controller_dag.py
[2023-08-24T16:04:21.031+0100] {logging_mixin.py:151} INFO - [2023-08-24T16:04:21.031+0100] {dag.py:2907} INFO - Sync 1 DAGs
[2023-08-24T16:04:21.068+0100] {logging_mixin.py:151} INFO - [2023-08-24T16:04:21.067+0100] {dag.py:3677} INFO - Setting next_dagrun for example_trigger_controller_dag to 2021-01-01T00:00:00+00:00, run_after=2021-01-01T00:00:00+00:00
[2023-08-24T16:04:21.229+0100] {processor.py:179} INFO - Processing /home/samuel/dev/airflow_learning/venv/lib/python3.10/site-packages/airflow/example_dags/example_trigger_controller_dag.py took 0.313 seconds
