[2023-08-24T15:22:11.782+0100] {processor.py:157} INFO - Started process (PID=5349) to work on /home/samuel/dev/airflow_learning/venv/lib/python3.10/site-packages/airflow/example_dags/example_xcomargs.py
[2023-08-24T15:22:11.783+0100] {processor.py:829} INFO - Processing file /home/samuel/dev/airflow_learning/venv/lib/python3.10/site-packages/airflow/example_dags/example_xcomargs.py for tasks to queue
[2023-08-24T15:22:11.784+0100] {logging_mixin.py:151} INFO - [2023-08-24T15:22:11.784+0100] {dagbag.py:539} INFO - Filling up the DagBag from /home/samuel/dev/airflow_learning/venv/lib/python3.10/site-packages/airflow/example_dags/example_xcomargs.py
[2023-08-24T15:22:11.794+0100] {processor.py:839} INFO - DAG(s) dict_keys(['example_xcom_args', 'example_xcom_args_with_operators']) retrieved from /home/samuel/dev/airflow_learning/venv/lib/python3.10/site-packages/airflow/example_dags/example_xcomargs.py
[2023-08-24T15:22:12.177+0100] {logging_mixin.py:151} INFO - [2023-08-24T15:22:12.176+0100] {manager.py:501} INFO - Created Permission View: can edit on DAG:example_xcom_args
[2023-08-24T15:22:12.276+0100] {logging_mixin.py:151} INFO - [2023-08-24T15:22:12.276+0100] {manager.py:501} INFO - Created Permission View: can delete on DAG:example_xcom_args
[2023-08-24T15:22:12.376+0100] {logging_mixin.py:151} INFO - [2023-08-24T15:22:12.376+0100] {manager.py:501} INFO - Created Permission View: can read on DAG:example_xcom_args
[2023-08-24T15:22:12.643+0100] {logging_mixin.py:151} INFO - [2023-08-24T15:22:12.643+0100] {manager.py:501} INFO - Created Permission View: can edit on DAG:example_xcom_args_with_operators
[2023-08-24T15:22:12.754+0100] {logging_mixin.py:151} INFO - [2023-08-24T15:22:12.754+0100] {manager.py:501} INFO - Created Permission View: can delete on DAG:example_xcom_args_with_operators
[2023-08-24T15:22:12.865+0100] {logging_mixin.py:151} INFO - [2023-08-24T15:22:12.865+0100] {manager.py:501} INFO - Created Permission View: can read on DAG:example_xcom_args_with_operators
[2023-08-24T15:22:12.878+0100] {logging_mixin.py:151} INFO - [2023-08-24T15:22:12.878+0100] {dag.py:2907} INFO - Sync 2 DAGs
[2023-08-24T15:22:12.904+0100] {logging_mixin.py:151} INFO - [2023-08-24T15:22:12.903+0100] {dag.py:2929} INFO - Creating ORM DAG for example_xcom_args
[2023-08-24T15:22:12.905+0100] {logging_mixin.py:151} INFO - [2023-08-24T15:22:12.905+0100] {dag.py:2929} INFO - Creating ORM DAG for example_xcom_args_with_operators
[2023-08-24T15:22:12.906+0100] {logging_mixin.py:151} INFO - [2023-08-24T15:22:12.906+0100] {dag.py:3677} INFO - Setting next_dagrun for example_xcom_args to None, run_after=None
[2023-08-24T15:22:12.907+0100] {logging_mixin.py:151} INFO - [2023-08-24T15:22:12.907+0100] {dag.py:3677} INFO - Setting next_dagrun for example_xcom_args_with_operators to None, run_after=None
[2023-08-24T15:22:13.073+0100] {processor.py:179} INFO - Processing /home/samuel/dev/airflow_learning/venv/lib/python3.10/site-packages/airflow/example_dags/example_xcomargs.py took 1.294 seconds
[2023-08-24T15:23:33.829+0100] {processor.py:157} INFO - Started process (PID=5409) to work on /home/samuel/dev/airflow_learning/venv/lib/python3.10/site-packages/airflow/example_dags/example_xcomargs.py
[2023-08-24T15:23:33.885+0100] {processor.py:829} INFO - Processing file /home/samuel/dev/airflow_learning/venv/lib/python3.10/site-packages/airflow/example_dags/example_xcomargs.py for tasks to queue
[2023-08-24T15:23:33.886+0100] {logging_mixin.py:151} INFO - [2023-08-24T15:23:33.885+0100] {dagbag.py:539} INFO - Filling up the DagBag from /home/samuel/dev/airflow_learning/venv/lib/python3.10/site-packages/airflow/example_dags/example_xcomargs.py
[2023-08-24T15:23:33.896+0100] {processor.py:839} INFO - DAG(s) dict_keys(['example_xcom_args_with_operators', 'example_xcom_args']) retrieved from /home/samuel/dev/airflow_learning/venv/lib/python3.10/site-packages/airflow/example_dags/example_xcomargs.py
[2023-08-24T15:23:33.921+0100] {logging_mixin.py:151} INFO - [2023-08-24T15:23:33.921+0100] {dag.py:2907} INFO - Sync 2 DAGs
[2023-08-24T15:23:33.934+0100] {logging_mixin.py:151} INFO - [2023-08-24T15:23:33.934+0100] {dag.py:3677} INFO - Setting next_dagrun for example_xcom_args to None, run_after=None
[2023-08-24T15:23:33.937+0100] {logging_mixin.py:151} INFO - [2023-08-24T15:23:33.937+0100] {dag.py:3677} INFO - Setting next_dagrun for example_xcom_args_with_operators to None, run_after=None
[2023-08-24T15:23:34.046+0100] {processor.py:179} INFO - Processing /home/samuel/dev/airflow_learning/venv/lib/python3.10/site-packages/airflow/example_dags/example_xcomargs.py took 0.220 seconds
[2023-08-24T15:24:29.866+0100] {processor.py:157} INFO - Started process (PID=5470) to work on /home/samuel/dev/airflow_learning/venv/lib/python3.10/site-packages/airflow/example_dags/example_xcomargs.py
[2023-08-24T15:24:29.869+0100] {processor.py:829} INFO - Processing file /home/samuel/dev/airflow_learning/venv/lib/python3.10/site-packages/airflow/example_dags/example_xcomargs.py for tasks to queue
[2023-08-24T15:24:29.870+0100] {logging_mixin.py:151} INFO - [2023-08-24T15:24:29.869+0100] {dagbag.py:539} INFO - Filling up the DagBag from /home/samuel/dev/airflow_learning/venv/lib/python3.10/site-packages/airflow/example_dags/example_xcomargs.py
[2023-08-24T15:24:29.880+0100] {processor.py:839} INFO - DAG(s) dict_keys(['example_xcom_args', 'example_xcom_args_with_operators']) retrieved from /home/samuel/dev/airflow_learning/venv/lib/python3.10/site-packages/airflow/example_dags/example_xcomargs.py
[2023-08-24T15:24:29.902+0100] {logging_mixin.py:151} INFO - [2023-08-24T15:24:29.902+0100] {dag.py:2907} INFO - Sync 2 DAGs
[2023-08-24T15:24:29.914+0100] {logging_mixin.py:151} INFO - [2023-08-24T15:24:29.914+0100] {dag.py:3677} INFO - Setting next_dagrun for example_xcom_args to None, run_after=None
[2023-08-24T15:24:29.917+0100] {logging_mixin.py:151} INFO - [2023-08-24T15:24:29.917+0100] {dag.py:3677} INFO - Setting next_dagrun for example_xcom_args_with_operators to None, run_after=None
[2023-08-24T15:24:30.055+0100] {processor.py:179} INFO - Processing /home/samuel/dev/airflow_learning/venv/lib/python3.10/site-packages/airflow/example_dags/example_xcomargs.py took 0.192 seconds
[2023-08-24T15:25:18.983+0100] {processor.py:157} INFO - Started process (PID=5519) to work on /home/samuel/dev/airflow_learning/venv/lib/python3.10/site-packages/airflow/example_dags/example_xcomargs.py
[2023-08-24T15:25:18.985+0100] {processor.py:829} INFO - Processing file /home/samuel/dev/airflow_learning/venv/lib/python3.10/site-packages/airflow/example_dags/example_xcomargs.py for tasks to queue
[2023-08-24T15:25:18.986+0100] {logging_mixin.py:151} INFO - [2023-08-24T15:25:18.985+0100] {dagbag.py:539} INFO - Filling up the DagBag from /home/samuel/dev/airflow_learning/venv/lib/python3.10/site-packages/airflow/example_dags/example_xcomargs.py
[2023-08-24T15:25:18.996+0100] {processor.py:839} INFO - DAG(s) dict_keys(['example_xcom_args_with_operators', 'example_xcom_args']) retrieved from /home/samuel/dev/airflow_learning/venv/lib/python3.10/site-packages/airflow/example_dags/example_xcomargs.py
[2023-08-24T15:25:19.018+0100] {logging_mixin.py:151} INFO - [2023-08-24T15:25:19.018+0100] {dag.py:2907} INFO - Sync 2 DAGs
[2023-08-24T15:25:19.031+0100] {logging_mixin.py:151} INFO - [2023-08-24T15:25:19.031+0100] {dag.py:3677} INFO - Setting next_dagrun for example_xcom_args to None, run_after=None
[2023-08-24T15:25:19.034+0100] {logging_mixin.py:151} INFO - [2023-08-24T15:25:19.034+0100] {dag.py:3677} INFO - Setting next_dagrun for example_xcom_args_with_operators to None, run_after=None
[2023-08-24T15:25:19.165+0100] {processor.py:179} INFO - Processing /home/samuel/dev/airflow_learning/venv/lib/python3.10/site-packages/airflow/example_dags/example_xcomargs.py took 0.186 seconds
[2023-08-24T15:26:12.028+0100] {processor.py:157} INFO - Started process (PID=5571) to work on /home/samuel/dev/airflow_learning/venv/lib/python3.10/site-packages/airflow/example_dags/example_xcomargs.py
[2023-08-24T15:26:12.056+0100] {processor.py:829} INFO - Processing file /home/samuel/dev/airflow_learning/venv/lib/python3.10/site-packages/airflow/example_dags/example_xcomargs.py for tasks to queue
[2023-08-24T15:26:12.058+0100] {logging_mixin.py:151} INFO - [2023-08-24T15:26:12.057+0100] {dagbag.py:539} INFO - Filling up the DagBag from /home/samuel/dev/airflow_learning/venv/lib/python3.10/site-packages/airflow/example_dags/example_xcomargs.py
[2023-08-24T15:26:12.072+0100] {processor.py:839} INFO - DAG(s) dict_keys(['example_xcom_args', 'example_xcom_args_with_operators']) retrieved from /home/samuel/dev/airflow_learning/venv/lib/python3.10/site-packages/airflow/example_dags/example_xcomargs.py
[2023-08-24T15:26:12.106+0100] {logging_mixin.py:151} INFO - [2023-08-24T15:26:12.106+0100] {dag.py:2907} INFO - Sync 2 DAGs
[2023-08-24T15:26:12.124+0100] {logging_mixin.py:151} INFO - [2023-08-24T15:26:12.124+0100] {dag.py:3677} INFO - Setting next_dagrun for example_xcom_args to None, run_after=None
[2023-08-24T15:26:12.129+0100] {logging_mixin.py:151} INFO - [2023-08-24T15:26:12.129+0100] {dag.py:3677} INFO - Setting next_dagrun for example_xcom_args_with_operators to None, run_after=None
[2023-08-24T15:26:12.229+0100] {processor.py:179} INFO - Processing /home/samuel/dev/airflow_learning/venv/lib/python3.10/site-packages/airflow/example_dags/example_xcomargs.py took 0.205 seconds
[2023-08-24T15:27:07.222+0100] {processor.py:157} INFO - Started process (PID=5622) to work on /home/samuel/dev/airflow_learning/venv/lib/python3.10/site-packages/airflow/example_dags/example_xcomargs.py
[2023-08-24T15:27:07.225+0100] {processor.py:829} INFO - Processing file /home/samuel/dev/airflow_learning/venv/lib/python3.10/site-packages/airflow/example_dags/example_xcomargs.py for tasks to queue
[2023-08-24T15:27:07.226+0100] {logging_mixin.py:151} INFO - [2023-08-24T15:27:07.226+0100] {dagbag.py:539} INFO - Filling up the DagBag from /home/samuel/dev/airflow_learning/venv/lib/python3.10/site-packages/airflow/example_dags/example_xcomargs.py
[2023-08-24T15:27:07.237+0100] {processor.py:839} INFO - DAG(s) dict_keys(['example_xcom_args', 'example_xcom_args_with_operators']) retrieved from /home/samuel/dev/airflow_learning/venv/lib/python3.10/site-packages/airflow/example_dags/example_xcomargs.py
[2023-08-24T15:27:07.261+0100] {logging_mixin.py:151} INFO - [2023-08-24T15:27:07.261+0100] {dag.py:2907} INFO - Sync 2 DAGs
[2023-08-24T15:27:07.274+0100] {logging_mixin.py:151} INFO - [2023-08-24T15:27:07.274+0100] {dag.py:3677} INFO - Setting next_dagrun for example_xcom_args to None, run_after=None
[2023-08-24T15:27:07.277+0100] {logging_mixin.py:151} INFO - [2023-08-24T15:27:07.277+0100] {dag.py:3677} INFO - Setting next_dagrun for example_xcom_args_with_operators to None, run_after=None
[2023-08-24T15:27:07.405+0100] {processor.py:179} INFO - Processing /home/samuel/dev/airflow_learning/venv/lib/python3.10/site-packages/airflow/example_dags/example_xcomargs.py took 0.186 seconds
[2023-08-24T15:28:01.766+0100] {processor.py:157} INFO - Started process (PID=5676) to work on /home/samuel/dev/airflow_learning/venv/lib/python3.10/site-packages/airflow/example_dags/example_xcomargs.py
[2023-08-24T15:28:01.773+0100] {processor.py:829} INFO - Processing file /home/samuel/dev/airflow_learning/venv/lib/python3.10/site-packages/airflow/example_dags/example_xcomargs.py for tasks to queue
[2023-08-24T15:28:01.774+0100] {logging_mixin.py:151} INFO - [2023-08-24T15:28:01.774+0100] {dagbag.py:539} INFO - Filling up the DagBag from /home/samuel/dev/airflow_learning/venv/lib/python3.10/site-packages/airflow/example_dags/example_xcomargs.py
[2023-08-24T15:28:01.785+0100] {processor.py:839} INFO - DAG(s) dict_keys(['example_xcom_args', 'example_xcom_args_with_operators']) retrieved from /home/samuel/dev/airflow_learning/venv/lib/python3.10/site-packages/airflow/example_dags/example_xcomargs.py
[2023-08-24T15:28:01.807+0100] {logging_mixin.py:151} INFO - [2023-08-24T15:28:01.807+0100] {dag.py:2907} INFO - Sync 2 DAGs
[2023-08-24T15:28:01.819+0100] {logging_mixin.py:151} INFO - [2023-08-24T15:28:01.819+0100] {dag.py:3677} INFO - Setting next_dagrun for example_xcom_args to None, run_after=None
[2023-08-24T15:28:01.822+0100] {logging_mixin.py:151} INFO - [2023-08-24T15:28:01.822+0100] {dag.py:3677} INFO - Setting next_dagrun for example_xcom_args_with_operators to None, run_after=None
[2023-08-24T15:28:01.927+0100] {processor.py:179} INFO - Processing /home/samuel/dev/airflow_learning/venv/lib/python3.10/site-packages/airflow/example_dags/example_xcomargs.py took 0.164 seconds
[2023-08-24T15:28:57.515+0100] {processor.py:157} INFO - Started process (PID=5733) to work on /home/samuel/dev/airflow_learning/venv/lib/python3.10/site-packages/airflow/example_dags/example_xcomargs.py
[2023-08-24T15:28:57.550+0100] {processor.py:829} INFO - Processing file /home/samuel/dev/airflow_learning/venv/lib/python3.10/site-packages/airflow/example_dags/example_xcomargs.py for tasks to queue
[2023-08-24T15:28:57.551+0100] {logging_mixin.py:151} INFO - [2023-08-24T15:28:57.551+0100] {dagbag.py:539} INFO - Filling up the DagBag from /home/samuel/dev/airflow_learning/venv/lib/python3.10/site-packages/airflow/example_dags/example_xcomargs.py
[2023-08-24T15:28:57.567+0100] {processor.py:839} INFO - DAG(s) dict_keys(['example_xcom_args', 'example_xcom_args_with_operators']) retrieved from /home/samuel/dev/airflow_learning/venv/lib/python3.10/site-packages/airflow/example_dags/example_xcomargs.py
[2023-08-24T15:28:57.601+0100] {logging_mixin.py:151} INFO - [2023-08-24T15:28:57.601+0100] {dag.py:2907} INFO - Sync 2 DAGs
[2023-08-24T15:28:57.615+0100] {logging_mixin.py:151} INFO - [2023-08-24T15:28:57.615+0100] {dag.py:3677} INFO - Setting next_dagrun for example_xcom_args to None, run_after=None
[2023-08-24T15:28:57.620+0100] {logging_mixin.py:151} INFO - [2023-08-24T15:28:57.619+0100] {dag.py:3677} INFO - Setting next_dagrun for example_xcom_args_with_operators to None, run_after=None
[2023-08-24T15:28:57.735+0100] {processor.py:179} INFO - Processing /home/samuel/dev/airflow_learning/venv/lib/python3.10/site-packages/airflow/example_dags/example_xcomargs.py took 0.224 seconds
[2023-08-24T15:29:56.272+0100] {processor.py:157} INFO - Started process (PID=5804) to work on /home/samuel/dev/airflow_learning/venv/lib/python3.10/site-packages/airflow/example_dags/example_xcomargs.py
[2023-08-24T15:29:56.289+0100] {processor.py:829} INFO - Processing file /home/samuel/dev/airflow_learning/venv/lib/python3.10/site-packages/airflow/example_dags/example_xcomargs.py for tasks to queue
[2023-08-24T15:29:56.291+0100] {logging_mixin.py:151} INFO - [2023-08-24T15:29:56.290+0100] {dagbag.py:539} INFO - Filling up the DagBag from /home/samuel/dev/airflow_learning/venv/lib/python3.10/site-packages/airflow/example_dags/example_xcomargs.py
[2023-08-24T15:29:56.303+0100] {processor.py:839} INFO - DAG(s) dict_keys(['example_xcom_args_with_operators', 'example_xcom_args']) retrieved from /home/samuel/dev/airflow_learning/venv/lib/python3.10/site-packages/airflow/example_dags/example_xcomargs.py
[2023-08-24T15:29:57.672+0100] {logging_mixin.py:151} INFO - [2023-08-24T15:29:57.671+0100] {dag.py:2907} INFO - Sync 2 DAGs
[2023-08-24T15:29:57.700+0100] {logging_mixin.py:151} INFO - [2023-08-24T15:29:57.700+0100] {dag.py:3677} INFO - Setting next_dagrun for example_xcom_args to None, run_after=None
[2023-08-24T15:29:57.706+0100] {logging_mixin.py:151} INFO - [2023-08-24T15:29:57.705+0100] {dag.py:3677} INFO - Setting next_dagrun for example_xcom_args_with_operators to None, run_after=None
[2023-08-24T15:30:00.804+0100] {processor.py:179} INFO - Processing /home/samuel/dev/airflow_learning/venv/lib/python3.10/site-packages/airflow/example_dags/example_xcomargs.py took 4.536 seconds
[2023-08-24T15:31:05.662+0100] {processor.py:157} INFO - Started process (PID=5973) to work on /home/samuel/dev/airflow_learning/venv/lib/python3.10/site-packages/airflow/example_dags/example_xcomargs.py
[2023-08-24T15:31:05.664+0100] {processor.py:829} INFO - Processing file /home/samuel/dev/airflow_learning/venv/lib/python3.10/site-packages/airflow/example_dags/example_xcomargs.py for tasks to queue
[2023-08-24T15:31:05.665+0100] {logging_mixin.py:151} INFO - [2023-08-24T15:31:05.665+0100] {dagbag.py:539} INFO - Filling up the DagBag from /home/samuel/dev/airflow_learning/venv/lib/python3.10/site-packages/airflow/example_dags/example_xcomargs.py
[2023-08-24T15:31:05.676+0100] {processor.py:839} INFO - DAG(s) dict_keys(['example_xcom_args_with_operators', 'example_xcom_args']) retrieved from /home/samuel/dev/airflow_learning/venv/lib/python3.10/site-packages/airflow/example_dags/example_xcomargs.py
[2023-08-24T15:31:05.702+0100] {logging_mixin.py:151} INFO - [2023-08-24T15:31:05.701+0100] {dag.py:2907} INFO - Sync 2 DAGs
[2023-08-24T15:31:05.716+0100] {logging_mixin.py:151} INFO - [2023-08-24T15:31:05.716+0100] {dag.py:3677} INFO - Setting next_dagrun for example_xcom_args to None, run_after=None
[2023-08-24T15:31:05.719+0100] {logging_mixin.py:151} INFO - [2023-08-24T15:31:05.719+0100] {dag.py:3677} INFO - Setting next_dagrun for example_xcom_args_with_operators to None, run_after=None
[2023-08-24T15:31:05.832+0100] {processor.py:179} INFO - Processing /home/samuel/dev/airflow_learning/venv/lib/python3.10/site-packages/airflow/example_dags/example_xcomargs.py took 0.173 seconds
[2023-08-24T15:31:53.131+0100] {processor.py:157} INFO - Started process (PID=6060) to work on /home/samuel/dev/airflow_learning/venv/lib/python3.10/site-packages/airflow/example_dags/example_xcomargs.py
[2023-08-24T15:31:53.133+0100] {processor.py:829} INFO - Processing file /home/samuel/dev/airflow_learning/venv/lib/python3.10/site-packages/airflow/example_dags/example_xcomargs.py for tasks to queue
[2023-08-24T15:31:53.134+0100] {logging_mixin.py:151} INFO - [2023-08-24T15:31:53.133+0100] {dagbag.py:539} INFO - Filling up the DagBag from /home/samuel/dev/airflow_learning/venv/lib/python3.10/site-packages/airflow/example_dags/example_xcomargs.py
[2023-08-24T15:31:53.145+0100] {processor.py:839} INFO - DAG(s) dict_keys(['example_xcom_args', 'example_xcom_args_with_operators']) retrieved from /home/samuel/dev/airflow_learning/venv/lib/python3.10/site-packages/airflow/example_dags/example_xcomargs.py
[2023-08-24T15:31:53.170+0100] {logging_mixin.py:151} INFO - [2023-08-24T15:31:53.170+0100] {dag.py:2907} INFO - Sync 2 DAGs
[2023-08-24T15:31:53.183+0100] {logging_mixin.py:151} INFO - [2023-08-24T15:31:53.183+0100] {dag.py:3677} INFO - Setting next_dagrun for example_xcom_args to None, run_after=None
[2023-08-24T15:31:53.186+0100] {logging_mixin.py:151} INFO - [2023-08-24T15:31:53.186+0100] {dag.py:3677} INFO - Setting next_dagrun for example_xcom_args_with_operators to None, run_after=None
[2023-08-24T15:31:53.295+0100] {processor.py:179} INFO - Processing /home/samuel/dev/airflow_learning/venv/lib/python3.10/site-packages/airflow/example_dags/example_xcomargs.py took 0.169 seconds
[2023-08-24T15:32:47.068+0100] {processor.py:157} INFO - Started process (PID=6119) to work on /home/samuel/dev/airflow_learning/venv/lib/python3.10/site-packages/airflow/example_dags/example_xcomargs.py
[2023-08-24T15:32:47.082+0100] {processor.py:829} INFO - Processing file /home/samuel/dev/airflow_learning/venv/lib/python3.10/site-packages/airflow/example_dags/example_xcomargs.py for tasks to queue
[2023-08-24T15:32:47.082+0100] {logging_mixin.py:151} INFO - [2023-08-24T15:32:47.082+0100] {dagbag.py:539} INFO - Filling up the DagBag from /home/samuel/dev/airflow_learning/venv/lib/python3.10/site-packages/airflow/example_dags/example_xcomargs.py
[2023-08-24T15:32:47.091+0100] {processor.py:839} INFO - DAG(s) dict_keys(['example_xcom_args_with_operators', 'example_xcom_args']) retrieved from /home/samuel/dev/airflow_learning/venv/lib/python3.10/site-packages/airflow/example_dags/example_xcomargs.py
[2023-08-24T15:32:47.111+0100] {logging_mixin.py:151} INFO - [2023-08-24T15:32:47.111+0100] {dag.py:2907} INFO - Sync 2 DAGs
[2023-08-24T15:32:47.123+0100] {logging_mixin.py:151} INFO - [2023-08-24T15:32:47.123+0100] {dag.py:3677} INFO - Setting next_dagrun for example_xcom_args to None, run_after=None
[2023-08-24T15:32:47.126+0100] {logging_mixin.py:151} INFO - [2023-08-24T15:32:47.126+0100] {dag.py:3677} INFO - Setting next_dagrun for example_xcom_args_with_operators to None, run_after=None
[2023-08-24T15:32:47.243+0100] {processor.py:179} INFO - Processing /home/samuel/dev/airflow_learning/venv/lib/python3.10/site-packages/airflow/example_dags/example_xcomargs.py took 0.178 seconds
[2023-08-24T15:33:40.369+0100] {processor.py:157} INFO - Started process (PID=6176) to work on /home/samuel/dev/airflow_learning/venv/lib/python3.10/site-packages/airflow/example_dags/example_xcomargs.py
[2023-08-24T15:33:40.406+0100] {processor.py:829} INFO - Processing file /home/samuel/dev/airflow_learning/venv/lib/python3.10/site-packages/airflow/example_dags/example_xcomargs.py for tasks to queue
[2023-08-24T15:33:40.407+0100] {logging_mixin.py:151} INFO - [2023-08-24T15:33:40.407+0100] {dagbag.py:539} INFO - Filling up the DagBag from /home/samuel/dev/airflow_learning/venv/lib/python3.10/site-packages/airflow/example_dags/example_xcomargs.py
[2023-08-24T15:33:40.418+0100] {processor.py:839} INFO - DAG(s) dict_keys(['example_xcom_args', 'example_xcom_args_with_operators']) retrieved from /home/samuel/dev/airflow_learning/venv/lib/python3.10/site-packages/airflow/example_dags/example_xcomargs.py
[2023-08-24T15:33:40.451+0100] {logging_mixin.py:151} INFO - [2023-08-24T15:33:40.451+0100] {dag.py:2907} INFO - Sync 2 DAGs
[2023-08-24T15:33:40.464+0100] {logging_mixin.py:151} INFO - [2023-08-24T15:33:40.463+0100] {dag.py:3677} INFO - Setting next_dagrun for example_xcom_args to None, run_after=None
[2023-08-24T15:33:40.467+0100] {logging_mixin.py:151} INFO - [2023-08-24T15:33:40.467+0100] {dag.py:3677} INFO - Setting next_dagrun for example_xcom_args_with_operators to None, run_after=None
[2023-08-24T15:33:40.619+0100] {processor.py:179} INFO - Processing /home/samuel/dev/airflow_learning/venv/lib/python3.10/site-packages/airflow/example_dags/example_xcomargs.py took 0.254 seconds
[2023-08-24T15:34:43.718+0100] {processor.py:157} INFO - Started process (PID=6239) to work on /home/samuel/dev/airflow_learning/venv/lib/python3.10/site-packages/airflow/example_dags/example_xcomargs.py
[2023-08-24T15:34:43.731+0100] {processor.py:829} INFO - Processing file /home/samuel/dev/airflow_learning/venv/lib/python3.10/site-packages/airflow/example_dags/example_xcomargs.py for tasks to queue
[2023-08-24T15:34:43.732+0100] {logging_mixin.py:151} INFO - [2023-08-24T15:34:43.732+0100] {dagbag.py:539} INFO - Filling up the DagBag from /home/samuel/dev/airflow_learning/venv/lib/python3.10/site-packages/airflow/example_dags/example_xcomargs.py
[2023-08-24T15:34:43.744+0100] {processor.py:839} INFO - DAG(s) dict_keys(['example_xcom_args', 'example_xcom_args_with_operators']) retrieved from /home/samuel/dev/airflow_learning/venv/lib/python3.10/site-packages/airflow/example_dags/example_xcomargs.py
[2023-08-24T15:34:43.767+0100] {logging_mixin.py:151} INFO - [2023-08-24T15:34:43.766+0100] {dag.py:2907} INFO - Sync 2 DAGs
[2023-08-24T15:34:43.779+0100] {logging_mixin.py:151} INFO - [2023-08-24T15:34:43.779+0100] {dag.py:3677} INFO - Setting next_dagrun for example_xcom_args to None, run_after=None
[2023-08-24T15:34:43.782+0100] {logging_mixin.py:151} INFO - [2023-08-24T15:34:43.782+0100] {dag.py:3677} INFO - Setting next_dagrun for example_xcom_args_with_operators to None, run_after=None
[2023-08-24T15:34:44.089+0100] {processor.py:179} INFO - Processing /home/samuel/dev/airflow_learning/venv/lib/python3.10/site-packages/airflow/example_dags/example_xcomargs.py took 0.375 seconds
[2023-08-24T15:35:45.097+0100] {processor.py:157} INFO - Started process (PID=6307) to work on /home/samuel/dev/airflow_learning/venv/lib/python3.10/site-packages/airflow/example_dags/example_xcomargs.py
[2023-08-24T15:35:45.115+0100] {processor.py:829} INFO - Processing file /home/samuel/dev/airflow_learning/venv/lib/python3.10/site-packages/airflow/example_dags/example_xcomargs.py for tasks to queue
[2023-08-24T15:35:45.116+0100] {logging_mixin.py:151} INFO - [2023-08-24T15:35:45.116+0100] {dagbag.py:539} INFO - Filling up the DagBag from /home/samuel/dev/airflow_learning/venv/lib/python3.10/site-packages/airflow/example_dags/example_xcomargs.py
[2023-08-24T15:35:45.127+0100] {processor.py:839} INFO - DAG(s) dict_keys(['example_xcom_args_with_operators', 'example_xcom_args']) retrieved from /home/samuel/dev/airflow_learning/venv/lib/python3.10/site-packages/airflow/example_dags/example_xcomargs.py
[2023-08-24T15:35:45.150+0100] {logging_mixin.py:151} INFO - [2023-08-24T15:35:45.150+0100] {dag.py:2907} INFO - Sync 2 DAGs
[2023-08-24T15:35:45.163+0100] {logging_mixin.py:151} INFO - [2023-08-24T15:35:45.163+0100] {dag.py:3677} INFO - Setting next_dagrun for example_xcom_args to None, run_after=None
[2023-08-24T15:35:45.166+0100] {logging_mixin.py:151} INFO - [2023-08-24T15:35:45.166+0100] {dag.py:3677} INFO - Setting next_dagrun for example_xcom_args_with_operators to None, run_after=None
[2023-08-24T15:35:45.268+0100] {processor.py:179} INFO - Processing /home/samuel/dev/airflow_learning/venv/lib/python3.10/site-packages/airflow/example_dags/example_xcomargs.py took 0.175 seconds
[2023-08-24T15:36:41.274+0100] {processor.py:157} INFO - Started process (PID=6366) to work on /home/samuel/dev/airflow_learning/venv/lib/python3.10/site-packages/airflow/example_dags/example_xcomargs.py
[2023-08-24T15:36:41.297+0100] {processor.py:829} INFO - Processing file /home/samuel/dev/airflow_learning/venv/lib/python3.10/site-packages/airflow/example_dags/example_xcomargs.py for tasks to queue
[2023-08-24T15:36:41.298+0100] {logging_mixin.py:151} INFO - [2023-08-24T15:36:41.298+0100] {dagbag.py:539} INFO - Filling up the DagBag from /home/samuel/dev/airflow_learning/venv/lib/python3.10/site-packages/airflow/example_dags/example_xcomargs.py
[2023-08-24T15:36:41.308+0100] {processor.py:839} INFO - DAG(s) dict_keys(['example_xcom_args', 'example_xcom_args_with_operators']) retrieved from /home/samuel/dev/airflow_learning/venv/lib/python3.10/site-packages/airflow/example_dags/example_xcomargs.py
[2023-08-24T15:36:42.212+0100] {logging_mixin.py:151} INFO - [2023-08-24T15:36:42.212+0100] {dag.py:2907} INFO - Sync 2 DAGs
[2023-08-24T15:36:43.462+0100] {logging_mixin.py:151} INFO - [2023-08-24T15:36:43.462+0100] {dag.py:3677} INFO - Setting next_dagrun for example_xcom_args to None, run_after=None
[2023-08-24T15:36:43.574+0100] {logging_mixin.py:151} INFO - [2023-08-24T15:36:43.573+0100] {dag.py:3677} INFO - Setting next_dagrun for example_xcom_args_with_operators to None, run_after=None
[2023-08-24T15:36:44.070+0100] {processor.py:179} INFO - Processing /home/samuel/dev/airflow_learning/venv/lib/python3.10/site-packages/airflow/example_dags/example_xcomargs.py took 2.800 seconds
[2023-08-24T15:37:53.325+0100] {processor.py:157} INFO - Started process (PID=6427) to work on /home/samuel/dev/airflow_learning/venv/lib/python3.10/site-packages/airflow/example_dags/example_xcomargs.py
[2023-08-24T15:37:53.347+0100] {processor.py:829} INFO - Processing file /home/samuel/dev/airflow_learning/venv/lib/python3.10/site-packages/airflow/example_dags/example_xcomargs.py for tasks to queue
[2023-08-24T15:37:53.348+0100] {logging_mixin.py:151} INFO - [2023-08-24T15:37:53.347+0100] {dagbag.py:539} INFO - Filling up the DagBag from /home/samuel/dev/airflow_learning/venv/lib/python3.10/site-packages/airflow/example_dags/example_xcomargs.py
[2023-08-24T15:37:53.359+0100] {processor.py:839} INFO - DAG(s) dict_keys(['example_xcom_args', 'example_xcom_args_with_operators']) retrieved from /home/samuel/dev/airflow_learning/venv/lib/python3.10/site-packages/airflow/example_dags/example_xcomargs.py
[2023-08-24T15:37:53.382+0100] {logging_mixin.py:151} INFO - [2023-08-24T15:37:53.382+0100] {dag.py:2907} INFO - Sync 2 DAGs
[2023-08-24T15:37:53.396+0100] {logging_mixin.py:151} INFO - [2023-08-24T15:37:53.396+0100] {dag.py:3677} INFO - Setting next_dagrun for example_xcom_args to None, run_after=None
[2023-08-24T15:37:53.400+0100] {logging_mixin.py:151} INFO - [2023-08-24T15:37:53.400+0100] {dag.py:3677} INFO - Setting next_dagrun for example_xcom_args_with_operators to None, run_after=None
[2023-08-24T15:37:53.521+0100] {processor.py:179} INFO - Processing /home/samuel/dev/airflow_learning/venv/lib/python3.10/site-packages/airflow/example_dags/example_xcomargs.py took 0.200 seconds
[2023-08-24T15:38:50.443+0100] {processor.py:157} INFO - Started process (PID=6482) to work on /home/samuel/dev/airflow_learning/venv/lib/python3.10/site-packages/airflow/example_dags/example_xcomargs.py
[2023-08-24T15:38:50.445+0100] {processor.py:829} INFO - Processing file /home/samuel/dev/airflow_learning/venv/lib/python3.10/site-packages/airflow/example_dags/example_xcomargs.py for tasks to queue
[2023-08-24T15:38:50.446+0100] {logging_mixin.py:151} INFO - [2023-08-24T15:38:50.446+0100] {dagbag.py:539} INFO - Filling up the DagBag from /home/samuel/dev/airflow_learning/venv/lib/python3.10/site-packages/airflow/example_dags/example_xcomargs.py
[2023-08-24T15:38:50.455+0100] {processor.py:839} INFO - DAG(s) dict_keys(['example_xcom_args_with_operators', 'example_xcom_args']) retrieved from /home/samuel/dev/airflow_learning/venv/lib/python3.10/site-packages/airflow/example_dags/example_xcomargs.py
[2023-08-24T15:38:50.473+0100] {logging_mixin.py:151} INFO - [2023-08-24T15:38:50.473+0100] {dag.py:2907} INFO - Sync 2 DAGs
[2023-08-24T15:38:50.485+0100] {logging_mixin.py:151} INFO - [2023-08-24T15:38:50.484+0100] {dag.py:3677} INFO - Setting next_dagrun for example_xcom_args to None, run_after=None
[2023-08-24T15:38:50.487+0100] {logging_mixin.py:151} INFO - [2023-08-24T15:38:50.487+0100] {dag.py:3677} INFO - Setting next_dagrun for example_xcom_args_with_operators to None, run_after=None
[2023-08-24T15:38:50.614+0100] {processor.py:179} INFO - Processing /home/samuel/dev/airflow_learning/venv/lib/python3.10/site-packages/airflow/example_dags/example_xcomargs.py took 0.174 seconds
[2023-08-24T15:39:41.925+0100] {processor.py:157} INFO - Started process (PID=6535) to work on /home/samuel/dev/airflow_learning/venv/lib/python3.10/site-packages/airflow/example_dags/example_xcomargs.py
[2023-08-24T15:39:41.969+0100] {processor.py:829} INFO - Processing file /home/samuel/dev/airflow_learning/venv/lib/python3.10/site-packages/airflow/example_dags/example_xcomargs.py for tasks to queue
[2023-08-24T15:39:41.970+0100] {logging_mixin.py:151} INFO - [2023-08-24T15:39:41.969+0100] {dagbag.py:539} INFO - Filling up the DagBag from /home/samuel/dev/airflow_learning/venv/lib/python3.10/site-packages/airflow/example_dags/example_xcomargs.py
[2023-08-24T15:39:41.981+0100] {processor.py:839} INFO - DAG(s) dict_keys(['example_xcom_args', 'example_xcom_args_with_operators']) retrieved from /home/samuel/dev/airflow_learning/venv/lib/python3.10/site-packages/airflow/example_dags/example_xcomargs.py
[2023-08-24T15:39:42.005+0100] {logging_mixin.py:151} INFO - [2023-08-24T15:39:42.005+0100] {dag.py:2907} INFO - Sync 2 DAGs
[2023-08-24T15:39:42.018+0100] {logging_mixin.py:151} INFO - [2023-08-24T15:39:42.018+0100] {dag.py:3677} INFO - Setting next_dagrun for example_xcom_args to None, run_after=None
[2023-08-24T15:39:42.021+0100] {logging_mixin.py:151} INFO - [2023-08-24T15:39:42.021+0100] {dag.py:3677} INFO - Setting next_dagrun for example_xcom_args_with_operators to None, run_after=None
[2023-08-24T15:39:42.144+0100] {processor.py:179} INFO - Processing /home/samuel/dev/airflow_learning/venv/lib/python3.10/site-packages/airflow/example_dags/example_xcomargs.py took 0.222 seconds
[2023-08-24T15:40:52.022+0100] {processor.py:157} INFO - Started process (PID=6620) to work on /home/samuel/dev/airflow_learning/venv/lib/python3.10/site-packages/airflow/example_dags/example_xcomargs.py
[2023-08-24T15:40:52.024+0100] {processor.py:829} INFO - Processing file /home/samuel/dev/airflow_learning/venv/lib/python3.10/site-packages/airflow/example_dags/example_xcomargs.py for tasks to queue
[2023-08-24T15:40:52.025+0100] {logging_mixin.py:151} INFO - [2023-08-24T15:40:52.025+0100] {dagbag.py:539} INFO - Filling up the DagBag from /home/samuel/dev/airflow_learning/venv/lib/python3.10/site-packages/airflow/example_dags/example_xcomargs.py
[2023-08-24T15:40:52.036+0100] {processor.py:839} INFO - DAG(s) dict_keys(['example_xcom_args', 'example_xcom_args_with_operators']) retrieved from /home/samuel/dev/airflow_learning/venv/lib/python3.10/site-packages/airflow/example_dags/example_xcomargs.py
[2023-08-24T15:40:52.058+0100] {logging_mixin.py:151} INFO - [2023-08-24T15:40:52.058+0100] {dag.py:2907} INFO - Sync 2 DAGs
[2023-08-24T15:40:52.070+0100] {logging_mixin.py:151} INFO - [2023-08-24T15:40:52.070+0100] {dag.py:3677} INFO - Setting next_dagrun for example_xcom_args to None, run_after=None
[2023-08-24T15:40:52.073+0100] {logging_mixin.py:151} INFO - [2023-08-24T15:40:52.073+0100] {dag.py:3677} INFO - Setting next_dagrun for example_xcom_args_with_operators to None, run_after=None
[2023-08-24T15:40:52.187+0100] {processor.py:179} INFO - Processing /home/samuel/dev/airflow_learning/venv/lib/python3.10/site-packages/airflow/example_dags/example_xcomargs.py took 0.169 seconds
[2023-08-24T15:41:44.823+0100] {processor.py:157} INFO - Started process (PID=6670) to work on /home/samuel/dev/airflow_learning/venv/lib/python3.10/site-packages/airflow/example_dags/example_xcomargs.py
[2023-08-24T15:41:44.826+0100] {processor.py:829} INFO - Processing file /home/samuel/dev/airflow_learning/venv/lib/python3.10/site-packages/airflow/example_dags/example_xcomargs.py for tasks to queue
[2023-08-24T15:41:44.827+0100] {logging_mixin.py:151} INFO - [2023-08-24T15:41:44.827+0100] {dagbag.py:539} INFO - Filling up the DagBag from /home/samuel/dev/airflow_learning/venv/lib/python3.10/site-packages/airflow/example_dags/example_xcomargs.py
[2023-08-24T15:41:44.837+0100] {processor.py:839} INFO - DAG(s) dict_keys(['example_xcom_args_with_operators', 'example_xcom_args']) retrieved from /home/samuel/dev/airflow_learning/venv/lib/python3.10/site-packages/airflow/example_dags/example_xcomargs.py
[2023-08-24T15:41:44.859+0100] {logging_mixin.py:151} INFO - [2023-08-24T15:41:44.859+0100] {dag.py:2907} INFO - Sync 2 DAGs
[2023-08-24T15:41:44.871+0100] {logging_mixin.py:151} INFO - [2023-08-24T15:41:44.870+0100] {dag.py:3677} INFO - Setting next_dagrun for example_xcom_args to None, run_after=None
[2023-08-24T15:41:44.874+0100] {logging_mixin.py:151} INFO - [2023-08-24T15:41:44.873+0100] {dag.py:3677} INFO - Setting next_dagrun for example_xcom_args_with_operators to None, run_after=None
[2023-08-24T15:41:45.006+0100] {processor.py:179} INFO - Processing /home/samuel/dev/airflow_learning/venv/lib/python3.10/site-packages/airflow/example_dags/example_xcomargs.py took 0.187 seconds
[2023-08-24T15:42:35.369+0100] {processor.py:157} INFO - Started process (PID=6781) to work on /home/samuel/dev/airflow_learning/venv/lib/python3.10/site-packages/airflow/example_dags/example_xcomargs.py
[2023-08-24T15:42:35.376+0100] {processor.py:829} INFO - Processing file /home/samuel/dev/airflow_learning/venv/lib/python3.10/site-packages/airflow/example_dags/example_xcomargs.py for tasks to queue
[2023-08-24T15:42:35.377+0100] {logging_mixin.py:151} INFO - [2023-08-24T15:42:35.377+0100] {dagbag.py:539} INFO - Filling up the DagBag from /home/samuel/dev/airflow_learning/venv/lib/python3.10/site-packages/airflow/example_dags/example_xcomargs.py
[2023-08-24T15:42:35.387+0100] {processor.py:839} INFO - DAG(s) dict_keys(['example_xcom_args', 'example_xcom_args_with_operators']) retrieved from /home/samuel/dev/airflow_learning/venv/lib/python3.10/site-packages/airflow/example_dags/example_xcomargs.py
[2023-08-24T15:42:35.409+0100] {logging_mixin.py:151} INFO - [2023-08-24T15:42:35.409+0100] {dag.py:2907} INFO - Sync 2 DAGs
[2023-08-24T15:42:35.421+0100] {logging_mixin.py:151} INFO - [2023-08-24T15:42:35.420+0100] {dag.py:3677} INFO - Setting next_dagrun for example_xcom_args to None, run_after=None
[2023-08-24T15:42:35.424+0100] {logging_mixin.py:151} INFO - [2023-08-24T15:42:35.423+0100] {dag.py:3677} INFO - Setting next_dagrun for example_xcom_args_with_operators to None, run_after=None
[2023-08-24T15:42:35.546+0100] {processor.py:179} INFO - Processing /home/samuel/dev/airflow_learning/venv/lib/python3.10/site-packages/airflow/example_dags/example_xcomargs.py took 0.181 seconds
[2023-08-24T15:43:30.233+0100] {processor.py:157} INFO - Started process (PID=6833) to work on /home/samuel/dev/airflow_learning/venv/lib/python3.10/site-packages/airflow/example_dags/example_xcomargs.py
[2023-08-24T15:43:30.236+0100] {processor.py:829} INFO - Processing file /home/samuel/dev/airflow_learning/venv/lib/python3.10/site-packages/airflow/example_dags/example_xcomargs.py for tasks to queue
[2023-08-24T15:43:30.238+0100] {logging_mixin.py:151} INFO - [2023-08-24T15:43:30.237+0100] {dagbag.py:539} INFO - Filling up the DagBag from /home/samuel/dev/airflow_learning/venv/lib/python3.10/site-packages/airflow/example_dags/example_xcomargs.py
[2023-08-24T15:43:30.248+0100] {processor.py:839} INFO - DAG(s) dict_keys(['example_xcom_args_with_operators', 'example_xcom_args']) retrieved from /home/samuel/dev/airflow_learning/venv/lib/python3.10/site-packages/airflow/example_dags/example_xcomargs.py
[2023-08-24T15:43:30.270+0100] {logging_mixin.py:151} INFO - [2023-08-24T15:43:30.270+0100] {dag.py:2907} INFO - Sync 2 DAGs
[2023-08-24T15:43:30.282+0100] {logging_mixin.py:151} INFO - [2023-08-24T15:43:30.282+0100] {dag.py:3677} INFO - Setting next_dagrun for example_xcom_args to None, run_after=None
[2023-08-24T15:43:30.285+0100] {logging_mixin.py:151} INFO - [2023-08-24T15:43:30.285+0100] {dag.py:3677} INFO - Setting next_dagrun for example_xcom_args_with_operators to None, run_after=None
[2023-08-24T15:43:30.418+0100] {processor.py:179} INFO - Processing /home/samuel/dev/airflow_learning/venv/lib/python3.10/site-packages/airflow/example_dags/example_xcomargs.py took 0.188 seconds
[2023-08-24T15:44:22.510+0100] {processor.py:157} INFO - Started process (PID=6883) to work on /home/samuel/dev/airflow_learning/venv/lib/python3.10/site-packages/airflow/example_dags/example_xcomargs.py
[2023-08-24T15:44:22.541+0100] {processor.py:829} INFO - Processing file /home/samuel/dev/airflow_learning/venv/lib/python3.10/site-packages/airflow/example_dags/example_xcomargs.py for tasks to queue
[2023-08-24T15:44:22.542+0100] {logging_mixin.py:151} INFO - [2023-08-24T15:44:22.542+0100] {dagbag.py:539} INFO - Filling up the DagBag from /home/samuel/dev/airflow_learning/venv/lib/python3.10/site-packages/airflow/example_dags/example_xcomargs.py
[2023-08-24T15:44:22.553+0100] {processor.py:839} INFO - DAG(s) dict_keys(['example_xcom_args_with_operators', 'example_xcom_args']) retrieved from /home/samuel/dev/airflow_learning/venv/lib/python3.10/site-packages/airflow/example_dags/example_xcomargs.py
[2023-08-24T15:44:22.577+0100] {logging_mixin.py:151} INFO - [2023-08-24T15:44:22.576+0100] {dag.py:2907} INFO - Sync 2 DAGs
[2023-08-24T15:44:22.590+0100] {logging_mixin.py:151} INFO - [2023-08-24T15:44:22.590+0100] {dag.py:3677} INFO - Setting next_dagrun for example_xcom_args to None, run_after=None
[2023-08-24T15:44:22.593+0100] {logging_mixin.py:151} INFO - [2023-08-24T15:44:22.593+0100] {dag.py:3677} INFO - Setting next_dagrun for example_xcom_args_with_operators to None, run_after=None
[2023-08-24T15:44:22.699+0100] {processor.py:179} INFO - Processing /home/samuel/dev/airflow_learning/venv/lib/python3.10/site-packages/airflow/example_dags/example_xcomargs.py took 0.193 seconds
[2023-08-24T15:45:13.362+0100] {processor.py:157} INFO - Started process (PID=6933) to work on /home/samuel/dev/airflow_learning/venv/lib/python3.10/site-packages/airflow/example_dags/example_xcomargs.py
[2023-08-24T15:45:13.364+0100] {processor.py:829} INFO - Processing file /home/samuel/dev/airflow_learning/venv/lib/python3.10/site-packages/airflow/example_dags/example_xcomargs.py for tasks to queue
[2023-08-24T15:45:13.365+0100] {logging_mixin.py:151} INFO - [2023-08-24T15:45:13.364+0100] {dagbag.py:539} INFO - Filling up the DagBag from /home/samuel/dev/airflow_learning/venv/lib/python3.10/site-packages/airflow/example_dags/example_xcomargs.py
[2023-08-24T15:45:13.375+0100] {processor.py:839} INFO - DAG(s) dict_keys(['example_xcom_args_with_operators', 'example_xcom_args']) retrieved from /home/samuel/dev/airflow_learning/venv/lib/python3.10/site-packages/airflow/example_dags/example_xcomargs.py
[2023-08-24T15:45:13.396+0100] {logging_mixin.py:151} INFO - [2023-08-24T15:45:13.396+0100] {dag.py:2907} INFO - Sync 2 DAGs
[2023-08-24T15:45:13.408+0100] {logging_mixin.py:151} INFO - [2023-08-24T15:45:13.408+0100] {dag.py:3677} INFO - Setting next_dagrun for example_xcom_args to None, run_after=None
[2023-08-24T15:45:13.411+0100] {logging_mixin.py:151} INFO - [2023-08-24T15:45:13.411+0100] {dag.py:3677} INFO - Setting next_dagrun for example_xcom_args_with_operators to None, run_after=None
[2023-08-24T15:45:13.519+0100] {processor.py:179} INFO - Processing /home/samuel/dev/airflow_learning/venv/lib/python3.10/site-packages/airflow/example_dags/example_xcomargs.py took 0.160 seconds
[2023-08-24T15:46:03.841+0100] {processor.py:157} INFO - Started process (PID=6981) to work on /home/samuel/dev/airflow_learning/venv/lib/python3.10/site-packages/airflow/example_dags/example_xcomargs.py
[2023-08-24T15:46:03.844+0100] {processor.py:829} INFO - Processing file /home/samuel/dev/airflow_learning/venv/lib/python3.10/site-packages/airflow/example_dags/example_xcomargs.py for tasks to queue
[2023-08-24T15:46:03.845+0100] {logging_mixin.py:151} INFO - [2023-08-24T15:46:03.845+0100] {dagbag.py:539} INFO - Filling up the DagBag from /home/samuel/dev/airflow_learning/venv/lib/python3.10/site-packages/airflow/example_dags/example_xcomargs.py
[2023-08-24T15:46:03.856+0100] {processor.py:839} INFO - DAG(s) dict_keys(['example_xcom_args', 'example_xcom_args_with_operators']) retrieved from /home/samuel/dev/airflow_learning/venv/lib/python3.10/site-packages/airflow/example_dags/example_xcomargs.py
[2023-08-24T15:46:03.878+0100] {logging_mixin.py:151} INFO - [2023-08-24T15:46:03.878+0100] {dag.py:2907} INFO - Sync 2 DAGs
[2023-08-24T15:46:03.890+0100] {logging_mixin.py:151} INFO - [2023-08-24T15:46:03.890+0100] {dag.py:3677} INFO - Setting next_dagrun for example_xcom_args to None, run_after=None
[2023-08-24T15:46:03.893+0100] {logging_mixin.py:151} INFO - [2023-08-24T15:46:03.893+0100] {dag.py:3677} INFO - Setting next_dagrun for example_xcom_args_with_operators to None, run_after=None
[2023-08-24T15:46:04.018+0100] {processor.py:179} INFO - Processing /home/samuel/dev/airflow_learning/venv/lib/python3.10/site-packages/airflow/example_dags/example_xcomargs.py took 0.181 seconds
[2023-08-24T15:46:59.022+0100] {processor.py:157} INFO - Started process (PID=7032) to work on /home/samuel/dev/airflow_learning/venv/lib/python3.10/site-packages/airflow/example_dags/example_xcomargs.py
[2023-08-24T15:46:59.024+0100] {processor.py:829} INFO - Processing file /home/samuel/dev/airflow_learning/venv/lib/python3.10/site-packages/airflow/example_dags/example_xcomargs.py for tasks to queue
[2023-08-24T15:46:59.025+0100] {logging_mixin.py:151} INFO - [2023-08-24T15:46:59.025+0100] {dagbag.py:539} INFO - Filling up the DagBag from /home/samuel/dev/airflow_learning/venv/lib/python3.10/site-packages/airflow/example_dags/example_xcomargs.py
[2023-08-24T15:46:59.035+0100] {processor.py:839} INFO - DAG(s) dict_keys(['example_xcom_args', 'example_xcom_args_with_operators']) retrieved from /home/samuel/dev/airflow_learning/venv/lib/python3.10/site-packages/airflow/example_dags/example_xcomargs.py
[2023-08-24T15:46:59.057+0100] {logging_mixin.py:151} INFO - [2023-08-24T15:46:59.057+0100] {dag.py:2907} INFO - Sync 2 DAGs
[2023-08-24T15:46:59.069+0100] {logging_mixin.py:151} INFO - [2023-08-24T15:46:59.069+0100] {dag.py:3677} INFO - Setting next_dagrun for example_xcom_args to None, run_after=None
[2023-08-24T15:46:59.072+0100] {logging_mixin.py:151} INFO - [2023-08-24T15:46:59.072+0100] {dag.py:3677} INFO - Setting next_dagrun for example_xcom_args_with_operators to None, run_after=None
[2023-08-24T15:46:59.197+0100] {processor.py:179} INFO - Processing /home/samuel/dev/airflow_learning/venv/lib/python3.10/site-packages/airflow/example_dags/example_xcomargs.py took 0.179 seconds
[2023-08-24T15:47:50.854+0100] {processor.py:157} INFO - Started process (PID=7081) to work on /home/samuel/dev/airflow_learning/venv/lib/python3.10/site-packages/airflow/example_dags/example_xcomargs.py
[2023-08-24T15:47:50.857+0100] {processor.py:829} INFO - Processing file /home/samuel/dev/airflow_learning/venv/lib/python3.10/site-packages/airflow/example_dags/example_xcomargs.py for tasks to queue
[2023-08-24T15:47:50.858+0100] {logging_mixin.py:151} INFO - [2023-08-24T15:47:50.858+0100] {dagbag.py:539} INFO - Filling up the DagBag from /home/samuel/dev/airflow_learning/venv/lib/python3.10/site-packages/airflow/example_dags/example_xcomargs.py
[2023-08-24T15:47:50.868+0100] {processor.py:839} INFO - DAG(s) dict_keys(['example_xcom_args', 'example_xcom_args_with_operators']) retrieved from /home/samuel/dev/airflow_learning/venv/lib/python3.10/site-packages/airflow/example_dags/example_xcomargs.py
[2023-08-24T15:47:50.888+0100] {logging_mixin.py:151} INFO - [2023-08-24T15:47:50.888+0100] {dag.py:2907} INFO - Sync 2 DAGs
[2023-08-24T15:47:50.901+0100] {logging_mixin.py:151} INFO - [2023-08-24T15:47:50.900+0100] {dag.py:3677} INFO - Setting next_dagrun for example_xcom_args to None, run_after=None
[2023-08-24T15:47:50.904+0100] {logging_mixin.py:151} INFO - [2023-08-24T15:47:50.904+0100] {dag.py:3677} INFO - Setting next_dagrun for example_xcom_args_with_operators to None, run_after=None
[2023-08-24T15:47:51.017+0100] {processor.py:179} INFO - Processing /home/samuel/dev/airflow_learning/venv/lib/python3.10/site-packages/airflow/example_dags/example_xcomargs.py took 0.166 seconds
[2023-08-24T15:48:46.366+0100] {processor.py:157} INFO - Started process (PID=7150) to work on /home/samuel/dev/airflow_learning/venv/lib/python3.10/site-packages/airflow/example_dags/example_xcomargs.py
[2023-08-24T15:48:46.369+0100] {processor.py:829} INFO - Processing file /home/samuel/dev/airflow_learning/venv/lib/python3.10/site-packages/airflow/example_dags/example_xcomargs.py for tasks to queue
[2023-08-24T15:48:46.370+0100] {logging_mixin.py:151} INFO - [2023-08-24T15:48:46.369+0100] {dagbag.py:539} INFO - Filling up the DagBag from /home/samuel/dev/airflow_learning/venv/lib/python3.10/site-packages/airflow/example_dags/example_xcomargs.py
[2023-08-24T15:48:46.381+0100] {processor.py:839} INFO - DAG(s) dict_keys(['example_xcom_args_with_operators', 'example_xcom_args']) retrieved from /home/samuel/dev/airflow_learning/venv/lib/python3.10/site-packages/airflow/example_dags/example_xcomargs.py
[2023-08-24T15:48:46.410+0100] {logging_mixin.py:151} INFO - [2023-08-24T15:48:46.409+0100] {dag.py:2907} INFO - Sync 2 DAGs
[2023-08-24T15:48:46.421+0100] {logging_mixin.py:151} INFO - [2023-08-24T15:48:46.421+0100] {dag.py:3677} INFO - Setting next_dagrun for example_xcom_args to None, run_after=None
[2023-08-24T15:48:46.424+0100] {logging_mixin.py:151} INFO - [2023-08-24T15:48:46.424+0100] {dag.py:3677} INFO - Setting next_dagrun for example_xcom_args_with_operators to None, run_after=None
[2023-08-24T15:48:46.570+0100] {processor.py:179} INFO - Processing /home/samuel/dev/airflow_learning/venv/lib/python3.10/site-packages/airflow/example_dags/example_xcomargs.py took 0.208 seconds
[2023-08-24T15:49:35.237+0100] {processor.py:157} INFO - Started process (PID=7198) to work on /home/samuel/dev/airflow_learning/venv/lib/python3.10/site-packages/airflow/example_dags/example_xcomargs.py
[2023-08-24T15:49:35.239+0100] {processor.py:829} INFO - Processing file /home/samuel/dev/airflow_learning/venv/lib/python3.10/site-packages/airflow/example_dags/example_xcomargs.py for tasks to queue
[2023-08-24T15:49:35.240+0100] {logging_mixin.py:151} INFO - [2023-08-24T15:49:35.239+0100] {dagbag.py:539} INFO - Filling up the DagBag from /home/samuel/dev/airflow_learning/venv/lib/python3.10/site-packages/airflow/example_dags/example_xcomargs.py
[2023-08-24T15:49:35.249+0100] {processor.py:839} INFO - DAG(s) dict_keys(['example_xcom_args_with_operators', 'example_xcom_args']) retrieved from /home/samuel/dev/airflow_learning/venv/lib/python3.10/site-packages/airflow/example_dags/example_xcomargs.py
[2023-08-24T15:49:35.270+0100] {logging_mixin.py:151} INFO - [2023-08-24T15:49:35.270+0100] {dag.py:2907} INFO - Sync 2 DAGs
[2023-08-24T15:49:35.282+0100] {logging_mixin.py:151} INFO - [2023-08-24T15:49:35.282+0100] {dag.py:3677} INFO - Setting next_dagrun for example_xcom_args to None, run_after=None
[2023-08-24T15:49:35.285+0100] {logging_mixin.py:151} INFO - [2023-08-24T15:49:35.285+0100] {dag.py:3677} INFO - Setting next_dagrun for example_xcom_args_with_operators to None, run_after=None
[2023-08-24T15:49:35.383+0100] {processor.py:179} INFO - Processing /home/samuel/dev/airflow_learning/venv/lib/python3.10/site-packages/airflow/example_dags/example_xcomargs.py took 0.149 seconds
[2023-08-24T15:50:23.858+0100] {processor.py:157} INFO - Started process (PID=7244) to work on /home/samuel/dev/airflow_learning/venv/lib/python3.10/site-packages/airflow/example_dags/example_xcomargs.py
[2023-08-24T15:50:23.861+0100] {processor.py:829} INFO - Processing file /home/samuel/dev/airflow_learning/venv/lib/python3.10/site-packages/airflow/example_dags/example_xcomargs.py for tasks to queue
[2023-08-24T15:50:23.862+0100] {logging_mixin.py:151} INFO - [2023-08-24T15:50:23.862+0100] {dagbag.py:539} INFO - Filling up the DagBag from /home/samuel/dev/airflow_learning/venv/lib/python3.10/site-packages/airflow/example_dags/example_xcomargs.py
[2023-08-24T15:50:23.873+0100] {processor.py:839} INFO - DAG(s) dict_keys(['example_xcom_args', 'example_xcom_args_with_operators']) retrieved from /home/samuel/dev/airflow_learning/venv/lib/python3.10/site-packages/airflow/example_dags/example_xcomargs.py
[2023-08-24T15:50:23.894+0100] {logging_mixin.py:151} INFO - [2023-08-24T15:50:23.894+0100] {dag.py:2907} INFO - Sync 2 DAGs
[2023-08-24T15:50:23.905+0100] {logging_mixin.py:151} INFO - [2023-08-24T15:50:23.905+0100] {dag.py:3677} INFO - Setting next_dagrun for example_xcom_args to None, run_after=None
[2023-08-24T15:50:23.908+0100] {logging_mixin.py:151} INFO - [2023-08-24T15:50:23.908+0100] {dag.py:3677} INFO - Setting next_dagrun for example_xcom_args_with_operators to None, run_after=None
[2023-08-24T15:50:24.032+0100] {processor.py:179} INFO - Processing /home/samuel/dev/airflow_learning/venv/lib/python3.10/site-packages/airflow/example_dags/example_xcomargs.py took 0.178 seconds
[2023-08-24T15:51:17.026+0100] {processor.py:157} INFO - Started process (PID=7293) to work on /home/samuel/dev/airflow_learning/venv/lib/python3.10/site-packages/airflow/example_dags/example_xcomargs.py
[2023-08-24T15:51:17.029+0100] {processor.py:829} INFO - Processing file /home/samuel/dev/airflow_learning/venv/lib/python3.10/site-packages/airflow/example_dags/example_xcomargs.py for tasks to queue
[2023-08-24T15:51:17.030+0100] {logging_mixin.py:151} INFO - [2023-08-24T15:51:17.029+0100] {dagbag.py:539} INFO - Filling up the DagBag from /home/samuel/dev/airflow_learning/venv/lib/python3.10/site-packages/airflow/example_dags/example_xcomargs.py
[2023-08-24T15:51:17.040+0100] {processor.py:839} INFO - DAG(s) dict_keys(['example_xcom_args', 'example_xcom_args_with_operators']) retrieved from /home/samuel/dev/airflow_learning/venv/lib/python3.10/site-packages/airflow/example_dags/example_xcomargs.py
[2023-08-24T15:51:17.062+0100] {logging_mixin.py:151} INFO - [2023-08-24T15:51:17.062+0100] {dag.py:2907} INFO - Sync 2 DAGs
[2023-08-24T15:51:17.074+0100] {logging_mixin.py:151} INFO - [2023-08-24T15:51:17.073+0100] {dag.py:3677} INFO - Setting next_dagrun for example_xcom_args to None, run_after=None
[2023-08-24T15:51:17.076+0100] {logging_mixin.py:151} INFO - [2023-08-24T15:51:17.076+0100] {dag.py:3677} INFO - Setting next_dagrun for example_xcom_args_with_operators to None, run_after=None
[2023-08-24T15:51:17.198+0100] {processor.py:179} INFO - Processing /home/samuel/dev/airflow_learning/venv/lib/python3.10/site-packages/airflow/example_dags/example_xcomargs.py took 0.176 seconds
[2023-08-24T15:52:07.634+0100] {processor.py:157} INFO - Started process (PID=7351) to work on /home/samuel/dev/airflow_learning/venv/lib/python3.10/site-packages/airflow/example_dags/example_xcomargs.py
[2023-08-24T15:52:07.670+0100] {processor.py:829} INFO - Processing file /home/samuel/dev/airflow_learning/venv/lib/python3.10/site-packages/airflow/example_dags/example_xcomargs.py for tasks to queue
[2023-08-24T15:52:07.671+0100] {logging_mixin.py:151} INFO - [2023-08-24T15:52:07.671+0100] {dagbag.py:539} INFO - Filling up the DagBag from /home/samuel/dev/airflow_learning/venv/lib/python3.10/site-packages/airflow/example_dags/example_xcomargs.py
[2023-08-24T15:52:07.682+0100] {processor.py:839} INFO - DAG(s) dict_keys(['example_xcom_args_with_operators', 'example_xcom_args']) retrieved from /home/samuel/dev/airflow_learning/venv/lib/python3.10/site-packages/airflow/example_dags/example_xcomargs.py
[2023-08-24T15:52:07.706+0100] {logging_mixin.py:151} INFO - [2023-08-24T15:52:07.706+0100] {dag.py:2907} INFO - Sync 2 DAGs
[2023-08-24T15:52:07.720+0100] {logging_mixin.py:151} INFO - [2023-08-24T15:52:07.720+0100] {dag.py:3677} INFO - Setting next_dagrun for example_xcom_args to None, run_after=None
[2023-08-24T15:52:07.723+0100] {logging_mixin.py:151} INFO - [2023-08-24T15:52:07.723+0100] {dag.py:3677} INFO - Setting next_dagrun for example_xcom_args_with_operators to None, run_after=None
[2023-08-24T15:52:07.843+0100] {processor.py:179} INFO - Processing /home/samuel/dev/airflow_learning/venv/lib/python3.10/site-packages/airflow/example_dags/example_xcomargs.py took 0.212 seconds
[2023-08-24T15:52:55.558+0100] {processor.py:157} INFO - Started process (PID=7398) to work on /home/samuel/dev/airflow_learning/venv/lib/python3.10/site-packages/airflow/example_dags/example_xcomargs.py
[2023-08-24T15:52:55.561+0100] {processor.py:829} INFO - Processing file /home/samuel/dev/airflow_learning/venv/lib/python3.10/site-packages/airflow/example_dags/example_xcomargs.py for tasks to queue
[2023-08-24T15:52:55.562+0100] {logging_mixin.py:151} INFO - [2023-08-24T15:52:55.562+0100] {dagbag.py:539} INFO - Filling up the DagBag from /home/samuel/dev/airflow_learning/venv/lib/python3.10/site-packages/airflow/example_dags/example_xcomargs.py
[2023-08-24T15:52:55.572+0100] {processor.py:839} INFO - DAG(s) dict_keys(['example_xcom_args_with_operators', 'example_xcom_args']) retrieved from /home/samuel/dev/airflow_learning/venv/lib/python3.10/site-packages/airflow/example_dags/example_xcomargs.py
[2023-08-24T15:52:55.594+0100] {logging_mixin.py:151} INFO - [2023-08-24T15:52:55.593+0100] {dag.py:2907} INFO - Sync 2 DAGs
[2023-08-24T15:52:55.605+0100] {logging_mixin.py:151} INFO - [2023-08-24T15:52:55.605+0100] {dag.py:3677} INFO - Setting next_dagrun for example_xcom_args to None, run_after=None
[2023-08-24T15:52:55.608+0100] {logging_mixin.py:151} INFO - [2023-08-24T15:52:55.608+0100] {dag.py:3677} INFO - Setting next_dagrun for example_xcom_args_with_operators to None, run_after=None
[2023-08-24T15:52:55.814+0100] {processor.py:179} INFO - Processing /home/samuel/dev/airflow_learning/venv/lib/python3.10/site-packages/airflow/example_dags/example_xcomargs.py took 0.259 seconds
[2023-08-24T15:53:49.302+0100] {processor.py:157} INFO - Started process (PID=7520) to work on /home/samuel/dev/airflow_learning/venv/lib/python3.10/site-packages/airflow/example_dags/example_xcomargs.py
[2023-08-24T15:53:49.320+0100] {processor.py:829} INFO - Processing file /home/samuel/dev/airflow_learning/venv/lib/python3.10/site-packages/airflow/example_dags/example_xcomargs.py for tasks to queue
[2023-08-24T15:53:49.321+0100] {logging_mixin.py:151} INFO - [2023-08-24T15:53:49.321+0100] {dagbag.py:539} INFO - Filling up the DagBag from /home/samuel/dev/airflow_learning/venv/lib/python3.10/site-packages/airflow/example_dags/example_xcomargs.py
[2023-08-24T15:53:49.332+0100] {processor.py:839} INFO - DAG(s) dict_keys(['example_xcom_args', 'example_xcom_args_with_operators']) retrieved from /home/samuel/dev/airflow_learning/venv/lib/python3.10/site-packages/airflow/example_dags/example_xcomargs.py
[2023-08-24T15:53:49.356+0100] {logging_mixin.py:151} INFO - [2023-08-24T15:53:49.356+0100] {dag.py:2907} INFO - Sync 2 DAGs
[2023-08-24T15:53:49.368+0100] {logging_mixin.py:151} INFO - [2023-08-24T15:53:49.368+0100] {dag.py:3677} INFO - Setting next_dagrun for example_xcom_args to None, run_after=None
[2023-08-24T15:53:49.371+0100] {logging_mixin.py:151} INFO - [2023-08-24T15:53:49.371+0100] {dag.py:3677} INFO - Setting next_dagrun for example_xcom_args_with_operators to None, run_after=None
[2023-08-24T15:53:49.469+0100] {processor.py:179} INFO - Processing /home/samuel/dev/airflow_learning/venv/lib/python3.10/site-packages/airflow/example_dags/example_xcomargs.py took 0.171 seconds
[2023-08-24T15:54:56.387+0100] {processor.py:157} INFO - Started process (PID=7607) to work on /home/samuel/dev/airflow_learning/venv/lib/python3.10/site-packages/airflow/example_dags/example_xcomargs.py
[2023-08-24T15:54:56.388+0100] {processor.py:829} INFO - Processing file /home/samuel/dev/airflow_learning/venv/lib/python3.10/site-packages/airflow/example_dags/example_xcomargs.py for tasks to queue
[2023-08-24T15:54:56.389+0100] {logging_mixin.py:151} INFO - [2023-08-24T15:54:56.389+0100] {dagbag.py:539} INFO - Filling up the DagBag from /home/samuel/dev/airflow_learning/venv/lib/python3.10/site-packages/airflow/example_dags/example_xcomargs.py
[2023-08-24T15:54:56.399+0100] {processor.py:839} INFO - DAG(s) dict_keys(['example_xcom_args_with_operators', 'example_xcom_args']) retrieved from /home/samuel/dev/airflow_learning/venv/lib/python3.10/site-packages/airflow/example_dags/example_xcomargs.py
[2023-08-24T15:54:56.420+0100] {logging_mixin.py:151} INFO - [2023-08-24T15:54:56.420+0100] {dag.py:2907} INFO - Sync 2 DAGs
[2023-08-24T15:54:56.432+0100] {logging_mixin.py:151} INFO - [2023-08-24T15:54:56.431+0100] {dag.py:3677} INFO - Setting next_dagrun for example_xcom_args to None, run_after=None
[2023-08-24T15:54:56.435+0100] {logging_mixin.py:151} INFO - [2023-08-24T15:54:56.434+0100] {dag.py:3677} INFO - Setting next_dagrun for example_xcom_args_with_operators to None, run_after=None
[2023-08-24T15:54:56.551+0100] {processor.py:179} INFO - Processing /home/samuel/dev/airflow_learning/venv/lib/python3.10/site-packages/airflow/example_dags/example_xcomargs.py took 0.167 seconds
[2023-08-24T15:55:54.557+0100] {processor.py:157} INFO - Started process (PID=7699) to work on /home/samuel/dev/airflow_learning/venv/lib/python3.10/site-packages/airflow/example_dags/example_xcomargs.py
[2023-08-24T15:55:54.605+0100] {processor.py:829} INFO - Processing file /home/samuel/dev/airflow_learning/venv/lib/python3.10/site-packages/airflow/example_dags/example_xcomargs.py for tasks to queue
[2023-08-24T15:55:54.607+0100] {logging_mixin.py:151} INFO - [2023-08-24T15:55:54.606+0100] {dagbag.py:539} INFO - Filling up the DagBag from /home/samuel/dev/airflow_learning/venv/lib/python3.10/site-packages/airflow/example_dags/example_xcomargs.py
[2023-08-24T15:55:54.617+0100] {processor.py:839} INFO - DAG(s) dict_keys(['example_xcom_args_with_operators', 'example_xcom_args']) retrieved from /home/samuel/dev/airflow_learning/venv/lib/python3.10/site-packages/airflow/example_dags/example_xcomargs.py
[2023-08-24T15:55:54.640+0100] {logging_mixin.py:151} INFO - [2023-08-24T15:55:54.640+0100] {dag.py:2907} INFO - Sync 2 DAGs
[2023-08-24T15:55:54.652+0100] {logging_mixin.py:151} INFO - [2023-08-24T15:55:54.652+0100] {dag.py:3677} INFO - Setting next_dagrun for example_xcom_args to None, run_after=None
[2023-08-24T15:55:54.655+0100] {logging_mixin.py:151} INFO - [2023-08-24T15:55:54.655+0100] {dag.py:3677} INFO - Setting next_dagrun for example_xcom_args_with_operators to None, run_after=None
[2023-08-24T15:55:54.765+0100] {processor.py:179} INFO - Processing /home/samuel/dev/airflow_learning/venv/lib/python3.10/site-packages/airflow/example_dags/example_xcomargs.py took 0.211 seconds
[2023-08-24T15:56:46.078+0100] {processor.py:157} INFO - Started process (PID=7847) to work on /home/samuel/dev/airflow_learning/venv/lib/python3.10/site-packages/airflow/example_dags/example_xcomargs.py
[2023-08-24T15:56:46.079+0100] {processor.py:829} INFO - Processing file /home/samuel/dev/airflow_learning/venv/lib/python3.10/site-packages/airflow/example_dags/example_xcomargs.py for tasks to queue
[2023-08-24T15:56:46.080+0100] {logging_mixin.py:151} INFO - [2023-08-24T15:56:46.080+0100] {dagbag.py:539} INFO - Filling up the DagBag from /home/samuel/dev/airflow_learning/venv/lib/python3.10/site-packages/airflow/example_dags/example_xcomargs.py
[2023-08-24T15:56:46.091+0100] {processor.py:839} INFO - DAG(s) dict_keys(['example_xcom_args', 'example_xcom_args_with_operators']) retrieved from /home/samuel/dev/airflow_learning/venv/lib/python3.10/site-packages/airflow/example_dags/example_xcomargs.py
[2023-08-24T15:56:46.113+0100] {logging_mixin.py:151} INFO - [2023-08-24T15:56:46.113+0100] {dag.py:2907} INFO - Sync 2 DAGs
[2023-08-24T15:56:46.128+0100] {logging_mixin.py:151} INFO - [2023-08-24T15:56:46.128+0100] {dag.py:3677} INFO - Setting next_dagrun for example_xcom_args to None, run_after=None
[2023-08-24T15:56:46.132+0100] {logging_mixin.py:151} INFO - [2023-08-24T15:56:46.132+0100] {dag.py:3677} INFO - Setting next_dagrun for example_xcom_args_with_operators to None, run_after=None
[2023-08-24T15:56:46.229+0100] {processor.py:179} INFO - Processing /home/samuel/dev/airflow_learning/venv/lib/python3.10/site-packages/airflow/example_dags/example_xcomargs.py took 0.155 seconds
[2023-08-24T15:57:37.451+0100] {processor.py:157} INFO - Started process (PID=7896) to work on /home/samuel/dev/airflow_learning/venv/lib/python3.10/site-packages/airflow/example_dags/example_xcomargs.py
[2023-08-24T15:57:37.452+0100] {processor.py:829} INFO - Processing file /home/samuel/dev/airflow_learning/venv/lib/python3.10/site-packages/airflow/example_dags/example_xcomargs.py for tasks to queue
[2023-08-24T15:57:37.453+0100] {logging_mixin.py:151} INFO - [2023-08-24T15:57:37.453+0100] {dagbag.py:539} INFO - Filling up the DagBag from /home/samuel/dev/airflow_learning/venv/lib/python3.10/site-packages/airflow/example_dags/example_xcomargs.py
[2023-08-24T15:57:37.463+0100] {processor.py:839} INFO - DAG(s) dict_keys(['example_xcom_args', 'example_xcom_args_with_operators']) retrieved from /home/samuel/dev/airflow_learning/venv/lib/python3.10/site-packages/airflow/example_dags/example_xcomargs.py
[2023-08-24T15:57:37.484+0100] {logging_mixin.py:151} INFO - [2023-08-24T15:57:37.484+0100] {dag.py:2907} INFO - Sync 2 DAGs
[2023-08-24T15:57:37.496+0100] {logging_mixin.py:151} INFO - [2023-08-24T15:57:37.496+0100] {dag.py:3677} INFO - Setting next_dagrun for example_xcom_args to None, run_after=None
[2023-08-24T15:57:37.499+0100] {logging_mixin.py:151} INFO - [2023-08-24T15:57:37.499+0100] {dag.py:3677} INFO - Setting next_dagrun for example_xcom_args_with_operators to None, run_after=None
[2023-08-24T15:57:37.651+0100] {processor.py:179} INFO - Processing /home/samuel/dev/airflow_learning/venv/lib/python3.10/site-packages/airflow/example_dags/example_xcomargs.py took 0.204 seconds
[2023-08-24T15:58:30.111+0100] {processor.py:157} INFO - Started process (PID=7955) to work on /home/samuel/dev/airflow_learning/venv/lib/python3.10/site-packages/airflow/example_dags/example_xcomargs.py
[2023-08-24T15:58:30.113+0100] {processor.py:829} INFO - Processing file /home/samuel/dev/airflow_learning/venv/lib/python3.10/site-packages/airflow/example_dags/example_xcomargs.py for tasks to queue
[2023-08-24T15:58:30.114+0100] {logging_mixin.py:151} INFO - [2023-08-24T15:58:30.114+0100] {dagbag.py:539} INFO - Filling up the DagBag from /home/samuel/dev/airflow_learning/venv/lib/python3.10/site-packages/airflow/example_dags/example_xcomargs.py
[2023-08-24T15:58:30.125+0100] {processor.py:839} INFO - DAG(s) dict_keys(['example_xcom_args_with_operators', 'example_xcom_args']) retrieved from /home/samuel/dev/airflow_learning/venv/lib/python3.10/site-packages/airflow/example_dags/example_xcomargs.py
[2023-08-24T15:58:30.147+0100] {logging_mixin.py:151} INFO - [2023-08-24T15:58:30.146+0100] {dag.py:2907} INFO - Sync 2 DAGs
[2023-08-24T15:58:30.161+0100] {logging_mixin.py:151} INFO - [2023-08-24T15:58:30.161+0100] {dag.py:3677} INFO - Setting next_dagrun for example_xcom_args to None, run_after=None
[2023-08-24T15:58:30.165+0100] {logging_mixin.py:151} INFO - [2023-08-24T15:58:30.165+0100] {dag.py:3677} INFO - Setting next_dagrun for example_xcom_args_with_operators to None, run_after=None
[2023-08-24T15:58:30.443+0100] {processor.py:179} INFO - Processing /home/samuel/dev/airflow_learning/venv/lib/python3.10/site-packages/airflow/example_dags/example_xcomargs.py took 0.336 seconds
[2023-08-24T15:59:24.454+0100] {processor.py:157} INFO - Started process (PID=8040) to work on /home/samuel/dev/airflow_learning/venv/lib/python3.10/site-packages/airflow/example_dags/example_xcomargs.py
[2023-08-24T15:59:24.488+0100] {processor.py:829} INFO - Processing file /home/samuel/dev/airflow_learning/venv/lib/python3.10/site-packages/airflow/example_dags/example_xcomargs.py for tasks to queue
[2023-08-24T15:59:24.489+0100] {logging_mixin.py:151} INFO - [2023-08-24T15:59:24.489+0100] {dagbag.py:539} INFO - Filling up the DagBag from /home/samuel/dev/airflow_learning/venv/lib/python3.10/site-packages/airflow/example_dags/example_xcomargs.py
[2023-08-24T15:59:24.501+0100] {processor.py:839} INFO - DAG(s) dict_keys(['example_xcom_args_with_operators', 'example_xcom_args']) retrieved from /home/samuel/dev/airflow_learning/venv/lib/python3.10/site-packages/airflow/example_dags/example_xcomargs.py
[2023-08-24T15:59:24.528+0100] {logging_mixin.py:151} INFO - [2023-08-24T15:59:24.528+0100] {dag.py:2907} INFO - Sync 2 DAGs
[2023-08-24T15:59:24.545+0100] {logging_mixin.py:151} INFO - [2023-08-24T15:59:24.545+0100] {dag.py:3677} INFO - Setting next_dagrun for example_xcom_args to None, run_after=None
[2023-08-24T15:59:24.549+0100] {logging_mixin.py:151} INFO - [2023-08-24T15:59:24.549+0100] {dag.py:3677} INFO - Setting next_dagrun for example_xcom_args_with_operators to None, run_after=None
[2023-08-24T15:59:24.653+0100] {processor.py:179} INFO - Processing /home/samuel/dev/airflow_learning/venv/lib/python3.10/site-packages/airflow/example_dags/example_xcomargs.py took 0.203 seconds
[2023-08-24T16:00:22.461+0100] {processor.py:157} INFO - Started process (PID=8268) to work on /home/samuel/dev/airflow_learning/venv/lib/python3.10/site-packages/airflow/example_dags/example_xcomargs.py
[2023-08-24T16:00:22.504+0100] {processor.py:829} INFO - Processing file /home/samuel/dev/airflow_learning/venv/lib/python3.10/site-packages/airflow/example_dags/example_xcomargs.py for tasks to queue
[2023-08-24T16:00:22.506+0100] {logging_mixin.py:151} INFO - [2023-08-24T16:00:22.505+0100] {dagbag.py:539} INFO - Filling up the DagBag from /home/samuel/dev/airflow_learning/venv/lib/python3.10/site-packages/airflow/example_dags/example_xcomargs.py
[2023-08-24T16:00:22.519+0100] {processor.py:839} INFO - DAG(s) dict_keys(['example_xcom_args', 'example_xcom_args_with_operators']) retrieved from /home/samuel/dev/airflow_learning/venv/lib/python3.10/site-packages/airflow/example_dags/example_xcomargs.py
[2023-08-24T16:00:22.540+0100] {logging_mixin.py:151} INFO - [2023-08-24T16:00:22.540+0100] {dag.py:2907} INFO - Sync 2 DAGs
[2023-08-24T16:00:22.552+0100] {logging_mixin.py:151} INFO - [2023-08-24T16:00:22.551+0100] {dag.py:3677} INFO - Setting next_dagrun for example_xcom_args to None, run_after=None
[2023-08-24T16:00:22.555+0100] {logging_mixin.py:151} INFO - [2023-08-24T16:00:22.555+0100] {dag.py:3677} INFO - Setting next_dagrun for example_xcom_args_with_operators to None, run_after=None
[2023-08-24T16:00:22.712+0100] {processor.py:179} INFO - Processing /home/samuel/dev/airflow_learning/venv/lib/python3.10/site-packages/airflow/example_dags/example_xcomargs.py took 0.254 seconds
[2023-08-24T16:01:15.718+0100] {processor.py:157} INFO - Started process (PID=8355) to work on /home/samuel/dev/airflow_learning/venv/lib/python3.10/site-packages/airflow/example_dags/example_xcomargs.py
[2023-08-24T16:01:15.753+0100] {processor.py:829} INFO - Processing file /home/samuel/dev/airflow_learning/venv/lib/python3.10/site-packages/airflow/example_dags/example_xcomargs.py for tasks to queue
[2023-08-24T16:01:15.754+0100] {logging_mixin.py:151} INFO - [2023-08-24T16:01:15.754+0100] {dagbag.py:539} INFO - Filling up the DagBag from /home/samuel/dev/airflow_learning/venv/lib/python3.10/site-packages/airflow/example_dags/example_xcomargs.py
[2023-08-24T16:01:15.768+0100] {processor.py:839} INFO - DAG(s) dict_keys(['example_xcom_args', 'example_xcom_args_with_operators']) retrieved from /home/samuel/dev/airflow_learning/venv/lib/python3.10/site-packages/airflow/example_dags/example_xcomargs.py
[2023-08-24T16:01:15.789+0100] {logging_mixin.py:151} INFO - [2023-08-24T16:01:15.789+0100] {dag.py:2907} INFO - Sync 2 DAGs
[2023-08-24T16:01:15.801+0100] {logging_mixin.py:151} INFO - [2023-08-24T16:01:15.801+0100] {dag.py:3677} INFO - Setting next_dagrun for example_xcom_args to None, run_after=None
[2023-08-24T16:01:15.804+0100] {logging_mixin.py:151} INFO - [2023-08-24T16:01:15.803+0100] {dag.py:3677} INFO - Setting next_dagrun for example_xcom_args_with_operators to None, run_after=None
[2023-08-24T16:01:15.921+0100] {processor.py:179} INFO - Processing /home/samuel/dev/airflow_learning/venv/lib/python3.10/site-packages/airflow/example_dags/example_xcomargs.py took 0.207 seconds
[2023-08-24T16:02:10.573+0100] {processor.py:157} INFO - Started process (PID=8445) to work on /home/samuel/dev/airflow_learning/venv/lib/python3.10/site-packages/airflow/example_dags/example_xcomargs.py
[2023-08-24T16:02:10.613+0100] {processor.py:829} INFO - Processing file /home/samuel/dev/airflow_learning/venv/lib/python3.10/site-packages/airflow/example_dags/example_xcomargs.py for tasks to queue
[2023-08-24T16:02:10.615+0100] {logging_mixin.py:151} INFO - [2023-08-24T16:02:10.614+0100] {dagbag.py:539} INFO - Filling up the DagBag from /home/samuel/dev/airflow_learning/venv/lib/python3.10/site-packages/airflow/example_dags/example_xcomargs.py
[2023-08-24T16:02:10.625+0100] {processor.py:839} INFO - DAG(s) dict_keys(['example_xcom_args_with_operators', 'example_xcom_args']) retrieved from /home/samuel/dev/airflow_learning/venv/lib/python3.10/site-packages/airflow/example_dags/example_xcomargs.py
[2023-08-24T16:02:10.650+0100] {logging_mixin.py:151} INFO - [2023-08-24T16:02:10.650+0100] {dag.py:2907} INFO - Sync 2 DAGs
[2023-08-24T16:02:10.664+0100] {logging_mixin.py:151} INFO - [2023-08-24T16:02:10.663+0100] {dag.py:3677} INFO - Setting next_dagrun for example_xcom_args to None, run_after=None
[2023-08-24T16:02:10.667+0100] {logging_mixin.py:151} INFO - [2023-08-24T16:02:10.667+0100] {dag.py:3677} INFO - Setting next_dagrun for example_xcom_args_with_operators to None, run_after=None
[2023-08-24T16:02:10.775+0100] {processor.py:179} INFO - Processing /home/samuel/dev/airflow_learning/venv/lib/python3.10/site-packages/airflow/example_dags/example_xcomargs.py took 0.206 seconds
[2023-08-24T16:03:01.334+0100] {processor.py:157} INFO - Started process (PID=8499) to work on /home/samuel/dev/airflow_learning/venv/lib/python3.10/site-packages/airflow/example_dags/example_xcomargs.py
[2023-08-24T16:03:01.529+0100] {processor.py:829} INFO - Processing file /home/samuel/dev/airflow_learning/venv/lib/python3.10/site-packages/airflow/example_dags/example_xcomargs.py for tasks to queue
[2023-08-24T16:03:01.530+0100] {logging_mixin.py:151} INFO - [2023-08-24T16:03:01.530+0100] {dagbag.py:539} INFO - Filling up the DagBag from /home/samuel/dev/airflow_learning/venv/lib/python3.10/site-packages/airflow/example_dags/example_xcomargs.py
[2023-08-24T16:03:01.543+0100] {processor.py:839} INFO - DAG(s) dict_keys(['example_xcom_args', 'example_xcom_args_with_operators']) retrieved from /home/samuel/dev/airflow_learning/venv/lib/python3.10/site-packages/airflow/example_dags/example_xcomargs.py
[2023-08-24T16:03:01.564+0100] {logging_mixin.py:151} INFO - [2023-08-24T16:03:01.564+0100] {dag.py:2907} INFO - Sync 2 DAGs
[2023-08-24T16:03:01.576+0100] {logging_mixin.py:151} INFO - [2023-08-24T16:03:01.576+0100] {dag.py:3677} INFO - Setting next_dagrun for example_xcom_args to None, run_after=None
[2023-08-24T16:03:01.580+0100] {logging_mixin.py:151} INFO - [2023-08-24T16:03:01.579+0100] {dag.py:3677} INFO - Setting next_dagrun for example_xcom_args_with_operators to None, run_after=None
[2023-08-24T16:03:02.495+0100] {processor.py:179} INFO - Processing /home/samuel/dev/airflow_learning/venv/lib/python3.10/site-packages/airflow/example_dags/example_xcomargs.py took 1.166 seconds
[2023-08-24T16:03:55.167+0100] {processor.py:157} INFO - Started process (PID=8579) to work on /home/samuel/dev/airflow_learning/venv/lib/python3.10/site-packages/airflow/example_dags/example_xcomargs.py
[2023-08-24T16:03:55.203+0100] {processor.py:829} INFO - Processing file /home/samuel/dev/airflow_learning/venv/lib/python3.10/site-packages/airflow/example_dags/example_xcomargs.py for tasks to queue
[2023-08-24T16:03:55.205+0100] {logging_mixin.py:151} INFO - [2023-08-24T16:03:55.204+0100] {dagbag.py:539} INFO - Filling up the DagBag from /home/samuel/dev/airflow_learning/venv/lib/python3.10/site-packages/airflow/example_dags/example_xcomargs.py
[2023-08-24T16:03:55.215+0100] {processor.py:839} INFO - DAG(s) dict_keys(['example_xcom_args', 'example_xcom_args_with_operators']) retrieved from /home/samuel/dev/airflow_learning/venv/lib/python3.10/site-packages/airflow/example_dags/example_xcomargs.py
[2023-08-24T16:03:55.238+0100] {logging_mixin.py:151} INFO - [2023-08-24T16:03:55.238+0100] {dag.py:2907} INFO - Sync 2 DAGs
[2023-08-24T16:03:55.251+0100] {logging_mixin.py:151} INFO - [2023-08-24T16:03:55.251+0100] {dag.py:3677} INFO - Setting next_dagrun for example_xcom_args to None, run_after=None
[2023-08-24T16:03:55.255+0100] {logging_mixin.py:151} INFO - [2023-08-24T16:03:55.254+0100] {dag.py:3677} INFO - Setting next_dagrun for example_xcom_args_with_operators to None, run_after=None
[2023-08-24T16:03:55.375+0100] {processor.py:179} INFO - Processing /home/samuel/dev/airflow_learning/venv/lib/python3.10/site-packages/airflow/example_dags/example_xcomargs.py took 0.212 seconds
