[2023-08-24T15:22:46.540+0100] {processor.py:157} INFO - Started process (PID=5370) to work on /home/samuel/dev/airflow_learning/venv/lib/python3.10/site-packages/airflow/example_dags/example_sensors.py
[2023-08-24T15:22:46.541+0100] {processor.py:829} INFO - Processing file /home/samuel/dev/airflow_learning/venv/lib/python3.10/site-packages/airflow/example_dags/example_sensors.py for tasks to queue
[2023-08-24T15:22:46.542+0100] {logging_mixin.py:151} INFO - [2023-08-24T15:22:46.542+0100] {dagbag.py:539} INFO - Filling up the DagBag from /home/samuel/dev/airflow_learning/venv/lib/python3.10/site-packages/airflow/example_dags/example_sensors.py
[2023-08-24T15:22:46.554+0100] {processor.py:839} INFO - DAG(s) dict_keys(['example_sensors']) retrieved from /home/samuel/dev/airflow_learning/venv/lib/python3.10/site-packages/airflow/example_dags/example_sensors.py
[2023-08-24T15:22:46.934+0100] {logging_mixin.py:151} INFO - [2023-08-24T15:22:46.934+0100] {manager.py:501} INFO - Created Permission View: can edit on DAG:example_sensors
[2023-08-24T15:22:47.045+0100] {logging_mixin.py:151} INFO - [2023-08-24T15:22:47.045+0100] {manager.py:501} INFO - Created Permission View: can delete on DAG:example_sensors
[2023-08-24T15:22:47.157+0100] {logging_mixin.py:151} INFO - [2023-08-24T15:22:47.157+0100] {manager.py:501} INFO - Created Permission View: can read on DAG:example_sensors
[2023-08-24T15:22:47.186+0100] {logging_mixin.py:151} INFO - [2023-08-24T15:22:47.185+0100] {dag.py:2907} INFO - Sync 1 DAGs
[2023-08-24T15:22:47.207+0100] {logging_mixin.py:151} INFO - [2023-08-24T15:22:47.207+0100] {dag.py:2929} INFO - Creating ORM DAG for example_sensors
[2023-08-24T15:22:47.209+0100] {logging_mixin.py:151} INFO - [2023-08-24T15:22:47.208+0100] {dag.py:3677} INFO - Setting next_dagrun for example_sensors to None, run_after=None
[2023-08-24T15:22:47.343+0100] {processor.py:179} INFO - Processing /home/samuel/dev/airflow_learning/venv/lib/python3.10/site-packages/airflow/example_dags/example_sensors.py took 0.806 seconds
[2023-08-24T15:23:55.276+0100] {processor.py:157} INFO - Started process (PID=5432) to work on /home/samuel/dev/airflow_learning/venv/lib/python3.10/site-packages/airflow/example_dags/example_sensors.py
[2023-08-24T15:23:55.277+0100] {processor.py:829} INFO - Processing file /home/samuel/dev/airflow_learning/venv/lib/python3.10/site-packages/airflow/example_dags/example_sensors.py for tasks to queue
[2023-08-24T15:23:55.278+0100] {logging_mixin.py:151} INFO - [2023-08-24T15:23:55.278+0100] {dagbag.py:539} INFO - Filling up the DagBag from /home/samuel/dev/airflow_learning/venv/lib/python3.10/site-packages/airflow/example_dags/example_sensors.py
[2023-08-24T15:23:55.290+0100] {processor.py:839} INFO - DAG(s) dict_keys(['example_sensors']) retrieved from /home/samuel/dev/airflow_learning/venv/lib/python3.10/site-packages/airflow/example_dags/example_sensors.py
[2023-08-24T15:23:55.312+0100] {logging_mixin.py:151} INFO - [2023-08-24T15:23:55.312+0100] {dag.py:2907} INFO - Sync 1 DAGs
[2023-08-24T15:23:55.325+0100] {logging_mixin.py:151} INFO - [2023-08-24T15:23:55.325+0100] {dag.py:3677} INFO - Setting next_dagrun for example_sensors to None, run_after=None
[2023-08-24T15:23:55.432+0100] {processor.py:179} INFO - Processing /home/samuel/dev/airflow_learning/venv/lib/python3.10/site-packages/airflow/example_dags/example_sensors.py took 0.160 seconds
[2023-08-24T15:24:58.174+0100] {processor.py:157} INFO - Started process (PID=5502) to work on /home/samuel/dev/airflow_learning/venv/lib/python3.10/site-packages/airflow/example_dags/example_sensors.py
[2023-08-24T15:24:58.177+0100] {processor.py:829} INFO - Processing file /home/samuel/dev/airflow_learning/venv/lib/python3.10/site-packages/airflow/example_dags/example_sensors.py for tasks to queue
[2023-08-24T15:24:58.178+0100] {logging_mixin.py:151} INFO - [2023-08-24T15:24:58.178+0100] {dagbag.py:539} INFO - Filling up the DagBag from /home/samuel/dev/airflow_learning/venv/lib/python3.10/site-packages/airflow/example_dags/example_sensors.py
[2023-08-24T15:24:58.191+0100] {processor.py:839} INFO - DAG(s) dict_keys(['example_sensors']) retrieved from /home/samuel/dev/airflow_learning/venv/lib/python3.10/site-packages/airflow/example_dags/example_sensors.py
[2023-08-24T15:24:58.212+0100] {logging_mixin.py:151} INFO - [2023-08-24T15:24:58.212+0100] {dag.py:2907} INFO - Sync 1 DAGs
[2023-08-24T15:24:58.223+0100] {logging_mixin.py:151} INFO - [2023-08-24T15:24:58.223+0100] {dag.py:3677} INFO - Setting next_dagrun for example_sensors to None, run_after=None
[2023-08-24T15:24:58.352+0100] {processor.py:179} INFO - Processing /home/samuel/dev/airflow_learning/venv/lib/python3.10/site-packages/airflow/example_dags/example_sensors.py took 0.181 seconds
[2023-08-24T15:25:54.038+0100] {processor.py:157} INFO - Started process (PID=5555) to work on /home/samuel/dev/airflow_learning/venv/lib/python3.10/site-packages/airflow/example_dags/example_sensors.py
[2023-08-24T15:25:54.041+0100] {processor.py:829} INFO - Processing file /home/samuel/dev/airflow_learning/venv/lib/python3.10/site-packages/airflow/example_dags/example_sensors.py for tasks to queue
[2023-08-24T15:25:54.042+0100] {logging_mixin.py:151} INFO - [2023-08-24T15:25:54.042+0100] {dagbag.py:539} INFO - Filling up the DagBag from /home/samuel/dev/airflow_learning/venv/lib/python3.10/site-packages/airflow/example_dags/example_sensors.py
[2023-08-24T15:25:54.056+0100] {processor.py:839} INFO - DAG(s) dict_keys(['example_sensors']) retrieved from /home/samuel/dev/airflow_learning/venv/lib/python3.10/site-packages/airflow/example_dags/example_sensors.py
[2023-08-24T15:25:54.087+0100] {logging_mixin.py:151} INFO - [2023-08-24T15:25:54.087+0100] {dag.py:2907} INFO - Sync 1 DAGs
[2023-08-24T15:25:54.105+0100] {logging_mixin.py:151} INFO - [2023-08-24T15:25:54.104+0100] {dag.py:3677} INFO - Setting next_dagrun for example_sensors to None, run_after=None
[2023-08-24T15:25:54.228+0100] {processor.py:179} INFO - Processing /home/samuel/dev/airflow_learning/venv/lib/python3.10/site-packages/airflow/example_dags/example_sensors.py took 0.195 seconds
[2023-08-24T15:26:49.678+0100] {processor.py:157} INFO - Started process (PID=5606) to work on /home/samuel/dev/airflow_learning/venv/lib/python3.10/site-packages/airflow/example_dags/example_sensors.py
[2023-08-24T15:26:49.681+0100] {processor.py:829} INFO - Processing file /home/samuel/dev/airflow_learning/venv/lib/python3.10/site-packages/airflow/example_dags/example_sensors.py for tasks to queue
[2023-08-24T15:26:49.682+0100] {logging_mixin.py:151} INFO - [2023-08-24T15:26:49.682+0100] {dagbag.py:539} INFO - Filling up the DagBag from /home/samuel/dev/airflow_learning/venv/lib/python3.10/site-packages/airflow/example_dags/example_sensors.py
[2023-08-24T15:26:49.695+0100] {processor.py:839} INFO - DAG(s) dict_keys(['example_sensors']) retrieved from /home/samuel/dev/airflow_learning/venv/lib/python3.10/site-packages/airflow/example_dags/example_sensors.py
[2023-08-24T15:26:49.717+0100] {logging_mixin.py:151} INFO - [2023-08-24T15:26:49.717+0100] {dag.py:2907} INFO - Sync 1 DAGs
[2023-08-24T15:26:49.729+0100] {logging_mixin.py:151} INFO - [2023-08-24T15:26:49.729+0100] {dag.py:3677} INFO - Setting next_dagrun for example_sensors to None, run_after=None
[2023-08-24T15:26:49.859+0100] {processor.py:179} INFO - Processing /home/samuel/dev/airflow_learning/venv/lib/python3.10/site-packages/airflow/example_dags/example_sensors.py took 0.185 seconds
[2023-08-24T15:27:42.773+0100] {processor.py:157} INFO - Started process (PID=5657) to work on /home/samuel/dev/airflow_learning/venv/lib/python3.10/site-packages/airflow/example_dags/example_sensors.py
[2023-08-24T15:27:42.776+0100] {processor.py:829} INFO - Processing file /home/samuel/dev/airflow_learning/venv/lib/python3.10/site-packages/airflow/example_dags/example_sensors.py for tasks to queue
[2023-08-24T15:27:42.777+0100] {logging_mixin.py:151} INFO - [2023-08-24T15:27:42.777+0100] {dagbag.py:539} INFO - Filling up the DagBag from /home/samuel/dev/airflow_learning/venv/lib/python3.10/site-packages/airflow/example_dags/example_sensors.py
[2023-08-24T15:27:42.789+0100] {processor.py:839} INFO - DAG(s) dict_keys(['example_sensors']) retrieved from /home/samuel/dev/airflow_learning/venv/lib/python3.10/site-packages/airflow/example_dags/example_sensors.py
[2023-08-24T15:27:42.814+0100] {logging_mixin.py:151} INFO - [2023-08-24T15:27:42.814+0100] {dag.py:2907} INFO - Sync 1 DAGs
[2023-08-24T15:27:42.833+0100] {logging_mixin.py:151} INFO - [2023-08-24T15:27:42.833+0100] {dag.py:3677} INFO - Setting next_dagrun for example_sensors to None, run_after=None
[2023-08-24T15:27:42.963+0100] {processor.py:179} INFO - Processing /home/samuel/dev/airflow_learning/venv/lib/python3.10/site-packages/airflow/example_dags/example_sensors.py took 0.194 seconds
[2023-08-24T15:28:37.974+0100] {processor.py:157} INFO - Started process (PID=5718) to work on /home/samuel/dev/airflow_learning/venv/lib/python3.10/site-packages/airflow/example_dags/example_sensors.py
[2023-08-24T15:28:37.977+0100] {processor.py:829} INFO - Processing file /home/samuel/dev/airflow_learning/venv/lib/python3.10/site-packages/airflow/example_dags/example_sensors.py for tasks to queue
[2023-08-24T15:28:37.978+0100] {logging_mixin.py:151} INFO - [2023-08-24T15:28:37.978+0100] {dagbag.py:539} INFO - Filling up the DagBag from /home/samuel/dev/airflow_learning/venv/lib/python3.10/site-packages/airflow/example_dags/example_sensors.py
[2023-08-24T15:28:37.990+0100] {processor.py:839} INFO - DAG(s) dict_keys(['example_sensors']) retrieved from /home/samuel/dev/airflow_learning/venv/lib/python3.10/site-packages/airflow/example_dags/example_sensors.py
[2023-08-24T15:28:38.019+0100] {logging_mixin.py:151} INFO - [2023-08-24T15:28:38.019+0100] {dag.py:2907} INFO - Sync 1 DAGs
[2023-08-24T15:28:38.034+0100] {logging_mixin.py:151} INFO - [2023-08-24T15:28:38.033+0100] {dag.py:3677} INFO - Setting next_dagrun for example_sensors to None, run_after=None
[2023-08-24T15:28:38.175+0100] {processor.py:179} INFO - Processing /home/samuel/dev/airflow_learning/venv/lib/python3.10/site-packages/airflow/example_dags/example_sensors.py took 0.205 seconds
[2023-08-24T15:29:31.321+0100] {processor.py:157} INFO - Started process (PID=5784) to work on /home/samuel/dev/airflow_learning/venv/lib/python3.10/site-packages/airflow/example_dags/example_sensors.py
[2023-08-24T15:29:31.322+0100] {processor.py:829} INFO - Processing file /home/samuel/dev/airflow_learning/venv/lib/python3.10/site-packages/airflow/example_dags/example_sensors.py for tasks to queue
[2023-08-24T15:29:31.323+0100] {logging_mixin.py:151} INFO - [2023-08-24T15:29:31.323+0100] {dagbag.py:539} INFO - Filling up the DagBag from /home/samuel/dev/airflow_learning/venv/lib/python3.10/site-packages/airflow/example_dags/example_sensors.py
[2023-08-24T15:29:31.334+0100] {processor.py:839} INFO - DAG(s) dict_keys(['example_sensors']) retrieved from /home/samuel/dev/airflow_learning/venv/lib/python3.10/site-packages/airflow/example_dags/example_sensors.py
[2023-08-24T15:29:31.353+0100] {logging_mixin.py:151} INFO - [2023-08-24T15:29:31.353+0100] {dag.py:2907} INFO - Sync 1 DAGs
[2023-08-24T15:29:31.365+0100] {logging_mixin.py:151} INFO - [2023-08-24T15:29:31.364+0100] {dag.py:3677} INFO - Setting next_dagrun for example_sensors to None, run_after=None
[2023-08-24T15:29:31.766+0100] {processor.py:179} INFO - Processing /home/samuel/dev/airflow_learning/venv/lib/python3.10/site-packages/airflow/example_dags/example_sensors.py took 0.447 seconds
[2023-08-24T15:31:16.330+0100] {processor.py:157} INFO - Started process (PID=6028) to work on /home/samuel/dev/airflow_learning/venv/lib/python3.10/site-packages/airflow/example_dags/example_sensors.py
[2023-08-24T15:31:16.379+0100] {processor.py:829} INFO - Processing file /home/samuel/dev/airflow_learning/venv/lib/python3.10/site-packages/airflow/example_dags/example_sensors.py for tasks to queue
[2023-08-24T15:31:16.380+0100] {logging_mixin.py:151} INFO - [2023-08-24T15:31:16.380+0100] {dagbag.py:539} INFO - Filling up the DagBag from /home/samuel/dev/airflow_learning/venv/lib/python3.10/site-packages/airflow/example_dags/example_sensors.py
[2023-08-24T15:31:16.397+0100] {processor.py:839} INFO - DAG(s) dict_keys(['example_sensors']) retrieved from /home/samuel/dev/airflow_learning/venv/lib/python3.10/site-packages/airflow/example_dags/example_sensors.py
[2023-08-24T15:31:16.714+0100] {logging_mixin.py:151} INFO - [2023-08-24T15:31:16.714+0100] {dag.py:2907} INFO - Sync 1 DAGs
[2023-08-24T15:31:16.823+0100] {logging_mixin.py:151} INFO - [2023-08-24T15:31:16.823+0100] {dag.py:3677} INFO - Setting next_dagrun for example_sensors to None, run_after=None
[2023-08-24T15:31:18.517+0100] {processor.py:179} INFO - Processing /home/samuel/dev/airflow_learning/venv/lib/python3.10/site-packages/airflow/example_dags/example_sensors.py took 2.191 seconds
[2023-08-24T15:32:20.609+0100] {processor.py:157} INFO - Started process (PID=6085) to work on /home/samuel/dev/airflow_learning/venv/lib/python3.10/site-packages/airflow/example_dags/example_sensors.py
[2023-08-24T15:32:20.610+0100] {processor.py:829} INFO - Processing file /home/samuel/dev/airflow_learning/venv/lib/python3.10/site-packages/airflow/example_dags/example_sensors.py for tasks to queue
[2023-08-24T15:32:20.611+0100] {logging_mixin.py:151} INFO - [2023-08-24T15:32:20.611+0100] {dagbag.py:539} INFO - Filling up the DagBag from /home/samuel/dev/airflow_learning/venv/lib/python3.10/site-packages/airflow/example_dags/example_sensors.py
[2023-08-24T15:32:20.624+0100] {processor.py:839} INFO - DAG(s) dict_keys(['example_sensors']) retrieved from /home/samuel/dev/airflow_learning/venv/lib/python3.10/site-packages/airflow/example_dags/example_sensors.py
[2023-08-24T15:32:20.646+0100] {logging_mixin.py:151} INFO - [2023-08-24T15:32:20.646+0100] {dag.py:2907} INFO - Sync 1 DAGs
[2023-08-24T15:32:20.657+0100] {logging_mixin.py:151} INFO - [2023-08-24T15:32:20.657+0100] {dag.py:3677} INFO - Setting next_dagrun for example_sensors to None, run_after=None
[2023-08-24T15:32:20.789+0100] {processor.py:179} INFO - Processing /home/samuel/dev/airflow_learning/venv/lib/python3.10/site-packages/airflow/example_dags/example_sensors.py took 0.184 seconds
[2023-08-24T15:33:10.834+0100] {processor.py:157} INFO - Started process (PID=6146) to work on /home/samuel/dev/airflow_learning/venv/lib/python3.10/site-packages/airflow/example_dags/example_sensors.py
[2023-08-24T15:33:10.846+0100] {processor.py:829} INFO - Processing file /home/samuel/dev/airflow_learning/venv/lib/python3.10/site-packages/airflow/example_dags/example_sensors.py for tasks to queue
[2023-08-24T15:33:10.847+0100] {logging_mixin.py:151} INFO - [2023-08-24T15:33:10.847+0100] {dagbag.py:539} INFO - Filling up the DagBag from /home/samuel/dev/airflow_learning/venv/lib/python3.10/site-packages/airflow/example_dags/example_sensors.py
[2023-08-24T15:33:10.860+0100] {processor.py:839} INFO - DAG(s) dict_keys(['example_sensors']) retrieved from /home/samuel/dev/airflow_learning/venv/lib/python3.10/site-packages/airflow/example_dags/example_sensors.py
[2023-08-24T15:33:10.884+0100] {logging_mixin.py:151} INFO - [2023-08-24T15:33:10.884+0100] {dag.py:2907} INFO - Sync 1 DAGs
[2023-08-24T15:33:10.896+0100] {logging_mixin.py:151} INFO - [2023-08-24T15:33:10.896+0100] {dag.py:3677} INFO - Setting next_dagrun for example_sensors to None, run_after=None
[2023-08-24T15:33:11.024+0100] {processor.py:179} INFO - Processing /home/samuel/dev/airflow_learning/venv/lib/python3.10/site-packages/airflow/example_dags/example_sensors.py took 0.195 seconds
[2023-08-24T15:34:07.551+0100] {processor.py:157} INFO - Started process (PID=6205) to work on /home/samuel/dev/airflow_learning/venv/lib/python3.10/site-packages/airflow/example_dags/example_sensors.py
[2023-08-24T15:34:07.588+0100] {processor.py:829} INFO - Processing file /home/samuel/dev/airflow_learning/venv/lib/python3.10/site-packages/airflow/example_dags/example_sensors.py for tasks to queue
[2023-08-24T15:34:07.590+0100] {logging_mixin.py:151} INFO - [2023-08-24T15:34:07.589+0100] {dagbag.py:539} INFO - Filling up the DagBag from /home/samuel/dev/airflow_learning/venv/lib/python3.10/site-packages/airflow/example_dags/example_sensors.py
[2023-08-24T15:34:07.607+0100] {processor.py:839} INFO - DAG(s) dict_keys(['example_sensors']) retrieved from /home/samuel/dev/airflow_learning/venv/lib/python3.10/site-packages/airflow/example_dags/example_sensors.py
[2023-08-24T15:34:07.629+0100] {logging_mixin.py:151} INFO - [2023-08-24T15:34:07.629+0100] {dag.py:2907} INFO - Sync 1 DAGs
[2023-08-24T15:34:07.641+0100] {logging_mixin.py:151} INFO - [2023-08-24T15:34:07.641+0100] {dag.py:3677} INFO - Setting next_dagrun for example_sensors to None, run_after=None
[2023-08-24T15:34:07.764+0100] {processor.py:179} INFO - Processing /home/samuel/dev/airflow_learning/venv/lib/python3.10/site-packages/airflow/example_dags/example_sensors.py took 0.217 seconds
[2023-08-24T15:35:15.020+0100] {processor.py:157} INFO - Started process (PID=6277) to work on /home/samuel/dev/airflow_learning/venv/lib/python3.10/site-packages/airflow/example_dags/example_sensors.py
[2023-08-24T15:35:15.022+0100] {processor.py:829} INFO - Processing file /home/samuel/dev/airflow_learning/venv/lib/python3.10/site-packages/airflow/example_dags/example_sensors.py for tasks to queue
[2023-08-24T15:35:15.023+0100] {logging_mixin.py:151} INFO - [2023-08-24T15:35:15.022+0100] {dagbag.py:539} INFO - Filling up the DagBag from /home/samuel/dev/airflow_learning/venv/lib/python3.10/site-packages/airflow/example_dags/example_sensors.py
[2023-08-24T15:35:15.034+0100] {processor.py:839} INFO - DAG(s) dict_keys(['example_sensors']) retrieved from /home/samuel/dev/airflow_learning/venv/lib/python3.10/site-packages/airflow/example_dags/example_sensors.py
[2023-08-24T15:35:15.055+0100] {logging_mixin.py:151} INFO - [2023-08-24T15:35:15.054+0100] {dag.py:2907} INFO - Sync 1 DAGs
[2023-08-24T15:35:15.066+0100] {logging_mixin.py:151} INFO - [2023-08-24T15:35:15.066+0100] {dag.py:3677} INFO - Setting next_dagrun for example_sensors to None, run_after=None
[2023-08-24T15:35:15.185+0100] {processor.py:179} INFO - Processing /home/samuel/dev/airflow_learning/venv/lib/python3.10/site-packages/airflow/example_dags/example_sensors.py took 0.168 seconds
[2023-08-24T15:36:14.646+0100] {processor.py:157} INFO - Started process (PID=6340) to work on /home/samuel/dev/airflow_learning/venv/lib/python3.10/site-packages/airflow/example_dags/example_sensors.py
[2023-08-24T15:36:14.673+0100] {processor.py:829} INFO - Processing file /home/samuel/dev/airflow_learning/venv/lib/python3.10/site-packages/airflow/example_dags/example_sensors.py for tasks to queue
[2023-08-24T15:36:14.674+0100] {logging_mixin.py:151} INFO - [2023-08-24T15:36:14.674+0100] {dagbag.py:539} INFO - Filling up the DagBag from /home/samuel/dev/airflow_learning/venv/lib/python3.10/site-packages/airflow/example_dags/example_sensors.py
[2023-08-24T15:36:14.688+0100] {processor.py:839} INFO - DAG(s) dict_keys(['example_sensors']) retrieved from /home/samuel/dev/airflow_learning/venv/lib/python3.10/site-packages/airflow/example_dags/example_sensors.py
[2023-08-24T15:36:14.714+0100] {logging_mixin.py:151} INFO - [2023-08-24T15:36:14.714+0100] {dag.py:2907} INFO - Sync 1 DAGs
[2023-08-24T15:36:14.726+0100] {logging_mixin.py:151} INFO - [2023-08-24T15:36:14.726+0100] {dag.py:3677} INFO - Setting next_dagrun for example_sensors to None, run_after=None
[2023-08-24T15:36:14.846+0100] {processor.py:179} INFO - Processing /home/samuel/dev/airflow_learning/venv/lib/python3.10/site-packages/airflow/example_dags/example_sensors.py took 0.204 seconds
[2023-08-24T15:37:09.314+0100] {processor.py:157} INFO - Started process (PID=6393) to work on /home/samuel/dev/airflow_learning/venv/lib/python3.10/site-packages/airflow/example_dags/example_sensors.py
[2023-08-24T15:37:09.316+0100] {processor.py:829} INFO - Processing file /home/samuel/dev/airflow_learning/venv/lib/python3.10/site-packages/airflow/example_dags/example_sensors.py for tasks to queue
[2023-08-24T15:37:09.317+0100] {logging_mixin.py:151} INFO - [2023-08-24T15:37:09.316+0100] {dagbag.py:539} INFO - Filling up the DagBag from /home/samuel/dev/airflow_learning/venv/lib/python3.10/site-packages/airflow/example_dags/example_sensors.py
[2023-08-24T15:37:09.329+0100] {processor.py:839} INFO - DAG(s) dict_keys(['example_sensors']) retrieved from /home/samuel/dev/airflow_learning/venv/lib/python3.10/site-packages/airflow/example_dags/example_sensors.py
[2023-08-24T15:37:09.352+0100] {logging_mixin.py:151} INFO - [2023-08-24T15:37:09.352+0100] {dag.py:2907} INFO - Sync 1 DAGs
[2023-08-24T15:37:09.364+0100] {logging_mixin.py:151} INFO - [2023-08-24T15:37:09.364+0100] {dag.py:3677} INFO - Setting next_dagrun for example_sensors to None, run_after=None
[2023-08-24T15:37:09.471+0100] {processor.py:179} INFO - Processing /home/samuel/dev/airflow_learning/venv/lib/python3.10/site-packages/airflow/example_dags/example_sensors.py took 0.160 seconds
[2023-08-24T15:38:23.137+0100] {processor.py:157} INFO - Started process (PID=6458) to work on /home/samuel/dev/airflow_learning/venv/lib/python3.10/site-packages/airflow/example_dags/example_sensors.py
[2023-08-24T15:38:23.173+0100] {processor.py:829} INFO - Processing file /home/samuel/dev/airflow_learning/venv/lib/python3.10/site-packages/airflow/example_dags/example_sensors.py for tasks to queue
[2023-08-24T15:38:23.174+0100] {logging_mixin.py:151} INFO - [2023-08-24T15:38:23.174+0100] {dagbag.py:539} INFO - Filling up the DagBag from /home/samuel/dev/airflow_learning/venv/lib/python3.10/site-packages/airflow/example_dags/example_sensors.py
[2023-08-24T15:38:23.187+0100] {processor.py:839} INFO - DAG(s) dict_keys(['example_sensors']) retrieved from /home/samuel/dev/airflow_learning/venv/lib/python3.10/site-packages/airflow/example_dags/example_sensors.py
[2023-08-24T15:38:23.213+0100] {logging_mixin.py:151} INFO - [2023-08-24T15:38:23.212+0100] {dag.py:2907} INFO - Sync 1 DAGs
[2023-08-24T15:38:23.226+0100] {logging_mixin.py:151} INFO - [2023-08-24T15:38:23.226+0100] {dag.py:3677} INFO - Setting next_dagrun for example_sensors to None, run_after=None
[2023-08-24T15:38:23.338+0100] {processor.py:179} INFO - Processing /home/samuel/dev/airflow_learning/venv/lib/python3.10/site-packages/airflow/example_dags/example_sensors.py took 0.205 seconds
[2023-08-24T15:39:19.508+0100] {processor.py:157} INFO - Started process (PID=6511) to work on /home/samuel/dev/airflow_learning/venv/lib/python3.10/site-packages/airflow/example_dags/example_sensors.py
[2023-08-24T15:39:19.533+0100] {processor.py:829} INFO - Processing file /home/samuel/dev/airflow_learning/venv/lib/python3.10/site-packages/airflow/example_dags/example_sensors.py for tasks to queue
[2023-08-24T15:39:19.535+0100] {logging_mixin.py:151} INFO - [2023-08-24T15:39:19.535+0100] {dagbag.py:539} INFO - Filling up the DagBag from /home/samuel/dev/airflow_learning/venv/lib/python3.10/site-packages/airflow/example_dags/example_sensors.py
[2023-08-24T15:39:19.548+0100] {processor.py:839} INFO - DAG(s) dict_keys(['example_sensors']) retrieved from /home/samuel/dev/airflow_learning/venv/lib/python3.10/site-packages/airflow/example_dags/example_sensors.py
[2023-08-24T15:39:19.573+0100] {logging_mixin.py:151} INFO - [2023-08-24T15:39:19.573+0100] {dag.py:2907} INFO - Sync 1 DAGs
[2023-08-24T15:39:19.585+0100] {logging_mixin.py:151} INFO - [2023-08-24T15:39:19.585+0100] {dag.py:3677} INFO - Setting next_dagrun for example_sensors to None, run_after=None
[2023-08-24T15:39:19.705+0100] {processor.py:179} INFO - Processing /home/samuel/dev/airflow_learning/venv/lib/python3.10/site-packages/airflow/example_dags/example_sensors.py took 0.200 seconds
[2023-08-24T15:40:27.870+0100] {processor.py:157} INFO - Started process (PID=6594) to work on /home/samuel/dev/airflow_learning/venv/lib/python3.10/site-packages/airflow/example_dags/example_sensors.py
[2023-08-24T15:40:27.894+0100] {processor.py:829} INFO - Processing file /home/samuel/dev/airflow_learning/venv/lib/python3.10/site-packages/airflow/example_dags/example_sensors.py for tasks to queue
[2023-08-24T15:40:27.895+0100] {logging_mixin.py:151} INFO - [2023-08-24T15:40:27.895+0100] {dagbag.py:539} INFO - Filling up the DagBag from /home/samuel/dev/airflow_learning/venv/lib/python3.10/site-packages/airflow/example_dags/example_sensors.py
[2023-08-24T15:40:27.909+0100] {processor.py:839} INFO - DAG(s) dict_keys(['example_sensors']) retrieved from /home/samuel/dev/airflow_learning/venv/lib/python3.10/site-packages/airflow/example_dags/example_sensors.py
[2023-08-24T15:40:27.933+0100] {logging_mixin.py:151} INFO - [2023-08-24T15:40:27.933+0100] {dag.py:2907} INFO - Sync 1 DAGs
[2023-08-24T15:40:27.946+0100] {logging_mixin.py:151} INFO - [2023-08-24T15:40:27.946+0100] {dag.py:3677} INFO - Setting next_dagrun for example_sensors to None, run_after=None
[2023-08-24T15:40:28.078+0100] {processor.py:179} INFO - Processing /home/samuel/dev/airflow_learning/venv/lib/python3.10/site-packages/airflow/example_dags/example_sensors.py took 0.211 seconds
[2023-08-24T15:41:23.709+0100] {processor.py:157} INFO - Started process (PID=6648) to work on /home/samuel/dev/airflow_learning/venv/lib/python3.10/site-packages/airflow/example_dags/example_sensors.py
[2023-08-24T15:41:23.710+0100] {processor.py:829} INFO - Processing file /home/samuel/dev/airflow_learning/venv/lib/python3.10/site-packages/airflow/example_dags/example_sensors.py for tasks to queue
[2023-08-24T15:41:23.711+0100] {logging_mixin.py:151} INFO - [2023-08-24T15:41:23.711+0100] {dagbag.py:539} INFO - Filling up the DagBag from /home/samuel/dev/airflow_learning/venv/lib/python3.10/site-packages/airflow/example_dags/example_sensors.py
[2023-08-24T15:41:23.724+0100] {processor.py:839} INFO - DAG(s) dict_keys(['example_sensors']) retrieved from /home/samuel/dev/airflow_learning/venv/lib/python3.10/site-packages/airflow/example_dags/example_sensors.py
[2023-08-24T15:41:23.747+0100] {logging_mixin.py:151} INFO - [2023-08-24T15:41:23.746+0100] {dag.py:2907} INFO - Sync 1 DAGs
[2023-08-24T15:41:23.758+0100] {logging_mixin.py:151} INFO - [2023-08-24T15:41:23.758+0100] {dag.py:3677} INFO - Setting next_dagrun for example_sensors to None, run_after=None
[2023-08-24T15:41:23.884+0100] {processor.py:179} INFO - Processing /home/samuel/dev/airflow_learning/venv/lib/python3.10/site-packages/airflow/example_dags/example_sensors.py took 0.179 seconds
[2023-08-24T15:42:14.327+0100] {processor.py:157} INFO - Started process (PID=6741) to work on /home/samuel/dev/airflow_learning/venv/lib/python3.10/site-packages/airflow/example_dags/example_sensors.py
[2023-08-24T15:42:14.362+0100] {processor.py:829} INFO - Processing file /home/samuel/dev/airflow_learning/venv/lib/python3.10/site-packages/airflow/example_dags/example_sensors.py for tasks to queue
[2023-08-24T15:42:14.363+0100] {logging_mixin.py:151} INFO - [2023-08-24T15:42:14.363+0100] {dagbag.py:539} INFO - Filling up the DagBag from /home/samuel/dev/airflow_learning/venv/lib/python3.10/site-packages/airflow/example_dags/example_sensors.py
[2023-08-24T15:42:14.374+0100] {processor.py:839} INFO - DAG(s) dict_keys(['example_sensors']) retrieved from /home/samuel/dev/airflow_learning/venv/lib/python3.10/site-packages/airflow/example_dags/example_sensors.py
[2023-08-24T15:42:14.394+0100] {logging_mixin.py:151} INFO - [2023-08-24T15:42:14.394+0100] {dag.py:2907} INFO - Sync 1 DAGs
[2023-08-24T15:42:14.405+0100] {logging_mixin.py:151} INFO - [2023-08-24T15:42:14.405+0100] {dag.py:3677} INFO - Setting next_dagrun for example_sensors to None, run_after=None
[2023-08-24T15:42:14.516+0100] {processor.py:179} INFO - Processing /home/samuel/dev/airflow_learning/venv/lib/python3.10/site-packages/airflow/example_dags/example_sensors.py took 0.193 seconds
[2023-08-24T15:43:10.832+0100] {processor.py:157} INFO - Started process (PID=6810) to work on /home/samuel/dev/airflow_learning/venv/lib/python3.10/site-packages/airflow/example_dags/example_sensors.py
[2023-08-24T15:43:10.867+0100] {processor.py:829} INFO - Processing file /home/samuel/dev/airflow_learning/venv/lib/python3.10/site-packages/airflow/example_dags/example_sensors.py for tasks to queue
[2023-08-24T15:43:10.868+0100] {logging_mixin.py:151} INFO - [2023-08-24T15:43:10.868+0100] {dagbag.py:539} INFO - Filling up the DagBag from /home/samuel/dev/airflow_learning/venv/lib/python3.10/site-packages/airflow/example_dags/example_sensors.py
[2023-08-24T15:43:10.882+0100] {processor.py:839} INFO - DAG(s) dict_keys(['example_sensors']) retrieved from /home/samuel/dev/airflow_learning/venv/lib/python3.10/site-packages/airflow/example_dags/example_sensors.py
[2023-08-24T15:43:10.907+0100] {logging_mixin.py:151} INFO - [2023-08-24T15:43:10.907+0100] {dag.py:2907} INFO - Sync 1 DAGs
[2023-08-24T15:43:10.920+0100] {logging_mixin.py:151} INFO - [2023-08-24T15:43:10.919+0100] {dag.py:3677} INFO - Setting next_dagrun for example_sensors to None, run_after=None
[2023-08-24T15:43:11.042+0100] {processor.py:179} INFO - Processing /home/samuel/dev/airflow_learning/venv/lib/python3.10/site-packages/airflow/example_dags/example_sensors.py took 0.213 seconds
[2023-08-24T15:44:05.083+0100] {processor.py:157} INFO - Started process (PID=6864) to work on /home/samuel/dev/airflow_learning/venv/lib/python3.10/site-packages/airflow/example_dags/example_sensors.py
[2023-08-24T15:44:05.091+0100] {processor.py:829} INFO - Processing file /home/samuel/dev/airflow_learning/venv/lib/python3.10/site-packages/airflow/example_dags/example_sensors.py for tasks to queue
[2023-08-24T15:44:05.093+0100] {logging_mixin.py:151} INFO - [2023-08-24T15:44:05.092+0100] {dagbag.py:539} INFO - Filling up the DagBag from /home/samuel/dev/airflow_learning/venv/lib/python3.10/site-packages/airflow/example_dags/example_sensors.py
[2023-08-24T15:44:05.103+0100] {processor.py:839} INFO - DAG(s) dict_keys(['example_sensors']) retrieved from /home/samuel/dev/airflow_learning/venv/lib/python3.10/site-packages/airflow/example_dags/example_sensors.py
[2023-08-24T15:44:05.122+0100] {logging_mixin.py:151} INFO - [2023-08-24T15:44:05.122+0100] {dag.py:2907} INFO - Sync 1 DAGs
[2023-08-24T15:44:05.133+0100] {logging_mixin.py:151} INFO - [2023-08-24T15:44:05.133+0100] {dag.py:3677} INFO - Setting next_dagrun for example_sensors to None, run_after=None
[2023-08-24T15:44:05.241+0100] {processor.py:179} INFO - Processing /home/samuel/dev/airflow_learning/venv/lib/python3.10/site-packages/airflow/example_dags/example_sensors.py took 0.162 seconds
[2023-08-24T15:44:54.509+0100] {processor.py:157} INFO - Started process (PID=6911) to work on /home/samuel/dev/airflow_learning/venv/lib/python3.10/site-packages/airflow/example_dags/example_sensors.py
[2023-08-24T15:44:54.512+0100] {processor.py:829} INFO - Processing file /home/samuel/dev/airflow_learning/venv/lib/python3.10/site-packages/airflow/example_dags/example_sensors.py for tasks to queue
[2023-08-24T15:44:54.513+0100] {logging_mixin.py:151} INFO - [2023-08-24T15:44:54.512+0100] {dagbag.py:539} INFO - Filling up the DagBag from /home/samuel/dev/airflow_learning/venv/lib/python3.10/site-packages/airflow/example_dags/example_sensors.py
[2023-08-24T15:44:54.525+0100] {processor.py:839} INFO - DAG(s) dict_keys(['example_sensors']) retrieved from /home/samuel/dev/airflow_learning/venv/lib/python3.10/site-packages/airflow/example_dags/example_sensors.py
[2023-08-24T15:44:54.548+0100] {logging_mixin.py:151} INFO - [2023-08-24T15:44:54.548+0100] {dag.py:2907} INFO - Sync 1 DAGs
[2023-08-24T15:44:54.560+0100] {logging_mixin.py:151} INFO - [2023-08-24T15:44:54.560+0100] {dag.py:3677} INFO - Setting next_dagrun for example_sensors to None, run_after=None
[2023-08-24T15:44:54.681+0100] {processor.py:179} INFO - Processing /home/samuel/dev/airflow_learning/venv/lib/python3.10/site-packages/airflow/example_dags/example_sensors.py took 0.176 seconds
[2023-08-24T15:45:46.583+0100] {processor.py:157} INFO - Started process (PID=6962) to work on /home/samuel/dev/airflow_learning/venv/lib/python3.10/site-packages/airflow/example_dags/example_sensors.py
[2023-08-24T15:45:46.634+0100] {processor.py:829} INFO - Processing file /home/samuel/dev/airflow_learning/venv/lib/python3.10/site-packages/airflow/example_dags/example_sensors.py for tasks to queue
[2023-08-24T15:45:46.635+0100] {logging_mixin.py:151} INFO - [2023-08-24T15:45:46.635+0100] {dagbag.py:539} INFO - Filling up the DagBag from /home/samuel/dev/airflow_learning/venv/lib/python3.10/site-packages/airflow/example_dags/example_sensors.py
[2023-08-24T15:45:46.648+0100] {processor.py:839} INFO - DAG(s) dict_keys(['example_sensors']) retrieved from /home/samuel/dev/airflow_learning/venv/lib/python3.10/site-packages/airflow/example_dags/example_sensors.py
[2023-08-24T15:45:46.674+0100] {logging_mixin.py:151} INFO - [2023-08-24T15:45:46.674+0100] {dag.py:2907} INFO - Sync 1 DAGs
[2023-08-24T15:45:46.688+0100] {logging_mixin.py:151} INFO - [2023-08-24T15:45:46.688+0100] {dag.py:3677} INFO - Setting next_dagrun for example_sensors to None, run_after=None
[2023-08-24T15:45:46.796+0100] {processor.py:179} INFO - Processing /home/samuel/dev/airflow_learning/venv/lib/python3.10/site-packages/airflow/example_dags/example_sensors.py took 0.217 seconds
[2023-08-24T15:46:39.698+0100] {processor.py:157} INFO - Started process (PID=7012) to work on /home/samuel/dev/airflow_learning/venv/lib/python3.10/site-packages/airflow/example_dags/example_sensors.py
[2023-08-24T15:46:39.725+0100] {processor.py:829} INFO - Processing file /home/samuel/dev/airflow_learning/venv/lib/python3.10/site-packages/airflow/example_dags/example_sensors.py for tasks to queue
[2023-08-24T15:46:39.726+0100] {logging_mixin.py:151} INFO - [2023-08-24T15:46:39.726+0100] {dagbag.py:539} INFO - Filling up the DagBag from /home/samuel/dev/airflow_learning/venv/lib/python3.10/site-packages/airflow/example_dags/example_sensors.py
[2023-08-24T15:46:39.738+0100] {processor.py:839} INFO - DAG(s) dict_keys(['example_sensors']) retrieved from /home/samuel/dev/airflow_learning/venv/lib/python3.10/site-packages/airflow/example_dags/example_sensors.py
[2023-08-24T15:46:39.758+0100] {logging_mixin.py:151} INFO - [2023-08-24T15:46:39.757+0100] {dag.py:2907} INFO - Sync 1 DAGs
[2023-08-24T15:46:39.769+0100] {logging_mixin.py:151} INFO - [2023-08-24T15:46:39.768+0100] {dag.py:3677} INFO - Setting next_dagrun for example_sensors to None, run_after=None
[2023-08-24T15:46:39.880+0100] {processor.py:179} INFO - Processing /home/samuel/dev/airflow_learning/venv/lib/python3.10/site-packages/airflow/example_dags/example_sensors.py took 0.185 seconds
[2023-08-24T15:47:34.073+0100] {processor.py:157} INFO - Started process (PID=7063) to work on /home/samuel/dev/airflow_learning/venv/lib/python3.10/site-packages/airflow/example_dags/example_sensors.py
[2023-08-24T15:47:34.107+0100] {processor.py:829} INFO - Processing file /home/samuel/dev/airflow_learning/venv/lib/python3.10/site-packages/airflow/example_dags/example_sensors.py for tasks to queue
[2023-08-24T15:47:34.108+0100] {logging_mixin.py:151} INFO - [2023-08-24T15:47:34.108+0100] {dagbag.py:539} INFO - Filling up the DagBag from /home/samuel/dev/airflow_learning/venv/lib/python3.10/site-packages/airflow/example_dags/example_sensors.py
[2023-08-24T15:47:34.118+0100] {processor.py:839} INFO - DAG(s) dict_keys(['example_sensors']) retrieved from /home/samuel/dev/airflow_learning/venv/lib/python3.10/site-packages/airflow/example_dags/example_sensors.py
[2023-08-24T15:47:34.138+0100] {logging_mixin.py:151} INFO - [2023-08-24T15:47:34.138+0100] {dag.py:2907} INFO - Sync 1 DAGs
[2023-08-24T15:47:34.151+0100] {logging_mixin.py:151} INFO - [2023-08-24T15:47:34.151+0100] {dag.py:3677} INFO - Setting next_dagrun for example_sensors to None, run_after=None
[2023-08-24T15:47:34.260+0100] {processor.py:179} INFO - Processing /home/samuel/dev/airflow_learning/venv/lib/python3.10/site-packages/airflow/example_dags/example_sensors.py took 0.190 seconds
[2023-08-24T15:48:28.185+0100] {processor.py:157} INFO - Started process (PID=7131) to work on /home/samuel/dev/airflow_learning/venv/lib/python3.10/site-packages/airflow/example_dags/example_sensors.py
[2023-08-24T15:48:28.234+0100] {processor.py:829} INFO - Processing file /home/samuel/dev/airflow_learning/venv/lib/python3.10/site-packages/airflow/example_dags/example_sensors.py for tasks to queue
[2023-08-24T15:48:28.235+0100] {logging_mixin.py:151} INFO - [2023-08-24T15:48:28.235+0100] {dagbag.py:539} INFO - Filling up the DagBag from /home/samuel/dev/airflow_learning/venv/lib/python3.10/site-packages/airflow/example_dags/example_sensors.py
[2023-08-24T15:48:28.249+0100] {processor.py:839} INFO - DAG(s) dict_keys(['example_sensors']) retrieved from /home/samuel/dev/airflow_learning/venv/lib/python3.10/site-packages/airflow/example_dags/example_sensors.py
[2023-08-24T15:48:28.274+0100] {logging_mixin.py:151} INFO - [2023-08-24T15:48:28.274+0100] {dag.py:2907} INFO - Sync 1 DAGs
[2023-08-24T15:48:28.287+0100] {logging_mixin.py:151} INFO - [2023-08-24T15:48:28.287+0100] {dag.py:3677} INFO - Setting next_dagrun for example_sensors to None, run_after=None
[2023-08-24T15:48:28.402+0100] {processor.py:179} INFO - Processing /home/samuel/dev/airflow_learning/venv/lib/python3.10/site-packages/airflow/example_dags/example_sensors.py took 0.221 seconds
[2023-08-24T15:49:19.037+0100] {processor.py:157} INFO - Started process (PID=7180) to work on /home/samuel/dev/airflow_learning/venv/lib/python3.10/site-packages/airflow/example_dags/example_sensors.py
[2023-08-24T15:49:19.064+0100] {processor.py:829} INFO - Processing file /home/samuel/dev/airflow_learning/venv/lib/python3.10/site-packages/airflow/example_dags/example_sensors.py for tasks to queue
[2023-08-24T15:49:19.065+0100] {logging_mixin.py:151} INFO - [2023-08-24T15:49:19.064+0100] {dagbag.py:539} INFO - Filling up the DagBag from /home/samuel/dev/airflow_learning/venv/lib/python3.10/site-packages/airflow/example_dags/example_sensors.py
[2023-08-24T15:49:19.078+0100] {processor.py:839} INFO - DAG(s) dict_keys(['example_sensors']) retrieved from /home/samuel/dev/airflow_learning/venv/lib/python3.10/site-packages/airflow/example_dags/example_sensors.py
[2023-08-24T15:49:19.103+0100] {logging_mixin.py:151} INFO - [2023-08-24T15:49:19.103+0100] {dag.py:2907} INFO - Sync 1 DAGs
[2023-08-24T15:49:19.115+0100] {logging_mixin.py:151} INFO - [2023-08-24T15:49:19.115+0100] {dag.py:3677} INFO - Setting next_dagrun for example_sensors to None, run_after=None
[2023-08-24T15:49:19.225+0100] {processor.py:179} INFO - Processing /home/samuel/dev/airflow_learning/venv/lib/python3.10/site-packages/airflow/example_dags/example_sensors.py took 0.192 seconds
[2023-08-24T15:50:08.463+0100] {processor.py:157} INFO - Started process (PID=7226) to work on /home/samuel/dev/airflow_learning/venv/lib/python3.10/site-packages/airflow/example_dags/example_sensors.py
[2023-08-24T15:50:08.466+0100] {processor.py:829} INFO - Processing file /home/samuel/dev/airflow_learning/venv/lib/python3.10/site-packages/airflow/example_dags/example_sensors.py for tasks to queue
[2023-08-24T15:50:08.467+0100] {logging_mixin.py:151} INFO - [2023-08-24T15:50:08.466+0100] {dagbag.py:539} INFO - Filling up the DagBag from /home/samuel/dev/airflow_learning/venv/lib/python3.10/site-packages/airflow/example_dags/example_sensors.py
[2023-08-24T15:50:08.479+0100] {processor.py:839} INFO - DAG(s) dict_keys(['example_sensors']) retrieved from /home/samuel/dev/airflow_learning/venv/lib/python3.10/site-packages/airflow/example_dags/example_sensors.py
[2023-08-24T15:50:08.502+0100] {logging_mixin.py:151} INFO - [2023-08-24T15:50:08.502+0100] {dag.py:2907} INFO - Sync 1 DAGs
[2023-08-24T15:50:08.513+0100] {logging_mixin.py:151} INFO - [2023-08-24T15:50:08.513+0100] {dag.py:3677} INFO - Setting next_dagrun for example_sensors to None, run_after=None
[2023-08-24T15:50:08.640+0100] {processor.py:179} INFO - Processing /home/samuel/dev/airflow_learning/venv/lib/python3.10/site-packages/airflow/example_dags/example_sensors.py took 0.181 seconds
[2023-08-24T15:50:59.814+0100] {processor.py:157} INFO - Started process (PID=7274) to work on /home/samuel/dev/airflow_learning/venv/lib/python3.10/site-packages/airflow/example_dags/example_sensors.py
[2023-08-24T15:50:59.817+0100] {processor.py:829} INFO - Processing file /home/samuel/dev/airflow_learning/venv/lib/python3.10/site-packages/airflow/example_dags/example_sensors.py for tasks to queue
[2023-08-24T15:50:59.818+0100] {logging_mixin.py:151} INFO - [2023-08-24T15:50:59.818+0100] {dagbag.py:539} INFO - Filling up the DagBag from /home/samuel/dev/airflow_learning/venv/lib/python3.10/site-packages/airflow/example_dags/example_sensors.py
[2023-08-24T15:50:59.831+0100] {processor.py:839} INFO - DAG(s) dict_keys(['example_sensors']) retrieved from /home/samuel/dev/airflow_learning/venv/lib/python3.10/site-packages/airflow/example_dags/example_sensors.py
[2023-08-24T15:50:59.852+0100] {logging_mixin.py:151} INFO - [2023-08-24T15:50:59.852+0100] {dag.py:2907} INFO - Sync 1 DAGs
[2023-08-24T15:50:59.865+0100] {logging_mixin.py:151} INFO - [2023-08-24T15:50:59.864+0100] {dag.py:3677} INFO - Setting next_dagrun for example_sensors to None, run_after=None
[2023-08-24T15:50:59.992+0100] {processor.py:179} INFO - Processing /home/samuel/dev/airflow_learning/venv/lib/python3.10/site-packages/airflow/example_dags/example_sensors.py took 0.182 seconds
[2023-08-24T15:51:53.002+0100] {processor.py:157} INFO - Started process (PID=7331) to work on /home/samuel/dev/airflow_learning/venv/lib/python3.10/site-packages/airflow/example_dags/example_sensors.py
[2023-08-24T15:51:53.003+0100] {processor.py:829} INFO - Processing file /home/samuel/dev/airflow_learning/venv/lib/python3.10/site-packages/airflow/example_dags/example_sensors.py for tasks to queue
[2023-08-24T15:51:53.004+0100] {logging_mixin.py:151} INFO - [2023-08-24T15:51:53.004+0100] {dagbag.py:539} INFO - Filling up the DagBag from /home/samuel/dev/airflow_learning/venv/lib/python3.10/site-packages/airflow/example_dags/example_sensors.py
[2023-08-24T15:51:53.017+0100] {processor.py:839} INFO - DAG(s) dict_keys(['example_sensors']) retrieved from /home/samuel/dev/airflow_learning/venv/lib/python3.10/site-packages/airflow/example_dags/example_sensors.py
[2023-08-24T15:51:53.039+0100] {logging_mixin.py:151} INFO - [2023-08-24T15:51:53.038+0100] {dag.py:2907} INFO - Sync 1 DAGs
[2023-08-24T15:51:53.050+0100] {logging_mixin.py:151} INFO - [2023-08-24T15:51:53.050+0100] {dag.py:3677} INFO - Setting next_dagrun for example_sensors to None, run_after=None
[2023-08-24T15:51:53.161+0100] {processor.py:179} INFO - Processing /home/samuel/dev/airflow_learning/venv/lib/python3.10/site-packages/airflow/example_dags/example_sensors.py took 0.163 seconds
[2023-08-24T15:52:41.203+0100] {processor.py:157} INFO - Started process (PID=7382) to work on /home/samuel/dev/airflow_learning/venv/lib/python3.10/site-packages/airflow/example_dags/example_sensors.py
[2023-08-24T15:52:41.247+0100] {processor.py:829} INFO - Processing file /home/samuel/dev/airflow_learning/venv/lib/python3.10/site-packages/airflow/example_dags/example_sensors.py for tasks to queue
[2023-08-24T15:52:41.249+0100] {logging_mixin.py:151} INFO - [2023-08-24T15:52:41.248+0100] {dagbag.py:539} INFO - Filling up the DagBag from /home/samuel/dev/airflow_learning/venv/lib/python3.10/site-packages/airflow/example_dags/example_sensors.py
[2023-08-24T15:52:41.262+0100] {processor.py:839} INFO - DAG(s) dict_keys(['example_sensors']) retrieved from /home/samuel/dev/airflow_learning/venv/lib/python3.10/site-packages/airflow/example_dags/example_sensors.py
[2023-08-24T15:52:41.287+0100] {logging_mixin.py:151} INFO - [2023-08-24T15:52:41.287+0100] {dag.py:2907} INFO - Sync 1 DAGs
[2023-08-24T15:52:41.301+0100] {logging_mixin.py:151} INFO - [2023-08-24T15:52:41.301+0100] {dag.py:3677} INFO - Setting next_dagrun for example_sensors to None, run_after=None
[2023-08-24T15:52:41.421+0100] {processor.py:179} INFO - Processing /home/samuel/dev/airflow_learning/venv/lib/python3.10/site-packages/airflow/example_dags/example_sensors.py took 0.222 seconds
[2023-08-24T15:53:33.456+0100] {processor.py:157} INFO - Started process (PID=7495) to work on /home/samuel/dev/airflow_learning/venv/lib/python3.10/site-packages/airflow/example_dags/example_sensors.py
[2023-08-24T15:53:33.457+0100] {processor.py:829} INFO - Processing file /home/samuel/dev/airflow_learning/venv/lib/python3.10/site-packages/airflow/example_dags/example_sensors.py for tasks to queue
[2023-08-24T15:53:33.458+0100] {logging_mixin.py:151} INFO - [2023-08-24T15:53:33.458+0100] {dagbag.py:539} INFO - Filling up the DagBag from /home/samuel/dev/airflow_learning/venv/lib/python3.10/site-packages/airflow/example_dags/example_sensors.py
[2023-08-24T15:53:33.472+0100] {processor.py:839} INFO - DAG(s) dict_keys(['example_sensors']) retrieved from /home/samuel/dev/airflow_learning/venv/lib/python3.10/site-packages/airflow/example_dags/example_sensors.py
[2023-08-24T15:53:33.494+0100] {logging_mixin.py:151} INFO - [2023-08-24T15:53:33.494+0100] {dag.py:2907} INFO - Sync 1 DAGs
[2023-08-24T15:53:33.509+0100] {logging_mixin.py:151} INFO - [2023-08-24T15:53:33.508+0100] {dag.py:3677} INFO - Setting next_dagrun for example_sensors to None, run_after=None
[2023-08-24T15:53:33.681+0100] {processor.py:179} INFO - Processing /home/samuel/dev/airflow_learning/venv/lib/python3.10/site-packages/airflow/example_dags/example_sensors.py took 0.229 seconds
[2023-08-24T15:54:39.350+0100] {processor.py:157} INFO - Started process (PID=7589) to work on /home/samuel/dev/airflow_learning/venv/lib/python3.10/site-packages/airflow/example_dags/example_sensors.py
[2023-08-24T15:54:39.384+0100] {processor.py:829} INFO - Processing file /home/samuel/dev/airflow_learning/venv/lib/python3.10/site-packages/airflow/example_dags/example_sensors.py for tasks to queue
[2023-08-24T15:54:39.385+0100] {logging_mixin.py:151} INFO - [2023-08-24T15:54:39.385+0100] {dagbag.py:539} INFO - Filling up the DagBag from /home/samuel/dev/airflow_learning/venv/lib/python3.10/site-packages/airflow/example_dags/example_sensors.py
[2023-08-24T15:54:39.399+0100] {processor.py:839} INFO - DAG(s) dict_keys(['example_sensors']) retrieved from /home/samuel/dev/airflow_learning/venv/lib/python3.10/site-packages/airflow/example_dags/example_sensors.py
[2023-08-24T15:54:39.424+0100] {logging_mixin.py:151} INFO - [2023-08-24T15:54:39.424+0100] {dag.py:2907} INFO - Sync 1 DAGs
[2023-08-24T15:54:39.437+0100] {logging_mixin.py:151} INFO - [2023-08-24T15:54:39.437+0100] {dag.py:3677} INFO - Setting next_dagrun for example_sensors to None, run_after=None
[2023-08-24T15:54:39.554+0100] {processor.py:179} INFO - Processing /home/samuel/dev/airflow_learning/venv/lib/python3.10/site-packages/airflow/example_dags/example_sensors.py took 0.207 seconds
[2023-08-24T15:55:40.223+0100] {processor.py:157} INFO - Started process (PID=7640) to work on /home/samuel/dev/airflow_learning/venv/lib/python3.10/site-packages/airflow/example_dags/example_sensors.py
[2023-08-24T15:55:40.267+0100] {processor.py:829} INFO - Processing file /home/samuel/dev/airflow_learning/venv/lib/python3.10/site-packages/airflow/example_dags/example_sensors.py for tasks to queue
[2023-08-24T15:55:40.269+0100] {logging_mixin.py:151} INFO - [2023-08-24T15:55:40.268+0100] {dagbag.py:539} INFO - Filling up the DagBag from /home/samuel/dev/airflow_learning/venv/lib/python3.10/site-packages/airflow/example_dags/example_sensors.py
[2023-08-24T15:55:40.282+0100] {processor.py:839} INFO - DAG(s) dict_keys(['example_sensors']) retrieved from /home/samuel/dev/airflow_learning/venv/lib/python3.10/site-packages/airflow/example_dags/example_sensors.py
[2023-08-24T15:55:40.306+0100] {logging_mixin.py:151} INFO - [2023-08-24T15:55:40.306+0100] {dag.py:2907} INFO - Sync 1 DAGs
[2023-08-24T15:55:40.319+0100] {logging_mixin.py:151} INFO - [2023-08-24T15:55:40.319+0100] {dag.py:3677} INFO - Setting next_dagrun for example_sensors to None, run_after=None
[2023-08-24T15:55:40.438+0100] {processor.py:179} INFO - Processing /home/samuel/dev/airflow_learning/venv/lib/python3.10/site-packages/airflow/example_dags/example_sensors.py took 0.219 seconds
[2023-08-24T15:56:33.488+0100] {processor.py:157} INFO - Started process (PID=7825) to work on /home/samuel/dev/airflow_learning/venv/lib/python3.10/site-packages/airflow/example_dags/example_sensors.py
[2023-08-24T15:56:33.494+0100] {processor.py:829} INFO - Processing file /home/samuel/dev/airflow_learning/venv/lib/python3.10/site-packages/airflow/example_dags/example_sensors.py for tasks to queue
[2023-08-24T15:56:33.495+0100] {logging_mixin.py:151} INFO - [2023-08-24T15:56:33.495+0100] {dagbag.py:539} INFO - Filling up the DagBag from /home/samuel/dev/airflow_learning/venv/lib/python3.10/site-packages/airflow/example_dags/example_sensors.py
[2023-08-24T15:56:33.505+0100] {processor.py:839} INFO - DAG(s) dict_keys(['example_sensors']) retrieved from /home/samuel/dev/airflow_learning/venv/lib/python3.10/site-packages/airflow/example_dags/example_sensors.py
[2023-08-24T15:56:33.526+0100] {logging_mixin.py:151} INFO - [2023-08-24T15:56:33.526+0100] {dag.py:2907} INFO - Sync 1 DAGs
[2023-08-24T15:56:33.538+0100] {logging_mixin.py:151} INFO - [2023-08-24T15:56:33.538+0100] {dag.py:3677} INFO - Setting next_dagrun for example_sensors to None, run_after=None
[2023-08-24T15:56:33.653+0100] {processor.py:179} INFO - Processing /home/samuel/dev/airflow_learning/venv/lib/python3.10/site-packages/airflow/example_dags/example_sensors.py took 0.168 seconds
[2023-08-24T15:57:21.866+0100] {processor.py:157} INFO - Started process (PID=7879) to work on /home/samuel/dev/airflow_learning/venv/lib/python3.10/site-packages/airflow/example_dags/example_sensors.py
[2023-08-24T15:57:21.872+0100] {processor.py:829} INFO - Processing file /home/samuel/dev/airflow_learning/venv/lib/python3.10/site-packages/airflow/example_dags/example_sensors.py for tasks to queue
[2023-08-24T15:57:21.873+0100] {logging_mixin.py:151} INFO - [2023-08-24T15:57:21.873+0100] {dagbag.py:539} INFO - Filling up the DagBag from /home/samuel/dev/airflow_learning/venv/lib/python3.10/site-packages/airflow/example_dags/example_sensors.py
[2023-08-24T15:57:21.891+0100] {processor.py:839} INFO - DAG(s) dict_keys(['example_sensors']) retrieved from /home/samuel/dev/airflow_learning/venv/lib/python3.10/site-packages/airflow/example_dags/example_sensors.py
[2023-08-24T15:57:21.914+0100] {logging_mixin.py:151} INFO - [2023-08-24T15:57:21.913+0100] {dag.py:2907} INFO - Sync 1 DAGs
[2023-08-24T15:57:21.925+0100] {logging_mixin.py:151} INFO - [2023-08-24T15:57:21.924+0100] {dag.py:3677} INFO - Setting next_dagrun for example_sensors to None, run_after=None
[2023-08-24T15:57:22.054+0100] {processor.py:179} INFO - Processing /home/samuel/dev/airflow_learning/venv/lib/python3.10/site-packages/airflow/example_dags/example_sensors.py took 0.192 seconds
[2023-08-24T15:58:13.730+0100] {processor.py:157} INFO - Started process (PID=7934) to work on /home/samuel/dev/airflow_learning/venv/lib/python3.10/site-packages/airflow/example_dags/example_sensors.py
[2023-08-24T15:58:13.733+0100] {processor.py:829} INFO - Processing file /home/samuel/dev/airflow_learning/venv/lib/python3.10/site-packages/airflow/example_dags/example_sensors.py for tasks to queue
[2023-08-24T15:58:13.734+0100] {logging_mixin.py:151} INFO - [2023-08-24T15:58:13.734+0100] {dagbag.py:539} INFO - Filling up the DagBag from /home/samuel/dev/airflow_learning/venv/lib/python3.10/site-packages/airflow/example_dags/example_sensors.py
[2023-08-24T15:58:13.747+0100] {processor.py:839} INFO - DAG(s) dict_keys(['example_sensors']) retrieved from /home/samuel/dev/airflow_learning/venv/lib/python3.10/site-packages/airflow/example_dags/example_sensors.py
[2023-08-24T15:58:13.769+0100] {logging_mixin.py:151} INFO - [2023-08-24T15:58:13.769+0100] {dag.py:2907} INFO - Sync 1 DAGs
[2023-08-24T15:58:13.781+0100] {logging_mixin.py:151} INFO - [2023-08-24T15:58:13.780+0100] {dag.py:3677} INFO - Setting next_dagrun for example_sensors to None, run_after=None
[2023-08-24T15:58:13.922+0100] {processor.py:179} INFO - Processing /home/samuel/dev/airflow_learning/venv/lib/python3.10/site-packages/airflow/example_dags/example_sensors.py took 0.196 seconds
[2023-08-24T15:59:07.369+0100] {processor.py:157} INFO - Started process (PID=8005) to work on /home/samuel/dev/airflow_learning/venv/lib/python3.10/site-packages/airflow/example_dags/example_sensors.py
[2023-08-24T15:59:07.370+0100] {processor.py:829} INFO - Processing file /home/samuel/dev/airflow_learning/venv/lib/python3.10/site-packages/airflow/example_dags/example_sensors.py for tasks to queue
[2023-08-24T15:59:07.371+0100] {logging_mixin.py:151} INFO - [2023-08-24T15:59:07.370+0100] {dagbag.py:539} INFO - Filling up the DagBag from /home/samuel/dev/airflow_learning/venv/lib/python3.10/site-packages/airflow/example_dags/example_sensors.py
[2023-08-24T15:59:07.381+0100] {processor.py:839} INFO - DAG(s) dict_keys(['example_sensors']) retrieved from /home/samuel/dev/airflow_learning/venv/lib/python3.10/site-packages/airflow/example_dags/example_sensors.py
[2023-08-24T15:59:07.402+0100] {logging_mixin.py:151} INFO - [2023-08-24T15:59:07.402+0100] {dag.py:2907} INFO - Sync 1 DAGs
[2023-08-24T15:59:07.413+0100] {logging_mixin.py:151} INFO - [2023-08-24T15:59:07.412+0100] {dag.py:3677} INFO - Setting next_dagrun for example_sensors to None, run_after=None
[2023-08-24T15:59:07.520+0100] {processor.py:179} INFO - Processing /home/samuel/dev/airflow_learning/venv/lib/python3.10/site-packages/airflow/example_dags/example_sensors.py took 0.155 seconds
[2023-08-24T16:00:04.342+0100] {processor.py:157} INFO - Started process (PID=8222) to work on /home/samuel/dev/airflow_learning/venv/lib/python3.10/site-packages/airflow/example_dags/example_sensors.py
[2023-08-24T16:00:04.376+0100] {processor.py:829} INFO - Processing file /home/samuel/dev/airflow_learning/venv/lib/python3.10/site-packages/airflow/example_dags/example_sensors.py for tasks to queue
[2023-08-24T16:00:04.377+0100] {logging_mixin.py:151} INFO - [2023-08-24T16:00:04.377+0100] {dagbag.py:539} INFO - Filling up the DagBag from /home/samuel/dev/airflow_learning/venv/lib/python3.10/site-packages/airflow/example_dags/example_sensors.py
[2023-08-24T16:00:04.390+0100] {processor.py:839} INFO - DAG(s) dict_keys(['example_sensors']) retrieved from /home/samuel/dev/airflow_learning/venv/lib/python3.10/site-packages/airflow/example_dags/example_sensors.py
[2023-08-24T16:00:04.417+0100] {logging_mixin.py:151} INFO - [2023-08-24T16:00:04.417+0100] {dag.py:2907} INFO - Sync 1 DAGs
[2023-08-24T16:00:04.432+0100] {logging_mixin.py:151} INFO - [2023-08-24T16:00:04.432+0100] {dag.py:3677} INFO - Setting next_dagrun for example_sensors to None, run_after=None
[2023-08-24T16:00:04.548+0100] {processor.py:179} INFO - Processing /home/samuel/dev/airflow_learning/venv/lib/python3.10/site-packages/airflow/example_dags/example_sensors.py took 0.209 seconds
[2023-08-24T16:00:59.678+0100] {processor.py:157} INFO - Started process (PID=8333) to work on /home/samuel/dev/airflow_learning/venv/lib/python3.10/site-packages/airflow/example_dags/example_sensors.py
[2023-08-24T16:00:59.692+0100] {processor.py:829} INFO - Processing file /home/samuel/dev/airflow_learning/venv/lib/python3.10/site-packages/airflow/example_dags/example_sensors.py for tasks to queue
[2023-08-24T16:00:59.693+0100] {logging_mixin.py:151} INFO - [2023-08-24T16:00:59.692+0100] {dagbag.py:539} INFO - Filling up the DagBag from /home/samuel/dev/airflow_learning/venv/lib/python3.10/site-packages/airflow/example_dags/example_sensors.py
[2023-08-24T16:00:59.705+0100] {processor.py:839} INFO - DAG(s) dict_keys(['example_sensors']) retrieved from /home/samuel/dev/airflow_learning/venv/lib/python3.10/site-packages/airflow/example_dags/example_sensors.py
[2023-08-24T16:00:59.729+0100] {logging_mixin.py:151} INFO - [2023-08-24T16:00:59.729+0100] {dag.py:2907} INFO - Sync 1 DAGs
[2023-08-24T16:00:59.741+0100] {logging_mixin.py:151} INFO - [2023-08-24T16:00:59.741+0100] {dag.py:3677} INFO - Setting next_dagrun for example_sensors to None, run_after=None
[2023-08-24T16:00:59.843+0100] {processor.py:179} INFO - Processing /home/samuel/dev/airflow_learning/venv/lib/python3.10/site-packages/airflow/example_dags/example_sensors.py took 0.168 seconds
[2023-08-24T16:01:53.419+0100] {processor.py:157} INFO - Started process (PID=8414) to work on /home/samuel/dev/airflow_learning/venv/lib/python3.10/site-packages/airflow/example_dags/example_sensors.py
[2023-08-24T16:01:53.429+0100] {processor.py:829} INFO - Processing file /home/samuel/dev/airflow_learning/venv/lib/python3.10/site-packages/airflow/example_dags/example_sensors.py for tasks to queue
[2023-08-24T16:01:53.430+0100] {logging_mixin.py:151} INFO - [2023-08-24T16:01:53.430+0100] {dagbag.py:539} INFO - Filling up the DagBag from /home/samuel/dev/airflow_learning/venv/lib/python3.10/site-packages/airflow/example_dags/example_sensors.py
[2023-08-24T16:01:53.441+0100] {processor.py:839} INFO - DAG(s) dict_keys(['example_sensors']) retrieved from /home/samuel/dev/airflow_learning/venv/lib/python3.10/site-packages/airflow/example_dags/example_sensors.py
[2023-08-24T16:01:53.463+0100] {logging_mixin.py:151} INFO - [2023-08-24T16:01:53.463+0100] {dag.py:2907} INFO - Sync 1 DAGs
[2023-08-24T16:01:53.480+0100] {logging_mixin.py:151} INFO - [2023-08-24T16:01:53.479+0100] {dag.py:3677} INFO - Setting next_dagrun for example_sensors to None, run_after=None
[2023-08-24T16:01:53.689+0100] {processor.py:179} INFO - Processing /home/samuel/dev/airflow_learning/venv/lib/python3.10/site-packages/airflow/example_dags/example_sensors.py took 0.272 seconds
[2023-08-24T16:02:45.799+0100] {processor.py:157} INFO - Started process (PID=8481) to work on /home/samuel/dev/airflow_learning/venv/lib/python3.10/site-packages/airflow/example_dags/example_sensors.py
[2023-08-24T16:02:45.800+0100] {processor.py:829} INFO - Processing file /home/samuel/dev/airflow_learning/venv/lib/python3.10/site-packages/airflow/example_dags/example_sensors.py for tasks to queue
[2023-08-24T16:02:45.801+0100] {logging_mixin.py:151} INFO - [2023-08-24T16:02:45.801+0100] {dagbag.py:539} INFO - Filling up the DagBag from /home/samuel/dev/airflow_learning/venv/lib/python3.10/site-packages/airflow/example_dags/example_sensors.py
[2023-08-24T16:02:45.812+0100] {processor.py:839} INFO - DAG(s) dict_keys(['example_sensors']) retrieved from /home/samuel/dev/airflow_learning/venv/lib/python3.10/site-packages/airflow/example_dags/example_sensors.py
[2023-08-24T16:02:45.837+0100] {logging_mixin.py:151} INFO - [2023-08-24T16:02:45.837+0100] {dag.py:2907} INFO - Sync 1 DAGs
[2023-08-24T16:02:45.850+0100] {logging_mixin.py:151} INFO - [2023-08-24T16:02:45.850+0100] {dag.py:3677} INFO - Setting next_dagrun for example_sensors to None, run_after=None
[2023-08-24T16:02:46.039+0100] {processor.py:179} INFO - Processing /home/samuel/dev/airflow_learning/venv/lib/python3.10/site-packages/airflow/example_dags/example_sensors.py took 0.242 seconds
[2023-08-24T16:03:37.665+0100] {processor.py:157} INFO - Started process (PID=8551) to work on /home/samuel/dev/airflow_learning/venv/lib/python3.10/site-packages/airflow/example_dags/example_sensors.py
[2023-08-24T16:03:37.685+0100] {processor.py:829} INFO - Processing file /home/samuel/dev/airflow_learning/venv/lib/python3.10/site-packages/airflow/example_dags/example_sensors.py for tasks to queue
[2023-08-24T16:03:37.686+0100] {logging_mixin.py:151} INFO - [2023-08-24T16:03:37.685+0100] {dagbag.py:539} INFO - Filling up the DagBag from /home/samuel/dev/airflow_learning/venv/lib/python3.10/site-packages/airflow/example_dags/example_sensors.py
[2023-08-24T16:03:37.699+0100] {processor.py:839} INFO - DAG(s) dict_keys(['example_sensors']) retrieved from /home/samuel/dev/airflow_learning/venv/lib/python3.10/site-packages/airflow/example_dags/example_sensors.py
[2023-08-24T16:03:37.724+0100] {logging_mixin.py:151} INFO - [2023-08-24T16:03:37.724+0100] {dag.py:2907} INFO - Sync 1 DAGs
[2023-08-24T16:03:37.736+0100] {logging_mixin.py:151} INFO - [2023-08-24T16:03:37.736+0100] {dag.py:3677} INFO - Setting next_dagrun for example_sensors to None, run_after=None
[2023-08-24T16:03:37.849+0100] {processor.py:179} INFO - Processing /home/samuel/dev/airflow_learning/venv/lib/python3.10/site-packages/airflow/example_dags/example_sensors.py took 0.188 seconds
