[2023-08-24T15:22:37.305+0100] {processor.py:157} INFO - Started process (PID=5362) to work on /home/samuel/dev/airflow_learning/venv/lib/python3.10/site-packages/airflow/example_dags/example_branch_python_dop_operator_3.py
[2023-08-24T15:22:37.306+0100] {processor.py:829} INFO - Processing file /home/samuel/dev/airflow_learning/venv/lib/python3.10/site-packages/airflow/example_dags/example_branch_python_dop_operator_3.py for tasks to queue
[2023-08-24T15:22:37.307+0100] {logging_mixin.py:151} INFO - [2023-08-24T15:22:37.307+0100] {dagbag.py:539} INFO - Filling up the DagBag from /home/samuel/dev/airflow_learning/venv/lib/python3.10/site-packages/airflow/example_dags/example_branch_python_dop_operator_3.py
[2023-08-24T15:22:37.319+0100] {processor.py:839} INFO - DAG(s) dict_keys(['example_branch_dop_operator_v3']) retrieved from /home/samuel/dev/airflow_learning/venv/lib/python3.10/site-packages/airflow/example_dags/example_branch_python_dop_operator_3.py
[2023-08-24T15:22:37.841+0100] {logging_mixin.py:151} INFO - [2023-08-24T15:22:37.841+0100] {manager.py:501} INFO - Created Permission View: can edit on DAG:example_branch_dop_operator_v3
[2023-08-24T15:22:37.968+0100] {logging_mixin.py:151} INFO - [2023-08-24T15:22:37.967+0100] {manager.py:501} INFO - Created Permission View: can delete on DAG:example_branch_dop_operator_v3
[2023-08-24T15:22:38.079+0100] {logging_mixin.py:151} INFO - [2023-08-24T15:22:38.078+0100] {manager.py:501} INFO - Created Permission View: can read on DAG:example_branch_dop_operator_v3
[2023-08-24T15:22:38.110+0100] {logging_mixin.py:151} INFO - [2023-08-24T15:22:38.110+0100] {dag.py:2907} INFO - Sync 1 DAGs
[2023-08-24T15:22:38.123+0100] {logging_mixin.py:151} INFO - [2023-08-24T15:22:38.123+0100] {dag.py:2929} INFO - Creating ORM DAG for example_branch_dop_operator_v3
[2023-08-24T15:22:38.138+0100] {logging_mixin.py:151} INFO - [2023-08-24T15:22:38.138+0100] {dag.py:3677} INFO - Setting next_dagrun for example_branch_dop_operator_v3 to 2023-08-24T14:21:00+00:00, run_after=2023-08-24T14:22:00+00:00
[2023-08-24T15:22:38.281+0100] {processor.py:179} INFO - Processing /home/samuel/dev/airflow_learning/venv/lib/python3.10/site-packages/airflow/example_dags/example_branch_python_dop_operator_3.py took 0.979 seconds
[2023-08-24T15:23:49.807+0100] {processor.py:157} INFO - Started process (PID=5427) to work on /home/samuel/dev/airflow_learning/venv/lib/python3.10/site-packages/airflow/example_dags/example_branch_python_dop_operator_3.py
[2023-08-24T15:23:49.841+0100] {processor.py:829} INFO - Processing file /home/samuel/dev/airflow_learning/venv/lib/python3.10/site-packages/airflow/example_dags/example_branch_python_dop_operator_3.py for tasks to queue
[2023-08-24T15:23:49.842+0100] {logging_mixin.py:151} INFO - [2023-08-24T15:23:49.842+0100] {dagbag.py:539} INFO - Filling up the DagBag from /home/samuel/dev/airflow_learning/venv/lib/python3.10/site-packages/airflow/example_dags/example_branch_python_dop_operator_3.py
[2023-08-24T15:23:49.855+0100] {processor.py:839} INFO - DAG(s) dict_keys(['example_branch_dop_operator_v3']) retrieved from /home/samuel/dev/airflow_learning/venv/lib/python3.10/site-packages/airflow/example_dags/example_branch_python_dop_operator_3.py
[2023-08-24T15:23:49.876+0100] {logging_mixin.py:151} INFO - [2023-08-24T15:23:49.876+0100] {dag.py:2907} INFO - Sync 1 DAGs
[2023-08-24T15:23:49.904+0100] {logging_mixin.py:151} INFO - [2023-08-24T15:23:49.904+0100] {dag.py:3677} INFO - Setting next_dagrun for example_branch_dop_operator_v3 to 2023-08-24T14:22:00+00:00, run_after=2023-08-24T14:23:00+00:00
[2023-08-24T15:23:50.014+0100] {processor.py:179} INFO - Processing /home/samuel/dev/airflow_learning/venv/lib/python3.10/site-packages/airflow/example_dags/example_branch_python_dop_operator_3.py took 0.211 seconds
[2023-08-24T15:24:43.413+0100] {processor.py:157} INFO - Started process (PID=5484) to work on /home/samuel/dev/airflow_learning/venv/lib/python3.10/site-packages/airflow/example_dags/example_branch_python_dop_operator_3.py
[2023-08-24T15:24:43.446+0100] {processor.py:829} INFO - Processing file /home/samuel/dev/airflow_learning/venv/lib/python3.10/site-packages/airflow/example_dags/example_branch_python_dop_operator_3.py for tasks to queue
[2023-08-24T15:24:43.447+0100] {logging_mixin.py:151} INFO - [2023-08-24T15:24:43.446+0100] {dagbag.py:539} INFO - Filling up the DagBag from /home/samuel/dev/airflow_learning/venv/lib/python3.10/site-packages/airflow/example_dags/example_branch_python_dop_operator_3.py
[2023-08-24T15:24:43.459+0100] {processor.py:839} INFO - DAG(s) dict_keys(['example_branch_dop_operator_v3']) retrieved from /home/samuel/dev/airflow_learning/venv/lib/python3.10/site-packages/airflow/example_dags/example_branch_python_dop_operator_3.py
[2023-08-24T15:24:43.480+0100] {logging_mixin.py:151} INFO - [2023-08-24T15:24:43.480+0100] {dag.py:2907} INFO - Sync 1 DAGs
[2023-08-24T15:24:43.509+0100] {logging_mixin.py:151} INFO - [2023-08-24T15:24:43.509+0100] {dag.py:3677} INFO - Setting next_dagrun for example_branch_dop_operator_v3 to 2023-08-24T14:23:00+00:00, run_after=2023-08-24T14:24:00+00:00
[2023-08-24T15:24:43.717+0100] {processor.py:179} INFO - Processing /home/samuel/dev/airflow_learning/venv/lib/python3.10/site-packages/airflow/example_dags/example_branch_python_dop_operator_3.py took 0.307 seconds
[2023-08-24T15:25:47.287+0100] {processor.py:157} INFO - Started process (PID=5549) to work on /home/samuel/dev/airflow_learning/venv/lib/python3.10/site-packages/airflow/example_dags/example_branch_python_dop_operator_3.py
[2023-08-24T15:25:47.290+0100] {processor.py:829} INFO - Processing file /home/samuel/dev/airflow_learning/venv/lib/python3.10/site-packages/airflow/example_dags/example_branch_python_dop_operator_3.py for tasks to queue
[2023-08-24T15:25:47.292+0100] {logging_mixin.py:151} INFO - [2023-08-24T15:25:47.291+0100] {dagbag.py:539} INFO - Filling up the DagBag from /home/samuel/dev/airflow_learning/venv/lib/python3.10/site-packages/airflow/example_dags/example_branch_python_dop_operator_3.py
[2023-08-24T15:25:47.308+0100] {processor.py:839} INFO - DAG(s) dict_keys(['example_branch_dop_operator_v3']) retrieved from /home/samuel/dev/airflow_learning/venv/lib/python3.10/site-packages/airflow/example_dags/example_branch_python_dop_operator_3.py
[2023-08-24T15:25:47.333+0100] {logging_mixin.py:151} INFO - [2023-08-24T15:25:47.333+0100] {dag.py:2907} INFO - Sync 1 DAGs
[2023-08-24T15:25:47.359+0100] {logging_mixin.py:151} INFO - [2023-08-24T15:25:47.359+0100] {dag.py:3677} INFO - Setting next_dagrun for example_branch_dop_operator_v3 to 2023-08-24T14:24:00+00:00, run_after=2023-08-24T14:25:00+00:00
[2023-08-24T15:25:47.485+0100] {processor.py:179} INFO - Processing /home/samuel/dev/airflow_learning/venv/lib/python3.10/site-packages/airflow/example_dags/example_branch_python_dop_operator_3.py took 0.203 seconds
[2023-08-24T15:26:44.165+0100] {processor.py:157} INFO - Started process (PID=5601) to work on /home/samuel/dev/airflow_learning/venv/lib/python3.10/site-packages/airflow/example_dags/example_branch_python_dop_operator_3.py
[2023-08-24T15:26:44.166+0100] {processor.py:829} INFO - Processing file /home/samuel/dev/airflow_learning/venv/lib/python3.10/site-packages/airflow/example_dags/example_branch_python_dop_operator_3.py for tasks to queue
[2023-08-24T15:26:44.167+0100] {logging_mixin.py:151} INFO - [2023-08-24T15:26:44.167+0100] {dagbag.py:539} INFO - Filling up the DagBag from /home/samuel/dev/airflow_learning/venv/lib/python3.10/site-packages/airflow/example_dags/example_branch_python_dop_operator_3.py
[2023-08-24T15:26:44.177+0100] {processor.py:839} INFO - DAG(s) dict_keys(['example_branch_dop_operator_v3']) retrieved from /home/samuel/dev/airflow_learning/venv/lib/python3.10/site-packages/airflow/example_dags/example_branch_python_dop_operator_3.py
[2023-08-24T15:26:44.196+0100] {logging_mixin.py:151} INFO - [2023-08-24T15:26:44.196+0100] {dag.py:2907} INFO - Sync 1 DAGs
[2023-08-24T15:26:44.224+0100] {logging_mixin.py:151} INFO - [2023-08-24T15:26:44.224+0100] {dag.py:3677} INFO - Setting next_dagrun for example_branch_dop_operator_v3 to 2023-08-24T14:25:00+00:00, run_after=2023-08-24T14:26:00+00:00
[2023-08-24T15:26:44.334+0100] {processor.py:179} INFO - Processing /home/samuel/dev/airflow_learning/venv/lib/python3.10/site-packages/airflow/example_dags/example_branch_python_dop_operator_3.py took 0.172 seconds
[2023-08-24T15:27:36.218+0100] {processor.py:157} INFO - Started process (PID=5651) to work on /home/samuel/dev/airflow_learning/venv/lib/python3.10/site-packages/airflow/example_dags/example_branch_python_dop_operator_3.py
[2023-08-24T15:27:36.247+0100] {processor.py:829} INFO - Processing file /home/samuel/dev/airflow_learning/venv/lib/python3.10/site-packages/airflow/example_dags/example_branch_python_dop_operator_3.py for tasks to queue
[2023-08-24T15:27:36.248+0100] {logging_mixin.py:151} INFO - [2023-08-24T15:27:36.248+0100] {dagbag.py:539} INFO - Filling up the DagBag from /home/samuel/dev/airflow_learning/venv/lib/python3.10/site-packages/airflow/example_dags/example_branch_python_dop_operator_3.py
[2023-08-24T15:27:36.261+0100] {processor.py:839} INFO - DAG(s) dict_keys(['example_branch_dop_operator_v3']) retrieved from /home/samuel/dev/airflow_learning/venv/lib/python3.10/site-packages/airflow/example_dags/example_branch_python_dop_operator_3.py
[2023-08-24T15:27:36.283+0100] {logging_mixin.py:151} INFO - [2023-08-24T15:27:36.283+0100] {dag.py:2907} INFO - Sync 1 DAGs
[2023-08-24T15:27:36.311+0100] {logging_mixin.py:151} INFO - [2023-08-24T15:27:36.311+0100] {dag.py:3677} INFO - Setting next_dagrun for example_branch_dop_operator_v3 to 2023-08-24T14:26:00+00:00, run_after=2023-08-24T14:27:00+00:00
[2023-08-24T15:27:36.418+0100] {processor.py:179} INFO - Processing /home/samuel/dev/airflow_learning/venv/lib/python3.10/site-packages/airflow/example_dags/example_branch_python_dop_operator_3.py took 0.203 seconds
[2023-08-24T15:28:32.328+0100] {processor.py:157} INFO - Started process (PID=5713) to work on /home/samuel/dev/airflow_learning/venv/lib/python3.10/site-packages/airflow/example_dags/example_branch_python_dop_operator_3.py
[2023-08-24T15:28:32.374+0100] {processor.py:829} INFO - Processing file /home/samuel/dev/airflow_learning/venv/lib/python3.10/site-packages/airflow/example_dags/example_branch_python_dop_operator_3.py for tasks to queue
[2023-08-24T15:28:32.375+0100] {logging_mixin.py:151} INFO - [2023-08-24T15:28:32.374+0100] {dagbag.py:539} INFO - Filling up the DagBag from /home/samuel/dev/airflow_learning/venv/lib/python3.10/site-packages/airflow/example_dags/example_branch_python_dop_operator_3.py
[2023-08-24T15:28:32.390+0100] {processor.py:839} INFO - DAG(s) dict_keys(['example_branch_dop_operator_v3']) retrieved from /home/samuel/dev/airflow_learning/venv/lib/python3.10/site-packages/airflow/example_dags/example_branch_python_dop_operator_3.py
[2023-08-24T15:28:32.414+0100] {logging_mixin.py:151} INFO - [2023-08-24T15:28:32.414+0100] {dag.py:2907} INFO - Sync 1 DAGs
[2023-08-24T15:28:32.453+0100] {logging_mixin.py:151} INFO - [2023-08-24T15:28:32.453+0100] {dag.py:3677} INFO - Setting next_dagrun for example_branch_dop_operator_v3 to 2023-08-24T14:27:00+00:00, run_after=2023-08-24T14:28:00+00:00
[2023-08-24T15:28:32.578+0100] {processor.py:179} INFO - Processing /home/samuel/dev/airflow_learning/venv/lib/python3.10/site-packages/airflow/example_dags/example_branch_python_dop_operator_3.py took 0.254 seconds
[2023-08-24T15:29:25.617+0100] {processor.py:157} INFO - Started process (PID=5779) to work on /home/samuel/dev/airflow_learning/venv/lib/python3.10/site-packages/airflow/example_dags/example_branch_python_dop_operator_3.py
[2023-08-24T15:29:25.645+0100] {processor.py:829} INFO - Processing file /home/samuel/dev/airflow_learning/venv/lib/python3.10/site-packages/airflow/example_dags/example_branch_python_dop_operator_3.py for tasks to queue
[2023-08-24T15:29:25.646+0100] {logging_mixin.py:151} INFO - [2023-08-24T15:29:25.645+0100] {dagbag.py:539} INFO - Filling up the DagBag from /home/samuel/dev/airflow_learning/venv/lib/python3.10/site-packages/airflow/example_dags/example_branch_python_dop_operator_3.py
[2023-08-24T15:29:25.658+0100] {processor.py:839} INFO - DAG(s) dict_keys(['example_branch_dop_operator_v3']) retrieved from /home/samuel/dev/airflow_learning/venv/lib/python3.10/site-packages/airflow/example_dags/example_branch_python_dop_operator_3.py
[2023-08-24T15:29:25.679+0100] {logging_mixin.py:151} INFO - [2023-08-24T15:29:25.678+0100] {dag.py:2907} INFO - Sync 1 DAGs
[2023-08-24T15:29:25.707+0100] {logging_mixin.py:151} INFO - [2023-08-24T15:29:25.707+0100] {dag.py:3677} INFO - Setting next_dagrun for example_branch_dop_operator_v3 to 2023-08-24T14:28:00+00:00, run_after=2023-08-24T14:29:00+00:00
[2023-08-24T15:29:25.817+0100] {processor.py:179} INFO - Processing /home/samuel/dev/airflow_learning/venv/lib/python3.10/site-packages/airflow/example_dags/example_branch_python_dop_operator_3.py took 0.204 seconds
[2023-08-24T15:31:09.749+0100] {processor.py:157} INFO - Started process (PID=6014) to work on /home/samuel/dev/airflow_learning/venv/lib/python3.10/site-packages/airflow/example_dags/example_branch_python_dop_operator_3.py
[2023-08-24T15:31:09.761+0100] {processor.py:829} INFO - Processing file /home/samuel/dev/airflow_learning/venv/lib/python3.10/site-packages/airflow/example_dags/example_branch_python_dop_operator_3.py for tasks to queue
[2023-08-24T15:31:09.762+0100] {logging_mixin.py:151} INFO - [2023-08-24T15:31:09.761+0100] {dagbag.py:539} INFO - Filling up the DagBag from /home/samuel/dev/airflow_learning/venv/lib/python3.10/site-packages/airflow/example_dags/example_branch_python_dop_operator_3.py
[2023-08-24T15:31:09.776+0100] {processor.py:839} INFO - DAG(s) dict_keys(['example_branch_dop_operator_v3']) retrieved from /home/samuel/dev/airflow_learning/venv/lib/python3.10/site-packages/airflow/example_dags/example_branch_python_dop_operator_3.py
[2023-08-24T15:31:09.801+0100] {logging_mixin.py:151} INFO - [2023-08-24T15:31:09.801+0100] {dag.py:2907} INFO - Sync 1 DAGs
[2023-08-24T15:31:09.834+0100] {logging_mixin.py:151} INFO - [2023-08-24T15:31:09.833+0100] {dag.py:3677} INFO - Setting next_dagrun for example_branch_dop_operator_v3 to 2023-08-24T14:30:00+00:00, run_after=2023-08-24T14:31:00+00:00
[2023-08-24T15:31:09.987+0100] {processor.py:179} INFO - Processing /home/samuel/dev/airflow_learning/venv/lib/python3.10/site-packages/airflow/example_dags/example_branch_python_dop_operator_3.py took 0.241 seconds
[2023-08-24T15:32:14.445+0100] {processor.py:157} INFO - Started process (PID=6080) to work on /home/samuel/dev/airflow_learning/venv/lib/python3.10/site-packages/airflow/example_dags/example_branch_python_dop_operator_3.py
[2023-08-24T15:32:14.466+0100] {processor.py:829} INFO - Processing file /home/samuel/dev/airflow_learning/venv/lib/python3.10/site-packages/airflow/example_dags/example_branch_python_dop_operator_3.py for tasks to queue
[2023-08-24T15:32:14.467+0100] {logging_mixin.py:151} INFO - [2023-08-24T15:32:14.467+0100] {dagbag.py:539} INFO - Filling up the DagBag from /home/samuel/dev/airflow_learning/venv/lib/python3.10/site-packages/airflow/example_dags/example_branch_python_dop_operator_3.py
[2023-08-24T15:32:14.480+0100] {processor.py:839} INFO - DAG(s) dict_keys(['example_branch_dop_operator_v3']) retrieved from /home/samuel/dev/airflow_learning/venv/lib/python3.10/site-packages/airflow/example_dags/example_branch_python_dop_operator_3.py
[2023-08-24T15:32:14.502+0100] {logging_mixin.py:151} INFO - [2023-08-24T15:32:14.502+0100] {dag.py:2907} INFO - Sync 1 DAGs
[2023-08-24T15:32:14.532+0100] {logging_mixin.py:151} INFO - [2023-08-24T15:32:14.531+0100] {dag.py:3677} INFO - Setting next_dagrun for example_branch_dop_operator_v3 to 2023-08-24T14:31:00+00:00, run_after=2023-08-24T14:32:00+00:00
[2023-08-24T15:32:14.642+0100] {processor.py:179} INFO - Processing /home/samuel/dev/airflow_learning/venv/lib/python3.10/site-packages/airflow/example_dags/example_branch_python_dop_operator_3.py took 0.201 seconds
[2023-08-24T15:33:05.533+0100] {processor.py:157} INFO - Started process (PID=6140) to work on /home/samuel/dev/airflow_learning/venv/lib/python3.10/site-packages/airflow/example_dags/example_branch_python_dop_operator_3.py
[2023-08-24T15:33:05.570+0100] {processor.py:829} INFO - Processing file /home/samuel/dev/airflow_learning/venv/lib/python3.10/site-packages/airflow/example_dags/example_branch_python_dop_operator_3.py for tasks to queue
[2023-08-24T15:33:05.571+0100] {logging_mixin.py:151} INFO - [2023-08-24T15:33:05.571+0100] {dagbag.py:539} INFO - Filling up the DagBag from /home/samuel/dev/airflow_learning/venv/lib/python3.10/site-packages/airflow/example_dags/example_branch_python_dop_operator_3.py
[2023-08-24T15:33:05.583+0100] {processor.py:839} INFO - DAG(s) dict_keys(['example_branch_dop_operator_v3']) retrieved from /home/samuel/dev/airflow_learning/venv/lib/python3.10/site-packages/airflow/example_dags/example_branch_python_dop_operator_3.py
[2023-08-24T15:33:05.604+0100] {logging_mixin.py:151} INFO - [2023-08-24T15:33:05.604+0100] {dag.py:2907} INFO - Sync 1 DAGs
[2023-08-24T15:33:05.631+0100] {logging_mixin.py:151} INFO - [2023-08-24T15:33:05.631+0100] {dag.py:3677} INFO - Setting next_dagrun for example_branch_dop_operator_v3 to 2023-08-24T14:32:00+00:00, run_after=2023-08-24T14:33:00+00:00
[2023-08-24T15:33:05.747+0100] {processor.py:179} INFO - Processing /home/samuel/dev/airflow_learning/venv/lib/python3.10/site-packages/airflow/example_dags/example_branch_python_dop_operator_3.py took 0.217 seconds
[2023-08-24T15:34:02.567+0100] {processor.py:157} INFO - Started process (PID=6200) to work on /home/samuel/dev/airflow_learning/venv/lib/python3.10/site-packages/airflow/example_dags/example_branch_python_dop_operator_3.py
[2023-08-24T15:34:02.570+0100] {processor.py:829} INFO - Processing file /home/samuel/dev/airflow_learning/venv/lib/python3.10/site-packages/airflow/example_dags/example_branch_python_dop_operator_3.py for tasks to queue
[2023-08-24T15:34:02.571+0100] {logging_mixin.py:151} INFO - [2023-08-24T15:34:02.570+0100] {dagbag.py:539} INFO - Filling up the DagBag from /home/samuel/dev/airflow_learning/venv/lib/python3.10/site-packages/airflow/example_dags/example_branch_python_dop_operator_3.py
[2023-08-24T15:34:02.583+0100] {processor.py:839} INFO - DAG(s) dict_keys(['example_branch_dop_operator_v3']) retrieved from /home/samuel/dev/airflow_learning/venv/lib/python3.10/site-packages/airflow/example_dags/example_branch_python_dop_operator_3.py
[2023-08-24T15:34:02.601+0100] {logging_mixin.py:151} INFO - [2023-08-24T15:34:02.600+0100] {dag.py:2907} INFO - Sync 1 DAGs
[2023-08-24T15:34:02.626+0100] {logging_mixin.py:151} INFO - [2023-08-24T15:34:02.626+0100] {dag.py:3677} INFO - Setting next_dagrun for example_branch_dop_operator_v3 to 2023-08-24T14:33:00+00:00, run_after=2023-08-24T14:34:00+00:00
[2023-08-24T15:34:02.751+0100] {processor.py:179} INFO - Processing /home/samuel/dev/airflow_learning/venv/lib/python3.10/site-packages/airflow/example_dags/example_branch_python_dop_operator_3.py took 0.188 seconds
[2023-08-24T15:35:08.970+0100] {processor.py:157} INFO - Started process (PID=6263) to work on /home/samuel/dev/airflow_learning/venv/lib/python3.10/site-packages/airflow/example_dags/example_branch_python_dop_operator_3.py
[2023-08-24T15:35:09.010+0100] {processor.py:829} INFO - Processing file /home/samuel/dev/airflow_learning/venv/lib/python3.10/site-packages/airflow/example_dags/example_branch_python_dop_operator_3.py for tasks to queue
[2023-08-24T15:35:09.011+0100] {logging_mixin.py:151} INFO - [2023-08-24T15:35:09.011+0100] {dagbag.py:539} INFO - Filling up the DagBag from /home/samuel/dev/airflow_learning/venv/lib/python3.10/site-packages/airflow/example_dags/example_branch_python_dop_operator_3.py
[2023-08-24T15:35:09.023+0100] {processor.py:839} INFO - DAG(s) dict_keys(['example_branch_dop_operator_v3']) retrieved from /home/samuel/dev/airflow_learning/venv/lib/python3.10/site-packages/airflow/example_dags/example_branch_python_dop_operator_3.py
[2023-08-24T15:35:09.044+0100] {logging_mixin.py:151} INFO - [2023-08-24T15:35:09.044+0100] {dag.py:2907} INFO - Sync 1 DAGs
[2023-08-24T15:35:09.073+0100] {logging_mixin.py:151} INFO - [2023-08-24T15:35:09.073+0100] {dag.py:3677} INFO - Setting next_dagrun for example_branch_dop_operator_v3 to 2023-08-24T14:34:00+00:00, run_after=2023-08-24T14:35:00+00:00
[2023-08-24T15:35:09.188+0100] {processor.py:179} INFO - Processing /home/samuel/dev/airflow_learning/venv/lib/python3.10/site-packages/airflow/example_dags/example_branch_python_dop_operator_3.py took 0.222 seconds
[2023-08-24T15:36:08.682+0100] {processor.py:157} INFO - Started process (PID=6334) to work on /home/samuel/dev/airflow_learning/venv/lib/python3.10/site-packages/airflow/example_dags/example_branch_python_dop_operator_3.py
[2023-08-24T15:36:08.706+0100] {processor.py:829} INFO - Processing file /home/samuel/dev/airflow_learning/venv/lib/python3.10/site-packages/airflow/example_dags/example_branch_python_dop_operator_3.py for tasks to queue
[2023-08-24T15:36:08.707+0100] {logging_mixin.py:151} INFO - [2023-08-24T15:36:08.707+0100] {dagbag.py:539} INFO - Filling up the DagBag from /home/samuel/dev/airflow_learning/venv/lib/python3.10/site-packages/airflow/example_dags/example_branch_python_dop_operator_3.py
[2023-08-24T15:36:08.720+0100] {processor.py:839} INFO - DAG(s) dict_keys(['example_branch_dop_operator_v3']) retrieved from /home/samuel/dev/airflow_learning/venv/lib/python3.10/site-packages/airflow/example_dags/example_branch_python_dop_operator_3.py
[2023-08-24T15:36:08.746+0100] {logging_mixin.py:151} INFO - [2023-08-24T15:36:08.745+0100] {dag.py:2907} INFO - Sync 1 DAGs
[2023-08-24T15:36:08.784+0100] {logging_mixin.py:151} INFO - [2023-08-24T15:36:08.784+0100] {dag.py:3677} INFO - Setting next_dagrun for example_branch_dop_operator_v3 to 2023-08-24T14:35:00+00:00, run_after=2023-08-24T14:36:00+00:00
[2023-08-24T15:36:08.897+0100] {processor.py:179} INFO - Processing /home/samuel/dev/airflow_learning/venv/lib/python3.10/site-packages/airflow/example_dags/example_branch_python_dop_operator_3.py took 0.219 seconds
[2023-08-24T15:37:04.225+0100] {processor.py:157} INFO - Started process (PID=6388) to work on /home/samuel/dev/airflow_learning/venv/lib/python3.10/site-packages/airflow/example_dags/example_branch_python_dop_operator_3.py
[2023-08-24T15:37:04.226+0100] {processor.py:829} INFO - Processing file /home/samuel/dev/airflow_learning/venv/lib/python3.10/site-packages/airflow/example_dags/example_branch_python_dop_operator_3.py for tasks to queue
[2023-08-24T15:37:04.227+0100] {logging_mixin.py:151} INFO - [2023-08-24T15:37:04.227+0100] {dagbag.py:539} INFO - Filling up the DagBag from /home/samuel/dev/airflow_learning/venv/lib/python3.10/site-packages/airflow/example_dags/example_branch_python_dop_operator_3.py
[2023-08-24T15:37:04.237+0100] {processor.py:839} INFO - DAG(s) dict_keys(['example_branch_dop_operator_v3']) retrieved from /home/samuel/dev/airflow_learning/venv/lib/python3.10/site-packages/airflow/example_dags/example_branch_python_dop_operator_3.py
[2023-08-24T15:37:04.255+0100] {logging_mixin.py:151} INFO - [2023-08-24T15:37:04.254+0100] {dag.py:2907} INFO - Sync 1 DAGs
[2023-08-24T15:37:04.281+0100] {logging_mixin.py:151} INFO - [2023-08-24T15:37:04.281+0100] {dag.py:3677} INFO - Setting next_dagrun for example_branch_dop_operator_v3 to 2023-08-24T14:36:00+00:00, run_after=2023-08-24T14:37:00+00:00
[2023-08-24T15:37:04.380+0100] {processor.py:179} INFO - Processing /home/samuel/dev/airflow_learning/venv/lib/python3.10/site-packages/airflow/example_dags/example_branch_python_dop_operator_3.py took 0.158 seconds
[2023-08-24T15:38:09.731+0100] {processor.py:157} INFO - Started process (PID=6440) to work on /home/samuel/dev/airflow_learning/venv/lib/python3.10/site-packages/airflow/example_dags/example_branch_python_dop_operator_3.py
[2023-08-24T15:38:09.761+0100] {processor.py:829} INFO - Processing file /home/samuel/dev/airflow_learning/venv/lib/python3.10/site-packages/airflow/example_dags/example_branch_python_dop_operator_3.py for tasks to queue
[2023-08-24T15:38:09.762+0100] {logging_mixin.py:151} INFO - [2023-08-24T15:38:09.762+0100] {dagbag.py:539} INFO - Filling up the DagBag from /home/samuel/dev/airflow_learning/venv/lib/python3.10/site-packages/airflow/example_dags/example_branch_python_dop_operator_3.py
[2023-08-24T15:38:09.774+0100] {processor.py:839} INFO - DAG(s) dict_keys(['example_branch_dop_operator_v3']) retrieved from /home/samuel/dev/airflow_learning/venv/lib/python3.10/site-packages/airflow/example_dags/example_branch_python_dop_operator_3.py
[2023-08-24T15:38:09.794+0100] {logging_mixin.py:151} INFO - [2023-08-24T15:38:09.794+0100] {dag.py:2907} INFO - Sync 1 DAGs
[2023-08-24T15:38:09.822+0100] {logging_mixin.py:151} INFO - [2023-08-24T15:38:09.822+0100] {dag.py:3677} INFO - Setting next_dagrun for example_branch_dop_operator_v3 to 2023-08-24T14:37:00+00:00, run_after=2023-08-24T14:38:00+00:00
[2023-08-24T15:38:09.938+0100] {processor.py:179} INFO - Processing /home/samuel/dev/airflow_learning/venv/lib/python3.10/site-packages/airflow/example_dags/example_branch_python_dop_operator_3.py took 0.210 seconds
[2023-08-24T15:39:05.833+0100] {processor.py:157} INFO - Started process (PID=6495) to work on /home/samuel/dev/airflow_learning/venv/lib/python3.10/site-packages/airflow/example_dags/example_branch_python_dop_operator_3.py
[2023-08-24T15:39:05.868+0100] {processor.py:829} INFO - Processing file /home/samuel/dev/airflow_learning/venv/lib/python3.10/site-packages/airflow/example_dags/example_branch_python_dop_operator_3.py for tasks to queue
[2023-08-24T15:39:05.870+0100] {logging_mixin.py:151} INFO - [2023-08-24T15:39:05.869+0100] {dagbag.py:539} INFO - Filling up the DagBag from /home/samuel/dev/airflow_learning/venv/lib/python3.10/site-packages/airflow/example_dags/example_branch_python_dop_operator_3.py
[2023-08-24T15:39:05.883+0100] {processor.py:839} INFO - DAG(s) dict_keys(['example_branch_dop_operator_v3']) retrieved from /home/samuel/dev/airflow_learning/venv/lib/python3.10/site-packages/airflow/example_dags/example_branch_python_dop_operator_3.py
[2023-08-24T15:39:05.904+0100] {logging_mixin.py:151} INFO - [2023-08-24T15:39:05.904+0100] {dag.py:2907} INFO - Sync 1 DAGs
[2023-08-24T15:39:05.933+0100] {logging_mixin.py:151} INFO - [2023-08-24T15:39:05.933+0100] {dag.py:3677} INFO - Setting next_dagrun for example_branch_dop_operator_v3 to 2023-08-24T14:38:00+00:00, run_after=2023-08-24T14:39:00+00:00
[2023-08-24T15:39:06.050+0100] {processor.py:179} INFO - Processing /home/samuel/dev/airflow_learning/venv/lib/python3.10/site-packages/airflow/example_dags/example_branch_python_dop_operator_3.py took 0.220 seconds
[2023-08-24T15:40:01.419+0100] {processor.py:157} INFO - Started process (PID=6567) to work on /home/samuel/dev/airflow_learning/venv/lib/python3.10/site-packages/airflow/example_dags/example_branch_python_dop_operator_3.py
[2023-08-24T15:40:01.484+0100] {processor.py:829} INFO - Processing file /home/samuel/dev/airflow_learning/venv/lib/python3.10/site-packages/airflow/example_dags/example_branch_python_dop_operator_3.py for tasks to queue
[2023-08-24T15:40:01.485+0100] {logging_mixin.py:151} INFO - [2023-08-24T15:40:01.485+0100] {dagbag.py:539} INFO - Filling up the DagBag from /home/samuel/dev/airflow_learning/venv/lib/python3.10/site-packages/airflow/example_dags/example_branch_python_dop_operator_3.py
[2023-08-24T15:40:01.498+0100] {processor.py:839} INFO - DAG(s) dict_keys(['example_branch_dop_operator_v3']) retrieved from /home/samuel/dev/airflow_learning/venv/lib/python3.10/site-packages/airflow/example_dags/example_branch_python_dop_operator_3.py
[2023-08-24T15:40:02.131+0100] {logging_mixin.py:151} INFO - [2023-08-24T15:40:02.131+0100] {dag.py:2907} INFO - Sync 1 DAGs
[2023-08-24T15:40:02.709+0100] {logging_mixin.py:151} INFO - [2023-08-24T15:40:02.708+0100] {dag.py:3677} INFO - Setting next_dagrun for example_branch_dop_operator_v3 to 2023-08-24T14:39:00+00:00, run_after=2023-08-24T14:40:00+00:00
[2023-08-24T15:40:03.303+0100] {processor.py:179} INFO - Processing /home/samuel/dev/airflow_learning/venv/lib/python3.10/site-packages/airflow/example_dags/example_branch_python_dop_operator_3.py took 1.887 seconds
[2023-08-24T15:41:07.661+0100] {processor.py:157} INFO - Started process (PID=6634) to work on /home/samuel/dev/airflow_learning/venv/lib/python3.10/site-packages/airflow/example_dags/example_branch_python_dop_operator_3.py
[2023-08-24T15:41:07.667+0100] {processor.py:829} INFO - Processing file /home/samuel/dev/airflow_learning/venv/lib/python3.10/site-packages/airflow/example_dags/example_branch_python_dop_operator_3.py for tasks to queue
[2023-08-24T15:41:07.668+0100] {logging_mixin.py:151} INFO - [2023-08-24T15:41:07.668+0100] {dagbag.py:539} INFO - Filling up the DagBag from /home/samuel/dev/airflow_learning/venv/lib/python3.10/site-packages/airflow/example_dags/example_branch_python_dop_operator_3.py
[2023-08-24T15:41:07.679+0100] {processor.py:839} INFO - DAG(s) dict_keys(['example_branch_dop_operator_v3']) retrieved from /home/samuel/dev/airflow_learning/venv/lib/python3.10/site-packages/airflow/example_dags/example_branch_python_dop_operator_3.py
[2023-08-24T15:41:07.698+0100] {logging_mixin.py:151} INFO - [2023-08-24T15:41:07.698+0100] {dag.py:2907} INFO - Sync 1 DAGs
[2023-08-24T15:41:07.723+0100] {logging_mixin.py:151} INFO - [2023-08-24T15:41:07.723+0100] {dag.py:3677} INFO - Setting next_dagrun for example_branch_dop_operator_v3 to 2023-08-24T14:40:00+00:00, run_after=2023-08-24T14:41:00+00:00
[2023-08-24T15:41:07.827+0100] {processor.py:179} INFO - Processing /home/samuel/dev/airflow_learning/venv/lib/python3.10/site-packages/airflow/example_dags/example_branch_python_dop_operator_3.py took 0.170 seconds
[2023-08-24T15:42:08.069+0100] {processor.py:157} INFO - Started process (PID=6696) to work on /home/samuel/dev/airflow_learning/venv/lib/python3.10/site-packages/airflow/example_dags/example_branch_python_dop_operator_3.py
[2023-08-24T15:42:08.070+0100] {processor.py:829} INFO - Processing file /home/samuel/dev/airflow_learning/venv/lib/python3.10/site-packages/airflow/example_dags/example_branch_python_dop_operator_3.py for tasks to queue
[2023-08-24T15:42:08.071+0100] {logging_mixin.py:151} INFO - [2023-08-24T15:42:08.071+0100] {dagbag.py:539} INFO - Filling up the DagBag from /home/samuel/dev/airflow_learning/venv/lib/python3.10/site-packages/airflow/example_dags/example_branch_python_dop_operator_3.py
[2023-08-24T15:42:08.082+0100] {processor.py:839} INFO - DAG(s) dict_keys(['example_branch_dop_operator_v3']) retrieved from /home/samuel/dev/airflow_learning/venv/lib/python3.10/site-packages/airflow/example_dags/example_branch_python_dop_operator_3.py
[2023-08-24T15:42:08.101+0100] {logging_mixin.py:151} INFO - [2023-08-24T15:42:08.100+0100] {dag.py:2907} INFO - Sync 1 DAGs
[2023-08-24T15:42:08.127+0100] {logging_mixin.py:151} INFO - [2023-08-24T15:42:08.127+0100] {dag.py:3677} INFO - Setting next_dagrun for example_branch_dop_operator_v3 to 2023-08-24T14:41:00+00:00, run_after=2023-08-24T14:42:00+00:00
[2023-08-24T15:42:08.245+0100] {processor.py:179} INFO - Processing /home/samuel/dev/airflow_learning/venv/lib/python3.10/site-packages/airflow/example_dags/example_branch_python_dop_operator_3.py took 0.180 seconds
[2023-08-24T15:43:04.739+0100] {processor.py:157} INFO - Started process (PID=6805) to work on /home/samuel/dev/airflow_learning/venv/lib/python3.10/site-packages/airflow/example_dags/example_branch_python_dop_operator_3.py
[2023-08-24T15:43:04.742+0100] {processor.py:829} INFO - Processing file /home/samuel/dev/airflow_learning/venv/lib/python3.10/site-packages/airflow/example_dags/example_branch_python_dop_operator_3.py for tasks to queue
[2023-08-24T15:43:04.743+0100] {logging_mixin.py:151} INFO - [2023-08-24T15:43:04.742+0100] {dagbag.py:539} INFO - Filling up the DagBag from /home/samuel/dev/airflow_learning/venv/lib/python3.10/site-packages/airflow/example_dags/example_branch_python_dop_operator_3.py
[2023-08-24T15:43:04.755+0100] {processor.py:839} INFO - DAG(s) dict_keys(['example_branch_dop_operator_v3']) retrieved from /home/samuel/dev/airflow_learning/venv/lib/python3.10/site-packages/airflow/example_dags/example_branch_python_dop_operator_3.py
[2023-08-24T15:43:04.773+0100] {logging_mixin.py:151} INFO - [2023-08-24T15:43:04.773+0100] {dag.py:2907} INFO - Sync 1 DAGs
[2023-08-24T15:43:04.798+0100] {logging_mixin.py:151} INFO - [2023-08-24T15:43:04.798+0100] {dag.py:3677} INFO - Setting next_dagrun for example_branch_dop_operator_v3 to 2023-08-24T14:42:00+00:00, run_after=2023-08-24T14:43:00+00:00
[2023-08-24T15:43:04.926+0100] {processor.py:179} INFO - Processing /home/samuel/dev/airflow_learning/venv/lib/python3.10/site-packages/airflow/example_dags/example_branch_python_dop_operator_3.py took 0.191 seconds
[2023-08-24T15:44:01.085+0100] {processor.py:157} INFO - Started process (PID=6859) to work on /home/samuel/dev/airflow_learning/venv/lib/python3.10/site-packages/airflow/example_dags/example_branch_python_dop_operator_3.py
[2023-08-24T15:44:01.102+0100] {processor.py:829} INFO - Processing file /home/samuel/dev/airflow_learning/venv/lib/python3.10/site-packages/airflow/example_dags/example_branch_python_dop_operator_3.py for tasks to queue
[2023-08-24T15:44:01.103+0100] {logging_mixin.py:151} INFO - [2023-08-24T15:44:01.103+0100] {dagbag.py:539} INFO - Filling up the DagBag from /home/samuel/dev/airflow_learning/venv/lib/python3.10/site-packages/airflow/example_dags/example_branch_python_dop_operator_3.py
[2023-08-24T15:44:01.115+0100] {processor.py:839} INFO - DAG(s) dict_keys(['example_branch_dop_operator_v3']) retrieved from /home/samuel/dev/airflow_learning/venv/lib/python3.10/site-packages/airflow/example_dags/example_branch_python_dop_operator_3.py
[2023-08-24T15:44:01.135+0100] {logging_mixin.py:151} INFO - [2023-08-24T15:44:01.135+0100] {dag.py:2907} INFO - Sync 1 DAGs
[2023-08-24T15:44:01.164+0100] {logging_mixin.py:151} INFO - [2023-08-24T15:44:01.164+0100] {dag.py:3677} INFO - Setting next_dagrun for example_branch_dop_operator_v3 to 2023-08-24T14:43:00+00:00, run_after=2023-08-24T14:44:00+00:00
[2023-08-24T15:44:01.284+0100] {processor.py:179} INFO - Processing /home/samuel/dev/airflow_learning/venv/lib/python3.10/site-packages/airflow/example_dags/example_branch_python_dop_operator_3.py took 0.203 seconds
[2023-08-24T15:44:48.675+0100] {processor.py:157} INFO - Started process (PID=6906) to work on /home/samuel/dev/airflow_learning/venv/lib/python3.10/site-packages/airflow/example_dags/example_branch_python_dop_operator_3.py
[2023-08-24T15:44:48.678+0100] {processor.py:829} INFO - Processing file /home/samuel/dev/airflow_learning/venv/lib/python3.10/site-packages/airflow/example_dags/example_branch_python_dop_operator_3.py for tasks to queue
[2023-08-24T15:44:48.679+0100] {logging_mixin.py:151} INFO - [2023-08-24T15:44:48.679+0100] {dagbag.py:539} INFO - Filling up the DagBag from /home/samuel/dev/airflow_learning/venv/lib/python3.10/site-packages/airflow/example_dags/example_branch_python_dop_operator_3.py
[2023-08-24T15:44:48.691+0100] {processor.py:839} INFO - DAG(s) dict_keys(['example_branch_dop_operator_v3']) retrieved from /home/samuel/dev/airflow_learning/venv/lib/python3.10/site-packages/airflow/example_dags/example_branch_python_dop_operator_3.py
[2023-08-24T15:44:48.709+0100] {logging_mixin.py:151} INFO - [2023-08-24T15:44:48.709+0100] {dag.py:2907} INFO - Sync 1 DAGs
[2023-08-24T15:44:48.735+0100] {logging_mixin.py:151} INFO - [2023-08-24T15:44:48.734+0100] {dag.py:3677} INFO - Setting next_dagrun for example_branch_dop_operator_v3 to 2023-08-24T14:43:00+00:00, run_after=2023-08-24T14:44:00+00:00
[2023-08-24T15:44:48.858+0100] {processor.py:179} INFO - Processing /home/samuel/dev/airflow_learning/venv/lib/python3.10/site-packages/airflow/example_dags/example_branch_python_dop_operator_3.py took 0.187 seconds
[2023-08-24T15:45:41.193+0100] {processor.py:157} INFO - Started process (PID=6957) to work on /home/samuel/dev/airflow_learning/venv/lib/python3.10/site-packages/airflow/example_dags/example_branch_python_dop_operator_3.py
[2023-08-24T15:45:41.195+0100] {processor.py:829} INFO - Processing file /home/samuel/dev/airflow_learning/venv/lib/python3.10/site-packages/airflow/example_dags/example_branch_python_dop_operator_3.py for tasks to queue
[2023-08-24T15:45:41.196+0100] {logging_mixin.py:151} INFO - [2023-08-24T15:45:41.195+0100] {dagbag.py:539} INFO - Filling up the DagBag from /home/samuel/dev/airflow_learning/venv/lib/python3.10/site-packages/airflow/example_dags/example_branch_python_dop_operator_3.py
[2023-08-24T15:45:41.207+0100] {processor.py:839} INFO - DAG(s) dict_keys(['example_branch_dop_operator_v3']) retrieved from /home/samuel/dev/airflow_learning/venv/lib/python3.10/site-packages/airflow/example_dags/example_branch_python_dop_operator_3.py
[2023-08-24T15:45:41.225+0100] {logging_mixin.py:151} INFO - [2023-08-24T15:45:41.225+0100] {dag.py:2907} INFO - Sync 1 DAGs
[2023-08-24T15:45:41.250+0100] {logging_mixin.py:151} INFO - [2023-08-24T15:45:41.250+0100] {dag.py:3677} INFO - Setting next_dagrun for example_branch_dop_operator_v3 to 2023-08-24T14:44:00+00:00, run_after=2023-08-24T14:45:00+00:00
[2023-08-24T15:45:41.371+0100] {processor.py:179} INFO - Processing /home/samuel/dev/airflow_learning/venv/lib/python3.10/site-packages/airflow/example_dags/example_branch_python_dop_operator_3.py took 0.181 seconds
[2023-08-24T15:46:34.316+0100] {processor.py:157} INFO - Started process (PID=7007) to work on /home/samuel/dev/airflow_learning/venv/lib/python3.10/site-packages/airflow/example_dags/example_branch_python_dop_operator_3.py
[2023-08-24T15:46:34.319+0100] {processor.py:829} INFO - Processing file /home/samuel/dev/airflow_learning/venv/lib/python3.10/site-packages/airflow/example_dags/example_branch_python_dop_operator_3.py for tasks to queue
[2023-08-24T15:46:34.320+0100] {logging_mixin.py:151} INFO - [2023-08-24T15:46:34.319+0100] {dagbag.py:539} INFO - Filling up the DagBag from /home/samuel/dev/airflow_learning/venv/lib/python3.10/site-packages/airflow/example_dags/example_branch_python_dop_operator_3.py
[2023-08-24T15:46:34.332+0100] {processor.py:839} INFO - DAG(s) dict_keys(['example_branch_dop_operator_v3']) retrieved from /home/samuel/dev/airflow_learning/venv/lib/python3.10/site-packages/airflow/example_dags/example_branch_python_dop_operator_3.py
[2023-08-24T15:46:34.351+0100] {logging_mixin.py:151} INFO - [2023-08-24T15:46:34.350+0100] {dag.py:2907} INFO - Sync 1 DAGs
[2023-08-24T15:46:34.375+0100] {logging_mixin.py:151} INFO - [2023-08-24T15:46:34.375+0100] {dag.py:3677} INFO - Setting next_dagrun for example_branch_dop_operator_v3 to 2023-08-24T14:45:00+00:00, run_after=2023-08-24T14:46:00+00:00
[2023-08-24T15:46:34.491+0100] {processor.py:179} INFO - Processing /home/samuel/dev/airflow_learning/venv/lib/python3.10/site-packages/airflow/example_dags/example_branch_python_dop_operator_3.py took 0.178 seconds
[2023-08-24T15:47:28.785+0100] {processor.py:157} INFO - Started process (PID=7057) to work on /home/samuel/dev/airflow_learning/venv/lib/python3.10/site-packages/airflow/example_dags/example_branch_python_dop_operator_3.py
[2023-08-24T15:47:28.788+0100] {processor.py:829} INFO - Processing file /home/samuel/dev/airflow_learning/venv/lib/python3.10/site-packages/airflow/example_dags/example_branch_python_dop_operator_3.py for tasks to queue
[2023-08-24T15:47:28.789+0100] {logging_mixin.py:151} INFO - [2023-08-24T15:47:28.788+0100] {dagbag.py:539} INFO - Filling up the DagBag from /home/samuel/dev/airflow_learning/venv/lib/python3.10/site-packages/airflow/example_dags/example_branch_python_dop_operator_3.py
[2023-08-24T15:47:28.798+0100] {processor.py:839} INFO - DAG(s) dict_keys(['example_branch_dop_operator_v3']) retrieved from /home/samuel/dev/airflow_learning/venv/lib/python3.10/site-packages/airflow/example_dags/example_branch_python_dop_operator_3.py
[2023-08-24T15:47:28.814+0100] {logging_mixin.py:151} INFO - [2023-08-24T15:47:28.814+0100] {dag.py:2907} INFO - Sync 1 DAGs
[2023-08-24T15:47:28.839+0100] {logging_mixin.py:151} INFO - [2023-08-24T15:47:28.838+0100] {dag.py:3677} INFO - Setting next_dagrun for example_branch_dop_operator_v3 to 2023-08-24T14:46:00+00:00, run_after=2023-08-24T14:47:00+00:00
[2023-08-24T15:47:28.975+0100] {processor.py:179} INFO - Processing /home/samuel/dev/airflow_learning/venv/lib/python3.10/site-packages/airflow/example_dags/example_branch_python_dop_operator_3.py took 0.194 seconds
[2023-08-24T15:48:21.697+0100] {processor.py:157} INFO - Started process (PID=7126) to work on /home/samuel/dev/airflow_learning/venv/lib/python3.10/site-packages/airflow/example_dags/example_branch_python_dop_operator_3.py
[2023-08-24T15:48:21.700+0100] {processor.py:829} INFO - Processing file /home/samuel/dev/airflow_learning/venv/lib/python3.10/site-packages/airflow/example_dags/example_branch_python_dop_operator_3.py for tasks to queue
[2023-08-24T15:48:21.701+0100] {logging_mixin.py:151} INFO - [2023-08-24T15:48:21.701+0100] {dagbag.py:539} INFO - Filling up the DagBag from /home/samuel/dev/airflow_learning/venv/lib/python3.10/site-packages/airflow/example_dags/example_branch_python_dop_operator_3.py
[2023-08-24T15:48:21.712+0100] {processor.py:839} INFO - DAG(s) dict_keys(['example_branch_dop_operator_v3']) retrieved from /home/samuel/dev/airflow_learning/venv/lib/python3.10/site-packages/airflow/example_dags/example_branch_python_dop_operator_3.py
[2023-08-24T15:48:21.729+0100] {logging_mixin.py:151} INFO - [2023-08-24T15:48:21.729+0100] {dag.py:2907} INFO - Sync 1 DAGs
[2023-08-24T15:48:21.755+0100] {logging_mixin.py:151} INFO - [2023-08-24T15:48:21.755+0100] {dag.py:3677} INFO - Setting next_dagrun for example_branch_dop_operator_v3 to 2023-08-24T14:47:00+00:00, run_after=2023-08-24T14:48:00+00:00
[2023-08-24T15:48:21.876+0100] {processor.py:179} INFO - Processing /home/samuel/dev/airflow_learning/venv/lib/python3.10/site-packages/airflow/example_dags/example_branch_python_dop_operator_3.py took 0.182 seconds
[2023-08-24T15:49:13.541+0100] {processor.py:157} INFO - Started process (PID=7175) to work on /home/samuel/dev/airflow_learning/venv/lib/python3.10/site-packages/airflow/example_dags/example_branch_python_dop_operator_3.py
[2023-08-24T15:49:13.563+0100] {processor.py:829} INFO - Processing file /home/samuel/dev/airflow_learning/venv/lib/python3.10/site-packages/airflow/example_dags/example_branch_python_dop_operator_3.py for tasks to queue
[2023-08-24T15:49:13.564+0100] {logging_mixin.py:151} INFO - [2023-08-24T15:49:13.564+0100] {dagbag.py:539} INFO - Filling up the DagBag from /home/samuel/dev/airflow_learning/venv/lib/python3.10/site-packages/airflow/example_dags/example_branch_python_dop_operator_3.py
[2023-08-24T15:49:13.577+0100] {processor.py:839} INFO - DAG(s) dict_keys(['example_branch_dop_operator_v3']) retrieved from /home/samuel/dev/airflow_learning/venv/lib/python3.10/site-packages/airflow/example_dags/example_branch_python_dop_operator_3.py
[2023-08-24T15:49:13.597+0100] {logging_mixin.py:151} INFO - [2023-08-24T15:49:13.597+0100] {dag.py:2907} INFO - Sync 1 DAGs
[2023-08-24T15:49:13.624+0100] {logging_mixin.py:151} INFO - [2023-08-24T15:49:13.624+0100] {dag.py:3677} INFO - Setting next_dagrun for example_branch_dop_operator_v3 to 2023-08-24T14:48:00+00:00, run_after=2023-08-24T14:49:00+00:00
[2023-08-24T15:49:13.738+0100] {processor.py:179} INFO - Processing /home/samuel/dev/airflow_learning/venv/lib/python3.10/site-packages/airflow/example_dags/example_branch_python_dop_operator_3.py took 0.201 seconds
[2023-08-24T15:50:02.510+0100] {processor.py:157} INFO - Started process (PID=7221) to work on /home/samuel/dev/airflow_learning/venv/lib/python3.10/site-packages/airflow/example_dags/example_branch_python_dop_operator_3.py
[2023-08-24T15:50:02.514+0100] {processor.py:829} INFO - Processing file /home/samuel/dev/airflow_learning/venv/lib/python3.10/site-packages/airflow/example_dags/example_branch_python_dop_operator_3.py for tasks to queue
[2023-08-24T15:50:02.515+0100] {logging_mixin.py:151} INFO - [2023-08-24T15:50:02.514+0100] {dagbag.py:539} INFO - Filling up the DagBag from /home/samuel/dev/airflow_learning/venv/lib/python3.10/site-packages/airflow/example_dags/example_branch_python_dop_operator_3.py
[2023-08-24T15:50:02.527+0100] {processor.py:839} INFO - DAG(s) dict_keys(['example_branch_dop_operator_v3']) retrieved from /home/samuel/dev/airflow_learning/venv/lib/python3.10/site-packages/airflow/example_dags/example_branch_python_dop_operator_3.py
[2023-08-24T15:50:02.546+0100] {logging_mixin.py:151} INFO - [2023-08-24T15:50:02.546+0100] {dag.py:2907} INFO - Sync 1 DAGs
[2023-08-24T15:50:02.571+0100] {logging_mixin.py:151} INFO - [2023-08-24T15:50:02.571+0100] {dag.py:3677} INFO - Setting next_dagrun for example_branch_dop_operator_v3 to 2023-08-24T14:49:00+00:00, run_after=2023-08-24T14:50:00+00:00
[2023-08-24T15:50:02.697+0100] {processor.py:179} INFO - Processing /home/samuel/dev/airflow_learning/venv/lib/python3.10/site-packages/airflow/example_dags/example_branch_python_dop_operator_3.py took 0.190 seconds
[2023-08-24T15:50:53.358+0100] {processor.py:157} INFO - Started process (PID=7269) to work on /home/samuel/dev/airflow_learning/venv/lib/python3.10/site-packages/airflow/example_dags/example_branch_python_dop_operator_3.py
[2023-08-24T15:50:53.361+0100] {processor.py:829} INFO - Processing file /home/samuel/dev/airflow_learning/venv/lib/python3.10/site-packages/airflow/example_dags/example_branch_python_dop_operator_3.py for tasks to queue
[2023-08-24T15:50:53.362+0100] {logging_mixin.py:151} INFO - [2023-08-24T15:50:53.362+0100] {dagbag.py:539} INFO - Filling up the DagBag from /home/samuel/dev/airflow_learning/venv/lib/python3.10/site-packages/airflow/example_dags/example_branch_python_dop_operator_3.py
[2023-08-24T15:50:53.374+0100] {processor.py:839} INFO - DAG(s) dict_keys(['example_branch_dop_operator_v3']) retrieved from /home/samuel/dev/airflow_learning/venv/lib/python3.10/site-packages/airflow/example_dags/example_branch_python_dop_operator_3.py
[2023-08-24T15:50:53.393+0100] {logging_mixin.py:151} INFO - [2023-08-24T15:50:53.392+0100] {dag.py:2907} INFO - Sync 1 DAGs
[2023-08-24T15:50:53.417+0100] {logging_mixin.py:151} INFO - [2023-08-24T15:50:53.417+0100] {dag.py:3677} INFO - Setting next_dagrun for example_branch_dop_operator_v3 to 2023-08-24T14:49:00+00:00, run_after=2023-08-24T14:50:00+00:00
[2023-08-24T15:50:53.578+0100] {processor.py:179} INFO - Processing /home/samuel/dev/airflow_learning/venv/lib/python3.10/site-packages/airflow/example_dags/example_branch_python_dop_operator_3.py took 0.223 seconds
[2023-08-24T15:51:47.614+0100] {processor.py:157} INFO - Started process (PID=7326) to work on /home/samuel/dev/airflow_learning/venv/lib/python3.10/site-packages/airflow/example_dags/example_branch_python_dop_operator_3.py
[2023-08-24T15:51:47.615+0100] {processor.py:829} INFO - Processing file /home/samuel/dev/airflow_learning/venv/lib/python3.10/site-packages/airflow/example_dags/example_branch_python_dop_operator_3.py for tasks to queue
[2023-08-24T15:51:47.616+0100] {logging_mixin.py:151} INFO - [2023-08-24T15:51:47.616+0100] {dagbag.py:539} INFO - Filling up the DagBag from /home/samuel/dev/airflow_learning/venv/lib/python3.10/site-packages/airflow/example_dags/example_branch_python_dop_operator_3.py
[2023-08-24T15:51:47.628+0100] {processor.py:839} INFO - DAG(s) dict_keys(['example_branch_dop_operator_v3']) retrieved from /home/samuel/dev/airflow_learning/venv/lib/python3.10/site-packages/airflow/example_dags/example_branch_python_dop_operator_3.py
[2023-08-24T15:51:47.647+0100] {logging_mixin.py:151} INFO - [2023-08-24T15:51:47.647+0100] {dag.py:2907} INFO - Sync 1 DAGs
[2023-08-24T15:51:47.672+0100] {logging_mixin.py:151} INFO - [2023-08-24T15:51:47.671+0100] {dag.py:3677} INFO - Setting next_dagrun for example_branch_dop_operator_v3 to 2023-08-24T14:50:00+00:00, run_after=2023-08-24T14:51:00+00:00
[2023-08-24T15:51:47.767+0100] {processor.py:179} INFO - Processing /home/samuel/dev/airflow_learning/venv/lib/python3.10/site-packages/airflow/example_dags/example_branch_python_dop_operator_3.py took 0.157 seconds
[2023-08-24T15:52:35.346+0100] {processor.py:157} INFO - Started process (PID=7375) to work on /home/samuel/dev/airflow_learning/venv/lib/python3.10/site-packages/airflow/example_dags/example_branch_python_dop_operator_3.py
[2023-08-24T15:52:35.363+0100] {processor.py:829} INFO - Processing file /home/samuel/dev/airflow_learning/venv/lib/python3.10/site-packages/airflow/example_dags/example_branch_python_dop_operator_3.py for tasks to queue
[2023-08-24T15:52:35.364+0100] {logging_mixin.py:151} INFO - [2023-08-24T15:52:35.364+0100] {dagbag.py:539} INFO - Filling up the DagBag from /home/samuel/dev/airflow_learning/venv/lib/python3.10/site-packages/airflow/example_dags/example_branch_python_dop_operator_3.py
[2023-08-24T15:52:35.376+0100] {processor.py:839} INFO - DAG(s) dict_keys(['example_branch_dop_operator_v3']) retrieved from /home/samuel/dev/airflow_learning/venv/lib/python3.10/site-packages/airflow/example_dags/example_branch_python_dop_operator_3.py
[2023-08-24T15:52:35.396+0100] {logging_mixin.py:151} INFO - [2023-08-24T15:52:35.396+0100] {dag.py:2907} INFO - Sync 1 DAGs
[2023-08-24T15:52:35.423+0100] {logging_mixin.py:151} INFO - [2023-08-24T15:52:35.423+0100] {dag.py:3677} INFO - Setting next_dagrun for example_branch_dop_operator_v3 to 2023-08-24T14:51:00+00:00, run_after=2023-08-24T14:52:00+00:00
[2023-08-24T15:52:35.530+0100] {processor.py:179} INFO - Processing /home/samuel/dev/airflow_learning/venv/lib/python3.10/site-packages/airflow/example_dags/example_branch_python_dop_operator_3.py took 0.188 seconds
[2023-08-24T15:53:26.990+0100] {processor.py:157} INFO - Started process (PID=7490) to work on /home/samuel/dev/airflow_learning/venv/lib/python3.10/site-packages/airflow/example_dags/example_branch_python_dop_operator_3.py
[2023-08-24T15:53:27.018+0100] {processor.py:829} INFO - Processing file /home/samuel/dev/airflow_learning/venv/lib/python3.10/site-packages/airflow/example_dags/example_branch_python_dop_operator_3.py for tasks to queue
[2023-08-24T15:53:27.019+0100] {logging_mixin.py:151} INFO - [2023-08-24T15:53:27.019+0100] {dagbag.py:539} INFO - Filling up the DagBag from /home/samuel/dev/airflow_learning/venv/lib/python3.10/site-packages/airflow/example_dags/example_branch_python_dop_operator_3.py
[2023-08-24T15:53:27.032+0100] {processor.py:839} INFO - DAG(s) dict_keys(['example_branch_dop_operator_v3']) retrieved from /home/samuel/dev/airflow_learning/venv/lib/python3.10/site-packages/airflow/example_dags/example_branch_python_dop_operator_3.py
[2023-08-24T15:53:27.053+0100] {logging_mixin.py:151} INFO - [2023-08-24T15:53:27.053+0100] {dag.py:2907} INFO - Sync 1 DAGs
[2023-08-24T15:53:27.082+0100] {logging_mixin.py:151} INFO - [2023-08-24T15:53:27.082+0100] {dag.py:3677} INFO - Setting next_dagrun for example_branch_dop_operator_v3 to 2023-08-24T14:52:00+00:00, run_after=2023-08-24T14:53:00+00:00
[2023-08-24T15:53:27.248+0100] {processor.py:179} INFO - Processing /home/samuel/dev/airflow_learning/venv/lib/python3.10/site-packages/airflow/example_dags/example_branch_python_dop_operator_3.py took 0.263 seconds
[2023-08-24T15:54:32.633+0100] {processor.py:157} INFO - Started process (PID=7582) to work on /home/samuel/dev/airflow_learning/venv/lib/python3.10/site-packages/airflow/example_dags/example_branch_python_dop_operator_3.py
[2023-08-24T15:54:32.668+0100] {processor.py:829} INFO - Processing file /home/samuel/dev/airflow_learning/venv/lib/python3.10/site-packages/airflow/example_dags/example_branch_python_dop_operator_3.py for tasks to queue
[2023-08-24T15:54:32.669+0100] {logging_mixin.py:151} INFO - [2023-08-24T15:54:32.669+0100] {dagbag.py:539} INFO - Filling up the DagBag from /home/samuel/dev/airflow_learning/venv/lib/python3.10/site-packages/airflow/example_dags/example_branch_python_dop_operator_3.py
[2023-08-24T15:54:32.680+0100] {processor.py:839} INFO - DAG(s) dict_keys(['example_branch_dop_operator_v3']) retrieved from /home/samuel/dev/airflow_learning/venv/lib/python3.10/site-packages/airflow/example_dags/example_branch_python_dop_operator_3.py
[2023-08-24T15:54:32.699+0100] {logging_mixin.py:151} INFO - [2023-08-24T15:54:32.698+0100] {dag.py:2907} INFO - Sync 1 DAGs
[2023-08-24T15:54:32.726+0100] {logging_mixin.py:151} INFO - [2023-08-24T15:54:32.726+0100] {dag.py:3677} INFO - Setting next_dagrun for example_branch_dop_operator_v3 to 2023-08-24T14:53:00+00:00, run_after=2023-08-24T14:54:00+00:00
[2023-08-24T15:54:32.840+0100] {processor.py:179} INFO - Processing /home/samuel/dev/airflow_learning/venv/lib/python3.10/site-packages/airflow/example_dags/example_branch_python_dop_operator_3.py took 0.210 seconds
[2023-08-24T15:55:33.613+0100] {processor.py:157} INFO - Started process (PID=7635) to work on /home/samuel/dev/airflow_learning/venv/lib/python3.10/site-packages/airflow/example_dags/example_branch_python_dop_operator_3.py
[2023-08-24T15:55:33.631+0100] {processor.py:829} INFO - Processing file /home/samuel/dev/airflow_learning/venv/lib/python3.10/site-packages/airflow/example_dags/example_branch_python_dop_operator_3.py for tasks to queue
[2023-08-24T15:55:33.632+0100] {logging_mixin.py:151} INFO - [2023-08-24T15:55:33.632+0100] {dagbag.py:539} INFO - Filling up the DagBag from /home/samuel/dev/airflow_learning/venv/lib/python3.10/site-packages/airflow/example_dags/example_branch_python_dop_operator_3.py
[2023-08-24T15:55:33.644+0100] {processor.py:839} INFO - DAG(s) dict_keys(['example_branch_dop_operator_v3']) retrieved from /home/samuel/dev/airflow_learning/venv/lib/python3.10/site-packages/airflow/example_dags/example_branch_python_dop_operator_3.py
[2023-08-24T15:55:33.661+0100] {logging_mixin.py:151} INFO - [2023-08-24T15:55:33.661+0100] {dag.py:2907} INFO - Sync 1 DAGs
[2023-08-24T15:55:33.688+0100] {logging_mixin.py:151} INFO - [2023-08-24T15:55:33.687+0100] {dag.py:3677} INFO - Setting next_dagrun for example_branch_dop_operator_v3 to 2023-08-24T14:54:00+00:00, run_after=2023-08-24T14:55:00+00:00
[2023-08-24T15:55:33.789+0100] {processor.py:179} INFO - Processing /home/samuel/dev/airflow_learning/venv/lib/python3.10/site-packages/airflow/example_dags/example_branch_python_dop_operator_3.py took 0.179 seconds
[2023-08-24T15:56:26.817+0100] {processor.py:157} INFO - Started process (PID=7820) to work on /home/samuel/dev/airflow_learning/venv/lib/python3.10/site-packages/airflow/example_dags/example_branch_python_dop_operator_3.py
[2023-08-24T15:56:26.869+0100] {processor.py:829} INFO - Processing file /home/samuel/dev/airflow_learning/venv/lib/python3.10/site-packages/airflow/example_dags/example_branch_python_dop_operator_3.py for tasks to queue
[2023-08-24T15:56:26.870+0100] {logging_mixin.py:151} INFO - [2023-08-24T15:56:26.870+0100] {dagbag.py:539} INFO - Filling up the DagBag from /home/samuel/dev/airflow_learning/venv/lib/python3.10/site-packages/airflow/example_dags/example_branch_python_dop_operator_3.py
[2023-08-24T15:56:26.883+0100] {processor.py:839} INFO - DAG(s) dict_keys(['example_branch_dop_operator_v3']) retrieved from /home/samuel/dev/airflow_learning/venv/lib/python3.10/site-packages/airflow/example_dags/example_branch_python_dop_operator_3.py
[2023-08-24T15:56:26.904+0100] {logging_mixin.py:151} INFO - [2023-08-24T15:56:26.903+0100] {dag.py:2907} INFO - Sync 1 DAGs
[2023-08-24T15:56:26.933+0100] {logging_mixin.py:151} INFO - [2023-08-24T15:56:26.933+0100] {dag.py:3677} INFO - Setting next_dagrun for example_branch_dop_operator_v3 to 2023-08-24T14:55:00+00:00, run_after=2023-08-24T14:56:00+00:00
[2023-08-24T15:56:27.025+0100] {processor.py:179} INFO - Processing /home/samuel/dev/airflow_learning/venv/lib/python3.10/site-packages/airflow/example_dags/example_branch_python_dop_operator_3.py took 0.212 seconds
[2023-08-24T15:57:15.830+0100] {processor.py:157} INFO - Started process (PID=7874) to work on /home/samuel/dev/airflow_learning/venv/lib/python3.10/site-packages/airflow/example_dags/example_branch_python_dop_operator_3.py
[2023-08-24T15:57:15.832+0100] {processor.py:829} INFO - Processing file /home/samuel/dev/airflow_learning/venv/lib/python3.10/site-packages/airflow/example_dags/example_branch_python_dop_operator_3.py for tasks to queue
[2023-08-24T15:57:15.833+0100] {logging_mixin.py:151} INFO - [2023-08-24T15:57:15.832+0100] {dagbag.py:539} INFO - Filling up the DagBag from /home/samuel/dev/airflow_learning/venv/lib/python3.10/site-packages/airflow/example_dags/example_branch_python_dop_operator_3.py
[2023-08-24T15:57:15.845+0100] {processor.py:839} INFO - DAG(s) dict_keys(['example_branch_dop_operator_v3']) retrieved from /home/samuel/dev/airflow_learning/venv/lib/python3.10/site-packages/airflow/example_dags/example_branch_python_dop_operator_3.py
[2023-08-24T15:57:15.863+0100] {logging_mixin.py:151} INFO - [2023-08-24T15:57:15.863+0100] {dag.py:2907} INFO - Sync 1 DAGs
[2023-08-24T15:57:15.888+0100] {logging_mixin.py:151} INFO - [2023-08-24T15:57:15.888+0100] {dag.py:3677} INFO - Setting next_dagrun for example_branch_dop_operator_v3 to 2023-08-24T14:56:00+00:00, run_after=2023-08-24T14:57:00+00:00
[2023-08-24T15:57:15.988+0100] {processor.py:179} INFO - Processing /home/samuel/dev/airflow_learning/venv/lib/python3.10/site-packages/airflow/example_dags/example_branch_python_dop_operator_3.py took 0.162 seconds
[2023-08-24T15:58:08.301+0100] {processor.py:157} INFO - Started process (PID=7927) to work on /home/samuel/dev/airflow_learning/venv/lib/python3.10/site-packages/airflow/example_dags/example_branch_python_dop_operator_3.py
[2023-08-24T15:58:08.303+0100] {processor.py:829} INFO - Processing file /home/samuel/dev/airflow_learning/venv/lib/python3.10/site-packages/airflow/example_dags/example_branch_python_dop_operator_3.py for tasks to queue
[2023-08-24T15:58:08.304+0100] {logging_mixin.py:151} INFO - [2023-08-24T15:58:08.304+0100] {dagbag.py:539} INFO - Filling up the DagBag from /home/samuel/dev/airflow_learning/venv/lib/python3.10/site-packages/airflow/example_dags/example_branch_python_dop_operator_3.py
[2023-08-24T15:58:08.315+0100] {processor.py:839} INFO - DAG(s) dict_keys(['example_branch_dop_operator_v3']) retrieved from /home/samuel/dev/airflow_learning/venv/lib/python3.10/site-packages/airflow/example_dags/example_branch_python_dop_operator_3.py
[2023-08-24T15:58:08.334+0100] {logging_mixin.py:151} INFO - [2023-08-24T15:58:08.334+0100] {dag.py:2907} INFO - Sync 1 DAGs
[2023-08-24T15:58:08.360+0100] {logging_mixin.py:151} INFO - [2023-08-24T15:58:08.360+0100] {dag.py:3677} INFO - Setting next_dagrun for example_branch_dop_operator_v3 to 2023-08-24T14:57:00+00:00, run_after=2023-08-24T14:58:00+00:00
[2023-08-24T15:58:08.493+0100] {processor.py:179} INFO - Processing /home/samuel/dev/airflow_learning/venv/lib/python3.10/site-packages/airflow/example_dags/example_branch_python_dop_operator_3.py took 0.196 seconds
[2023-08-24T15:58:59.796+0100] {processor.py:157} INFO - Started process (PID=7985) to work on /home/samuel/dev/airflow_learning/venv/lib/python3.10/site-packages/airflow/example_dags/example_branch_python_dop_operator_3.py
[2023-08-24T15:58:59.982+0100] {processor.py:829} INFO - Processing file /home/samuel/dev/airflow_learning/venv/lib/python3.10/site-packages/airflow/example_dags/example_branch_python_dop_operator_3.py for tasks to queue
[2023-08-24T15:58:59.984+0100] {logging_mixin.py:151} INFO - [2023-08-24T15:58:59.983+0100] {dagbag.py:539} INFO - Filling up the DagBag from /home/samuel/dev/airflow_learning/venv/lib/python3.10/site-packages/airflow/example_dags/example_branch_python_dop_operator_3.py
[2023-08-24T15:58:59.993+0100] {processor.py:839} INFO - DAG(s) dict_keys(['example_branch_dop_operator_v3']) retrieved from /home/samuel/dev/airflow_learning/venv/lib/python3.10/site-packages/airflow/example_dags/example_branch_python_dop_operator_3.py
[2023-08-24T15:59:00.010+0100] {logging_mixin.py:151} INFO - [2023-08-24T15:59:00.010+0100] {dag.py:2907} INFO - Sync 1 DAGs
[2023-08-24T15:59:00.037+0100] {logging_mixin.py:151} INFO - [2023-08-24T15:59:00.037+0100] {dag.py:3677} INFO - Setting next_dagrun for example_branch_dop_operator_v3 to 2023-08-24T14:58:00+00:00, run_after=2023-08-24T14:59:00+00:00
[2023-08-24T15:59:00.802+0100] {processor.py:179} INFO - Processing /home/samuel/dev/airflow_learning/venv/lib/python3.10/site-packages/airflow/example_dags/example_branch_python_dop_operator_3.py took 1.009 seconds
[2023-08-24T15:59:59.634+0100] {processor.py:157} INFO - Started process (PID=8217) to work on /home/samuel/dev/airflow_learning/venv/lib/python3.10/site-packages/airflow/example_dags/example_branch_python_dop_operator_3.py
[2023-08-24T15:59:59.665+0100] {processor.py:829} INFO - Processing file /home/samuel/dev/airflow_learning/venv/lib/python3.10/site-packages/airflow/example_dags/example_branch_python_dop_operator_3.py for tasks to queue
[2023-08-24T15:59:59.666+0100] {logging_mixin.py:151} INFO - [2023-08-24T15:59:59.666+0100] {dagbag.py:539} INFO - Filling up the DagBag from /home/samuel/dev/airflow_learning/venv/lib/python3.10/site-packages/airflow/example_dags/example_branch_python_dop_operator_3.py
[2023-08-24T15:59:59.678+0100] {processor.py:839} INFO - DAG(s) dict_keys(['example_branch_dop_operator_v3']) retrieved from /home/samuel/dev/airflow_learning/venv/lib/python3.10/site-packages/airflow/example_dags/example_branch_python_dop_operator_3.py
[2023-08-24T15:59:59.699+0100] {logging_mixin.py:151} INFO - [2023-08-24T15:59:59.699+0100] {dag.py:2907} INFO - Sync 1 DAGs
[2023-08-24T15:59:59.726+0100] {logging_mixin.py:151} INFO - [2023-08-24T15:59:59.726+0100] {dag.py:3677} INFO - Setting next_dagrun for example_branch_dop_operator_v3 to 2023-08-24T14:58:00+00:00, run_after=2023-08-24T14:59:00+00:00
[2023-08-24T15:59:59.834+0100] {processor.py:179} INFO - Processing /home/samuel/dev/airflow_learning/venv/lib/python3.10/site-packages/airflow/example_dags/example_branch_python_dop_operator_3.py took 0.204 seconds
[2023-08-24T16:00:53.037+0100] {processor.py:157} INFO - Started process (PID=8325) to work on /home/samuel/dev/airflow_learning/venv/lib/python3.10/site-packages/airflow/example_dags/example_branch_python_dop_operator_3.py
[2023-08-24T16:00:53.045+0100] {processor.py:829} INFO - Processing file /home/samuel/dev/airflow_learning/venv/lib/python3.10/site-packages/airflow/example_dags/example_branch_python_dop_operator_3.py for tasks to queue
[2023-08-24T16:00:53.046+0100] {logging_mixin.py:151} INFO - [2023-08-24T16:00:53.046+0100] {dagbag.py:539} INFO - Filling up the DagBag from /home/samuel/dev/airflow_learning/venv/lib/python3.10/site-packages/airflow/example_dags/example_branch_python_dop_operator_3.py
[2023-08-24T16:00:53.058+0100] {processor.py:839} INFO - DAG(s) dict_keys(['example_branch_dop_operator_v3']) retrieved from /home/samuel/dev/airflow_learning/venv/lib/python3.10/site-packages/airflow/example_dags/example_branch_python_dop_operator_3.py
[2023-08-24T16:00:53.077+0100] {logging_mixin.py:151} INFO - [2023-08-24T16:00:53.077+0100] {dag.py:2907} INFO - Sync 1 DAGs
[2023-08-24T16:00:53.102+0100] {logging_mixin.py:151} INFO - [2023-08-24T16:00:53.102+0100] {dag.py:3677} INFO - Setting next_dagrun for example_branch_dop_operator_v3 to 2023-08-24T14:59:00+00:00, run_after=2023-08-24T15:00:00+00:00
[2023-08-24T16:00:53.215+0100] {processor.py:179} INFO - Processing /home/samuel/dev/airflow_learning/venv/lib/python3.10/site-packages/airflow/example_dags/example_branch_python_dop_operator_3.py took 0.182 seconds
[2023-08-24T16:01:48.164+0100] {processor.py:157} INFO - Started process (PID=8407) to work on /home/samuel/dev/airflow_learning/venv/lib/python3.10/site-packages/airflow/example_dags/example_branch_python_dop_operator_3.py
[2023-08-24T16:01:48.177+0100] {processor.py:829} INFO - Processing file /home/samuel/dev/airflow_learning/venv/lib/python3.10/site-packages/airflow/example_dags/example_branch_python_dop_operator_3.py for tasks to queue
[2023-08-24T16:01:48.178+0100] {logging_mixin.py:151} INFO - [2023-08-24T16:01:48.178+0100] {dagbag.py:539} INFO - Filling up the DagBag from /home/samuel/dev/airflow_learning/venv/lib/python3.10/site-packages/airflow/example_dags/example_branch_python_dop_operator_3.py
[2023-08-24T16:01:48.189+0100] {processor.py:839} INFO - DAG(s) dict_keys(['example_branch_dop_operator_v3']) retrieved from /home/samuel/dev/airflow_learning/venv/lib/python3.10/site-packages/airflow/example_dags/example_branch_python_dop_operator_3.py
[2023-08-24T16:01:48.209+0100] {logging_mixin.py:151} INFO - [2023-08-24T16:01:48.208+0100] {dag.py:2907} INFO - Sync 1 DAGs
[2023-08-24T16:01:48.246+0100] {logging_mixin.py:151} INFO - [2023-08-24T16:01:48.246+0100] {dag.py:3677} INFO - Setting next_dagrun for example_branch_dop_operator_v3 to 2023-08-24T15:00:00+00:00, run_after=2023-08-24T15:01:00+00:00
[2023-08-24T16:01:48.446+0100] {processor.py:179} INFO - Processing /home/samuel/dev/airflow_learning/venv/lib/python3.10/site-packages/airflow/example_dags/example_branch_python_dop_operator_3.py took 0.286 seconds
[2023-08-24T16:02:40.142+0100] {processor.py:157} INFO - Started process (PID=8476) to work on /home/samuel/dev/airflow_learning/venv/lib/python3.10/site-packages/airflow/example_dags/example_branch_python_dop_operator_3.py
[2023-08-24T16:02:40.144+0100] {processor.py:829} INFO - Processing file /home/samuel/dev/airflow_learning/venv/lib/python3.10/site-packages/airflow/example_dags/example_branch_python_dop_operator_3.py for tasks to queue
[2023-08-24T16:02:40.146+0100] {logging_mixin.py:151} INFO - [2023-08-24T16:02:40.145+0100] {dagbag.py:539} INFO - Filling up the DagBag from /home/samuel/dev/airflow_learning/venv/lib/python3.10/site-packages/airflow/example_dags/example_branch_python_dop_operator_3.py
[2023-08-24T16:02:40.158+0100] {processor.py:839} INFO - DAG(s) dict_keys(['example_branch_dop_operator_v3']) retrieved from /home/samuel/dev/airflow_learning/venv/lib/python3.10/site-packages/airflow/example_dags/example_branch_python_dop_operator_3.py
[2023-08-24T16:02:40.177+0100] {logging_mixin.py:151} INFO - [2023-08-24T16:02:40.177+0100] {dag.py:2907} INFO - Sync 1 DAGs
[2023-08-24T16:02:40.202+0100] {logging_mixin.py:151} INFO - [2023-08-24T16:02:40.202+0100] {dag.py:3677} INFO - Setting next_dagrun for example_branch_dop_operator_v3 to 2023-08-24T15:01:00+00:00, run_after=2023-08-24T15:02:00+00:00
[2023-08-24T16:02:40.317+0100] {processor.py:179} INFO - Processing /home/samuel/dev/airflow_learning/venv/lib/python3.10/site-packages/airflow/example_dags/example_branch_python_dop_operator_3.py took 0.179 seconds
[2023-08-24T16:03:30.754+0100] {processor.py:157} INFO - Started process (PID=8541) to work on /home/samuel/dev/airflow_learning/venv/lib/python3.10/site-packages/airflow/example_dags/example_branch_python_dop_operator_3.py
[2023-08-24T16:03:30.786+0100] {processor.py:829} INFO - Processing file /home/samuel/dev/airflow_learning/venv/lib/python3.10/site-packages/airflow/example_dags/example_branch_python_dop_operator_3.py for tasks to queue
[2023-08-24T16:03:30.787+0100] {logging_mixin.py:151} INFO - [2023-08-24T16:03:30.787+0100] {dagbag.py:539} INFO - Filling up the DagBag from /home/samuel/dev/airflow_learning/venv/lib/python3.10/site-packages/airflow/example_dags/example_branch_python_dop_operator_3.py
[2023-08-24T16:03:30.799+0100] {processor.py:839} INFO - DAG(s) dict_keys(['example_branch_dop_operator_v3']) retrieved from /home/samuel/dev/airflow_learning/venv/lib/python3.10/site-packages/airflow/example_dags/example_branch_python_dop_operator_3.py
[2023-08-24T16:03:30.821+0100] {logging_mixin.py:151} INFO - [2023-08-24T16:03:30.820+0100] {dag.py:2907} INFO - Sync 1 DAGs
[2023-08-24T16:03:30.852+0100] {logging_mixin.py:151} INFO - [2023-08-24T16:03:30.852+0100] {dag.py:3677} INFO - Setting next_dagrun for example_branch_dop_operator_v3 to 2023-08-24T15:02:00+00:00, run_after=2023-08-24T15:03:00+00:00
[2023-08-24T16:03:30.953+0100] {processor.py:179} INFO - Processing /home/samuel/dev/airflow_learning/venv/lib/python3.10/site-packages/airflow/example_dags/example_branch_python_dop_operator_3.py took 0.203 seconds
[2023-08-24T16:04:26.148+0100] {processor.py:157} INFO - Started process (PID=8616) to work on /home/samuel/dev/airflow_learning/venv/lib/python3.10/site-packages/airflow/example_dags/example_branch_python_dop_operator_3.py
[2023-08-24T16:04:26.179+0100] {processor.py:829} INFO - Processing file /home/samuel/dev/airflow_learning/venv/lib/python3.10/site-packages/airflow/example_dags/example_branch_python_dop_operator_3.py for tasks to queue
[2023-08-24T16:04:26.181+0100] {logging_mixin.py:151} INFO - [2023-08-24T16:04:26.180+0100] {dagbag.py:539} INFO - Filling up the DagBag from /home/samuel/dev/airflow_learning/venv/lib/python3.10/site-packages/airflow/example_dags/example_branch_python_dop_operator_3.py
[2023-08-24T16:04:26.193+0100] {processor.py:839} INFO - DAG(s) dict_keys(['example_branch_dop_operator_v3']) retrieved from /home/samuel/dev/airflow_learning/venv/lib/python3.10/site-packages/airflow/example_dags/example_branch_python_dop_operator_3.py
[2023-08-24T16:04:26.214+0100] {logging_mixin.py:151} INFO - [2023-08-24T16:04:26.214+0100] {dag.py:2907} INFO - Sync 1 DAGs
[2023-08-24T16:04:26.242+0100] {logging_mixin.py:151} INFO - [2023-08-24T16:04:26.242+0100] {dag.py:3677} INFO - Setting next_dagrun for example_branch_dop_operator_v3 to 2023-08-24T15:03:00+00:00, run_after=2023-08-24T15:04:00+00:00
[2023-08-24T16:04:26.347+0100] {processor.py:179} INFO - Processing /home/samuel/dev/airflow_learning/venv/lib/python3.10/site-packages/airflow/example_dags/example_branch_python_dop_operator_3.py took 0.202 seconds
