[2023-08-24T15:22:26.172+0100] {processor.py:157} INFO - Started process (PID=5356) to work on /home/samuel/dev/airflow_learning/venv/lib/python3.10/site-packages/airflow/example_dags/example_time_delta_sensor_async.py
[2023-08-24T15:22:26.173+0100] {processor.py:829} INFO - Processing file /home/samuel/dev/airflow_learning/venv/lib/python3.10/site-packages/airflow/example_dags/example_time_delta_sensor_async.py for tasks to queue
[2023-08-24T15:22:26.174+0100] {logging_mixin.py:151} INFO - [2023-08-24T15:22:26.174+0100] {dagbag.py:539} INFO - Filling up the DagBag from /home/samuel/dev/airflow_learning/venv/lib/python3.10/site-packages/airflow/example_dags/example_time_delta_sensor_async.py
[2023-08-24T15:22:26.180+0100] {processor.py:839} INFO - DAG(s) dict_keys(['example_time_delta_sensor_async']) retrieved from /home/samuel/dev/airflow_learning/venv/lib/python3.10/site-packages/airflow/example_dags/example_time_delta_sensor_async.py
[2023-08-24T15:22:26.511+0100] {logging_mixin.py:151} INFO - [2023-08-24T15:22:26.510+0100] {manager.py:501} INFO - Created Permission View: can edit on DAG:example_time_delta_sensor_async
[2023-08-24T15:22:26.633+0100] {logging_mixin.py:151} INFO - [2023-08-24T15:22:26.632+0100] {manager.py:501} INFO - Created Permission View: can delete on DAG:example_time_delta_sensor_async
[2023-08-24T15:22:26.744+0100] {logging_mixin.py:151} INFO - [2023-08-24T15:22:26.744+0100] {manager.py:501} INFO - Created Permission View: can read on DAG:example_time_delta_sensor_async
[2023-08-24T15:22:26.776+0100] {logging_mixin.py:151} INFO - [2023-08-24T15:22:26.775+0100] {dag.py:2907} INFO - Sync 1 DAGs
[2023-08-24T15:22:26.797+0100] {logging_mixin.py:151} INFO - [2023-08-24T15:22:26.797+0100] {dag.py:2929} INFO - Creating ORM DAG for example_time_delta_sensor_async
[2023-08-24T15:22:26.799+0100] {logging_mixin.py:151} INFO - [2023-08-24T15:22:26.798+0100] {dag.py:3677} INFO - Setting next_dagrun for example_time_delta_sensor_async to None, run_after=None
[2023-08-24T15:22:26.936+0100] {processor.py:179} INFO - Processing /home/samuel/dev/airflow_learning/venv/lib/python3.10/site-packages/airflow/example_dags/example_time_delta_sensor_async.py took 0.767 seconds
[2023-08-24T15:23:43.066+0100] {processor.py:157} INFO - Started process (PID=5419) to work on /home/samuel/dev/airflow_learning/venv/lib/python3.10/site-packages/airflow/example_dags/example_time_delta_sensor_async.py
[2023-08-24T15:23:43.068+0100] {processor.py:829} INFO - Processing file /home/samuel/dev/airflow_learning/venv/lib/python3.10/site-packages/airflow/example_dags/example_time_delta_sensor_async.py for tasks to queue
[2023-08-24T15:23:43.069+0100] {logging_mixin.py:151} INFO - [2023-08-24T15:23:43.068+0100] {dagbag.py:539} INFO - Filling up the DagBag from /home/samuel/dev/airflow_learning/venv/lib/python3.10/site-packages/airflow/example_dags/example_time_delta_sensor_async.py
[2023-08-24T15:23:43.075+0100] {processor.py:839} INFO - DAG(s) dict_keys(['example_time_delta_sensor_async']) retrieved from /home/samuel/dev/airflow_learning/venv/lib/python3.10/site-packages/airflow/example_dags/example_time_delta_sensor_async.py
[2023-08-24T15:23:43.094+0100] {logging_mixin.py:151} INFO - [2023-08-24T15:23:43.094+0100] {dag.py:2907} INFO - Sync 1 DAGs
[2023-08-24T15:23:43.106+0100] {logging_mixin.py:151} INFO - [2023-08-24T15:23:43.106+0100] {dag.py:3677} INFO - Setting next_dagrun for example_time_delta_sensor_async to None, run_after=None
[2023-08-24T15:23:43.233+0100] {processor.py:179} INFO - Processing /home/samuel/dev/airflow_learning/venv/lib/python3.10/site-packages/airflow/example_dags/example_time_delta_sensor_async.py took 0.170 seconds
[2023-08-24T15:24:38.056+0100] {processor.py:157} INFO - Started process (PID=5478) to work on /home/samuel/dev/airflow_learning/venv/lib/python3.10/site-packages/airflow/example_dags/example_time_delta_sensor_async.py
[2023-08-24T15:24:38.059+0100] {processor.py:829} INFO - Processing file /home/samuel/dev/airflow_learning/venv/lib/python3.10/site-packages/airflow/example_dags/example_time_delta_sensor_async.py for tasks to queue
[2023-08-24T15:24:38.060+0100] {logging_mixin.py:151} INFO - [2023-08-24T15:24:38.059+0100] {dagbag.py:539} INFO - Filling up the DagBag from /home/samuel/dev/airflow_learning/venv/lib/python3.10/site-packages/airflow/example_dags/example_time_delta_sensor_async.py
[2023-08-24T15:24:38.066+0100] {processor.py:839} INFO - DAG(s) dict_keys(['example_time_delta_sensor_async']) retrieved from /home/samuel/dev/airflow_learning/venv/lib/python3.10/site-packages/airflow/example_dags/example_time_delta_sensor_async.py
[2023-08-24T15:24:38.088+0100] {logging_mixin.py:151} INFO - [2023-08-24T15:24:38.088+0100] {dag.py:2907} INFO - Sync 1 DAGs
[2023-08-24T15:24:38.101+0100] {logging_mixin.py:151} INFO - [2023-08-24T15:24:38.101+0100] {dag.py:3677} INFO - Setting next_dagrun for example_time_delta_sensor_async to None, run_after=None
[2023-08-24T15:24:38.237+0100] {processor.py:179} INFO - Processing /home/samuel/dev/airflow_learning/venv/lib/python3.10/site-packages/airflow/example_dags/example_time_delta_sensor_async.py took 0.185 seconds
[2023-08-24T15:25:26.963+0100] {processor.py:157} INFO - Started process (PID=5526) to work on /home/samuel/dev/airflow_learning/venv/lib/python3.10/site-packages/airflow/example_dags/example_time_delta_sensor_async.py
[2023-08-24T15:25:26.965+0100] {processor.py:829} INFO - Processing file /home/samuel/dev/airflow_learning/venv/lib/python3.10/site-packages/airflow/example_dags/example_time_delta_sensor_async.py for tasks to queue
[2023-08-24T15:25:26.966+0100] {logging_mixin.py:151} INFO - [2023-08-24T15:25:26.966+0100] {dagbag.py:539} INFO - Filling up the DagBag from /home/samuel/dev/airflow_learning/venv/lib/python3.10/site-packages/airflow/example_dags/example_time_delta_sensor_async.py
[2023-08-24T15:25:26.972+0100] {processor.py:839} INFO - DAG(s) dict_keys(['example_time_delta_sensor_async']) retrieved from /home/samuel/dev/airflow_learning/venv/lib/python3.10/site-packages/airflow/example_dags/example_time_delta_sensor_async.py
[2023-08-24T15:25:26.991+0100] {logging_mixin.py:151} INFO - [2023-08-24T15:25:26.990+0100] {dag.py:2907} INFO - Sync 1 DAGs
[2023-08-24T15:25:27.003+0100] {logging_mixin.py:151} INFO - [2023-08-24T15:25:27.002+0100] {dag.py:3677} INFO - Setting next_dagrun for example_time_delta_sensor_async to None, run_after=None
[2023-08-24T15:25:27.117+0100] {processor.py:179} INFO - Processing /home/samuel/dev/airflow_learning/venv/lib/python3.10/site-packages/airflow/example_dags/example_time_delta_sensor_async.py took 0.158 seconds
[2023-08-24T15:26:21.471+0100] {processor.py:157} INFO - Started process (PID=5578) to work on /home/samuel/dev/airflow_learning/venv/lib/python3.10/site-packages/airflow/example_dags/example_time_delta_sensor_async.py
[2023-08-24T15:26:21.485+0100] {processor.py:829} INFO - Processing file /home/samuel/dev/airflow_learning/venv/lib/python3.10/site-packages/airflow/example_dags/example_time_delta_sensor_async.py for tasks to queue
[2023-08-24T15:26:21.486+0100] {logging_mixin.py:151} INFO - [2023-08-24T15:26:21.486+0100] {dagbag.py:539} INFO - Filling up the DagBag from /home/samuel/dev/airflow_learning/venv/lib/python3.10/site-packages/airflow/example_dags/example_time_delta_sensor_async.py
[2023-08-24T15:26:21.491+0100] {processor.py:839} INFO - DAG(s) dict_keys(['example_time_delta_sensor_async']) retrieved from /home/samuel/dev/airflow_learning/venv/lib/python3.10/site-packages/airflow/example_dags/example_time_delta_sensor_async.py
[2023-08-24T15:26:21.508+0100] {logging_mixin.py:151} INFO - [2023-08-24T15:26:21.507+0100] {dag.py:2907} INFO - Sync 1 DAGs
[2023-08-24T15:26:21.519+0100] {logging_mixin.py:151} INFO - [2023-08-24T15:26:21.519+0100] {dag.py:3677} INFO - Setting next_dagrun for example_time_delta_sensor_async to None, run_after=None
[2023-08-24T15:26:21.646+0100] {processor.py:179} INFO - Processing /home/samuel/dev/airflow_learning/venv/lib/python3.10/site-packages/airflow/example_dags/example_time_delta_sensor_async.py took 0.178 seconds
[2023-08-24T15:27:15.682+0100] {processor.py:157} INFO - Started process (PID=5629) to work on /home/samuel/dev/airflow_learning/venv/lib/python3.10/site-packages/airflow/example_dags/example_time_delta_sensor_async.py
[2023-08-24T15:27:15.711+0100] {processor.py:829} INFO - Processing file /home/samuel/dev/airflow_learning/venv/lib/python3.10/site-packages/airflow/example_dags/example_time_delta_sensor_async.py for tasks to queue
[2023-08-24T15:27:15.712+0100] {logging_mixin.py:151} INFO - [2023-08-24T15:27:15.711+0100] {dagbag.py:539} INFO - Filling up the DagBag from /home/samuel/dev/airflow_learning/venv/lib/python3.10/site-packages/airflow/example_dags/example_time_delta_sensor_async.py
[2023-08-24T15:27:15.718+0100] {processor.py:839} INFO - DAG(s) dict_keys(['example_time_delta_sensor_async']) retrieved from /home/samuel/dev/airflow_learning/venv/lib/python3.10/site-packages/airflow/example_dags/example_time_delta_sensor_async.py
[2023-08-24T15:27:15.737+0100] {logging_mixin.py:151} INFO - [2023-08-24T15:27:15.737+0100] {dag.py:2907} INFO - Sync 1 DAGs
[2023-08-24T15:27:15.748+0100] {logging_mixin.py:151} INFO - [2023-08-24T15:27:15.748+0100] {dag.py:3677} INFO - Setting next_dagrun for example_time_delta_sensor_async to None, run_after=None
[2023-08-24T15:27:15.856+0100] {processor.py:179} INFO - Processing /home/samuel/dev/airflow_learning/venv/lib/python3.10/site-packages/airflow/example_dags/example_time_delta_sensor_async.py took 0.176 seconds
[2023-08-24T15:28:10.265+0100] {processor.py:157} INFO - Started process (PID=5683) to work on /home/samuel/dev/airflow_learning/venv/lib/python3.10/site-packages/airflow/example_dags/example_time_delta_sensor_async.py
[2023-08-24T15:28:10.281+0100] {processor.py:829} INFO - Processing file /home/samuel/dev/airflow_learning/venv/lib/python3.10/site-packages/airflow/example_dags/example_time_delta_sensor_async.py for tasks to queue
[2023-08-24T15:28:10.283+0100] {logging_mixin.py:151} INFO - [2023-08-24T15:28:10.282+0100] {dagbag.py:539} INFO - Filling up the DagBag from /home/samuel/dev/airflow_learning/venv/lib/python3.10/site-packages/airflow/example_dags/example_time_delta_sensor_async.py
[2023-08-24T15:28:10.291+0100] {processor.py:839} INFO - DAG(s) dict_keys(['example_time_delta_sensor_async']) retrieved from /home/samuel/dev/airflow_learning/venv/lib/python3.10/site-packages/airflow/example_dags/example_time_delta_sensor_async.py
[2023-08-24T15:28:10.321+0100] {logging_mixin.py:151} INFO - [2023-08-24T15:28:10.320+0100] {dag.py:2907} INFO - Sync 1 DAGs
[2023-08-24T15:28:10.340+0100] {logging_mixin.py:151} INFO - [2023-08-24T15:28:10.340+0100] {dag.py:3677} INFO - Setting next_dagrun for example_time_delta_sensor_async to None, run_after=None
[2023-08-24T15:28:10.509+0100] {processor.py:179} INFO - Processing /home/samuel/dev/airflow_learning/venv/lib/python3.10/site-packages/airflow/example_dags/example_time_delta_sensor_async.py took 0.248 seconds
[2023-08-24T15:29:06.893+0100] {processor.py:157} INFO - Started process (PID=5757) to work on /home/samuel/dev/airflow_learning/venv/lib/python3.10/site-packages/airflow/example_dags/example_time_delta_sensor_async.py
[2023-08-24T15:29:06.934+0100] {processor.py:829} INFO - Processing file /home/samuel/dev/airflow_learning/venv/lib/python3.10/site-packages/airflow/example_dags/example_time_delta_sensor_async.py for tasks to queue
[2023-08-24T15:29:06.935+0100] {logging_mixin.py:151} INFO - [2023-08-24T15:29:06.935+0100] {dagbag.py:539} INFO - Filling up the DagBag from /home/samuel/dev/airflow_learning/venv/lib/python3.10/site-packages/airflow/example_dags/example_time_delta_sensor_async.py
[2023-08-24T15:29:06.942+0100] {processor.py:839} INFO - DAG(s) dict_keys(['example_time_delta_sensor_async']) retrieved from /home/samuel/dev/airflow_learning/venv/lib/python3.10/site-packages/airflow/example_dags/example_time_delta_sensor_async.py
[2023-08-24T15:29:06.965+0100] {logging_mixin.py:151} INFO - [2023-08-24T15:29:06.965+0100] {dag.py:2907} INFO - Sync 1 DAGs
[2023-08-24T15:29:06.980+0100] {logging_mixin.py:151} INFO - [2023-08-24T15:29:06.979+0100] {dag.py:3677} INFO - Setting next_dagrun for example_time_delta_sensor_async to None, run_after=None
[2023-08-24T15:29:07.080+0100] {processor.py:179} INFO - Processing /home/samuel/dev/airflow_learning/venv/lib/python3.10/site-packages/airflow/example_dags/example_time_delta_sensor_async.py took 0.193 seconds
[2023-08-24T15:30:33.839+0100] {processor.py:157} INFO - Started process (PID=5933) to work on /home/samuel/dev/airflow_learning/venv/lib/python3.10/site-packages/airflow/example_dags/example_time_delta_sensor_async.py
[2023-08-24T15:30:33.849+0100] {processor.py:829} INFO - Processing file /home/samuel/dev/airflow_learning/venv/lib/python3.10/site-packages/airflow/example_dags/example_time_delta_sensor_async.py for tasks to queue
[2023-08-24T15:30:33.850+0100] {logging_mixin.py:151} INFO - [2023-08-24T15:30:33.850+0100] {dagbag.py:539} INFO - Filling up the DagBag from /home/samuel/dev/airflow_learning/venv/lib/python3.10/site-packages/airflow/example_dags/example_time_delta_sensor_async.py
[2023-08-24T15:30:33.855+0100] {processor.py:839} INFO - DAG(s) dict_keys(['example_time_delta_sensor_async']) retrieved from /home/samuel/dev/airflow_learning/venv/lib/python3.10/site-packages/airflow/example_dags/example_time_delta_sensor_async.py
[2023-08-24T15:30:33.871+0100] {logging_mixin.py:151} INFO - [2023-08-24T15:30:33.870+0100] {dag.py:2907} INFO - Sync 1 DAGs
[2023-08-24T15:30:33.882+0100] {logging_mixin.py:151} INFO - [2023-08-24T15:30:33.881+0100] {dag.py:3677} INFO - Setting next_dagrun for example_time_delta_sensor_async to None, run_after=None
[2023-08-24T15:30:34.101+0100] {processor.py:179} INFO - Processing /home/samuel/dev/airflow_learning/venv/lib/python3.10/site-packages/airflow/example_dags/example_time_delta_sensor_async.py took 0.264 seconds
[2023-08-24T15:31:59.929+0100] {processor.py:157} INFO - Started process (PID=6068) to work on /home/samuel/dev/airflow_learning/venv/lib/python3.10/site-packages/airflow/example_dags/example_time_delta_sensor_async.py
[2023-08-24T15:31:59.967+0100] {processor.py:829} INFO - Processing file /home/samuel/dev/airflow_learning/venv/lib/python3.10/site-packages/airflow/example_dags/example_time_delta_sensor_async.py for tasks to queue
[2023-08-24T15:31:59.968+0100] {logging_mixin.py:151} INFO - [2023-08-24T15:31:59.968+0100] {dagbag.py:539} INFO - Filling up the DagBag from /home/samuel/dev/airflow_learning/venv/lib/python3.10/site-packages/airflow/example_dags/example_time_delta_sensor_async.py
[2023-08-24T15:31:59.975+0100] {processor.py:839} INFO - DAG(s) dict_keys(['example_time_delta_sensor_async']) retrieved from /home/samuel/dev/airflow_learning/venv/lib/python3.10/site-packages/airflow/example_dags/example_time_delta_sensor_async.py
[2023-08-24T15:31:59.996+0100] {logging_mixin.py:151} INFO - [2023-08-24T15:31:59.995+0100] {dag.py:2907} INFO - Sync 1 DAGs
[2023-08-24T15:32:00.012+0100] {logging_mixin.py:151} INFO - [2023-08-24T15:32:00.011+0100] {dag.py:3677} INFO - Setting next_dagrun for example_time_delta_sensor_async to None, run_after=None
[2023-08-24T15:32:00.133+0100] {processor.py:179} INFO - Processing /home/samuel/dev/airflow_learning/venv/lib/python3.10/site-packages/airflow/example_dags/example_time_delta_sensor_async.py took 0.207 seconds
[2023-08-24T15:32:54.754+0100] {processor.py:157} INFO - Started process (PID=6131) to work on /home/samuel/dev/airflow_learning/venv/lib/python3.10/site-packages/airflow/example_dags/example_time_delta_sensor_async.py
[2023-08-24T15:32:54.783+0100] {processor.py:829} INFO - Processing file /home/samuel/dev/airflow_learning/venv/lib/python3.10/site-packages/airflow/example_dags/example_time_delta_sensor_async.py for tasks to queue
[2023-08-24T15:32:54.784+0100] {logging_mixin.py:151} INFO - [2023-08-24T15:32:54.783+0100] {dagbag.py:539} INFO - Filling up the DagBag from /home/samuel/dev/airflow_learning/venv/lib/python3.10/site-packages/airflow/example_dags/example_time_delta_sensor_async.py
[2023-08-24T15:32:54.789+0100] {processor.py:839} INFO - DAG(s) dict_keys(['example_time_delta_sensor_async']) retrieved from /home/samuel/dev/airflow_learning/venv/lib/python3.10/site-packages/airflow/example_dags/example_time_delta_sensor_async.py
[2023-08-24T15:32:54.806+0100] {logging_mixin.py:151} INFO - [2023-08-24T15:32:54.806+0100] {dag.py:2907} INFO - Sync 1 DAGs
[2023-08-24T15:32:54.818+0100] {logging_mixin.py:151} INFO - [2023-08-24T15:32:54.818+0100] {dag.py:3677} INFO - Setting next_dagrun for example_time_delta_sensor_async to None, run_after=None
[2023-08-24T15:32:54.923+0100] {processor.py:179} INFO - Processing /home/samuel/dev/airflow_learning/venv/lib/python3.10/site-packages/airflow/example_dags/example_time_delta_sensor_async.py took 0.173 seconds
[2023-08-24T15:33:47.975+0100] {processor.py:157} INFO - Started process (PID=6182) to work on /home/samuel/dev/airflow_learning/venv/lib/python3.10/site-packages/airflow/example_dags/example_time_delta_sensor_async.py
[2023-08-24T15:33:47.977+0100] {processor.py:829} INFO - Processing file /home/samuel/dev/airflow_learning/venv/lib/python3.10/site-packages/airflow/example_dags/example_time_delta_sensor_async.py for tasks to queue
[2023-08-24T15:33:47.978+0100] {logging_mixin.py:151} INFO - [2023-08-24T15:33:47.977+0100] {dagbag.py:539} INFO - Filling up the DagBag from /home/samuel/dev/airflow_learning/venv/lib/python3.10/site-packages/airflow/example_dags/example_time_delta_sensor_async.py
[2023-08-24T15:33:47.985+0100] {processor.py:839} INFO - DAG(s) dict_keys(['example_time_delta_sensor_async']) retrieved from /home/samuel/dev/airflow_learning/venv/lib/python3.10/site-packages/airflow/example_dags/example_time_delta_sensor_async.py
[2023-08-24T15:33:48.004+0100] {logging_mixin.py:151} INFO - [2023-08-24T15:33:48.004+0100] {dag.py:2907} INFO - Sync 1 DAGs
[2023-08-24T15:33:48.020+0100] {logging_mixin.py:151} INFO - [2023-08-24T15:33:48.019+0100] {dag.py:3677} INFO - Setting next_dagrun for example_time_delta_sensor_async to None, run_after=None
[2023-08-24T15:33:48.135+0100] {processor.py:179} INFO - Processing /home/samuel/dev/airflow_learning/venv/lib/python3.10/site-packages/airflow/example_dags/example_time_delta_sensor_async.py took 0.163 seconds
[2023-08-24T15:34:52.814+0100] {processor.py:157} INFO - Started process (PID=6246) to work on /home/samuel/dev/airflow_learning/venv/lib/python3.10/site-packages/airflow/example_dags/example_time_delta_sensor_async.py
[2023-08-24T15:34:52.825+0100] {processor.py:829} INFO - Processing file /home/samuel/dev/airflow_learning/venv/lib/python3.10/site-packages/airflow/example_dags/example_time_delta_sensor_async.py for tasks to queue
[2023-08-24T15:34:52.827+0100] {logging_mixin.py:151} INFO - [2023-08-24T15:34:52.826+0100] {dagbag.py:539} INFO - Filling up the DagBag from /home/samuel/dev/airflow_learning/venv/lib/python3.10/site-packages/airflow/example_dags/example_time_delta_sensor_async.py
[2023-08-24T15:34:52.832+0100] {processor.py:839} INFO - DAG(s) dict_keys(['example_time_delta_sensor_async']) retrieved from /home/samuel/dev/airflow_learning/venv/lib/python3.10/site-packages/airflow/example_dags/example_time_delta_sensor_async.py
[2023-08-24T15:34:52.851+0100] {logging_mixin.py:151} INFO - [2023-08-24T15:34:52.850+0100] {dag.py:2907} INFO - Sync 1 DAGs
[2023-08-24T15:34:52.862+0100] {logging_mixin.py:151} INFO - [2023-08-24T15:34:52.862+0100] {dag.py:3677} INFO - Setting next_dagrun for example_time_delta_sensor_async to None, run_after=None
[2023-08-24T15:34:52.983+0100] {processor.py:179} INFO - Processing /home/samuel/dev/airflow_learning/venv/lib/python3.10/site-packages/airflow/example_dags/example_time_delta_sensor_async.py took 0.172 seconds
[2023-08-24T15:35:54.102+0100] {processor.py:157} INFO - Started process (PID=6316) to work on /home/samuel/dev/airflow_learning/venv/lib/python3.10/site-packages/airflow/example_dags/example_time_delta_sensor_async.py
[2023-08-24T15:35:54.149+0100] {processor.py:829} INFO - Processing file /home/samuel/dev/airflow_learning/venv/lib/python3.10/site-packages/airflow/example_dags/example_time_delta_sensor_async.py for tasks to queue
[2023-08-24T15:35:54.151+0100] {logging_mixin.py:151} INFO - [2023-08-24T15:35:54.150+0100] {dagbag.py:539} INFO - Filling up the DagBag from /home/samuel/dev/airflow_learning/venv/lib/python3.10/site-packages/airflow/example_dags/example_time_delta_sensor_async.py
[2023-08-24T15:35:54.158+0100] {processor.py:839} INFO - DAG(s) dict_keys(['example_time_delta_sensor_async']) retrieved from /home/samuel/dev/airflow_learning/venv/lib/python3.10/site-packages/airflow/example_dags/example_time_delta_sensor_async.py
[2023-08-24T15:35:54.181+0100] {logging_mixin.py:151} INFO - [2023-08-24T15:35:54.181+0100] {dag.py:2907} INFO - Sync 1 DAGs
[2023-08-24T15:35:54.194+0100] {logging_mixin.py:151} INFO - [2023-08-24T15:35:54.194+0100] {dag.py:3677} INFO - Setting next_dagrun for example_time_delta_sensor_async to None, run_after=None
[2023-08-24T15:35:54.303+0100] {processor.py:179} INFO - Processing /home/samuel/dev/airflow_learning/venv/lib/python3.10/site-packages/airflow/example_dags/example_time_delta_sensor_async.py took 0.204 seconds
[2023-08-24T15:36:54.366+0100] {processor.py:157} INFO - Started process (PID=6375) to work on /home/samuel/dev/airflow_learning/venv/lib/python3.10/site-packages/airflow/example_dags/example_time_delta_sensor_async.py
[2023-08-24T15:36:54.399+0100] {processor.py:829} INFO - Processing file /home/samuel/dev/airflow_learning/venv/lib/python3.10/site-packages/airflow/example_dags/example_time_delta_sensor_async.py for tasks to queue
[2023-08-24T15:36:54.401+0100] {logging_mixin.py:151} INFO - [2023-08-24T15:36:54.400+0100] {dagbag.py:539} INFO - Filling up the DagBag from /home/samuel/dev/airflow_learning/venv/lib/python3.10/site-packages/airflow/example_dags/example_time_delta_sensor_async.py
[2023-08-24T15:36:54.407+0100] {processor.py:839} INFO - DAG(s) dict_keys(['example_time_delta_sensor_async']) retrieved from /home/samuel/dev/airflow_learning/venv/lib/python3.10/site-packages/airflow/example_dags/example_time_delta_sensor_async.py
[2023-08-24T15:36:54.428+0100] {logging_mixin.py:151} INFO - [2023-08-24T15:36:54.428+0100] {dag.py:2907} INFO - Sync 1 DAGs
[2023-08-24T15:36:54.442+0100] {logging_mixin.py:151} INFO - [2023-08-24T15:36:54.441+0100] {dag.py:3677} INFO - Setting next_dagrun for example_time_delta_sensor_async to None, run_after=None
[2023-08-24T15:36:54.539+0100] {processor.py:179} INFO - Processing /home/samuel/dev/airflow_learning/venv/lib/python3.10/site-packages/airflow/example_dags/example_time_delta_sensor_async.py took 0.177 seconds
[2023-08-24T15:38:01.649+0100] {processor.py:157} INFO - Started process (PID=6434) to work on /home/samuel/dev/airflow_learning/venv/lib/python3.10/site-packages/airflow/example_dags/example_time_delta_sensor_async.py
[2023-08-24T15:38:01.684+0100] {processor.py:829} INFO - Processing file /home/samuel/dev/airflow_learning/venv/lib/python3.10/site-packages/airflow/example_dags/example_time_delta_sensor_async.py for tasks to queue
[2023-08-24T15:38:01.685+0100] {logging_mixin.py:151} INFO - [2023-08-24T15:38:01.685+0100] {dagbag.py:539} INFO - Filling up the DagBag from /home/samuel/dev/airflow_learning/venv/lib/python3.10/site-packages/airflow/example_dags/example_time_delta_sensor_async.py
[2023-08-24T15:38:01.691+0100] {processor.py:839} INFO - DAG(s) dict_keys(['example_time_delta_sensor_async']) retrieved from /home/samuel/dev/airflow_learning/venv/lib/python3.10/site-packages/airflow/example_dags/example_time_delta_sensor_async.py
[2023-08-24T15:38:01.711+0100] {logging_mixin.py:151} INFO - [2023-08-24T15:38:01.710+0100] {dag.py:2907} INFO - Sync 1 DAGs
[2023-08-24T15:38:01.725+0100] {logging_mixin.py:151} INFO - [2023-08-24T15:38:01.725+0100] {dag.py:3677} INFO - Setting next_dagrun for example_time_delta_sensor_async to None, run_after=None
[2023-08-24T15:38:01.849+0100] {processor.py:179} INFO - Processing /home/samuel/dev/airflow_learning/venv/lib/python3.10/site-packages/airflow/example_dags/example_time_delta_sensor_async.py took 0.204 seconds
[2023-08-24T15:38:59.065+0100] {processor.py:157} INFO - Started process (PID=6489) to work on /home/samuel/dev/airflow_learning/venv/lib/python3.10/site-packages/airflow/example_dags/example_time_delta_sensor_async.py
[2023-08-24T15:38:59.100+0100] {processor.py:829} INFO - Processing file /home/samuel/dev/airflow_learning/venv/lib/python3.10/site-packages/airflow/example_dags/example_time_delta_sensor_async.py for tasks to queue
[2023-08-24T15:38:59.101+0100] {logging_mixin.py:151} INFO - [2023-08-24T15:38:59.101+0100] {dagbag.py:539} INFO - Filling up the DagBag from /home/samuel/dev/airflow_learning/venv/lib/python3.10/site-packages/airflow/example_dags/example_time_delta_sensor_async.py
[2023-08-24T15:38:59.107+0100] {processor.py:839} INFO - DAG(s) dict_keys(['example_time_delta_sensor_async']) retrieved from /home/samuel/dev/airflow_learning/venv/lib/python3.10/site-packages/airflow/example_dags/example_time_delta_sensor_async.py
[2023-08-24T15:38:59.128+0100] {logging_mixin.py:151} INFO - [2023-08-24T15:38:59.127+0100] {dag.py:2907} INFO - Sync 1 DAGs
[2023-08-24T15:38:59.143+0100] {logging_mixin.py:151} INFO - [2023-08-24T15:38:59.142+0100] {dag.py:3677} INFO - Setting next_dagrun for example_time_delta_sensor_async to None, run_after=None
[2023-08-24T15:38:59.253+0100] {processor.py:179} INFO - Processing /home/samuel/dev/airflow_learning/venv/lib/python3.10/site-packages/airflow/example_dags/example_time_delta_sensor_async.py took 0.191 seconds
[2023-08-24T15:39:51.106+0100] {processor.py:157} INFO - Started process (PID=6542) to work on /home/samuel/dev/airflow_learning/venv/lib/python3.10/site-packages/airflow/example_dags/example_time_delta_sensor_async.py
[2023-08-24T15:39:51.114+0100] {processor.py:829} INFO - Processing file /home/samuel/dev/airflow_learning/venv/lib/python3.10/site-packages/airflow/example_dags/example_time_delta_sensor_async.py for tasks to queue
[2023-08-24T15:39:51.116+0100] {logging_mixin.py:151} INFO - [2023-08-24T15:39:51.115+0100] {dagbag.py:539} INFO - Filling up the DagBag from /home/samuel/dev/airflow_learning/venv/lib/python3.10/site-packages/airflow/example_dags/example_time_delta_sensor_async.py
[2023-08-24T15:39:51.123+0100] {processor.py:839} INFO - DAG(s) dict_keys(['example_time_delta_sensor_async']) retrieved from /home/samuel/dev/airflow_learning/venv/lib/python3.10/site-packages/airflow/example_dags/example_time_delta_sensor_async.py
[2023-08-24T15:39:51.145+0100] {logging_mixin.py:151} INFO - [2023-08-24T15:39:51.145+0100] {dag.py:2907} INFO - Sync 1 DAGs
[2023-08-24T15:39:51.157+0100] {logging_mixin.py:151} INFO - [2023-08-24T15:39:51.157+0100] {dag.py:3677} INFO - Setting next_dagrun for example_time_delta_sensor_async to None, run_after=None
[2023-08-24T15:39:51.276+0100] {processor.py:179} INFO - Processing /home/samuel/dev/airflow_learning/venv/lib/python3.10/site-packages/airflow/example_dags/example_time_delta_sensor_async.py took 0.174 seconds
[2023-08-24T15:41:01.408+0100] {processor.py:157} INFO - Started process (PID=6627) to work on /home/samuel/dev/airflow_learning/venv/lib/python3.10/site-packages/airflow/example_dags/example_time_delta_sensor_async.py
[2023-08-24T15:41:01.420+0100] {processor.py:829} INFO - Processing file /home/samuel/dev/airflow_learning/venv/lib/python3.10/site-packages/airflow/example_dags/example_time_delta_sensor_async.py for tasks to queue
[2023-08-24T15:41:01.421+0100] {logging_mixin.py:151} INFO - [2023-08-24T15:41:01.421+0100] {dagbag.py:539} INFO - Filling up the DagBag from /home/samuel/dev/airflow_learning/venv/lib/python3.10/site-packages/airflow/example_dags/example_time_delta_sensor_async.py
[2023-08-24T15:41:01.427+0100] {processor.py:839} INFO - DAG(s) dict_keys(['example_time_delta_sensor_async']) retrieved from /home/samuel/dev/airflow_learning/venv/lib/python3.10/site-packages/airflow/example_dags/example_time_delta_sensor_async.py
[2023-08-24T15:41:01.449+0100] {logging_mixin.py:151} INFO - [2023-08-24T15:41:01.448+0100] {dag.py:2907} INFO - Sync 1 DAGs
[2023-08-24T15:41:01.461+0100] {logging_mixin.py:151} INFO - [2023-08-24T15:41:01.461+0100] {dag.py:3677} INFO - Setting next_dagrun for example_time_delta_sensor_async to None, run_after=None
[2023-08-24T15:41:01.571+0100] {processor.py:179} INFO - Processing /home/samuel/dev/airflow_learning/venv/lib/python3.10/site-packages/airflow/example_dags/example_time_delta_sensor_async.py took 0.168 seconds
[2023-08-24T15:41:53.426+0100] {processor.py:157} INFO - Started process (PID=6680) to work on /home/samuel/dev/airflow_learning/venv/lib/python3.10/site-packages/airflow/example_dags/example_time_delta_sensor_async.py
[2023-08-24T15:41:53.429+0100] {processor.py:829} INFO - Processing file /home/samuel/dev/airflow_learning/venv/lib/python3.10/site-packages/airflow/example_dags/example_time_delta_sensor_async.py for tasks to queue
[2023-08-24T15:41:53.430+0100] {logging_mixin.py:151} INFO - [2023-08-24T15:41:53.430+0100] {dagbag.py:539} INFO - Filling up the DagBag from /home/samuel/dev/airflow_learning/venv/lib/python3.10/site-packages/airflow/example_dags/example_time_delta_sensor_async.py
[2023-08-24T15:41:53.436+0100] {processor.py:839} INFO - DAG(s) dict_keys(['example_time_delta_sensor_async']) retrieved from /home/samuel/dev/airflow_learning/venv/lib/python3.10/site-packages/airflow/example_dags/example_time_delta_sensor_async.py
[2023-08-24T15:41:53.455+0100] {logging_mixin.py:151} INFO - [2023-08-24T15:41:53.455+0100] {dag.py:2907} INFO - Sync 1 DAGs
[2023-08-24T15:41:53.467+0100] {logging_mixin.py:151} INFO - [2023-08-24T15:41:53.467+0100] {dag.py:3677} INFO - Setting next_dagrun for example_time_delta_sensor_async to None, run_after=None
[2023-08-24T15:41:53.587+0100] {processor.py:179} INFO - Processing /home/samuel/dev/airflow_learning/venv/lib/python3.10/site-packages/airflow/example_dags/example_time_delta_sensor_async.py took 0.164 seconds
[2023-08-24T15:42:44.417+0100] {processor.py:157} INFO - Started process (PID=6788) to work on /home/samuel/dev/airflow_learning/venv/lib/python3.10/site-packages/airflow/example_dags/example_time_delta_sensor_async.py
[2023-08-24T15:42:44.420+0100] {processor.py:829} INFO - Processing file /home/samuel/dev/airflow_learning/venv/lib/python3.10/site-packages/airflow/example_dags/example_time_delta_sensor_async.py for tasks to queue
[2023-08-24T15:42:44.421+0100] {logging_mixin.py:151} INFO - [2023-08-24T15:42:44.421+0100] {dagbag.py:539} INFO - Filling up the DagBag from /home/samuel/dev/airflow_learning/venv/lib/python3.10/site-packages/airflow/example_dags/example_time_delta_sensor_async.py
[2023-08-24T15:42:44.427+0100] {processor.py:839} INFO - DAG(s) dict_keys(['example_time_delta_sensor_async']) retrieved from /home/samuel/dev/airflow_learning/venv/lib/python3.10/site-packages/airflow/example_dags/example_time_delta_sensor_async.py
[2023-08-24T15:42:44.447+0100] {logging_mixin.py:151} INFO - [2023-08-24T15:42:44.447+0100] {dag.py:2907} INFO - Sync 1 DAGs
[2023-08-24T15:42:44.460+0100] {logging_mixin.py:151} INFO - [2023-08-24T15:42:44.460+0100] {dag.py:3677} INFO - Setting next_dagrun for example_time_delta_sensor_async to None, run_after=None
[2023-08-24T15:42:44.577+0100] {processor.py:179} INFO - Processing /home/samuel/dev/airflow_learning/venv/lib/python3.10/site-packages/airflow/example_dags/example_time_delta_sensor_async.py took 0.164 seconds
[2023-08-24T15:43:39.438+0100] {processor.py:157} INFO - Started process (PID=6840) to work on /home/samuel/dev/airflow_learning/venv/lib/python3.10/site-packages/airflow/example_dags/example_time_delta_sensor_async.py
[2023-08-24T15:43:39.441+0100] {processor.py:829} INFO - Processing file /home/samuel/dev/airflow_learning/venv/lib/python3.10/site-packages/airflow/example_dags/example_time_delta_sensor_async.py for tasks to queue
[2023-08-24T15:43:39.442+0100] {logging_mixin.py:151} INFO - [2023-08-24T15:43:39.442+0100] {dagbag.py:539} INFO - Filling up the DagBag from /home/samuel/dev/airflow_learning/venv/lib/python3.10/site-packages/airflow/example_dags/example_time_delta_sensor_async.py
[2023-08-24T15:43:39.449+0100] {processor.py:839} INFO - DAG(s) dict_keys(['example_time_delta_sensor_async']) retrieved from /home/samuel/dev/airflow_learning/venv/lib/python3.10/site-packages/airflow/example_dags/example_time_delta_sensor_async.py
[2023-08-24T15:43:39.468+0100] {logging_mixin.py:151} INFO - [2023-08-24T15:43:39.468+0100] {dag.py:2907} INFO - Sync 1 DAGs
[2023-08-24T15:43:39.480+0100] {logging_mixin.py:151} INFO - [2023-08-24T15:43:39.480+0100] {dag.py:3677} INFO - Setting next_dagrun for example_time_delta_sensor_async to None, run_after=None
[2023-08-24T15:43:39.619+0100] {processor.py:179} INFO - Processing /home/samuel/dev/airflow_learning/venv/lib/python3.10/site-packages/airflow/example_dags/example_time_delta_sensor_async.py took 0.185 seconds
[2023-08-24T15:44:31.536+0100] {processor.py:157} INFO - Started process (PID=6890) to work on /home/samuel/dev/airflow_learning/venv/lib/python3.10/site-packages/airflow/example_dags/example_time_delta_sensor_async.py
[2023-08-24T15:44:31.561+0100] {processor.py:829} INFO - Processing file /home/samuel/dev/airflow_learning/venv/lib/python3.10/site-packages/airflow/example_dags/example_time_delta_sensor_async.py for tasks to queue
[2023-08-24T15:44:31.562+0100] {logging_mixin.py:151} INFO - [2023-08-24T15:44:31.561+0100] {dagbag.py:539} INFO - Filling up the DagBag from /home/samuel/dev/airflow_learning/venv/lib/python3.10/site-packages/airflow/example_dags/example_time_delta_sensor_async.py
[2023-08-24T15:44:31.568+0100] {processor.py:839} INFO - DAG(s) dict_keys(['example_time_delta_sensor_async']) retrieved from /home/samuel/dev/airflow_learning/venv/lib/python3.10/site-packages/airflow/example_dags/example_time_delta_sensor_async.py
[2023-08-24T15:44:31.589+0100] {logging_mixin.py:151} INFO - [2023-08-24T15:44:31.588+0100] {dag.py:2907} INFO - Sync 1 DAGs
[2023-08-24T15:44:31.602+0100] {logging_mixin.py:151} INFO - [2023-08-24T15:44:31.602+0100] {dag.py:3677} INFO - Setting next_dagrun for example_time_delta_sensor_async to None, run_after=None
[2023-08-24T15:44:31.724+0100] {processor.py:179} INFO - Processing /home/samuel/dev/airflow_learning/venv/lib/python3.10/site-packages/airflow/example_dags/example_time_delta_sensor_async.py took 0.192 seconds
[2023-08-24T15:45:21.414+0100] {processor.py:157} INFO - Started process (PID=6940) to work on /home/samuel/dev/airflow_learning/venv/lib/python3.10/site-packages/airflow/example_dags/example_time_delta_sensor_async.py
[2023-08-24T15:45:21.426+0100] {processor.py:829} INFO - Processing file /home/samuel/dev/airflow_learning/venv/lib/python3.10/site-packages/airflow/example_dags/example_time_delta_sensor_async.py for tasks to queue
[2023-08-24T15:45:21.428+0100] {logging_mixin.py:151} INFO - [2023-08-24T15:45:21.427+0100] {dagbag.py:539} INFO - Filling up the DagBag from /home/samuel/dev/airflow_learning/venv/lib/python3.10/site-packages/airflow/example_dags/example_time_delta_sensor_async.py
[2023-08-24T15:45:21.434+0100] {processor.py:839} INFO - DAG(s) dict_keys(['example_time_delta_sensor_async']) retrieved from /home/samuel/dev/airflow_learning/venv/lib/python3.10/site-packages/airflow/example_dags/example_time_delta_sensor_async.py
[2023-08-24T15:45:21.454+0100] {logging_mixin.py:151} INFO - [2023-08-24T15:45:21.454+0100] {dag.py:2907} INFO - Sync 1 DAGs
[2023-08-24T15:45:21.467+0100] {logging_mixin.py:151} INFO - [2023-08-24T15:45:21.467+0100] {dag.py:3677} INFO - Setting next_dagrun for example_time_delta_sensor_async to None, run_after=None
[2023-08-24T15:45:21.584+0100] {processor.py:179} INFO - Processing /home/samuel/dev/airflow_learning/venv/lib/python3.10/site-packages/airflow/example_dags/example_time_delta_sensor_async.py took 0.173 seconds
[2023-08-24T15:46:13.094+0100] {processor.py:157} INFO - Started process (PID=6990) to work on /home/samuel/dev/airflow_learning/venv/lib/python3.10/site-packages/airflow/example_dags/example_time_delta_sensor_async.py
[2023-08-24T15:46:13.120+0100] {processor.py:829} INFO - Processing file /home/samuel/dev/airflow_learning/venv/lib/python3.10/site-packages/airflow/example_dags/example_time_delta_sensor_async.py for tasks to queue
[2023-08-24T15:46:13.121+0100] {logging_mixin.py:151} INFO - [2023-08-24T15:46:13.121+0100] {dagbag.py:539} INFO - Filling up the DagBag from /home/samuel/dev/airflow_learning/venv/lib/python3.10/site-packages/airflow/example_dags/example_time_delta_sensor_async.py
[2023-08-24T15:46:13.127+0100] {processor.py:839} INFO - DAG(s) dict_keys(['example_time_delta_sensor_async']) retrieved from /home/samuel/dev/airflow_learning/venv/lib/python3.10/site-packages/airflow/example_dags/example_time_delta_sensor_async.py
[2023-08-24T15:46:13.150+0100] {logging_mixin.py:151} INFO - [2023-08-24T15:46:13.150+0100] {dag.py:2907} INFO - Sync 1 DAGs
[2023-08-24T15:46:13.164+0100] {logging_mixin.py:151} INFO - [2023-08-24T15:46:13.164+0100] {dag.py:3677} INFO - Setting next_dagrun for example_time_delta_sensor_async to None, run_after=None
[2023-08-24T15:46:13.277+0100] {processor.py:179} INFO - Processing /home/samuel/dev/airflow_learning/venv/lib/python3.10/site-packages/airflow/example_dags/example_time_delta_sensor_async.py took 0.186 seconds
[2023-08-24T15:47:06.843+0100] {processor.py:157} INFO - Started process (PID=7039) to work on /home/samuel/dev/airflow_learning/venv/lib/python3.10/site-packages/airflow/example_dags/example_time_delta_sensor_async.py
[2023-08-24T15:47:06.846+0100] {processor.py:829} INFO - Processing file /home/samuel/dev/airflow_learning/venv/lib/python3.10/site-packages/airflow/example_dags/example_time_delta_sensor_async.py for tasks to queue
[2023-08-24T15:47:06.847+0100] {logging_mixin.py:151} INFO - [2023-08-24T15:47:06.847+0100] {dagbag.py:539} INFO - Filling up the DagBag from /home/samuel/dev/airflow_learning/venv/lib/python3.10/site-packages/airflow/example_dags/example_time_delta_sensor_async.py
[2023-08-24T15:47:06.852+0100] {processor.py:839} INFO - DAG(s) dict_keys(['example_time_delta_sensor_async']) retrieved from /home/samuel/dev/airflow_learning/venv/lib/python3.10/site-packages/airflow/example_dags/example_time_delta_sensor_async.py
[2023-08-24T15:47:06.872+0100] {logging_mixin.py:151} INFO - [2023-08-24T15:47:06.872+0100] {dag.py:2907} INFO - Sync 1 DAGs
[2023-08-24T15:47:06.885+0100] {logging_mixin.py:151} INFO - [2023-08-24T15:47:06.884+0100] {dag.py:3677} INFO - Setting next_dagrun for example_time_delta_sensor_async to None, run_after=None
[2023-08-24T15:47:07.017+0100] {processor.py:179} INFO - Processing /home/samuel/dev/airflow_learning/venv/lib/python3.10/site-packages/airflow/example_dags/example_time_delta_sensor_async.py took 0.178 seconds
[2023-08-24T15:48:00.110+0100] {processor.py:157} INFO - Started process (PID=7095) to work on /home/samuel/dev/airflow_learning/venv/lib/python3.10/site-packages/airflow/example_dags/example_time_delta_sensor_async.py
[2023-08-24T15:48:00.125+0100] {processor.py:829} INFO - Processing file /home/samuel/dev/airflow_learning/venv/lib/python3.10/site-packages/airflow/example_dags/example_time_delta_sensor_async.py for tasks to queue
[2023-08-24T15:48:00.125+0100] {logging_mixin.py:151} INFO - [2023-08-24T15:48:00.125+0100] {dagbag.py:539} INFO - Filling up the DagBag from /home/samuel/dev/airflow_learning/venv/lib/python3.10/site-packages/airflow/example_dags/example_time_delta_sensor_async.py
[2023-08-24T15:48:00.130+0100] {processor.py:839} INFO - DAG(s) dict_keys(['example_time_delta_sensor_async']) retrieved from /home/samuel/dev/airflow_learning/venv/lib/python3.10/site-packages/airflow/example_dags/example_time_delta_sensor_async.py
[2023-08-24T15:48:00.148+0100] {logging_mixin.py:151} INFO - [2023-08-24T15:48:00.147+0100] {dag.py:2907} INFO - Sync 1 DAGs
[2023-08-24T15:48:00.171+0100] {logging_mixin.py:151} INFO - [2023-08-24T15:48:00.170+0100] {dag.py:3677} INFO - Setting next_dagrun for example_time_delta_sensor_async to None, run_after=None
[2023-08-24T15:48:00.391+0100] {processor.py:179} INFO - Processing /home/samuel/dev/airflow_learning/venv/lib/python3.10/site-packages/airflow/example_dags/example_time_delta_sensor_async.py took 0.284 seconds
[2023-08-24T15:48:53.589+0100] {processor.py:157} INFO - Started process (PID=7157) to work on /home/samuel/dev/airflow_learning/venv/lib/python3.10/site-packages/airflow/example_dags/example_time_delta_sensor_async.py
[2023-08-24T15:48:53.591+0100] {processor.py:829} INFO - Processing file /home/samuel/dev/airflow_learning/venv/lib/python3.10/site-packages/airflow/example_dags/example_time_delta_sensor_async.py for tasks to queue
[2023-08-24T15:48:53.592+0100] {logging_mixin.py:151} INFO - [2023-08-24T15:48:53.592+0100] {dagbag.py:539} INFO - Filling up the DagBag from /home/samuel/dev/airflow_learning/venv/lib/python3.10/site-packages/airflow/example_dags/example_time_delta_sensor_async.py
[2023-08-24T15:48:53.601+0100] {processor.py:839} INFO - DAG(s) dict_keys(['example_time_delta_sensor_async']) retrieved from /home/samuel/dev/airflow_learning/venv/lib/python3.10/site-packages/airflow/example_dags/example_time_delta_sensor_async.py
[2023-08-24T15:48:53.622+0100] {logging_mixin.py:151} INFO - [2023-08-24T15:48:53.622+0100] {dag.py:2907} INFO - Sync 1 DAGs
[2023-08-24T15:48:53.634+0100] {logging_mixin.py:151} INFO - [2023-08-24T15:48:53.633+0100] {dag.py:3677} INFO - Setting next_dagrun for example_time_delta_sensor_async to None, run_after=None
[2023-08-24T15:48:53.733+0100] {processor.py:179} INFO - Processing /home/samuel/dev/airflow_learning/venv/lib/python3.10/site-packages/airflow/example_dags/example_time_delta_sensor_async.py took 0.150 seconds
[2023-08-24T15:49:44.134+0100] {processor.py:157} INFO - Started process (PID=7205) to work on /home/samuel/dev/airflow_learning/venv/lib/python3.10/site-packages/airflow/example_dags/example_time_delta_sensor_async.py
[2023-08-24T15:49:44.152+0100] {processor.py:829} INFO - Processing file /home/samuel/dev/airflow_learning/venv/lib/python3.10/site-packages/airflow/example_dags/example_time_delta_sensor_async.py for tasks to queue
[2023-08-24T15:49:44.153+0100] {logging_mixin.py:151} INFO - [2023-08-24T15:49:44.152+0100] {dagbag.py:539} INFO - Filling up the DagBag from /home/samuel/dev/airflow_learning/venv/lib/python3.10/site-packages/airflow/example_dags/example_time_delta_sensor_async.py
[2023-08-24T15:49:44.159+0100] {processor.py:839} INFO - DAG(s) dict_keys(['example_time_delta_sensor_async']) retrieved from /home/samuel/dev/airflow_learning/venv/lib/python3.10/site-packages/airflow/example_dags/example_time_delta_sensor_async.py
[2023-08-24T15:49:44.175+0100] {logging_mixin.py:151} INFO - [2023-08-24T15:49:44.174+0100] {dag.py:2907} INFO - Sync 1 DAGs
[2023-08-24T15:49:44.186+0100] {logging_mixin.py:151} INFO - [2023-08-24T15:49:44.186+0100] {dag.py:3677} INFO - Setting next_dagrun for example_time_delta_sensor_async to None, run_after=None
[2023-08-24T15:49:44.299+0100] {processor.py:179} INFO - Processing /home/samuel/dev/airflow_learning/venv/lib/python3.10/site-packages/airflow/example_dags/example_time_delta_sensor_async.py took 0.170 seconds
[2023-08-24T15:50:32.851+0100] {processor.py:157} INFO - Started process (PID=7252) to work on /home/samuel/dev/airflow_learning/venv/lib/python3.10/site-packages/airflow/example_dags/example_time_delta_sensor_async.py
[2023-08-24T15:50:32.911+0100] {processor.py:829} INFO - Processing file /home/samuel/dev/airflow_learning/venv/lib/python3.10/site-packages/airflow/example_dags/example_time_delta_sensor_async.py for tasks to queue
[2023-08-24T15:50:32.912+0100] {logging_mixin.py:151} INFO - [2023-08-24T15:50:32.911+0100] {dagbag.py:539} INFO - Filling up the DagBag from /home/samuel/dev/airflow_learning/venv/lib/python3.10/site-packages/airflow/example_dags/example_time_delta_sensor_async.py
[2023-08-24T15:50:32.918+0100] {processor.py:839} INFO - DAG(s) dict_keys(['example_time_delta_sensor_async']) retrieved from /home/samuel/dev/airflow_learning/venv/lib/python3.10/site-packages/airflow/example_dags/example_time_delta_sensor_async.py
[2023-08-24T15:50:32.939+0100] {logging_mixin.py:151} INFO - [2023-08-24T15:50:32.939+0100] {dag.py:2907} INFO - Sync 1 DAGs
[2023-08-24T15:50:32.953+0100] {logging_mixin.py:151} INFO - [2023-08-24T15:50:32.953+0100] {dag.py:3677} INFO - Setting next_dagrun for example_time_delta_sensor_async to None, run_after=None
[2023-08-24T15:50:33.057+0100] {processor.py:179} INFO - Processing /home/samuel/dev/airflow_learning/venv/lib/python3.10/site-packages/airflow/example_dags/example_time_delta_sensor_async.py took 0.209 seconds
[2023-08-24T15:51:25.160+0100] {processor.py:157} INFO - Started process (PID=7301) to work on /home/samuel/dev/airflow_learning/venv/lib/python3.10/site-packages/airflow/example_dags/example_time_delta_sensor_async.py
[2023-08-24T15:51:25.163+0100] {processor.py:829} INFO - Processing file /home/samuel/dev/airflow_learning/venv/lib/python3.10/site-packages/airflow/example_dags/example_time_delta_sensor_async.py for tasks to queue
[2023-08-24T15:51:25.164+0100] {logging_mixin.py:151} INFO - [2023-08-24T15:51:25.164+0100] {dagbag.py:539} INFO - Filling up the DagBag from /home/samuel/dev/airflow_learning/venv/lib/python3.10/site-packages/airflow/example_dags/example_time_delta_sensor_async.py
[2023-08-24T15:51:25.170+0100] {processor.py:839} INFO - DAG(s) dict_keys(['example_time_delta_sensor_async']) retrieved from /home/samuel/dev/airflow_learning/venv/lib/python3.10/site-packages/airflow/example_dags/example_time_delta_sensor_async.py
[2023-08-24T15:51:25.188+0100] {logging_mixin.py:151} INFO - [2023-08-24T15:51:25.188+0100] {dag.py:2907} INFO - Sync 1 DAGs
[2023-08-24T15:51:25.201+0100] {logging_mixin.py:151} INFO - [2023-08-24T15:51:25.200+0100] {dag.py:3677} INFO - Setting next_dagrun for example_time_delta_sensor_async to None, run_after=None
[2023-08-24T15:51:25.375+0100] {processor.py:179} INFO - Processing /home/samuel/dev/airflow_learning/venv/lib/python3.10/site-packages/airflow/example_dags/example_time_delta_sensor_async.py took 0.218 seconds
[2023-08-24T15:52:15.457+0100] {processor.py:157} INFO - Started process (PID=7358) to work on /home/samuel/dev/airflow_learning/venv/lib/python3.10/site-packages/airflow/example_dags/example_time_delta_sensor_async.py
[2023-08-24T15:52:15.460+0100] {processor.py:829} INFO - Processing file /home/samuel/dev/airflow_learning/venv/lib/python3.10/site-packages/airflow/example_dags/example_time_delta_sensor_async.py for tasks to queue
[2023-08-24T15:52:15.461+0100] {logging_mixin.py:151} INFO - [2023-08-24T15:52:15.461+0100] {dagbag.py:539} INFO - Filling up the DagBag from /home/samuel/dev/airflow_learning/venv/lib/python3.10/site-packages/airflow/example_dags/example_time_delta_sensor_async.py
[2023-08-24T15:52:15.467+0100] {processor.py:839} INFO - DAG(s) dict_keys(['example_time_delta_sensor_async']) retrieved from /home/samuel/dev/airflow_learning/venv/lib/python3.10/site-packages/airflow/example_dags/example_time_delta_sensor_async.py
[2023-08-24T15:52:15.487+0100] {logging_mixin.py:151} INFO - [2023-08-24T15:52:15.487+0100] {dag.py:2907} INFO - Sync 1 DAGs
[2023-08-24T15:52:15.499+0100] {logging_mixin.py:151} INFO - [2023-08-24T15:52:15.499+0100] {dag.py:3677} INFO - Setting next_dagrun for example_time_delta_sensor_async to None, run_after=None
[2023-08-24T15:52:15.628+0100] {processor.py:179} INFO - Processing /home/samuel/dev/airflow_learning/venv/lib/python3.10/site-packages/airflow/example_dags/example_time_delta_sensor_async.py took 0.175 seconds
[2023-08-24T15:53:04.667+0100] {processor.py:157} INFO - Started process (PID=7407) to work on /home/samuel/dev/airflow_learning/venv/lib/python3.10/site-packages/airflow/example_dags/example_time_delta_sensor_async.py
[2023-08-24T15:53:04.670+0100] {processor.py:829} INFO - Processing file /home/samuel/dev/airflow_learning/venv/lib/python3.10/site-packages/airflow/example_dags/example_time_delta_sensor_async.py for tasks to queue
[2023-08-24T15:53:04.671+0100] {logging_mixin.py:151} INFO - [2023-08-24T15:53:04.671+0100] {dagbag.py:539} INFO - Filling up the DagBag from /home/samuel/dev/airflow_learning/venv/lib/python3.10/site-packages/airflow/example_dags/example_time_delta_sensor_async.py
[2023-08-24T15:53:04.677+0100] {processor.py:839} INFO - DAG(s) dict_keys(['example_time_delta_sensor_async']) retrieved from /home/samuel/dev/airflow_learning/venv/lib/python3.10/site-packages/airflow/example_dags/example_time_delta_sensor_async.py
[2023-08-24T15:53:04.697+0100] {logging_mixin.py:151} INFO - [2023-08-24T15:53:04.697+0100] {dag.py:2907} INFO - Sync 1 DAGs
[2023-08-24T15:53:04.709+0100] {logging_mixin.py:151} INFO - [2023-08-24T15:53:04.709+0100] {dag.py:3677} INFO - Setting next_dagrun for example_time_delta_sensor_async to None, run_after=None
[2023-08-24T15:53:04.832+0100] {processor.py:179} INFO - Processing /home/samuel/dev/airflow_learning/venv/lib/python3.10/site-packages/airflow/example_dags/example_time_delta_sensor_async.py took 0.169 seconds
[2023-08-24T15:53:58.642+0100] {processor.py:157} INFO - Started process (PID=7528) to work on /home/samuel/dev/airflow_learning/venv/lib/python3.10/site-packages/airflow/example_dags/example_time_delta_sensor_async.py
[2023-08-24T15:53:58.661+0100] {processor.py:829} INFO - Processing file /home/samuel/dev/airflow_learning/venv/lib/python3.10/site-packages/airflow/example_dags/example_time_delta_sensor_async.py for tasks to queue
[2023-08-24T15:53:58.662+0100] {logging_mixin.py:151} INFO - [2023-08-24T15:53:58.662+0100] {dagbag.py:539} INFO - Filling up the DagBag from /home/samuel/dev/airflow_learning/venv/lib/python3.10/site-packages/airflow/example_dags/example_time_delta_sensor_async.py
[2023-08-24T15:53:58.668+0100] {processor.py:839} INFO - DAG(s) dict_keys(['example_time_delta_sensor_async']) retrieved from /home/samuel/dev/airflow_learning/venv/lib/python3.10/site-packages/airflow/example_dags/example_time_delta_sensor_async.py
[2023-08-24T15:53:58.689+0100] {logging_mixin.py:151} INFO - [2023-08-24T15:53:58.688+0100] {dag.py:2907} INFO - Sync 1 DAGs
[2023-08-24T15:53:58.702+0100] {logging_mixin.py:151} INFO - [2023-08-24T15:53:58.702+0100] {dag.py:3677} INFO - Setting next_dagrun for example_time_delta_sensor_async to None, run_after=None
[2023-08-24T15:53:58.818+0100] {processor.py:179} INFO - Processing /home/samuel/dev/airflow_learning/venv/lib/python3.10/site-packages/airflow/example_dags/example_time_delta_sensor_async.py took 0.180 seconds
[2023-08-24T15:55:04.521+0100] {processor.py:157} INFO - Started process (PID=7614) to work on /home/samuel/dev/airflow_learning/venv/lib/python3.10/site-packages/airflow/example_dags/example_time_delta_sensor_async.py
[2023-08-24T15:55:04.524+0100] {processor.py:829} INFO - Processing file /home/samuel/dev/airflow_learning/venv/lib/python3.10/site-packages/airflow/example_dags/example_time_delta_sensor_async.py for tasks to queue
[2023-08-24T15:55:04.525+0100] {logging_mixin.py:151} INFO - [2023-08-24T15:55:04.525+0100] {dagbag.py:539} INFO - Filling up the DagBag from /home/samuel/dev/airflow_learning/venv/lib/python3.10/site-packages/airflow/example_dags/example_time_delta_sensor_async.py
[2023-08-24T15:55:04.532+0100] {processor.py:839} INFO - DAG(s) dict_keys(['example_time_delta_sensor_async']) retrieved from /home/samuel/dev/airflow_learning/venv/lib/python3.10/site-packages/airflow/example_dags/example_time_delta_sensor_async.py
[2023-08-24T15:55:04.559+0100] {logging_mixin.py:151} INFO - [2023-08-24T15:55:04.559+0100] {dag.py:2907} INFO - Sync 1 DAGs
[2023-08-24T15:55:04.576+0100] {logging_mixin.py:151} INFO - [2023-08-24T15:55:04.576+0100] {dag.py:3677} INFO - Setting next_dagrun for example_time_delta_sensor_async to None, run_after=None
[2023-08-24T15:55:04.688+0100] {processor.py:179} INFO - Processing /home/samuel/dev/airflow_learning/venv/lib/python3.10/site-packages/airflow/example_dags/example_time_delta_sensor_async.py took 0.171 seconds
[2023-08-24T15:56:02.300+0100] {processor.py:157} INFO - Started process (PID=7721) to work on /home/samuel/dev/airflow_learning/venv/lib/python3.10/site-packages/airflow/example_dags/example_time_delta_sensor_async.py
[2023-08-24T15:56:02.308+0100] {processor.py:829} INFO - Processing file /home/samuel/dev/airflow_learning/venv/lib/python3.10/site-packages/airflow/example_dags/example_time_delta_sensor_async.py for tasks to queue
[2023-08-24T15:56:02.308+0100] {logging_mixin.py:151} INFO - [2023-08-24T15:56:02.308+0100] {dagbag.py:539} INFO - Filling up the DagBag from /home/samuel/dev/airflow_learning/venv/lib/python3.10/site-packages/airflow/example_dags/example_time_delta_sensor_async.py
[2023-08-24T15:56:02.313+0100] {processor.py:839} INFO - DAG(s) dict_keys(['example_time_delta_sensor_async']) retrieved from /home/samuel/dev/airflow_learning/venv/lib/python3.10/site-packages/airflow/example_dags/example_time_delta_sensor_async.py
[2023-08-24T15:56:02.329+0100] {logging_mixin.py:151} INFO - [2023-08-24T15:56:02.329+0100] {dag.py:2907} INFO - Sync 1 DAGs
[2023-08-24T15:56:02.343+0100] {logging_mixin.py:151} INFO - [2023-08-24T15:56:02.343+0100] {dag.py:3677} INFO - Setting next_dagrun for example_time_delta_sensor_async to None, run_after=None
[2023-08-24T15:56:02.567+0100] {processor.py:179} INFO - Processing /home/samuel/dev/airflow_learning/venv/lib/python3.10/site-packages/airflow/example_dags/example_time_delta_sensor_async.py took 0.270 seconds
[2023-08-24T15:56:54.289+0100] {processor.py:157} INFO - Started process (PID=7856) to work on /home/samuel/dev/airflow_learning/venv/lib/python3.10/site-packages/airflow/example_dags/example_time_delta_sensor_async.py
[2023-08-24T15:56:54.305+0100] {processor.py:829} INFO - Processing file /home/samuel/dev/airflow_learning/venv/lib/python3.10/site-packages/airflow/example_dags/example_time_delta_sensor_async.py for tasks to queue
[2023-08-24T15:56:54.306+0100] {logging_mixin.py:151} INFO - [2023-08-24T15:56:54.305+0100] {dagbag.py:539} INFO - Filling up the DagBag from /home/samuel/dev/airflow_learning/venv/lib/python3.10/site-packages/airflow/example_dags/example_time_delta_sensor_async.py
[2023-08-24T15:56:54.311+0100] {processor.py:839} INFO - DAG(s) dict_keys(['example_time_delta_sensor_async']) retrieved from /home/samuel/dev/airflow_learning/venv/lib/python3.10/site-packages/airflow/example_dags/example_time_delta_sensor_async.py
[2023-08-24T15:56:54.330+0100] {logging_mixin.py:151} INFO - [2023-08-24T15:56:54.330+0100] {dag.py:2907} INFO - Sync 1 DAGs
[2023-08-24T15:56:54.343+0100] {logging_mixin.py:151} INFO - [2023-08-24T15:56:54.343+0100] {dag.py:3677} INFO - Setting next_dagrun for example_time_delta_sensor_async to None, run_after=None
[2023-08-24T15:56:54.560+0100] {processor.py:179} INFO - Processing /home/samuel/dev/airflow_learning/venv/lib/python3.10/site-packages/airflow/example_dags/example_time_delta_sensor_async.py took 0.275 seconds
[2023-08-24T15:57:46.267+0100] {processor.py:157} INFO - Started process (PID=7906) to work on /home/samuel/dev/airflow_learning/venv/lib/python3.10/site-packages/airflow/example_dags/example_time_delta_sensor_async.py
[2023-08-24T15:57:46.296+0100] {processor.py:829} INFO - Processing file /home/samuel/dev/airflow_learning/venv/lib/python3.10/site-packages/airflow/example_dags/example_time_delta_sensor_async.py for tasks to queue
[2023-08-24T15:57:46.297+0100] {logging_mixin.py:151} INFO - [2023-08-24T15:57:46.297+0100] {dagbag.py:539} INFO - Filling up the DagBag from /home/samuel/dev/airflow_learning/venv/lib/python3.10/site-packages/airflow/example_dags/example_time_delta_sensor_async.py
[2023-08-24T15:57:46.304+0100] {processor.py:839} INFO - DAG(s) dict_keys(['example_time_delta_sensor_async']) retrieved from /home/samuel/dev/airflow_learning/venv/lib/python3.10/site-packages/airflow/example_dags/example_time_delta_sensor_async.py
[2023-08-24T15:57:46.324+0100] {logging_mixin.py:151} INFO - [2023-08-24T15:57:46.324+0100] {dag.py:2907} INFO - Sync 1 DAGs
[2023-08-24T15:57:46.339+0100] {logging_mixin.py:151} INFO - [2023-08-24T15:57:46.338+0100] {dag.py:3677} INFO - Setting next_dagrun for example_time_delta_sensor_async to None, run_after=None
[2023-08-24T15:57:46.464+0100] {processor.py:179} INFO - Processing /home/samuel/dev/airflow_learning/venv/lib/python3.10/site-packages/airflow/example_dags/example_time_delta_sensor_async.py took 0.201 seconds
[2023-08-24T15:58:39.369+0100] {processor.py:157} INFO - Started process (PID=7963) to work on /home/samuel/dev/airflow_learning/venv/lib/python3.10/site-packages/airflow/example_dags/example_time_delta_sensor_async.py
[2023-08-24T15:58:39.403+0100] {processor.py:829} INFO - Processing file /home/samuel/dev/airflow_learning/venv/lib/python3.10/site-packages/airflow/example_dags/example_time_delta_sensor_async.py for tasks to queue
[2023-08-24T15:58:39.404+0100] {logging_mixin.py:151} INFO - [2023-08-24T15:58:39.404+0100] {dagbag.py:539} INFO - Filling up the DagBag from /home/samuel/dev/airflow_learning/venv/lib/python3.10/site-packages/airflow/example_dags/example_time_delta_sensor_async.py
[2023-08-24T15:58:39.410+0100] {processor.py:839} INFO - DAG(s) dict_keys(['example_time_delta_sensor_async']) retrieved from /home/samuel/dev/airflow_learning/venv/lib/python3.10/site-packages/airflow/example_dags/example_time_delta_sensor_async.py
[2023-08-24T15:58:39.431+0100] {logging_mixin.py:151} INFO - [2023-08-24T15:58:39.431+0100] {dag.py:2907} INFO - Sync 1 DAGs
[2023-08-24T15:58:39.446+0100] {logging_mixin.py:151} INFO - [2023-08-24T15:58:39.445+0100] {dag.py:3677} INFO - Setting next_dagrun for example_time_delta_sensor_async to None, run_after=None
[2023-08-24T15:58:39.563+0100] {processor.py:179} INFO - Processing /home/samuel/dev/airflow_learning/venv/lib/python3.10/site-packages/airflow/example_dags/example_time_delta_sensor_async.py took 0.198 seconds
[2023-08-24T15:59:32.606+0100] {processor.py:157} INFO - Started process (PID=8090) to work on /home/samuel/dev/airflow_learning/venv/lib/python3.10/site-packages/airflow/example_dags/example_time_delta_sensor_async.py
[2023-08-24T15:59:32.635+0100] {processor.py:829} INFO - Processing file /home/samuel/dev/airflow_learning/venv/lib/python3.10/site-packages/airflow/example_dags/example_time_delta_sensor_async.py for tasks to queue
[2023-08-24T15:59:32.636+0100] {logging_mixin.py:151} INFO - [2023-08-24T15:59:32.635+0100] {dagbag.py:539} INFO - Filling up the DagBag from /home/samuel/dev/airflow_learning/venv/lib/python3.10/site-packages/airflow/example_dags/example_time_delta_sensor_async.py
[2023-08-24T15:59:32.642+0100] {processor.py:839} INFO - DAG(s) dict_keys(['example_time_delta_sensor_async']) retrieved from /home/samuel/dev/airflow_learning/venv/lib/python3.10/site-packages/airflow/example_dags/example_time_delta_sensor_async.py
[2023-08-24T15:59:32.663+0100] {logging_mixin.py:151} INFO - [2023-08-24T15:59:32.663+0100] {dag.py:2907} INFO - Sync 1 DAGs
[2023-08-24T15:59:32.678+0100] {logging_mixin.py:151} INFO - [2023-08-24T15:59:32.678+0100] {dag.py:3677} INFO - Setting next_dagrun for example_time_delta_sensor_async to None, run_after=None
[2023-08-24T15:59:32.851+0100] {processor.py:179} INFO - Processing /home/samuel/dev/airflow_learning/venv/lib/python3.10/site-packages/airflow/example_dags/example_time_delta_sensor_async.py took 0.249 seconds
[2023-08-24T16:00:31.732+0100] {processor.py:157} INFO - Started process (PID=8296) to work on /home/samuel/dev/airflow_learning/venv/lib/python3.10/site-packages/airflow/example_dags/example_time_delta_sensor_async.py
[2023-08-24T16:00:31.739+0100] {processor.py:829} INFO - Processing file /home/samuel/dev/airflow_learning/venv/lib/python3.10/site-packages/airflow/example_dags/example_time_delta_sensor_async.py for tasks to queue
[2023-08-24T16:00:31.741+0100] {logging_mixin.py:151} INFO - [2023-08-24T16:00:31.740+0100] {dagbag.py:539} INFO - Filling up the DagBag from /home/samuel/dev/airflow_learning/venv/lib/python3.10/site-packages/airflow/example_dags/example_time_delta_sensor_async.py
[2023-08-24T16:00:31.748+0100] {processor.py:839} INFO - DAG(s) dict_keys(['example_time_delta_sensor_async']) retrieved from /home/samuel/dev/airflow_learning/venv/lib/python3.10/site-packages/airflow/example_dags/example_time_delta_sensor_async.py
[2023-08-24T16:00:31.768+0100] {logging_mixin.py:151} INFO - [2023-08-24T16:00:31.768+0100] {dag.py:2907} INFO - Sync 1 DAGs
[2023-08-24T16:00:31.780+0100] {logging_mixin.py:151} INFO - [2023-08-24T16:00:31.780+0100] {dag.py:3677} INFO - Setting next_dagrun for example_time_delta_sensor_async to None, run_after=None
[2023-08-24T16:00:31.872+0100] {processor.py:179} INFO - Processing /home/samuel/dev/airflow_learning/venv/lib/python3.10/site-packages/airflow/example_dags/example_time_delta_sensor_async.py took 0.146 seconds
[2023-08-24T16:01:24.825+0100] {processor.py:157} INFO - Started process (PID=8363) to work on /home/samuel/dev/airflow_learning/venv/lib/python3.10/site-packages/airflow/example_dags/example_time_delta_sensor_async.py
[2023-08-24T16:01:24.848+0100] {processor.py:829} INFO - Processing file /home/samuel/dev/airflow_learning/venv/lib/python3.10/site-packages/airflow/example_dags/example_time_delta_sensor_async.py for tasks to queue
[2023-08-24T16:01:24.849+0100] {logging_mixin.py:151} INFO - [2023-08-24T16:01:24.849+0100] {dagbag.py:539} INFO - Filling up the DagBag from /home/samuel/dev/airflow_learning/venv/lib/python3.10/site-packages/airflow/example_dags/example_time_delta_sensor_async.py
[2023-08-24T16:01:24.855+0100] {processor.py:839} INFO - DAG(s) dict_keys(['example_time_delta_sensor_async']) retrieved from /home/samuel/dev/airflow_learning/venv/lib/python3.10/site-packages/airflow/example_dags/example_time_delta_sensor_async.py
[2023-08-24T16:01:24.874+0100] {logging_mixin.py:151} INFO - [2023-08-24T16:01:24.873+0100] {dag.py:2907} INFO - Sync 1 DAGs
[2023-08-24T16:01:24.885+0100] {logging_mixin.py:151} INFO - [2023-08-24T16:01:24.885+0100] {dag.py:3677} INFO - Setting next_dagrun for example_time_delta_sensor_async to None, run_after=None
[2023-08-24T16:01:25.017+0100] {processor.py:179} INFO - Processing /home/samuel/dev/airflow_learning/venv/lib/python3.10/site-packages/airflow/example_dags/example_time_delta_sensor_async.py took 0.195 seconds
[2023-08-24T16:02:18.523+0100] {processor.py:157} INFO - Started process (PID=8452) to work on /home/samuel/dev/airflow_learning/venv/lib/python3.10/site-packages/airflow/example_dags/example_time_delta_sensor_async.py
[2023-08-24T16:02:18.528+0100] {processor.py:829} INFO - Processing file /home/samuel/dev/airflow_learning/venv/lib/python3.10/site-packages/airflow/example_dags/example_time_delta_sensor_async.py for tasks to queue
[2023-08-24T16:02:18.529+0100] {logging_mixin.py:151} INFO - [2023-08-24T16:02:18.528+0100] {dagbag.py:539} INFO - Filling up the DagBag from /home/samuel/dev/airflow_learning/venv/lib/python3.10/site-packages/airflow/example_dags/example_time_delta_sensor_async.py
[2023-08-24T16:02:18.535+0100] {processor.py:839} INFO - DAG(s) dict_keys(['example_time_delta_sensor_async']) retrieved from /home/samuel/dev/airflow_learning/venv/lib/python3.10/site-packages/airflow/example_dags/example_time_delta_sensor_async.py
[2023-08-24T16:02:18.552+0100] {logging_mixin.py:151} INFO - [2023-08-24T16:02:18.552+0100] {dag.py:2907} INFO - Sync 1 DAGs
[2023-08-24T16:02:18.564+0100] {logging_mixin.py:151} INFO - [2023-08-24T16:02:18.563+0100] {dag.py:3677} INFO - Setting next_dagrun for example_time_delta_sensor_async to None, run_after=None
[2023-08-24T16:02:18.743+0100] {processor.py:179} INFO - Processing /home/samuel/dev/airflow_learning/venv/lib/python3.10/site-packages/airflow/example_dags/example_time_delta_sensor_async.py took 0.224 seconds
[2023-08-24T16:03:11.967+0100] {processor.py:157} INFO - Started process (PID=8517) to work on /home/samuel/dev/airflow_learning/venv/lib/python3.10/site-packages/airflow/example_dags/example_time_delta_sensor_async.py
[2023-08-24T16:03:11.969+0100] {processor.py:829} INFO - Processing file /home/samuel/dev/airflow_learning/venv/lib/python3.10/site-packages/airflow/example_dags/example_time_delta_sensor_async.py for tasks to queue
[2023-08-24T16:03:11.970+0100] {logging_mixin.py:151} INFO - [2023-08-24T16:03:11.970+0100] {dagbag.py:539} INFO - Filling up the DagBag from /home/samuel/dev/airflow_learning/venv/lib/python3.10/site-packages/airflow/example_dags/example_time_delta_sensor_async.py
[2023-08-24T16:03:11.976+0100] {processor.py:839} INFO - DAG(s) dict_keys(['example_time_delta_sensor_async']) retrieved from /home/samuel/dev/airflow_learning/venv/lib/python3.10/site-packages/airflow/example_dags/example_time_delta_sensor_async.py
[2023-08-24T16:03:11.996+0100] {logging_mixin.py:151} INFO - [2023-08-24T16:03:11.996+0100] {dag.py:2907} INFO - Sync 1 DAGs
[2023-08-24T16:03:12.007+0100] {logging_mixin.py:151} INFO - [2023-08-24T16:03:12.007+0100] {dag.py:3677} INFO - Setting next_dagrun for example_time_delta_sensor_async to None, run_after=None
[2023-08-24T16:03:12.136+0100] {processor.py:179} INFO - Processing /home/samuel/dev/airflow_learning/venv/lib/python3.10/site-packages/airflow/example_dags/example_time_delta_sensor_async.py took 0.174 seconds
[2023-08-24T16:04:04.162+0100] {processor.py:157} INFO - Started process (PID=8589) to work on /home/samuel/dev/airflow_learning/venv/lib/python3.10/site-packages/airflow/example_dags/example_time_delta_sensor_async.py
[2023-08-24T16:04:04.175+0100] {processor.py:829} INFO - Processing file /home/samuel/dev/airflow_learning/venv/lib/python3.10/site-packages/airflow/example_dags/example_time_delta_sensor_async.py for tasks to queue
[2023-08-24T16:04:04.176+0100] {logging_mixin.py:151} INFO - [2023-08-24T16:04:04.176+0100] {dagbag.py:539} INFO - Filling up the DagBag from /home/samuel/dev/airflow_learning/venv/lib/python3.10/site-packages/airflow/example_dags/example_time_delta_sensor_async.py
[2023-08-24T16:04:04.182+0100] {processor.py:839} INFO - DAG(s) dict_keys(['example_time_delta_sensor_async']) retrieved from /home/samuel/dev/airflow_learning/venv/lib/python3.10/site-packages/airflow/example_dags/example_time_delta_sensor_async.py
[2023-08-24T16:04:04.202+0100] {logging_mixin.py:151} INFO - [2023-08-24T16:04:04.202+0100] {dag.py:2907} INFO - Sync 1 DAGs
[2023-08-24T16:04:04.215+0100] {logging_mixin.py:151} INFO - [2023-08-24T16:04:04.215+0100] {dag.py:3677} INFO - Setting next_dagrun for example_time_delta_sensor_async to None, run_after=None
[2023-08-24T16:04:04.351+0100] {processor.py:179} INFO - Processing /home/samuel/dev/airflow_learning/venv/lib/python3.10/site-packages/airflow/example_dags/example_time_delta_sensor_async.py took 0.193 seconds
