[2023-08-24T15:22:24.158+0100] {processor.py:157} INFO - Started process (PID=5355) to work on /home/samuel/dev/airflow_learning/venv/lib/python3.10/site-packages/airflow/example_dags/example_task_group_decorator.py
[2023-08-24T15:22:24.159+0100] {processor.py:829} INFO - Processing file /home/samuel/dev/airflow_learning/venv/lib/python3.10/site-packages/airflow/example_dags/example_task_group_decorator.py for tasks to queue
[2023-08-24T15:22:24.160+0100] {logging_mixin.py:151} INFO - [2023-08-24T15:22:24.160+0100] {dagbag.py:539} INFO - Filling up the DagBag from /home/samuel/dev/airflow_learning/venv/lib/python3.10/site-packages/airflow/example_dags/example_task_group_decorator.py
[2023-08-24T15:22:24.178+0100] {processor.py:839} INFO - DAG(s) dict_keys(['example_task_group_decorator']) retrieved from /home/samuel/dev/airflow_learning/venv/lib/python3.10/site-packages/airflow/example_dags/example_task_group_decorator.py
[2023-08-24T15:22:24.489+0100] {logging_mixin.py:151} INFO - [2023-08-24T15:22:24.488+0100] {manager.py:501} INFO - Created Permission View: can edit on DAG:example_task_group_decorator
[2023-08-24T15:22:24.600+0100] {logging_mixin.py:151} INFO - [2023-08-24T15:22:24.599+0100] {manager.py:501} INFO - Created Permission View: can delete on DAG:example_task_group_decorator
[2023-08-24T15:22:24.700+0100] {logging_mixin.py:151} INFO - [2023-08-24T15:22:24.699+0100] {manager.py:501} INFO - Created Permission View: can read on DAG:example_task_group_decorator
[2023-08-24T15:22:24.713+0100] {logging_mixin.py:151} INFO - [2023-08-24T15:22:24.713+0100] {dag.py:2907} INFO - Sync 1 DAGs
[2023-08-24T15:22:24.722+0100] {logging_mixin.py:151} INFO - [2023-08-24T15:22:24.722+0100] {dag.py:2929} INFO - Creating ORM DAG for example_task_group_decorator
[2023-08-24T15:22:24.730+0100] {logging_mixin.py:151} INFO - [2023-08-24T15:22:24.730+0100] {dag.py:3677} INFO - Setting next_dagrun for example_task_group_decorator to 2023-08-23T14:22:24.730491+00:00, run_after=2023-08-24T14:22:24.730491+00:00
[2023-08-24T15:22:24.894+0100] {processor.py:179} INFO - Processing /home/samuel/dev/airflow_learning/venv/lib/python3.10/site-packages/airflow/example_dags/example_task_group_decorator.py took 0.738 seconds
[2023-08-24T15:23:41.788+0100] {processor.py:157} INFO - Started process (PID=5418) to work on /home/samuel/dev/airflow_learning/venv/lib/python3.10/site-packages/airflow/example_dags/example_task_group_decorator.py
[2023-08-24T15:23:41.804+0100] {processor.py:829} INFO - Processing file /home/samuel/dev/airflow_learning/venv/lib/python3.10/site-packages/airflow/example_dags/example_task_group_decorator.py for tasks to queue
[2023-08-24T15:23:41.805+0100] {logging_mixin.py:151} INFO - [2023-08-24T15:23:41.805+0100] {dagbag.py:539} INFO - Filling up the DagBag from /home/samuel/dev/airflow_learning/venv/lib/python3.10/site-packages/airflow/example_dags/example_task_group_decorator.py
[2023-08-24T15:23:41.827+0100] {processor.py:839} INFO - DAG(s) dict_keys(['example_task_group_decorator']) retrieved from /home/samuel/dev/airflow_learning/venv/lib/python3.10/site-packages/airflow/example_dags/example_task_group_decorator.py
[2023-08-24T15:23:41.850+0100] {logging_mixin.py:151} INFO - [2023-08-24T15:23:41.850+0100] {dag.py:2907} INFO - Sync 1 DAGs
[2023-08-24T15:23:41.869+0100] {logging_mixin.py:151} INFO - [2023-08-24T15:23:41.869+0100] {dag.py:3677} INFO - Setting next_dagrun for example_task_group_decorator to 2023-08-23T14:23:41.869058+00:00, run_after=2023-08-24T14:23:41.869058+00:00
[2023-08-24T15:23:41.977+0100] {processor.py:179} INFO - Processing /home/samuel/dev/airflow_learning/venv/lib/python3.10/site-packages/airflow/example_dags/example_task_group_decorator.py took 0.192 seconds
[2023-08-24T15:24:36.706+0100] {processor.py:157} INFO - Started process (PID=5477) to work on /home/samuel/dev/airflow_learning/venv/lib/python3.10/site-packages/airflow/example_dags/example_task_group_decorator.py
[2023-08-24T15:24:36.709+0100] {processor.py:829} INFO - Processing file /home/samuel/dev/airflow_learning/venv/lib/python3.10/site-packages/airflow/example_dags/example_task_group_decorator.py for tasks to queue
[2023-08-24T15:24:36.710+0100] {logging_mixin.py:151} INFO - [2023-08-24T15:24:36.709+0100] {dagbag.py:539} INFO - Filling up the DagBag from /home/samuel/dev/airflow_learning/venv/lib/python3.10/site-packages/airflow/example_dags/example_task_group_decorator.py
[2023-08-24T15:24:36.734+0100] {processor.py:839} INFO - DAG(s) dict_keys(['example_task_group_decorator']) retrieved from /home/samuel/dev/airflow_learning/venv/lib/python3.10/site-packages/airflow/example_dags/example_task_group_decorator.py
[2023-08-24T15:24:36.760+0100] {logging_mixin.py:151} INFO - [2023-08-24T15:24:36.759+0100] {dag.py:2907} INFO - Sync 1 DAGs
[2023-08-24T15:24:36.784+0100] {logging_mixin.py:151} INFO - [2023-08-24T15:24:36.784+0100] {dag.py:3677} INFO - Setting next_dagrun for example_task_group_decorator to 2023-08-23T14:24:36.783917+00:00, run_after=2023-08-24T14:24:36.783917+00:00
[2023-08-24T15:24:36.913+0100] {processor.py:179} INFO - Processing /home/samuel/dev/airflow_learning/venv/lib/python3.10/site-packages/airflow/example_dags/example_task_group_decorator.py took 0.210 seconds
[2023-08-24T15:25:25.594+0100] {processor.py:157} INFO - Started process (PID=5525) to work on /home/samuel/dev/airflow_learning/venv/lib/python3.10/site-packages/airflow/example_dags/example_task_group_decorator.py
[2023-08-24T15:25:25.597+0100] {processor.py:829} INFO - Processing file /home/samuel/dev/airflow_learning/venv/lib/python3.10/site-packages/airflow/example_dags/example_task_group_decorator.py for tasks to queue
[2023-08-24T15:25:25.598+0100] {logging_mixin.py:151} INFO - [2023-08-24T15:25:25.597+0100] {dagbag.py:539} INFO - Filling up the DagBag from /home/samuel/dev/airflow_learning/venv/lib/python3.10/site-packages/airflow/example_dags/example_task_group_decorator.py
[2023-08-24T15:25:25.616+0100] {processor.py:839} INFO - DAG(s) dict_keys(['example_task_group_decorator']) retrieved from /home/samuel/dev/airflow_learning/venv/lib/python3.10/site-packages/airflow/example_dags/example_task_group_decorator.py
[2023-08-24T15:25:25.635+0100] {logging_mixin.py:151} INFO - [2023-08-24T15:25:25.635+0100] {dag.py:2907} INFO - Sync 1 DAGs
[2023-08-24T15:25:25.655+0100] {logging_mixin.py:151} INFO - [2023-08-24T15:25:25.654+0100] {dag.py:3677} INFO - Setting next_dagrun for example_task_group_decorator to 2023-08-23T14:25:25.654554+00:00, run_after=2023-08-24T14:25:25.654554+00:00
[2023-08-24T15:25:25.783+0100] {processor.py:179} INFO - Processing /home/samuel/dev/airflow_learning/venv/lib/python3.10/site-packages/airflow/example_dags/example_task_group_decorator.py took 0.193 seconds
[2023-08-24T15:26:20.091+0100] {processor.py:157} INFO - Started process (PID=5577) to work on /home/samuel/dev/airflow_learning/venv/lib/python3.10/site-packages/airflow/example_dags/example_task_group_decorator.py
[2023-08-24T15:26:20.093+0100] {processor.py:829} INFO - Processing file /home/samuel/dev/airflow_learning/venv/lib/python3.10/site-packages/airflow/example_dags/example_task_group_decorator.py for tasks to queue
[2023-08-24T15:26:20.095+0100] {logging_mixin.py:151} INFO - [2023-08-24T15:26:20.094+0100] {dagbag.py:539} INFO - Filling up the DagBag from /home/samuel/dev/airflow_learning/venv/lib/python3.10/site-packages/airflow/example_dags/example_task_group_decorator.py
[2023-08-24T15:26:20.115+0100] {processor.py:839} INFO - DAG(s) dict_keys(['example_task_group_decorator']) retrieved from /home/samuel/dev/airflow_learning/venv/lib/python3.10/site-packages/airflow/example_dags/example_task_group_decorator.py
[2023-08-24T15:26:20.137+0100] {logging_mixin.py:151} INFO - [2023-08-24T15:26:20.137+0100] {dag.py:2907} INFO - Sync 1 DAGs
[2023-08-24T15:26:20.159+0100] {logging_mixin.py:151} INFO - [2023-08-24T15:26:20.159+0100] {dag.py:3677} INFO - Setting next_dagrun for example_task_group_decorator to 2023-08-23T14:26:20.159026+00:00, run_after=2023-08-24T14:26:20.159026+00:00
[2023-08-24T15:26:20.287+0100] {processor.py:179} INFO - Processing /home/samuel/dev/airflow_learning/venv/lib/python3.10/site-packages/airflow/example_dags/example_task_group_decorator.py took 0.200 seconds
[2023-08-24T15:27:14.833+0100] {processor.py:157} INFO - Started process (PID=5628) to work on /home/samuel/dev/airflow_learning/venv/lib/python3.10/site-packages/airflow/example_dags/example_task_group_decorator.py
[2023-08-24T15:27:14.836+0100] {processor.py:829} INFO - Processing file /home/samuel/dev/airflow_learning/venv/lib/python3.10/site-packages/airflow/example_dags/example_task_group_decorator.py for tasks to queue
[2023-08-24T15:27:14.837+0100] {logging_mixin.py:151} INFO - [2023-08-24T15:27:14.836+0100] {dagbag.py:539} INFO - Filling up the DagBag from /home/samuel/dev/airflow_learning/venv/lib/python3.10/site-packages/airflow/example_dags/example_task_group_decorator.py
[2023-08-24T15:27:14.853+0100] {processor.py:839} INFO - DAG(s) dict_keys(['example_task_group_decorator']) retrieved from /home/samuel/dev/airflow_learning/venv/lib/python3.10/site-packages/airflow/example_dags/example_task_group_decorator.py
[2023-08-24T15:27:14.873+0100] {logging_mixin.py:151} INFO - [2023-08-24T15:27:14.873+0100] {dag.py:2907} INFO - Sync 1 DAGs
[2023-08-24T15:27:14.892+0100] {logging_mixin.py:151} INFO - [2023-08-24T15:27:14.892+0100] {dag.py:3677} INFO - Setting next_dagrun for example_task_group_decorator to 2023-08-23T14:27:14.892076+00:00, run_after=2023-08-24T14:27:14.892076+00:00
[2023-08-24T15:27:15.016+0100] {processor.py:179} INFO - Processing /home/samuel/dev/airflow_learning/venv/lib/python3.10/site-packages/airflow/example_dags/example_task_group_decorator.py took 0.186 seconds
[2023-08-24T15:28:08.677+0100] {processor.py:157} INFO - Started process (PID=5682) to work on /home/samuel/dev/airflow_learning/venv/lib/python3.10/site-packages/airflow/example_dags/example_task_group_decorator.py
[2023-08-24T15:28:08.704+0100] {processor.py:829} INFO - Processing file /home/samuel/dev/airflow_learning/venv/lib/python3.10/site-packages/airflow/example_dags/example_task_group_decorator.py for tasks to queue
[2023-08-24T15:28:08.705+0100] {logging_mixin.py:151} INFO - [2023-08-24T15:28:08.704+0100] {dagbag.py:539} INFO - Filling up the DagBag from /home/samuel/dev/airflow_learning/venv/lib/python3.10/site-packages/airflow/example_dags/example_task_group_decorator.py
[2023-08-24T15:28:08.725+0100] {processor.py:839} INFO - DAG(s) dict_keys(['example_task_group_decorator']) retrieved from /home/samuel/dev/airflow_learning/venv/lib/python3.10/site-packages/airflow/example_dags/example_task_group_decorator.py
[2023-08-24T15:28:08.748+0100] {logging_mixin.py:151} INFO - [2023-08-24T15:28:08.748+0100] {dag.py:2907} INFO - Sync 1 DAGs
[2023-08-24T15:28:08.768+0100] {logging_mixin.py:151} INFO - [2023-08-24T15:28:08.768+0100] {dag.py:3677} INFO - Setting next_dagrun for example_task_group_decorator to 2023-08-23T14:28:08.767910+00:00, run_after=2023-08-24T14:28:08.767910+00:00
[2023-08-24T15:28:08.883+0100] {processor.py:179} INFO - Processing /home/samuel/dev/airflow_learning/venv/lib/python3.10/site-packages/airflow/example_dags/example_task_group_decorator.py took 0.210 seconds
[2023-08-24T15:29:05.613+0100] {processor.py:157} INFO - Started process (PID=5756) to work on /home/samuel/dev/airflow_learning/venv/lib/python3.10/site-packages/airflow/example_dags/example_task_group_decorator.py
[2023-08-24T15:29:05.616+0100] {processor.py:829} INFO - Processing file /home/samuel/dev/airflow_learning/venv/lib/python3.10/site-packages/airflow/example_dags/example_task_group_decorator.py for tasks to queue
[2023-08-24T15:29:05.617+0100] {logging_mixin.py:151} INFO - [2023-08-24T15:29:05.617+0100] {dagbag.py:539} INFO - Filling up the DagBag from /home/samuel/dev/airflow_learning/venv/lib/python3.10/site-packages/airflow/example_dags/example_task_group_decorator.py
[2023-08-24T15:29:05.637+0100] {processor.py:839} INFO - DAG(s) dict_keys(['example_task_group_decorator']) retrieved from /home/samuel/dev/airflow_learning/venv/lib/python3.10/site-packages/airflow/example_dags/example_task_group_decorator.py
[2023-08-24T15:29:05.657+0100] {logging_mixin.py:151} INFO - [2023-08-24T15:29:05.657+0100] {dag.py:2907} INFO - Sync 1 DAGs
[2023-08-24T15:29:05.675+0100] {logging_mixin.py:151} INFO - [2023-08-24T15:29:05.675+0100] {dag.py:3677} INFO - Setting next_dagrun for example_task_group_decorator to 2023-08-23T14:29:05.675510+00:00, run_after=2023-08-24T14:29:05.675510+00:00
[2023-08-24T15:29:05.801+0100] {processor.py:179} INFO - Processing /home/samuel/dev/airflow_learning/venv/lib/python3.10/site-packages/airflow/example_dags/example_task_group_decorator.py took 0.191 seconds
[2023-08-24T15:30:32.853+0100] {processor.py:157} INFO - Started process (PID=5932) to work on /home/samuel/dev/airflow_learning/venv/lib/python3.10/site-packages/airflow/example_dags/example_task_group_decorator.py
[2023-08-24T15:30:32.882+0100] {processor.py:829} INFO - Processing file /home/samuel/dev/airflow_learning/venv/lib/python3.10/site-packages/airflow/example_dags/example_task_group_decorator.py for tasks to queue
[2023-08-24T15:30:32.883+0100] {logging_mixin.py:151} INFO - [2023-08-24T15:30:32.883+0100] {dagbag.py:539} INFO - Filling up the DagBag from /home/samuel/dev/airflow_learning/venv/lib/python3.10/site-packages/airflow/example_dags/example_task_group_decorator.py
[2023-08-24T15:30:32.906+0100] {processor.py:839} INFO - DAG(s) dict_keys(['example_task_group_decorator']) retrieved from /home/samuel/dev/airflow_learning/venv/lib/python3.10/site-packages/airflow/example_dags/example_task_group_decorator.py
[2023-08-24T15:30:32.932+0100] {logging_mixin.py:151} INFO - [2023-08-24T15:30:32.932+0100] {dag.py:2907} INFO - Sync 1 DAGs
[2023-08-24T15:30:32.956+0100] {logging_mixin.py:151} INFO - [2023-08-24T15:30:32.956+0100] {dag.py:3677} INFO - Setting next_dagrun for example_task_group_decorator to 2023-08-23T14:30:32.956231+00:00, run_after=2023-08-24T14:30:32.956231+00:00
[2023-08-24T15:30:33.177+0100] {processor.py:179} INFO - Processing /home/samuel/dev/airflow_learning/venv/lib/python3.10/site-packages/airflow/example_dags/example_task_group_decorator.py took 0.328 seconds
[2023-08-24T15:31:58.673+0100] {processor.py:157} INFO - Started process (PID=6066) to work on /home/samuel/dev/airflow_learning/venv/lib/python3.10/site-packages/airflow/example_dags/example_task_group_decorator.py
[2023-08-24T15:31:58.697+0100] {processor.py:829} INFO - Processing file /home/samuel/dev/airflow_learning/venv/lib/python3.10/site-packages/airflow/example_dags/example_task_group_decorator.py for tasks to queue
[2023-08-24T15:31:58.699+0100] {logging_mixin.py:151} INFO - [2023-08-24T15:31:58.698+0100] {dagbag.py:539} INFO - Filling up the DagBag from /home/samuel/dev/airflow_learning/venv/lib/python3.10/site-packages/airflow/example_dags/example_task_group_decorator.py
[2023-08-24T15:31:58.721+0100] {processor.py:839} INFO - DAG(s) dict_keys(['example_task_group_decorator']) retrieved from /home/samuel/dev/airflow_learning/venv/lib/python3.10/site-packages/airflow/example_dags/example_task_group_decorator.py
[2023-08-24T15:31:58.745+0100] {logging_mixin.py:151} INFO - [2023-08-24T15:31:58.745+0100] {dag.py:2907} INFO - Sync 1 DAGs
[2023-08-24T15:31:58.764+0100] {logging_mixin.py:151} INFO - [2023-08-24T15:31:58.764+0100] {dag.py:3677} INFO - Setting next_dagrun for example_task_group_decorator to 2023-08-23T14:31:58.764380+00:00, run_after=2023-08-24T14:31:58.764380+00:00
[2023-08-24T15:31:58.874+0100] {processor.py:179} INFO - Processing /home/samuel/dev/airflow_learning/venv/lib/python3.10/site-packages/airflow/example_dags/example_task_group_decorator.py took 0.204 seconds
[2023-08-24T15:32:53.393+0100] {processor.py:157} INFO - Started process (PID=6130) to work on /home/samuel/dev/airflow_learning/venv/lib/python3.10/site-packages/airflow/example_dags/example_task_group_decorator.py
[2023-08-24T15:32:53.397+0100] {processor.py:829} INFO - Processing file /home/samuel/dev/airflow_learning/venv/lib/python3.10/site-packages/airflow/example_dags/example_task_group_decorator.py for tasks to queue
[2023-08-24T15:32:53.398+0100] {logging_mixin.py:151} INFO - [2023-08-24T15:32:53.398+0100] {dagbag.py:539} INFO - Filling up the DagBag from /home/samuel/dev/airflow_learning/venv/lib/python3.10/site-packages/airflow/example_dags/example_task_group_decorator.py
[2023-08-24T15:32:53.422+0100] {processor.py:839} INFO - DAG(s) dict_keys(['example_task_group_decorator']) retrieved from /home/samuel/dev/airflow_learning/venv/lib/python3.10/site-packages/airflow/example_dags/example_task_group_decorator.py
[2023-08-24T15:32:53.443+0100] {logging_mixin.py:151} INFO - [2023-08-24T15:32:53.443+0100] {dag.py:2907} INFO - Sync 1 DAGs
[2023-08-24T15:32:53.462+0100] {logging_mixin.py:151} INFO - [2023-08-24T15:32:53.462+0100] {dag.py:3677} INFO - Setting next_dagrun for example_task_group_decorator to 2023-08-23T14:32:53.462434+00:00, run_after=2023-08-24T14:32:53.462434+00:00
[2023-08-24T15:32:53.565+0100] {processor.py:179} INFO - Processing /home/samuel/dev/airflow_learning/venv/lib/python3.10/site-packages/airflow/example_dags/example_task_group_decorator.py took 0.175 seconds
[2023-08-24T15:33:46.590+0100] {processor.py:157} INFO - Started process (PID=6181) to work on /home/samuel/dev/airflow_learning/venv/lib/python3.10/site-packages/airflow/example_dags/example_task_group_decorator.py
[2023-08-24T15:33:46.598+0100] {processor.py:829} INFO - Processing file /home/samuel/dev/airflow_learning/venv/lib/python3.10/site-packages/airflow/example_dags/example_task_group_decorator.py for tasks to queue
[2023-08-24T15:33:46.599+0100] {logging_mixin.py:151} INFO - [2023-08-24T15:33:46.599+0100] {dagbag.py:539} INFO - Filling up the DagBag from /home/samuel/dev/airflow_learning/venv/lib/python3.10/site-packages/airflow/example_dags/example_task_group_decorator.py
[2023-08-24T15:33:46.620+0100] {processor.py:839} INFO - DAG(s) dict_keys(['example_task_group_decorator']) retrieved from /home/samuel/dev/airflow_learning/venv/lib/python3.10/site-packages/airflow/example_dags/example_task_group_decorator.py
[2023-08-24T15:33:46.641+0100] {logging_mixin.py:151} INFO - [2023-08-24T15:33:46.641+0100] {dag.py:2907} INFO - Sync 1 DAGs
[2023-08-24T15:33:46.660+0100] {logging_mixin.py:151} INFO - [2023-08-24T15:33:46.660+0100] {dag.py:3677} INFO - Setting next_dagrun for example_task_group_decorator to 2023-08-23T14:33:46.660221+00:00, run_after=2023-08-24T14:33:46.660221+00:00
[2023-08-24T15:33:46.770+0100] {processor.py:179} INFO - Processing /home/samuel/dev/airflow_learning/venv/lib/python3.10/site-packages/airflow/example_dags/example_task_group_decorator.py took 0.183 seconds
[2023-08-24T15:34:51.421+0100] {processor.py:157} INFO - Started process (PID=6245) to work on /home/samuel/dev/airflow_learning/venv/lib/python3.10/site-packages/airflow/example_dags/example_task_group_decorator.py
[2023-08-24T15:34:51.422+0100] {processor.py:829} INFO - Processing file /home/samuel/dev/airflow_learning/venv/lib/python3.10/site-packages/airflow/example_dags/example_task_group_decorator.py for tasks to queue
[2023-08-24T15:34:51.423+0100] {logging_mixin.py:151} INFO - [2023-08-24T15:34:51.423+0100] {dagbag.py:539} INFO - Filling up the DagBag from /home/samuel/dev/airflow_learning/venv/lib/python3.10/site-packages/airflow/example_dags/example_task_group_decorator.py
[2023-08-24T15:34:51.440+0100] {processor.py:839} INFO - DAG(s) dict_keys(['example_task_group_decorator']) retrieved from /home/samuel/dev/airflow_learning/venv/lib/python3.10/site-packages/airflow/example_dags/example_task_group_decorator.py
[2023-08-24T15:34:51.459+0100] {logging_mixin.py:151} INFO - [2023-08-24T15:34:51.459+0100] {dag.py:2907} INFO - Sync 1 DAGs
[2023-08-24T15:34:51.478+0100] {logging_mixin.py:151} INFO - [2023-08-24T15:34:51.478+0100] {dag.py:3677} INFO - Setting next_dagrun for example_task_group_decorator to 2023-08-23T14:34:51.477998+00:00, run_after=2023-08-24T14:34:51.477998+00:00
[2023-08-24T15:34:51.612+0100] {processor.py:179} INFO - Processing /home/samuel/dev/airflow_learning/venv/lib/python3.10/site-packages/airflow/example_dags/example_task_group_decorator.py took 0.194 seconds
[2023-08-24T15:35:53.051+0100] {processor.py:157} INFO - Started process (PID=6315) to work on /home/samuel/dev/airflow_learning/venv/lib/python3.10/site-packages/airflow/example_dags/example_task_group_decorator.py
[2023-08-24T15:35:53.060+0100] {processor.py:829} INFO - Processing file /home/samuel/dev/airflow_learning/venv/lib/python3.10/site-packages/airflow/example_dags/example_task_group_decorator.py for tasks to queue
[2023-08-24T15:35:53.062+0100] {logging_mixin.py:151} INFO - [2023-08-24T15:35:53.061+0100] {dagbag.py:539} INFO - Filling up the DagBag from /home/samuel/dev/airflow_learning/venv/lib/python3.10/site-packages/airflow/example_dags/example_task_group_decorator.py
[2023-08-24T15:35:53.084+0100] {processor.py:839} INFO - DAG(s) dict_keys(['example_task_group_decorator']) retrieved from /home/samuel/dev/airflow_learning/venv/lib/python3.10/site-packages/airflow/example_dags/example_task_group_decorator.py
[2023-08-24T15:35:53.107+0100] {logging_mixin.py:151} INFO - [2023-08-24T15:35:53.107+0100] {dag.py:2907} INFO - Sync 1 DAGs
[2023-08-24T15:35:53.131+0100] {logging_mixin.py:151} INFO - [2023-08-24T15:35:53.130+0100] {dag.py:3677} INFO - Setting next_dagrun for example_task_group_decorator to 2023-08-23T14:35:53.130690+00:00, run_after=2023-08-24T14:35:53.130690+00:00
[2023-08-24T15:35:53.233+0100] {processor.py:179} INFO - Processing /home/samuel/dev/airflow_learning/venv/lib/python3.10/site-packages/airflow/example_dags/example_task_group_decorator.py took 0.186 seconds
[2023-08-24T15:36:52.793+0100] {processor.py:157} INFO - Started process (PID=6374) to work on /home/samuel/dev/airflow_learning/venv/lib/python3.10/site-packages/airflow/example_dags/example_task_group_decorator.py
[2023-08-24T15:36:52.836+0100] {processor.py:829} INFO - Processing file /home/samuel/dev/airflow_learning/venv/lib/python3.10/site-packages/airflow/example_dags/example_task_group_decorator.py for tasks to queue
[2023-08-24T15:36:52.837+0100] {logging_mixin.py:151} INFO - [2023-08-24T15:36:52.837+0100] {dagbag.py:539} INFO - Filling up the DagBag from /home/samuel/dev/airflow_learning/venv/lib/python3.10/site-packages/airflow/example_dags/example_task_group_decorator.py
[2023-08-24T15:36:52.858+0100] {processor.py:839} INFO - DAG(s) dict_keys(['example_task_group_decorator']) retrieved from /home/samuel/dev/airflow_learning/venv/lib/python3.10/site-packages/airflow/example_dags/example_task_group_decorator.py
[2023-08-24T15:36:53.072+0100] {logging_mixin.py:151} INFO - [2023-08-24T15:36:53.072+0100] {dag.py:2907} INFO - Sync 1 DAGs
[2023-08-24T15:36:53.101+0100] {logging_mixin.py:151} INFO - [2023-08-24T15:36:53.100+0100] {dag.py:3677} INFO - Setting next_dagrun for example_task_group_decorator to 2023-08-23T14:36:53.100611+00:00, run_after=2023-08-24T14:36:53.100611+00:00
[2023-08-24T15:36:53.226+0100] {processor.py:179} INFO - Processing /home/samuel/dev/airflow_learning/venv/lib/python3.10/site-packages/airflow/example_dags/example_task_group_decorator.py took 0.436 seconds
[2023-08-24T15:38:00.175+0100] {processor.py:157} INFO - Started process (PID=6433) to work on /home/samuel/dev/airflow_learning/venv/lib/python3.10/site-packages/airflow/example_dags/example_task_group_decorator.py
[2023-08-24T15:38:00.202+0100] {processor.py:829} INFO - Processing file /home/samuel/dev/airflow_learning/venv/lib/python3.10/site-packages/airflow/example_dags/example_task_group_decorator.py for tasks to queue
[2023-08-24T15:38:00.203+0100] {logging_mixin.py:151} INFO - [2023-08-24T15:38:00.202+0100] {dagbag.py:539} INFO - Filling up the DagBag from /home/samuel/dev/airflow_learning/venv/lib/python3.10/site-packages/airflow/example_dags/example_task_group_decorator.py
[2023-08-24T15:38:00.224+0100] {processor.py:839} INFO - DAG(s) dict_keys(['example_task_group_decorator']) retrieved from /home/samuel/dev/airflow_learning/venv/lib/python3.10/site-packages/airflow/example_dags/example_task_group_decorator.py
[2023-08-24T15:38:00.246+0100] {logging_mixin.py:151} INFO - [2023-08-24T15:38:00.245+0100] {dag.py:2907} INFO - Sync 1 DAGs
[2023-08-24T15:38:00.265+0100] {logging_mixin.py:151} INFO - [2023-08-24T15:38:00.264+0100] {dag.py:3677} INFO - Setting next_dagrun for example_task_group_decorator to 2023-08-23T14:38:00.264656+00:00, run_after=2023-08-24T14:38:00.264656+00:00
[2023-08-24T15:38:00.377+0100] {processor.py:179} INFO - Processing /home/samuel/dev/airflow_learning/venv/lib/python3.10/site-packages/airflow/example_dags/example_task_group_decorator.py took 0.205 seconds
[2023-08-24T15:38:57.792+0100] {processor.py:157} INFO - Started process (PID=6488) to work on /home/samuel/dev/airflow_learning/venv/lib/python3.10/site-packages/airflow/example_dags/example_task_group_decorator.py
[2023-08-24T15:38:57.794+0100] {processor.py:829} INFO - Processing file /home/samuel/dev/airflow_learning/venv/lib/python3.10/site-packages/airflow/example_dags/example_task_group_decorator.py for tasks to queue
[2023-08-24T15:38:57.794+0100] {logging_mixin.py:151} INFO - [2023-08-24T15:38:57.794+0100] {dagbag.py:539} INFO - Filling up the DagBag from /home/samuel/dev/airflow_learning/venv/lib/python3.10/site-packages/airflow/example_dags/example_task_group_decorator.py
[2023-08-24T15:38:57.811+0100] {processor.py:839} INFO - DAG(s) dict_keys(['example_task_group_decorator']) retrieved from /home/samuel/dev/airflow_learning/venv/lib/python3.10/site-packages/airflow/example_dags/example_task_group_decorator.py
[2023-08-24T15:38:57.830+0100] {logging_mixin.py:151} INFO - [2023-08-24T15:38:57.829+0100] {dag.py:2907} INFO - Sync 1 DAGs
[2023-08-24T15:38:57.848+0100] {logging_mixin.py:151} INFO - [2023-08-24T15:38:57.848+0100] {dag.py:3677} INFO - Setting next_dagrun for example_task_group_decorator to 2023-08-23T14:38:57.848423+00:00, run_after=2023-08-24T14:38:57.848423+00:00
[2023-08-24T15:38:57.980+0100] {processor.py:179} INFO - Processing /home/samuel/dev/airflow_learning/venv/lib/python3.10/site-packages/airflow/example_dags/example_task_group_decorator.py took 0.191 seconds
[2023-08-24T15:39:50.047+0100] {processor.py:157} INFO - Started process (PID=6541) to work on /home/samuel/dev/airflow_learning/venv/lib/python3.10/site-packages/airflow/example_dags/example_task_group_decorator.py
[2023-08-24T15:39:50.069+0100] {processor.py:829} INFO - Processing file /home/samuel/dev/airflow_learning/venv/lib/python3.10/site-packages/airflow/example_dags/example_task_group_decorator.py for tasks to queue
[2023-08-24T15:39:50.071+0100] {logging_mixin.py:151} INFO - [2023-08-24T15:39:50.070+0100] {dagbag.py:539} INFO - Filling up the DagBag from /home/samuel/dev/airflow_learning/venv/lib/python3.10/site-packages/airflow/example_dags/example_task_group_decorator.py
[2023-08-24T15:39:50.091+0100] {processor.py:839} INFO - DAG(s) dict_keys(['example_task_group_decorator']) retrieved from /home/samuel/dev/airflow_learning/venv/lib/python3.10/site-packages/airflow/example_dags/example_task_group_decorator.py
[2023-08-24T15:39:50.115+0100] {logging_mixin.py:151} INFO - [2023-08-24T15:39:50.115+0100] {dag.py:2907} INFO - Sync 1 DAGs
[2023-08-24T15:39:50.136+0100] {logging_mixin.py:151} INFO - [2023-08-24T15:39:50.136+0100] {dag.py:3677} INFO - Setting next_dagrun for example_task_group_decorator to 2023-08-23T14:39:50.136393+00:00, run_after=2023-08-24T14:39:50.136393+00:00
[2023-08-24T15:39:50.250+0100] {processor.py:179} INFO - Processing /home/samuel/dev/airflow_learning/venv/lib/python3.10/site-packages/airflow/example_dags/example_task_group_decorator.py took 0.208 seconds
[2023-08-24T15:41:00.049+0100] {processor.py:157} INFO - Started process (PID=6626) to work on /home/samuel/dev/airflow_learning/venv/lib/python3.10/site-packages/airflow/example_dags/example_task_group_decorator.py
[2023-08-24T15:41:00.098+0100] {processor.py:829} INFO - Processing file /home/samuel/dev/airflow_learning/venv/lib/python3.10/site-packages/airflow/example_dags/example_task_group_decorator.py for tasks to queue
[2023-08-24T15:41:00.099+0100] {logging_mixin.py:151} INFO - [2023-08-24T15:41:00.098+0100] {dagbag.py:539} INFO - Filling up the DagBag from /home/samuel/dev/airflow_learning/venv/lib/python3.10/site-packages/airflow/example_dags/example_task_group_decorator.py
[2023-08-24T15:41:00.120+0100] {processor.py:839} INFO - DAG(s) dict_keys(['example_task_group_decorator']) retrieved from /home/samuel/dev/airflow_learning/venv/lib/python3.10/site-packages/airflow/example_dags/example_task_group_decorator.py
[2023-08-24T15:41:00.148+0100] {logging_mixin.py:151} INFO - [2023-08-24T15:41:00.148+0100] {dag.py:2907} INFO - Sync 1 DAGs
[2023-08-24T15:41:00.168+0100] {logging_mixin.py:151} INFO - [2023-08-24T15:41:00.168+0100] {dag.py:3677} INFO - Setting next_dagrun for example_task_group_decorator to 2023-08-23T14:41:00.168414+00:00, run_after=2023-08-24T14:41:00.168414+00:00
[2023-08-24T15:41:00.277+0100] {processor.py:179} INFO - Processing /home/samuel/dev/airflow_learning/venv/lib/python3.10/site-packages/airflow/example_dags/example_task_group_decorator.py took 0.232 seconds
[2023-08-24T15:41:52.701+0100] {processor.py:157} INFO - Started process (PID=6679) to work on /home/samuel/dev/airflow_learning/venv/lib/python3.10/site-packages/airflow/example_dags/example_task_group_decorator.py
[2023-08-24T15:41:52.704+0100] {processor.py:829} INFO - Processing file /home/samuel/dev/airflow_learning/venv/lib/python3.10/site-packages/airflow/example_dags/example_task_group_decorator.py for tasks to queue
[2023-08-24T15:41:52.704+0100] {logging_mixin.py:151} INFO - [2023-08-24T15:41:52.704+0100] {dagbag.py:539} INFO - Filling up the DagBag from /home/samuel/dev/airflow_learning/venv/lib/python3.10/site-packages/airflow/example_dags/example_task_group_decorator.py
[2023-08-24T15:41:52.721+0100] {processor.py:839} INFO - DAG(s) dict_keys(['example_task_group_decorator']) retrieved from /home/samuel/dev/airflow_learning/venv/lib/python3.10/site-packages/airflow/example_dags/example_task_group_decorator.py
[2023-08-24T15:41:52.741+0100] {logging_mixin.py:151} INFO - [2023-08-24T15:41:52.741+0100] {dag.py:2907} INFO - Sync 1 DAGs
[2023-08-24T15:41:52.761+0100] {logging_mixin.py:151} INFO - [2023-08-24T15:41:52.761+0100] {dag.py:3677} INFO - Setting next_dagrun for example_task_group_decorator to 2023-08-23T14:41:52.761172+00:00, run_after=2023-08-24T14:41:52.761172+00:00
[2023-08-24T15:41:52.899+0100] {processor.py:179} INFO - Processing /home/samuel/dev/airflow_learning/venv/lib/python3.10/site-packages/airflow/example_dags/example_task_group_decorator.py took 0.201 seconds
[2023-08-24T15:42:43.054+0100] {processor.py:157} INFO - Started process (PID=6787) to work on /home/samuel/dev/airflow_learning/venv/lib/python3.10/site-packages/airflow/example_dags/example_task_group_decorator.py
[2023-08-24T15:42:43.095+0100] {processor.py:829} INFO - Processing file /home/samuel/dev/airflow_learning/venv/lib/python3.10/site-packages/airflow/example_dags/example_task_group_decorator.py for tasks to queue
[2023-08-24T15:42:43.096+0100] {logging_mixin.py:151} INFO - [2023-08-24T15:42:43.096+0100] {dagbag.py:539} INFO - Filling up the DagBag from /home/samuel/dev/airflow_learning/venv/lib/python3.10/site-packages/airflow/example_dags/example_task_group_decorator.py
[2023-08-24T15:42:43.117+0100] {processor.py:839} INFO - DAG(s) dict_keys(['example_task_group_decorator']) retrieved from /home/samuel/dev/airflow_learning/venv/lib/python3.10/site-packages/airflow/example_dags/example_task_group_decorator.py
[2023-08-24T15:42:43.142+0100] {logging_mixin.py:151} INFO - [2023-08-24T15:42:43.142+0100] {dag.py:2907} INFO - Sync 1 DAGs
[2023-08-24T15:42:43.165+0100] {logging_mixin.py:151} INFO - [2023-08-24T15:42:43.164+0100] {dag.py:3677} INFO - Setting next_dagrun for example_task_group_decorator to 2023-08-23T14:42:43.164655+00:00, run_after=2023-08-24T14:42:43.164655+00:00
[2023-08-24T15:42:43.278+0100] {processor.py:179} INFO - Processing /home/samuel/dev/airflow_learning/venv/lib/python3.10/site-packages/airflow/example_dags/example_task_group_decorator.py took 0.228 seconds
[2023-08-24T15:43:37.939+0100] {processor.py:157} INFO - Started process (PID=6839) to work on /home/samuel/dev/airflow_learning/venv/lib/python3.10/site-packages/airflow/example_dags/example_task_group_decorator.py
[2023-08-24T15:43:37.971+0100] {processor.py:829} INFO - Processing file /home/samuel/dev/airflow_learning/venv/lib/python3.10/site-packages/airflow/example_dags/example_task_group_decorator.py for tasks to queue
[2023-08-24T15:43:37.972+0100] {logging_mixin.py:151} INFO - [2023-08-24T15:43:37.971+0100] {dagbag.py:539} INFO - Filling up the DagBag from /home/samuel/dev/airflow_learning/venv/lib/python3.10/site-packages/airflow/example_dags/example_task_group_decorator.py
[2023-08-24T15:43:37.993+0100] {processor.py:839} INFO - DAG(s) dict_keys(['example_task_group_decorator']) retrieved from /home/samuel/dev/airflow_learning/venv/lib/python3.10/site-packages/airflow/example_dags/example_task_group_decorator.py
[2023-08-24T15:43:38.018+0100] {logging_mixin.py:151} INFO - [2023-08-24T15:43:38.018+0100] {dag.py:2907} INFO - Sync 1 DAGs
[2023-08-24T15:43:38.039+0100] {logging_mixin.py:151} INFO - [2023-08-24T15:43:38.039+0100] {dag.py:3677} INFO - Setting next_dagrun for example_task_group_decorator to 2023-08-23T14:43:38.039056+00:00, run_after=2023-08-24T14:43:38.039056+00:00
[2023-08-24T15:43:38.167+0100] {processor.py:179} INFO - Processing /home/samuel/dev/airflow_learning/venv/lib/python3.10/site-packages/airflow/example_dags/example_task_group_decorator.py took 0.232 seconds
[2023-08-24T15:44:30.174+0100] {processor.py:157} INFO - Started process (PID=6889) to work on /home/samuel/dev/airflow_learning/venv/lib/python3.10/site-packages/airflow/example_dags/example_task_group_decorator.py
[2023-08-24T15:44:30.210+0100] {processor.py:829} INFO - Processing file /home/samuel/dev/airflow_learning/venv/lib/python3.10/site-packages/airflow/example_dags/example_task_group_decorator.py for tasks to queue
[2023-08-24T15:44:30.212+0100] {logging_mixin.py:151} INFO - [2023-08-24T15:44:30.211+0100] {dagbag.py:539} INFO - Filling up the DagBag from /home/samuel/dev/airflow_learning/venv/lib/python3.10/site-packages/airflow/example_dags/example_task_group_decorator.py
[2023-08-24T15:44:30.232+0100] {processor.py:839} INFO - DAG(s) dict_keys(['example_task_group_decorator']) retrieved from /home/samuel/dev/airflow_learning/venv/lib/python3.10/site-packages/airflow/example_dags/example_task_group_decorator.py
[2023-08-24T15:44:30.256+0100] {logging_mixin.py:151} INFO - [2023-08-24T15:44:30.256+0100] {dag.py:2907} INFO - Sync 1 DAGs
[2023-08-24T15:44:30.277+0100] {logging_mixin.py:151} INFO - [2023-08-24T15:44:30.277+0100] {dag.py:3677} INFO - Setting next_dagrun for example_task_group_decorator to 2023-08-23T14:44:30.276880+00:00, run_after=2023-08-24T14:44:30.276880+00:00
[2023-08-24T15:44:30.390+0100] {processor.py:179} INFO - Processing /home/samuel/dev/airflow_learning/venv/lib/python3.10/site-packages/airflow/example_dags/example_task_group_decorator.py took 0.219 seconds
[2023-08-24T15:45:19.709+0100] {processor.py:157} INFO - Started process (PID=6939) to work on /home/samuel/dev/airflow_learning/venv/lib/python3.10/site-packages/airflow/example_dags/example_task_group_decorator.py
[2023-08-24T15:45:19.737+0100] {processor.py:829} INFO - Processing file /home/samuel/dev/airflow_learning/venv/lib/python3.10/site-packages/airflow/example_dags/example_task_group_decorator.py for tasks to queue
[2023-08-24T15:45:19.739+0100] {logging_mixin.py:151} INFO - [2023-08-24T15:45:19.738+0100] {dagbag.py:539} INFO - Filling up the DagBag from /home/samuel/dev/airflow_learning/venv/lib/python3.10/site-packages/airflow/example_dags/example_task_group_decorator.py
[2023-08-24T15:45:19.766+0100] {processor.py:839} INFO - DAG(s) dict_keys(['example_task_group_decorator']) retrieved from /home/samuel/dev/airflow_learning/venv/lib/python3.10/site-packages/airflow/example_dags/example_task_group_decorator.py
[2023-08-24T15:45:19.789+0100] {logging_mixin.py:151} INFO - [2023-08-24T15:45:19.788+0100] {dag.py:2907} INFO - Sync 1 DAGs
[2023-08-24T15:45:19.808+0100] {logging_mixin.py:151} INFO - [2023-08-24T15:45:19.808+0100] {dag.py:3677} INFO - Setting next_dagrun for example_task_group_decorator to 2023-08-23T14:45:19.807885+00:00, run_after=2023-08-24T14:45:19.807885+00:00
[2023-08-24T15:45:20.022+0100] {processor.py:179} INFO - Processing /home/samuel/dev/airflow_learning/venv/lib/python3.10/site-packages/airflow/example_dags/example_task_group_decorator.py took 0.316 seconds
[2023-08-24T15:46:11.862+0100] {processor.py:157} INFO - Started process (PID=6989) to work on /home/samuel/dev/airflow_learning/venv/lib/python3.10/site-packages/airflow/example_dags/example_task_group_decorator.py
[2023-08-24T15:46:11.893+0100] {processor.py:829} INFO - Processing file /home/samuel/dev/airflow_learning/venv/lib/python3.10/site-packages/airflow/example_dags/example_task_group_decorator.py for tasks to queue
[2023-08-24T15:46:11.894+0100] {logging_mixin.py:151} INFO - [2023-08-24T15:46:11.893+0100] {dagbag.py:539} INFO - Filling up the DagBag from /home/samuel/dev/airflow_learning/venv/lib/python3.10/site-packages/airflow/example_dags/example_task_group_decorator.py
[2023-08-24T15:46:11.915+0100] {processor.py:839} INFO - DAG(s) dict_keys(['example_task_group_decorator']) retrieved from /home/samuel/dev/airflow_learning/venv/lib/python3.10/site-packages/airflow/example_dags/example_task_group_decorator.py
[2023-08-24T15:46:11.938+0100] {logging_mixin.py:151} INFO - [2023-08-24T15:46:11.938+0100] {dag.py:2907} INFO - Sync 1 DAGs
[2023-08-24T15:46:11.958+0100] {logging_mixin.py:151} INFO - [2023-08-24T15:46:11.958+0100] {dag.py:3677} INFO - Setting next_dagrun for example_task_group_decorator to 2023-08-23T14:46:11.958237+00:00, run_after=2023-08-24T14:46:11.958237+00:00
[2023-08-24T15:46:12.051+0100] {processor.py:179} INFO - Processing /home/samuel/dev/airflow_learning/venv/lib/python3.10/site-packages/airflow/example_dags/example_task_group_decorator.py took 0.193 seconds
[2023-08-24T15:47:06.127+0100] {processor.py:157} INFO - Started process (PID=7038) to work on /home/samuel/dev/airflow_learning/venv/lib/python3.10/site-packages/airflow/example_dags/example_task_group_decorator.py
[2023-08-24T15:47:06.153+0100] {processor.py:829} INFO - Processing file /home/samuel/dev/airflow_learning/venv/lib/python3.10/site-packages/airflow/example_dags/example_task_group_decorator.py for tasks to queue
[2023-08-24T15:47:06.154+0100] {logging_mixin.py:151} INFO - [2023-08-24T15:47:06.154+0100] {dagbag.py:539} INFO - Filling up the DagBag from /home/samuel/dev/airflow_learning/venv/lib/python3.10/site-packages/airflow/example_dags/example_task_group_decorator.py
[2023-08-24T15:47:06.175+0100] {processor.py:839} INFO - DAG(s) dict_keys(['example_task_group_decorator']) retrieved from /home/samuel/dev/airflow_learning/venv/lib/python3.10/site-packages/airflow/example_dags/example_task_group_decorator.py
[2023-08-24T15:47:06.198+0100] {logging_mixin.py:151} INFO - [2023-08-24T15:47:06.198+0100] {dag.py:2907} INFO - Sync 1 DAGs
[2023-08-24T15:47:06.217+0100] {logging_mixin.py:151} INFO - [2023-08-24T15:47:06.217+0100] {dag.py:3677} INFO - Setting next_dagrun for example_task_group_decorator to 2023-08-23T14:47:06.217463+00:00, run_after=2023-08-24T14:47:06.217463+00:00
[2023-08-24T15:47:06.336+0100] {processor.py:179} INFO - Processing /home/samuel/dev/airflow_learning/venv/lib/python3.10/site-packages/airflow/example_dags/example_task_group_decorator.py took 0.213 seconds
[2023-08-24T15:47:58.673+0100] {processor.py:157} INFO - Started process (PID=7093) to work on /home/samuel/dev/airflow_learning/venv/lib/python3.10/site-packages/airflow/example_dags/example_task_group_decorator.py
[2023-08-24T15:47:58.702+0100] {processor.py:829} INFO - Processing file /home/samuel/dev/airflow_learning/venv/lib/python3.10/site-packages/airflow/example_dags/example_task_group_decorator.py for tasks to queue
[2023-08-24T15:47:58.703+0100] {logging_mixin.py:151} INFO - [2023-08-24T15:47:58.703+0100] {dagbag.py:539} INFO - Filling up the DagBag from /home/samuel/dev/airflow_learning/venv/lib/python3.10/site-packages/airflow/example_dags/example_task_group_decorator.py
[2023-08-24T15:47:58.724+0100] {processor.py:839} INFO - DAG(s) dict_keys(['example_task_group_decorator']) retrieved from /home/samuel/dev/airflow_learning/venv/lib/python3.10/site-packages/airflow/example_dags/example_task_group_decorator.py
[2023-08-24T15:47:58.748+0100] {logging_mixin.py:151} INFO - [2023-08-24T15:47:58.748+0100] {dag.py:2907} INFO - Sync 1 DAGs
[2023-08-24T15:47:58.768+0100] {logging_mixin.py:151} INFO - [2023-08-24T15:47:58.768+0100] {dag.py:3677} INFO - Setting next_dagrun for example_task_group_decorator to 2023-08-23T14:47:58.768513+00:00, run_after=2023-08-24T14:47:58.768513+00:00
[2023-08-24T15:47:58.884+0100] {processor.py:179} INFO - Processing /home/samuel/dev/airflow_learning/venv/lib/python3.10/site-packages/airflow/example_dags/example_task_group_decorator.py took 0.215 seconds
[2023-08-24T15:48:52.233+0100] {processor.py:157} INFO - Started process (PID=7156) to work on /home/samuel/dev/airflow_learning/venv/lib/python3.10/site-packages/airflow/example_dags/example_task_group_decorator.py
[2023-08-24T15:48:52.250+0100] {processor.py:829} INFO - Processing file /home/samuel/dev/airflow_learning/venv/lib/python3.10/site-packages/airflow/example_dags/example_task_group_decorator.py for tasks to queue
[2023-08-24T15:48:52.251+0100] {logging_mixin.py:151} INFO - [2023-08-24T15:48:52.250+0100] {dagbag.py:539} INFO - Filling up the DagBag from /home/samuel/dev/airflow_learning/venv/lib/python3.10/site-packages/airflow/example_dags/example_task_group_decorator.py
[2023-08-24T15:48:52.272+0100] {processor.py:839} INFO - DAG(s) dict_keys(['example_task_group_decorator']) retrieved from /home/samuel/dev/airflow_learning/venv/lib/python3.10/site-packages/airflow/example_dags/example_task_group_decorator.py
[2023-08-24T15:48:52.294+0100] {logging_mixin.py:151} INFO - [2023-08-24T15:48:52.294+0100] {dag.py:2907} INFO - Sync 1 DAGs
[2023-08-24T15:48:52.313+0100] {logging_mixin.py:151} INFO - [2023-08-24T15:48:52.313+0100] {dag.py:3677} INFO - Setting next_dagrun for example_task_group_decorator to 2023-08-23T14:48:52.313042+00:00, run_after=2023-08-24T14:48:52.313042+00:00
[2023-08-24T15:48:52.421+0100] {processor.py:179} INFO - Processing /home/samuel/dev/airflow_learning/venv/lib/python3.10/site-packages/airflow/example_dags/example_task_group_decorator.py took 0.192 seconds
[2023-08-24T15:49:42.759+0100] {processor.py:157} INFO - Started process (PID=7204) to work on /home/samuel/dev/airflow_learning/venv/lib/python3.10/site-packages/airflow/example_dags/example_task_group_decorator.py
[2023-08-24T15:49:42.787+0100] {processor.py:829} INFO - Processing file /home/samuel/dev/airflow_learning/venv/lib/python3.10/site-packages/airflow/example_dags/example_task_group_decorator.py for tasks to queue
[2023-08-24T15:49:42.788+0100] {logging_mixin.py:151} INFO - [2023-08-24T15:49:42.788+0100] {dagbag.py:539} INFO - Filling up the DagBag from /home/samuel/dev/airflow_learning/venv/lib/python3.10/site-packages/airflow/example_dags/example_task_group_decorator.py
[2023-08-24T15:49:42.810+0100] {processor.py:839} INFO - DAG(s) dict_keys(['example_task_group_decorator']) retrieved from /home/samuel/dev/airflow_learning/venv/lib/python3.10/site-packages/airflow/example_dags/example_task_group_decorator.py
[2023-08-24T15:49:42.833+0100] {logging_mixin.py:151} INFO - [2023-08-24T15:49:42.833+0100] {dag.py:2907} INFO - Sync 1 DAGs
[2023-08-24T15:49:42.853+0100] {logging_mixin.py:151} INFO - [2023-08-24T15:49:42.853+0100] {dag.py:3677} INFO - Setting next_dagrun for example_task_group_decorator to 2023-08-23T14:49:42.853331+00:00, run_after=2023-08-24T14:49:42.853331+00:00
[2023-08-24T15:49:42.958+0100] {processor.py:179} INFO - Processing /home/samuel/dev/airflow_learning/venv/lib/python3.10/site-packages/airflow/example_dags/example_task_group_decorator.py took 0.203 seconds
[2023-08-24T15:50:31.614+0100] {processor.py:157} INFO - Started process (PID=7251) to work on /home/samuel/dev/airflow_learning/venv/lib/python3.10/site-packages/airflow/example_dags/example_task_group_decorator.py
[2023-08-24T15:50:31.636+0100] {processor.py:829} INFO - Processing file /home/samuel/dev/airflow_learning/venv/lib/python3.10/site-packages/airflow/example_dags/example_task_group_decorator.py for tasks to queue
[2023-08-24T15:50:31.637+0100] {logging_mixin.py:151} INFO - [2023-08-24T15:50:31.637+0100] {dagbag.py:539} INFO - Filling up the DagBag from /home/samuel/dev/airflow_learning/venv/lib/python3.10/site-packages/airflow/example_dags/example_task_group_decorator.py
[2023-08-24T15:50:31.659+0100] {processor.py:839} INFO - DAG(s) dict_keys(['example_task_group_decorator']) retrieved from /home/samuel/dev/airflow_learning/venv/lib/python3.10/site-packages/airflow/example_dags/example_task_group_decorator.py
[2023-08-24T15:50:31.682+0100] {logging_mixin.py:151} INFO - [2023-08-24T15:50:31.682+0100] {dag.py:2907} INFO - Sync 1 DAGs
[2023-08-24T15:50:31.701+0100] {logging_mixin.py:151} INFO - [2023-08-24T15:50:31.701+0100] {dag.py:3677} INFO - Setting next_dagrun for example_task_group_decorator to 2023-08-23T14:50:31.700780+00:00, run_after=2023-08-24T14:50:31.700780+00:00
[2023-08-24T15:50:31.821+0100] {processor.py:179} INFO - Processing /home/samuel/dev/airflow_learning/venv/lib/python3.10/site-packages/airflow/example_dags/example_task_group_decorator.py took 0.211 seconds
[2023-08-24T15:51:23.779+0100] {processor.py:157} INFO - Started process (PID=7299) to work on /home/samuel/dev/airflow_learning/venv/lib/python3.10/site-packages/airflow/example_dags/example_task_group_decorator.py
[2023-08-24T15:51:23.780+0100] {processor.py:829} INFO - Processing file /home/samuel/dev/airflow_learning/venv/lib/python3.10/site-packages/airflow/example_dags/example_task_group_decorator.py for tasks to queue
[2023-08-24T15:51:23.782+0100] {logging_mixin.py:151} INFO - [2023-08-24T15:51:23.781+0100] {dagbag.py:539} INFO - Filling up the DagBag from /home/samuel/dev/airflow_learning/venv/lib/python3.10/site-packages/airflow/example_dags/example_task_group_decorator.py
[2023-08-24T15:51:23.801+0100] {processor.py:839} INFO - DAG(s) dict_keys(['example_task_group_decorator']) retrieved from /home/samuel/dev/airflow_learning/venv/lib/python3.10/site-packages/airflow/example_dags/example_task_group_decorator.py
[2023-08-24T15:51:23.822+0100] {logging_mixin.py:151} INFO - [2023-08-24T15:51:23.821+0100] {dag.py:2907} INFO - Sync 1 DAGs
[2023-08-24T15:51:23.841+0100] {logging_mixin.py:151} INFO - [2023-08-24T15:51:23.841+0100] {dag.py:3677} INFO - Setting next_dagrun for example_task_group_decorator to 2023-08-23T14:51:23.841030+00:00, run_after=2023-08-24T14:51:23.841030+00:00
[2023-08-24T15:51:23.978+0100] {processor.py:179} INFO - Processing /home/samuel/dev/airflow_learning/venv/lib/python3.10/site-packages/airflow/example_dags/example_task_group_decorator.py took 0.203 seconds
[2023-08-24T15:52:14.497+0100] {processor.py:157} INFO - Started process (PID=7357) to work on /home/samuel/dev/airflow_learning/venv/lib/python3.10/site-packages/airflow/example_dags/example_task_group_decorator.py
[2023-08-24T15:52:14.499+0100] {processor.py:829} INFO - Processing file /home/samuel/dev/airflow_learning/venv/lib/python3.10/site-packages/airflow/example_dags/example_task_group_decorator.py for tasks to queue
[2023-08-24T15:52:14.500+0100] {logging_mixin.py:151} INFO - [2023-08-24T15:52:14.500+0100] {dagbag.py:539} INFO - Filling up the DagBag from /home/samuel/dev/airflow_learning/venv/lib/python3.10/site-packages/airflow/example_dags/example_task_group_decorator.py
[2023-08-24T15:52:14.521+0100] {processor.py:839} INFO - DAG(s) dict_keys(['example_task_group_decorator']) retrieved from /home/samuel/dev/airflow_learning/venv/lib/python3.10/site-packages/airflow/example_dags/example_task_group_decorator.py
[2023-08-24T15:52:14.541+0100] {logging_mixin.py:151} INFO - [2023-08-24T15:52:14.541+0100] {dag.py:2907} INFO - Sync 1 DAGs
[2023-08-24T15:52:14.560+0100] {logging_mixin.py:151} INFO - [2023-08-24T15:52:14.559+0100] {dag.py:3677} INFO - Setting next_dagrun for example_task_group_decorator to 2023-08-23T14:52:14.559656+00:00, run_after=2023-08-24T14:52:14.559656+00:00
[2023-08-24T15:52:14.694+0100] {processor.py:179} INFO - Processing /home/samuel/dev/airflow_learning/venv/lib/python3.10/site-packages/airflow/example_dags/example_task_group_decorator.py took 0.201 seconds
[2023-08-24T15:53:03.410+0100] {processor.py:157} INFO - Started process (PID=7406) to work on /home/samuel/dev/airflow_learning/venv/lib/python3.10/site-packages/airflow/example_dags/example_task_group_decorator.py
[2023-08-24T15:53:03.413+0100] {processor.py:829} INFO - Processing file /home/samuel/dev/airflow_learning/venv/lib/python3.10/site-packages/airflow/example_dags/example_task_group_decorator.py for tasks to queue
[2023-08-24T15:53:03.414+0100] {logging_mixin.py:151} INFO - [2023-08-24T15:53:03.413+0100] {dagbag.py:539} INFO - Filling up the DagBag from /home/samuel/dev/airflow_learning/venv/lib/python3.10/site-packages/airflow/example_dags/example_task_group_decorator.py
[2023-08-24T15:53:03.431+0100] {processor.py:839} INFO - DAG(s) dict_keys(['example_task_group_decorator']) retrieved from /home/samuel/dev/airflow_learning/venv/lib/python3.10/site-packages/airflow/example_dags/example_task_group_decorator.py
[2023-08-24T15:53:03.451+0100] {logging_mixin.py:151} INFO - [2023-08-24T15:53:03.450+0100] {dag.py:2907} INFO - Sync 1 DAGs
[2023-08-24T15:53:03.469+0100] {logging_mixin.py:151} INFO - [2023-08-24T15:53:03.469+0100] {dag.py:3677} INFO - Setting next_dagrun for example_task_group_decorator to 2023-08-23T14:53:03.468929+00:00, run_after=2023-08-24T14:53:03.468929+00:00
[2023-08-24T15:53:03.600+0100] {processor.py:179} INFO - Processing /home/samuel/dev/airflow_learning/venv/lib/python3.10/site-packages/airflow/example_dags/example_task_group_decorator.py took 0.194 seconds
[2023-08-24T15:53:57.269+0100] {processor.py:157} INFO - Started process (PID=7527) to work on /home/samuel/dev/airflow_learning/venv/lib/python3.10/site-packages/airflow/example_dags/example_task_group_decorator.py
[2023-08-24T15:53:57.289+0100] {processor.py:829} INFO - Processing file /home/samuel/dev/airflow_learning/venv/lib/python3.10/site-packages/airflow/example_dags/example_task_group_decorator.py for tasks to queue
[2023-08-24T15:53:57.290+0100] {logging_mixin.py:151} INFO - [2023-08-24T15:53:57.290+0100] {dagbag.py:539} INFO - Filling up the DagBag from /home/samuel/dev/airflow_learning/venv/lib/python3.10/site-packages/airflow/example_dags/example_task_group_decorator.py
[2023-08-24T15:53:57.311+0100] {processor.py:839} INFO - DAG(s) dict_keys(['example_task_group_decorator']) retrieved from /home/samuel/dev/airflow_learning/venv/lib/python3.10/site-packages/airflow/example_dags/example_task_group_decorator.py
[2023-08-24T15:53:57.334+0100] {logging_mixin.py:151} INFO - [2023-08-24T15:53:57.334+0100] {dag.py:2907} INFO - Sync 1 DAGs
[2023-08-24T15:53:57.354+0100] {logging_mixin.py:151} INFO - [2023-08-24T15:53:57.354+0100] {dag.py:3677} INFO - Setting next_dagrun for example_task_group_decorator to 2023-08-23T14:53:57.353881+00:00, run_after=2023-08-24T14:53:57.353881+00:00
[2023-08-24T15:53:57.471+0100] {processor.py:179} INFO - Processing /home/samuel/dev/airflow_learning/venv/lib/python3.10/site-packages/airflow/example_dags/example_task_group_decorator.py took 0.206 seconds
[2023-08-24T15:55:03.261+0100] {processor.py:157} INFO - Started process (PID=7613) to work on /home/samuel/dev/airflow_learning/venv/lib/python3.10/site-packages/airflow/example_dags/example_task_group_decorator.py
[2023-08-24T15:55:03.271+0100] {processor.py:829} INFO - Processing file /home/samuel/dev/airflow_learning/venv/lib/python3.10/site-packages/airflow/example_dags/example_task_group_decorator.py for tasks to queue
[2023-08-24T15:55:03.272+0100] {logging_mixin.py:151} INFO - [2023-08-24T15:55:03.272+0100] {dagbag.py:539} INFO - Filling up the DagBag from /home/samuel/dev/airflow_learning/venv/lib/python3.10/site-packages/airflow/example_dags/example_task_group_decorator.py
[2023-08-24T15:55:03.293+0100] {processor.py:839} INFO - DAG(s) dict_keys(['example_task_group_decorator']) retrieved from /home/samuel/dev/airflow_learning/venv/lib/python3.10/site-packages/airflow/example_dags/example_task_group_decorator.py
[2023-08-24T15:55:03.314+0100] {logging_mixin.py:151} INFO - [2023-08-24T15:55:03.314+0100] {dag.py:2907} INFO - Sync 1 DAGs
[2023-08-24T15:55:03.334+0100] {logging_mixin.py:151} INFO - [2023-08-24T15:55:03.333+0100] {dag.py:3677} INFO - Setting next_dagrun for example_task_group_decorator to 2023-08-23T14:55:03.333530+00:00, run_after=2023-08-24T14:55:03.333530+00:00
[2023-08-24T15:55:03.444+0100] {processor.py:179} INFO - Processing /home/samuel/dev/airflow_learning/venv/lib/python3.10/site-packages/airflow/example_dags/example_task_group_decorator.py took 0.187 seconds
[2023-08-24T15:56:00.926+0100] {processor.py:157} INFO - Started process (PID=7705) to work on /home/samuel/dev/airflow_learning/venv/lib/python3.10/site-packages/airflow/example_dags/example_task_group_decorator.py
[2023-08-24T15:56:00.943+0100] {processor.py:829} INFO - Processing file /home/samuel/dev/airflow_learning/venv/lib/python3.10/site-packages/airflow/example_dags/example_task_group_decorator.py for tasks to queue
[2023-08-24T15:56:00.944+0100] {logging_mixin.py:151} INFO - [2023-08-24T15:56:00.943+0100] {dagbag.py:539} INFO - Filling up the DagBag from /home/samuel/dev/airflow_learning/venv/lib/python3.10/site-packages/airflow/example_dags/example_task_group_decorator.py
[2023-08-24T15:56:00.964+0100] {processor.py:839} INFO - DAG(s) dict_keys(['example_task_group_decorator']) retrieved from /home/samuel/dev/airflow_learning/venv/lib/python3.10/site-packages/airflow/example_dags/example_task_group_decorator.py
[2023-08-24T15:56:00.985+0100] {logging_mixin.py:151} INFO - [2023-08-24T15:56:00.985+0100] {dag.py:2907} INFO - Sync 1 DAGs
[2023-08-24T15:56:01.005+0100] {logging_mixin.py:151} INFO - [2023-08-24T15:56:01.004+0100] {dag.py:3677} INFO - Setting next_dagrun for example_task_group_decorator to 2023-08-23T14:56:01.004603+00:00, run_after=2023-08-24T14:56:01.004603+00:00
[2023-08-24T15:56:01.112+0100] {processor.py:179} INFO - Processing /home/samuel/dev/airflow_learning/venv/lib/python3.10/site-packages/airflow/example_dags/example_task_group_decorator.py took 0.190 seconds
[2023-08-24T15:56:53.797+0100] {processor.py:157} INFO - Started process (PID=7855) to work on /home/samuel/dev/airflow_learning/venv/lib/python3.10/site-packages/airflow/example_dags/example_task_group_decorator.py
[2023-08-24T15:56:53.817+0100] {processor.py:829} INFO - Processing file /home/samuel/dev/airflow_learning/venv/lib/python3.10/site-packages/airflow/example_dags/example_task_group_decorator.py for tasks to queue
[2023-08-24T15:56:53.818+0100] {logging_mixin.py:151} INFO - [2023-08-24T15:56:53.817+0100] {dagbag.py:539} INFO - Filling up the DagBag from /home/samuel/dev/airflow_learning/venv/lib/python3.10/site-packages/airflow/example_dags/example_task_group_decorator.py
[2023-08-24T15:56:53.839+0100] {processor.py:839} INFO - DAG(s) dict_keys(['example_task_group_decorator']) retrieved from /home/samuel/dev/airflow_learning/venv/lib/python3.10/site-packages/airflow/example_dags/example_task_group_decorator.py
[2023-08-24T15:56:53.862+0100] {logging_mixin.py:151} INFO - [2023-08-24T15:56:53.862+0100] {dag.py:2907} INFO - Sync 1 DAGs
[2023-08-24T15:56:53.884+0100] {logging_mixin.py:151} INFO - [2023-08-24T15:56:53.884+0100] {dag.py:3677} INFO - Setting next_dagrun for example_task_group_decorator to 2023-08-23T14:56:53.883920+00:00, run_after=2023-08-24T14:56:53.883920+00:00
[2023-08-24T15:56:53.989+0100] {processor.py:179} INFO - Processing /home/samuel/dev/airflow_learning/venv/lib/python3.10/site-packages/airflow/example_dags/example_task_group_decorator.py took 0.196 seconds
[2023-08-24T15:57:45.485+0100] {processor.py:157} INFO - Started process (PID=7905) to work on /home/samuel/dev/airflow_learning/venv/lib/python3.10/site-packages/airflow/example_dags/example_task_group_decorator.py
[2023-08-24T15:57:45.488+0100] {processor.py:829} INFO - Processing file /home/samuel/dev/airflow_learning/venv/lib/python3.10/site-packages/airflow/example_dags/example_task_group_decorator.py for tasks to queue
[2023-08-24T15:57:45.489+0100] {logging_mixin.py:151} INFO - [2023-08-24T15:57:45.489+0100] {dagbag.py:539} INFO - Filling up the DagBag from /home/samuel/dev/airflow_learning/venv/lib/python3.10/site-packages/airflow/example_dags/example_task_group_decorator.py
[2023-08-24T15:57:45.510+0100] {processor.py:839} INFO - DAG(s) dict_keys(['example_task_group_decorator']) retrieved from /home/samuel/dev/airflow_learning/venv/lib/python3.10/site-packages/airflow/example_dags/example_task_group_decorator.py
[2023-08-24T15:57:45.530+0100] {logging_mixin.py:151} INFO - [2023-08-24T15:57:45.530+0100] {dag.py:2907} INFO - Sync 1 DAGs
[2023-08-24T15:57:45.551+0100] {logging_mixin.py:151} INFO - [2023-08-24T15:57:45.551+0100] {dag.py:3677} INFO - Setting next_dagrun for example_task_group_decorator to 2023-08-23T14:57:45.551123+00:00, run_after=2023-08-24T14:57:45.551123+00:00
[2023-08-24T15:57:45.652+0100] {processor.py:179} INFO - Processing /home/samuel/dev/airflow_learning/venv/lib/python3.10/site-packages/airflow/example_dags/example_task_group_decorator.py took 0.171 seconds
[2023-08-24T15:58:37.881+0100] {processor.py:157} INFO - Started process (PID=7962) to work on /home/samuel/dev/airflow_learning/venv/lib/python3.10/site-packages/airflow/example_dags/example_task_group_decorator.py
[2023-08-24T15:58:37.883+0100] {processor.py:829} INFO - Processing file /home/samuel/dev/airflow_learning/venv/lib/python3.10/site-packages/airflow/example_dags/example_task_group_decorator.py for tasks to queue
[2023-08-24T15:58:37.884+0100] {logging_mixin.py:151} INFO - [2023-08-24T15:58:37.883+0100] {dagbag.py:539} INFO - Filling up the DagBag from /home/samuel/dev/airflow_learning/venv/lib/python3.10/site-packages/airflow/example_dags/example_task_group_decorator.py
[2023-08-24T15:58:37.904+0100] {processor.py:839} INFO - DAG(s) dict_keys(['example_task_group_decorator']) retrieved from /home/samuel/dev/airflow_learning/venv/lib/python3.10/site-packages/airflow/example_dags/example_task_group_decorator.py
[2023-08-24T15:58:37.924+0100] {logging_mixin.py:151} INFO - [2023-08-24T15:58:37.924+0100] {dag.py:2907} INFO - Sync 1 DAGs
[2023-08-24T15:58:37.944+0100] {logging_mixin.py:151} INFO - [2023-08-24T15:58:37.944+0100] {dag.py:3677} INFO - Setting next_dagrun for example_task_group_decorator to 2023-08-23T14:58:37.944241+00:00, run_after=2023-08-24T14:58:37.944241+00:00
[2023-08-24T15:58:38.084+0100] {processor.py:179} INFO - Processing /home/samuel/dev/airflow_learning/venv/lib/python3.10/site-packages/airflow/example_dags/example_task_group_decorator.py took 0.207 seconds
[2023-08-24T15:59:31.851+0100] {processor.py:157} INFO - Started process (PID=8089) to work on /home/samuel/dev/airflow_learning/venv/lib/python3.10/site-packages/airflow/example_dags/example_task_group_decorator.py
[2023-08-24T15:59:31.868+0100] {processor.py:829} INFO - Processing file /home/samuel/dev/airflow_learning/venv/lib/python3.10/site-packages/airflow/example_dags/example_task_group_decorator.py for tasks to queue
[2023-08-24T15:59:31.869+0100] {logging_mixin.py:151} INFO - [2023-08-24T15:59:31.869+0100] {dagbag.py:539} INFO - Filling up the DagBag from /home/samuel/dev/airflow_learning/venv/lib/python3.10/site-packages/airflow/example_dags/example_task_group_decorator.py
[2023-08-24T15:59:31.895+0100] {processor.py:839} INFO - DAG(s) dict_keys(['example_task_group_decorator']) retrieved from /home/samuel/dev/airflow_learning/venv/lib/python3.10/site-packages/airflow/example_dags/example_task_group_decorator.py
[2023-08-24T15:59:31.917+0100] {logging_mixin.py:151} INFO - [2023-08-24T15:59:31.917+0100] {dag.py:2907} INFO - Sync 1 DAGs
[2023-08-24T15:59:31.942+0100] {logging_mixin.py:151} INFO - [2023-08-24T15:59:31.942+0100] {dag.py:3677} INFO - Setting next_dagrun for example_task_group_decorator to 2023-08-23T14:59:31.941922+00:00, run_after=2023-08-24T14:59:31.941922+00:00
[2023-08-24T15:59:32.044+0100] {processor.py:179} INFO - Processing /home/samuel/dev/airflow_learning/venv/lib/python3.10/site-packages/airflow/example_dags/example_task_group_decorator.py took 0.197 seconds
[2023-08-24T16:00:30.457+0100] {processor.py:157} INFO - Started process (PID=8294) to work on /home/samuel/dev/airflow_learning/venv/lib/python3.10/site-packages/airflow/example_dags/example_task_group_decorator.py
[2023-08-24T16:00:30.473+0100] {processor.py:829} INFO - Processing file /home/samuel/dev/airflow_learning/venv/lib/python3.10/site-packages/airflow/example_dags/example_task_group_decorator.py for tasks to queue
[2023-08-24T16:00:30.474+0100] {logging_mixin.py:151} INFO - [2023-08-24T16:00:30.473+0100] {dagbag.py:539} INFO - Filling up the DagBag from /home/samuel/dev/airflow_learning/venv/lib/python3.10/site-packages/airflow/example_dags/example_task_group_decorator.py
[2023-08-24T16:00:30.495+0100] {processor.py:839} INFO - DAG(s) dict_keys(['example_task_group_decorator']) retrieved from /home/samuel/dev/airflow_learning/venv/lib/python3.10/site-packages/airflow/example_dags/example_task_group_decorator.py
[2023-08-24T16:00:30.518+0100] {logging_mixin.py:151} INFO - [2023-08-24T16:00:30.518+0100] {dag.py:2907} INFO - Sync 1 DAGs
[2023-08-24T16:00:30.538+0100] {logging_mixin.py:151} INFO - [2023-08-24T16:00:30.538+0100] {dag.py:3677} INFO - Setting next_dagrun for example_task_group_decorator to 2023-08-23T15:00:30.538038+00:00, run_after=2023-08-24T15:00:30.538038+00:00
[2023-08-24T16:00:30.638+0100] {processor.py:179} INFO - Processing /home/samuel/dev/airflow_learning/venv/lib/python3.10/site-packages/airflow/example_dags/example_task_group_decorator.py took 0.184 seconds
[2023-08-24T16:01:23.560+0100] {processor.py:157} INFO - Started process (PID=8361) to work on /home/samuel/dev/airflow_learning/venv/lib/python3.10/site-packages/airflow/example_dags/example_task_group_decorator.py
[2023-08-24T16:01:23.573+0100] {processor.py:829} INFO - Processing file /home/samuel/dev/airflow_learning/venv/lib/python3.10/site-packages/airflow/example_dags/example_task_group_decorator.py for tasks to queue
[2023-08-24T16:01:23.574+0100] {logging_mixin.py:151} INFO - [2023-08-24T16:01:23.574+0100] {dagbag.py:539} INFO - Filling up the DagBag from /home/samuel/dev/airflow_learning/venv/lib/python3.10/site-packages/airflow/example_dags/example_task_group_decorator.py
[2023-08-24T16:01:23.595+0100] {processor.py:839} INFO - DAG(s) dict_keys(['example_task_group_decorator']) retrieved from /home/samuel/dev/airflow_learning/venv/lib/python3.10/site-packages/airflow/example_dags/example_task_group_decorator.py
[2023-08-24T16:01:23.617+0100] {logging_mixin.py:151} INFO - [2023-08-24T16:01:23.617+0100] {dag.py:2907} INFO - Sync 1 DAGs
[2023-08-24T16:01:23.640+0100] {logging_mixin.py:151} INFO - [2023-08-24T16:01:23.640+0100] {dag.py:3677} INFO - Setting next_dagrun for example_task_group_decorator to 2023-08-23T15:01:23.639901+00:00, run_after=2023-08-24T15:01:23.639901+00:00
[2023-08-24T16:01:23.751+0100] {processor.py:179} INFO - Processing /home/samuel/dev/airflow_learning/venv/lib/python3.10/site-packages/airflow/example_dags/example_task_group_decorator.py took 0.194 seconds
[2023-08-24T16:02:17.555+0100] {processor.py:157} INFO - Started process (PID=8451) to work on /home/samuel/dev/airflow_learning/venv/lib/python3.10/site-packages/airflow/example_dags/example_task_group_decorator.py
[2023-08-24T16:02:17.611+0100] {processor.py:829} INFO - Processing file /home/samuel/dev/airflow_learning/venv/lib/python3.10/site-packages/airflow/example_dags/example_task_group_decorator.py for tasks to queue
[2023-08-24T16:02:17.612+0100] {logging_mixin.py:151} INFO - [2023-08-24T16:02:17.612+0100] {dagbag.py:539} INFO - Filling up the DagBag from /home/samuel/dev/airflow_learning/venv/lib/python3.10/site-packages/airflow/example_dags/example_task_group_decorator.py
[2023-08-24T16:02:17.631+0100] {processor.py:839} INFO - DAG(s) dict_keys(['example_task_group_decorator']) retrieved from /home/samuel/dev/airflow_learning/venv/lib/python3.10/site-packages/airflow/example_dags/example_task_group_decorator.py
[2023-08-24T16:02:17.652+0100] {logging_mixin.py:151} INFO - [2023-08-24T16:02:17.652+0100] {dag.py:2907} INFO - Sync 1 DAGs
[2023-08-24T16:02:17.673+0100] {logging_mixin.py:151} INFO - [2023-08-24T16:02:17.673+0100] {dag.py:3677} INFO - Setting next_dagrun for example_task_group_decorator to 2023-08-23T15:02:17.672952+00:00, run_after=2023-08-24T15:02:17.672952+00:00
[2023-08-24T16:02:17.767+0100] {processor.py:179} INFO - Processing /home/samuel/dev/airflow_learning/venv/lib/python3.10/site-packages/airflow/example_dags/example_task_group_decorator.py took 0.216 seconds
[2023-08-24T16:03:10.593+0100] {processor.py:157} INFO - Started process (PID=8514) to work on /home/samuel/dev/airflow_learning/venv/lib/python3.10/site-packages/airflow/example_dags/example_task_group_decorator.py
[2023-08-24T16:03:10.624+0100] {processor.py:829} INFO - Processing file /home/samuel/dev/airflow_learning/venv/lib/python3.10/site-packages/airflow/example_dags/example_task_group_decorator.py for tasks to queue
[2023-08-24T16:03:10.625+0100] {logging_mixin.py:151} INFO - [2023-08-24T16:03:10.624+0100] {dagbag.py:539} INFO - Filling up the DagBag from /home/samuel/dev/airflow_learning/venv/lib/python3.10/site-packages/airflow/example_dags/example_task_group_decorator.py
[2023-08-24T16:03:10.655+0100] {processor.py:839} INFO - DAG(s) dict_keys(['example_task_group_decorator']) retrieved from /home/samuel/dev/airflow_learning/venv/lib/python3.10/site-packages/airflow/example_dags/example_task_group_decorator.py
[2023-08-24T16:03:10.686+0100] {logging_mixin.py:151} INFO - [2023-08-24T16:03:10.685+0100] {dag.py:2907} INFO - Sync 1 DAGs
[2023-08-24T16:03:10.709+0100] {logging_mixin.py:151} INFO - [2023-08-24T16:03:10.708+0100] {dag.py:3677} INFO - Setting next_dagrun for example_task_group_decorator to 2023-08-23T15:03:10.708682+00:00, run_after=2023-08-24T15:03:10.708682+00:00
[2023-08-24T16:03:10.806+0100] {processor.py:179} INFO - Processing /home/samuel/dev/airflow_learning/venv/lib/python3.10/site-packages/airflow/example_dags/example_task_group_decorator.py took 0.216 seconds
[2023-08-24T16:04:03.545+0100] {processor.py:157} INFO - Started process (PID=8588) to work on /home/samuel/dev/airflow_learning/venv/lib/python3.10/site-packages/airflow/example_dags/example_task_group_decorator.py
[2023-08-24T16:04:03.564+0100] {processor.py:829} INFO - Processing file /home/samuel/dev/airflow_learning/venv/lib/python3.10/site-packages/airflow/example_dags/example_task_group_decorator.py for tasks to queue
[2023-08-24T16:04:03.565+0100] {logging_mixin.py:151} INFO - [2023-08-24T16:04:03.565+0100] {dagbag.py:539} INFO - Filling up the DagBag from /home/samuel/dev/airflow_learning/venv/lib/python3.10/site-packages/airflow/example_dags/example_task_group_decorator.py
[2023-08-24T16:04:03.589+0100] {processor.py:839} INFO - DAG(s) dict_keys(['example_task_group_decorator']) retrieved from /home/samuel/dev/airflow_learning/venv/lib/python3.10/site-packages/airflow/example_dags/example_task_group_decorator.py
[2023-08-24T16:04:03.614+0100] {logging_mixin.py:151} INFO - [2023-08-24T16:04:03.614+0100] {dag.py:2907} INFO - Sync 1 DAGs
[2023-08-24T16:04:03.634+0100] {logging_mixin.py:151} INFO - [2023-08-24T16:04:03.634+0100] {dag.py:3677} INFO - Setting next_dagrun for example_task_group_decorator to 2023-08-23T15:04:03.634266+00:00, run_after=2023-08-24T15:04:03.634266+00:00
[2023-08-24T16:04:03.745+0100] {processor.py:179} INFO - Processing /home/samuel/dev/airflow_learning/venv/lib/python3.10/site-packages/airflow/example_dags/example_task_group_decorator.py took 0.204 seconds
