[2023-08-24T15:23:15.274+0100] {processor.py:157} INFO - Started process (PID=5387) to work on /home/samuel/dev/airflow_learning/venv/lib/python3.10/site-packages/airflow/example_dags/example_bash_operator.py
[2023-08-24T15:23:15.275+0100] {processor.py:829} INFO - Processing file /home/samuel/dev/airflow_learning/venv/lib/python3.10/site-packages/airflow/example_dags/example_bash_operator.py for tasks to queue
[2023-08-24T15:23:15.276+0100] {logging_mixin.py:151} INFO - [2023-08-24T15:23:15.275+0100] {dagbag.py:539} INFO - Filling up the DagBag from /home/samuel/dev/airflow_learning/venv/lib/python3.10/site-packages/airflow/example_dags/example_bash_operator.py
[2023-08-24T15:23:15.289+0100] {processor.py:839} INFO - DAG(s) dict_keys(['example_bash_operator']) retrieved from /home/samuel/dev/airflow_learning/venv/lib/python3.10/site-packages/airflow/example_dags/example_bash_operator.py
[2023-08-24T15:23:15.648+0100] {logging_mixin.py:151} INFO - [2023-08-24T15:23:15.648+0100] {manager.py:501} INFO - Created Permission View: can edit on DAG:example_bash_operator
[2023-08-24T15:23:15.748+0100] {logging_mixin.py:151} INFO - [2023-08-24T15:23:15.748+0100] {manager.py:501} INFO - Created Permission View: can delete on DAG:example_bash_operator
[2023-08-24T15:23:15.860+0100] {logging_mixin.py:151} INFO - [2023-08-24T15:23:15.859+0100] {manager.py:501} INFO - Created Permission View: can read on DAG:example_bash_operator
[2023-08-24T15:23:15.888+0100] {logging_mixin.py:151} INFO - [2023-08-24T15:23:15.887+0100] {dag.py:2907} INFO - Sync 1 DAGs
[2023-08-24T15:23:15.906+0100] {logging_mixin.py:151} INFO - [2023-08-24T15:23:15.906+0100] {dag.py:2929} INFO - Creating ORM DAG for example_bash_operator
[2023-08-24T15:23:15.916+0100] {logging_mixin.py:151} INFO - [2023-08-24T15:23:15.916+0100] {dag.py:3677} INFO - Setting next_dagrun for example_bash_operator to 2023-08-23T00:00:00+00:00, run_after=2023-08-24T00:00:00+00:00
[2023-08-24T15:23:16.079+0100] {processor.py:179} INFO - Processing /home/samuel/dev/airflow_learning/venv/lib/python3.10/site-packages/airflow/example_dags/example_bash_operator.py took 0.809 seconds
[2023-08-24T15:24:21.717+0100] {processor.py:157} INFO - Started process (PID=5461) to work on /home/samuel/dev/airflow_learning/venv/lib/python3.10/site-packages/airflow/example_dags/example_bash_operator.py
[2023-08-24T15:24:21.719+0100] {processor.py:829} INFO - Processing file /home/samuel/dev/airflow_learning/venv/lib/python3.10/site-packages/airflow/example_dags/example_bash_operator.py for tasks to queue
[2023-08-24T15:24:21.720+0100] {logging_mixin.py:151} INFO - [2023-08-24T15:24:21.719+0100] {dagbag.py:539} INFO - Filling up the DagBag from /home/samuel/dev/airflow_learning/venv/lib/python3.10/site-packages/airflow/example_dags/example_bash_operator.py
[2023-08-24T15:24:21.734+0100] {processor.py:839} INFO - DAG(s) dict_keys(['example_bash_operator']) retrieved from /home/samuel/dev/airflow_learning/venv/lib/python3.10/site-packages/airflow/example_dags/example_bash_operator.py
[2023-08-24T15:24:21.762+0100] {logging_mixin.py:151} INFO - [2023-08-24T15:24:21.761+0100] {dag.py:2907} INFO - Sync 1 DAGs
[2023-08-24T15:24:21.783+0100] {logging_mixin.py:151} INFO - [2023-08-24T15:24:21.783+0100] {dag.py:3677} INFO - Setting next_dagrun for example_bash_operator to 2023-08-23T00:00:00+00:00, run_after=2023-08-24T00:00:00+00:00
[2023-08-24T15:24:21.933+0100] {processor.py:179} INFO - Processing /home/samuel/dev/airflow_learning/venv/lib/python3.10/site-packages/airflow/example_dags/example_bash_operator.py took 0.219 seconds
[2023-08-24T15:25:36.426+0100] {processor.py:157} INFO - Started process (PID=5536) to work on /home/samuel/dev/airflow_learning/venv/lib/python3.10/site-packages/airflow/example_dags/example_bash_operator.py
[2023-08-24T15:25:36.428+0100] {processor.py:829} INFO - Processing file /home/samuel/dev/airflow_learning/venv/lib/python3.10/site-packages/airflow/example_dags/example_bash_operator.py for tasks to queue
[2023-08-24T15:25:36.429+0100] {logging_mixin.py:151} INFO - [2023-08-24T15:25:36.429+0100] {dagbag.py:539} INFO - Filling up the DagBag from /home/samuel/dev/airflow_learning/venv/lib/python3.10/site-packages/airflow/example_dags/example_bash_operator.py
[2023-08-24T15:25:36.442+0100] {processor.py:839} INFO - DAG(s) dict_keys(['example_bash_operator']) retrieved from /home/samuel/dev/airflow_learning/venv/lib/python3.10/site-packages/airflow/example_dags/example_bash_operator.py
[2023-08-24T15:25:36.467+0100] {logging_mixin.py:151} INFO - [2023-08-24T15:25:36.467+0100] {dag.py:2907} INFO - Sync 1 DAGs
[2023-08-24T15:25:36.488+0100] {logging_mixin.py:151} INFO - [2023-08-24T15:25:36.487+0100] {dag.py:3677} INFO - Setting next_dagrun for example_bash_operator to 2023-08-23T00:00:00+00:00, run_after=2023-08-24T00:00:00+00:00
[2023-08-24T15:25:36.618+0100] {processor.py:179} INFO - Processing /home/samuel/dev/airflow_learning/venv/lib/python3.10/site-packages/airflow/example_dags/example_bash_operator.py took 0.195 seconds
[2023-08-24T15:26:59.451+0100] {processor.py:157} INFO - Started process (PID=5615) to work on /home/samuel/dev/airflow_learning/venv/lib/python3.10/site-packages/airflow/example_dags/example_bash_operator.py
[2023-08-24T15:26:59.476+0100] {processor.py:829} INFO - Processing file /home/samuel/dev/airflow_learning/venv/lib/python3.10/site-packages/airflow/example_dags/example_bash_operator.py for tasks to queue
[2023-08-24T15:26:59.477+0100] {logging_mixin.py:151} INFO - [2023-08-24T15:26:59.477+0100] {dagbag.py:539} INFO - Filling up the DagBag from /home/samuel/dev/airflow_learning/venv/lib/python3.10/site-packages/airflow/example_dags/example_bash_operator.py
[2023-08-24T15:26:59.493+0100] {processor.py:839} INFO - DAG(s) dict_keys(['example_bash_operator']) retrieved from /home/samuel/dev/airflow_learning/venv/lib/python3.10/site-packages/airflow/example_dags/example_bash_operator.py
[2023-08-24T15:26:59.523+0100] {logging_mixin.py:151} INFO - [2023-08-24T15:26:59.523+0100] {dag.py:2907} INFO - Sync 1 DAGs
[2023-08-24T15:26:59.546+0100] {logging_mixin.py:151} INFO - [2023-08-24T15:26:59.545+0100] {dag.py:3677} INFO - Setting next_dagrun for example_bash_operator to 2023-08-23T00:00:00+00:00, run_after=2023-08-24T00:00:00+00:00
[2023-08-24T15:26:59.662+0100] {processor.py:179} INFO - Processing /home/samuel/dev/airflow_learning/venv/lib/python3.10/site-packages/airflow/example_dags/example_bash_operator.py took 0.213 seconds
[2023-08-24T15:28:21.021+0100] {processor.py:157} INFO - Started process (PID=5700) to work on /home/samuel/dev/airflow_learning/venv/lib/python3.10/site-packages/airflow/example_dags/example_bash_operator.py
[2023-08-24T15:28:21.060+0100] {processor.py:829} INFO - Processing file /home/samuel/dev/airflow_learning/venv/lib/python3.10/site-packages/airflow/example_dags/example_bash_operator.py for tasks to queue
[2023-08-24T15:28:21.062+0100] {logging_mixin.py:151} INFO - [2023-08-24T15:28:21.062+0100] {dagbag.py:539} INFO - Filling up the DagBag from /home/samuel/dev/airflow_learning/venv/lib/python3.10/site-packages/airflow/example_dags/example_bash_operator.py
[2023-08-24T15:28:21.082+0100] {processor.py:839} INFO - DAG(s) dict_keys(['example_bash_operator']) retrieved from /home/samuel/dev/airflow_learning/venv/lib/python3.10/site-packages/airflow/example_dags/example_bash_operator.py
[2023-08-24T15:28:21.114+0100] {logging_mixin.py:151} INFO - [2023-08-24T15:28:21.114+0100] {dag.py:2907} INFO - Sync 1 DAGs
[2023-08-24T15:28:21.141+0100] {logging_mixin.py:151} INFO - [2023-08-24T15:28:21.141+0100] {dag.py:3677} INFO - Setting next_dagrun for example_bash_operator to 2023-08-23T00:00:00+00:00, run_after=2023-08-24T00:00:00+00:00
[2023-08-24T15:28:21.262+0100] {processor.py:179} INFO - Processing /home/samuel/dev/airflow_learning/venv/lib/python3.10/site-packages/airflow/example_dags/example_bash_operator.py took 0.246 seconds
[2023-08-24T15:29:41.687+0100] {processor.py:157} INFO - Started process (PID=5793) to work on /home/samuel/dev/airflow_learning/venv/lib/python3.10/site-packages/airflow/example_dags/example_bash_operator.py
[2023-08-24T15:29:41.722+0100] {processor.py:829} INFO - Processing file /home/samuel/dev/airflow_learning/venv/lib/python3.10/site-packages/airflow/example_dags/example_bash_operator.py for tasks to queue
[2023-08-24T15:29:41.724+0100] {logging_mixin.py:151} INFO - [2023-08-24T15:29:41.723+0100] {dagbag.py:539} INFO - Filling up the DagBag from /home/samuel/dev/airflow_learning/venv/lib/python3.10/site-packages/airflow/example_dags/example_bash_operator.py
[2023-08-24T15:29:41.738+0100] {processor.py:839} INFO - DAG(s) dict_keys(['example_bash_operator']) retrieved from /home/samuel/dev/airflow_learning/venv/lib/python3.10/site-packages/airflow/example_dags/example_bash_operator.py
[2023-08-24T15:29:41.770+0100] {logging_mixin.py:151} INFO - [2023-08-24T15:29:41.769+0100] {dag.py:2907} INFO - Sync 1 DAGs
[2023-08-24T15:29:41.792+0100] {logging_mixin.py:151} INFO - [2023-08-24T15:29:41.792+0100] {dag.py:3677} INFO - Setting next_dagrun for example_bash_operator to 2023-08-23T00:00:00+00:00, run_after=2023-08-24T00:00:00+00:00
[2023-08-24T15:29:41.901+0100] {processor.py:179} INFO - Processing /home/samuel/dev/airflow_learning/venv/lib/python3.10/site-packages/airflow/example_dags/example_bash_operator.py took 0.218 seconds
[2023-08-24T15:31:35.864+0100] {processor.py:157} INFO - Started process (PID=6040) to work on /home/samuel/dev/airflow_learning/venv/lib/python3.10/site-packages/airflow/example_dags/example_bash_operator.py
[2023-08-24T15:31:35.882+0100] {processor.py:829} INFO - Processing file /home/samuel/dev/airflow_learning/venv/lib/python3.10/site-packages/airflow/example_dags/example_bash_operator.py for tasks to queue
[2023-08-24T15:31:35.883+0100] {logging_mixin.py:151} INFO - [2023-08-24T15:31:35.883+0100] {dagbag.py:539} INFO - Filling up the DagBag from /home/samuel/dev/airflow_learning/venv/lib/python3.10/site-packages/airflow/example_dags/example_bash_operator.py
[2023-08-24T15:31:35.900+0100] {processor.py:839} INFO - DAG(s) dict_keys(['example_bash_operator']) retrieved from /home/samuel/dev/airflow_learning/venv/lib/python3.10/site-packages/airflow/example_dags/example_bash_operator.py
[2023-08-24T15:31:35.936+0100] {logging_mixin.py:151} INFO - [2023-08-24T15:31:35.936+0100] {dag.py:2907} INFO - Sync 1 DAGs
[2023-08-24T15:31:35.967+0100] {logging_mixin.py:151} INFO - [2023-08-24T15:31:35.967+0100] {dag.py:3677} INFO - Setting next_dagrun for example_bash_operator to 2023-08-23T00:00:00+00:00, run_after=2023-08-24T00:00:00+00:00
[2023-08-24T15:31:36.264+0100] {processor.py:179} INFO - Processing /home/samuel/dev/airflow_learning/venv/lib/python3.10/site-packages/airflow/example_dags/example_bash_operator.py took 0.404 seconds
[2023-08-24T15:32:33.342+0100] {processor.py:157} INFO - Started process (PID=6098) to work on /home/samuel/dev/airflow_learning/venv/lib/python3.10/site-packages/airflow/example_dags/example_bash_operator.py
[2023-08-24T15:32:33.387+0100] {processor.py:829} INFO - Processing file /home/samuel/dev/airflow_learning/venv/lib/python3.10/site-packages/airflow/example_dags/example_bash_operator.py for tasks to queue
[2023-08-24T15:32:33.389+0100] {logging_mixin.py:151} INFO - [2023-08-24T15:32:33.388+0100] {dagbag.py:539} INFO - Filling up the DagBag from /home/samuel/dev/airflow_learning/venv/lib/python3.10/site-packages/airflow/example_dags/example_bash_operator.py
[2023-08-24T15:32:33.403+0100] {processor.py:839} INFO - DAG(s) dict_keys(['example_bash_operator']) retrieved from /home/samuel/dev/airflow_learning/venv/lib/python3.10/site-packages/airflow/example_dags/example_bash_operator.py
[2023-08-24T15:32:33.435+0100] {logging_mixin.py:151} INFO - [2023-08-24T15:32:33.435+0100] {dag.py:2907} INFO - Sync 1 DAGs
[2023-08-24T15:32:33.458+0100] {logging_mixin.py:151} INFO - [2023-08-24T15:32:33.458+0100] {dag.py:3677} INFO - Setting next_dagrun for example_bash_operator to 2023-08-23T00:00:00+00:00, run_after=2023-08-24T00:00:00+00:00
[2023-08-24T15:32:33.582+0100] {processor.py:179} INFO - Processing /home/samuel/dev/airflow_learning/venv/lib/python3.10/site-packages/airflow/example_dags/example_bash_operator.py took 0.244 seconds
[2023-08-24T15:33:53.553+0100] {processor.py:157} INFO - Started process (PID=6191) to work on /home/samuel/dev/airflow_learning/venv/lib/python3.10/site-packages/airflow/example_dags/example_bash_operator.py
[2023-08-24T15:33:53.570+0100] {processor.py:829} INFO - Processing file /home/samuel/dev/airflow_learning/venv/lib/python3.10/site-packages/airflow/example_dags/example_bash_operator.py for tasks to queue
[2023-08-24T15:33:53.571+0100] {logging_mixin.py:151} INFO - [2023-08-24T15:33:53.571+0100] {dagbag.py:539} INFO - Filling up the DagBag from /home/samuel/dev/airflow_learning/venv/lib/python3.10/site-packages/airflow/example_dags/example_bash_operator.py
[2023-08-24T15:33:53.660+0100] {processor.py:839} INFO - DAG(s) dict_keys(['example_bash_operator']) retrieved from /home/samuel/dev/airflow_learning/venv/lib/python3.10/site-packages/airflow/example_dags/example_bash_operator.py
[2023-08-24T15:33:53.703+0100] {logging_mixin.py:151} INFO - [2023-08-24T15:33:53.703+0100] {dag.py:2907} INFO - Sync 1 DAGs
[2023-08-24T15:33:53.728+0100] {logging_mixin.py:151} INFO - [2023-08-24T15:33:53.728+0100] {dag.py:3677} INFO - Setting next_dagrun for example_bash_operator to 2023-08-23T00:00:00+00:00, run_after=2023-08-24T00:00:00+00:00
[2023-08-24T15:33:53.943+0100] {processor.py:179} INFO - Processing /home/samuel/dev/airflow_learning/venv/lib/python3.10/site-packages/airflow/example_dags/example_bash_operator.py took 0.393 seconds
[2023-08-24T15:35:01.796+0100] {processor.py:157} INFO - Started process (PID=6253) to work on /home/samuel/dev/airflow_learning/venv/lib/python3.10/site-packages/airflow/example_dags/example_bash_operator.py
[2023-08-24T15:35:01.798+0100] {processor.py:829} INFO - Processing file /home/samuel/dev/airflow_learning/venv/lib/python3.10/site-packages/airflow/example_dags/example_bash_operator.py for tasks to queue
[2023-08-24T15:35:01.799+0100] {logging_mixin.py:151} INFO - [2023-08-24T15:35:01.798+0100] {dagbag.py:539} INFO - Filling up the DagBag from /home/samuel/dev/airflow_learning/venv/lib/python3.10/site-packages/airflow/example_dags/example_bash_operator.py
[2023-08-24T15:35:01.812+0100] {processor.py:839} INFO - DAG(s) dict_keys(['example_bash_operator']) retrieved from /home/samuel/dev/airflow_learning/venv/lib/python3.10/site-packages/airflow/example_dags/example_bash_operator.py
[2023-08-24T15:35:01.839+0100] {logging_mixin.py:151} INFO - [2023-08-24T15:35:01.839+0100] {dag.py:2907} INFO - Sync 1 DAGs
[2023-08-24T15:35:01.859+0100] {logging_mixin.py:151} INFO - [2023-08-24T15:35:01.858+0100] {dag.py:3677} INFO - Setting next_dagrun for example_bash_operator to 2023-08-23T00:00:00+00:00, run_after=2023-08-24T00:00:00+00:00
[2023-08-24T15:35:01.978+0100] {processor.py:179} INFO - Processing /home/samuel/dev/airflow_learning/venv/lib/python3.10/site-packages/airflow/example_dags/example_bash_operator.py took 0.185 seconds
[2023-08-24T15:36:02.482+0100] {processor.py:157} INFO - Started process (PID=6323) to work on /home/samuel/dev/airflow_learning/venv/lib/python3.10/site-packages/airflow/example_dags/example_bash_operator.py
[2023-08-24T15:36:02.483+0100] {processor.py:829} INFO - Processing file /home/samuel/dev/airflow_learning/venv/lib/python3.10/site-packages/airflow/example_dags/example_bash_operator.py for tasks to queue
[2023-08-24T15:36:02.484+0100] {logging_mixin.py:151} INFO - [2023-08-24T15:36:02.484+0100] {dagbag.py:539} INFO - Filling up the DagBag from /home/samuel/dev/airflow_learning/venv/lib/python3.10/site-packages/airflow/example_dags/example_bash_operator.py
[2023-08-24T15:36:02.496+0100] {processor.py:839} INFO - DAG(s) dict_keys(['example_bash_operator']) retrieved from /home/samuel/dev/airflow_learning/venv/lib/python3.10/site-packages/airflow/example_dags/example_bash_operator.py
[2023-08-24T15:36:02.522+0100] {logging_mixin.py:151} INFO - [2023-08-24T15:36:02.521+0100] {dag.py:2907} INFO - Sync 1 DAGs
[2023-08-24T15:36:02.542+0100] {logging_mixin.py:151} INFO - [2023-08-24T15:36:02.542+0100] {dag.py:3677} INFO - Setting next_dagrun for example_bash_operator to 2023-08-23T00:00:00+00:00, run_after=2023-08-24T00:00:00+00:00
[2023-08-24T15:36:02.667+0100] {processor.py:179} INFO - Processing /home/samuel/dev/airflow_learning/venv/lib/python3.10/site-packages/airflow/example_dags/example_bash_operator.py took 0.190 seconds
[2023-08-24T15:37:36.247+0100] {processor.py:157} INFO - Started process (PID=6409) to work on /home/samuel/dev/airflow_learning/venv/lib/python3.10/site-packages/airflow/example_dags/example_bash_operator.py
[2023-08-24T15:37:36.269+0100] {processor.py:829} INFO - Processing file /home/samuel/dev/airflow_learning/venv/lib/python3.10/site-packages/airflow/example_dags/example_bash_operator.py for tasks to queue
[2023-08-24T15:37:36.270+0100] {logging_mixin.py:151} INFO - [2023-08-24T15:37:36.270+0100] {dagbag.py:539} INFO - Filling up the DagBag from /home/samuel/dev/airflow_learning/venv/lib/python3.10/site-packages/airflow/example_dags/example_bash_operator.py
[2023-08-24T15:37:36.285+0100] {processor.py:839} INFO - DAG(s) dict_keys(['example_bash_operator']) retrieved from /home/samuel/dev/airflow_learning/venv/lib/python3.10/site-packages/airflow/example_dags/example_bash_operator.py
[2023-08-24T15:37:36.316+0100] {logging_mixin.py:151} INFO - [2023-08-24T15:37:36.315+0100] {dag.py:2907} INFO - Sync 1 DAGs
[2023-08-24T15:37:36.338+0100] {logging_mixin.py:151} INFO - [2023-08-24T15:37:36.338+0100] {dag.py:3677} INFO - Setting next_dagrun for example_bash_operator to 2023-08-23T00:00:00+00:00, run_after=2023-08-24T00:00:00+00:00
[2023-08-24T15:37:36.448+0100] {processor.py:179} INFO - Processing /home/samuel/dev/airflow_learning/venv/lib/python3.10/site-packages/airflow/example_dags/example_bash_operator.py took 0.204 seconds
[2023-08-24T15:38:41.638+0100] {processor.py:157} INFO - Started process (PID=6472) to work on /home/samuel/dev/airflow_learning/venv/lib/python3.10/site-packages/airflow/example_dags/example_bash_operator.py
[2023-08-24T15:38:41.641+0100] {processor.py:829} INFO - Processing file /home/samuel/dev/airflow_learning/venv/lib/python3.10/site-packages/airflow/example_dags/example_bash_operator.py for tasks to queue
[2023-08-24T15:38:41.642+0100] {logging_mixin.py:151} INFO - [2023-08-24T15:38:41.642+0100] {dagbag.py:539} INFO - Filling up the DagBag from /home/samuel/dev/airflow_learning/venv/lib/python3.10/site-packages/airflow/example_dags/example_bash_operator.py
[2023-08-24T15:38:41.656+0100] {processor.py:839} INFO - DAG(s) dict_keys(['example_bash_operator']) retrieved from /home/samuel/dev/airflow_learning/venv/lib/python3.10/site-packages/airflow/example_dags/example_bash_operator.py
[2023-08-24T15:38:41.682+0100] {logging_mixin.py:151} INFO - [2023-08-24T15:38:41.681+0100] {dag.py:2907} INFO - Sync 1 DAGs
[2023-08-24T15:38:41.703+0100] {logging_mixin.py:151} INFO - [2023-08-24T15:38:41.702+0100] {dag.py:3677} INFO - Setting next_dagrun for example_bash_operator to 2023-08-23T00:00:00+00:00, run_after=2023-08-24T00:00:00+00:00
[2023-08-24T15:38:41.838+0100] {processor.py:179} INFO - Processing /home/samuel/dev/airflow_learning/venv/lib/python3.10/site-packages/airflow/example_dags/example_bash_operator.py took 0.204 seconds
[2023-08-24T15:40:07.334+0100] {processor.py:157} INFO - Started process (PID=6572) to work on /home/samuel/dev/airflow_learning/venv/lib/python3.10/site-packages/airflow/example_dags/example_bash_operator.py
[2023-08-24T15:40:07.361+0100] {processor.py:829} INFO - Processing file /home/samuel/dev/airflow_learning/venv/lib/python3.10/site-packages/airflow/example_dags/example_bash_operator.py for tasks to queue
[2023-08-24T15:40:07.362+0100] {logging_mixin.py:151} INFO - [2023-08-24T15:40:07.362+0100] {dagbag.py:539} INFO - Filling up the DagBag from /home/samuel/dev/airflow_learning/venv/lib/python3.10/site-packages/airflow/example_dags/example_bash_operator.py
[2023-08-24T15:40:07.376+0100] {processor.py:839} INFO - DAG(s) dict_keys(['example_bash_operator']) retrieved from /home/samuel/dev/airflow_learning/venv/lib/python3.10/site-packages/airflow/example_dags/example_bash_operator.py
[2023-08-24T15:40:07.404+0100] {logging_mixin.py:151} INFO - [2023-08-24T15:40:07.404+0100] {dag.py:2907} INFO - Sync 1 DAGs
[2023-08-24T15:40:07.426+0100] {logging_mixin.py:151} INFO - [2023-08-24T15:40:07.426+0100] {dag.py:3677} INFO - Setting next_dagrun for example_bash_operator to 2023-08-23T00:00:00+00:00, run_after=2023-08-24T00:00:00+00:00
[2023-08-24T15:40:07.549+0100] {processor.py:179} INFO - Processing /home/samuel/dev/airflow_learning/venv/lib/python3.10/site-packages/airflow/example_dags/example_bash_operator.py took 0.220 seconds
[2023-08-24T15:41:08.941+0100] {processor.py:157} INFO - Started process (PID=6636) to work on /home/samuel/dev/airflow_learning/venv/lib/python3.10/site-packages/airflow/example_dags/example_bash_operator.py
[2023-08-24T15:41:08.967+0100] {processor.py:829} INFO - Processing file /home/samuel/dev/airflow_learning/venv/lib/python3.10/site-packages/airflow/example_dags/example_bash_operator.py for tasks to queue
[2023-08-24T15:41:08.968+0100] {logging_mixin.py:151} INFO - [2023-08-24T15:41:08.968+0100] {dagbag.py:539} INFO - Filling up the DagBag from /home/samuel/dev/airflow_learning/venv/lib/python3.10/site-packages/airflow/example_dags/example_bash_operator.py
[2023-08-24T15:41:08.981+0100] {processor.py:839} INFO - DAG(s) dict_keys(['example_bash_operator']) retrieved from /home/samuel/dev/airflow_learning/venv/lib/python3.10/site-packages/airflow/example_dags/example_bash_operator.py
[2023-08-24T15:41:09.006+0100] {logging_mixin.py:151} INFO - [2023-08-24T15:41:09.006+0100] {dag.py:2907} INFO - Sync 1 DAGs
[2023-08-24T15:41:09.027+0100] {logging_mixin.py:151} INFO - [2023-08-24T15:41:09.027+0100] {dag.py:3677} INFO - Setting next_dagrun for example_bash_operator to 2023-08-23T00:00:00+00:00, run_after=2023-08-24T00:00:00+00:00
[2023-08-24T15:41:09.146+0100] {processor.py:179} INFO - Processing /home/samuel/dev/airflow_learning/venv/lib/python3.10/site-packages/airflow/example_dags/example_bash_operator.py took 0.209 seconds
[2023-08-24T15:42:25.038+0100] {processor.py:157} INFO - Started process (PID=6767) to work on /home/samuel/dev/airflow_learning/venv/lib/python3.10/site-packages/airflow/example_dags/example_bash_operator.py
[2023-08-24T15:42:25.073+0100] {processor.py:829} INFO - Processing file /home/samuel/dev/airflow_learning/venv/lib/python3.10/site-packages/airflow/example_dags/example_bash_operator.py for tasks to queue
[2023-08-24T15:42:25.075+0100] {logging_mixin.py:151} INFO - [2023-08-24T15:42:25.074+0100] {dagbag.py:539} INFO - Filling up the DagBag from /home/samuel/dev/airflow_learning/venv/lib/python3.10/site-packages/airflow/example_dags/example_bash_operator.py
[2023-08-24T15:42:25.089+0100] {processor.py:839} INFO - DAG(s) dict_keys(['example_bash_operator']) retrieved from /home/samuel/dev/airflow_learning/venv/lib/python3.10/site-packages/airflow/example_dags/example_bash_operator.py
[2023-08-24T15:42:25.120+0100] {logging_mixin.py:151} INFO - [2023-08-24T15:42:25.120+0100] {dag.py:2907} INFO - Sync 1 DAGs
[2023-08-24T15:42:25.142+0100] {logging_mixin.py:151} INFO - [2023-08-24T15:42:25.142+0100] {dag.py:3677} INFO - Setting next_dagrun for example_bash_operator to 2023-08-23T00:00:00+00:00, run_after=2023-08-24T00:00:00+00:00
[2023-08-24T15:42:25.259+0100] {processor.py:179} INFO - Processing /home/samuel/dev/airflow_learning/venv/lib/python3.10/site-packages/airflow/example_dags/example_bash_operator.py took 0.225 seconds
[2023-08-24T15:43:47.473+0100] {processor.py:157} INFO - Started process (PID=6847) to work on /home/samuel/dev/airflow_learning/venv/lib/python3.10/site-packages/airflow/example_dags/example_bash_operator.py
[2023-08-24T15:43:47.503+0100] {processor.py:829} INFO - Processing file /home/samuel/dev/airflow_learning/venv/lib/python3.10/site-packages/airflow/example_dags/example_bash_operator.py for tasks to queue
[2023-08-24T15:43:47.504+0100] {logging_mixin.py:151} INFO - [2023-08-24T15:43:47.504+0100] {dagbag.py:539} INFO - Filling up the DagBag from /home/samuel/dev/airflow_learning/venv/lib/python3.10/site-packages/airflow/example_dags/example_bash_operator.py
[2023-08-24T15:43:47.518+0100] {processor.py:839} INFO - DAG(s) dict_keys(['example_bash_operator']) retrieved from /home/samuel/dev/airflow_learning/venv/lib/python3.10/site-packages/airflow/example_dags/example_bash_operator.py
[2023-08-24T15:43:47.550+0100] {logging_mixin.py:151} INFO - [2023-08-24T15:43:47.550+0100] {dag.py:2907} INFO - Sync 1 DAGs
[2023-08-24T15:43:47.571+0100] {logging_mixin.py:151} INFO - [2023-08-24T15:43:47.571+0100] {dag.py:3677} INFO - Setting next_dagrun for example_bash_operator to 2023-08-23T00:00:00+00:00, run_after=2023-08-24T00:00:00+00:00
[2023-08-24T15:43:47.687+0100] {processor.py:179} INFO - Processing /home/samuel/dev/airflow_learning/venv/lib/python3.10/site-packages/airflow/example_dags/example_bash_operator.py took 0.217 seconds
[2023-08-24T15:45:03.502+0100] {processor.py:157} INFO - Started process (PID=6918) to work on /home/samuel/dev/airflow_learning/venv/lib/python3.10/site-packages/airflow/example_dags/example_bash_operator.py
[2023-08-24T15:45:03.505+0100] {processor.py:829} INFO - Processing file /home/samuel/dev/airflow_learning/venv/lib/python3.10/site-packages/airflow/example_dags/example_bash_operator.py for tasks to queue
[2023-08-24T15:45:03.506+0100] {logging_mixin.py:151} INFO - [2023-08-24T15:45:03.506+0100] {dagbag.py:539} INFO - Filling up the DagBag from /home/samuel/dev/airflow_learning/venv/lib/python3.10/site-packages/airflow/example_dags/example_bash_operator.py
[2023-08-24T15:45:03.520+0100] {processor.py:839} INFO - DAG(s) dict_keys(['example_bash_operator']) retrieved from /home/samuel/dev/airflow_learning/venv/lib/python3.10/site-packages/airflow/example_dags/example_bash_operator.py
[2023-08-24T15:45:03.547+0100] {logging_mixin.py:151} INFO - [2023-08-24T15:45:03.546+0100] {dag.py:2907} INFO - Sync 1 DAGs
[2023-08-24T15:45:03.567+0100] {logging_mixin.py:151} INFO - [2023-08-24T15:45:03.567+0100] {dag.py:3677} INFO - Setting next_dagrun for example_bash_operator to 2023-08-23T00:00:00+00:00, run_after=2023-08-24T00:00:00+00:00
[2023-08-24T15:45:03.697+0100] {processor.py:179} INFO - Processing /home/samuel/dev/airflow_learning/venv/lib/python3.10/site-packages/airflow/example_dags/example_bash_operator.py took 0.199 seconds
[2023-08-24T15:46:22.205+0100] {processor.py:157} INFO - Started process (PID=6997) to work on /home/samuel/dev/airflow_learning/venv/lib/python3.10/site-packages/airflow/example_dags/example_bash_operator.py
[2023-08-24T15:46:22.236+0100] {processor.py:829} INFO - Processing file /home/samuel/dev/airflow_learning/venv/lib/python3.10/site-packages/airflow/example_dags/example_bash_operator.py for tasks to queue
[2023-08-24T15:46:22.237+0100] {logging_mixin.py:151} INFO - [2023-08-24T15:46:22.237+0100] {dagbag.py:539} INFO - Filling up the DagBag from /home/samuel/dev/airflow_learning/venv/lib/python3.10/site-packages/airflow/example_dags/example_bash_operator.py
[2023-08-24T15:46:22.251+0100] {processor.py:839} INFO - DAG(s) dict_keys(['example_bash_operator']) retrieved from /home/samuel/dev/airflow_learning/venv/lib/python3.10/site-packages/airflow/example_dags/example_bash_operator.py
[2023-08-24T15:46:22.282+0100] {logging_mixin.py:151} INFO - [2023-08-24T15:46:22.282+0100] {dag.py:2907} INFO - Sync 1 DAGs
[2023-08-24T15:46:22.303+0100] {logging_mixin.py:151} INFO - [2023-08-24T15:46:22.303+0100] {dag.py:3677} INFO - Setting next_dagrun for example_bash_operator to 2023-08-23T00:00:00+00:00, run_after=2023-08-24T00:00:00+00:00
[2023-08-24T15:46:22.413+0100] {processor.py:179} INFO - Processing /home/samuel/dev/airflow_learning/venv/lib/python3.10/site-packages/airflow/example_dags/example_bash_operator.py took 0.212 seconds
[2023-08-24T15:47:17.002+0100] {processor.py:157} INFO - Started process (PID=7047) to work on /home/samuel/dev/airflow_learning/venv/lib/python3.10/site-packages/airflow/example_dags/example_bash_operator.py
[2023-08-24T15:47:17.030+0100] {processor.py:829} INFO - Processing file /home/samuel/dev/airflow_learning/venv/lib/python3.10/site-packages/airflow/example_dags/example_bash_operator.py for tasks to queue
[2023-08-24T15:47:17.031+0100] {logging_mixin.py:151} INFO - [2023-08-24T15:47:17.030+0100] {dagbag.py:539} INFO - Filling up the DagBag from /home/samuel/dev/airflow_learning/venv/lib/python3.10/site-packages/airflow/example_dags/example_bash_operator.py
[2023-08-24T15:47:17.046+0100] {processor.py:839} INFO - DAG(s) dict_keys(['example_bash_operator']) retrieved from /home/samuel/dev/airflow_learning/venv/lib/python3.10/site-packages/airflow/example_dags/example_bash_operator.py
[2023-08-24T15:47:17.076+0100] {logging_mixin.py:151} INFO - [2023-08-24T15:47:17.076+0100] {dag.py:2907} INFO - Sync 1 DAGs
[2023-08-24T15:47:17.098+0100] {logging_mixin.py:151} INFO - [2023-08-24T15:47:17.098+0100] {dag.py:3677} INFO - Setting next_dagrun for example_bash_operator to 2023-08-23T00:00:00+00:00, run_after=2023-08-24T00:00:00+00:00
[2023-08-24T15:47:17.196+0100] {processor.py:179} INFO - Processing /home/samuel/dev/airflow_learning/venv/lib/python3.10/site-packages/airflow/example_dags/example_bash_operator.py took 0.197 seconds
[2023-08-24T15:48:37.631+0100] {processor.py:157} INFO - Started process (PID=7138) to work on /home/samuel/dev/airflow_learning/venv/lib/python3.10/site-packages/airflow/example_dags/example_bash_operator.py
[2023-08-24T15:48:37.654+0100] {processor.py:829} INFO - Processing file /home/samuel/dev/airflow_learning/venv/lib/python3.10/site-packages/airflow/example_dags/example_bash_operator.py for tasks to queue
[2023-08-24T15:48:37.655+0100] {logging_mixin.py:151} INFO - [2023-08-24T15:48:37.654+0100] {dagbag.py:539} INFO - Filling up the DagBag from /home/samuel/dev/airflow_learning/venv/lib/python3.10/site-packages/airflow/example_dags/example_bash_operator.py
[2023-08-24T15:48:37.669+0100] {processor.py:839} INFO - DAG(s) dict_keys(['example_bash_operator']) retrieved from /home/samuel/dev/airflow_learning/venv/lib/python3.10/site-packages/airflow/example_dags/example_bash_operator.py
[2023-08-24T15:48:37.697+0100] {logging_mixin.py:151} INFO - [2023-08-24T15:48:37.697+0100] {dag.py:2907} INFO - Sync 1 DAGs
[2023-08-24T15:48:37.717+0100] {logging_mixin.py:151} INFO - [2023-08-24T15:48:37.716+0100] {dag.py:3677} INFO - Setting next_dagrun for example_bash_operator to 2023-08-23T00:00:00+00:00, run_after=2023-08-24T00:00:00+00:00
[2023-08-24T15:48:37.839+0100] {processor.py:179} INFO - Processing /home/samuel/dev/airflow_learning/venv/lib/python3.10/site-packages/airflow/example_dags/example_bash_operator.py took 0.212 seconds
[2023-08-24T15:49:51.313+0100] {processor.py:157} INFO - Started process (PID=7212) to work on /home/samuel/dev/airflow_learning/venv/lib/python3.10/site-packages/airflow/example_dags/example_bash_operator.py
[2023-08-24T15:49:51.315+0100] {processor.py:829} INFO - Processing file /home/samuel/dev/airflow_learning/venv/lib/python3.10/site-packages/airflow/example_dags/example_bash_operator.py for tasks to queue
[2023-08-24T15:49:51.316+0100] {logging_mixin.py:151} INFO - [2023-08-24T15:49:51.316+0100] {dagbag.py:539} INFO - Filling up the DagBag from /home/samuel/dev/airflow_learning/venv/lib/python3.10/site-packages/airflow/example_dags/example_bash_operator.py
[2023-08-24T15:49:51.328+0100] {processor.py:839} INFO - DAG(s) dict_keys(['example_bash_operator']) retrieved from /home/samuel/dev/airflow_learning/venv/lib/python3.10/site-packages/airflow/example_dags/example_bash_operator.py
[2023-08-24T15:49:51.352+0100] {logging_mixin.py:151} INFO - [2023-08-24T15:49:51.352+0100] {dag.py:2907} INFO - Sync 1 DAGs
[2023-08-24T15:49:51.372+0100] {logging_mixin.py:151} INFO - [2023-08-24T15:49:51.372+0100] {dag.py:3677} INFO - Setting next_dagrun for example_bash_operator to 2023-08-23T00:00:00+00:00, run_after=2023-08-24T00:00:00+00:00
[2023-08-24T15:49:51.508+0100] {processor.py:179} INFO - Processing /home/samuel/dev/airflow_learning/venv/lib/python3.10/site-packages/airflow/example_dags/example_bash_operator.py took 0.199 seconds
[2023-08-24T15:51:09.205+0100] {processor.py:157} INFO - Started process (PID=7281) to work on /home/samuel/dev/airflow_learning/venv/lib/python3.10/site-packages/airflow/example_dags/example_bash_operator.py
[2023-08-24T15:51:09.233+0100] {processor.py:829} INFO - Processing file /home/samuel/dev/airflow_learning/venv/lib/python3.10/site-packages/airflow/example_dags/example_bash_operator.py for tasks to queue
[2023-08-24T15:51:09.234+0100] {logging_mixin.py:151} INFO - [2023-08-24T15:51:09.234+0100] {dagbag.py:539} INFO - Filling up the DagBag from /home/samuel/dev/airflow_learning/venv/lib/python3.10/site-packages/airflow/example_dags/example_bash_operator.py
[2023-08-24T15:51:09.249+0100] {processor.py:839} INFO - DAG(s) dict_keys(['example_bash_operator']) retrieved from /home/samuel/dev/airflow_learning/venv/lib/python3.10/site-packages/airflow/example_dags/example_bash_operator.py
[2023-08-24T15:51:09.279+0100] {logging_mixin.py:151} INFO - [2023-08-24T15:51:09.278+0100] {dag.py:2907} INFO - Sync 1 DAGs
[2023-08-24T15:51:09.301+0100] {logging_mixin.py:151} INFO - [2023-08-24T15:51:09.300+0100] {dag.py:3677} INFO - Setting next_dagrun for example_bash_operator to 2023-08-23T00:00:00+00:00, run_after=2023-08-24T00:00:00+00:00
[2023-08-24T15:51:09.403+0100] {processor.py:179} INFO - Processing /home/samuel/dev/airflow_learning/venv/lib/python3.10/site-packages/airflow/example_dags/example_bash_operator.py took 0.201 seconds
[2023-08-24T15:52:23.794+0100] {processor.py:157} INFO - Started process (PID=7365) to work on /home/samuel/dev/airflow_learning/venv/lib/python3.10/site-packages/airflow/example_dags/example_bash_operator.py
[2023-08-24T15:52:23.805+0100] {processor.py:829} INFO - Processing file /home/samuel/dev/airflow_learning/venv/lib/python3.10/site-packages/airflow/example_dags/example_bash_operator.py for tasks to queue
[2023-08-24T15:52:23.806+0100] {logging_mixin.py:151} INFO - [2023-08-24T15:52:23.806+0100] {dagbag.py:539} INFO - Filling up the DagBag from /home/samuel/dev/airflow_learning/venv/lib/python3.10/site-packages/airflow/example_dags/example_bash_operator.py
[2023-08-24T15:52:23.821+0100] {processor.py:839} INFO - DAG(s) dict_keys(['example_bash_operator']) retrieved from /home/samuel/dev/airflow_learning/venv/lib/python3.10/site-packages/airflow/example_dags/example_bash_operator.py
[2023-08-24T15:52:23.850+0100] {logging_mixin.py:151} INFO - [2023-08-24T15:52:23.850+0100] {dag.py:2907} INFO - Sync 1 DAGs
[2023-08-24T15:52:23.871+0100] {logging_mixin.py:151} INFO - [2023-08-24T15:52:23.871+0100] {dag.py:3677} INFO - Setting next_dagrun for example_bash_operator to 2023-08-23T00:00:00+00:00, run_after=2023-08-24T00:00:00+00:00
[2023-08-24T15:52:23.993+0100] {processor.py:179} INFO - Processing /home/samuel/dev/airflow_learning/venv/lib/python3.10/site-packages/airflow/example_dags/example_bash_operator.py took 0.203 seconds
[2023-08-24T15:53:41.598+0100] {processor.py:157} INFO - Started process (PID=7506) to work on /home/samuel/dev/airflow_learning/venv/lib/python3.10/site-packages/airflow/example_dags/example_bash_operator.py
[2023-08-24T15:53:41.600+0100] {processor.py:829} INFO - Processing file /home/samuel/dev/airflow_learning/venv/lib/python3.10/site-packages/airflow/example_dags/example_bash_operator.py for tasks to queue
[2023-08-24T15:53:41.601+0100] {logging_mixin.py:151} INFO - [2023-08-24T15:53:41.600+0100] {dagbag.py:539} INFO - Filling up the DagBag from /home/samuel/dev/airflow_learning/venv/lib/python3.10/site-packages/airflow/example_dags/example_bash_operator.py
[2023-08-24T15:53:41.615+0100] {processor.py:839} INFO - DAG(s) dict_keys(['example_bash_operator']) retrieved from /home/samuel/dev/airflow_learning/venv/lib/python3.10/site-packages/airflow/example_dags/example_bash_operator.py
[2023-08-24T15:53:41.642+0100] {logging_mixin.py:151} INFO - [2023-08-24T15:53:41.642+0100] {dag.py:2907} INFO - Sync 1 DAGs
[2023-08-24T15:53:41.663+0100] {logging_mixin.py:151} INFO - [2023-08-24T15:53:41.663+0100] {dag.py:3677} INFO - Setting next_dagrun for example_bash_operator to 2023-08-23T00:00:00+00:00, run_after=2023-08-24T00:00:00+00:00
[2023-08-24T15:53:41.773+0100] {processor.py:179} INFO - Processing /home/samuel/dev/airflow_learning/venv/lib/python3.10/site-packages/airflow/example_dags/example_bash_operator.py took 0.178 seconds
[2023-08-24T15:54:49.874+0100] {processor.py:157} INFO - Started process (PID=7597) to work on /home/samuel/dev/airflow_learning/venv/lib/python3.10/site-packages/airflow/example_dags/example_bash_operator.py
[2023-08-24T15:54:49.896+0100] {processor.py:829} INFO - Processing file /home/samuel/dev/airflow_learning/venv/lib/python3.10/site-packages/airflow/example_dags/example_bash_operator.py for tasks to queue
[2023-08-24T15:54:49.897+0100] {logging_mixin.py:151} INFO - [2023-08-24T15:54:49.897+0100] {dagbag.py:539} INFO - Filling up the DagBag from /home/samuel/dev/airflow_learning/venv/lib/python3.10/site-packages/airflow/example_dags/example_bash_operator.py
[2023-08-24T15:54:49.913+0100] {processor.py:839} INFO - DAG(s) dict_keys(['example_bash_operator']) retrieved from /home/samuel/dev/airflow_learning/venv/lib/python3.10/site-packages/airflow/example_dags/example_bash_operator.py
[2023-08-24T15:54:49.942+0100] {logging_mixin.py:151} INFO - [2023-08-24T15:54:49.942+0100] {dag.py:2907} INFO - Sync 1 DAGs
[2023-08-24T15:54:49.964+0100] {logging_mixin.py:151} INFO - [2023-08-24T15:54:49.964+0100] {dag.py:3677} INFO - Setting next_dagrun for example_bash_operator to 2023-08-23T00:00:00+00:00, run_after=2023-08-24T00:00:00+00:00
[2023-08-24T15:54:50.084+0100] {processor.py:179} INFO - Processing /home/samuel/dev/airflow_learning/venv/lib/python3.10/site-packages/airflow/example_dags/example_bash_operator.py took 0.213 seconds
[2023-08-24T15:56:13.627+0100] {processor.py:157} INFO - Started process (PID=7782) to work on /home/samuel/dev/airflow_learning/venv/lib/python3.10/site-packages/airflow/example_dags/example_bash_operator.py
[2023-08-24T15:56:13.670+0100] {processor.py:829} INFO - Processing file /home/samuel/dev/airflow_learning/venv/lib/python3.10/site-packages/airflow/example_dags/example_bash_operator.py for tasks to queue
[2023-08-24T15:56:13.671+0100] {logging_mixin.py:151} INFO - [2023-08-24T15:56:13.671+0100] {dagbag.py:539} INFO - Filling up the DagBag from /home/samuel/dev/airflow_learning/venv/lib/python3.10/site-packages/airflow/example_dags/example_bash_operator.py
[2023-08-24T15:56:13.686+0100] {processor.py:839} INFO - DAG(s) dict_keys(['example_bash_operator']) retrieved from /home/samuel/dev/airflow_learning/venv/lib/python3.10/site-packages/airflow/example_dags/example_bash_operator.py
[2023-08-24T15:56:13.718+0100] {logging_mixin.py:151} INFO - [2023-08-24T15:56:13.718+0100] {dag.py:2907} INFO - Sync 1 DAGs
[2023-08-24T15:56:13.743+0100] {logging_mixin.py:151} INFO - [2023-08-24T15:56:13.743+0100] {dag.py:3677} INFO - Setting next_dagrun for example_bash_operator to 2023-08-23T00:00:00+00:00, run_after=2023-08-24T00:00:00+00:00
[2023-08-24T15:56:13.875+0100] {processor.py:179} INFO - Processing /home/samuel/dev/airflow_learning/venv/lib/python3.10/site-packages/airflow/example_dags/example_bash_operator.py took 0.252 seconds
[2023-08-24T15:57:28.655+0100] {processor.py:157} INFO - Started process (PID=7884) to work on /home/samuel/dev/airflow_learning/venv/lib/python3.10/site-packages/airflow/example_dags/example_bash_operator.py
[2023-08-24T15:57:28.661+0100] {processor.py:829} INFO - Processing file /home/samuel/dev/airflow_learning/venv/lib/python3.10/site-packages/airflow/example_dags/example_bash_operator.py for tasks to queue
[2023-08-24T15:57:28.662+0100] {logging_mixin.py:151} INFO - [2023-08-24T15:57:28.662+0100] {dagbag.py:539} INFO - Filling up the DagBag from /home/samuel/dev/airflow_learning/venv/lib/python3.10/site-packages/airflow/example_dags/example_bash_operator.py
[2023-08-24T15:57:28.676+0100] {processor.py:839} INFO - DAG(s) dict_keys(['example_bash_operator']) retrieved from /home/samuel/dev/airflow_learning/venv/lib/python3.10/site-packages/airflow/example_dags/example_bash_operator.py
[2023-08-24T15:57:28.704+0100] {logging_mixin.py:151} INFO - [2023-08-24T15:57:28.703+0100] {dag.py:2907} INFO - Sync 1 DAGs
[2023-08-24T15:57:28.724+0100] {logging_mixin.py:151} INFO - [2023-08-24T15:57:28.724+0100] {dag.py:3677} INFO - Setting next_dagrun for example_bash_operator to 2023-08-23T00:00:00+00:00, run_after=2023-08-24T00:00:00+00:00
[2023-08-24T15:57:28.850+0100] {processor.py:179} INFO - Processing /home/samuel/dev/airflow_learning/venv/lib/python3.10/site-packages/airflow/example_dags/example_bash_operator.py took 0.199 seconds
[2023-08-24T15:58:46.161+0100] {processor.py:157} INFO - Started process (PID=7968) to work on /home/samuel/dev/airflow_learning/venv/lib/python3.10/site-packages/airflow/example_dags/example_bash_operator.py
[2023-08-24T15:58:46.163+0100] {processor.py:829} INFO - Processing file /home/samuel/dev/airflow_learning/venv/lib/python3.10/site-packages/airflow/example_dags/example_bash_operator.py for tasks to queue
[2023-08-24T15:58:46.163+0100] {logging_mixin.py:151} INFO - [2023-08-24T15:58:46.163+0100] {dagbag.py:539} INFO - Filling up the DagBag from /home/samuel/dev/airflow_learning/venv/lib/python3.10/site-packages/airflow/example_dags/example_bash_operator.py
[2023-08-24T15:58:46.174+0100] {processor.py:839} INFO - DAG(s) dict_keys(['example_bash_operator']) retrieved from /home/samuel/dev/airflow_learning/venv/lib/python3.10/site-packages/airflow/example_dags/example_bash_operator.py
[2023-08-24T15:58:46.198+0100] {logging_mixin.py:151} INFO - [2023-08-24T15:58:46.198+0100] {dag.py:2907} INFO - Sync 1 DAGs
[2023-08-24T15:58:46.219+0100] {logging_mixin.py:151} INFO - [2023-08-24T15:58:46.219+0100] {dag.py:3677} INFO - Setting next_dagrun for example_bash_operator to 2023-08-23T00:00:00+00:00, run_after=2023-08-24T00:00:00+00:00
[2023-08-24T15:58:46.366+0100] {processor.py:179} INFO - Processing /home/samuel/dev/airflow_learning/venv/lib/python3.10/site-packages/airflow/example_dags/example_bash_operator.py took 0.208 seconds
[2023-08-24T15:59:43.589+0100] {processor.py:157} INFO - Started process (PID=8154) to work on /home/samuel/dev/airflow_learning/venv/lib/python3.10/site-packages/airflow/example_dags/example_bash_operator.py
[2023-08-24T15:59:43.609+0100] {processor.py:829} INFO - Processing file /home/samuel/dev/airflow_learning/venv/lib/python3.10/site-packages/airflow/example_dags/example_bash_operator.py for tasks to queue
[2023-08-24T15:59:43.610+0100] {logging_mixin.py:151} INFO - [2023-08-24T15:59:43.610+0100] {dagbag.py:539} INFO - Filling up the DagBag from /home/samuel/dev/airflow_learning/venv/lib/python3.10/site-packages/airflow/example_dags/example_bash_operator.py
[2023-08-24T15:59:43.621+0100] {processor.py:839} INFO - DAG(s) dict_keys(['example_bash_operator']) retrieved from /home/samuel/dev/airflow_learning/venv/lib/python3.10/site-packages/airflow/example_dags/example_bash_operator.py
[2023-08-24T15:59:43.652+0100] {logging_mixin.py:151} INFO - [2023-08-24T15:59:43.651+0100] {dag.py:2907} INFO - Sync 1 DAGs
[2023-08-24T15:59:43.674+0100] {logging_mixin.py:151} INFO - [2023-08-24T15:59:43.673+0100] {dag.py:3677} INFO - Setting next_dagrun for example_bash_operator to 2023-08-23T00:00:00+00:00, run_after=2023-08-24T00:00:00+00:00
[2023-08-24T15:59:43.929+0100] {processor.py:179} INFO - Processing /home/samuel/dev/airflow_learning/venv/lib/python3.10/site-packages/airflow/example_dags/example_bash_operator.py took 0.343 seconds
[2023-08-24T16:00:41.233+0100] {processor.py:157} INFO - Started process (PID=8307) to work on /home/samuel/dev/airflow_learning/venv/lib/python3.10/site-packages/airflow/example_dags/example_bash_operator.py
[2023-08-24T16:00:41.234+0100] {processor.py:829} INFO - Processing file /home/samuel/dev/airflow_learning/venv/lib/python3.10/site-packages/airflow/example_dags/example_bash_operator.py for tasks to queue
[2023-08-24T16:00:41.235+0100] {logging_mixin.py:151} INFO - [2023-08-24T16:00:41.235+0100] {dagbag.py:539} INFO - Filling up the DagBag from /home/samuel/dev/airflow_learning/venv/lib/python3.10/site-packages/airflow/example_dags/example_bash_operator.py
[2023-08-24T16:00:41.250+0100] {processor.py:839} INFO - DAG(s) dict_keys(['example_bash_operator']) retrieved from /home/samuel/dev/airflow_learning/venv/lib/python3.10/site-packages/airflow/example_dags/example_bash_operator.py
[2023-08-24T16:00:41.277+0100] {logging_mixin.py:151} INFO - [2023-08-24T16:00:41.276+0100] {dag.py:2907} INFO - Sync 1 DAGs
[2023-08-24T16:00:41.297+0100] {logging_mixin.py:151} INFO - [2023-08-24T16:00:41.297+0100] {dag.py:3677} INFO - Setting next_dagrun for example_bash_operator to 2023-08-23T00:00:00+00:00, run_after=2023-08-24T00:00:00+00:00
[2023-08-24T16:00:41.453+0100] {processor.py:179} INFO - Processing /home/samuel/dev/airflow_learning/venv/lib/python3.10/site-packages/airflow/example_dags/example_bash_operator.py took 0.224 seconds
[2023-08-24T16:02:02.601+0100] {processor.py:157} INFO - Started process (PID=8426) to work on /home/samuel/dev/airflow_learning/venv/lib/python3.10/site-packages/airflow/example_dags/example_bash_operator.py
[2023-08-24T16:02:02.647+0100] {processor.py:829} INFO - Processing file /home/samuel/dev/airflow_learning/venv/lib/python3.10/site-packages/airflow/example_dags/example_bash_operator.py for tasks to queue
[2023-08-24T16:02:02.648+0100] {logging_mixin.py:151} INFO - [2023-08-24T16:02:02.648+0100] {dagbag.py:539} INFO - Filling up the DagBag from /home/samuel/dev/airflow_learning/venv/lib/python3.10/site-packages/airflow/example_dags/example_bash_operator.py
[2023-08-24T16:02:02.660+0100] {processor.py:839} INFO - DAG(s) dict_keys(['example_bash_operator']) retrieved from /home/samuel/dev/airflow_learning/venv/lib/python3.10/site-packages/airflow/example_dags/example_bash_operator.py
[2023-08-24T16:02:02.686+0100] {logging_mixin.py:151} INFO - [2023-08-24T16:02:02.686+0100] {dag.py:2907} INFO - Sync 1 DAGs
[2023-08-24T16:02:02.710+0100] {logging_mixin.py:151} INFO - [2023-08-24T16:02:02.709+0100] {dag.py:3677} INFO - Setting next_dagrun for example_bash_operator to 2023-08-23T00:00:00+00:00, run_after=2023-08-24T00:00:00+00:00
[2023-08-24T16:02:02.820+0100] {processor.py:179} INFO - Processing /home/samuel/dev/airflow_learning/venv/lib/python3.10/site-packages/airflow/example_dags/example_bash_operator.py took 0.223 seconds
[2023-08-24T16:03:19.887+0100] {processor.py:157} INFO - Started process (PID=8528) to work on /home/samuel/dev/airflow_learning/venv/lib/python3.10/site-packages/airflow/example_dags/example_bash_operator.py
[2023-08-24T16:03:19.890+0100] {processor.py:829} INFO - Processing file /home/samuel/dev/airflow_learning/venv/lib/python3.10/site-packages/airflow/example_dags/example_bash_operator.py for tasks to queue
[2023-08-24T16:03:19.891+0100] {logging_mixin.py:151} INFO - [2023-08-24T16:03:19.890+0100] {dagbag.py:539} INFO - Filling up the DagBag from /home/samuel/dev/airflow_learning/venv/lib/python3.10/site-packages/airflow/example_dags/example_bash_operator.py
[2023-08-24T16:03:19.905+0100] {processor.py:839} INFO - DAG(s) dict_keys(['example_bash_operator']) retrieved from /home/samuel/dev/airflow_learning/venv/lib/python3.10/site-packages/airflow/example_dags/example_bash_operator.py
[2023-08-24T16:03:19.935+0100] {logging_mixin.py:151} INFO - [2023-08-24T16:03:19.935+0100] {dag.py:2907} INFO - Sync 1 DAGs
[2023-08-24T16:03:19.960+0100] {logging_mixin.py:151} INFO - [2023-08-24T16:03:19.960+0100] {dag.py:3677} INFO - Setting next_dagrun for example_bash_operator to 2023-08-23T00:00:00+00:00, run_after=2023-08-24T00:00:00+00:00
[2023-08-24T16:03:20.075+0100] {processor.py:179} INFO - Processing /home/samuel/dev/airflow_learning/venv/lib/python3.10/site-packages/airflow/example_dags/example_bash_operator.py took 0.192 seconds
