[2023-08-24T15:22:22.321+0100] {processor.py:157} INFO - Started process (PID=5354) to work on /home/samuel/dev/airflow_learning/venv/lib/python3.10/site-packages/airflow/example_dags/example_short_circuit_operator.py
[2023-08-24T15:22:22.322+0100] {processor.py:829} INFO - Processing file /home/samuel/dev/airflow_learning/venv/lib/python3.10/site-packages/airflow/example_dags/example_short_circuit_operator.py for tasks to queue
[2023-08-24T15:22:22.323+0100] {logging_mixin.py:151} INFO - [2023-08-24T15:22:22.323+0100] {dagbag.py:539} INFO - Filling up the DagBag from /home/samuel/dev/airflow_learning/venv/lib/python3.10/site-packages/airflow/example_dags/example_short_circuit_operator.py
[2023-08-24T15:22:22.333+0100] {processor.py:839} INFO - DAG(s) dict_keys(['example_short_circuit_operator']) retrieved from /home/samuel/dev/airflow_learning/venv/lib/python3.10/site-packages/airflow/example_dags/example_short_circuit_operator.py
[2023-08-24T15:22:22.688+0100] {logging_mixin.py:151} INFO - [2023-08-24T15:22:22.688+0100] {manager.py:501} INFO - Created Permission View: can edit on DAG:example_short_circuit_operator
[2023-08-24T15:22:22.800+0100] {logging_mixin.py:151} INFO - [2023-08-24T15:22:22.799+0100] {manager.py:501} INFO - Created Permission View: can delete on DAG:example_short_circuit_operator
[2023-08-24T15:22:22.911+0100] {logging_mixin.py:151} INFO - [2023-08-24T15:22:22.910+0100] {manager.py:501} INFO - Created Permission View: can read on DAG:example_short_circuit_operator
[2023-08-24T15:22:22.939+0100] {logging_mixin.py:151} INFO - [2023-08-24T15:22:22.939+0100] {dag.py:2907} INFO - Sync 1 DAGs
[2023-08-24T15:22:22.963+0100] {logging_mixin.py:151} INFO - [2023-08-24T15:22:22.963+0100] {dag.py:2929} INFO - Creating ORM DAG for example_short_circuit_operator
[2023-08-24T15:22:22.979+0100] {logging_mixin.py:151} INFO - [2023-08-24T15:22:22.979+0100] {dag.py:3677} INFO - Setting next_dagrun for example_short_circuit_operator to 2023-08-23T14:22:22.979217+00:00, run_after=2023-08-24T14:22:22.979217+00:00
[2023-08-24T15:22:23.139+0100] {processor.py:179} INFO - Processing /home/samuel/dev/airflow_learning/venv/lib/python3.10/site-packages/airflow/example_dags/example_short_circuit_operator.py took 0.822 seconds
[2023-08-24T15:23:40.405+0100] {processor.py:157} INFO - Started process (PID=5417) to work on /home/samuel/dev/airflow_learning/venv/lib/python3.10/site-packages/airflow/example_dags/example_short_circuit_operator.py
[2023-08-24T15:23:40.430+0100] {processor.py:829} INFO - Processing file /home/samuel/dev/airflow_learning/venv/lib/python3.10/site-packages/airflow/example_dags/example_short_circuit_operator.py for tasks to queue
[2023-08-24T15:23:40.431+0100] {logging_mixin.py:151} INFO - [2023-08-24T15:23:40.431+0100] {dagbag.py:539} INFO - Filling up the DagBag from /home/samuel/dev/airflow_learning/venv/lib/python3.10/site-packages/airflow/example_dags/example_short_circuit_operator.py
[2023-08-24T15:23:40.442+0100] {processor.py:839} INFO - DAG(s) dict_keys(['example_short_circuit_operator']) retrieved from /home/samuel/dev/airflow_learning/venv/lib/python3.10/site-packages/airflow/example_dags/example_short_circuit_operator.py
[2023-08-24T15:23:40.466+0100] {logging_mixin.py:151} INFO - [2023-08-24T15:23:40.466+0100] {dag.py:2907} INFO - Sync 1 DAGs
[2023-08-24T15:23:40.487+0100] {logging_mixin.py:151} INFO - [2023-08-24T15:23:40.487+0100] {dag.py:3677} INFO - Setting next_dagrun for example_short_circuit_operator to 2023-08-23T14:23:40.487416+00:00, run_after=2023-08-24T14:23:40.487416+00:00
[2023-08-24T15:23:40.614+0100] {processor.py:179} INFO - Processing /home/samuel/dev/airflow_learning/venv/lib/python3.10/site-packages/airflow/example_dags/example_short_circuit_operator.py took 0.212 seconds
[2023-08-24T15:24:35.336+0100] {processor.py:157} INFO - Started process (PID=5476) to work on /home/samuel/dev/airflow_learning/venv/lib/python3.10/site-packages/airflow/example_dags/example_short_circuit_operator.py
[2023-08-24T15:24:35.339+0100] {processor.py:829} INFO - Processing file /home/samuel/dev/airflow_learning/venv/lib/python3.10/site-packages/airflow/example_dags/example_short_circuit_operator.py for tasks to queue
[2023-08-24T15:24:35.340+0100] {logging_mixin.py:151} INFO - [2023-08-24T15:24:35.339+0100] {dagbag.py:539} INFO - Filling up the DagBag from /home/samuel/dev/airflow_learning/venv/lib/python3.10/site-packages/airflow/example_dags/example_short_circuit_operator.py
[2023-08-24T15:24:35.351+0100] {processor.py:839} INFO - DAG(s) dict_keys(['example_short_circuit_operator']) retrieved from /home/samuel/dev/airflow_learning/venv/lib/python3.10/site-packages/airflow/example_dags/example_short_circuit_operator.py
[2023-08-24T15:24:35.373+0100] {logging_mixin.py:151} INFO - [2023-08-24T15:24:35.373+0100] {dag.py:2907} INFO - Sync 1 DAGs
[2023-08-24T15:24:35.405+0100] {logging_mixin.py:151} INFO - [2023-08-24T15:24:35.405+0100] {dag.py:3677} INFO - Setting next_dagrun for example_short_circuit_operator to 2023-08-23T14:24:35.404834+00:00, run_after=2023-08-24T14:24:35.404834+00:00
[2023-08-24T15:24:35.544+0100] {processor.py:179} INFO - Processing /home/samuel/dev/airflow_learning/venv/lib/python3.10/site-packages/airflow/example_dags/example_short_circuit_operator.py took 0.211 seconds
[2023-08-24T15:25:24.973+0100] {processor.py:157} INFO - Started process (PID=5524) to work on /home/samuel/dev/airflow_learning/venv/lib/python3.10/site-packages/airflow/example_dags/example_short_circuit_operator.py
[2023-08-24T15:25:24.976+0100] {processor.py:829} INFO - Processing file /home/samuel/dev/airflow_learning/venv/lib/python3.10/site-packages/airflow/example_dags/example_short_circuit_operator.py for tasks to queue
[2023-08-24T15:25:24.978+0100] {logging_mixin.py:151} INFO - [2023-08-24T15:25:24.977+0100] {dagbag.py:539} INFO - Filling up the DagBag from /home/samuel/dev/airflow_learning/venv/lib/python3.10/site-packages/airflow/example_dags/example_short_circuit_operator.py
[2023-08-24T15:25:24.988+0100] {processor.py:839} INFO - DAG(s) dict_keys(['example_short_circuit_operator']) retrieved from /home/samuel/dev/airflow_learning/venv/lib/python3.10/site-packages/airflow/example_dags/example_short_circuit_operator.py
[2023-08-24T15:25:25.009+0100] {logging_mixin.py:151} INFO - [2023-08-24T15:25:25.008+0100] {dag.py:2907} INFO - Sync 1 DAGs
[2023-08-24T15:25:25.029+0100] {logging_mixin.py:151} INFO - [2023-08-24T15:25:25.028+0100] {dag.py:3677} INFO - Setting next_dagrun for example_short_circuit_operator to 2023-08-23T14:25:25.028745+00:00, run_after=2023-08-24T14:25:25.028745+00:00
[2023-08-24T15:25:25.243+0100] {processor.py:179} INFO - Processing /home/samuel/dev/airflow_learning/venv/lib/python3.10/site-packages/airflow/example_dags/example_short_circuit_operator.py took 0.273 seconds
[2023-08-24T15:26:18.708+0100] {processor.py:157} INFO - Started process (PID=5576) to work on /home/samuel/dev/airflow_learning/venv/lib/python3.10/site-packages/airflow/example_dags/example_short_circuit_operator.py
[2023-08-24T15:26:18.710+0100] {processor.py:829} INFO - Processing file /home/samuel/dev/airflow_learning/venv/lib/python3.10/site-packages/airflow/example_dags/example_short_circuit_operator.py for tasks to queue
[2023-08-24T15:26:18.711+0100] {logging_mixin.py:151} INFO - [2023-08-24T15:26:18.711+0100] {dagbag.py:539} INFO - Filling up the DagBag from /home/samuel/dev/airflow_learning/venv/lib/python3.10/site-packages/airflow/example_dags/example_short_circuit_operator.py
[2023-08-24T15:26:18.720+0100] {processor.py:839} INFO - DAG(s) dict_keys(['example_short_circuit_operator']) retrieved from /home/samuel/dev/airflow_learning/venv/lib/python3.10/site-packages/airflow/example_dags/example_short_circuit_operator.py
[2023-08-24T15:26:18.740+0100] {logging_mixin.py:151} INFO - [2023-08-24T15:26:18.740+0100] {dag.py:2907} INFO - Sync 1 DAGs
[2023-08-24T15:26:18.761+0100] {logging_mixin.py:151} INFO - [2023-08-24T15:26:18.761+0100] {dag.py:3677} INFO - Setting next_dagrun for example_short_circuit_operator to 2023-08-23T14:26:18.761464+00:00, run_after=2023-08-24T14:26:18.761464+00:00
[2023-08-24T15:26:18.887+0100] {processor.py:179} INFO - Processing /home/samuel/dev/airflow_learning/venv/lib/python3.10/site-packages/airflow/example_dags/example_short_circuit_operator.py took 0.182 seconds
[2023-08-24T15:27:13.931+0100] {processor.py:157} INFO - Started process (PID=5627) to work on /home/samuel/dev/airflow_learning/venv/lib/python3.10/site-packages/airflow/example_dags/example_short_circuit_operator.py
[2023-08-24T15:27:13.934+0100] {processor.py:829} INFO - Processing file /home/samuel/dev/airflow_learning/venv/lib/python3.10/site-packages/airflow/example_dags/example_short_circuit_operator.py for tasks to queue
[2023-08-24T15:27:13.935+0100] {logging_mixin.py:151} INFO - [2023-08-24T15:27:13.934+0100] {dagbag.py:539} INFO - Filling up the DagBag from /home/samuel/dev/airflow_learning/venv/lib/python3.10/site-packages/airflow/example_dags/example_short_circuit_operator.py
[2023-08-24T15:27:13.946+0100] {processor.py:839} INFO - DAG(s) dict_keys(['example_short_circuit_operator']) retrieved from /home/samuel/dev/airflow_learning/venv/lib/python3.10/site-packages/airflow/example_dags/example_short_circuit_operator.py
[2023-08-24T15:27:13.967+0100] {logging_mixin.py:151} INFO - [2023-08-24T15:27:13.966+0100] {dag.py:2907} INFO - Sync 1 DAGs
[2023-08-24T15:27:13.986+0100] {logging_mixin.py:151} INFO - [2023-08-24T15:27:13.986+0100] {dag.py:3677} INFO - Setting next_dagrun for example_short_circuit_operator to 2023-08-23T14:27:13.986053+00:00, run_after=2023-08-24T14:27:13.986053+00:00
[2023-08-24T15:27:14.117+0100] {processor.py:179} INFO - Processing /home/samuel/dev/airflow_learning/venv/lib/python3.10/site-packages/airflow/example_dags/example_short_circuit_operator.py took 0.190 seconds
[2023-08-24T15:28:07.289+0100] {processor.py:157} INFO - Started process (PID=5681) to work on /home/samuel/dev/airflow_learning/venv/lib/python3.10/site-packages/airflow/example_dags/example_short_circuit_operator.py
[2023-08-24T15:28:07.303+0100] {processor.py:829} INFO - Processing file /home/samuel/dev/airflow_learning/venv/lib/python3.10/site-packages/airflow/example_dags/example_short_circuit_operator.py for tasks to queue
[2023-08-24T15:28:07.305+0100] {logging_mixin.py:151} INFO - [2023-08-24T15:28:07.304+0100] {dagbag.py:539} INFO - Filling up the DagBag from /home/samuel/dev/airflow_learning/venv/lib/python3.10/site-packages/airflow/example_dags/example_short_circuit_operator.py
[2023-08-24T15:28:07.316+0100] {processor.py:839} INFO - DAG(s) dict_keys(['example_short_circuit_operator']) retrieved from /home/samuel/dev/airflow_learning/venv/lib/python3.10/site-packages/airflow/example_dags/example_short_circuit_operator.py
[2023-08-24T15:28:07.340+0100] {logging_mixin.py:151} INFO - [2023-08-24T15:28:07.339+0100] {dag.py:2907} INFO - Sync 1 DAGs
[2023-08-24T15:28:07.361+0100] {logging_mixin.py:151} INFO - [2023-08-24T15:28:07.361+0100] {dag.py:3677} INFO - Setting next_dagrun for example_short_circuit_operator to 2023-08-23T14:28:07.360868+00:00, run_after=2023-08-24T14:28:07.360868+00:00
[2023-08-24T15:28:07.491+0100] {processor.py:179} INFO - Processing /home/samuel/dev/airflow_learning/venv/lib/python3.10/site-packages/airflow/example_dags/example_short_circuit_operator.py took 0.206 seconds
[2023-08-24T15:29:04.341+0100] {processor.py:157} INFO - Started process (PID=5755) to work on /home/samuel/dev/airflow_learning/venv/lib/python3.10/site-packages/airflow/example_dags/example_short_circuit_operator.py
[2023-08-24T15:29:04.369+0100] {processor.py:829} INFO - Processing file /home/samuel/dev/airflow_learning/venv/lib/python3.10/site-packages/airflow/example_dags/example_short_circuit_operator.py for tasks to queue
[2023-08-24T15:29:04.370+0100] {logging_mixin.py:151} INFO - [2023-08-24T15:29:04.370+0100] {dagbag.py:539} INFO - Filling up the DagBag from /home/samuel/dev/airflow_learning/venv/lib/python3.10/site-packages/airflow/example_dags/example_short_circuit_operator.py
[2023-08-24T15:29:04.382+0100] {processor.py:839} INFO - DAG(s) dict_keys(['example_short_circuit_operator']) retrieved from /home/samuel/dev/airflow_learning/venv/lib/python3.10/site-packages/airflow/example_dags/example_short_circuit_operator.py
[2023-08-24T15:29:04.403+0100] {logging_mixin.py:151} INFO - [2023-08-24T15:29:04.403+0100] {dag.py:2907} INFO - Sync 1 DAGs
[2023-08-24T15:29:04.424+0100] {logging_mixin.py:151} INFO - [2023-08-24T15:29:04.424+0100] {dag.py:3677} INFO - Setting next_dagrun for example_short_circuit_operator to 2023-08-23T14:29:04.424019+00:00, run_after=2023-08-24T14:29:04.424019+00:00
[2023-08-24T15:29:04.524+0100] {processor.py:179} INFO - Processing /home/samuel/dev/airflow_learning/venv/lib/python3.10/site-packages/airflow/example_dags/example_short_circuit_operator.py took 0.186 seconds
[2023-08-24T15:30:31.376+0100] {processor.py:157} INFO - Started process (PID=5926) to work on /home/samuel/dev/airflow_learning/venv/lib/python3.10/site-packages/airflow/example_dags/example_short_circuit_operator.py
[2023-08-24T15:30:31.390+0100] {processor.py:829} INFO - Processing file /home/samuel/dev/airflow_learning/venv/lib/python3.10/site-packages/airflow/example_dags/example_short_circuit_operator.py for tasks to queue
[2023-08-24T15:30:31.391+0100] {logging_mixin.py:151} INFO - [2023-08-24T15:30:31.391+0100] {dagbag.py:539} INFO - Filling up the DagBag from /home/samuel/dev/airflow_learning/venv/lib/python3.10/site-packages/airflow/example_dags/example_short_circuit_operator.py
[2023-08-24T15:30:31.403+0100] {processor.py:839} INFO - DAG(s) dict_keys(['example_short_circuit_operator']) retrieved from /home/samuel/dev/airflow_learning/venv/lib/python3.10/site-packages/airflow/example_dags/example_short_circuit_operator.py
[2023-08-24T15:30:31.432+0100] {logging_mixin.py:151} INFO - [2023-08-24T15:30:31.432+0100] {dag.py:2907} INFO - Sync 1 DAGs
[2023-08-24T15:30:31.454+0100] {logging_mixin.py:151} INFO - [2023-08-24T15:30:31.453+0100] {dag.py:3677} INFO - Setting next_dagrun for example_short_circuit_operator to 2023-08-23T14:30:31.453687+00:00, run_after=2023-08-24T14:30:31.453687+00:00
[2023-08-24T15:30:31.676+0100] {processor.py:179} INFO - Processing /home/samuel/dev/airflow_learning/venv/lib/python3.10/site-packages/airflow/example_dags/example_short_circuit_operator.py took 0.304 seconds
[2023-08-24T15:31:57.301+0100] {processor.py:157} INFO - Started process (PID=6064) to work on /home/samuel/dev/airflow_learning/venv/lib/python3.10/site-packages/airflow/example_dags/example_short_circuit_operator.py
[2023-08-24T15:31:57.333+0100] {processor.py:829} INFO - Processing file /home/samuel/dev/airflow_learning/venv/lib/python3.10/site-packages/airflow/example_dags/example_short_circuit_operator.py for tasks to queue
[2023-08-24T15:31:57.335+0100] {logging_mixin.py:151} INFO - [2023-08-24T15:31:57.334+0100] {dagbag.py:539} INFO - Filling up the DagBag from /home/samuel/dev/airflow_learning/venv/lib/python3.10/site-packages/airflow/example_dags/example_short_circuit_operator.py
[2023-08-24T15:31:57.347+0100] {processor.py:839} INFO - DAG(s) dict_keys(['example_short_circuit_operator']) retrieved from /home/samuel/dev/airflow_learning/venv/lib/python3.10/site-packages/airflow/example_dags/example_short_circuit_operator.py
[2023-08-24T15:31:57.370+0100] {logging_mixin.py:151} INFO - [2023-08-24T15:31:57.370+0100] {dag.py:2907} INFO - Sync 1 DAGs
[2023-08-24T15:31:57.391+0100] {logging_mixin.py:151} INFO - [2023-08-24T15:31:57.391+0100] {dag.py:3677} INFO - Setting next_dagrun for example_short_circuit_operator to 2023-08-23T14:31:57.391077+00:00, run_after=2023-08-24T14:31:57.391077+00:00
[2023-08-24T15:31:57.535+0100] {processor.py:179} INFO - Processing /home/samuel/dev/airflow_learning/venv/lib/python3.10/site-packages/airflow/example_dags/example_short_circuit_operator.py took 0.239 seconds
[2023-08-24T15:32:52.122+0100] {processor.py:157} INFO - Started process (PID=6129) to work on /home/samuel/dev/airflow_learning/venv/lib/python3.10/site-packages/airflow/example_dags/example_short_circuit_operator.py
[2023-08-24T15:32:52.127+0100] {processor.py:829} INFO - Processing file /home/samuel/dev/airflow_learning/venv/lib/python3.10/site-packages/airflow/example_dags/example_short_circuit_operator.py for tasks to queue
[2023-08-24T15:32:52.128+0100] {logging_mixin.py:151} INFO - [2023-08-24T15:32:52.127+0100] {dagbag.py:539} INFO - Filling up the DagBag from /home/samuel/dev/airflow_learning/venv/lib/python3.10/site-packages/airflow/example_dags/example_short_circuit_operator.py
[2023-08-24T15:32:52.139+0100] {processor.py:839} INFO - DAG(s) dict_keys(['example_short_circuit_operator']) retrieved from /home/samuel/dev/airflow_learning/venv/lib/python3.10/site-packages/airflow/example_dags/example_short_circuit_operator.py
[2023-08-24T15:32:52.160+0100] {logging_mixin.py:151} INFO - [2023-08-24T15:32:52.160+0100] {dag.py:2907} INFO - Sync 1 DAGs
[2023-08-24T15:32:52.179+0100] {logging_mixin.py:151} INFO - [2023-08-24T15:32:52.179+0100] {dag.py:3677} INFO - Setting next_dagrun for example_short_circuit_operator to 2023-08-23T14:32:52.179021+00:00, run_after=2023-08-24T14:32:52.179021+00:00
[2023-08-24T15:32:52.283+0100] {processor.py:179} INFO - Processing /home/samuel/dev/airflow_learning/venv/lib/python3.10/site-packages/airflow/example_dags/example_short_circuit_operator.py took 0.165 seconds
[2023-08-24T15:33:45.315+0100] {processor.py:157} INFO - Started process (PID=6180) to work on /home/samuel/dev/airflow_learning/venv/lib/python3.10/site-packages/airflow/example_dags/example_short_circuit_operator.py
[2023-08-24T15:33:45.320+0100] {processor.py:829} INFO - Processing file /home/samuel/dev/airflow_learning/venv/lib/python3.10/site-packages/airflow/example_dags/example_short_circuit_operator.py for tasks to queue
[2023-08-24T15:33:45.321+0100] {logging_mixin.py:151} INFO - [2023-08-24T15:33:45.321+0100] {dagbag.py:539} INFO - Filling up the DagBag from /home/samuel/dev/airflow_learning/venv/lib/python3.10/site-packages/airflow/example_dags/example_short_circuit_operator.py
[2023-08-24T15:33:45.332+0100] {processor.py:839} INFO - DAG(s) dict_keys(['example_short_circuit_operator']) retrieved from /home/samuel/dev/airflow_learning/venv/lib/python3.10/site-packages/airflow/example_dags/example_short_circuit_operator.py
[2023-08-24T15:33:45.356+0100] {logging_mixin.py:151} INFO - [2023-08-24T15:33:45.356+0100] {dag.py:2907} INFO - Sync 1 DAGs
[2023-08-24T15:33:45.376+0100] {logging_mixin.py:151} INFO - [2023-08-24T15:33:45.375+0100] {dag.py:3677} INFO - Setting next_dagrun for example_short_circuit_operator to 2023-08-23T14:33:45.375594+00:00, run_after=2023-08-24T14:33:45.375594+00:00
[2023-08-24T15:33:45.490+0100] {processor.py:179} INFO - Processing /home/samuel/dev/airflow_learning/venv/lib/python3.10/site-packages/airflow/example_dags/example_short_circuit_operator.py took 0.179 seconds
[2023-08-24T15:34:50.166+0100] {processor.py:157} INFO - Started process (PID=6244) to work on /home/samuel/dev/airflow_learning/venv/lib/python3.10/site-packages/airflow/example_dags/example_short_circuit_operator.py
[2023-08-24T15:34:50.181+0100] {processor.py:829} INFO - Processing file /home/samuel/dev/airflow_learning/venv/lib/python3.10/site-packages/airflow/example_dags/example_short_circuit_operator.py for tasks to queue
[2023-08-24T15:34:50.182+0100] {logging_mixin.py:151} INFO - [2023-08-24T15:34:50.181+0100] {dagbag.py:539} INFO - Filling up the DagBag from /home/samuel/dev/airflow_learning/venv/lib/python3.10/site-packages/airflow/example_dags/example_short_circuit_operator.py
[2023-08-24T15:34:50.193+0100] {processor.py:839} INFO - DAG(s) dict_keys(['example_short_circuit_operator']) retrieved from /home/samuel/dev/airflow_learning/venv/lib/python3.10/site-packages/airflow/example_dags/example_short_circuit_operator.py
[2023-08-24T15:34:50.216+0100] {logging_mixin.py:151} INFO - [2023-08-24T15:34:50.216+0100] {dag.py:2907} INFO - Sync 1 DAGs
[2023-08-24T15:34:50.239+0100] {logging_mixin.py:151} INFO - [2023-08-24T15:34:50.239+0100] {dag.py:3677} INFO - Setting next_dagrun for example_short_circuit_operator to 2023-08-23T14:34:50.239362+00:00, run_after=2023-08-24T14:34:50.239362+00:00
[2023-08-24T15:34:50.342+0100] {processor.py:179} INFO - Processing /home/samuel/dev/airflow_learning/venv/lib/python3.10/site-packages/airflow/example_dags/example_short_circuit_operator.py took 0.180 seconds
[2023-08-24T15:35:51.687+0100] {processor.py:157} INFO - Started process (PID=6312) to work on /home/samuel/dev/airflow_learning/venv/lib/python3.10/site-packages/airflow/example_dags/example_short_circuit_operator.py
[2023-08-24T15:35:51.716+0100] {processor.py:829} INFO - Processing file /home/samuel/dev/airflow_learning/venv/lib/python3.10/site-packages/airflow/example_dags/example_short_circuit_operator.py for tasks to queue
[2023-08-24T15:35:51.717+0100] {logging_mixin.py:151} INFO - [2023-08-24T15:35:51.717+0100] {dagbag.py:539} INFO - Filling up the DagBag from /home/samuel/dev/airflow_learning/venv/lib/python3.10/site-packages/airflow/example_dags/example_short_circuit_operator.py
[2023-08-24T15:35:51.727+0100] {processor.py:839} INFO - DAG(s) dict_keys(['example_short_circuit_operator']) retrieved from /home/samuel/dev/airflow_learning/venv/lib/python3.10/site-packages/airflow/example_dags/example_short_circuit_operator.py
[2023-08-24T15:35:51.745+0100] {logging_mixin.py:151} INFO - [2023-08-24T15:35:51.745+0100] {dag.py:2907} INFO - Sync 1 DAGs
[2023-08-24T15:35:51.764+0100] {logging_mixin.py:151} INFO - [2023-08-24T15:35:51.764+0100] {dag.py:3677} INFO - Setting next_dagrun for example_short_circuit_operator to 2023-08-23T14:35:51.764410+00:00, run_after=2023-08-24T14:35:51.764410+00:00
[2023-08-24T15:35:51.969+0100] {processor.py:179} INFO - Processing /home/samuel/dev/airflow_learning/venv/lib/python3.10/site-packages/airflow/example_dags/example_short_circuit_operator.py took 0.286 seconds
[2023-08-24T15:36:51.652+0100] {processor.py:157} INFO - Started process (PID=6373) to work on /home/samuel/dev/airflow_learning/venv/lib/python3.10/site-packages/airflow/example_dags/example_short_circuit_operator.py
[2023-08-24T15:36:51.653+0100] {processor.py:829} INFO - Processing file /home/samuel/dev/airflow_learning/venv/lib/python3.10/site-packages/airflow/example_dags/example_short_circuit_operator.py for tasks to queue
[2023-08-24T15:36:51.655+0100] {logging_mixin.py:151} INFO - [2023-08-24T15:36:51.654+0100] {dagbag.py:539} INFO - Filling up the DagBag from /home/samuel/dev/airflow_learning/venv/lib/python3.10/site-packages/airflow/example_dags/example_short_circuit_operator.py
[2023-08-24T15:36:51.665+0100] {processor.py:839} INFO - DAG(s) dict_keys(['example_short_circuit_operator']) retrieved from /home/samuel/dev/airflow_learning/venv/lib/python3.10/site-packages/airflow/example_dags/example_short_circuit_operator.py
[2023-08-24T15:36:51.686+0100] {logging_mixin.py:151} INFO - [2023-08-24T15:36:51.685+0100] {dag.py:2907} INFO - Sync 1 DAGs
[2023-08-24T15:36:51.708+0100] {logging_mixin.py:151} INFO - [2023-08-24T15:36:51.708+0100] {dag.py:3677} INFO - Setting next_dagrun for example_short_circuit_operator to 2023-08-23T14:36:51.707891+00:00, run_after=2023-08-24T14:36:51.707891+00:00
[2023-08-24T15:36:51.934+0100] {processor.py:179} INFO - Processing /home/samuel/dev/airflow_learning/venv/lib/python3.10/site-packages/airflow/example_dags/example_short_circuit_operator.py took 0.286 seconds
[2023-08-24T15:37:59.670+0100] {processor.py:157} INFO - Started process (PID=6432) to work on /home/samuel/dev/airflow_learning/venv/lib/python3.10/site-packages/airflow/example_dags/example_short_circuit_operator.py
[2023-08-24T15:37:59.694+0100] {processor.py:829} INFO - Processing file /home/samuel/dev/airflow_learning/venv/lib/python3.10/site-packages/airflow/example_dags/example_short_circuit_operator.py for tasks to queue
[2023-08-24T15:37:59.695+0100] {logging_mixin.py:151} INFO - [2023-08-24T15:37:59.694+0100] {dagbag.py:539} INFO - Filling up the DagBag from /home/samuel/dev/airflow_learning/venv/lib/python3.10/site-packages/airflow/example_dags/example_short_circuit_operator.py
[2023-08-24T15:37:59.705+0100] {processor.py:839} INFO - DAG(s) dict_keys(['example_short_circuit_operator']) retrieved from /home/samuel/dev/airflow_learning/venv/lib/python3.10/site-packages/airflow/example_dags/example_short_circuit_operator.py
[2023-08-24T15:37:59.728+0100] {logging_mixin.py:151} INFO - [2023-08-24T15:37:59.728+0100] {dag.py:2907} INFO - Sync 1 DAGs
[2023-08-24T15:37:59.750+0100] {logging_mixin.py:151} INFO - [2023-08-24T15:37:59.749+0100] {dag.py:3677} INFO - Setting next_dagrun for example_short_circuit_operator to 2023-08-23T14:37:59.749674+00:00, run_after=2023-08-24T14:37:59.749674+00:00
[2023-08-24T15:37:59.850+0100] {processor.py:179} INFO - Processing /home/samuel/dev/airflow_learning/venv/lib/python3.10/site-packages/airflow/example_dags/example_short_circuit_operator.py took 0.184 seconds
[2023-08-24T15:38:56.518+0100] {processor.py:157} INFO - Started process (PID=6487) to work on /home/samuel/dev/airflow_learning/venv/lib/python3.10/site-packages/airflow/example_dags/example_short_circuit_operator.py
[2023-08-24T15:38:56.520+0100] {processor.py:829} INFO - Processing file /home/samuel/dev/airflow_learning/venv/lib/python3.10/site-packages/airflow/example_dags/example_short_circuit_operator.py for tasks to queue
[2023-08-24T15:38:56.521+0100] {logging_mixin.py:151} INFO - [2023-08-24T15:38:56.521+0100] {dagbag.py:539} INFO - Filling up the DagBag from /home/samuel/dev/airflow_learning/venv/lib/python3.10/site-packages/airflow/example_dags/example_short_circuit_operator.py
[2023-08-24T15:38:56.532+0100] {processor.py:839} INFO - DAG(s) dict_keys(['example_short_circuit_operator']) retrieved from /home/samuel/dev/airflow_learning/venv/lib/python3.10/site-packages/airflow/example_dags/example_short_circuit_operator.py
[2023-08-24T15:38:56.553+0100] {logging_mixin.py:151} INFO - [2023-08-24T15:38:56.553+0100] {dag.py:2907} INFO - Sync 1 DAGs
[2023-08-24T15:38:56.573+0100] {logging_mixin.py:151} INFO - [2023-08-24T15:38:56.572+0100] {dag.py:3677} INFO - Setting next_dagrun for example_short_circuit_operator to 2023-08-23T14:38:56.572529+00:00, run_after=2023-08-24T14:38:56.572529+00:00
[2023-08-24T15:38:56.703+0100] {processor.py:179} INFO - Processing /home/samuel/dev/airflow_learning/venv/lib/python3.10/site-packages/airflow/example_dags/example_short_circuit_operator.py took 0.189 seconds
[2023-08-24T15:39:48.794+0100] {processor.py:157} INFO - Started process (PID=6540) to work on /home/samuel/dev/airflow_learning/venv/lib/python3.10/site-packages/airflow/example_dags/example_short_circuit_operator.py
[2023-08-24T15:39:48.802+0100] {processor.py:829} INFO - Processing file /home/samuel/dev/airflow_learning/venv/lib/python3.10/site-packages/airflow/example_dags/example_short_circuit_operator.py for tasks to queue
[2023-08-24T15:39:48.804+0100] {logging_mixin.py:151} INFO - [2023-08-24T15:39:48.803+0100] {dagbag.py:539} INFO - Filling up the DagBag from /home/samuel/dev/airflow_learning/venv/lib/python3.10/site-packages/airflow/example_dags/example_short_circuit_operator.py
[2023-08-24T15:39:48.814+0100] {processor.py:839} INFO - DAG(s) dict_keys(['example_short_circuit_operator']) retrieved from /home/samuel/dev/airflow_learning/venv/lib/python3.10/site-packages/airflow/example_dags/example_short_circuit_operator.py
[2023-08-24T15:39:48.835+0100] {logging_mixin.py:151} INFO - [2023-08-24T15:39:48.835+0100] {dag.py:2907} INFO - Sync 1 DAGs
[2023-08-24T15:39:48.855+0100] {logging_mixin.py:151} INFO - [2023-08-24T15:39:48.855+0100] {dag.py:3677} INFO - Setting next_dagrun for example_short_circuit_operator to 2023-08-23T14:39:48.854985+00:00, run_after=2023-08-24T14:39:48.854985+00:00
[2023-08-24T15:39:48.977+0100] {processor.py:179} INFO - Processing /home/samuel/dev/airflow_learning/venv/lib/python3.10/site-packages/airflow/example_dags/example_short_circuit_operator.py took 0.187 seconds
[2023-08-24T15:40:58.645+0100] {processor.py:157} INFO - Started process (PID=6625) to work on /home/samuel/dev/airflow_learning/venv/lib/python3.10/site-packages/airflow/example_dags/example_short_circuit_operator.py
[2023-08-24T15:40:58.647+0100] {processor.py:829} INFO - Processing file /home/samuel/dev/airflow_learning/venv/lib/python3.10/site-packages/airflow/example_dags/example_short_circuit_operator.py for tasks to queue
[2023-08-24T15:40:58.648+0100] {logging_mixin.py:151} INFO - [2023-08-24T15:40:58.647+0100] {dagbag.py:539} INFO - Filling up the DagBag from /home/samuel/dev/airflow_learning/venv/lib/python3.10/site-packages/airflow/example_dags/example_short_circuit_operator.py
[2023-08-24T15:40:58.659+0100] {processor.py:839} INFO - DAG(s) dict_keys(['example_short_circuit_operator']) retrieved from /home/samuel/dev/airflow_learning/venv/lib/python3.10/site-packages/airflow/example_dags/example_short_circuit_operator.py
[2023-08-24T15:40:58.679+0100] {logging_mixin.py:151} INFO - [2023-08-24T15:40:58.679+0100] {dag.py:2907} INFO - Sync 1 DAGs
[2023-08-24T15:40:58.698+0100] {logging_mixin.py:151} INFO - [2023-08-24T15:40:58.698+0100] {dag.py:3677} INFO - Setting next_dagrun for example_short_circuit_operator to 2023-08-23T14:40:58.698430+00:00, run_after=2023-08-24T14:40:58.698430+00:00
[2023-08-24T15:40:58.815+0100] {processor.py:179} INFO - Processing /home/samuel/dev/airflow_learning/venv/lib/python3.10/site-packages/airflow/example_dags/example_short_circuit_operator.py took 0.173 seconds
[2023-08-24T15:41:51.343+0100] {processor.py:157} INFO - Started process (PID=6678) to work on /home/samuel/dev/airflow_learning/venv/lib/python3.10/site-packages/airflow/example_dags/example_short_circuit_operator.py
[2023-08-24T15:41:51.373+0100] {processor.py:829} INFO - Processing file /home/samuel/dev/airflow_learning/venv/lib/python3.10/site-packages/airflow/example_dags/example_short_circuit_operator.py for tasks to queue
[2023-08-24T15:41:51.374+0100] {logging_mixin.py:151} INFO - [2023-08-24T15:41:51.374+0100] {dagbag.py:539} INFO - Filling up the DagBag from /home/samuel/dev/airflow_learning/venv/lib/python3.10/site-packages/airflow/example_dags/example_short_circuit_operator.py
[2023-08-24T15:41:51.385+0100] {processor.py:839} INFO - DAG(s) dict_keys(['example_short_circuit_operator']) retrieved from /home/samuel/dev/airflow_learning/venv/lib/python3.10/site-packages/airflow/example_dags/example_short_circuit_operator.py
[2023-08-24T15:41:51.408+0100] {logging_mixin.py:151} INFO - [2023-08-24T15:41:51.408+0100] {dag.py:2907} INFO - Sync 1 DAGs
[2023-08-24T15:41:51.431+0100] {logging_mixin.py:151} INFO - [2023-08-24T15:41:51.431+0100] {dag.py:3677} INFO - Setting next_dagrun for example_short_circuit_operator to 2023-08-23T14:41:51.430759+00:00, run_after=2023-08-24T14:41:51.430759+00:00
[2023-08-24T15:41:51.529+0100] {processor.py:179} INFO - Processing /home/samuel/dev/airflow_learning/venv/lib/python3.10/site-packages/airflow/example_dags/example_short_circuit_operator.py took 0.190 seconds
[2023-08-24T15:42:41.674+0100] {processor.py:157} INFO - Started process (PID=6786) to work on /home/samuel/dev/airflow_learning/venv/lib/python3.10/site-packages/airflow/example_dags/example_short_circuit_operator.py
[2023-08-24T15:42:41.744+0100] {processor.py:829} INFO - Processing file /home/samuel/dev/airflow_learning/venv/lib/python3.10/site-packages/airflow/example_dags/example_short_circuit_operator.py for tasks to queue
[2023-08-24T15:42:41.745+0100] {logging_mixin.py:151} INFO - [2023-08-24T15:42:41.744+0100] {dagbag.py:539} INFO - Filling up the DagBag from /home/samuel/dev/airflow_learning/venv/lib/python3.10/site-packages/airflow/example_dags/example_short_circuit_operator.py
[2023-08-24T15:42:41.756+0100] {processor.py:839} INFO - DAG(s) dict_keys(['example_short_circuit_operator']) retrieved from /home/samuel/dev/airflow_learning/venv/lib/python3.10/site-packages/airflow/example_dags/example_short_circuit_operator.py
[2023-08-24T15:42:41.782+0100] {logging_mixin.py:151} INFO - [2023-08-24T15:42:41.781+0100] {dag.py:2907} INFO - Sync 1 DAGs
[2023-08-24T15:42:41.805+0100] {logging_mixin.py:151} INFO - [2023-08-24T15:42:41.805+0100] {dag.py:3677} INFO - Setting next_dagrun for example_short_circuit_operator to 2023-08-23T14:42:41.804933+00:00, run_after=2023-08-24T14:42:41.804933+00:00
[2023-08-24T15:42:41.952+0100] {processor.py:179} INFO - Processing /home/samuel/dev/airflow_learning/venv/lib/python3.10/site-packages/airflow/example_dags/example_short_circuit_operator.py took 0.282 seconds
[2023-08-24T15:43:36.666+0100] {processor.py:157} INFO - Started process (PID=6838) to work on /home/samuel/dev/airflow_learning/venv/lib/python3.10/site-packages/airflow/example_dags/example_short_circuit_operator.py
[2023-08-24T15:43:36.697+0100] {processor.py:829} INFO - Processing file /home/samuel/dev/airflow_learning/venv/lib/python3.10/site-packages/airflow/example_dags/example_short_circuit_operator.py for tasks to queue
[2023-08-24T15:43:36.698+0100] {logging_mixin.py:151} INFO - [2023-08-24T15:43:36.698+0100] {dagbag.py:539} INFO - Filling up the DagBag from /home/samuel/dev/airflow_learning/venv/lib/python3.10/site-packages/airflow/example_dags/example_short_circuit_operator.py
[2023-08-24T15:43:36.709+0100] {processor.py:839} INFO - DAG(s) dict_keys(['example_short_circuit_operator']) retrieved from /home/samuel/dev/airflow_learning/venv/lib/python3.10/site-packages/airflow/example_dags/example_short_circuit_operator.py
[2023-08-24T15:43:36.733+0100] {logging_mixin.py:151} INFO - [2023-08-24T15:43:36.733+0100] {dag.py:2907} INFO - Sync 1 DAGs
[2023-08-24T15:43:36.755+0100] {logging_mixin.py:151} INFO - [2023-08-24T15:43:36.755+0100] {dag.py:3677} INFO - Setting next_dagrun for example_short_circuit_operator to 2023-08-23T14:43:36.755427+00:00, run_after=2023-08-24T14:43:36.755427+00:00
[2023-08-24T15:43:36.851+0100] {processor.py:179} INFO - Processing /home/samuel/dev/airflow_learning/venv/lib/python3.10/site-packages/airflow/example_dags/example_short_circuit_operator.py took 0.189 seconds
[2023-08-24T15:44:28.913+0100] {processor.py:157} INFO - Started process (PID=6888) to work on /home/samuel/dev/airflow_learning/venv/lib/python3.10/site-packages/airflow/example_dags/example_short_circuit_operator.py
[2023-08-24T15:44:28.924+0100] {processor.py:829} INFO - Processing file /home/samuel/dev/airflow_learning/venv/lib/python3.10/site-packages/airflow/example_dags/example_short_circuit_operator.py for tasks to queue
[2023-08-24T15:44:28.925+0100] {logging_mixin.py:151} INFO - [2023-08-24T15:44:28.925+0100] {dagbag.py:539} INFO - Filling up the DagBag from /home/samuel/dev/airflow_learning/venv/lib/python3.10/site-packages/airflow/example_dags/example_short_circuit_operator.py
[2023-08-24T15:44:28.937+0100] {processor.py:839} INFO - DAG(s) dict_keys(['example_short_circuit_operator']) retrieved from /home/samuel/dev/airflow_learning/venv/lib/python3.10/site-packages/airflow/example_dags/example_short_circuit_operator.py
[2023-08-24T15:44:28.959+0100] {logging_mixin.py:151} INFO - [2023-08-24T15:44:28.959+0100] {dag.py:2907} INFO - Sync 1 DAGs
[2023-08-24T15:44:28.979+0100] {logging_mixin.py:151} INFO - [2023-08-24T15:44:28.979+0100] {dag.py:3677} INFO - Setting next_dagrun for example_short_circuit_operator to 2023-08-23T14:44:28.978806+00:00, run_after=2023-08-24T14:44:28.978806+00:00
[2023-08-24T15:44:29.101+0100] {processor.py:179} INFO - Processing /home/samuel/dev/airflow_learning/venv/lib/python3.10/site-packages/airflow/example_dags/example_short_circuit_operator.py took 0.192 seconds
[2023-08-24T15:45:18.334+0100] {processor.py:157} INFO - Started process (PID=6938) to work on /home/samuel/dev/airflow_learning/venv/lib/python3.10/site-packages/airflow/example_dags/example_short_circuit_operator.py
[2023-08-24T15:45:18.374+0100] {processor.py:829} INFO - Processing file /home/samuel/dev/airflow_learning/venv/lib/python3.10/site-packages/airflow/example_dags/example_short_circuit_operator.py for tasks to queue
[2023-08-24T15:45:18.375+0100] {logging_mixin.py:151} INFO - [2023-08-24T15:45:18.374+0100] {dagbag.py:539} INFO - Filling up the DagBag from /home/samuel/dev/airflow_learning/venv/lib/python3.10/site-packages/airflow/example_dags/example_short_circuit_operator.py
[2023-08-24T15:45:18.386+0100] {processor.py:839} INFO - DAG(s) dict_keys(['example_short_circuit_operator']) retrieved from /home/samuel/dev/airflow_learning/venv/lib/python3.10/site-packages/airflow/example_dags/example_short_circuit_operator.py
[2023-08-24T15:45:18.409+0100] {logging_mixin.py:151} INFO - [2023-08-24T15:45:18.408+0100] {dag.py:2907} INFO - Sync 1 DAGs
[2023-08-24T15:45:18.432+0100] {logging_mixin.py:151} INFO - [2023-08-24T15:45:18.431+0100] {dag.py:3677} INFO - Setting next_dagrun for example_short_circuit_operator to 2023-08-23T14:45:18.431544+00:00, run_after=2023-08-24T14:45:18.431544+00:00
[2023-08-24T15:45:18.551+0100] {processor.py:179} INFO - Processing /home/samuel/dev/airflow_learning/venv/lib/python3.10/site-packages/airflow/example_dags/example_short_circuit_operator.py took 0.221 seconds
[2023-08-24T15:46:10.487+0100] {processor.py:157} INFO - Started process (PID=6987) to work on /home/samuel/dev/airflow_learning/venv/lib/python3.10/site-packages/airflow/example_dags/example_short_circuit_operator.py
[2023-08-24T15:46:10.522+0100] {processor.py:829} INFO - Processing file /home/samuel/dev/airflow_learning/venv/lib/python3.10/site-packages/airflow/example_dags/example_short_circuit_operator.py for tasks to queue
[2023-08-24T15:46:10.523+0100] {logging_mixin.py:151} INFO - [2023-08-24T15:46:10.523+0100] {dagbag.py:539} INFO - Filling up the DagBag from /home/samuel/dev/airflow_learning/venv/lib/python3.10/site-packages/airflow/example_dags/example_short_circuit_operator.py
[2023-08-24T15:46:10.540+0100] {processor.py:839} INFO - DAG(s) dict_keys(['example_short_circuit_operator']) retrieved from /home/samuel/dev/airflow_learning/venv/lib/python3.10/site-packages/airflow/example_dags/example_short_circuit_operator.py
[2023-08-24T15:46:10.569+0100] {logging_mixin.py:151} INFO - [2023-08-24T15:46:10.569+0100] {dag.py:2907} INFO - Sync 1 DAGs
[2023-08-24T15:46:10.590+0100] {logging_mixin.py:151} INFO - [2023-08-24T15:46:10.589+0100] {dag.py:3677} INFO - Setting next_dagrun for example_short_circuit_operator to 2023-08-23T14:46:10.589675+00:00, run_after=2023-08-24T14:46:10.589675+00:00
[2023-08-24T15:46:10.700+0100] {processor.py:179} INFO - Processing /home/samuel/dev/airflow_learning/venv/lib/python3.10/site-packages/airflow/example_dags/example_short_circuit_operator.py took 0.217 seconds
[2023-08-24T15:47:04.869+0100] {processor.py:157} INFO - Started process (PID=7037) to work on /home/samuel/dev/airflow_learning/venv/lib/python3.10/site-packages/airflow/example_dags/example_short_circuit_operator.py
[2023-08-24T15:47:04.872+0100] {processor.py:829} INFO - Processing file /home/samuel/dev/airflow_learning/venv/lib/python3.10/site-packages/airflow/example_dags/example_short_circuit_operator.py for tasks to queue
[2023-08-24T15:47:04.873+0100] {logging_mixin.py:151} INFO - [2023-08-24T15:47:04.872+0100] {dagbag.py:539} INFO - Filling up the DagBag from /home/samuel/dev/airflow_learning/venv/lib/python3.10/site-packages/airflow/example_dags/example_short_circuit_operator.py
[2023-08-24T15:47:04.883+0100] {processor.py:839} INFO - DAG(s) dict_keys(['example_short_circuit_operator']) retrieved from /home/samuel/dev/airflow_learning/venv/lib/python3.10/site-packages/airflow/example_dags/example_short_circuit_operator.py
[2023-08-24T15:47:04.904+0100] {logging_mixin.py:151} INFO - [2023-08-24T15:47:04.904+0100] {dag.py:2907} INFO - Sync 1 DAGs
[2023-08-24T15:47:04.923+0100] {logging_mixin.py:151} INFO - [2023-08-24T15:47:04.923+0100] {dag.py:3677} INFO - Setting next_dagrun for example_short_circuit_operator to 2023-08-23T14:47:04.922998+00:00, run_after=2023-08-24T14:47:04.922998+00:00
[2023-08-24T15:47:05.048+0100] {processor.py:179} INFO - Processing /home/samuel/dev/airflow_learning/venv/lib/python3.10/site-packages/airflow/example_dags/example_short_circuit_operator.py took 0.183 seconds
[2023-08-24T15:47:57.301+0100] {processor.py:157} INFO - Started process (PID=7092) to work on /home/samuel/dev/airflow_learning/venv/lib/python3.10/site-packages/airflow/example_dags/example_short_circuit_operator.py
[2023-08-24T15:47:57.342+0100] {processor.py:829} INFO - Processing file /home/samuel/dev/airflow_learning/venv/lib/python3.10/site-packages/airflow/example_dags/example_short_circuit_operator.py for tasks to queue
[2023-08-24T15:47:57.343+0100] {logging_mixin.py:151} INFO - [2023-08-24T15:47:57.343+0100] {dagbag.py:539} INFO - Filling up the DagBag from /home/samuel/dev/airflow_learning/venv/lib/python3.10/site-packages/airflow/example_dags/example_short_circuit_operator.py
[2023-08-24T15:47:57.355+0100] {processor.py:839} INFO - DAG(s) dict_keys(['example_short_circuit_operator']) retrieved from /home/samuel/dev/airflow_learning/venv/lib/python3.10/site-packages/airflow/example_dags/example_short_circuit_operator.py
[2023-08-24T15:47:57.378+0100] {logging_mixin.py:151} INFO - [2023-08-24T15:47:57.377+0100] {dag.py:2907} INFO - Sync 1 DAGs
[2023-08-24T15:47:57.400+0100] {logging_mixin.py:151} INFO - [2023-08-24T15:47:57.400+0100] {dag.py:3677} INFO - Setting next_dagrun for example_short_circuit_operator to 2023-08-23T14:47:57.399892+00:00, run_after=2023-08-24T14:47:57.399892+00:00
[2023-08-24T15:47:57.532+0100] {processor.py:179} INFO - Processing /home/samuel/dev/airflow_learning/venv/lib/python3.10/site-packages/airflow/example_dags/example_short_circuit_operator.py took 0.235 seconds
[2023-08-24T15:48:51.347+0100] {processor.py:157} INFO - Started process (PID=7155) to work on /home/samuel/dev/airflow_learning/venv/lib/python3.10/site-packages/airflow/example_dags/example_short_circuit_operator.py
[2023-08-24T15:48:51.348+0100] {processor.py:829} INFO - Processing file /home/samuel/dev/airflow_learning/venv/lib/python3.10/site-packages/airflow/example_dags/example_short_circuit_operator.py for tasks to queue
[2023-08-24T15:48:51.349+0100] {logging_mixin.py:151} INFO - [2023-08-24T15:48:51.349+0100] {dagbag.py:539} INFO - Filling up the DagBag from /home/samuel/dev/airflow_learning/venv/lib/python3.10/site-packages/airflow/example_dags/example_short_circuit_operator.py
[2023-08-24T15:48:51.360+0100] {processor.py:839} INFO - DAG(s) dict_keys(['example_short_circuit_operator']) retrieved from /home/samuel/dev/airflow_learning/venv/lib/python3.10/site-packages/airflow/example_dags/example_short_circuit_operator.py
[2023-08-24T15:48:51.380+0100] {logging_mixin.py:151} INFO - [2023-08-24T15:48:51.380+0100] {dag.py:2907} INFO - Sync 1 DAGs
[2023-08-24T15:48:51.399+0100] {logging_mixin.py:151} INFO - [2023-08-24T15:48:51.399+0100] {dag.py:3677} INFO - Setting next_dagrun for example_short_circuit_operator to 2023-08-23T14:48:51.399106+00:00, run_after=2023-08-24T14:48:51.399106+00:00
[2023-08-24T15:48:51.531+0100] {processor.py:179} INFO - Processing /home/samuel/dev/airflow_learning/venv/lib/python3.10/site-packages/airflow/example_dags/example_short_circuit_operator.py took 0.189 seconds
[2023-08-24T15:49:41.478+0100] {processor.py:157} INFO - Started process (PID=7203) to work on /home/samuel/dev/airflow_learning/venv/lib/python3.10/site-packages/airflow/example_dags/example_short_circuit_operator.py
[2023-08-24T15:49:41.488+0100] {processor.py:829} INFO - Processing file /home/samuel/dev/airflow_learning/venv/lib/python3.10/site-packages/airflow/example_dags/example_short_circuit_operator.py for tasks to queue
[2023-08-24T15:49:41.489+0100] {logging_mixin.py:151} INFO - [2023-08-24T15:49:41.488+0100] {dagbag.py:539} INFO - Filling up the DagBag from /home/samuel/dev/airflow_learning/venv/lib/python3.10/site-packages/airflow/example_dags/example_short_circuit_operator.py
[2023-08-24T15:49:41.500+0100] {processor.py:839} INFO - DAG(s) dict_keys(['example_short_circuit_operator']) retrieved from /home/samuel/dev/airflow_learning/venv/lib/python3.10/site-packages/airflow/example_dags/example_short_circuit_operator.py
[2023-08-24T15:49:41.521+0100] {logging_mixin.py:151} INFO - [2023-08-24T15:49:41.521+0100] {dag.py:2907} INFO - Sync 1 DAGs
[2023-08-24T15:49:41.543+0100] {logging_mixin.py:151} INFO - [2023-08-24T15:49:41.543+0100] {dag.py:3677} INFO - Setting next_dagrun for example_short_circuit_operator to 2023-08-23T14:49:41.542988+00:00, run_after=2023-08-24T14:49:41.542988+00:00
[2023-08-24T15:49:41.660+0100] {processor.py:179} INFO - Processing /home/samuel/dev/airflow_learning/venv/lib/python3.10/site-packages/airflow/example_dags/example_short_circuit_operator.py took 0.185 seconds
[2023-08-24T15:50:30.339+0100] {processor.py:157} INFO - Started process (PID=7249) to work on /home/samuel/dev/airflow_learning/venv/lib/python3.10/site-packages/airflow/example_dags/example_short_circuit_operator.py
[2023-08-24T15:50:30.341+0100] {processor.py:829} INFO - Processing file /home/samuel/dev/airflow_learning/venv/lib/python3.10/site-packages/airflow/example_dags/example_short_circuit_operator.py for tasks to queue
[2023-08-24T15:50:30.342+0100] {logging_mixin.py:151} INFO - [2023-08-24T15:50:30.341+0100] {dagbag.py:539} INFO - Filling up the DagBag from /home/samuel/dev/airflow_learning/venv/lib/python3.10/site-packages/airflow/example_dags/example_short_circuit_operator.py
[2023-08-24T15:50:30.351+0100] {processor.py:839} INFO - DAG(s) dict_keys(['example_short_circuit_operator']) retrieved from /home/samuel/dev/airflow_learning/venv/lib/python3.10/site-packages/airflow/example_dags/example_short_circuit_operator.py
[2023-08-24T15:50:30.369+0100] {logging_mixin.py:151} INFO - [2023-08-24T15:50:30.368+0100] {dag.py:2907} INFO - Sync 1 DAGs
[2023-08-24T15:50:30.387+0100] {logging_mixin.py:151} INFO - [2023-08-24T15:50:30.387+0100] {dag.py:3677} INFO - Setting next_dagrun for example_short_circuit_operator to 2023-08-23T14:50:30.386812+00:00, run_after=2023-08-24T14:50:30.386812+00:00
[2023-08-24T15:50:30.504+0100] {processor.py:179} INFO - Processing /home/samuel/dev/airflow_learning/venv/lib/python3.10/site-packages/airflow/example_dags/example_short_circuit_operator.py took 0.169 seconds
[2023-08-24T15:51:22.525+0100] {processor.py:157} INFO - Started process (PID=7298) to work on /home/samuel/dev/airflow_learning/venv/lib/python3.10/site-packages/airflow/example_dags/example_short_circuit_operator.py
[2023-08-24T15:51:22.528+0100] {processor.py:829} INFO - Processing file /home/samuel/dev/airflow_learning/venv/lib/python3.10/site-packages/airflow/example_dags/example_short_circuit_operator.py for tasks to queue
[2023-08-24T15:51:22.529+0100] {logging_mixin.py:151} INFO - [2023-08-24T15:51:22.529+0100] {dagbag.py:539} INFO - Filling up the DagBag from /home/samuel/dev/airflow_learning/venv/lib/python3.10/site-packages/airflow/example_dags/example_short_circuit_operator.py
[2023-08-24T15:51:22.540+0100] {processor.py:839} INFO - DAG(s) dict_keys(['example_short_circuit_operator']) retrieved from /home/samuel/dev/airflow_learning/venv/lib/python3.10/site-packages/airflow/example_dags/example_short_circuit_operator.py
[2023-08-24T15:51:22.561+0100] {logging_mixin.py:151} INFO - [2023-08-24T15:51:22.561+0100] {dag.py:2907} INFO - Sync 1 DAGs
[2023-08-24T15:51:22.591+0100] {logging_mixin.py:151} INFO - [2023-08-24T15:51:22.591+0100] {dag.py:3677} INFO - Setting next_dagrun for example_short_circuit_operator to 2023-08-23T14:51:22.590728+00:00, run_after=2023-08-24T14:51:22.590728+00:00
[2023-08-24T15:51:22.711+0100] {processor.py:179} INFO - Processing /home/samuel/dev/airflow_learning/venv/lib/python3.10/site-packages/airflow/example_dags/example_short_circuit_operator.py took 0.190 seconds
[2023-08-24T15:52:13.521+0100] {processor.py:157} INFO - Started process (PID=7356) to work on /home/samuel/dev/airflow_learning/venv/lib/python3.10/site-packages/airflow/example_dags/example_short_circuit_operator.py
[2023-08-24T15:52:13.524+0100] {processor.py:829} INFO - Processing file /home/samuel/dev/airflow_learning/venv/lib/python3.10/site-packages/airflow/example_dags/example_short_circuit_operator.py for tasks to queue
[2023-08-24T15:52:13.525+0100] {logging_mixin.py:151} INFO - [2023-08-24T15:52:13.525+0100] {dagbag.py:539} INFO - Filling up the DagBag from /home/samuel/dev/airflow_learning/venv/lib/python3.10/site-packages/airflow/example_dags/example_short_circuit_operator.py
[2023-08-24T15:52:13.537+0100] {processor.py:839} INFO - DAG(s) dict_keys(['example_short_circuit_operator']) retrieved from /home/samuel/dev/airflow_learning/venv/lib/python3.10/site-packages/airflow/example_dags/example_short_circuit_operator.py
[2023-08-24T15:52:13.558+0100] {logging_mixin.py:151} INFO - [2023-08-24T15:52:13.557+0100] {dag.py:2907} INFO - Sync 1 DAGs
[2023-08-24T15:52:13.579+0100] {logging_mixin.py:151} INFO - [2023-08-24T15:52:13.578+0100] {dag.py:3677} INFO - Setting next_dagrun for example_short_circuit_operator to 2023-08-23T14:52:13.578602+00:00, run_after=2023-08-24T14:52:13.578602+00:00
[2023-08-24T15:52:13.723+0100] {processor.py:179} INFO - Processing /home/samuel/dev/airflow_learning/venv/lib/python3.10/site-packages/airflow/example_dags/example_short_circuit_operator.py took 0.206 seconds
[2023-08-24T15:53:02.042+0100] {processor.py:157} INFO - Started process (PID=7405) to work on /home/samuel/dev/airflow_learning/venv/lib/python3.10/site-packages/airflow/example_dags/example_short_circuit_operator.py
[2023-08-24T15:53:02.044+0100] {processor.py:829} INFO - Processing file /home/samuel/dev/airflow_learning/venv/lib/python3.10/site-packages/airflow/example_dags/example_short_circuit_operator.py for tasks to queue
[2023-08-24T15:53:02.046+0100] {logging_mixin.py:151} INFO - [2023-08-24T15:53:02.045+0100] {dagbag.py:539} INFO - Filling up the DagBag from /home/samuel/dev/airflow_learning/venv/lib/python3.10/site-packages/airflow/example_dags/example_short_circuit_operator.py
[2023-08-24T15:53:02.057+0100] {processor.py:839} INFO - DAG(s) dict_keys(['example_short_circuit_operator']) retrieved from /home/samuel/dev/airflow_learning/venv/lib/python3.10/site-packages/airflow/example_dags/example_short_circuit_operator.py
[2023-08-24T15:53:02.077+0100] {logging_mixin.py:151} INFO - [2023-08-24T15:53:02.077+0100] {dag.py:2907} INFO - Sync 1 DAGs
[2023-08-24T15:53:02.096+0100] {logging_mixin.py:151} INFO - [2023-08-24T15:53:02.096+0100] {dag.py:3677} INFO - Setting next_dagrun for example_short_circuit_operator to 2023-08-23T14:53:02.096166+00:00, run_after=2023-08-24T14:53:02.096166+00:00
[2023-08-24T15:53:02.223+0100] {processor.py:179} INFO - Processing /home/samuel/dev/airflow_learning/venv/lib/python3.10/site-packages/airflow/example_dags/example_short_circuit_operator.py took 0.184 seconds
[2023-08-24T15:53:55.894+0100] {processor.py:157} INFO - Started process (PID=7526) to work on /home/samuel/dev/airflow_learning/venv/lib/python3.10/site-packages/airflow/example_dags/example_short_circuit_operator.py
[2023-08-24T15:53:55.902+0100] {processor.py:829} INFO - Processing file /home/samuel/dev/airflow_learning/venv/lib/python3.10/site-packages/airflow/example_dags/example_short_circuit_operator.py for tasks to queue
[2023-08-24T15:53:55.903+0100] {logging_mixin.py:151} INFO - [2023-08-24T15:53:55.903+0100] {dagbag.py:539} INFO - Filling up the DagBag from /home/samuel/dev/airflow_learning/venv/lib/python3.10/site-packages/airflow/example_dags/example_short_circuit_operator.py
[2023-08-24T15:53:55.914+0100] {processor.py:839} INFO - DAG(s) dict_keys(['example_short_circuit_operator']) retrieved from /home/samuel/dev/airflow_learning/venv/lib/python3.10/site-packages/airflow/example_dags/example_short_circuit_operator.py
[2023-08-24T15:53:55.936+0100] {logging_mixin.py:151} INFO - [2023-08-24T15:53:55.936+0100] {dag.py:2907} INFO - Sync 1 DAGs
[2023-08-24T15:53:55.956+0100] {logging_mixin.py:151} INFO - [2023-08-24T15:53:55.956+0100] {dag.py:3677} INFO - Setting next_dagrun for example_short_circuit_operator to 2023-08-23T14:53:55.956048+00:00, run_after=2023-08-24T14:53:55.956048+00:00
[2023-08-24T15:53:56.164+0100] {processor.py:179} INFO - Processing /home/samuel/dev/airflow_learning/venv/lib/python3.10/site-packages/airflow/example_dags/example_short_circuit_operator.py took 0.274 seconds
[2023-08-24T15:55:01.897+0100] {processor.py:157} INFO - Started process (PID=7612) to work on /home/samuel/dev/airflow_learning/venv/lib/python3.10/site-packages/airflow/example_dags/example_short_circuit_operator.py
[2023-08-24T15:55:01.957+0100] {processor.py:829} INFO - Processing file /home/samuel/dev/airflow_learning/venv/lib/python3.10/site-packages/airflow/example_dags/example_short_circuit_operator.py for tasks to queue
[2023-08-24T15:55:01.959+0100] {logging_mixin.py:151} INFO - [2023-08-24T15:55:01.958+0100] {dagbag.py:539} INFO - Filling up the DagBag from /home/samuel/dev/airflow_learning/venv/lib/python3.10/site-packages/airflow/example_dags/example_short_circuit_operator.py
[2023-08-24T15:55:01.969+0100] {processor.py:839} INFO - DAG(s) dict_keys(['example_short_circuit_operator']) retrieved from /home/samuel/dev/airflow_learning/venv/lib/python3.10/site-packages/airflow/example_dags/example_short_circuit_operator.py
[2023-08-24T15:55:01.993+0100] {logging_mixin.py:151} INFO - [2023-08-24T15:55:01.992+0100] {dag.py:2907} INFO - Sync 1 DAGs
[2023-08-24T15:55:02.016+0100] {logging_mixin.py:151} INFO - [2023-08-24T15:55:02.016+0100] {dag.py:3677} INFO - Setting next_dagrun for example_short_circuit_operator to 2023-08-23T14:55:02.015746+00:00, run_after=2023-08-24T14:55:02.015746+00:00
[2023-08-24T15:55:02.123+0100] {processor.py:179} INFO - Processing /home/samuel/dev/airflow_learning/venv/lib/python3.10/site-packages/airflow/example_dags/example_short_circuit_operator.py took 0.229 seconds
[2023-08-24T15:56:00.271+0100] {processor.py:157} INFO - Started process (PID=7704) to work on /home/samuel/dev/airflow_learning/venv/lib/python3.10/site-packages/airflow/example_dags/example_short_circuit_operator.py
[2023-08-24T15:56:00.307+0100] {processor.py:829} INFO - Processing file /home/samuel/dev/airflow_learning/venv/lib/python3.10/site-packages/airflow/example_dags/example_short_circuit_operator.py for tasks to queue
[2023-08-24T15:56:00.309+0100] {logging_mixin.py:151} INFO - [2023-08-24T15:56:00.308+0100] {dagbag.py:539} INFO - Filling up the DagBag from /home/samuel/dev/airflow_learning/venv/lib/python3.10/site-packages/airflow/example_dags/example_short_circuit_operator.py
[2023-08-24T15:56:00.321+0100] {processor.py:839} INFO - DAG(s) dict_keys(['example_short_circuit_operator']) retrieved from /home/samuel/dev/airflow_learning/venv/lib/python3.10/site-packages/airflow/example_dags/example_short_circuit_operator.py
[2023-08-24T15:56:00.345+0100] {logging_mixin.py:151} INFO - [2023-08-24T15:56:00.345+0100] {dag.py:2907} INFO - Sync 1 DAGs
[2023-08-24T15:56:00.373+0100] {logging_mixin.py:151} INFO - [2023-08-24T15:56:00.373+0100] {dag.py:3677} INFO - Setting next_dagrun for example_short_circuit_operator to 2023-08-23T14:56:00.373117+00:00, run_after=2023-08-24T14:56:00.373117+00:00
[2023-08-24T15:56:00.499+0100] {processor.py:179} INFO - Processing /home/samuel/dev/airflow_learning/venv/lib/python3.10/site-packages/airflow/example_dags/example_short_circuit_operator.py took 0.232 seconds
[2023-08-24T15:56:52.454+0100] {processor.py:157} INFO - Started process (PID=7854) to work on /home/samuel/dev/airflow_learning/venv/lib/python3.10/site-packages/airflow/example_dags/example_short_circuit_operator.py
[2023-08-24T15:56:52.478+0100] {processor.py:829} INFO - Processing file /home/samuel/dev/airflow_learning/venv/lib/python3.10/site-packages/airflow/example_dags/example_short_circuit_operator.py for tasks to queue
[2023-08-24T15:56:52.479+0100] {logging_mixin.py:151} INFO - [2023-08-24T15:56:52.479+0100] {dagbag.py:539} INFO - Filling up the DagBag from /home/samuel/dev/airflow_learning/venv/lib/python3.10/site-packages/airflow/example_dags/example_short_circuit_operator.py
[2023-08-24T15:56:52.487+0100] {processor.py:839} INFO - DAG(s) dict_keys(['example_short_circuit_operator']) retrieved from /home/samuel/dev/airflow_learning/venv/lib/python3.10/site-packages/airflow/example_dags/example_short_circuit_operator.py
[2023-08-24T15:56:52.509+0100] {logging_mixin.py:151} INFO - [2023-08-24T15:56:52.509+0100] {dag.py:2907} INFO - Sync 1 DAGs
[2023-08-24T15:56:52.533+0100] {logging_mixin.py:151} INFO - [2023-08-24T15:56:52.533+0100] {dag.py:3677} INFO - Setting next_dagrun for example_short_circuit_operator to 2023-08-23T14:56:52.533077+00:00, run_after=2023-08-24T14:56:52.533077+00:00
[2023-08-24T15:56:52.652+0100] {processor.py:179} INFO - Processing /home/samuel/dev/airflow_learning/venv/lib/python3.10/site-packages/airflow/example_dags/example_short_circuit_operator.py took 0.200 seconds
[2023-08-24T15:57:43.823+0100] {processor.py:157} INFO - Started process (PID=7903) to work on /home/samuel/dev/airflow_learning/venv/lib/python3.10/site-packages/airflow/example_dags/example_short_circuit_operator.py
[2023-08-24T15:57:43.861+0100] {processor.py:829} INFO - Processing file /home/samuel/dev/airflow_learning/venv/lib/python3.10/site-packages/airflow/example_dags/example_short_circuit_operator.py for tasks to queue
[2023-08-24T15:57:43.862+0100] {logging_mixin.py:151} INFO - [2023-08-24T15:57:43.861+0100] {dagbag.py:539} INFO - Filling up the DagBag from /home/samuel/dev/airflow_learning/venv/lib/python3.10/site-packages/airflow/example_dags/example_short_circuit_operator.py
[2023-08-24T15:57:43.874+0100] {processor.py:839} INFO - DAG(s) dict_keys(['example_short_circuit_operator']) retrieved from /home/samuel/dev/airflow_learning/venv/lib/python3.10/site-packages/airflow/example_dags/example_short_circuit_operator.py
[2023-08-24T15:57:43.898+0100] {logging_mixin.py:151} INFO - [2023-08-24T15:57:43.898+0100] {dag.py:2907} INFO - Sync 1 DAGs
[2023-08-24T15:57:43.919+0100] {logging_mixin.py:151} INFO - [2023-08-24T15:57:43.919+0100] {dag.py:3677} INFO - Setting next_dagrun for example_short_circuit_operator to 2023-08-23T14:57:43.919523+00:00, run_after=2023-08-24T14:57:43.919523+00:00
[2023-08-24T15:57:44.034+0100] {processor.py:179} INFO - Processing /home/samuel/dev/airflow_learning/venv/lib/python3.10/site-packages/airflow/example_dags/example_short_circuit_operator.py took 0.215 seconds
[2023-08-24T15:58:36.629+0100] {processor.py:157} INFO - Started process (PID=7961) to work on /home/samuel/dev/airflow_learning/venv/lib/python3.10/site-packages/airflow/example_dags/example_short_circuit_operator.py
[2023-08-24T15:58:36.632+0100] {processor.py:829} INFO - Processing file /home/samuel/dev/airflow_learning/venv/lib/python3.10/site-packages/airflow/example_dags/example_short_circuit_operator.py for tasks to queue
[2023-08-24T15:58:36.633+0100] {logging_mixin.py:151} INFO - [2023-08-24T15:58:36.632+0100] {dagbag.py:539} INFO - Filling up the DagBag from /home/samuel/dev/airflow_learning/venv/lib/python3.10/site-packages/airflow/example_dags/example_short_circuit_operator.py
[2023-08-24T15:58:36.644+0100] {processor.py:839} INFO - DAG(s) dict_keys(['example_short_circuit_operator']) retrieved from /home/samuel/dev/airflow_learning/venv/lib/python3.10/site-packages/airflow/example_dags/example_short_circuit_operator.py
[2023-08-24T15:58:36.665+0100] {logging_mixin.py:151} INFO - [2023-08-24T15:58:36.665+0100] {dag.py:2907} INFO - Sync 1 DAGs
[2023-08-24T15:58:36.685+0100] {logging_mixin.py:151} INFO - [2023-08-24T15:58:36.685+0100] {dag.py:3677} INFO - Setting next_dagrun for example_short_circuit_operator to 2023-08-23T14:58:36.684953+00:00, run_after=2023-08-24T14:58:36.684953+00:00
[2023-08-24T15:58:36.819+0100] {processor.py:179} INFO - Processing /home/samuel/dev/airflow_learning/venv/lib/python3.10/site-packages/airflow/example_dags/example_short_circuit_operator.py took 0.193 seconds
[2023-08-24T15:59:30.497+0100] {processor.py:157} INFO - Started process (PID=8048) to work on /home/samuel/dev/airflow_learning/venv/lib/python3.10/site-packages/airflow/example_dags/example_short_circuit_operator.py
[2023-08-24T15:59:30.500+0100] {processor.py:829} INFO - Processing file /home/samuel/dev/airflow_learning/venv/lib/python3.10/site-packages/airflow/example_dags/example_short_circuit_operator.py for tasks to queue
[2023-08-24T15:59:30.501+0100] {logging_mixin.py:151} INFO - [2023-08-24T15:59:30.501+0100] {dagbag.py:539} INFO - Filling up the DagBag from /home/samuel/dev/airflow_learning/venv/lib/python3.10/site-packages/airflow/example_dags/example_short_circuit_operator.py
[2023-08-24T15:59:30.515+0100] {processor.py:839} INFO - DAG(s) dict_keys(['example_short_circuit_operator']) retrieved from /home/samuel/dev/airflow_learning/venv/lib/python3.10/site-packages/airflow/example_dags/example_short_circuit_operator.py
[2023-08-24T15:59:30.538+0100] {logging_mixin.py:151} INFO - [2023-08-24T15:59:30.537+0100] {dag.py:2907} INFO - Sync 1 DAGs
[2023-08-24T15:59:30.558+0100] {logging_mixin.py:151} INFO - [2023-08-24T15:59:30.558+0100] {dag.py:3677} INFO - Setting next_dagrun for example_short_circuit_operator to 2023-08-23T14:59:30.558010+00:00, run_after=2023-08-24T14:59:30.558010+00:00
[2023-08-24T15:59:30.721+0100] {processor.py:179} INFO - Processing /home/samuel/dev/airflow_learning/venv/lib/python3.10/site-packages/airflow/example_dags/example_short_circuit_operator.py took 0.228 seconds
[2023-08-24T16:00:29.197+0100] {processor.py:157} INFO - Started process (PID=8291) to work on /home/samuel/dev/airflow_learning/venv/lib/python3.10/site-packages/airflow/example_dags/example_short_circuit_operator.py
[2023-08-24T16:00:29.210+0100] {processor.py:829} INFO - Processing file /home/samuel/dev/airflow_learning/venv/lib/python3.10/site-packages/airflow/example_dags/example_short_circuit_operator.py for tasks to queue
[2023-08-24T16:00:29.211+0100] {logging_mixin.py:151} INFO - [2023-08-24T16:00:29.210+0100] {dagbag.py:539} INFO - Filling up the DagBag from /home/samuel/dev/airflow_learning/venv/lib/python3.10/site-packages/airflow/example_dags/example_short_circuit_operator.py
[2023-08-24T16:00:29.221+0100] {processor.py:839} INFO - DAG(s) dict_keys(['example_short_circuit_operator']) retrieved from /home/samuel/dev/airflow_learning/venv/lib/python3.10/site-packages/airflow/example_dags/example_short_circuit_operator.py
[2023-08-24T16:00:29.245+0100] {logging_mixin.py:151} INFO - [2023-08-24T16:00:29.245+0100] {dag.py:2907} INFO - Sync 1 DAGs
[2023-08-24T16:00:29.274+0100] {logging_mixin.py:151} INFO - [2023-08-24T16:00:29.274+0100] {dag.py:3677} INFO - Setting next_dagrun for example_short_circuit_operator to 2023-08-23T15:00:29.273825+00:00, run_after=2023-08-24T15:00:29.273825+00:00
[2023-08-24T16:00:29.380+0100] {processor.py:179} INFO - Processing /home/samuel/dev/airflow_learning/venv/lib/python3.10/site-packages/airflow/example_dags/example_short_circuit_operator.py took 0.187 seconds
[2023-08-24T16:01:22.314+0100] {processor.py:157} INFO - Started process (PID=8360) to work on /home/samuel/dev/airflow_learning/venv/lib/python3.10/site-packages/airflow/example_dags/example_short_circuit_operator.py
[2023-08-24T16:01:22.315+0100] {processor.py:829} INFO - Processing file /home/samuel/dev/airflow_learning/venv/lib/python3.10/site-packages/airflow/example_dags/example_short_circuit_operator.py for tasks to queue
[2023-08-24T16:01:22.316+0100] {logging_mixin.py:151} INFO - [2023-08-24T16:01:22.316+0100] {dagbag.py:539} INFO - Filling up the DagBag from /home/samuel/dev/airflow_learning/venv/lib/python3.10/site-packages/airflow/example_dags/example_short_circuit_operator.py
[2023-08-24T16:01:22.326+0100] {processor.py:839} INFO - DAG(s) dict_keys(['example_short_circuit_operator']) retrieved from /home/samuel/dev/airflow_learning/venv/lib/python3.10/site-packages/airflow/example_dags/example_short_circuit_operator.py
[2023-08-24T16:01:22.344+0100] {logging_mixin.py:151} INFO - [2023-08-24T16:01:22.344+0100] {dag.py:2907} INFO - Sync 1 DAGs
[2023-08-24T16:01:22.367+0100] {logging_mixin.py:151} INFO - [2023-08-24T16:01:22.366+0100] {dag.py:3677} INFO - Setting next_dagrun for example_short_circuit_operator to 2023-08-23T15:01:22.366695+00:00, run_after=2023-08-24T15:01:22.366695+00:00
[2023-08-24T16:01:22.500+0100] {processor.py:179} INFO - Processing /home/samuel/dev/airflow_learning/venv/lib/python3.10/site-packages/airflow/example_dags/example_short_circuit_operator.py took 0.190 seconds
[2023-08-24T16:02:16.281+0100] {processor.py:157} INFO - Started process (PID=8450) to work on /home/samuel/dev/airflow_learning/venv/lib/python3.10/site-packages/airflow/example_dags/example_short_circuit_operator.py
[2023-08-24T16:02:16.282+0100] {processor.py:829} INFO - Processing file /home/samuel/dev/airflow_learning/venv/lib/python3.10/site-packages/airflow/example_dags/example_short_circuit_operator.py for tasks to queue
[2023-08-24T16:02:16.283+0100] {logging_mixin.py:151} INFO - [2023-08-24T16:02:16.283+0100] {dagbag.py:539} INFO - Filling up the DagBag from /home/samuel/dev/airflow_learning/venv/lib/python3.10/site-packages/airflow/example_dags/example_short_circuit_operator.py
[2023-08-24T16:02:16.294+0100] {processor.py:839} INFO - DAG(s) dict_keys(['example_short_circuit_operator']) retrieved from /home/samuel/dev/airflow_learning/venv/lib/python3.10/site-packages/airflow/example_dags/example_short_circuit_operator.py
[2023-08-24T16:02:16.318+0100] {logging_mixin.py:151} INFO - [2023-08-24T16:02:16.317+0100] {dag.py:2907} INFO - Sync 1 DAGs
[2023-08-24T16:02:16.339+0100] {logging_mixin.py:151} INFO - [2023-08-24T16:02:16.338+0100] {dag.py:3677} INFO - Setting next_dagrun for example_short_circuit_operator to 2023-08-23T15:02:16.338490+00:00, run_after=2023-08-24T15:02:16.338490+00:00
[2023-08-24T16:02:16.455+0100] {processor.py:179} INFO - Processing /home/samuel/dev/airflow_learning/venv/lib/python3.10/site-packages/airflow/example_dags/example_short_circuit_operator.py took 0.178 seconds
[2023-08-24T16:03:09.336+0100] {processor.py:157} INFO - Started process (PID=8513) to work on /home/samuel/dev/airflow_learning/venv/lib/python3.10/site-packages/airflow/example_dags/example_short_circuit_operator.py
[2023-08-24T16:03:09.353+0100] {processor.py:829} INFO - Processing file /home/samuel/dev/airflow_learning/venv/lib/python3.10/site-packages/airflow/example_dags/example_short_circuit_operator.py for tasks to queue
[2023-08-24T16:03:09.354+0100] {logging_mixin.py:151} INFO - [2023-08-24T16:03:09.353+0100] {dagbag.py:539} INFO - Filling up the DagBag from /home/samuel/dev/airflow_learning/venv/lib/python3.10/site-packages/airflow/example_dags/example_short_circuit_operator.py
[2023-08-24T16:03:09.365+0100] {processor.py:839} INFO - DAG(s) dict_keys(['example_short_circuit_operator']) retrieved from /home/samuel/dev/airflow_learning/venv/lib/python3.10/site-packages/airflow/example_dags/example_short_circuit_operator.py
[2023-08-24T16:03:09.386+0100] {logging_mixin.py:151} INFO - [2023-08-24T16:03:09.386+0100] {dag.py:2907} INFO - Sync 1 DAGs
[2023-08-24T16:03:09.405+0100] {logging_mixin.py:151} INFO - [2023-08-24T16:03:09.405+0100] {dag.py:3677} INFO - Setting next_dagrun for example_short_circuit_operator to 2023-08-23T15:03:09.405257+00:00, run_after=2023-08-24T15:03:09.405257+00:00
[2023-08-24T16:03:09.506+0100] {processor.py:179} INFO - Processing /home/samuel/dev/airflow_learning/venv/lib/python3.10/site-packages/airflow/example_dags/example_short_circuit_operator.py took 0.175 seconds
[2023-08-24T16:04:02.078+0100] {processor.py:157} INFO - Started process (PID=8587) to work on /home/samuel/dev/airflow_learning/venv/lib/python3.10/site-packages/airflow/example_dags/example_short_circuit_operator.py
[2023-08-24T16:04:02.113+0100] {processor.py:829} INFO - Processing file /home/samuel/dev/airflow_learning/venv/lib/python3.10/site-packages/airflow/example_dags/example_short_circuit_operator.py for tasks to queue
[2023-08-24T16:04:02.114+0100] {logging_mixin.py:151} INFO - [2023-08-24T16:04:02.114+0100] {dagbag.py:539} INFO - Filling up the DagBag from /home/samuel/dev/airflow_learning/venv/lib/python3.10/site-packages/airflow/example_dags/example_short_circuit_operator.py
[2023-08-24T16:04:02.125+0100] {processor.py:839} INFO - DAG(s) dict_keys(['example_short_circuit_operator']) retrieved from /home/samuel/dev/airflow_learning/venv/lib/python3.10/site-packages/airflow/example_dags/example_short_circuit_operator.py
[2023-08-24T16:04:02.149+0100] {logging_mixin.py:151} INFO - [2023-08-24T16:04:02.149+0100] {dag.py:2907} INFO - Sync 1 DAGs
[2023-08-24T16:04:02.171+0100] {logging_mixin.py:151} INFO - [2023-08-24T16:04:02.171+0100] {dag.py:3677} INFO - Setting next_dagrun for example_short_circuit_operator to 2023-08-23T15:04:02.170767+00:00, run_after=2023-08-24T15:04:02.170767+00:00
[2023-08-24T16:04:02.288+0100] {processor.py:179} INFO - Processing /home/samuel/dev/airflow_learning/venv/lib/python3.10/site-packages/airflow/example_dags/example_short_circuit_operator.py took 0.214 seconds
