[2023-08-24T15:22:31.906+0100] {processor.py:157} INFO - Started process (PID=5359) to work on /home/samuel/dev/airflow_learning/venv/lib/python3.10/site-packages/airflow/example_dags/example_latest_only.py
[2023-08-24T15:22:31.907+0100] {processor.py:829} INFO - Processing file /home/samuel/dev/airflow_learning/venv/lib/python3.10/site-packages/airflow/example_dags/example_latest_only.py for tasks to queue
[2023-08-24T15:22:31.908+0100] {logging_mixin.py:151} INFO - [2023-08-24T15:22:31.908+0100] {dagbag.py:539} INFO - Filling up the DagBag from /home/samuel/dev/airflow_learning/venv/lib/python3.10/site-packages/airflow/example_dags/example_latest_only.py
[2023-08-24T15:22:31.916+0100] {processor.py:839} INFO - DAG(s) dict_keys(['latest_only']) retrieved from /home/samuel/dev/airflow_learning/venv/lib/python3.10/site-packages/airflow/example_dags/example_latest_only.py
[2023-08-24T15:22:32.211+0100] {logging_mixin.py:151} INFO - [2023-08-24T15:22:32.211+0100] {manager.py:501} INFO - Created Permission View: can edit on DAG:latest_only
[2023-08-24T15:22:32.335+0100] {logging_mixin.py:151} INFO - [2023-08-24T15:22:32.334+0100] {manager.py:501} INFO - Created Permission View: can delete on DAG:latest_only
[2023-08-24T15:22:32.445+0100] {logging_mixin.py:151} INFO - [2023-08-24T15:22:32.444+0100] {manager.py:501} INFO - Created Permission View: can read on DAG:latest_only
[2023-08-24T15:22:32.479+0100] {logging_mixin.py:151} INFO - [2023-08-24T15:22:32.478+0100] {dag.py:2907} INFO - Sync 1 DAGs
[2023-08-24T15:22:32.499+0100] {logging_mixin.py:151} INFO - [2023-08-24T15:22:32.499+0100] {dag.py:2929} INFO - Creating ORM DAG for latest_only
[2023-08-24T15:22:32.513+0100] {logging_mixin.py:151} INFO - [2023-08-24T15:22:32.513+0100] {dag.py:3677} INFO - Setting next_dagrun for latest_only to 2023-08-24T10:22:32.512866+00:00, run_after=2023-08-24T14:22:32.512866+00:00
[2023-08-24T15:22:32.676+0100] {processor.py:179} INFO - Processing /home/samuel/dev/airflow_learning/venv/lib/python3.10/site-packages/airflow/example_dags/example_latest_only.py took 0.773 seconds
[2023-08-24T15:23:47.174+0100] {processor.py:157} INFO - Started process (PID=5423) to work on /home/samuel/dev/airflow_learning/venv/lib/python3.10/site-packages/airflow/example_dags/example_latest_only.py
[2023-08-24T15:23:47.190+0100] {processor.py:829} INFO - Processing file /home/samuel/dev/airflow_learning/venv/lib/python3.10/site-packages/airflow/example_dags/example_latest_only.py for tasks to queue
[2023-08-24T15:23:47.191+0100] {logging_mixin.py:151} INFO - [2023-08-24T15:23:47.191+0100] {dagbag.py:539} INFO - Filling up the DagBag from /home/samuel/dev/airflow_learning/venv/lib/python3.10/site-packages/airflow/example_dags/example_latest_only.py
[2023-08-24T15:23:47.198+0100] {processor.py:839} INFO - DAG(s) dict_keys(['latest_only']) retrieved from /home/samuel/dev/airflow_learning/venv/lib/python3.10/site-packages/airflow/example_dags/example_latest_only.py
[2023-08-24T15:23:47.217+0100] {logging_mixin.py:151} INFO - [2023-08-24T15:23:47.216+0100] {dag.py:2907} INFO - Sync 1 DAGs
[2023-08-24T15:23:47.239+0100] {logging_mixin.py:151} INFO - [2023-08-24T15:23:47.239+0100] {dag.py:3677} INFO - Setting next_dagrun for latest_only to 2023-08-24T10:23:47.239345+00:00, run_after=2023-08-24T14:23:47.239345+00:00
[2023-08-24T15:23:47.354+0100] {processor.py:179} INFO - Processing /home/samuel/dev/airflow_learning/venv/lib/python3.10/site-packages/airflow/example_dags/example_latest_only.py took 0.184 seconds
[2023-08-24T15:24:40.997+0100] {processor.py:157} INFO - Started process (PID=5481) to work on /home/samuel/dev/airflow_learning/venv/lib/python3.10/site-packages/airflow/example_dags/example_latest_only.py
[2023-08-24T15:24:41.017+0100] {processor.py:829} INFO - Processing file /home/samuel/dev/airflow_learning/venv/lib/python3.10/site-packages/airflow/example_dags/example_latest_only.py for tasks to queue
[2023-08-24T15:24:41.018+0100] {logging_mixin.py:151} INFO - [2023-08-24T15:24:41.018+0100] {dagbag.py:539} INFO - Filling up the DagBag from /home/samuel/dev/airflow_learning/venv/lib/python3.10/site-packages/airflow/example_dags/example_latest_only.py
[2023-08-24T15:24:41.029+0100] {processor.py:839} INFO - DAG(s) dict_keys(['latest_only']) retrieved from /home/samuel/dev/airflow_learning/venv/lib/python3.10/site-packages/airflow/example_dags/example_latest_only.py
[2023-08-24T15:24:41.050+0100] {logging_mixin.py:151} INFO - [2023-08-24T15:24:41.049+0100] {dag.py:2907} INFO - Sync 1 DAGs
[2023-08-24T15:24:41.071+0100] {logging_mixin.py:151} INFO - [2023-08-24T15:24:41.070+0100] {dag.py:3677} INFO - Setting next_dagrun for latest_only to 2023-08-24T10:24:41.070725+00:00, run_after=2023-08-24T14:24:41.070725+00:00
[2023-08-24T15:24:41.182+0100] {processor.py:179} INFO - Processing /home/samuel/dev/airflow_learning/venv/lib/python3.10/site-packages/airflow/example_dags/example_latest_only.py took 0.188 seconds
[2023-08-24T15:25:29.946+0100] {processor.py:157} INFO - Started process (PID=5530) to work on /home/samuel/dev/airflow_learning/venv/lib/python3.10/site-packages/airflow/example_dags/example_latest_only.py
[2023-08-24T15:25:29.949+0100] {processor.py:829} INFO - Processing file /home/samuel/dev/airflow_learning/venv/lib/python3.10/site-packages/airflow/example_dags/example_latest_only.py for tasks to queue
[2023-08-24T15:25:29.950+0100] {logging_mixin.py:151} INFO - [2023-08-24T15:25:29.950+0100] {dagbag.py:539} INFO - Filling up the DagBag from /home/samuel/dev/airflow_learning/venv/lib/python3.10/site-packages/airflow/example_dags/example_latest_only.py
[2023-08-24T15:25:29.957+0100] {processor.py:839} INFO - DAG(s) dict_keys(['latest_only']) retrieved from /home/samuel/dev/airflow_learning/venv/lib/python3.10/site-packages/airflow/example_dags/example_latest_only.py
[2023-08-24T15:25:29.973+0100] {logging_mixin.py:151} INFO - [2023-08-24T15:25:29.972+0100] {dag.py:2907} INFO - Sync 1 DAGs
[2023-08-24T15:25:29.992+0100] {logging_mixin.py:151} INFO - [2023-08-24T15:25:29.992+0100] {dag.py:3677} INFO - Setting next_dagrun for latest_only to 2023-08-24T10:25:29.992032+00:00, run_after=2023-08-24T14:25:29.992032+00:00
[2023-08-24T15:25:30.119+0100] {processor.py:179} INFO - Processing /home/samuel/dev/airflow_learning/venv/lib/python3.10/site-packages/airflow/example_dags/example_latest_only.py took 0.177 seconds
[2023-08-24T15:26:25.152+0100] {processor.py:157} INFO - Started process (PID=5581) to work on /home/samuel/dev/airflow_learning/venv/lib/python3.10/site-packages/airflow/example_dags/example_latest_only.py
[2023-08-24T15:26:25.154+0100] {processor.py:829} INFO - Processing file /home/samuel/dev/airflow_learning/venv/lib/python3.10/site-packages/airflow/example_dags/example_latest_only.py for tasks to queue
[2023-08-24T15:26:25.155+0100] {logging_mixin.py:151} INFO - [2023-08-24T15:26:25.155+0100] {dagbag.py:539} INFO - Filling up the DagBag from /home/samuel/dev/airflow_learning/venv/lib/python3.10/site-packages/airflow/example_dags/example_latest_only.py
[2023-08-24T15:26:25.162+0100] {processor.py:839} INFO - DAG(s) dict_keys(['latest_only']) retrieved from /home/samuel/dev/airflow_learning/venv/lib/python3.10/site-packages/airflow/example_dags/example_latest_only.py
[2023-08-24T15:26:25.179+0100] {logging_mixin.py:151} INFO - [2023-08-24T15:26:25.178+0100] {dag.py:2907} INFO - Sync 1 DAGs
[2023-08-24T15:26:25.198+0100] {logging_mixin.py:151} INFO - [2023-08-24T15:26:25.198+0100] {dag.py:3677} INFO - Setting next_dagrun for latest_only to 2023-08-24T10:26:25.198236+00:00, run_after=2023-08-24T14:26:25.198236+00:00
[2023-08-24T15:26:25.337+0100] {processor.py:179} INFO - Processing /home/samuel/dev/airflow_learning/venv/lib/python3.10/site-packages/airflow/example_dags/example_latest_only.py took 0.188 seconds
[2023-08-24T15:27:19.208+0100] {processor.py:157} INFO - Started process (PID=5632) to work on /home/samuel/dev/airflow_learning/venv/lib/python3.10/site-packages/airflow/example_dags/example_latest_only.py
[2023-08-24T15:27:19.244+0100] {processor.py:829} INFO - Processing file /home/samuel/dev/airflow_learning/venv/lib/python3.10/site-packages/airflow/example_dags/example_latest_only.py for tasks to queue
[2023-08-24T15:27:19.245+0100] {logging_mixin.py:151} INFO - [2023-08-24T15:27:19.244+0100] {dagbag.py:539} INFO - Filling up the DagBag from /home/samuel/dev/airflow_learning/venv/lib/python3.10/site-packages/airflow/example_dags/example_latest_only.py
[2023-08-24T15:27:19.254+0100] {processor.py:839} INFO - DAG(s) dict_keys(['latest_only']) retrieved from /home/samuel/dev/airflow_learning/venv/lib/python3.10/site-packages/airflow/example_dags/example_latest_only.py
[2023-08-24T15:27:19.276+0100] {logging_mixin.py:151} INFO - [2023-08-24T15:27:19.275+0100] {dag.py:2907} INFO - Sync 1 DAGs
[2023-08-24T15:27:19.304+0100] {logging_mixin.py:151} INFO - [2023-08-24T15:27:19.303+0100] {dag.py:3677} INFO - Setting next_dagrun for latest_only to 2023-08-24T10:27:19.303621+00:00, run_after=2023-08-24T14:27:19.303621+00:00
[2023-08-24T15:27:19.415+0100] {processor.py:179} INFO - Processing /home/samuel/dev/airflow_learning/venv/lib/python3.10/site-packages/airflow/example_dags/example_latest_only.py took 0.212 seconds
[2023-08-24T15:28:14.213+0100] {processor.py:157} INFO - Started process (PID=5688) to work on /home/samuel/dev/airflow_learning/venv/lib/python3.10/site-packages/airflow/example_dags/example_latest_only.py
[2023-08-24T15:28:14.237+0100] {processor.py:829} INFO - Processing file /home/samuel/dev/airflow_learning/venv/lib/python3.10/site-packages/airflow/example_dags/example_latest_only.py for tasks to queue
[2023-08-24T15:28:14.239+0100] {logging_mixin.py:151} INFO - [2023-08-24T15:28:14.238+0100] {dagbag.py:539} INFO - Filling up the DagBag from /home/samuel/dev/airflow_learning/venv/lib/python3.10/site-packages/airflow/example_dags/example_latest_only.py
[2023-08-24T15:28:14.245+0100] {processor.py:839} INFO - DAG(s) dict_keys(['latest_only']) retrieved from /home/samuel/dev/airflow_learning/venv/lib/python3.10/site-packages/airflow/example_dags/example_latest_only.py
[2023-08-24T15:28:14.261+0100] {logging_mixin.py:151} INFO - [2023-08-24T15:28:14.261+0100] {dag.py:2907} INFO - Sync 1 DAGs
[2023-08-24T15:28:14.282+0100] {logging_mixin.py:151} INFO - [2023-08-24T15:28:14.282+0100] {dag.py:3677} INFO - Setting next_dagrun for latest_only to 2023-08-24T10:28:14.281904+00:00, run_after=2023-08-24T14:28:14.281904+00:00
[2023-08-24T15:28:14.400+0100] {processor.py:179} INFO - Processing /home/samuel/dev/airflow_learning/venv/lib/python3.10/site-packages/airflow/example_dags/example_latest_only.py took 0.192 seconds
[2023-08-24T15:29:10.478+0100] {processor.py:157} INFO - Started process (PID=5760) to work on /home/samuel/dev/airflow_learning/venv/lib/python3.10/site-packages/airflow/example_dags/example_latest_only.py
[2023-08-24T15:29:10.499+0100] {processor.py:829} INFO - Processing file /home/samuel/dev/airflow_learning/venv/lib/python3.10/site-packages/airflow/example_dags/example_latest_only.py for tasks to queue
[2023-08-24T15:29:10.500+0100] {logging_mixin.py:151} INFO - [2023-08-24T15:29:10.500+0100] {dagbag.py:539} INFO - Filling up the DagBag from /home/samuel/dev/airflow_learning/venv/lib/python3.10/site-packages/airflow/example_dags/example_latest_only.py
[2023-08-24T15:29:10.508+0100] {processor.py:839} INFO - DAG(s) dict_keys(['latest_only']) retrieved from /home/samuel/dev/airflow_learning/venv/lib/python3.10/site-packages/airflow/example_dags/example_latest_only.py
[2023-08-24T15:29:10.526+0100] {logging_mixin.py:151} INFO - [2023-08-24T15:29:10.525+0100] {dag.py:2907} INFO - Sync 1 DAGs
[2023-08-24T15:29:10.546+0100] {logging_mixin.py:151} INFO - [2023-08-24T15:29:10.546+0100] {dag.py:3677} INFO - Setting next_dagrun for latest_only to 2023-08-24T10:29:10.546407+00:00, run_after=2023-08-24T14:29:10.546407+00:00
[2023-08-24T15:29:10.658+0100] {processor.py:179} INFO - Processing /home/samuel/dev/airflow_learning/venv/lib/python3.10/site-packages/airflow/example_dags/example_latest_only.py took 0.183 seconds
[2023-08-24T15:30:38.035+0100] {processor.py:157} INFO - Started process (PID=5938) to work on /home/samuel/dev/airflow_learning/venv/lib/python3.10/site-packages/airflow/example_dags/example_latest_only.py
[2023-08-24T15:30:38.073+0100] {processor.py:829} INFO - Processing file /home/samuel/dev/airflow_learning/venv/lib/python3.10/site-packages/airflow/example_dags/example_latest_only.py for tasks to queue
[2023-08-24T15:30:38.074+0100] {logging_mixin.py:151} INFO - [2023-08-24T15:30:38.074+0100] {dagbag.py:539} INFO - Filling up the DagBag from /home/samuel/dev/airflow_learning/venv/lib/python3.10/site-packages/airflow/example_dags/example_latest_only.py
[2023-08-24T15:30:38.080+0100] {processor.py:839} INFO - DAG(s) dict_keys(['latest_only']) retrieved from /home/samuel/dev/airflow_learning/venv/lib/python3.10/site-packages/airflow/example_dags/example_latest_only.py
[2023-08-24T15:30:38.095+0100] {logging_mixin.py:151} INFO - [2023-08-24T15:30:38.095+0100] {dag.py:2907} INFO - Sync 1 DAGs
[2023-08-24T15:30:38.117+0100] {logging_mixin.py:151} INFO - [2023-08-24T15:30:38.116+0100] {dag.py:3677} INFO - Setting next_dagrun for latest_only to 2023-08-24T10:30:38.116625+00:00, run_after=2023-08-24T14:30:38.116625+00:00
[2023-08-24T15:30:38.342+0100] {processor.py:179} INFO - Processing /home/samuel/dev/airflow_learning/venv/lib/python3.10/site-packages/airflow/example_dags/example_latest_only.py took 0.310 seconds
[2023-08-24T15:32:03.391+0100] {processor.py:157} INFO - Started process (PID=6071) to work on /home/samuel/dev/airflow_learning/venv/lib/python3.10/site-packages/airflow/example_dags/example_latest_only.py
[2023-08-24T15:32:03.411+0100] {processor.py:829} INFO - Processing file /home/samuel/dev/airflow_learning/venv/lib/python3.10/site-packages/airflow/example_dags/example_latest_only.py for tasks to queue
[2023-08-24T15:32:03.413+0100] {logging_mixin.py:151} INFO - [2023-08-24T15:32:03.412+0100] {dagbag.py:539} INFO - Filling up the DagBag from /home/samuel/dev/airflow_learning/venv/lib/python3.10/site-packages/airflow/example_dags/example_latest_only.py
[2023-08-24T15:32:03.420+0100] {processor.py:839} INFO - DAG(s) dict_keys(['latest_only']) retrieved from /home/samuel/dev/airflow_learning/venv/lib/python3.10/site-packages/airflow/example_dags/example_latest_only.py
[2023-08-24T15:32:03.438+0100] {logging_mixin.py:151} INFO - [2023-08-24T15:32:03.438+0100] {dag.py:2907} INFO - Sync 1 DAGs
[2023-08-24T15:32:03.459+0100] {logging_mixin.py:151} INFO - [2023-08-24T15:32:03.459+0100] {dag.py:3677} INFO - Setting next_dagrun for latest_only to 2023-08-24T10:32:03.459209+00:00, run_after=2023-08-24T14:32:03.459209+00:00
[2023-08-24T15:32:03.582+0100] {processor.py:179} INFO - Processing /home/samuel/dev/airflow_learning/venv/lib/python3.10/site-packages/airflow/example_dags/example_latest_only.py took 0.196 seconds
[2023-08-24T15:32:58.581+0100] {processor.py:157} INFO - Started process (PID=6134) to work on /home/samuel/dev/airflow_learning/venv/lib/python3.10/site-packages/airflow/example_dags/example_latest_only.py
[2023-08-24T15:32:58.616+0100] {processor.py:829} INFO - Processing file /home/samuel/dev/airflow_learning/venv/lib/python3.10/site-packages/airflow/example_dags/example_latest_only.py for tasks to queue
[2023-08-24T15:32:58.617+0100] {logging_mixin.py:151} INFO - [2023-08-24T15:32:58.617+0100] {dagbag.py:539} INFO - Filling up the DagBag from /home/samuel/dev/airflow_learning/venv/lib/python3.10/site-packages/airflow/example_dags/example_latest_only.py
[2023-08-24T15:32:58.625+0100] {processor.py:839} INFO - DAG(s) dict_keys(['latest_only']) retrieved from /home/samuel/dev/airflow_learning/venv/lib/python3.10/site-packages/airflow/example_dags/example_latest_only.py
[2023-08-24T15:32:58.645+0100] {logging_mixin.py:151} INFO - [2023-08-24T15:32:58.645+0100] {dag.py:2907} INFO - Sync 1 DAGs
[2023-08-24T15:32:58.668+0100] {logging_mixin.py:151} INFO - [2023-08-24T15:32:58.668+0100] {dag.py:3677} INFO - Setting next_dagrun for latest_only to 2023-08-24T10:32:58.667957+00:00, run_after=2023-08-24T14:32:58.667957+00:00
[2023-08-24T15:32:58.779+0100] {processor.py:179} INFO - Processing /home/samuel/dev/airflow_learning/venv/lib/python3.10/site-packages/airflow/example_dags/example_latest_only.py took 0.201 seconds
[2023-08-24T15:33:58.899+0100] {processor.py:157} INFO - Started process (PID=6197) to work on /home/samuel/dev/airflow_learning/venv/lib/python3.10/site-packages/airflow/example_dags/example_latest_only.py
[2023-08-24T15:33:58.901+0100] {processor.py:829} INFO - Processing file /home/samuel/dev/airflow_learning/venv/lib/python3.10/site-packages/airflow/example_dags/example_latest_only.py for tasks to queue
[2023-08-24T15:33:58.902+0100] {logging_mixin.py:151} INFO - [2023-08-24T15:33:58.902+0100] {dagbag.py:539} INFO - Filling up the DagBag from /home/samuel/dev/airflow_learning/venv/lib/python3.10/site-packages/airflow/example_dags/example_latest_only.py
[2023-08-24T15:33:58.910+0100] {processor.py:839} INFO - DAG(s) dict_keys(['latest_only']) retrieved from /home/samuel/dev/airflow_learning/venv/lib/python3.10/site-packages/airflow/example_dags/example_latest_only.py
[2023-08-24T15:33:58.928+0100] {logging_mixin.py:151} INFO - [2023-08-24T15:33:58.928+0100] {dag.py:2907} INFO - Sync 1 DAGs
[2023-08-24T15:33:58.950+0100] {logging_mixin.py:151} INFO - [2023-08-24T15:33:58.950+0100] {dag.py:3677} INFO - Setting next_dagrun for latest_only to 2023-08-24T10:33:58.949996+00:00, run_after=2023-08-24T14:33:58.949996+00:00
[2023-08-24T15:33:59.049+0100] {processor.py:179} INFO - Processing /home/samuel/dev/airflow_learning/venv/lib/python3.10/site-packages/airflow/example_dags/example_latest_only.py took 0.153 seconds
[2023-08-24T15:34:56.246+0100] {processor.py:157} INFO - Started process (PID=6249) to work on /home/samuel/dev/airflow_learning/venv/lib/python3.10/site-packages/airflow/example_dags/example_latest_only.py
[2023-08-24T15:34:56.307+0100] {processor.py:829} INFO - Processing file /home/samuel/dev/airflow_learning/venv/lib/python3.10/site-packages/airflow/example_dags/example_latest_only.py for tasks to queue
[2023-08-24T15:34:56.308+0100] {logging_mixin.py:151} INFO - [2023-08-24T15:34:56.308+0100] {dagbag.py:539} INFO - Filling up the DagBag from /home/samuel/dev/airflow_learning/venv/lib/python3.10/site-packages/airflow/example_dags/example_latest_only.py
[2023-08-24T15:34:56.316+0100] {processor.py:839} INFO - DAG(s) dict_keys(['latest_only']) retrieved from /home/samuel/dev/airflow_learning/venv/lib/python3.10/site-packages/airflow/example_dags/example_latest_only.py
[2023-08-24T15:34:56.336+0100] {logging_mixin.py:151} INFO - [2023-08-24T15:34:56.336+0100] {dag.py:2907} INFO - Sync 1 DAGs
[2023-08-24T15:34:56.360+0100] {logging_mixin.py:151} INFO - [2023-08-24T15:34:56.360+0100] {dag.py:3677} INFO - Setting next_dagrun for latest_only to 2023-08-24T10:34:56.359772+00:00, run_after=2023-08-24T14:34:56.359772+00:00
[2023-08-24T15:34:56.697+0100] {processor.py:179} INFO - Processing /home/samuel/dev/airflow_learning/venv/lib/python3.10/site-packages/airflow/example_dags/example_latest_only.py took 0.456 seconds
[2023-08-24T15:35:57.179+0100] {processor.py:157} INFO - Started process (PID=6319) to work on /home/samuel/dev/airflow_learning/venv/lib/python3.10/site-packages/airflow/example_dags/example_latest_only.py
[2023-08-24T15:35:57.190+0100] {processor.py:829} INFO - Processing file /home/samuel/dev/airflow_learning/venv/lib/python3.10/site-packages/airflow/example_dags/example_latest_only.py for tasks to queue
[2023-08-24T15:35:57.192+0100] {logging_mixin.py:151} INFO - [2023-08-24T15:35:57.191+0100] {dagbag.py:539} INFO - Filling up the DagBag from /home/samuel/dev/airflow_learning/venv/lib/python3.10/site-packages/airflow/example_dags/example_latest_only.py
[2023-08-24T15:35:57.199+0100] {processor.py:839} INFO - DAG(s) dict_keys(['latest_only']) retrieved from /home/samuel/dev/airflow_learning/venv/lib/python3.10/site-packages/airflow/example_dags/example_latest_only.py
[2023-08-24T15:35:57.218+0100] {logging_mixin.py:151} INFO - [2023-08-24T15:35:57.218+0100] {dag.py:2907} INFO - Sync 1 DAGs
[2023-08-24T15:35:57.238+0100] {logging_mixin.py:151} INFO - [2023-08-24T15:35:57.238+0100] {dag.py:3677} INFO - Setting next_dagrun for latest_only to 2023-08-24T10:35:57.238431+00:00, run_after=2023-08-24T14:35:57.238431+00:00
[2023-08-24T15:35:57.345+0100] {processor.py:179} INFO - Processing /home/samuel/dev/airflow_learning/venv/lib/python3.10/site-packages/airflow/example_dags/example_latest_only.py took 0.170 seconds
[2023-08-24T15:36:57.874+0100] {processor.py:157} INFO - Started process (PID=6378) to work on /home/samuel/dev/airflow_learning/venv/lib/python3.10/site-packages/airflow/example_dags/example_latest_only.py
[2023-08-24T15:36:57.876+0100] {processor.py:829} INFO - Processing file /home/samuel/dev/airflow_learning/venv/lib/python3.10/site-packages/airflow/example_dags/example_latest_only.py for tasks to queue
[2023-08-24T15:36:57.877+0100] {logging_mixin.py:151} INFO - [2023-08-24T15:36:57.876+0100] {dagbag.py:539} INFO - Filling up the DagBag from /home/samuel/dev/airflow_learning/venv/lib/python3.10/site-packages/airflow/example_dags/example_latest_only.py
[2023-08-24T15:36:57.884+0100] {processor.py:839} INFO - DAG(s) dict_keys(['latest_only']) retrieved from /home/samuel/dev/airflow_learning/venv/lib/python3.10/site-packages/airflow/example_dags/example_latest_only.py
[2023-08-24T15:36:57.902+0100] {logging_mixin.py:151} INFO - [2023-08-24T15:36:57.902+0100] {dag.py:2907} INFO - Sync 1 DAGs
[2023-08-24T15:36:57.923+0100] {logging_mixin.py:151} INFO - [2023-08-24T15:36:57.923+0100] {dag.py:3677} INFO - Setting next_dagrun for latest_only to 2023-08-24T10:36:57.922915+00:00, run_after=2023-08-24T14:36:57.922915+00:00
[2023-08-24T15:36:58.024+0100] {processor.py:179} INFO - Processing /home/samuel/dev/airflow_learning/venv/lib/python3.10/site-packages/airflow/example_dags/example_latest_only.py took 0.154 seconds
[2023-08-24T15:38:05.602+0100] {processor.py:157} INFO - Started process (PID=6437) to work on /home/samuel/dev/airflow_learning/venv/lib/python3.10/site-packages/airflow/example_dags/example_latest_only.py
[2023-08-24T15:38:05.625+0100] {processor.py:829} INFO - Processing file /home/samuel/dev/airflow_learning/venv/lib/python3.10/site-packages/airflow/example_dags/example_latest_only.py for tasks to queue
[2023-08-24T15:38:05.626+0100] {logging_mixin.py:151} INFO - [2023-08-24T15:38:05.626+0100] {dagbag.py:539} INFO - Filling up the DagBag from /home/samuel/dev/airflow_learning/venv/lib/python3.10/site-packages/airflow/example_dags/example_latest_only.py
[2023-08-24T15:38:05.634+0100] {processor.py:839} INFO - DAG(s) dict_keys(['latest_only']) retrieved from /home/samuel/dev/airflow_learning/venv/lib/python3.10/site-packages/airflow/example_dags/example_latest_only.py
[2023-08-24T15:38:05.653+0100] {logging_mixin.py:151} INFO - [2023-08-24T15:38:05.652+0100] {dag.py:2907} INFO - Sync 1 DAGs
[2023-08-24T15:38:05.674+0100] {logging_mixin.py:151} INFO - [2023-08-24T15:38:05.674+0100] {dag.py:3677} INFO - Setting next_dagrun for latest_only to 2023-08-24T10:38:05.674310+00:00, run_after=2023-08-24T14:38:05.674310+00:00
[2023-08-24T15:38:05.803+0100] {processor.py:179} INFO - Processing /home/samuel/dev/airflow_learning/venv/lib/python3.10/site-packages/airflow/example_dags/example_latest_only.py took 0.205 seconds
[2023-08-24T15:39:02.098+0100] {processor.py:157} INFO - Started process (PID=6492) to work on /home/samuel/dev/airflow_learning/venv/lib/python3.10/site-packages/airflow/example_dags/example_latest_only.py
[2023-08-24T15:39:02.101+0100] {processor.py:829} INFO - Processing file /home/samuel/dev/airflow_learning/venv/lib/python3.10/site-packages/airflow/example_dags/example_latest_only.py for tasks to queue
[2023-08-24T15:39:02.102+0100] {logging_mixin.py:151} INFO - [2023-08-24T15:39:02.101+0100] {dagbag.py:539} INFO - Filling up the DagBag from /home/samuel/dev/airflow_learning/venv/lib/python3.10/site-packages/airflow/example_dags/example_latest_only.py
[2023-08-24T15:39:02.109+0100] {processor.py:839} INFO - DAG(s) dict_keys(['latest_only']) retrieved from /home/samuel/dev/airflow_learning/venv/lib/python3.10/site-packages/airflow/example_dags/example_latest_only.py
[2023-08-24T15:39:02.127+0100] {logging_mixin.py:151} INFO - [2023-08-24T15:39:02.127+0100] {dag.py:2907} INFO - Sync 1 DAGs
[2023-08-24T15:39:02.147+0100] {logging_mixin.py:151} INFO - [2023-08-24T15:39:02.147+0100] {dag.py:3677} INFO - Setting next_dagrun for latest_only to 2023-08-24T10:39:02.147214+00:00, run_after=2023-08-24T14:39:02.147214+00:00
[2023-08-24T15:39:02.275+0100] {processor.py:179} INFO - Processing /home/samuel/dev/airflow_learning/venv/lib/python3.10/site-packages/airflow/example_dags/example_latest_only.py took 0.181 seconds
[2023-08-24T15:39:54.275+0100] {processor.py:157} INFO - Started process (PID=6545) to work on /home/samuel/dev/airflow_learning/venv/lib/python3.10/site-packages/airflow/example_dags/example_latest_only.py
[2023-08-24T15:39:54.281+0100] {processor.py:829} INFO - Processing file /home/samuel/dev/airflow_learning/venv/lib/python3.10/site-packages/airflow/example_dags/example_latest_only.py for tasks to queue
[2023-08-24T15:39:54.282+0100] {logging_mixin.py:151} INFO - [2023-08-24T15:39:54.282+0100] {dagbag.py:539} INFO - Filling up the DagBag from /home/samuel/dev/airflow_learning/venv/lib/python3.10/site-packages/airflow/example_dags/example_latest_only.py
[2023-08-24T15:39:54.290+0100] {processor.py:839} INFO - DAG(s) dict_keys(['latest_only']) retrieved from /home/samuel/dev/airflow_learning/venv/lib/python3.10/site-packages/airflow/example_dags/example_latest_only.py
[2023-08-24T15:39:54.308+0100] {logging_mixin.py:151} INFO - [2023-08-24T15:39:54.308+0100] {dag.py:2907} INFO - Sync 1 DAGs
[2023-08-24T15:39:54.328+0100] {logging_mixin.py:151} INFO - [2023-08-24T15:39:54.328+0100] {dag.py:3677} INFO - Setting next_dagrun for latest_only to 2023-08-24T10:39:54.327989+00:00, run_after=2023-08-24T14:39:54.327989+00:00
[2023-08-24T15:39:54.535+0100] {processor.py:179} INFO - Processing /home/samuel/dev/airflow_learning/venv/lib/python3.10/site-packages/airflow/example_dags/example_latest_only.py took 0.264 seconds
[2023-08-24T15:41:05.314+0100] {processor.py:157} INFO - Started process (PID=6630) to work on /home/samuel/dev/airflow_learning/venv/lib/python3.10/site-packages/airflow/example_dags/example_latest_only.py
[2023-08-24T15:41:05.343+0100] {processor.py:829} INFO - Processing file /home/samuel/dev/airflow_learning/venv/lib/python3.10/site-packages/airflow/example_dags/example_latest_only.py for tasks to queue
[2023-08-24T15:41:05.344+0100] {logging_mixin.py:151} INFO - [2023-08-24T15:41:05.343+0100] {dagbag.py:539} INFO - Filling up the DagBag from /home/samuel/dev/airflow_learning/venv/lib/python3.10/site-packages/airflow/example_dags/example_latest_only.py
[2023-08-24T15:41:05.352+0100] {processor.py:839} INFO - DAG(s) dict_keys(['latest_only']) retrieved from /home/samuel/dev/airflow_learning/venv/lib/python3.10/site-packages/airflow/example_dags/example_latest_only.py
[2023-08-24T15:41:05.371+0100] {logging_mixin.py:151} INFO - [2023-08-24T15:41:05.371+0100] {dag.py:2907} INFO - Sync 1 DAGs
[2023-08-24T15:41:05.395+0100] {logging_mixin.py:151} INFO - [2023-08-24T15:41:05.394+0100] {dag.py:3677} INFO - Setting next_dagrun for latest_only to 2023-08-24T10:41:05.394502+00:00, run_after=2023-08-24T14:41:05.394502+00:00
[2023-08-24T15:41:05.519+0100] {processor.py:179} INFO - Processing /home/samuel/dev/airflow_learning/venv/lib/python3.10/site-packages/airflow/example_dags/example_latest_only.py took 0.209 seconds
[2023-08-24T15:41:56.703+0100] {processor.py:157} INFO - Started process (PID=6683) to work on /home/samuel/dev/airflow_learning/venv/lib/python3.10/site-packages/airflow/example_dags/example_latest_only.py
[2023-08-24T15:41:56.728+0100] {processor.py:829} INFO - Processing file /home/samuel/dev/airflow_learning/venv/lib/python3.10/site-packages/airflow/example_dags/example_latest_only.py for tasks to queue
[2023-08-24T15:41:56.729+0100] {logging_mixin.py:151} INFO - [2023-08-24T15:41:56.728+0100] {dagbag.py:539} INFO - Filling up the DagBag from /home/samuel/dev/airflow_learning/venv/lib/python3.10/site-packages/airflow/example_dags/example_latest_only.py
[2023-08-24T15:41:56.737+0100] {processor.py:839} INFO - DAG(s) dict_keys(['latest_only']) retrieved from /home/samuel/dev/airflow_learning/venv/lib/python3.10/site-packages/airflow/example_dags/example_latest_only.py
[2023-08-24T15:41:56.757+0100] {logging_mixin.py:151} INFO - [2023-08-24T15:41:56.757+0100] {dag.py:2907} INFO - Sync 1 DAGs
[2023-08-24T15:41:56.780+0100] {logging_mixin.py:151} INFO - [2023-08-24T15:41:56.779+0100] {dag.py:3677} INFO - Setting next_dagrun for latest_only to 2023-08-24T10:41:56.779682+00:00, run_after=2023-08-24T14:41:56.779682+00:00
[2023-08-24T15:41:56.901+0100] {processor.py:179} INFO - Processing /home/samuel/dev/airflow_learning/venv/lib/python3.10/site-packages/airflow/example_dags/example_latest_only.py took 0.201 seconds
[2023-08-24T15:42:48.326+0100] {processor.py:157} INFO - Started process (PID=6792) to work on /home/samuel/dev/airflow_learning/venv/lib/python3.10/site-packages/airflow/example_dags/example_latest_only.py
[2023-08-24T15:42:48.329+0100] {processor.py:829} INFO - Processing file /home/samuel/dev/airflow_learning/venv/lib/python3.10/site-packages/airflow/example_dags/example_latest_only.py for tasks to queue
[2023-08-24T15:42:48.330+0100] {logging_mixin.py:151} INFO - [2023-08-24T15:42:48.330+0100] {dagbag.py:539} INFO - Filling up the DagBag from /home/samuel/dev/airflow_learning/venv/lib/python3.10/site-packages/airflow/example_dags/example_latest_only.py
[2023-08-24T15:42:48.338+0100] {processor.py:839} INFO - DAG(s) dict_keys(['latest_only']) retrieved from /home/samuel/dev/airflow_learning/venv/lib/python3.10/site-packages/airflow/example_dags/example_latest_only.py
[2023-08-24T15:42:48.357+0100] {logging_mixin.py:151} INFO - [2023-08-24T15:42:48.356+0100] {dag.py:2907} INFO - Sync 1 DAGs
[2023-08-24T15:42:48.376+0100] {logging_mixin.py:151} INFO - [2023-08-24T15:42:48.376+0100] {dag.py:3677} INFO - Setting next_dagrun for latest_only to 2023-08-24T10:42:48.376471+00:00, run_after=2023-08-24T14:42:48.376471+00:00
[2023-08-24T15:42:48.510+0100] {processor.py:179} INFO - Processing /home/samuel/dev/airflow_learning/venv/lib/python3.10/site-packages/airflow/example_dags/example_latest_only.py took 0.187 seconds
[2023-08-24T15:43:42.926+0100] {processor.py:157} INFO - Started process (PID=6843) to work on /home/samuel/dev/airflow_learning/venv/lib/python3.10/site-packages/airflow/example_dags/example_latest_only.py
[2023-08-24T15:43:42.927+0100] {processor.py:829} INFO - Processing file /home/samuel/dev/airflow_learning/venv/lib/python3.10/site-packages/airflow/example_dags/example_latest_only.py for tasks to queue
[2023-08-24T15:43:42.928+0100] {logging_mixin.py:151} INFO - [2023-08-24T15:43:42.928+0100] {dagbag.py:539} INFO - Filling up the DagBag from /home/samuel/dev/airflow_learning/venv/lib/python3.10/site-packages/airflow/example_dags/example_latest_only.py
[2023-08-24T15:43:42.937+0100] {processor.py:839} INFO - DAG(s) dict_keys(['latest_only']) retrieved from /home/samuel/dev/airflow_learning/venv/lib/python3.10/site-packages/airflow/example_dags/example_latest_only.py
[2023-08-24T15:43:42.955+0100] {logging_mixin.py:151} INFO - [2023-08-24T15:43:42.954+0100] {dag.py:2907} INFO - Sync 1 DAGs
[2023-08-24T15:43:42.975+0100] {logging_mixin.py:151} INFO - [2023-08-24T15:43:42.974+0100] {dag.py:3677} INFO - Setting next_dagrun for latest_only to 2023-08-24T10:43:42.974630+00:00, run_after=2023-08-24T14:43:42.974630+00:00
[2023-08-24T15:43:43.081+0100] {processor.py:179} INFO - Processing /home/samuel/dev/airflow_learning/venv/lib/python3.10/site-packages/airflow/example_dags/example_latest_only.py took 0.159 seconds
[2023-08-24T15:44:35.316+0100] {processor.py:157} INFO - Started process (PID=6893) to work on /home/samuel/dev/airflow_learning/venv/lib/python3.10/site-packages/airflow/example_dags/example_latest_only.py
[2023-08-24T15:44:35.319+0100] {processor.py:829} INFO - Processing file /home/samuel/dev/airflow_learning/venv/lib/python3.10/site-packages/airflow/example_dags/example_latest_only.py for tasks to queue
[2023-08-24T15:44:35.320+0100] {logging_mixin.py:151} INFO - [2023-08-24T15:44:35.320+0100] {dagbag.py:539} INFO - Filling up the DagBag from /home/samuel/dev/airflow_learning/venv/lib/python3.10/site-packages/airflow/example_dags/example_latest_only.py
[2023-08-24T15:44:35.328+0100] {processor.py:839} INFO - DAG(s) dict_keys(['latest_only']) retrieved from /home/samuel/dev/airflow_learning/venv/lib/python3.10/site-packages/airflow/example_dags/example_latest_only.py
[2023-08-24T15:44:35.347+0100] {logging_mixin.py:151} INFO - [2023-08-24T15:44:35.346+0100] {dag.py:2907} INFO - Sync 1 DAGs
[2023-08-24T15:44:35.366+0100] {logging_mixin.py:151} INFO - [2023-08-24T15:44:35.366+0100] {dag.py:3677} INFO - Setting next_dagrun for latest_only to 2023-08-24T10:44:35.366363+00:00, run_after=2023-08-24T14:44:35.366363+00:00
[2023-08-24T15:44:35.500+0100] {processor.py:179} INFO - Processing /home/samuel/dev/airflow_learning/venv/lib/python3.10/site-packages/airflow/example_dags/example_latest_only.py took 0.188 seconds
[2023-08-24T15:45:25.335+0100] {processor.py:157} INFO - Started process (PID=6943) to work on /home/samuel/dev/airflow_learning/venv/lib/python3.10/site-packages/airflow/example_dags/example_latest_only.py
[2023-08-24T15:45:25.340+0100] {processor.py:829} INFO - Processing file /home/samuel/dev/airflow_learning/venv/lib/python3.10/site-packages/airflow/example_dags/example_latest_only.py for tasks to queue
[2023-08-24T15:45:25.341+0100] {logging_mixin.py:151} INFO - [2023-08-24T15:45:25.341+0100] {dagbag.py:539} INFO - Filling up the DagBag from /home/samuel/dev/airflow_learning/venv/lib/python3.10/site-packages/airflow/example_dags/example_latest_only.py
[2023-08-24T15:45:25.349+0100] {processor.py:839} INFO - DAG(s) dict_keys(['latest_only']) retrieved from /home/samuel/dev/airflow_learning/venv/lib/python3.10/site-packages/airflow/example_dags/example_latest_only.py
[2023-08-24T15:45:25.365+0100] {logging_mixin.py:151} INFO - [2023-08-24T15:45:25.365+0100] {dag.py:2907} INFO - Sync 1 DAGs
[2023-08-24T15:45:25.384+0100] {logging_mixin.py:151} INFO - [2023-08-24T15:45:25.384+0100] {dag.py:3677} INFO - Setting next_dagrun for latest_only to 2023-08-24T10:45:25.384530+00:00, run_after=2023-08-24T14:45:25.384530+00:00
[2023-08-24T15:45:25.500+0100] {processor.py:179} INFO - Processing /home/samuel/dev/airflow_learning/venv/lib/python3.10/site-packages/airflow/example_dags/example_latest_only.py took 0.169 seconds
[2023-08-24T15:46:16.906+0100] {processor.py:157} INFO - Started process (PID=6993) to work on /home/samuel/dev/airflow_learning/venv/lib/python3.10/site-packages/airflow/example_dags/example_latest_only.py
[2023-08-24T15:46:16.914+0100] {processor.py:829} INFO - Processing file /home/samuel/dev/airflow_learning/venv/lib/python3.10/site-packages/airflow/example_dags/example_latest_only.py for tasks to queue
[2023-08-24T15:46:16.915+0100] {logging_mixin.py:151} INFO - [2023-08-24T15:46:16.915+0100] {dagbag.py:539} INFO - Filling up the DagBag from /home/samuel/dev/airflow_learning/venv/lib/python3.10/site-packages/airflow/example_dags/example_latest_only.py
[2023-08-24T15:46:16.923+0100] {processor.py:839} INFO - DAG(s) dict_keys(['latest_only']) retrieved from /home/samuel/dev/airflow_learning/venv/lib/python3.10/site-packages/airflow/example_dags/example_latest_only.py
[2023-08-24T15:46:16.942+0100] {logging_mixin.py:151} INFO - [2023-08-24T15:46:16.942+0100] {dag.py:2907} INFO - Sync 1 DAGs
[2023-08-24T15:46:16.962+0100] {logging_mixin.py:151} INFO - [2023-08-24T15:46:16.961+0100] {dag.py:3677} INFO - Setting next_dagrun for latest_only to 2023-08-24T10:46:16.961740+00:00, run_after=2023-08-24T14:46:16.961740+00:00
[2023-08-24T15:46:17.064+0100] {processor.py:179} INFO - Processing /home/samuel/dev/airflow_learning/venv/lib/python3.10/site-packages/airflow/example_dags/example_latest_only.py took 0.162 seconds
[2023-08-24T15:47:10.669+0100] {processor.py:157} INFO - Started process (PID=7042) to work on /home/samuel/dev/airflow_learning/venv/lib/python3.10/site-packages/airflow/example_dags/example_latest_only.py
[2023-08-24T15:47:10.672+0100] {processor.py:829} INFO - Processing file /home/samuel/dev/airflow_learning/venv/lib/python3.10/site-packages/airflow/example_dags/example_latest_only.py for tasks to queue
[2023-08-24T15:47:10.673+0100] {logging_mixin.py:151} INFO - [2023-08-24T15:47:10.673+0100] {dagbag.py:539} INFO - Filling up the DagBag from /home/samuel/dev/airflow_learning/venv/lib/python3.10/site-packages/airflow/example_dags/example_latest_only.py
[2023-08-24T15:47:10.681+0100] {processor.py:839} INFO - DAG(s) dict_keys(['latest_only']) retrieved from /home/samuel/dev/airflow_learning/venv/lib/python3.10/site-packages/airflow/example_dags/example_latest_only.py
[2023-08-24T15:47:10.699+0100] {logging_mixin.py:151} INFO - [2023-08-24T15:47:10.698+0100] {dag.py:2907} INFO - Sync 1 DAGs
[2023-08-24T15:47:10.718+0100] {logging_mixin.py:151} INFO - [2023-08-24T15:47:10.717+0100] {dag.py:3677} INFO - Setting next_dagrun for latest_only to 2023-08-24T10:47:10.717610+00:00, run_after=2023-08-24T14:47:10.717610+00:00
[2023-08-24T15:47:10.846+0100] {processor.py:179} INFO - Processing /home/samuel/dev/airflow_learning/venv/lib/python3.10/site-packages/airflow/example_dags/example_latest_only.py took 0.181 seconds
[2023-08-24T15:48:03.510+0100] {processor.py:157} INFO - Started process (PID=7103) to work on /home/samuel/dev/airflow_learning/venv/lib/python3.10/site-packages/airflow/example_dags/example_latest_only.py
[2023-08-24T15:48:03.513+0100] {processor.py:829} INFO - Processing file /home/samuel/dev/airflow_learning/venv/lib/python3.10/site-packages/airflow/example_dags/example_latest_only.py for tasks to queue
[2023-08-24T15:48:03.514+0100] {logging_mixin.py:151} INFO - [2023-08-24T15:48:03.514+0100] {dagbag.py:539} INFO - Filling up the DagBag from /home/samuel/dev/airflow_learning/venv/lib/python3.10/site-packages/airflow/example_dags/example_latest_only.py
[2023-08-24T15:48:03.522+0100] {processor.py:839} INFO - DAG(s) dict_keys(['latest_only']) retrieved from /home/samuel/dev/airflow_learning/venv/lib/python3.10/site-packages/airflow/example_dags/example_latest_only.py
[2023-08-24T15:48:03.541+0100] {logging_mixin.py:151} INFO - [2023-08-24T15:48:03.540+0100] {dag.py:2907} INFO - Sync 1 DAGs
[2023-08-24T15:48:03.561+0100] {logging_mixin.py:151} INFO - [2023-08-24T15:48:03.561+0100] {dag.py:3677} INFO - Setting next_dagrun for latest_only to 2023-08-24T10:48:03.561059+00:00, run_after=2023-08-24T14:48:03.561059+00:00
[2023-08-24T15:48:03.699+0100] {processor.py:179} INFO - Processing /home/samuel/dev/airflow_learning/venv/lib/python3.10/site-packages/airflow/example_dags/example_latest_only.py took 0.193 seconds
[2023-08-24T15:48:57.386+0100] {processor.py:157} INFO - Started process (PID=7160) to work on /home/samuel/dev/airflow_learning/venv/lib/python3.10/site-packages/airflow/example_dags/example_latest_only.py
[2023-08-24T15:48:57.389+0100] {processor.py:829} INFO - Processing file /home/samuel/dev/airflow_learning/venv/lib/python3.10/site-packages/airflow/example_dags/example_latest_only.py for tasks to queue
[2023-08-24T15:48:57.390+0100] {logging_mixin.py:151} INFO - [2023-08-24T15:48:57.390+0100] {dagbag.py:539} INFO - Filling up the DagBag from /home/samuel/dev/airflow_learning/venv/lib/python3.10/site-packages/airflow/example_dags/example_latest_only.py
[2023-08-24T15:48:57.398+0100] {processor.py:839} INFO - DAG(s) dict_keys(['latest_only']) retrieved from /home/samuel/dev/airflow_learning/venv/lib/python3.10/site-packages/airflow/example_dags/example_latest_only.py
[2023-08-24T15:48:57.416+0100] {logging_mixin.py:151} INFO - [2023-08-24T15:48:57.416+0100] {dag.py:2907} INFO - Sync 1 DAGs
[2023-08-24T15:48:57.435+0100] {logging_mixin.py:151} INFO - [2023-08-24T15:48:57.435+0100] {dag.py:3677} INFO - Setting next_dagrun for latest_only to 2023-08-24T10:48:57.435053+00:00, run_after=2023-08-24T14:48:57.435053+00:00
[2023-08-24T15:48:57.556+0100] {processor.py:179} INFO - Processing /home/samuel/dev/airflow_learning/venv/lib/python3.10/site-packages/airflow/example_dags/example_latest_only.py took 0.174 seconds
[2023-08-24T15:49:47.382+0100] {processor.py:157} INFO - Started process (PID=7208) to work on /home/samuel/dev/airflow_learning/venv/lib/python3.10/site-packages/airflow/example_dags/example_latest_only.py
[2023-08-24T15:49:47.383+0100] {processor.py:829} INFO - Processing file /home/samuel/dev/airflow_learning/venv/lib/python3.10/site-packages/airflow/example_dags/example_latest_only.py for tasks to queue
[2023-08-24T15:49:47.384+0100] {logging_mixin.py:151} INFO - [2023-08-24T15:49:47.384+0100] {dagbag.py:539} INFO - Filling up the DagBag from /home/samuel/dev/airflow_learning/venv/lib/python3.10/site-packages/airflow/example_dags/example_latest_only.py
[2023-08-24T15:49:47.392+0100] {processor.py:839} INFO - DAG(s) dict_keys(['latest_only']) retrieved from /home/samuel/dev/airflow_learning/venv/lib/python3.10/site-packages/airflow/example_dags/example_latest_only.py
[2023-08-24T15:49:47.409+0100] {logging_mixin.py:151} INFO - [2023-08-24T15:49:47.409+0100] {dag.py:2907} INFO - Sync 1 DAGs
[2023-08-24T15:49:47.429+0100] {logging_mixin.py:151} INFO - [2023-08-24T15:49:47.429+0100] {dag.py:3677} INFO - Setting next_dagrun for latest_only to 2023-08-24T10:49:47.429240+00:00, run_after=2023-08-24T14:49:47.429240+00:00
[2023-08-24T15:49:47.551+0100] {processor.py:179} INFO - Processing /home/samuel/dev/airflow_learning/venv/lib/python3.10/site-packages/airflow/example_dags/example_latest_only.py took 0.173 seconds
[2023-08-24T15:50:49.242+0100] {processor.py:157} INFO - Started process (PID=7266) to work on /home/samuel/dev/airflow_learning/venv/lib/python3.10/site-packages/airflow/example_dags/example_latest_only.py
[2023-08-24T15:50:49.274+0100] {processor.py:829} INFO - Processing file /home/samuel/dev/airflow_learning/venv/lib/python3.10/site-packages/airflow/example_dags/example_latest_only.py for tasks to queue
[2023-08-24T15:50:49.275+0100] {logging_mixin.py:151} INFO - [2023-08-24T15:50:49.275+0100] {dagbag.py:539} INFO - Filling up the DagBag from /home/samuel/dev/airflow_learning/venv/lib/python3.10/site-packages/airflow/example_dags/example_latest_only.py
[2023-08-24T15:50:49.283+0100] {processor.py:839} INFO - DAG(s) dict_keys(['latest_only']) retrieved from /home/samuel/dev/airflow_learning/venv/lib/python3.10/site-packages/airflow/example_dags/example_latest_only.py
[2023-08-24T15:50:49.298+0100] {logging_mixin.py:151} INFO - [2023-08-24T15:50:49.298+0100] {dag.py:2907} INFO - Sync 1 DAGs
[2023-08-24T15:50:49.316+0100] {logging_mixin.py:151} INFO - [2023-08-24T15:50:49.316+0100] {dag.py:3677} INFO - Setting next_dagrun for latest_only to 2023-08-24T10:50:49.316039+00:00, run_after=2023-08-24T14:50:49.316039+00:00
[2023-08-24T15:50:49.422+0100] {processor.py:179} INFO - Processing /home/samuel/dev/airflow_learning/venv/lib/python3.10/site-packages/airflow/example_dags/example_latest_only.py took 0.184 seconds
[2023-08-24T15:51:44.451+0100] {processor.py:157} INFO - Started process (PID=7323) to work on /home/samuel/dev/airflow_learning/venv/lib/python3.10/site-packages/airflow/example_dags/example_latest_only.py
[2023-08-24T15:51:44.485+0100] {processor.py:829} INFO - Processing file /home/samuel/dev/airflow_learning/venv/lib/python3.10/site-packages/airflow/example_dags/example_latest_only.py for tasks to queue
[2023-08-24T15:51:44.486+0100] {logging_mixin.py:151} INFO - [2023-08-24T15:51:44.486+0100] {dagbag.py:539} INFO - Filling up the DagBag from /home/samuel/dev/airflow_learning/venv/lib/python3.10/site-packages/airflow/example_dags/example_latest_only.py
[2023-08-24T15:51:44.494+0100] {processor.py:839} INFO - DAG(s) dict_keys(['latest_only']) retrieved from /home/samuel/dev/airflow_learning/venv/lib/python3.10/site-packages/airflow/example_dags/example_latest_only.py
[2023-08-24T15:51:44.515+0100] {logging_mixin.py:151} INFO - [2023-08-24T15:51:44.514+0100] {dag.py:2907} INFO - Sync 1 DAGs
[2023-08-24T15:51:44.538+0100] {logging_mixin.py:151} INFO - [2023-08-24T15:51:44.537+0100] {dag.py:3677} INFO - Setting next_dagrun for latest_only to 2023-08-24T10:51:44.537719+00:00, run_after=2023-08-24T14:51:44.537719+00:00
[2023-08-24T15:51:44.651+0100] {processor.py:179} INFO - Processing /home/samuel/dev/airflow_learning/venv/lib/python3.10/site-packages/airflow/example_dags/example_latest_only.py took 0.204 seconds
[2023-08-24T15:52:32.019+0100] {processor.py:157} INFO - Started process (PID=7372) to work on /home/samuel/dev/airflow_learning/venv/lib/python3.10/site-packages/airflow/example_dags/example_latest_only.py
[2023-08-24T15:52:32.025+0100] {processor.py:829} INFO - Processing file /home/samuel/dev/airflow_learning/venv/lib/python3.10/site-packages/airflow/example_dags/example_latest_only.py for tasks to queue
[2023-08-24T15:52:32.026+0100] {logging_mixin.py:151} INFO - [2023-08-24T15:52:32.025+0100] {dagbag.py:539} INFO - Filling up the DagBag from /home/samuel/dev/airflow_learning/venv/lib/python3.10/site-packages/airflow/example_dags/example_latest_only.py
[2023-08-24T15:52:32.034+0100] {processor.py:839} INFO - DAG(s) dict_keys(['latest_only']) retrieved from /home/samuel/dev/airflow_learning/venv/lib/python3.10/site-packages/airflow/example_dags/example_latest_only.py
[2023-08-24T15:52:32.052+0100] {logging_mixin.py:151} INFO - [2023-08-24T15:52:32.052+0100] {dag.py:2907} INFO - Sync 1 DAGs
[2023-08-24T15:52:32.072+0100] {logging_mixin.py:151} INFO - [2023-08-24T15:52:32.072+0100] {dag.py:3677} INFO - Setting next_dagrun for latest_only to 2023-08-24T10:52:32.072102+00:00, run_after=2023-08-24T14:52:32.072102+00:00
[2023-08-24T15:52:32.186+0100] {processor.py:179} INFO - Processing /home/samuel/dev/airflow_learning/venv/lib/python3.10/site-packages/airflow/example_dags/example_latest_only.py took 0.170 seconds
[2023-08-24T15:53:22.770+0100] {processor.py:157} INFO - Started process (PID=7469) to work on /home/samuel/dev/airflow_learning/venv/lib/python3.10/site-packages/airflow/example_dags/example_latest_only.py
[2023-08-24T15:53:22.785+0100] {processor.py:829} INFO - Processing file /home/samuel/dev/airflow_learning/venv/lib/python3.10/site-packages/airflow/example_dags/example_latest_only.py for tasks to queue
[2023-08-24T15:53:22.786+0100] {logging_mixin.py:151} INFO - [2023-08-24T15:53:22.786+0100] {dagbag.py:539} INFO - Filling up the DagBag from /home/samuel/dev/airflow_learning/venv/lib/python3.10/site-packages/airflow/example_dags/example_latest_only.py
[2023-08-24T15:53:22.794+0100] {processor.py:839} INFO - DAG(s) dict_keys(['latest_only']) retrieved from /home/samuel/dev/airflow_learning/venv/lib/python3.10/site-packages/airflow/example_dags/example_latest_only.py
[2023-08-24T15:53:22.812+0100] {logging_mixin.py:151} INFO - [2023-08-24T15:53:22.812+0100] {dag.py:2907} INFO - Sync 1 DAGs
[2023-08-24T15:53:22.833+0100] {logging_mixin.py:151} INFO - [2023-08-24T15:53:22.833+0100] {dag.py:3677} INFO - Setting next_dagrun for latest_only to 2023-08-24T10:53:22.833282+00:00, run_after=2023-08-24T14:53:22.833282+00:00
[2023-08-24T15:53:23.030+0100] {processor.py:179} INFO - Processing /home/samuel/dev/airflow_learning/venv/lib/python3.10/site-packages/airflow/example_dags/example_latest_only.py took 0.263 seconds
[2023-08-24T15:54:28.623+0100] {processor.py:157} INFO - Started process (PID=7579) to work on /home/samuel/dev/airflow_learning/venv/lib/python3.10/site-packages/airflow/example_dags/example_latest_only.py
[2023-08-24T15:54:28.657+0100] {processor.py:829} INFO - Processing file /home/samuel/dev/airflow_learning/venv/lib/python3.10/site-packages/airflow/example_dags/example_latest_only.py for tasks to queue
[2023-08-24T15:54:28.658+0100] {logging_mixin.py:151} INFO - [2023-08-24T15:54:28.658+0100] {dagbag.py:539} INFO - Filling up the DagBag from /home/samuel/dev/airflow_learning/venv/lib/python3.10/site-packages/airflow/example_dags/example_latest_only.py
[2023-08-24T15:54:28.666+0100] {processor.py:839} INFO - DAG(s) dict_keys(['latest_only']) retrieved from /home/samuel/dev/airflow_learning/venv/lib/python3.10/site-packages/airflow/example_dags/example_latest_only.py
[2023-08-24T15:54:28.686+0100] {logging_mixin.py:151} INFO - [2023-08-24T15:54:28.685+0100] {dag.py:2907} INFO - Sync 1 DAGs
[2023-08-24T15:54:28.708+0100] {logging_mixin.py:151} INFO - [2023-08-24T15:54:28.707+0100] {dag.py:3677} INFO - Setting next_dagrun for latest_only to 2023-08-24T10:54:28.707732+00:00, run_after=2023-08-24T14:54:28.707732+00:00
[2023-08-24T15:54:28.823+0100] {processor.py:179} INFO - Processing /home/samuel/dev/airflow_learning/venv/lib/python3.10/site-packages/airflow/example_dags/example_latest_only.py took 0.203 seconds
[2023-08-24T15:55:25.982+0100] {processor.py:157} INFO - Started process (PID=7632) to work on /home/samuel/dev/airflow_learning/venv/lib/python3.10/site-packages/airflow/example_dags/example_latest_only.py
[2023-08-24T15:55:25.983+0100] {processor.py:829} INFO - Processing file /home/samuel/dev/airflow_learning/venv/lib/python3.10/site-packages/airflow/example_dags/example_latest_only.py for tasks to queue
[2023-08-24T15:55:25.985+0100] {logging_mixin.py:151} INFO - [2023-08-24T15:55:25.984+0100] {dagbag.py:539} INFO - Filling up the DagBag from /home/samuel/dev/airflow_learning/venv/lib/python3.10/site-packages/airflow/example_dags/example_latest_only.py
[2023-08-24T15:55:25.993+0100] {processor.py:839} INFO - DAG(s) dict_keys(['latest_only']) retrieved from /home/samuel/dev/airflow_learning/venv/lib/python3.10/site-packages/airflow/example_dags/example_latest_only.py
[2023-08-24T15:55:26.012+0100] {logging_mixin.py:151} INFO - [2023-08-24T15:55:26.012+0100] {dag.py:2907} INFO - Sync 1 DAGs
[2023-08-24T15:55:26.114+0100] {logging_mixin.py:151} INFO - [2023-08-24T15:55:26.114+0100] {dag.py:3677} INFO - Setting next_dagrun for latest_only to 2023-08-24T10:55:26.113849+00:00, run_after=2023-08-24T14:55:26.113849+00:00
[2023-08-24T15:55:26.487+0100] {processor.py:179} INFO - Processing /home/samuel/dev/airflow_learning/venv/lib/python3.10/site-packages/airflow/example_dags/example_latest_only.py took 0.508 seconds
[2023-08-24T15:56:22.996+0100] {processor.py:157} INFO - Started process (PID=7807) to work on /home/samuel/dev/airflow_learning/venv/lib/python3.10/site-packages/airflow/example_dags/example_latest_only.py
[2023-08-24T15:56:23.013+0100] {processor.py:829} INFO - Processing file /home/samuel/dev/airflow_learning/venv/lib/python3.10/site-packages/airflow/example_dags/example_latest_only.py for tasks to queue
[2023-08-24T15:56:23.014+0100] {logging_mixin.py:151} INFO - [2023-08-24T15:56:23.014+0100] {dagbag.py:539} INFO - Filling up the DagBag from /home/samuel/dev/airflow_learning/venv/lib/python3.10/site-packages/airflow/example_dags/example_latest_only.py
[2023-08-24T15:56:23.022+0100] {processor.py:839} INFO - DAG(s) dict_keys(['latest_only']) retrieved from /home/samuel/dev/airflow_learning/venv/lib/python3.10/site-packages/airflow/example_dags/example_latest_only.py
[2023-08-24T15:56:23.041+0100] {logging_mixin.py:151} INFO - [2023-08-24T15:56:23.041+0100] {dag.py:2907} INFO - Sync 1 DAGs
[2023-08-24T15:56:23.063+0100] {logging_mixin.py:151} INFO - [2023-08-24T15:56:23.063+0100] {dag.py:3677} INFO - Setting next_dagrun for latest_only to 2023-08-24T10:56:23.062971+00:00, run_after=2023-08-24T14:56:23.062971+00:00
[2023-08-24T15:56:23.184+0100] {processor.py:179} INFO - Processing /home/samuel/dev/airflow_learning/venv/lib/python3.10/site-packages/airflow/example_dags/example_latest_only.py took 0.191 seconds
[2023-08-24T15:57:11.977+0100] {processor.py:157} INFO - Started process (PID=7871) to work on /home/samuel/dev/airflow_learning/venv/lib/python3.10/site-packages/airflow/example_dags/example_latest_only.py
[2023-08-24T15:57:12.029+0100] {processor.py:829} INFO - Processing file /home/samuel/dev/airflow_learning/venv/lib/python3.10/site-packages/airflow/example_dags/example_latest_only.py for tasks to queue
[2023-08-24T15:57:12.030+0100] {logging_mixin.py:151} INFO - [2023-08-24T15:57:12.029+0100] {dagbag.py:539} INFO - Filling up the DagBag from /home/samuel/dev/airflow_learning/venv/lib/python3.10/site-packages/airflow/example_dags/example_latest_only.py
[2023-08-24T15:57:12.038+0100] {processor.py:839} INFO - DAG(s) dict_keys(['latest_only']) retrieved from /home/samuel/dev/airflow_learning/venv/lib/python3.10/site-packages/airflow/example_dags/example_latest_only.py
[2023-08-24T15:57:12.060+0100] {logging_mixin.py:151} INFO - [2023-08-24T15:57:12.059+0100] {dag.py:2907} INFO - Sync 1 DAGs
[2023-08-24T15:57:12.083+0100] {logging_mixin.py:151} INFO - [2023-08-24T15:57:12.083+0100] {dag.py:3677} INFO - Setting next_dagrun for latest_only to 2023-08-24T10:57:12.082843+00:00, run_after=2023-08-24T14:57:12.082843+00:00
[2023-08-24T15:57:12.425+0100] {processor.py:179} INFO - Processing /home/samuel/dev/airflow_learning/venv/lib/python3.10/site-packages/airflow/example_dags/example_latest_only.py took 0.451 seconds
[2023-08-24T15:58:04.825+0100] {processor.py:157} INFO - Started process (PID=7923) to work on /home/samuel/dev/airflow_learning/venv/lib/python3.10/site-packages/airflow/example_dags/example_latest_only.py
[2023-08-24T15:58:04.828+0100] {processor.py:829} INFO - Processing file /home/samuel/dev/airflow_learning/venv/lib/python3.10/site-packages/airflow/example_dags/example_latest_only.py for tasks to queue
[2023-08-24T15:58:04.829+0100] {logging_mixin.py:151} INFO - [2023-08-24T15:58:04.829+0100] {dagbag.py:539} INFO - Filling up the DagBag from /home/samuel/dev/airflow_learning/venv/lib/python3.10/site-packages/airflow/example_dags/example_latest_only.py
[2023-08-24T15:58:04.837+0100] {processor.py:839} INFO - DAG(s) dict_keys(['latest_only']) retrieved from /home/samuel/dev/airflow_learning/venv/lib/python3.10/site-packages/airflow/example_dags/example_latest_only.py
[2023-08-24T15:58:04.857+0100] {logging_mixin.py:151} INFO - [2023-08-24T15:58:04.857+0100] {dag.py:2907} INFO - Sync 1 DAGs
[2023-08-24T15:58:04.880+0100] {logging_mixin.py:151} INFO - [2023-08-24T15:58:04.880+0100] {dag.py:3677} INFO - Setting next_dagrun for latest_only to 2023-08-24T10:58:04.879957+00:00, run_after=2023-08-24T14:58:04.879957+00:00
[2023-08-24T15:58:05.014+0100] {processor.py:179} INFO - Processing /home/samuel/dev/airflow_learning/venv/lib/python3.10/site-packages/airflow/example_dags/example_latest_only.py took 0.192 seconds
[2023-08-24T15:58:55.794+0100] {processor.py:157} INFO - Started process (PID=7976) to work on /home/samuel/dev/airflow_learning/venv/lib/python3.10/site-packages/airflow/example_dags/example_latest_only.py
[2023-08-24T15:58:55.796+0100] {processor.py:829} INFO - Processing file /home/samuel/dev/airflow_learning/venv/lib/python3.10/site-packages/airflow/example_dags/example_latest_only.py for tasks to queue
[2023-08-24T15:58:55.797+0100] {logging_mixin.py:151} INFO - [2023-08-24T15:58:55.797+0100] {dagbag.py:539} INFO - Filling up the DagBag from /home/samuel/dev/airflow_learning/venv/lib/python3.10/site-packages/airflow/example_dags/example_latest_only.py
[2023-08-24T15:58:55.805+0100] {processor.py:839} INFO - DAG(s) dict_keys(['latest_only']) retrieved from /home/samuel/dev/airflow_learning/venv/lib/python3.10/site-packages/airflow/example_dags/example_latest_only.py
[2023-08-24T15:58:55.823+0100] {logging_mixin.py:151} INFO - [2023-08-24T15:58:55.823+0100] {dag.py:2907} INFO - Sync 1 DAGs
[2023-08-24T15:58:55.844+0100] {logging_mixin.py:151} INFO - [2023-08-24T15:58:55.844+0100] {dag.py:3677} INFO - Setting next_dagrun for latest_only to 2023-08-24T10:58:55.844180+00:00, run_after=2023-08-24T14:58:55.844180+00:00
[2023-08-24T15:58:55.979+0100] {processor.py:179} INFO - Processing /home/samuel/dev/airflow_learning/venv/lib/python3.10/site-packages/airflow/example_dags/example_latest_only.py took 0.189 seconds
[2023-08-24T15:59:55.634+0100] {processor.py:157} INFO - Started process (PID=8214) to work on /home/samuel/dev/airflow_learning/venv/lib/python3.10/site-packages/airflow/example_dags/example_latest_only.py
[2023-08-24T15:59:55.691+0100] {processor.py:829} INFO - Processing file /home/samuel/dev/airflow_learning/venv/lib/python3.10/site-packages/airflow/example_dags/example_latest_only.py for tasks to queue
[2023-08-24T15:59:55.692+0100] {logging_mixin.py:151} INFO - [2023-08-24T15:59:55.692+0100] {dagbag.py:539} INFO - Filling up the DagBag from /home/samuel/dev/airflow_learning/venv/lib/python3.10/site-packages/airflow/example_dags/example_latest_only.py
[2023-08-24T15:59:55.700+0100] {processor.py:839} INFO - DAG(s) dict_keys(['latest_only']) retrieved from /home/samuel/dev/airflow_learning/venv/lib/python3.10/site-packages/airflow/example_dags/example_latest_only.py
[2023-08-24T15:59:55.718+0100] {logging_mixin.py:151} INFO - [2023-08-24T15:59:55.718+0100] {dag.py:2907} INFO - Sync 1 DAGs
[2023-08-24T15:59:55.743+0100] {logging_mixin.py:151} INFO - [2023-08-24T15:59:55.742+0100] {dag.py:3677} INFO - Setting next_dagrun for latest_only to 2023-08-24T10:59:55.742487+00:00, run_after=2023-08-24T14:59:55.742487+00:00
[2023-08-24T15:59:55.874+0100] {processor.py:179} INFO - Processing /home/samuel/dev/airflow_learning/venv/lib/python3.10/site-packages/airflow/example_dags/example_latest_only.py took 0.244 seconds
[2023-08-24T16:00:49.314+0100] {processor.py:157} INFO - Started process (PID=8320) to work on /home/samuel/dev/airflow_learning/venv/lib/python3.10/site-packages/airflow/example_dags/example_latest_only.py
[2023-08-24T16:00:49.345+0100] {processor.py:829} INFO - Processing file /home/samuel/dev/airflow_learning/venv/lib/python3.10/site-packages/airflow/example_dags/example_latest_only.py for tasks to queue
[2023-08-24T16:00:49.346+0100] {logging_mixin.py:151} INFO - [2023-08-24T16:00:49.346+0100] {dagbag.py:539} INFO - Filling up the DagBag from /home/samuel/dev/airflow_learning/venv/lib/python3.10/site-packages/airflow/example_dags/example_latest_only.py
[2023-08-24T16:00:49.354+0100] {processor.py:839} INFO - DAG(s) dict_keys(['latest_only']) retrieved from /home/samuel/dev/airflow_learning/venv/lib/python3.10/site-packages/airflow/example_dags/example_latest_only.py
[2023-08-24T16:00:49.373+0100] {logging_mixin.py:151} INFO - [2023-08-24T16:00:49.373+0100] {dag.py:2907} INFO - Sync 1 DAGs
[2023-08-24T16:00:49.395+0100] {logging_mixin.py:151} INFO - [2023-08-24T16:00:49.395+0100] {dag.py:3677} INFO - Setting next_dagrun for latest_only to 2023-08-24T11:00:49.395317+00:00, run_after=2023-08-24T15:00:49.395317+00:00
[2023-08-24T16:00:49.533+0100] {processor.py:179} INFO - Processing /home/samuel/dev/airflow_learning/venv/lib/python3.10/site-packages/airflow/example_dags/example_latest_only.py took 0.222 seconds
[2023-08-24T16:01:44.171+0100] {processor.py:157} INFO - Started process (PID=8399) to work on /home/samuel/dev/airflow_learning/venv/lib/python3.10/site-packages/airflow/example_dags/example_latest_only.py
[2023-08-24T16:01:44.177+0100] {processor.py:829} INFO - Processing file /home/samuel/dev/airflow_learning/venv/lib/python3.10/site-packages/airflow/example_dags/example_latest_only.py for tasks to queue
[2023-08-24T16:01:44.178+0100] {logging_mixin.py:151} INFO - [2023-08-24T16:01:44.177+0100] {dagbag.py:539} INFO - Filling up the DagBag from /home/samuel/dev/airflow_learning/venv/lib/python3.10/site-packages/airflow/example_dags/example_latest_only.py
[2023-08-24T16:01:44.186+0100] {processor.py:839} INFO - DAG(s) dict_keys(['latest_only']) retrieved from /home/samuel/dev/airflow_learning/venv/lib/python3.10/site-packages/airflow/example_dags/example_latest_only.py
[2023-08-24T16:01:44.204+0100] {logging_mixin.py:151} INFO - [2023-08-24T16:01:44.204+0100] {dag.py:2907} INFO - Sync 1 DAGs
[2023-08-24T16:01:44.229+0100] {logging_mixin.py:151} INFO - [2023-08-24T16:01:44.229+0100] {dag.py:3677} INFO - Setting next_dagrun for latest_only to 2023-08-24T11:01:44.228723+00:00, run_after=2023-08-24T15:01:44.228723+00:00
[2023-08-24T16:01:44.331+0100] {processor.py:179} INFO - Processing /home/samuel/dev/airflow_learning/venv/lib/python3.10/site-packages/airflow/example_dags/example_latest_only.py took 0.164 seconds
[2023-08-24T16:02:36.810+0100] {processor.py:157} INFO - Started process (PID=8473) to work on /home/samuel/dev/airflow_learning/venv/lib/python3.10/site-packages/airflow/example_dags/example_latest_only.py
[2023-08-24T16:02:36.826+0100] {processor.py:829} INFO - Processing file /home/samuel/dev/airflow_learning/venv/lib/python3.10/site-packages/airflow/example_dags/example_latest_only.py for tasks to queue
[2023-08-24T16:02:36.827+0100] {logging_mixin.py:151} INFO - [2023-08-24T16:02:36.827+0100] {dagbag.py:539} INFO - Filling up the DagBag from /home/samuel/dev/airflow_learning/venv/lib/python3.10/site-packages/airflow/example_dags/example_latest_only.py
[2023-08-24T16:02:36.835+0100] {processor.py:839} INFO - DAG(s) dict_keys(['latest_only']) retrieved from /home/samuel/dev/airflow_learning/venv/lib/python3.10/site-packages/airflow/example_dags/example_latest_only.py
[2023-08-24T16:02:36.855+0100] {logging_mixin.py:151} INFO - [2023-08-24T16:02:36.855+0100] {dag.py:2907} INFO - Sync 1 DAGs
[2023-08-24T16:02:36.879+0100] {logging_mixin.py:151} INFO - [2023-08-24T16:02:36.879+0100] {dag.py:3677} INFO - Setting next_dagrun for latest_only to 2023-08-24T11:02:36.878814+00:00, run_after=2023-08-24T15:02:36.878814+00:00
[2023-08-24T16:02:36.980+0100] {processor.py:179} INFO - Processing /home/samuel/dev/airflow_learning/venv/lib/python3.10/site-packages/airflow/example_dags/example_latest_only.py took 0.174 seconds
[2023-08-24T16:03:27.404+0100] {processor.py:157} INFO - Started process (PID=8538) to work on /home/samuel/dev/airflow_learning/venv/lib/python3.10/site-packages/airflow/example_dags/example_latest_only.py
[2023-08-24T16:03:27.439+0100] {processor.py:829} INFO - Processing file /home/samuel/dev/airflow_learning/venv/lib/python3.10/site-packages/airflow/example_dags/example_latest_only.py for tasks to queue
[2023-08-24T16:03:27.441+0100] {logging_mixin.py:151} INFO - [2023-08-24T16:03:27.440+0100] {dagbag.py:539} INFO - Filling up the DagBag from /home/samuel/dev/airflow_learning/venv/lib/python3.10/site-packages/airflow/example_dags/example_latest_only.py
[2023-08-24T16:03:27.448+0100] {processor.py:839} INFO - DAG(s) dict_keys(['latest_only']) retrieved from /home/samuel/dev/airflow_learning/venv/lib/python3.10/site-packages/airflow/example_dags/example_latest_only.py
[2023-08-24T16:03:27.468+0100] {logging_mixin.py:151} INFO - [2023-08-24T16:03:27.467+0100] {dag.py:2907} INFO - Sync 1 DAGs
[2023-08-24T16:03:27.491+0100] {logging_mixin.py:151} INFO - [2023-08-24T16:03:27.491+0100] {dag.py:3677} INFO - Setting next_dagrun for latest_only to 2023-08-24T11:03:27.490757+00:00, run_after=2023-08-24T15:03:27.490757+00:00
[2023-08-24T16:03:27.596+0100] {processor.py:179} INFO - Processing /home/samuel/dev/airflow_learning/venv/lib/python3.10/site-packages/airflow/example_dags/example_latest_only.py took 0.195 seconds
[2023-08-24T16:04:22.376+0100] {processor.py:157} INFO - Started process (PID=8613) to work on /home/samuel/dev/airflow_learning/venv/lib/python3.10/site-packages/airflow/example_dags/example_latest_only.py
[2023-08-24T16:04:22.399+0100] {processor.py:829} INFO - Processing file /home/samuel/dev/airflow_learning/venv/lib/python3.10/site-packages/airflow/example_dags/example_latest_only.py for tasks to queue
[2023-08-24T16:04:22.401+0100] {logging_mixin.py:151} INFO - [2023-08-24T16:04:22.400+0100] {dagbag.py:539} INFO - Filling up the DagBag from /home/samuel/dev/airflow_learning/venv/lib/python3.10/site-packages/airflow/example_dags/example_latest_only.py
[2023-08-24T16:04:22.409+0100] {processor.py:839} INFO - DAG(s) dict_keys(['latest_only']) retrieved from /home/samuel/dev/airflow_learning/venv/lib/python3.10/site-packages/airflow/example_dags/example_latest_only.py
[2023-08-24T16:04:22.430+0100] {logging_mixin.py:151} INFO - [2023-08-24T16:04:22.429+0100] {dag.py:2907} INFO - Sync 1 DAGs
[2023-08-24T16:04:22.452+0100] {logging_mixin.py:151} INFO - [2023-08-24T16:04:22.452+0100] {dag.py:3677} INFO - Setting next_dagrun for latest_only to 2023-08-24T11:04:22.451823+00:00, run_after=2023-08-24T15:04:22.451823+00:00
[2023-08-24T16:04:22.550+0100] {processor.py:179} INFO - Processing /home/samuel/dev/airflow_learning/venv/lib/python3.10/site-packages/airflow/example_dags/example_latest_only.py took 0.179 seconds
