[2023-08-24T15:22:39.374+0100] {processor.py:157} INFO - Started process (PID=5363) to work on /home/samuel/dev/airflow_learning/venv/lib/python3.10/site-packages/airflow/example_dags/example_python_operator.py
[2023-08-24T15:22:39.375+0100] {processor.py:829} INFO - Processing file /home/samuel/dev/airflow_learning/venv/lib/python3.10/site-packages/airflow/example_dags/example_python_operator.py for tasks to queue
[2023-08-24T15:22:39.376+0100] {logging_mixin.py:151} INFO - [2023-08-24T15:22:39.376+0100] {dagbag.py:539} INFO - Filling up the DagBag from /home/samuel/dev/airflow_learning/venv/lib/python3.10/site-packages/airflow/example_dags/example_python_operator.py
[2023-08-24T15:22:39.386+0100] {logging_mixin.py:151} INFO - [2023-08-24T15:22:39.386+0100] {example_python_operator.py:89} WARNING - The virtalenv_python example task requires virtualenv, please install it.
[2023-08-24T15:22:39.386+0100] {processor.py:839} INFO - DAG(s) dict_keys(['example_python_operator']) retrieved from /home/samuel/dev/airflow_learning/venv/lib/python3.10/site-packages/airflow/example_dags/example_python_operator.py
[2023-08-24T15:22:39.767+0100] {logging_mixin.py:151} INFO - [2023-08-24T15:22:39.767+0100] {manager.py:501} INFO - Created Permission View: can edit on DAG:example_python_operator
[2023-08-24T15:22:39.868+0100] {logging_mixin.py:151} INFO - [2023-08-24T15:22:39.867+0100] {manager.py:501} INFO - Created Permission View: can delete on DAG:example_python_operator
[2023-08-24T15:22:39.979+0100] {logging_mixin.py:151} INFO - [2023-08-24T15:22:39.978+0100] {manager.py:501} INFO - Created Permission View: can read on DAG:example_python_operator
[2023-08-24T15:22:40.012+0100] {logging_mixin.py:151} INFO - [2023-08-24T15:22:40.012+0100] {dag.py:2907} INFO - Sync 1 DAGs
[2023-08-24T15:22:40.034+0100] {logging_mixin.py:151} INFO - [2023-08-24T15:22:40.033+0100] {dag.py:2929} INFO - Creating ORM DAG for example_python_operator
[2023-08-24T15:22:40.035+0100] {logging_mixin.py:151} INFO - [2023-08-24T15:22:40.035+0100] {dag.py:3677} INFO - Setting next_dagrun for example_python_operator to None, run_after=None
[2023-08-24T15:22:40.215+0100] {processor.py:179} INFO - Processing /home/samuel/dev/airflow_learning/venv/lib/python3.10/site-packages/airflow/example_dags/example_python_operator.py took 0.845 seconds
[2023-08-24T15:23:51.291+0100] {processor.py:157} INFO - Started process (PID=5428) to work on /home/samuel/dev/airflow_learning/venv/lib/python3.10/site-packages/airflow/example_dags/example_python_operator.py
[2023-08-24T15:23:51.292+0100] {processor.py:829} INFO - Processing file /home/samuel/dev/airflow_learning/venv/lib/python3.10/site-packages/airflow/example_dags/example_python_operator.py for tasks to queue
[2023-08-24T15:23:51.293+0100] {logging_mixin.py:151} INFO - [2023-08-24T15:23:51.293+0100] {dagbag.py:539} INFO - Filling up the DagBag from /home/samuel/dev/airflow_learning/venv/lib/python3.10/site-packages/airflow/example_dags/example_python_operator.py
[2023-08-24T15:23:51.304+0100] {logging_mixin.py:151} INFO - [2023-08-24T15:23:51.304+0100] {example_python_operator.py:89} WARNING - The virtalenv_python example task requires virtualenv, please install it.
[2023-08-24T15:23:51.305+0100] {processor.py:839} INFO - DAG(s) dict_keys(['example_python_operator']) retrieved from /home/samuel/dev/airflow_learning/venv/lib/python3.10/site-packages/airflow/example_dags/example_python_operator.py
[2023-08-24T15:23:51.324+0100] {logging_mixin.py:151} INFO - [2023-08-24T15:23:51.324+0100] {dag.py:2907} INFO - Sync 1 DAGs
[2023-08-24T15:23:51.337+0100] {logging_mixin.py:151} INFO - [2023-08-24T15:23:51.337+0100] {dag.py:3677} INFO - Setting next_dagrun for example_python_operator to None, run_after=None
[2023-08-24T15:23:51.445+0100] {processor.py:179} INFO - Processing /home/samuel/dev/airflow_learning/venv/lib/python3.10/site-packages/airflow/example_dags/example_python_operator.py took 0.158 seconds
[2023-08-24T15:24:44.970+0100] {processor.py:157} INFO - Started process (PID=5485) to work on /home/samuel/dev/airflow_learning/venv/lib/python3.10/site-packages/airflow/example_dags/example_python_operator.py
[2023-08-24T15:24:44.995+0100] {processor.py:829} INFO - Processing file /home/samuel/dev/airflow_learning/venv/lib/python3.10/site-packages/airflow/example_dags/example_python_operator.py for tasks to queue
[2023-08-24T15:24:44.997+0100] {logging_mixin.py:151} INFO - [2023-08-24T15:24:44.996+0100] {dagbag.py:539} INFO - Filling up the DagBag from /home/samuel/dev/airflow_learning/venv/lib/python3.10/site-packages/airflow/example_dags/example_python_operator.py
[2023-08-24T15:24:45.009+0100] {logging_mixin.py:151} INFO - [2023-08-24T15:24:45.009+0100] {example_python_operator.py:89} WARNING - The virtalenv_python example task requires virtualenv, please install it.
[2023-08-24T15:24:45.010+0100] {processor.py:839} INFO - DAG(s) dict_keys(['example_python_operator']) retrieved from /home/samuel/dev/airflow_learning/venv/lib/python3.10/site-packages/airflow/example_dags/example_python_operator.py
[2023-08-24T15:24:45.039+0100] {logging_mixin.py:151} INFO - [2023-08-24T15:24:45.038+0100] {dag.py:2907} INFO - Sync 1 DAGs
[2023-08-24T15:24:45.053+0100] {logging_mixin.py:151} INFO - [2023-08-24T15:24:45.053+0100] {dag.py:3677} INFO - Setting next_dagrun for example_python_operator to None, run_after=None
[2023-08-24T15:24:45.160+0100] {processor.py:179} INFO - Processing /home/samuel/dev/airflow_learning/venv/lib/python3.10/site-packages/airflow/example_dags/example_python_operator.py took 0.194 seconds
[2023-08-24T15:25:48.769+0100] {processor.py:157} INFO - Started process (PID=5551) to work on /home/samuel/dev/airflow_learning/venv/lib/python3.10/site-packages/airflow/example_dags/example_python_operator.py
[2023-08-24T15:25:48.772+0100] {processor.py:829} INFO - Processing file /home/samuel/dev/airflow_learning/venv/lib/python3.10/site-packages/airflow/example_dags/example_python_operator.py for tasks to queue
[2023-08-24T15:25:48.773+0100] {logging_mixin.py:151} INFO - [2023-08-24T15:25:48.773+0100] {dagbag.py:539} INFO - Filling up the DagBag from /home/samuel/dev/airflow_learning/venv/lib/python3.10/site-packages/airflow/example_dags/example_python_operator.py
[2023-08-24T15:25:48.787+0100] {logging_mixin.py:151} INFO - [2023-08-24T15:25:48.786+0100] {example_python_operator.py:89} WARNING - The virtalenv_python example task requires virtualenv, please install it.
[2023-08-24T15:25:48.787+0100] {processor.py:839} INFO - DAG(s) dict_keys(['example_python_operator']) retrieved from /home/samuel/dev/airflow_learning/venv/lib/python3.10/site-packages/airflow/example_dags/example_python_operator.py
[2023-08-24T15:25:48.813+0100] {logging_mixin.py:151} INFO - [2023-08-24T15:25:48.813+0100] {dag.py:2907} INFO - Sync 1 DAGs
[2023-08-24T15:25:48.825+0100] {logging_mixin.py:151} INFO - [2023-08-24T15:25:48.825+0100] {dag.py:3677} INFO - Setting next_dagrun for example_python_operator to None, run_after=None
[2023-08-24T15:25:48.964+0100] {processor.py:179} INFO - Processing /home/samuel/dev/airflow_learning/venv/lib/python3.10/site-packages/airflow/example_dags/example_python_operator.py took 0.198 seconds
[2023-08-24T15:26:44.512+0100] {processor.py:157} INFO - Started process (PID=5602) to work on /home/samuel/dev/airflow_learning/venv/lib/python3.10/site-packages/airflow/example_dags/example_python_operator.py
[2023-08-24T15:26:44.538+0100] {processor.py:829} INFO - Processing file /home/samuel/dev/airflow_learning/venv/lib/python3.10/site-packages/airflow/example_dags/example_python_operator.py for tasks to queue
[2023-08-24T15:26:44.539+0100] {logging_mixin.py:151} INFO - [2023-08-24T15:26:44.539+0100] {dagbag.py:539} INFO - Filling up the DagBag from /home/samuel/dev/airflow_learning/venv/lib/python3.10/site-packages/airflow/example_dags/example_python_operator.py
[2023-08-24T15:26:44.550+0100] {logging_mixin.py:151} INFO - [2023-08-24T15:26:44.550+0100] {example_python_operator.py:89} WARNING - The virtalenv_python example task requires virtualenv, please install it.
[2023-08-24T15:26:44.550+0100] {processor.py:839} INFO - DAG(s) dict_keys(['example_python_operator']) retrieved from /home/samuel/dev/airflow_learning/venv/lib/python3.10/site-packages/airflow/example_dags/example_python_operator.py
[2023-08-24T15:26:44.572+0100] {logging_mixin.py:151} INFO - [2023-08-24T15:26:44.572+0100] {dag.py:2907} INFO - Sync 1 DAGs
[2023-08-24T15:26:44.587+0100] {logging_mixin.py:151} INFO - [2023-08-24T15:26:44.587+0100] {dag.py:3677} INFO - Setting next_dagrun for example_python_operator to None, run_after=None
[2023-08-24T15:26:44.708+0100] {processor.py:179} INFO - Processing /home/samuel/dev/airflow_learning/venv/lib/python3.10/site-packages/airflow/example_dags/example_python_operator.py took 0.199 seconds
[2023-08-24T15:27:37.601+0100] {processor.py:157} INFO - Started process (PID=5652) to work on /home/samuel/dev/airflow_learning/venv/lib/python3.10/site-packages/airflow/example_dags/example_python_operator.py
[2023-08-24T15:27:37.623+0100] {processor.py:829} INFO - Processing file /home/samuel/dev/airflow_learning/venv/lib/python3.10/site-packages/airflow/example_dags/example_python_operator.py for tasks to queue
[2023-08-24T15:27:37.624+0100] {logging_mixin.py:151} INFO - [2023-08-24T15:27:37.624+0100] {dagbag.py:539} INFO - Filling up the DagBag from /home/samuel/dev/airflow_learning/venv/lib/python3.10/site-packages/airflow/example_dags/example_python_operator.py
[2023-08-24T15:27:37.635+0100] {logging_mixin.py:151} INFO - [2023-08-24T15:27:37.635+0100] {example_python_operator.py:89} WARNING - The virtalenv_python example task requires virtualenv, please install it.
[2023-08-24T15:27:37.636+0100] {processor.py:839} INFO - DAG(s) dict_keys(['example_python_operator']) retrieved from /home/samuel/dev/airflow_learning/venv/lib/python3.10/site-packages/airflow/example_dags/example_python_operator.py
[2023-08-24T15:27:37.656+0100] {logging_mixin.py:151} INFO - [2023-08-24T15:27:37.656+0100] {dag.py:2907} INFO - Sync 1 DAGs
[2023-08-24T15:27:37.669+0100] {logging_mixin.py:151} INFO - [2023-08-24T15:27:37.669+0100] {dag.py:3677} INFO - Setting next_dagrun for example_python_operator to None, run_after=None
[2023-08-24T15:27:37.788+0100] {processor.py:179} INFO - Processing /home/samuel/dev/airflow_learning/venv/lib/python3.10/site-packages/airflow/example_dags/example_python_operator.py took 0.191 seconds
[2023-08-24T15:28:33.691+0100] {processor.py:157} INFO - Started process (PID=5714) to work on /home/samuel/dev/airflow_learning/venv/lib/python3.10/site-packages/airflow/example_dags/example_python_operator.py
[2023-08-24T15:28:33.694+0100] {processor.py:829} INFO - Processing file /home/samuel/dev/airflow_learning/venv/lib/python3.10/site-packages/airflow/example_dags/example_python_operator.py for tasks to queue
[2023-08-24T15:28:33.695+0100] {logging_mixin.py:151} INFO - [2023-08-24T15:28:33.694+0100] {dagbag.py:539} INFO - Filling up the DagBag from /home/samuel/dev/airflow_learning/venv/lib/python3.10/site-packages/airflow/example_dags/example_python_operator.py
[2023-08-24T15:28:33.708+0100] {logging_mixin.py:151} INFO - [2023-08-24T15:28:33.707+0100] {example_python_operator.py:89} WARNING - The virtalenv_python example task requires virtualenv, please install it.
[2023-08-24T15:28:33.708+0100] {processor.py:839} INFO - DAG(s) dict_keys(['example_python_operator']) retrieved from /home/samuel/dev/airflow_learning/venv/lib/python3.10/site-packages/airflow/example_dags/example_python_operator.py
[2023-08-24T15:28:33.729+0100] {logging_mixin.py:151} INFO - [2023-08-24T15:28:33.728+0100] {dag.py:2907} INFO - Sync 1 DAGs
[2023-08-24T15:28:33.741+0100] {logging_mixin.py:151} INFO - [2023-08-24T15:28:33.740+0100] {dag.py:3677} INFO - Setting next_dagrun for example_python_operator to None, run_after=None
[2023-08-24T15:28:33.864+0100] {processor.py:179} INFO - Processing /home/samuel/dev/airflow_learning/venv/lib/python3.10/site-packages/airflow/example_dags/example_python_operator.py took 0.177 seconds
[2023-08-24T15:29:26.997+0100] {processor.py:157} INFO - Started process (PID=5780) to work on /home/samuel/dev/airflow_learning/venv/lib/python3.10/site-packages/airflow/example_dags/example_python_operator.py
[2023-08-24T15:29:27.024+0100] {processor.py:829} INFO - Processing file /home/samuel/dev/airflow_learning/venv/lib/python3.10/site-packages/airflow/example_dags/example_python_operator.py for tasks to queue
[2023-08-24T15:29:27.025+0100] {logging_mixin.py:151} INFO - [2023-08-24T15:29:27.024+0100] {dagbag.py:539} INFO - Filling up the DagBag from /home/samuel/dev/airflow_learning/venv/lib/python3.10/site-packages/airflow/example_dags/example_python_operator.py
[2023-08-24T15:29:27.037+0100] {logging_mixin.py:151} INFO - [2023-08-24T15:29:27.037+0100] {example_python_operator.py:89} WARNING - The virtalenv_python example task requires virtualenv, please install it.
[2023-08-24T15:29:27.038+0100] {processor.py:839} INFO - DAG(s) dict_keys(['example_python_operator']) retrieved from /home/samuel/dev/airflow_learning/venv/lib/python3.10/site-packages/airflow/example_dags/example_python_operator.py
[2023-08-24T15:29:27.062+0100] {logging_mixin.py:151} INFO - [2023-08-24T15:29:27.062+0100] {dag.py:2907} INFO - Sync 1 DAGs
[2023-08-24T15:29:27.076+0100] {logging_mixin.py:151} INFO - [2023-08-24T15:29:27.076+0100] {dag.py:3677} INFO - Setting next_dagrun for example_python_operator to None, run_after=None
[2023-08-24T15:29:27.179+0100] {processor.py:179} INFO - Processing /home/samuel/dev/airflow_learning/venv/lib/python3.10/site-packages/airflow/example_dags/example_python_operator.py took 0.186 seconds
[2023-08-24T15:31:10.418+0100] {processor.py:157} INFO - Started process (PID=6015) to work on /home/samuel/dev/airflow_learning/venv/lib/python3.10/site-packages/airflow/example_dags/example_python_operator.py
[2023-08-24T15:31:10.455+0100] {processor.py:829} INFO - Processing file /home/samuel/dev/airflow_learning/venv/lib/python3.10/site-packages/airflow/example_dags/example_python_operator.py for tasks to queue
[2023-08-24T15:31:10.456+0100] {logging_mixin.py:151} INFO - [2023-08-24T15:31:10.456+0100] {dagbag.py:539} INFO - Filling up the DagBag from /home/samuel/dev/airflow_learning/venv/lib/python3.10/site-packages/airflow/example_dags/example_python_operator.py
[2023-08-24T15:31:10.467+0100] {logging_mixin.py:151} INFO - [2023-08-24T15:31:10.467+0100] {example_python_operator.py:89} WARNING - The virtalenv_python example task requires virtualenv, please install it.
[2023-08-24T15:31:10.468+0100] {processor.py:839} INFO - DAG(s) dict_keys(['example_python_operator']) retrieved from /home/samuel/dev/airflow_learning/venv/lib/python3.10/site-packages/airflow/example_dags/example_python_operator.py
[2023-08-24T15:31:10.491+0100] {logging_mixin.py:151} INFO - [2023-08-24T15:31:10.491+0100] {dag.py:2907} INFO - Sync 1 DAGs
[2023-08-24T15:31:10.505+0100] {logging_mixin.py:151} INFO - [2023-08-24T15:31:10.505+0100] {dag.py:3677} INFO - Setting next_dagrun for example_python_operator to None, run_after=None
[2023-08-24T15:31:10.628+0100] {processor.py:179} INFO - Processing /home/samuel/dev/airflow_learning/venv/lib/python3.10/site-packages/airflow/example_dags/example_python_operator.py took 0.214 seconds
[2023-08-24T15:32:15.830+0100] {processor.py:157} INFO - Started process (PID=6081) to work on /home/samuel/dev/airflow_learning/venv/lib/python3.10/site-packages/airflow/example_dags/example_python_operator.py
[2023-08-24T15:32:15.846+0100] {processor.py:829} INFO - Processing file /home/samuel/dev/airflow_learning/venv/lib/python3.10/site-packages/airflow/example_dags/example_python_operator.py for tasks to queue
[2023-08-24T15:32:15.847+0100] {logging_mixin.py:151} INFO - [2023-08-24T15:32:15.847+0100] {dagbag.py:539} INFO - Filling up the DagBag from /home/samuel/dev/airflow_learning/venv/lib/python3.10/site-packages/airflow/example_dags/example_python_operator.py
[2023-08-24T15:32:15.858+0100] {logging_mixin.py:151} INFO - [2023-08-24T15:32:15.858+0100] {example_python_operator.py:89} WARNING - The virtalenv_python example task requires virtualenv, please install it.
[2023-08-24T15:32:15.859+0100] {processor.py:839} INFO - DAG(s) dict_keys(['example_python_operator']) retrieved from /home/samuel/dev/airflow_learning/venv/lib/python3.10/site-packages/airflow/example_dags/example_python_operator.py
[2023-08-24T15:32:15.880+0100] {logging_mixin.py:151} INFO - [2023-08-24T15:32:15.880+0100] {dag.py:2907} INFO - Sync 1 DAGs
[2023-08-24T15:32:15.892+0100] {logging_mixin.py:151} INFO - [2023-08-24T15:32:15.892+0100] {dag.py:3677} INFO - Setting next_dagrun for example_python_operator to None, run_after=None
[2023-08-24T15:32:16.012+0100] {processor.py:179} INFO - Processing /home/samuel/dev/airflow_learning/venv/lib/python3.10/site-packages/airflow/example_dags/example_python_operator.py took 0.186 seconds
[2023-08-24T15:33:06.123+0100] {processor.py:157} INFO - Started process (PID=6141) to work on /home/samuel/dev/airflow_learning/venv/lib/python3.10/site-packages/airflow/example_dags/example_python_operator.py
[2023-08-24T15:33:06.124+0100] {processor.py:829} INFO - Processing file /home/samuel/dev/airflow_learning/venv/lib/python3.10/site-packages/airflow/example_dags/example_python_operator.py for tasks to queue
[2023-08-24T15:33:06.125+0100] {logging_mixin.py:151} INFO - [2023-08-24T15:33:06.125+0100] {dagbag.py:539} INFO - Filling up the DagBag from /home/samuel/dev/airflow_learning/venv/lib/python3.10/site-packages/airflow/example_dags/example_python_operator.py
[2023-08-24T15:33:06.136+0100] {logging_mixin.py:151} INFO - [2023-08-24T15:33:06.135+0100] {example_python_operator.py:89} WARNING - The virtalenv_python example task requires virtualenv, please install it.
[2023-08-24T15:33:06.136+0100] {processor.py:839} INFO - DAG(s) dict_keys(['example_python_operator']) retrieved from /home/samuel/dev/airflow_learning/venv/lib/python3.10/site-packages/airflow/example_dags/example_python_operator.py
[2023-08-24T15:33:06.155+0100] {logging_mixin.py:151} INFO - [2023-08-24T15:33:06.155+0100] {dag.py:2907} INFO - Sync 1 DAGs
[2023-08-24T15:33:06.166+0100] {logging_mixin.py:151} INFO - [2023-08-24T15:33:06.166+0100] {dag.py:3677} INFO - Setting next_dagrun for example_python_operator to None, run_after=None
[2023-08-24T15:33:06.275+0100] {processor.py:179} INFO - Processing /home/samuel/dev/airflow_learning/venv/lib/python3.10/site-packages/airflow/example_dags/example_python_operator.py took 0.156 seconds
[2023-08-24T15:34:03.935+0100] {processor.py:157} INFO - Started process (PID=6201) to work on /home/samuel/dev/airflow_learning/venv/lib/python3.10/site-packages/airflow/example_dags/example_python_operator.py
[2023-08-24T15:34:03.960+0100] {processor.py:829} INFO - Processing file /home/samuel/dev/airflow_learning/venv/lib/python3.10/site-packages/airflow/example_dags/example_python_operator.py for tasks to queue
[2023-08-24T15:34:03.961+0100] {logging_mixin.py:151} INFO - [2023-08-24T15:34:03.961+0100] {dagbag.py:539} INFO - Filling up the DagBag from /home/samuel/dev/airflow_learning/venv/lib/python3.10/site-packages/airflow/example_dags/example_python_operator.py
[2023-08-24T15:34:03.972+0100] {logging_mixin.py:151} INFO - [2023-08-24T15:34:03.972+0100] {example_python_operator.py:89} WARNING - The virtalenv_python example task requires virtualenv, please install it.
[2023-08-24T15:34:03.973+0100] {processor.py:839} INFO - DAG(s) dict_keys(['example_python_operator']) retrieved from /home/samuel/dev/airflow_learning/venv/lib/python3.10/site-packages/airflow/example_dags/example_python_operator.py
[2023-08-24T15:34:03.995+0100] {logging_mixin.py:151} INFO - [2023-08-24T15:34:03.994+0100] {dag.py:2907} INFO - Sync 1 DAGs
[2023-08-24T15:34:04.007+0100] {logging_mixin.py:151} INFO - [2023-08-24T15:34:04.006+0100] {dag.py:3677} INFO - Setting next_dagrun for example_python_operator to None, run_after=None
[2023-08-24T15:34:04.143+0100] {processor.py:179} INFO - Processing /home/samuel/dev/airflow_learning/venv/lib/python3.10/site-packages/airflow/example_dags/example_python_operator.py took 0.212 seconds
[2023-08-24T15:35:10.353+0100] {processor.py:157} INFO - Started process (PID=6265) to work on /home/samuel/dev/airflow_learning/venv/lib/python3.10/site-packages/airflow/example_dags/example_python_operator.py
[2023-08-24T15:35:10.355+0100] {processor.py:829} INFO - Processing file /home/samuel/dev/airflow_learning/venv/lib/python3.10/site-packages/airflow/example_dags/example_python_operator.py for tasks to queue
[2023-08-24T15:35:10.356+0100] {logging_mixin.py:151} INFO - [2023-08-24T15:35:10.355+0100] {dagbag.py:539} INFO - Filling up the DagBag from /home/samuel/dev/airflow_learning/venv/lib/python3.10/site-packages/airflow/example_dags/example_python_operator.py
[2023-08-24T15:35:10.369+0100] {logging_mixin.py:151} INFO - [2023-08-24T15:35:10.369+0100] {example_python_operator.py:89} WARNING - The virtalenv_python example task requires virtualenv, please install it.
[2023-08-24T15:35:10.370+0100] {processor.py:839} INFO - DAG(s) dict_keys(['example_python_operator']) retrieved from /home/samuel/dev/airflow_learning/venv/lib/python3.10/site-packages/airflow/example_dags/example_python_operator.py
[2023-08-24T15:35:10.401+0100] {logging_mixin.py:151} INFO - [2023-08-24T15:35:10.401+0100] {dag.py:2907} INFO - Sync 1 DAGs
[2023-08-24T15:35:10.422+0100] {logging_mixin.py:151} INFO - [2023-08-24T15:35:10.421+0100] {dag.py:3677} INFO - Setting next_dagrun for example_python_operator to None, run_after=None
[2023-08-24T15:35:10.687+0100] {processor.py:179} INFO - Processing /home/samuel/dev/airflow_learning/venv/lib/python3.10/site-packages/airflow/example_dags/example_python_operator.py took 0.338 seconds
[2023-08-24T15:36:09.241+0100] {processor.py:157} INFO - Started process (PID=6335) to work on /home/samuel/dev/airflow_learning/venv/lib/python3.10/site-packages/airflow/example_dags/example_python_operator.py
[2023-08-24T15:36:09.281+0100] {processor.py:829} INFO - Processing file /home/samuel/dev/airflow_learning/venv/lib/python3.10/site-packages/airflow/example_dags/example_python_operator.py for tasks to queue
[2023-08-24T15:36:09.282+0100] {logging_mixin.py:151} INFO - [2023-08-24T15:36:09.282+0100] {dagbag.py:539} INFO - Filling up the DagBag from /home/samuel/dev/airflow_learning/venv/lib/python3.10/site-packages/airflow/example_dags/example_python_operator.py
[2023-08-24T15:36:09.295+0100] {logging_mixin.py:151} INFO - [2023-08-24T15:36:09.295+0100] {example_python_operator.py:89} WARNING - The virtalenv_python example task requires virtualenv, please install it.
[2023-08-24T15:36:09.296+0100] {processor.py:839} INFO - DAG(s) dict_keys(['example_python_operator']) retrieved from /home/samuel/dev/airflow_learning/venv/lib/python3.10/site-packages/airflow/example_dags/example_python_operator.py
[2023-08-24T15:36:09.321+0100] {logging_mixin.py:151} INFO - [2023-08-24T15:36:09.320+0100] {dag.py:2907} INFO - Sync 1 DAGs
[2023-08-24T15:36:09.335+0100] {logging_mixin.py:151} INFO - [2023-08-24T15:36:09.335+0100] {dag.py:3677} INFO - Setting next_dagrun for example_python_operator to None, run_after=None
[2023-08-24T15:36:09.454+0100] {processor.py:179} INFO - Processing /home/samuel/dev/airflow_learning/venv/lib/python3.10/site-packages/airflow/example_dags/example_python_operator.py took 0.216 seconds
[2023-08-24T15:37:05.500+0100] {processor.py:157} INFO - Started process (PID=6389) to work on /home/samuel/dev/airflow_learning/venv/lib/python3.10/site-packages/airflow/example_dags/example_python_operator.py
[2023-08-24T15:37:05.508+0100] {processor.py:829} INFO - Processing file /home/samuel/dev/airflow_learning/venv/lib/python3.10/site-packages/airflow/example_dags/example_python_operator.py for tasks to queue
[2023-08-24T15:37:05.509+0100] {logging_mixin.py:151} INFO - [2023-08-24T15:37:05.509+0100] {dagbag.py:539} INFO - Filling up the DagBag from /home/samuel/dev/airflow_learning/venv/lib/python3.10/site-packages/airflow/example_dags/example_python_operator.py
[2023-08-24T15:37:05.518+0100] {logging_mixin.py:151} INFO - [2023-08-24T15:37:05.518+0100] {example_python_operator.py:89} WARNING - The virtalenv_python example task requires virtualenv, please install it.
[2023-08-24T15:37:05.519+0100] {processor.py:839} INFO - DAG(s) dict_keys(['example_python_operator']) retrieved from /home/samuel/dev/airflow_learning/venv/lib/python3.10/site-packages/airflow/example_dags/example_python_operator.py
[2023-08-24T15:37:05.537+0100] {logging_mixin.py:151} INFO - [2023-08-24T15:37:05.537+0100] {dag.py:2907} INFO - Sync 1 DAGs
[2023-08-24T15:37:05.548+0100] {logging_mixin.py:151} INFO - [2023-08-24T15:37:05.548+0100] {dag.py:3677} INFO - Setting next_dagrun for example_python_operator to None, run_after=None
[2023-08-24T15:37:05.659+0100] {processor.py:179} INFO - Processing /home/samuel/dev/airflow_learning/venv/lib/python3.10/site-packages/airflow/example_dags/example_python_operator.py took 0.163 seconds
[2023-08-24T15:38:11.079+0100] {processor.py:157} INFO - Started process (PID=6441) to work on /home/samuel/dev/airflow_learning/venv/lib/python3.10/site-packages/airflow/example_dags/example_python_operator.py
[2023-08-24T15:38:11.135+0100] {processor.py:829} INFO - Processing file /home/samuel/dev/airflow_learning/venv/lib/python3.10/site-packages/airflow/example_dags/example_python_operator.py for tasks to queue
[2023-08-24T15:38:11.136+0100] {logging_mixin.py:151} INFO - [2023-08-24T15:38:11.135+0100] {dagbag.py:539} INFO - Filling up the DagBag from /home/samuel/dev/airflow_learning/venv/lib/python3.10/site-packages/airflow/example_dags/example_python_operator.py
[2023-08-24T15:38:11.147+0100] {logging_mixin.py:151} INFO - [2023-08-24T15:38:11.146+0100] {example_python_operator.py:89} WARNING - The virtalenv_python example task requires virtualenv, please install it.
[2023-08-24T15:38:11.147+0100] {processor.py:839} INFO - DAG(s) dict_keys(['example_python_operator']) retrieved from /home/samuel/dev/airflow_learning/venv/lib/python3.10/site-packages/airflow/example_dags/example_python_operator.py
[2023-08-24T15:38:11.169+0100] {logging_mixin.py:151} INFO - [2023-08-24T15:38:11.169+0100] {dag.py:2907} INFO - Sync 1 DAGs
[2023-08-24T15:38:11.184+0100] {logging_mixin.py:151} INFO - [2023-08-24T15:38:11.183+0100] {dag.py:3677} INFO - Setting next_dagrun for example_python_operator to None, run_after=None
[2023-08-24T15:38:11.294+0100] {processor.py:179} INFO - Processing /home/samuel/dev/airflow_learning/venv/lib/python3.10/site-packages/airflow/example_dags/example_python_operator.py took 0.220 seconds
[2023-08-24T15:39:07.213+0100] {processor.py:157} INFO - Started process (PID=6496) to work on /home/samuel/dev/airflow_learning/venv/lib/python3.10/site-packages/airflow/example_dags/example_python_operator.py
[2023-08-24T15:39:07.240+0100] {processor.py:829} INFO - Processing file /home/samuel/dev/airflow_learning/venv/lib/python3.10/site-packages/airflow/example_dags/example_python_operator.py for tasks to queue
[2023-08-24T15:39:07.241+0100] {logging_mixin.py:151} INFO - [2023-08-24T15:39:07.240+0100] {dagbag.py:539} INFO - Filling up the DagBag from /home/samuel/dev/airflow_learning/venv/lib/python3.10/site-packages/airflow/example_dags/example_python_operator.py
[2023-08-24T15:39:07.252+0100] {logging_mixin.py:151} INFO - [2023-08-24T15:39:07.251+0100] {example_python_operator.py:89} WARNING - The virtalenv_python example task requires virtualenv, please install it.
[2023-08-24T15:39:07.252+0100] {processor.py:839} INFO - DAG(s) dict_keys(['example_python_operator']) retrieved from /home/samuel/dev/airflow_learning/venv/lib/python3.10/site-packages/airflow/example_dags/example_python_operator.py
[2023-08-24T15:39:07.275+0100] {logging_mixin.py:151} INFO - [2023-08-24T15:39:07.275+0100] {dag.py:2907} INFO - Sync 1 DAGs
[2023-08-24T15:39:07.288+0100] {logging_mixin.py:151} INFO - [2023-08-24T15:39:07.288+0100] {dag.py:3677} INFO - Setting next_dagrun for example_python_operator to None, run_after=None
[2023-08-24T15:39:07.406+0100] {processor.py:179} INFO - Processing /home/samuel/dev/airflow_learning/venv/lib/python3.10/site-packages/airflow/example_dags/example_python_operator.py took 0.197 seconds
[2023-08-24T15:40:22.697+0100] {processor.py:157} INFO - Started process (PID=6590) to work on /home/samuel/dev/airflow_learning/venv/lib/python3.10/site-packages/airflow/example_dags/example_python_operator.py
[2023-08-24T15:40:22.757+0100] {processor.py:829} INFO - Processing file /home/samuel/dev/airflow_learning/venv/lib/python3.10/site-packages/airflow/example_dags/example_python_operator.py for tasks to queue
[2023-08-24T15:40:22.758+0100] {logging_mixin.py:151} INFO - [2023-08-24T15:40:22.758+0100] {dagbag.py:539} INFO - Filling up the DagBag from /home/samuel/dev/airflow_learning/venv/lib/python3.10/site-packages/airflow/example_dags/example_python_operator.py
[2023-08-24T15:40:22.769+0100] {logging_mixin.py:151} INFO - [2023-08-24T15:40:22.769+0100] {example_python_operator.py:89} WARNING - The virtalenv_python example task requires virtualenv, please install it.
[2023-08-24T15:40:22.770+0100] {processor.py:839} INFO - DAG(s) dict_keys(['example_python_operator']) retrieved from /home/samuel/dev/airflow_learning/venv/lib/python3.10/site-packages/airflow/example_dags/example_python_operator.py
[2023-08-24T15:40:22.789+0100] {logging_mixin.py:151} INFO - [2023-08-24T15:40:22.789+0100] {dag.py:2907} INFO - Sync 1 DAGs
[2023-08-24T15:40:22.800+0100] {logging_mixin.py:151} INFO - [2023-08-24T15:40:22.800+0100] {dag.py:3677} INFO - Setting next_dagrun for example_python_operator to None, run_after=None
[2023-08-24T15:40:22.897+0100] {processor.py:179} INFO - Processing /home/samuel/dev/airflow_learning/venv/lib/python3.10/site-packages/airflow/example_dags/example_python_operator.py took 0.204 seconds
[2023-08-24T15:41:19.218+0100] {processor.py:157} INFO - Started process (PID=6644) to work on /home/samuel/dev/airflow_learning/venv/lib/python3.10/site-packages/airflow/example_dags/example_python_operator.py
[2023-08-24T15:41:19.243+0100] {processor.py:829} INFO - Processing file /home/samuel/dev/airflow_learning/venv/lib/python3.10/site-packages/airflow/example_dags/example_python_operator.py for tasks to queue
[2023-08-24T15:41:19.245+0100] {logging_mixin.py:151} INFO - [2023-08-24T15:41:19.245+0100] {dagbag.py:539} INFO - Filling up the DagBag from /home/samuel/dev/airflow_learning/venv/lib/python3.10/site-packages/airflow/example_dags/example_python_operator.py
[2023-08-24T15:41:19.260+0100] {logging_mixin.py:151} INFO - [2023-08-24T15:41:19.260+0100] {example_python_operator.py:89} WARNING - The virtalenv_python example task requires virtualenv, please install it.
[2023-08-24T15:41:19.261+0100] {processor.py:839} INFO - DAG(s) dict_keys(['example_python_operator']) retrieved from /home/samuel/dev/airflow_learning/venv/lib/python3.10/site-packages/airflow/example_dags/example_python_operator.py
[2023-08-24T15:41:19.284+0100] {logging_mixin.py:151} INFO - [2023-08-24T15:41:19.284+0100] {dag.py:2907} INFO - Sync 1 DAGs
[2023-08-24T15:41:19.298+0100] {logging_mixin.py:151} INFO - [2023-08-24T15:41:19.297+0100] {dag.py:3677} INFO - Setting next_dagrun for example_python_operator to None, run_after=None
[2023-08-24T15:41:19.428+0100] {processor.py:179} INFO - Processing /home/samuel/dev/airflow_learning/venv/lib/python3.10/site-packages/airflow/example_dags/example_python_operator.py took 0.214 seconds
[2023-08-24T15:42:09.349+0100] {processor.py:157} INFO - Started process (PID=6697) to work on /home/samuel/dev/airflow_learning/venv/lib/python3.10/site-packages/airflow/example_dags/example_python_operator.py
[2023-08-24T15:42:09.359+0100] {processor.py:829} INFO - Processing file /home/samuel/dev/airflow_learning/venv/lib/python3.10/site-packages/airflow/example_dags/example_python_operator.py for tasks to queue
[2023-08-24T15:42:09.360+0100] {logging_mixin.py:151} INFO - [2023-08-24T15:42:09.360+0100] {dagbag.py:539} INFO - Filling up the DagBag from /home/samuel/dev/airflow_learning/venv/lib/python3.10/site-packages/airflow/example_dags/example_python_operator.py
[2023-08-24T15:42:09.371+0100] {logging_mixin.py:151} INFO - [2023-08-24T15:42:09.370+0100] {example_python_operator.py:89} WARNING - The virtalenv_python example task requires virtualenv, please install it.
[2023-08-24T15:42:09.371+0100] {processor.py:839} INFO - DAG(s) dict_keys(['example_python_operator']) retrieved from /home/samuel/dev/airflow_learning/venv/lib/python3.10/site-packages/airflow/example_dags/example_python_operator.py
[2023-08-24T15:42:09.390+0100] {logging_mixin.py:151} INFO - [2023-08-24T15:42:09.390+0100] {dag.py:2907} INFO - Sync 1 DAGs
[2023-08-24T15:42:09.403+0100] {logging_mixin.py:151} INFO - [2023-08-24T15:42:09.402+0100] {dag.py:3677} INFO - Setting next_dagrun for example_python_operator to None, run_after=None
[2023-08-24T15:42:09.508+0100] {processor.py:179} INFO - Processing /home/samuel/dev/airflow_learning/venv/lib/python3.10/site-packages/airflow/example_dags/example_python_operator.py took 0.163 seconds
[2023-08-24T15:43:06.025+0100] {processor.py:157} INFO - Started process (PID=6806) to work on /home/samuel/dev/airflow_learning/venv/lib/python3.10/site-packages/airflow/example_dags/example_python_operator.py
[2023-08-24T15:43:06.059+0100] {processor.py:829} INFO - Processing file /home/samuel/dev/airflow_learning/venv/lib/python3.10/site-packages/airflow/example_dags/example_python_operator.py for tasks to queue
[2023-08-24T15:43:06.060+0100] {logging_mixin.py:151} INFO - [2023-08-24T15:43:06.060+0100] {dagbag.py:539} INFO - Filling up the DagBag from /home/samuel/dev/airflow_learning/venv/lib/python3.10/site-packages/airflow/example_dags/example_python_operator.py
[2023-08-24T15:43:06.071+0100] {logging_mixin.py:151} INFO - [2023-08-24T15:43:06.071+0100] {example_python_operator.py:89} WARNING - The virtalenv_python example task requires virtualenv, please install it.
[2023-08-24T15:43:06.072+0100] {processor.py:839} INFO - DAG(s) dict_keys(['example_python_operator']) retrieved from /home/samuel/dev/airflow_learning/venv/lib/python3.10/site-packages/airflow/example_dags/example_python_operator.py
[2023-08-24T15:43:06.094+0100] {logging_mixin.py:151} INFO - [2023-08-24T15:43:06.094+0100] {dag.py:2907} INFO - Sync 1 DAGs
[2023-08-24T15:43:06.107+0100] {logging_mixin.py:151} INFO - [2023-08-24T15:43:06.107+0100] {dag.py:3677} INFO - Setting next_dagrun for example_python_operator to None, run_after=None
[2023-08-24T15:43:06.230+0100] {processor.py:179} INFO - Processing /home/samuel/dev/airflow_learning/venv/lib/python3.10/site-packages/airflow/example_dags/example_python_operator.py took 0.209 seconds
[2023-08-24T15:44:01.478+0100] {processor.py:157} INFO - Started process (PID=6860) to work on /home/samuel/dev/airflow_learning/venv/lib/python3.10/site-packages/airflow/example_dags/example_python_operator.py
[2023-08-24T15:44:01.497+0100] {processor.py:829} INFO - Processing file /home/samuel/dev/airflow_learning/venv/lib/python3.10/site-packages/airflow/example_dags/example_python_operator.py for tasks to queue
[2023-08-24T15:44:01.499+0100] {logging_mixin.py:151} INFO - [2023-08-24T15:44:01.498+0100] {dagbag.py:539} INFO - Filling up the DagBag from /home/samuel/dev/airflow_learning/venv/lib/python3.10/site-packages/airflow/example_dags/example_python_operator.py
[2023-08-24T15:44:01.509+0100] {logging_mixin.py:151} INFO - [2023-08-24T15:44:01.509+0100] {example_python_operator.py:89} WARNING - The virtalenv_python example task requires virtualenv, please install it.
[2023-08-24T15:44:01.510+0100] {processor.py:839} INFO - DAG(s) dict_keys(['example_python_operator']) retrieved from /home/samuel/dev/airflow_learning/venv/lib/python3.10/site-packages/airflow/example_dags/example_python_operator.py
[2023-08-24T15:44:01.532+0100] {logging_mixin.py:151} INFO - [2023-08-24T15:44:01.532+0100] {dag.py:2907} INFO - Sync 1 DAGs
[2023-08-24T15:44:01.545+0100] {logging_mixin.py:151} INFO - [2023-08-24T15:44:01.545+0100] {dag.py:3677} INFO - Setting next_dagrun for example_python_operator to None, run_after=None
[2023-08-24T15:44:01.765+0100] {processor.py:179} INFO - Processing /home/samuel/dev/airflow_learning/venv/lib/python3.10/site-packages/airflow/example_dags/example_python_operator.py took 0.290 seconds
[2023-08-24T15:44:49.949+0100] {processor.py:157} INFO - Started process (PID=6907) to work on /home/samuel/dev/airflow_learning/venv/lib/python3.10/site-packages/airflow/example_dags/example_python_operator.py
[2023-08-24T15:44:49.980+0100] {processor.py:829} INFO - Processing file /home/samuel/dev/airflow_learning/venv/lib/python3.10/site-packages/airflow/example_dags/example_python_operator.py for tasks to queue
[2023-08-24T15:44:49.981+0100] {logging_mixin.py:151} INFO - [2023-08-24T15:44:49.980+0100] {dagbag.py:539} INFO - Filling up the DagBag from /home/samuel/dev/airflow_learning/venv/lib/python3.10/site-packages/airflow/example_dags/example_python_operator.py
[2023-08-24T15:44:49.990+0100] {logging_mixin.py:151} INFO - [2023-08-24T15:44:49.990+0100] {example_python_operator.py:89} WARNING - The virtalenv_python example task requires virtualenv, please install it.
[2023-08-24T15:44:49.991+0100] {processor.py:839} INFO - DAG(s) dict_keys(['example_python_operator']) retrieved from /home/samuel/dev/airflow_learning/venv/lib/python3.10/site-packages/airflow/example_dags/example_python_operator.py
[2023-08-24T15:44:50.009+0100] {logging_mixin.py:151} INFO - [2023-08-24T15:44:50.008+0100] {dag.py:2907} INFO - Sync 1 DAGs
[2023-08-24T15:44:50.019+0100] {logging_mixin.py:151} INFO - [2023-08-24T15:44:50.019+0100] {dag.py:3677} INFO - Setting next_dagrun for example_python_operator to None, run_after=None
[2023-08-24T15:44:50.128+0100] {processor.py:179} INFO - Processing /home/samuel/dev/airflow_learning/venv/lib/python3.10/site-packages/airflow/example_dags/example_python_operator.py took 0.182 seconds
[2023-08-24T15:45:42.531+0100] {processor.py:157} INFO - Started process (PID=6958) to work on /home/samuel/dev/airflow_learning/venv/lib/python3.10/site-packages/airflow/example_dags/example_python_operator.py
[2023-08-24T15:45:42.556+0100] {processor.py:829} INFO - Processing file /home/samuel/dev/airflow_learning/venv/lib/python3.10/site-packages/airflow/example_dags/example_python_operator.py for tasks to queue
[2023-08-24T15:45:42.558+0100] {logging_mixin.py:151} INFO - [2023-08-24T15:45:42.557+0100] {dagbag.py:539} INFO - Filling up the DagBag from /home/samuel/dev/airflow_learning/venv/lib/python3.10/site-packages/airflow/example_dags/example_python_operator.py
[2023-08-24T15:45:42.575+0100] {logging_mixin.py:151} INFO - [2023-08-24T15:45:42.575+0100] {example_python_operator.py:89} WARNING - The virtalenv_python example task requires virtualenv, please install it.
[2023-08-24T15:45:42.576+0100] {processor.py:839} INFO - DAG(s) dict_keys(['example_python_operator']) retrieved from /home/samuel/dev/airflow_learning/venv/lib/python3.10/site-packages/airflow/example_dags/example_python_operator.py
[2023-08-24T15:45:42.596+0100] {logging_mixin.py:151} INFO - [2023-08-24T15:45:42.596+0100] {dag.py:2907} INFO - Sync 1 DAGs
[2023-08-24T15:45:42.607+0100] {logging_mixin.py:151} INFO - [2023-08-24T15:45:42.607+0100] {dag.py:3677} INFO - Setting next_dagrun for example_python_operator to None, run_after=None
[2023-08-24T15:45:42.731+0100] {processor.py:179} INFO - Processing /home/samuel/dev/airflow_learning/venv/lib/python3.10/site-packages/airflow/example_dags/example_python_operator.py took 0.204 seconds
[2023-08-24T15:46:35.701+0100] {processor.py:157} INFO - Started process (PID=7008) to work on /home/samuel/dev/airflow_learning/venv/lib/python3.10/site-packages/airflow/example_dags/example_python_operator.py
[2023-08-24T15:46:35.747+0100] {processor.py:829} INFO - Processing file /home/samuel/dev/airflow_learning/venv/lib/python3.10/site-packages/airflow/example_dags/example_python_operator.py for tasks to queue
[2023-08-24T15:46:35.748+0100] {logging_mixin.py:151} INFO - [2023-08-24T15:46:35.748+0100] {dagbag.py:539} INFO - Filling up the DagBag from /home/samuel/dev/airflow_learning/venv/lib/python3.10/site-packages/airflow/example_dags/example_python_operator.py
[2023-08-24T15:46:35.759+0100] {logging_mixin.py:151} INFO - [2023-08-24T15:46:35.759+0100] {example_python_operator.py:89} WARNING - The virtalenv_python example task requires virtualenv, please install it.
[2023-08-24T15:46:35.760+0100] {processor.py:839} INFO - DAG(s) dict_keys(['example_python_operator']) retrieved from /home/samuel/dev/airflow_learning/venv/lib/python3.10/site-packages/airflow/example_dags/example_python_operator.py
[2023-08-24T15:46:35.782+0100] {logging_mixin.py:151} INFO - [2023-08-24T15:46:35.782+0100] {dag.py:2907} INFO - Sync 1 DAGs
[2023-08-24T15:46:35.796+0100] {logging_mixin.py:151} INFO - [2023-08-24T15:46:35.796+0100] {dag.py:3677} INFO - Setting next_dagrun for example_python_operator to None, run_after=None
[2023-08-24T15:46:35.916+0100] {processor.py:179} INFO - Processing /home/samuel/dev/airflow_learning/venv/lib/python3.10/site-packages/airflow/example_dags/example_python_operator.py took 0.219 seconds
[2023-08-24T15:47:29.658+0100] {processor.py:157} INFO - Started process (PID=7058) to work on /home/samuel/dev/airflow_learning/venv/lib/python3.10/site-packages/airflow/example_dags/example_python_operator.py
[2023-08-24T15:47:29.660+0100] {processor.py:829} INFO - Processing file /home/samuel/dev/airflow_learning/venv/lib/python3.10/site-packages/airflow/example_dags/example_python_operator.py for tasks to queue
[2023-08-24T15:47:29.662+0100] {logging_mixin.py:151} INFO - [2023-08-24T15:47:29.661+0100] {dagbag.py:539} INFO - Filling up the DagBag from /home/samuel/dev/airflow_learning/venv/lib/python3.10/site-packages/airflow/example_dags/example_python_operator.py
[2023-08-24T15:47:29.672+0100] {logging_mixin.py:151} INFO - [2023-08-24T15:47:29.672+0100] {example_python_operator.py:89} WARNING - The virtalenv_python example task requires virtualenv, please install it.
[2023-08-24T15:47:29.673+0100] {processor.py:839} INFO - DAG(s) dict_keys(['example_python_operator']) retrieved from /home/samuel/dev/airflow_learning/venv/lib/python3.10/site-packages/airflow/example_dags/example_python_operator.py
[2023-08-24T15:47:29.692+0100] {logging_mixin.py:151} INFO - [2023-08-24T15:47:29.692+0100] {dag.py:2907} INFO - Sync 1 DAGs
[2023-08-24T15:47:29.704+0100] {logging_mixin.py:151} INFO - [2023-08-24T15:47:29.703+0100] {dag.py:3677} INFO - Setting next_dagrun for example_python_operator to None, run_after=None
[2023-08-24T15:47:29.827+0100] {processor.py:179} INFO - Processing /home/samuel/dev/airflow_learning/venv/lib/python3.10/site-packages/airflow/example_dags/example_python_operator.py took 0.173 seconds
[2023-08-24T15:48:22.974+0100] {processor.py:157} INFO - Started process (PID=7127) to work on /home/samuel/dev/airflow_learning/venv/lib/python3.10/site-packages/airflow/example_dags/example_python_operator.py
[2023-08-24T15:48:22.975+0100] {processor.py:829} INFO - Processing file /home/samuel/dev/airflow_learning/venv/lib/python3.10/site-packages/airflow/example_dags/example_python_operator.py for tasks to queue
[2023-08-24T15:48:22.976+0100] {logging_mixin.py:151} INFO - [2023-08-24T15:48:22.976+0100] {dagbag.py:539} INFO - Filling up the DagBag from /home/samuel/dev/airflow_learning/venv/lib/python3.10/site-packages/airflow/example_dags/example_python_operator.py
[2023-08-24T15:48:22.987+0100] {logging_mixin.py:151} INFO - [2023-08-24T15:48:22.987+0100] {example_python_operator.py:89} WARNING - The virtalenv_python example task requires virtualenv, please install it.
[2023-08-24T15:48:22.987+0100] {processor.py:839} INFO - DAG(s) dict_keys(['example_python_operator']) retrieved from /home/samuel/dev/airflow_learning/venv/lib/python3.10/site-packages/airflow/example_dags/example_python_operator.py
[2023-08-24T15:48:23.007+0100] {logging_mixin.py:151} INFO - [2023-08-24T15:48:23.007+0100] {dag.py:2907} INFO - Sync 1 DAGs
[2023-08-24T15:48:23.019+0100] {logging_mixin.py:151} INFO - [2023-08-24T15:48:23.019+0100] {dag.py:3677} INFO - Setting next_dagrun for example_python_operator to None, run_after=None
[2023-08-24T15:48:23.121+0100] {processor.py:179} INFO - Processing /home/samuel/dev/airflow_learning/venv/lib/python3.10/site-packages/airflow/example_dags/example_python_operator.py took 0.151 seconds
[2023-08-24T15:49:15.037+0100] {processor.py:157} INFO - Started process (PID=7176) to work on /home/samuel/dev/airflow_learning/venv/lib/python3.10/site-packages/airflow/example_dags/example_python_operator.py
[2023-08-24T15:49:15.052+0100] {processor.py:829} INFO - Processing file /home/samuel/dev/airflow_learning/venv/lib/python3.10/site-packages/airflow/example_dags/example_python_operator.py for tasks to queue
[2023-08-24T15:49:15.053+0100] {logging_mixin.py:151} INFO - [2023-08-24T15:49:15.053+0100] {dagbag.py:539} INFO - Filling up the DagBag from /home/samuel/dev/airflow_learning/venv/lib/python3.10/site-packages/airflow/example_dags/example_python_operator.py
[2023-08-24T15:49:15.063+0100] {logging_mixin.py:151} INFO - [2023-08-24T15:49:15.063+0100] {example_python_operator.py:89} WARNING - The virtalenv_python example task requires virtualenv, please install it.
[2023-08-24T15:49:15.064+0100] {processor.py:839} INFO - DAG(s) dict_keys(['example_python_operator']) retrieved from /home/samuel/dev/airflow_learning/venv/lib/python3.10/site-packages/airflow/example_dags/example_python_operator.py
[2023-08-24T15:49:15.085+0100] {logging_mixin.py:151} INFO - [2023-08-24T15:49:15.084+0100] {dag.py:2907} INFO - Sync 1 DAGs
[2023-08-24T15:49:15.097+0100] {logging_mixin.py:151} INFO - [2023-08-24T15:49:15.096+0100] {dag.py:3677} INFO - Setting next_dagrun for example_python_operator to None, run_after=None
[2023-08-24T15:49:15.216+0100] {processor.py:179} INFO - Processing /home/samuel/dev/airflow_learning/venv/lib/python3.10/site-packages/airflow/example_dags/example_python_operator.py took 0.182 seconds
[2023-08-24T15:50:03.807+0100] {processor.py:157} INFO - Started process (PID=7222) to work on /home/samuel/dev/airflow_learning/venv/lib/python3.10/site-packages/airflow/example_dags/example_python_operator.py
[2023-08-24T15:50:03.810+0100] {processor.py:829} INFO - Processing file /home/samuel/dev/airflow_learning/venv/lib/python3.10/site-packages/airflow/example_dags/example_python_operator.py for tasks to queue
[2023-08-24T15:50:03.811+0100] {logging_mixin.py:151} INFO - [2023-08-24T15:50:03.810+0100] {dagbag.py:539} INFO - Filling up the DagBag from /home/samuel/dev/airflow_learning/venv/lib/python3.10/site-packages/airflow/example_dags/example_python_operator.py
[2023-08-24T15:50:03.820+0100] {logging_mixin.py:151} INFO - [2023-08-24T15:50:03.820+0100] {example_python_operator.py:89} WARNING - The virtalenv_python example task requires virtualenv, please install it.
[2023-08-24T15:50:03.821+0100] {processor.py:839} INFO - DAG(s) dict_keys(['example_python_operator']) retrieved from /home/samuel/dev/airflow_learning/venv/lib/python3.10/site-packages/airflow/example_dags/example_python_operator.py
[2023-08-24T15:50:03.838+0100] {logging_mixin.py:151} INFO - [2023-08-24T15:50:03.838+0100] {dag.py:2907} INFO - Sync 1 DAGs
[2023-08-24T15:50:03.850+0100] {logging_mixin.py:151} INFO - [2023-08-24T15:50:03.849+0100] {dag.py:3677} INFO - Setting next_dagrun for example_python_operator to None, run_after=None
[2023-08-24T15:50:03.975+0100] {processor.py:179} INFO - Processing /home/samuel/dev/airflow_learning/venv/lib/python3.10/site-packages/airflow/example_dags/example_python_operator.py took 0.172 seconds
[2023-08-24T15:50:54.607+0100] {processor.py:157} INFO - Started process (PID=7270) to work on /home/samuel/dev/airflow_learning/venv/lib/python3.10/site-packages/airflow/example_dags/example_python_operator.py
[2023-08-24T15:50:54.608+0100] {processor.py:829} INFO - Processing file /home/samuel/dev/airflow_learning/venv/lib/python3.10/site-packages/airflow/example_dags/example_python_operator.py for tasks to queue
[2023-08-24T15:50:54.609+0100] {logging_mixin.py:151} INFO - [2023-08-24T15:50:54.608+0100] {dagbag.py:539} INFO - Filling up the DagBag from /home/samuel/dev/airflow_learning/venv/lib/python3.10/site-packages/airflow/example_dags/example_python_operator.py
[2023-08-24T15:50:54.619+0100] {logging_mixin.py:151} INFO - [2023-08-24T15:50:54.618+0100] {example_python_operator.py:89} WARNING - The virtalenv_python example task requires virtualenv, please install it.
[2023-08-24T15:50:54.619+0100] {processor.py:839} INFO - DAG(s) dict_keys(['example_python_operator']) retrieved from /home/samuel/dev/airflow_learning/venv/lib/python3.10/site-packages/airflow/example_dags/example_python_operator.py
[2023-08-24T15:50:54.638+0100] {logging_mixin.py:151} INFO - [2023-08-24T15:50:54.638+0100] {dag.py:2907} INFO - Sync 1 DAGs
[2023-08-24T15:50:54.650+0100] {logging_mixin.py:151} INFO - [2023-08-24T15:50:54.649+0100] {dag.py:3677} INFO - Setting next_dagrun for example_python_operator to None, run_after=None
[2023-08-24T15:50:54.776+0100] {processor.py:179} INFO - Processing /home/samuel/dev/airflow_learning/venv/lib/python3.10/site-packages/airflow/example_dags/example_python_operator.py took 0.173 seconds
[2023-08-24T15:51:49.002+0100] {processor.py:157} INFO - Started process (PID=7327) to work on /home/samuel/dev/airflow_learning/venv/lib/python3.10/site-packages/airflow/example_dags/example_python_operator.py
[2023-08-24T15:51:49.005+0100] {processor.py:829} INFO - Processing file /home/samuel/dev/airflow_learning/venv/lib/python3.10/site-packages/airflow/example_dags/example_python_operator.py for tasks to queue
[2023-08-24T15:51:49.007+0100] {logging_mixin.py:151} INFO - [2023-08-24T15:51:49.006+0100] {dagbag.py:539} INFO - Filling up the DagBag from /home/samuel/dev/airflow_learning/venv/lib/python3.10/site-packages/airflow/example_dags/example_python_operator.py
[2023-08-24T15:51:49.017+0100] {logging_mixin.py:151} INFO - [2023-08-24T15:51:49.017+0100] {example_python_operator.py:89} WARNING - The virtalenv_python example task requires virtualenv, please install it.
[2023-08-24T15:51:49.018+0100] {processor.py:839} INFO - DAG(s) dict_keys(['example_python_operator']) retrieved from /home/samuel/dev/airflow_learning/venv/lib/python3.10/site-packages/airflow/example_dags/example_python_operator.py
[2023-08-24T15:51:49.038+0100] {logging_mixin.py:151} INFO - [2023-08-24T15:51:49.038+0100] {dag.py:2907} INFO - Sync 1 DAGs
[2023-08-24T15:51:49.050+0100] {logging_mixin.py:151} INFO - [2023-08-24T15:51:49.049+0100] {dag.py:3677} INFO - Setting next_dagrun for example_python_operator to None, run_after=None
[2023-08-24T15:51:49.183+0100] {processor.py:179} INFO - Processing /home/samuel/dev/airflow_learning/venv/lib/python3.10/site-packages/airflow/example_dags/example_python_operator.py took 0.185 seconds
[2023-08-24T15:52:35.987+0100] {processor.py:157} INFO - Started process (PID=7376) to work on /home/samuel/dev/airflow_learning/venv/lib/python3.10/site-packages/airflow/example_dags/example_python_operator.py
[2023-08-24T15:52:35.990+0100] {processor.py:829} INFO - Processing file /home/samuel/dev/airflow_learning/venv/lib/python3.10/site-packages/airflow/example_dags/example_python_operator.py for tasks to queue
[2023-08-24T15:52:35.991+0100] {logging_mixin.py:151} INFO - [2023-08-24T15:52:35.990+0100] {dagbag.py:539} INFO - Filling up the DagBag from /home/samuel/dev/airflow_learning/venv/lib/python3.10/site-packages/airflow/example_dags/example_python_operator.py
[2023-08-24T15:52:36.002+0100] {logging_mixin.py:151} INFO - [2023-08-24T15:52:36.002+0100] {example_python_operator.py:89} WARNING - The virtalenv_python example task requires virtualenv, please install it.
[2023-08-24T15:52:36.003+0100] {processor.py:839} INFO - DAG(s) dict_keys(['example_python_operator']) retrieved from /home/samuel/dev/airflow_learning/venv/lib/python3.10/site-packages/airflow/example_dags/example_python_operator.py
[2023-08-24T15:52:36.023+0100] {logging_mixin.py:151} INFO - [2023-08-24T15:52:36.023+0100] {dag.py:2907} INFO - Sync 1 DAGs
[2023-08-24T15:52:36.034+0100] {logging_mixin.py:151} INFO - [2023-08-24T15:52:36.034+0100] {dag.py:3677} INFO - Setting next_dagrun for example_python_operator to None, run_after=None
[2023-08-24T15:52:36.166+0100] {processor.py:179} INFO - Processing /home/samuel/dev/airflow_learning/venv/lib/python3.10/site-packages/airflow/example_dags/example_python_operator.py took 0.183 seconds
[2023-08-24T15:53:28.067+0100] {processor.py:157} INFO - Started process (PID=7491) to work on /home/samuel/dev/airflow_learning/venv/lib/python3.10/site-packages/airflow/example_dags/example_python_operator.py
[2023-08-24T15:53:28.124+0100] {processor.py:829} INFO - Processing file /home/samuel/dev/airflow_learning/venv/lib/python3.10/site-packages/airflow/example_dags/example_python_operator.py for tasks to queue
[2023-08-24T15:53:28.125+0100] {logging_mixin.py:151} INFO - [2023-08-24T15:53:28.124+0100] {dagbag.py:539} INFO - Filling up the DagBag from /home/samuel/dev/airflow_learning/venv/lib/python3.10/site-packages/airflow/example_dags/example_python_operator.py
[2023-08-24T15:53:28.136+0100] {logging_mixin.py:151} INFO - [2023-08-24T15:53:28.136+0100] {example_python_operator.py:89} WARNING - The virtalenv_python example task requires virtualenv, please install it.
[2023-08-24T15:53:28.137+0100] {processor.py:839} INFO - DAG(s) dict_keys(['example_python_operator']) retrieved from /home/samuel/dev/airflow_learning/venv/lib/python3.10/site-packages/airflow/example_dags/example_python_operator.py
[2023-08-24T15:53:28.161+0100] {logging_mixin.py:151} INFO - [2023-08-24T15:53:28.160+0100] {dag.py:2907} INFO - Sync 1 DAGs
[2023-08-24T15:53:28.176+0100] {logging_mixin.py:151} INFO - [2023-08-24T15:53:28.176+0100] {dag.py:3677} INFO - Setting next_dagrun for example_python_operator to None, run_after=None
[2023-08-24T15:53:28.320+0100] {processor.py:179} INFO - Processing /home/samuel/dev/airflow_learning/venv/lib/python3.10/site-packages/airflow/example_dags/example_python_operator.py took 0.256 seconds
[2023-08-24T15:54:34.095+0100] {processor.py:157} INFO - Started process (PID=7584) to work on /home/samuel/dev/airflow_learning/venv/lib/python3.10/site-packages/airflow/example_dags/example_python_operator.py
[2023-08-24T15:54:34.097+0100] {processor.py:829} INFO - Processing file /home/samuel/dev/airflow_learning/venv/lib/python3.10/site-packages/airflow/example_dags/example_python_operator.py for tasks to queue
[2023-08-24T15:54:34.098+0100] {logging_mixin.py:151} INFO - [2023-08-24T15:54:34.098+0100] {dagbag.py:539} INFO - Filling up the DagBag from /home/samuel/dev/airflow_learning/venv/lib/python3.10/site-packages/airflow/example_dags/example_python_operator.py
[2023-08-24T15:54:34.116+0100] {logging_mixin.py:151} INFO - [2023-08-24T15:54:34.116+0100] {example_python_operator.py:89} WARNING - The virtalenv_python example task requires virtualenv, please install it.
[2023-08-24T15:54:34.117+0100] {processor.py:839} INFO - DAG(s) dict_keys(['example_python_operator']) retrieved from /home/samuel/dev/airflow_learning/venv/lib/python3.10/site-packages/airflow/example_dags/example_python_operator.py
[2023-08-24T15:54:34.141+0100] {logging_mixin.py:151} INFO - [2023-08-24T15:54:34.141+0100] {dag.py:2907} INFO - Sync 1 DAGs
[2023-08-24T15:54:34.154+0100] {logging_mixin.py:151} INFO - [2023-08-24T15:54:34.153+0100] {dag.py:3677} INFO - Setting next_dagrun for example_python_operator to None, run_after=None
[2023-08-24T15:54:34.273+0100] {processor.py:179} INFO - Processing /home/samuel/dev/airflow_learning/venv/lib/python3.10/site-packages/airflow/example_dags/example_python_operator.py took 0.183 seconds
[2023-08-24T15:55:35.018+0100] {processor.py:157} INFO - Started process (PID=7636) to work on /home/samuel/dev/airflow_learning/venv/lib/python3.10/site-packages/airflow/example_dags/example_python_operator.py
[2023-08-24T15:55:35.029+0100] {processor.py:829} INFO - Processing file /home/samuel/dev/airflow_learning/venv/lib/python3.10/site-packages/airflow/example_dags/example_python_operator.py for tasks to queue
[2023-08-24T15:55:35.030+0100] {logging_mixin.py:151} INFO - [2023-08-24T15:55:35.030+0100] {dagbag.py:539} INFO - Filling up the DagBag from /home/samuel/dev/airflow_learning/venv/lib/python3.10/site-packages/airflow/example_dags/example_python_operator.py
[2023-08-24T15:55:35.041+0100] {logging_mixin.py:151} INFO - [2023-08-24T15:55:35.041+0100] {example_python_operator.py:89} WARNING - The virtalenv_python example task requires virtualenv, please install it.
[2023-08-24T15:55:35.042+0100] {processor.py:839} INFO - DAG(s) dict_keys(['example_python_operator']) retrieved from /home/samuel/dev/airflow_learning/venv/lib/python3.10/site-packages/airflow/example_dags/example_python_operator.py
[2023-08-24T15:55:35.062+0100] {logging_mixin.py:151} INFO - [2023-08-24T15:55:35.062+0100] {dag.py:2907} INFO - Sync 1 DAGs
[2023-08-24T15:55:35.076+0100] {logging_mixin.py:151} INFO - [2023-08-24T15:55:35.075+0100] {dag.py:3677} INFO - Setting next_dagrun for example_python_operator to None, run_after=None
[2023-08-24T15:55:35.190+0100] {processor.py:179} INFO - Processing /home/samuel/dev/airflow_learning/venv/lib/python3.10/site-packages/airflow/example_dags/example_python_operator.py took 0.176 seconds
[2023-08-24T15:56:28.166+0100] {processor.py:157} INFO - Started process (PID=7821) to work on /home/samuel/dev/airflow_learning/venv/lib/python3.10/site-packages/airflow/example_dags/example_python_operator.py
[2023-08-24T15:56:28.200+0100] {processor.py:829} INFO - Processing file /home/samuel/dev/airflow_learning/venv/lib/python3.10/site-packages/airflow/example_dags/example_python_operator.py for tasks to queue
[2023-08-24T15:56:28.202+0100] {logging_mixin.py:151} INFO - [2023-08-24T15:56:28.201+0100] {dagbag.py:539} INFO - Filling up the DagBag from /home/samuel/dev/airflow_learning/venv/lib/python3.10/site-packages/airflow/example_dags/example_python_operator.py
[2023-08-24T15:56:28.212+0100] {logging_mixin.py:151} INFO - [2023-08-24T15:56:28.212+0100] {example_python_operator.py:89} WARNING - The virtalenv_python example task requires virtualenv, please install it.
[2023-08-24T15:56:28.213+0100] {processor.py:839} INFO - DAG(s) dict_keys(['example_python_operator']) retrieved from /home/samuel/dev/airflow_learning/venv/lib/python3.10/site-packages/airflow/example_dags/example_python_operator.py
[2023-08-24T15:56:28.232+0100] {logging_mixin.py:151} INFO - [2023-08-24T15:56:28.232+0100] {dag.py:2907} INFO - Sync 1 DAGs
[2023-08-24T15:56:28.244+0100] {logging_mixin.py:151} INFO - [2023-08-24T15:56:28.244+0100] {dag.py:3677} INFO - Setting next_dagrun for example_python_operator to None, run_after=None
[2023-08-24T15:56:28.366+0100] {processor.py:179} INFO - Processing /home/samuel/dev/airflow_learning/venv/lib/python3.10/site-packages/airflow/example_dags/example_python_operator.py took 0.204 seconds
[2023-08-24T15:57:16.467+0100] {processor.py:157} INFO - Started process (PID=7875) to work on /home/samuel/dev/airflow_learning/venv/lib/python3.10/site-packages/airflow/example_dags/example_python_operator.py
[2023-08-24T15:57:16.471+0100] {processor.py:829} INFO - Processing file /home/samuel/dev/airflow_learning/venv/lib/python3.10/site-packages/airflow/example_dags/example_python_operator.py for tasks to queue
[2023-08-24T15:57:16.472+0100] {logging_mixin.py:151} INFO - [2023-08-24T15:57:16.472+0100] {dagbag.py:539} INFO - Filling up the DagBag from /home/samuel/dev/airflow_learning/venv/lib/python3.10/site-packages/airflow/example_dags/example_python_operator.py
[2023-08-24T15:57:16.483+0100] {logging_mixin.py:151} INFO - [2023-08-24T15:57:16.482+0100] {example_python_operator.py:89} WARNING - The virtalenv_python example task requires virtualenv, please install it.
[2023-08-24T15:57:16.483+0100] {processor.py:839} INFO - DAG(s) dict_keys(['example_python_operator']) retrieved from /home/samuel/dev/airflow_learning/venv/lib/python3.10/site-packages/airflow/example_dags/example_python_operator.py
[2023-08-24T15:57:16.503+0100] {logging_mixin.py:151} INFO - [2023-08-24T15:57:16.503+0100] {dag.py:2907} INFO - Sync 1 DAGs
[2023-08-24T15:57:16.515+0100] {logging_mixin.py:151} INFO - [2023-08-24T15:57:16.514+0100] {dag.py:3677} INFO - Setting next_dagrun for example_python_operator to None, run_after=None
[2023-08-24T15:57:16.634+0100] {processor.py:179} INFO - Processing /home/samuel/dev/airflow_learning/venv/lib/python3.10/site-packages/airflow/example_dags/example_python_operator.py took 0.172 seconds
[2023-08-24T15:58:09.579+0100] {processor.py:157} INFO - Started process (PID=7928) to work on /home/samuel/dev/airflow_learning/venv/lib/python3.10/site-packages/airflow/example_dags/example_python_operator.py
[2023-08-24T15:58:09.582+0100] {processor.py:829} INFO - Processing file /home/samuel/dev/airflow_learning/venv/lib/python3.10/site-packages/airflow/example_dags/example_python_operator.py for tasks to queue
[2023-08-24T15:58:09.583+0100] {logging_mixin.py:151} INFO - [2023-08-24T15:58:09.582+0100] {dagbag.py:539} INFO - Filling up the DagBag from /home/samuel/dev/airflow_learning/venv/lib/python3.10/site-packages/airflow/example_dags/example_python_operator.py
[2023-08-24T15:58:09.593+0100] {logging_mixin.py:151} INFO - [2023-08-24T15:58:09.593+0100] {example_python_operator.py:89} WARNING - The virtalenv_python example task requires virtualenv, please install it.
[2023-08-24T15:58:09.594+0100] {processor.py:839} INFO - DAG(s) dict_keys(['example_python_operator']) retrieved from /home/samuel/dev/airflow_learning/venv/lib/python3.10/site-packages/airflow/example_dags/example_python_operator.py
[2023-08-24T15:58:09.614+0100] {logging_mixin.py:151} INFO - [2023-08-24T15:58:09.613+0100] {dag.py:2907} INFO - Sync 1 DAGs
[2023-08-24T15:58:09.625+0100] {logging_mixin.py:151} INFO - [2023-08-24T15:58:09.625+0100] {dag.py:3677} INFO - Setting next_dagrun for example_python_operator to None, run_after=None
[2023-08-24T15:58:09.762+0100] {processor.py:179} INFO - Processing /home/samuel/dev/airflow_learning/venv/lib/python3.10/site-packages/airflow/example_dags/example_python_operator.py took 0.187 seconds
[2023-08-24T15:59:02.227+0100] {processor.py:157} INFO - Started process (PID=7989) to work on /home/samuel/dev/airflow_learning/venv/lib/python3.10/site-packages/airflow/example_dags/example_python_operator.py
[2023-08-24T15:59:02.261+0100] {processor.py:829} INFO - Processing file /home/samuel/dev/airflow_learning/venv/lib/python3.10/site-packages/airflow/example_dags/example_python_operator.py for tasks to queue
[2023-08-24T15:59:02.262+0100] {logging_mixin.py:151} INFO - [2023-08-24T15:59:02.262+0100] {dagbag.py:539} INFO - Filling up the DagBag from /home/samuel/dev/airflow_learning/venv/lib/python3.10/site-packages/airflow/example_dags/example_python_operator.py
[2023-08-24T15:59:02.271+0100] {logging_mixin.py:151} INFO - [2023-08-24T15:59:02.271+0100] {example_python_operator.py:89} WARNING - The virtalenv_python example task requires virtualenv, please install it.
[2023-08-24T15:59:02.272+0100] {processor.py:839} INFO - DAG(s) dict_keys(['example_python_operator']) retrieved from /home/samuel/dev/airflow_learning/venv/lib/python3.10/site-packages/airflow/example_dags/example_python_operator.py
[2023-08-24T15:59:02.291+0100] {logging_mixin.py:151} INFO - [2023-08-24T15:59:02.291+0100] {dag.py:2907} INFO - Sync 1 DAGs
[2023-08-24T15:59:02.305+0100] {logging_mixin.py:151} INFO - [2023-08-24T15:59:02.305+0100] {dag.py:3677} INFO - Setting next_dagrun for example_python_operator to None, run_after=None
[2023-08-24T15:59:02.433+0100] {processor.py:179} INFO - Processing /home/samuel/dev/airflow_learning/venv/lib/python3.10/site-packages/airflow/example_dags/example_python_operator.py took 0.209 seconds
[2023-08-24T16:00:01.114+0100] {processor.py:157} INFO - Started process (PID=8218) to work on /home/samuel/dev/airflow_learning/venv/lib/python3.10/site-packages/airflow/example_dags/example_python_operator.py
[2023-08-24T16:00:01.115+0100] {processor.py:829} INFO - Processing file /home/samuel/dev/airflow_learning/venv/lib/python3.10/site-packages/airflow/example_dags/example_python_operator.py for tasks to queue
[2023-08-24T16:00:01.117+0100] {logging_mixin.py:151} INFO - [2023-08-24T16:00:01.116+0100] {dagbag.py:539} INFO - Filling up the DagBag from /home/samuel/dev/airflow_learning/venv/lib/python3.10/site-packages/airflow/example_dags/example_python_operator.py
[2023-08-24T16:00:01.126+0100] {logging_mixin.py:151} INFO - [2023-08-24T16:00:01.126+0100] {example_python_operator.py:89} WARNING - The virtalenv_python example task requires virtualenv, please install it.
[2023-08-24T16:00:01.127+0100] {processor.py:839} INFO - DAG(s) dict_keys(['example_python_operator']) retrieved from /home/samuel/dev/airflow_learning/venv/lib/python3.10/site-packages/airflow/example_dags/example_python_operator.py
[2023-08-24T16:00:01.146+0100] {logging_mixin.py:151} INFO - [2023-08-24T16:00:01.145+0100] {dag.py:2907} INFO - Sync 1 DAGs
[2023-08-24T16:00:01.157+0100] {logging_mixin.py:151} INFO - [2023-08-24T16:00:01.156+0100] {dag.py:3677} INFO - Setting next_dagrun for example_python_operator to None, run_after=None
[2023-08-24T16:00:01.280+0100] {processor.py:179} INFO - Processing /home/samuel/dev/airflow_learning/venv/lib/python3.10/site-packages/airflow/example_dags/example_python_operator.py took 0.170 seconds
[2023-08-24T16:00:54.411+0100] {processor.py:157} INFO - Started process (PID=8326) to work on /home/samuel/dev/airflow_learning/venv/lib/python3.10/site-packages/airflow/example_dags/example_python_operator.py
[2023-08-24T16:00:54.453+0100] {processor.py:829} INFO - Processing file /home/samuel/dev/airflow_learning/venv/lib/python3.10/site-packages/airflow/example_dags/example_python_operator.py for tasks to queue
[2023-08-24T16:00:54.454+0100] {logging_mixin.py:151} INFO - [2023-08-24T16:00:54.454+0100] {dagbag.py:539} INFO - Filling up the DagBag from /home/samuel/dev/airflow_learning/venv/lib/python3.10/site-packages/airflow/example_dags/example_python_operator.py
[2023-08-24T16:00:54.466+0100] {logging_mixin.py:151} INFO - [2023-08-24T16:00:54.465+0100] {example_python_operator.py:89} WARNING - The virtalenv_python example task requires virtualenv, please install it.
[2023-08-24T16:00:54.466+0100] {processor.py:839} INFO - DAG(s) dict_keys(['example_python_operator']) retrieved from /home/samuel/dev/airflow_learning/venv/lib/python3.10/site-packages/airflow/example_dags/example_python_operator.py
[2023-08-24T16:00:54.489+0100] {logging_mixin.py:151} INFO - [2023-08-24T16:00:54.488+0100] {dag.py:2907} INFO - Sync 1 DAGs
[2023-08-24T16:00:54.503+0100] {logging_mixin.py:151} INFO - [2023-08-24T16:00:54.503+0100] {dag.py:3677} INFO - Setting next_dagrun for example_python_operator to None, run_after=None
[2023-08-24T16:00:54.619+0100] {processor.py:179} INFO - Processing /home/samuel/dev/airflow_learning/venv/lib/python3.10/site-packages/airflow/example_dags/example_python_operator.py took 0.212 seconds
[2023-08-24T16:01:49.528+0100] {processor.py:157} INFO - Started process (PID=8410) to work on /home/samuel/dev/airflow_learning/venv/lib/python3.10/site-packages/airflow/example_dags/example_python_operator.py
[2023-08-24T16:01:49.558+0100] {processor.py:829} INFO - Processing file /home/samuel/dev/airflow_learning/venv/lib/python3.10/site-packages/airflow/example_dags/example_python_operator.py for tasks to queue
[2023-08-24T16:01:49.559+0100] {logging_mixin.py:151} INFO - [2023-08-24T16:01:49.559+0100] {dagbag.py:539} INFO - Filling up the DagBag from /home/samuel/dev/airflow_learning/venv/lib/python3.10/site-packages/airflow/example_dags/example_python_operator.py
[2023-08-24T16:01:49.573+0100] {logging_mixin.py:151} INFO - [2023-08-24T16:01:49.573+0100] {example_python_operator.py:89} WARNING - The virtalenv_python example task requires virtualenv, please install it.
[2023-08-24T16:01:49.574+0100] {processor.py:839} INFO - DAG(s) dict_keys(['example_python_operator']) retrieved from /home/samuel/dev/airflow_learning/venv/lib/python3.10/site-packages/airflow/example_dags/example_python_operator.py
[2023-08-24T16:01:49.595+0100] {logging_mixin.py:151} INFO - [2023-08-24T16:01:49.595+0100] {dag.py:2907} INFO - Sync 1 DAGs
[2023-08-24T16:01:49.607+0100] {logging_mixin.py:151} INFO - [2023-08-24T16:01:49.607+0100] {dag.py:3677} INFO - Setting next_dagrun for example_python_operator to None, run_after=None
[2023-08-24T16:01:49.709+0100] {processor.py:179} INFO - Processing /home/samuel/dev/airflow_learning/venv/lib/python3.10/site-packages/airflow/example_dags/example_python_operator.py took 0.187 seconds
[2023-08-24T16:02:41.485+0100] {processor.py:157} INFO - Started process (PID=8477) to work on /home/samuel/dev/airflow_learning/venv/lib/python3.10/site-packages/airflow/example_dags/example_python_operator.py
[2023-08-24T16:02:41.518+0100] {processor.py:829} INFO - Processing file /home/samuel/dev/airflow_learning/venv/lib/python3.10/site-packages/airflow/example_dags/example_python_operator.py for tasks to queue
[2023-08-24T16:02:41.519+0100] {logging_mixin.py:151} INFO - [2023-08-24T16:02:41.519+0100] {dagbag.py:539} INFO - Filling up the DagBag from /home/samuel/dev/airflow_learning/venv/lib/python3.10/site-packages/airflow/example_dags/example_python_operator.py
[2023-08-24T16:02:41.530+0100] {logging_mixin.py:151} INFO - [2023-08-24T16:02:41.530+0100] {example_python_operator.py:89} WARNING - The virtalenv_python example task requires virtualenv, please install it.
[2023-08-24T16:02:41.531+0100] {processor.py:839} INFO - DAG(s) dict_keys(['example_python_operator']) retrieved from /home/samuel/dev/airflow_learning/venv/lib/python3.10/site-packages/airflow/example_dags/example_python_operator.py
[2023-08-24T16:02:41.553+0100] {logging_mixin.py:151} INFO - [2023-08-24T16:02:41.553+0100] {dag.py:2907} INFO - Sync 1 DAGs
[2023-08-24T16:02:41.567+0100] {logging_mixin.py:151} INFO - [2023-08-24T16:02:41.567+0100] {dag.py:3677} INFO - Setting next_dagrun for example_python_operator to None, run_after=None
[2023-08-24T16:02:41.673+0100] {processor.py:179} INFO - Processing /home/samuel/dev/airflow_learning/venv/lib/python3.10/site-packages/airflow/example_dags/example_python_operator.py took 0.191 seconds
[2023-08-24T16:03:32.125+0100] {processor.py:157} INFO - Started process (PID=8542) to work on /home/samuel/dev/airflow_learning/venv/lib/python3.10/site-packages/airflow/example_dags/example_python_operator.py
[2023-08-24T16:03:32.147+0100] {processor.py:829} INFO - Processing file /home/samuel/dev/airflow_learning/venv/lib/python3.10/site-packages/airflow/example_dags/example_python_operator.py for tasks to queue
[2023-08-24T16:03:32.148+0100] {logging_mixin.py:151} INFO - [2023-08-24T16:03:32.148+0100] {dagbag.py:539} INFO - Filling up the DagBag from /home/samuel/dev/airflow_learning/venv/lib/python3.10/site-packages/airflow/example_dags/example_python_operator.py
[2023-08-24T16:03:32.159+0100] {logging_mixin.py:151} INFO - [2023-08-24T16:03:32.159+0100] {example_python_operator.py:89} WARNING - The virtalenv_python example task requires virtualenv, please install it.
[2023-08-24T16:03:32.159+0100] {processor.py:839} INFO - DAG(s) dict_keys(['example_python_operator']) retrieved from /home/samuel/dev/airflow_learning/venv/lib/python3.10/site-packages/airflow/example_dags/example_python_operator.py
[2023-08-24T16:03:32.181+0100] {logging_mixin.py:151} INFO - [2023-08-24T16:03:32.181+0100] {dag.py:2907} INFO - Sync 1 DAGs
[2023-08-24T16:03:32.196+0100] {logging_mixin.py:151} INFO - [2023-08-24T16:03:32.196+0100] {dag.py:3677} INFO - Setting next_dagrun for example_python_operator to None, run_after=None
[2023-08-24T16:03:32.314+0100] {processor.py:179} INFO - Processing /home/samuel/dev/airflow_learning/venv/lib/python3.10/site-packages/airflow/example_dags/example_python_operator.py took 0.192 seconds
[2023-08-24T16:04:27.524+0100] {processor.py:157} INFO - Started process (PID=8617) to work on /home/samuel/dev/airflow_learning/venv/lib/python3.10/site-packages/airflow/example_dags/example_python_operator.py
[2023-08-24T16:04:27.563+0100] {processor.py:829} INFO - Processing file /home/samuel/dev/airflow_learning/venv/lib/python3.10/site-packages/airflow/example_dags/example_python_operator.py for tasks to queue
[2023-08-24T16:04:27.564+0100] {logging_mixin.py:151} INFO - [2023-08-24T16:04:27.564+0100] {dagbag.py:539} INFO - Filling up the DagBag from /home/samuel/dev/airflow_learning/venv/lib/python3.10/site-packages/airflow/example_dags/example_python_operator.py
[2023-08-24T16:04:27.574+0100] {logging_mixin.py:151} INFO - [2023-08-24T16:04:27.574+0100] {example_python_operator.py:89} WARNING - The virtalenv_python example task requires virtualenv, please install it.
[2023-08-24T16:04:27.575+0100] {processor.py:839} INFO - DAG(s) dict_keys(['example_python_operator']) retrieved from /home/samuel/dev/airflow_learning/venv/lib/python3.10/site-packages/airflow/example_dags/example_python_operator.py
[2023-08-24T16:04:27.594+0100] {logging_mixin.py:151} INFO - [2023-08-24T16:04:27.594+0100] {dag.py:2907} INFO - Sync 1 DAGs
[2023-08-24T16:04:27.607+0100] {logging_mixin.py:151} INFO - [2023-08-24T16:04:27.607+0100] {dag.py:3677} INFO - Setting next_dagrun for example_python_operator to None, run_after=None
[2023-08-24T16:04:28.156+0100] {processor.py:179} INFO - Processing /home/samuel/dev/airflow_learning/venv/lib/python3.10/site-packages/airflow/example_dags/example_python_operator.py took 0.637 seconds
