[2023-08-24T15:22:57.927+0100] {processor.py:157} INFO - Started process (PID=5375) to work on /home/samuel/dev/airflow_learning/venv/lib/python3.10/site-packages/airflow/example_dags/example_sensor_decorator.py
[2023-08-24T15:22:57.928+0100] {processor.py:829} INFO - Processing file /home/samuel/dev/airflow_learning/venv/lib/python3.10/site-packages/airflow/example_dags/example_sensor_decorator.py for tasks to queue
[2023-08-24T15:22:57.929+0100] {logging_mixin.py:151} INFO - [2023-08-24T15:22:57.928+0100] {dagbag.py:539} INFO - Filling up the DagBag from /home/samuel/dev/airflow_learning/venv/lib/python3.10/site-packages/airflow/example_dags/example_sensor_decorator.py
[2023-08-24T15:22:57.937+0100] {processor.py:839} INFO - DAG(s) dict_keys(['example_sensor_decorator']) retrieved from /home/samuel/dev/airflow_learning/venv/lib/python3.10/site-packages/airflow/example_dags/example_sensor_decorator.py
[2023-08-24T15:22:58.281+0100] {logging_mixin.py:151} INFO - [2023-08-24T15:22:58.280+0100] {manager.py:501} INFO - Created Permission View: can edit on DAG:example_sensor_decorator
[2023-08-24T15:22:58.391+0100] {logging_mixin.py:151} INFO - [2023-08-24T15:22:58.391+0100] {manager.py:501} INFO - Created Permission View: can delete on DAG:example_sensor_decorator
[2023-08-24T15:22:58.514+0100] {logging_mixin.py:151} INFO - [2023-08-24T15:22:58.513+0100] {manager.py:501} INFO - Created Permission View: can read on DAG:example_sensor_decorator
[2023-08-24T15:22:58.543+0100] {logging_mixin.py:151} INFO - [2023-08-24T15:22:58.542+0100] {dag.py:2907} INFO - Sync 1 DAGs
[2023-08-24T15:22:58.565+0100] {logging_mixin.py:151} INFO - [2023-08-24T15:22:58.565+0100] {dag.py:2929} INFO - Creating ORM DAG for example_sensor_decorator
[2023-08-24T15:22:58.567+0100] {logging_mixin.py:151} INFO - [2023-08-24T15:22:58.566+0100] {dag.py:3677} INFO - Setting next_dagrun for example_sensor_decorator to None, run_after=None
[2023-08-24T15:22:58.714+0100] {processor.py:179} INFO - Processing /home/samuel/dev/airflow_learning/venv/lib/python3.10/site-packages/airflow/example_dags/example_sensor_decorator.py took 0.791 seconds
[2023-08-24T15:24:09.963+0100] {processor.py:157} INFO - Started process (PID=5451) to work on /home/samuel/dev/airflow_learning/venv/lib/python3.10/site-packages/airflow/example_dags/example_sensor_decorator.py
[2023-08-24T15:24:10.005+0100] {processor.py:829} INFO - Processing file /home/samuel/dev/airflow_learning/venv/lib/python3.10/site-packages/airflow/example_dags/example_sensor_decorator.py for tasks to queue
[2023-08-24T15:24:10.006+0100] {logging_mixin.py:151} INFO - [2023-08-24T15:24:10.006+0100] {dagbag.py:539} INFO - Filling up the DagBag from /home/samuel/dev/airflow_learning/venv/lib/python3.10/site-packages/airflow/example_dags/example_sensor_decorator.py
[2023-08-24T15:24:10.017+0100] {processor.py:839} INFO - DAG(s) dict_keys(['example_sensor_decorator']) retrieved from /home/samuel/dev/airflow_learning/venv/lib/python3.10/site-packages/airflow/example_dags/example_sensor_decorator.py
[2023-08-24T15:24:10.039+0100] {logging_mixin.py:151} INFO - [2023-08-24T15:24:10.038+0100] {dag.py:2907} INFO - Sync 1 DAGs
[2023-08-24T15:24:10.053+0100] {logging_mixin.py:151} INFO - [2023-08-24T15:24:10.053+0100] {dag.py:3677} INFO - Setting next_dagrun for example_sensor_decorator to None, run_after=None
[2023-08-24T15:24:10.165+0100] {processor.py:179} INFO - Processing /home/samuel/dev/airflow_learning/venv/lib/python3.10/site-packages/airflow/example_dags/example_sensor_decorator.py took 0.206 seconds
[2023-08-24T15:25:04.486+0100] {processor.py:157} INFO - Started process (PID=5507) to work on /home/samuel/dev/airflow_learning/venv/lib/python3.10/site-packages/airflow/example_dags/example_sensor_decorator.py
[2023-08-24T15:25:04.520+0100] {processor.py:829} INFO - Processing file /home/samuel/dev/airflow_learning/venv/lib/python3.10/site-packages/airflow/example_dags/example_sensor_decorator.py for tasks to queue
[2023-08-24T15:25:04.521+0100] {logging_mixin.py:151} INFO - [2023-08-24T15:25:04.521+0100] {dagbag.py:539} INFO - Filling up the DagBag from /home/samuel/dev/airflow_learning/venv/lib/python3.10/site-packages/airflow/example_dags/example_sensor_decorator.py
[2023-08-24T15:25:04.530+0100] {processor.py:839} INFO - DAG(s) dict_keys(['example_sensor_decorator']) retrieved from /home/samuel/dev/airflow_learning/venv/lib/python3.10/site-packages/airflow/example_dags/example_sensor_decorator.py
[2023-08-24T15:25:04.552+0100] {logging_mixin.py:151} INFO - [2023-08-24T15:25:04.552+0100] {dag.py:2907} INFO - Sync 1 DAGs
[2023-08-24T15:25:04.565+0100] {logging_mixin.py:151} INFO - [2023-08-24T15:25:04.564+0100] {dag.py:3677} INFO - Setting next_dagrun for example_sensor_decorator to None, run_after=None
[2023-08-24T15:25:04.694+0100] {processor.py:179} INFO - Processing /home/samuel/dev/airflow_learning/venv/lib/python3.10/site-packages/airflow/example_dags/example_sensor_decorator.py took 0.211 seconds
[2023-08-24T15:26:00.586+0100] {processor.py:157} INFO - Started process (PID=5560) to work on /home/samuel/dev/airflow_learning/venv/lib/python3.10/site-packages/airflow/example_dags/example_sensor_decorator.py
[2023-08-24T15:26:00.588+0100] {processor.py:829} INFO - Processing file /home/samuel/dev/airflow_learning/venv/lib/python3.10/site-packages/airflow/example_dags/example_sensor_decorator.py for tasks to queue
[2023-08-24T15:26:00.588+0100] {logging_mixin.py:151} INFO - [2023-08-24T15:26:00.588+0100] {dagbag.py:539} INFO - Filling up the DagBag from /home/samuel/dev/airflow_learning/venv/lib/python3.10/site-packages/airflow/example_dags/example_sensor_decorator.py
[2023-08-24T15:26:00.596+0100] {processor.py:839} INFO - DAG(s) dict_keys(['example_sensor_decorator']) retrieved from /home/samuel/dev/airflow_learning/venv/lib/python3.10/site-packages/airflow/example_dags/example_sensor_decorator.py
[2023-08-24T15:26:00.614+0100] {logging_mixin.py:151} INFO - [2023-08-24T15:26:00.614+0100] {dag.py:2907} INFO - Sync 1 DAGs
[2023-08-24T15:26:00.625+0100] {logging_mixin.py:151} INFO - [2023-08-24T15:26:00.625+0100] {dag.py:3677} INFO - Setting next_dagrun for example_sensor_decorator to None, run_after=None
[2023-08-24T15:26:00.736+0100] {processor.py:179} INFO - Processing /home/samuel/dev/airflow_learning/venv/lib/python3.10/site-packages/airflow/example_dags/example_sensor_decorator.py took 0.154 seconds
[2023-08-24T15:26:54.965+0100] {processor.py:157} INFO - Started process (PID=5611) to work on /home/samuel/dev/airflow_learning/venv/lib/python3.10/site-packages/airflow/example_dags/example_sensor_decorator.py
[2023-08-24T15:26:54.986+0100] {processor.py:829} INFO - Processing file /home/samuel/dev/airflow_learning/venv/lib/python3.10/site-packages/airflow/example_dags/example_sensor_decorator.py for tasks to queue
[2023-08-24T15:26:54.987+0100] {logging_mixin.py:151} INFO - [2023-08-24T15:26:54.986+0100] {dagbag.py:539} INFO - Filling up the DagBag from /home/samuel/dev/airflow_learning/venv/lib/python3.10/site-packages/airflow/example_dags/example_sensor_decorator.py
[2023-08-24T15:26:54.995+0100] {processor.py:839} INFO - DAG(s) dict_keys(['example_sensor_decorator']) retrieved from /home/samuel/dev/airflow_learning/venv/lib/python3.10/site-packages/airflow/example_dags/example_sensor_decorator.py
[2023-08-24T15:26:55.017+0100] {logging_mixin.py:151} INFO - [2023-08-24T15:26:55.017+0100] {dag.py:2907} INFO - Sync 1 DAGs
[2023-08-24T15:26:55.031+0100] {logging_mixin.py:151} INFO - [2023-08-24T15:26:55.031+0100] {dag.py:3677} INFO - Setting next_dagrun for example_sensor_decorator to None, run_after=None
[2023-08-24T15:26:55.159+0100] {processor.py:179} INFO - Processing /home/samuel/dev/airflow_learning/venv/lib/python3.10/site-packages/airflow/example_dags/example_sensor_decorator.py took 0.199 seconds
[2023-08-24T15:27:49.399+0100] {processor.py:157} INFO - Started process (PID=5663) to work on /home/samuel/dev/airflow_learning/venv/lib/python3.10/site-packages/airflow/example_dags/example_sensor_decorator.py
[2023-08-24T15:27:49.401+0100] {processor.py:829} INFO - Processing file /home/samuel/dev/airflow_learning/venv/lib/python3.10/site-packages/airflow/example_dags/example_sensor_decorator.py for tasks to queue
[2023-08-24T15:27:49.402+0100] {logging_mixin.py:151} INFO - [2023-08-24T15:27:49.402+0100] {dagbag.py:539} INFO - Filling up the DagBag from /home/samuel/dev/airflow_learning/venv/lib/python3.10/site-packages/airflow/example_dags/example_sensor_decorator.py
[2023-08-24T15:27:49.409+0100] {processor.py:839} INFO - DAG(s) dict_keys(['example_sensor_decorator']) retrieved from /home/samuel/dev/airflow_learning/venv/lib/python3.10/site-packages/airflow/example_dags/example_sensor_decorator.py
[2023-08-24T15:27:49.430+0100] {logging_mixin.py:151} INFO - [2023-08-24T15:27:49.430+0100] {dag.py:2907} INFO - Sync 1 DAGs
[2023-08-24T15:27:49.444+0100] {logging_mixin.py:151} INFO - [2023-08-24T15:27:49.444+0100] {dag.py:3677} INFO - Setting next_dagrun for example_sensor_decorator to None, run_after=None
[2023-08-24T15:27:49.589+0100] {processor.py:179} INFO - Processing /home/samuel/dev/airflow_learning/venv/lib/python3.10/site-packages/airflow/example_dags/example_sensor_decorator.py took 0.194 seconds
[2023-08-24T15:28:44.830+0100] {processor.py:157} INFO - Started process (PID=5723) to work on /home/samuel/dev/airflow_learning/venv/lib/python3.10/site-packages/airflow/example_dags/example_sensor_decorator.py
[2023-08-24T15:28:44.840+0100] {processor.py:829} INFO - Processing file /home/samuel/dev/airflow_learning/venv/lib/python3.10/site-packages/airflow/example_dags/example_sensor_decorator.py for tasks to queue
[2023-08-24T15:28:44.841+0100] {logging_mixin.py:151} INFO - [2023-08-24T15:28:44.841+0100] {dagbag.py:539} INFO - Filling up the DagBag from /home/samuel/dev/airflow_learning/venv/lib/python3.10/site-packages/airflow/example_dags/example_sensor_decorator.py
[2023-08-24T15:28:44.848+0100] {processor.py:839} INFO - DAG(s) dict_keys(['example_sensor_decorator']) retrieved from /home/samuel/dev/airflow_learning/venv/lib/python3.10/site-packages/airflow/example_dags/example_sensor_decorator.py
[2023-08-24T15:28:44.868+0100] {logging_mixin.py:151} INFO - [2023-08-24T15:28:44.867+0100] {dag.py:2907} INFO - Sync 1 DAGs
[2023-08-24T15:28:44.880+0100] {logging_mixin.py:151} INFO - [2023-08-24T15:28:44.880+0100] {dag.py:3677} INFO - Setting next_dagrun for example_sensor_decorator to None, run_after=None
[2023-08-24T15:28:44.995+0100] {processor.py:179} INFO - Processing /home/samuel/dev/airflow_learning/venv/lib/python3.10/site-packages/airflow/example_dags/example_sensor_decorator.py took 0.169 seconds
[2023-08-24T15:29:37.729+0100] {processor.py:157} INFO - Started process (PID=5790) to work on /home/samuel/dev/airflow_learning/venv/lib/python3.10/site-packages/airflow/example_dags/example_sensor_decorator.py
[2023-08-24T15:29:37.778+0100] {processor.py:829} INFO - Processing file /home/samuel/dev/airflow_learning/venv/lib/python3.10/site-packages/airflow/example_dags/example_sensor_decorator.py for tasks to queue
[2023-08-24T15:29:37.779+0100] {logging_mixin.py:151} INFO - [2023-08-24T15:29:37.778+0100] {dagbag.py:539} INFO - Filling up the DagBag from /home/samuel/dev/airflow_learning/venv/lib/python3.10/site-packages/airflow/example_dags/example_sensor_decorator.py
[2023-08-24T15:29:37.786+0100] {processor.py:839} INFO - DAG(s) dict_keys(['example_sensor_decorator']) retrieved from /home/samuel/dev/airflow_learning/venv/lib/python3.10/site-packages/airflow/example_dags/example_sensor_decorator.py
[2023-08-24T15:29:37.810+0100] {logging_mixin.py:151} INFO - [2023-08-24T15:29:37.810+0100] {dag.py:2907} INFO - Sync 1 DAGs
[2023-08-24T15:29:37.826+0100] {logging_mixin.py:151} INFO - [2023-08-24T15:29:37.826+0100] {dag.py:3677} INFO - Setting next_dagrun for example_sensor_decorator to None, run_after=None
[2023-08-24T15:29:37.945+0100] {processor.py:179} INFO - Processing /home/samuel/dev/airflow_learning/venv/lib/python3.10/site-packages/airflow/example_dags/example_sensor_decorator.py took 0.219 seconds
[2023-08-24T15:31:24.098+0100] {processor.py:157} INFO - Started process (PID=6033) to work on /home/samuel/dev/airflow_learning/venv/lib/python3.10/site-packages/airflow/example_dags/example_sensor_decorator.py
[2023-08-24T15:31:24.123+0100] {processor.py:829} INFO - Processing file /home/samuel/dev/airflow_learning/venv/lib/python3.10/site-packages/airflow/example_dags/example_sensor_decorator.py for tasks to queue
[2023-08-24T15:31:24.124+0100] {logging_mixin.py:151} INFO - [2023-08-24T15:31:24.124+0100] {dagbag.py:539} INFO - Filling up the DagBag from /home/samuel/dev/airflow_learning/venv/lib/python3.10/site-packages/airflow/example_dags/example_sensor_decorator.py
[2023-08-24T15:31:24.132+0100] {processor.py:839} INFO - DAG(s) dict_keys(['example_sensor_decorator']) retrieved from /home/samuel/dev/airflow_learning/venv/lib/python3.10/site-packages/airflow/example_dags/example_sensor_decorator.py
[2023-08-24T15:31:24.151+0100] {logging_mixin.py:151} INFO - [2023-08-24T15:31:24.151+0100] {dag.py:2907} INFO - Sync 1 DAGs
[2023-08-24T15:31:24.165+0100] {logging_mixin.py:151} INFO - [2023-08-24T15:31:24.164+0100] {dag.py:3677} INFO - Setting next_dagrun for example_sensor_decorator to None, run_after=None
[2023-08-24T15:31:24.277+0100] {processor.py:179} INFO - Processing /home/samuel/dev/airflow_learning/venv/lib/python3.10/site-packages/airflow/example_dags/example_sensor_decorator.py took 0.183 seconds
[2023-08-24T15:32:26.213+0100] {processor.py:157} INFO - Started process (PID=6090) to work on /home/samuel/dev/airflow_learning/venv/lib/python3.10/site-packages/airflow/example_dags/example_sensor_decorator.py
[2023-08-24T15:32:26.224+0100] {processor.py:829} INFO - Processing file /home/samuel/dev/airflow_learning/venv/lib/python3.10/site-packages/airflow/example_dags/example_sensor_decorator.py for tasks to queue
[2023-08-24T15:32:26.225+0100] {logging_mixin.py:151} INFO - [2023-08-24T15:32:26.225+0100] {dagbag.py:539} INFO - Filling up the DagBag from /home/samuel/dev/airflow_learning/venv/lib/python3.10/site-packages/airflow/example_dags/example_sensor_decorator.py
[2023-08-24T15:32:26.232+0100] {processor.py:839} INFO - DAG(s) dict_keys(['example_sensor_decorator']) retrieved from /home/samuel/dev/airflow_learning/venv/lib/python3.10/site-packages/airflow/example_dags/example_sensor_decorator.py
[2023-08-24T15:32:26.250+0100] {logging_mixin.py:151} INFO - [2023-08-24T15:32:26.250+0100] {dag.py:2907} INFO - Sync 1 DAGs
[2023-08-24T15:32:26.263+0100] {logging_mixin.py:151} INFO - [2023-08-24T15:32:26.262+0100] {dag.py:3677} INFO - Setting next_dagrun for example_sensor_decorator to None, run_after=None
[2023-08-24T15:32:26.376+0100] {processor.py:179} INFO - Processing /home/samuel/dev/airflow_learning/venv/lib/python3.10/site-packages/airflow/example_dags/example_sensor_decorator.py took 0.167 seconds
[2023-08-24T15:33:17.513+0100] {processor.py:157} INFO - Started process (PID=6151) to work on /home/samuel/dev/airflow_learning/venv/lib/python3.10/site-packages/airflow/example_dags/example_sensor_decorator.py
[2023-08-24T15:33:17.518+0100] {processor.py:829} INFO - Processing file /home/samuel/dev/airflow_learning/venv/lib/python3.10/site-packages/airflow/example_dags/example_sensor_decorator.py for tasks to queue
[2023-08-24T15:33:17.519+0100] {logging_mixin.py:151} INFO - [2023-08-24T15:33:17.519+0100] {dagbag.py:539} INFO - Filling up the DagBag from /home/samuel/dev/airflow_learning/venv/lib/python3.10/site-packages/airflow/example_dags/example_sensor_decorator.py
[2023-08-24T15:33:17.527+0100] {processor.py:839} INFO - DAG(s) dict_keys(['example_sensor_decorator']) retrieved from /home/samuel/dev/airflow_learning/venv/lib/python3.10/site-packages/airflow/example_dags/example_sensor_decorator.py
[2023-08-24T15:33:17.546+0100] {logging_mixin.py:151} INFO - [2023-08-24T15:33:17.546+0100] {dag.py:2907} INFO - Sync 1 DAGs
[2023-08-24T15:33:17.558+0100] {logging_mixin.py:151} INFO - [2023-08-24T15:33:17.558+0100] {dag.py:3677} INFO - Setting next_dagrun for example_sensor_decorator to None, run_after=None
[2023-08-24T15:33:17.673+0100] {processor.py:179} INFO - Processing /home/samuel/dev/airflow_learning/venv/lib/python3.10/site-packages/airflow/example_dags/example_sensor_decorator.py took 0.163 seconds
[2023-08-24T15:34:14.475+0100] {processor.py:157} INFO - Started process (PID=6213) to work on /home/samuel/dev/airflow_learning/venv/lib/python3.10/site-packages/airflow/example_dags/example_sensor_decorator.py
[2023-08-24T15:34:14.558+0100] {processor.py:829} INFO - Processing file /home/samuel/dev/airflow_learning/venv/lib/python3.10/site-packages/airflow/example_dags/example_sensor_decorator.py for tasks to queue
[2023-08-24T15:34:14.559+0100] {logging_mixin.py:151} INFO - [2023-08-24T15:34:14.559+0100] {dagbag.py:539} INFO - Filling up the DagBag from /home/samuel/dev/airflow_learning/venv/lib/python3.10/site-packages/airflow/example_dags/example_sensor_decorator.py
[2023-08-24T15:34:14.566+0100] {processor.py:839} INFO - DAG(s) dict_keys(['example_sensor_decorator']) retrieved from /home/samuel/dev/airflow_learning/venv/lib/python3.10/site-packages/airflow/example_dags/example_sensor_decorator.py
[2023-08-24T15:34:14.582+0100] {logging_mixin.py:151} INFO - [2023-08-24T15:34:14.582+0100] {dag.py:2907} INFO - Sync 1 DAGs
[2023-08-24T15:34:14.594+0100] {logging_mixin.py:151} INFO - [2023-08-24T15:34:14.594+0100] {dag.py:3677} INFO - Setting next_dagrun for example_sensor_decorator to None, run_after=None
[2023-08-24T15:34:15.238+0100] {processor.py:179} INFO - Processing /home/samuel/dev/airflow_learning/venv/lib/python3.10/site-packages/airflow/example_dags/example_sensor_decorator.py took 0.767 seconds
[2023-08-24T15:35:25.987+0100] {processor.py:157} INFO - Started process (PID=6290) to work on /home/samuel/dev/airflow_learning/venv/lib/python3.10/site-packages/airflow/example_dags/example_sensor_decorator.py
[2023-08-24T15:35:25.991+0100] {processor.py:829} INFO - Processing file /home/samuel/dev/airflow_learning/venv/lib/python3.10/site-packages/airflow/example_dags/example_sensor_decorator.py for tasks to queue
[2023-08-24T15:35:25.992+0100] {logging_mixin.py:151} INFO - [2023-08-24T15:35:25.992+0100] {dagbag.py:539} INFO - Filling up the DagBag from /home/samuel/dev/airflow_learning/venv/lib/python3.10/site-packages/airflow/example_dags/example_sensor_decorator.py
[2023-08-24T15:35:26.001+0100] {processor.py:839} INFO - DAG(s) dict_keys(['example_sensor_decorator']) retrieved from /home/samuel/dev/airflow_learning/venv/lib/python3.10/site-packages/airflow/example_dags/example_sensor_decorator.py
[2023-08-24T15:35:26.022+0100] {logging_mixin.py:151} INFO - [2023-08-24T15:35:26.022+0100] {dag.py:2907} INFO - Sync 1 DAGs
[2023-08-24T15:35:26.034+0100] {logging_mixin.py:151} INFO - [2023-08-24T15:35:26.033+0100] {dag.py:3677} INFO - Setting next_dagrun for example_sensor_decorator to None, run_after=None
[2023-08-24T15:35:26.157+0100] {processor.py:179} INFO - Processing /home/samuel/dev/airflow_learning/venv/lib/python3.10/site-packages/airflow/example_dags/example_sensor_decorator.py took 0.173 seconds
[2023-08-24T15:36:21.639+0100] {processor.py:157} INFO - Started process (PID=6345) to work on /home/samuel/dev/airflow_learning/venv/lib/python3.10/site-packages/airflow/example_dags/example_sensor_decorator.py
[2023-08-24T15:36:21.642+0100] {processor.py:829} INFO - Processing file /home/samuel/dev/airflow_learning/venv/lib/python3.10/site-packages/airflow/example_dags/example_sensor_decorator.py for tasks to queue
[2023-08-24T15:36:21.643+0100] {logging_mixin.py:151} INFO - [2023-08-24T15:36:21.643+0100] {dagbag.py:539} INFO - Filling up the DagBag from /home/samuel/dev/airflow_learning/venv/lib/python3.10/site-packages/airflow/example_dags/example_sensor_decorator.py
[2023-08-24T15:36:21.651+0100] {processor.py:839} INFO - DAG(s) dict_keys(['example_sensor_decorator']) retrieved from /home/samuel/dev/airflow_learning/venv/lib/python3.10/site-packages/airflow/example_dags/example_sensor_decorator.py
[2023-08-24T15:36:21.669+0100] {logging_mixin.py:151} INFO - [2023-08-24T15:36:21.669+0100] {dag.py:2907} INFO - Sync 1 DAGs
[2023-08-24T15:36:21.681+0100] {logging_mixin.py:151} INFO - [2023-08-24T15:36:21.681+0100] {dag.py:3677} INFO - Setting next_dagrun for example_sensor_decorator to None, run_after=None
[2023-08-24T15:36:21.807+0100] {processor.py:179} INFO - Processing /home/samuel/dev/airflow_learning/venv/lib/python3.10/site-packages/airflow/example_dags/example_sensor_decorator.py took 0.172 seconds
[2023-08-24T15:37:25.566+0100] {processor.py:157} INFO - Started process (PID=6400) to work on /home/samuel/dev/airflow_learning/venv/lib/python3.10/site-packages/airflow/example_dags/example_sensor_decorator.py
[2023-08-24T15:37:25.567+0100] {processor.py:829} INFO - Processing file /home/samuel/dev/airflow_learning/venv/lib/python3.10/site-packages/airflow/example_dags/example_sensor_decorator.py for tasks to queue
[2023-08-24T15:37:25.568+0100] {logging_mixin.py:151} INFO - [2023-08-24T15:37:25.568+0100] {dagbag.py:539} INFO - Filling up the DagBag from /home/samuel/dev/airflow_learning/venv/lib/python3.10/site-packages/airflow/example_dags/example_sensor_decorator.py
[2023-08-24T15:37:25.577+0100] {processor.py:839} INFO - DAG(s) dict_keys(['example_sensor_decorator']) retrieved from /home/samuel/dev/airflow_learning/venv/lib/python3.10/site-packages/airflow/example_dags/example_sensor_decorator.py
[2023-08-24T15:37:25.596+0100] {logging_mixin.py:151} INFO - [2023-08-24T15:37:25.596+0100] {dag.py:2907} INFO - Sync 1 DAGs
[2023-08-24T15:37:25.613+0100] {logging_mixin.py:151} INFO - [2023-08-24T15:37:25.613+0100] {dag.py:3677} INFO - Setting next_dagrun for example_sensor_decorator to None, run_after=None
[2023-08-24T15:37:25.788+0100] {processor.py:179} INFO - Processing /home/samuel/dev/airflow_learning/venv/lib/python3.10/site-packages/airflow/example_dags/example_sensor_decorator.py took 0.225 seconds
[2023-08-24T15:38:29.909+0100] {processor.py:157} INFO - Started process (PID=6463) to work on /home/samuel/dev/airflow_learning/venv/lib/python3.10/site-packages/airflow/example_dags/example_sensor_decorator.py
[2023-08-24T15:38:29.911+0100] {processor.py:829} INFO - Processing file /home/samuel/dev/airflow_learning/venv/lib/python3.10/site-packages/airflow/example_dags/example_sensor_decorator.py for tasks to queue
[2023-08-24T15:38:29.912+0100] {logging_mixin.py:151} INFO - [2023-08-24T15:38:29.912+0100] {dagbag.py:539} INFO - Filling up the DagBag from /home/samuel/dev/airflow_learning/venv/lib/python3.10/site-packages/airflow/example_dags/example_sensor_decorator.py
[2023-08-24T15:38:29.919+0100] {processor.py:839} INFO - DAG(s) dict_keys(['example_sensor_decorator']) retrieved from /home/samuel/dev/airflow_learning/venv/lib/python3.10/site-packages/airflow/example_dags/example_sensor_decorator.py
[2023-08-24T15:38:29.936+0100] {logging_mixin.py:151} INFO - [2023-08-24T15:38:29.936+0100] {dag.py:2907} INFO - Sync 1 DAGs
[2023-08-24T15:38:29.947+0100] {logging_mixin.py:151} INFO - [2023-08-24T15:38:29.947+0100] {dag.py:3677} INFO - Setting next_dagrun for example_sensor_decorator to None, run_after=None
[2023-08-24T15:38:30.091+0100] {processor.py:179} INFO - Processing /home/samuel/dev/airflow_learning/venv/lib/python3.10/site-packages/airflow/example_dags/example_sensor_decorator.py took 0.186 seconds
[2023-08-24T15:39:25.701+0100] {processor.py:157} INFO - Started process (PID=6516) to work on /home/samuel/dev/airflow_learning/venv/lib/python3.10/site-packages/airflow/example_dags/example_sensor_decorator.py
[2023-08-24T15:39:25.734+0100] {processor.py:829} INFO - Processing file /home/samuel/dev/airflow_learning/venv/lib/python3.10/site-packages/airflow/example_dags/example_sensor_decorator.py for tasks to queue
[2023-08-24T15:39:25.735+0100] {logging_mixin.py:151} INFO - [2023-08-24T15:39:25.735+0100] {dagbag.py:539} INFO - Filling up the DagBag from /home/samuel/dev/airflow_learning/venv/lib/python3.10/site-packages/airflow/example_dags/example_sensor_decorator.py
[2023-08-24T15:39:25.743+0100] {processor.py:839} INFO - DAG(s) dict_keys(['example_sensor_decorator']) retrieved from /home/samuel/dev/airflow_learning/venv/lib/python3.10/site-packages/airflow/example_dags/example_sensor_decorator.py
[2023-08-24T15:39:25.764+0100] {logging_mixin.py:151} INFO - [2023-08-24T15:39:25.763+0100] {dag.py:2907} INFO - Sync 1 DAGs
[2023-08-24T15:39:25.778+0100] {logging_mixin.py:151} INFO - [2023-08-24T15:39:25.778+0100] {dag.py:3677} INFO - Setting next_dagrun for example_sensor_decorator to None, run_after=None
[2023-08-24T15:39:25.931+0100] {processor.py:179} INFO - Processing /home/samuel/dev/airflow_learning/venv/lib/python3.10/site-packages/airflow/example_dags/example_sensor_decorator.py took 0.234 seconds
[2023-08-24T15:40:34.714+0100] {processor.py:157} INFO - Started process (PID=6601) to work on /home/samuel/dev/airflow_learning/venv/lib/python3.10/site-packages/airflow/example_dags/example_sensor_decorator.py
[2023-08-24T15:40:34.740+0100] {processor.py:829} INFO - Processing file /home/samuel/dev/airflow_learning/venv/lib/python3.10/site-packages/airflow/example_dags/example_sensor_decorator.py for tasks to queue
[2023-08-24T15:40:34.741+0100] {logging_mixin.py:151} INFO - [2023-08-24T15:40:34.740+0100] {dagbag.py:539} INFO - Filling up the DagBag from /home/samuel/dev/airflow_learning/venv/lib/python3.10/site-packages/airflow/example_dags/example_sensor_decorator.py
[2023-08-24T15:40:34.749+0100] {processor.py:839} INFO - DAG(s) dict_keys(['example_sensor_decorator']) retrieved from /home/samuel/dev/airflow_learning/venv/lib/python3.10/site-packages/airflow/example_dags/example_sensor_decorator.py
[2023-08-24T15:40:34.768+0100] {logging_mixin.py:151} INFO - [2023-08-24T15:40:34.767+0100] {dag.py:2907} INFO - Sync 1 DAGs
[2023-08-24T15:40:34.780+0100] {logging_mixin.py:151} INFO - [2023-08-24T15:40:34.780+0100] {dag.py:3677} INFO - Setting next_dagrun for example_sensor_decorator to None, run_after=None
[2023-08-24T15:40:34.902+0100] {processor.py:179} INFO - Processing /home/samuel/dev/airflow_learning/venv/lib/python3.10/site-packages/airflow/example_dags/example_sensor_decorator.py took 0.192 seconds
[2023-08-24T15:41:29.503+0100] {processor.py:157} INFO - Started process (PID=6653) to work on /home/samuel/dev/airflow_learning/venv/lib/python3.10/site-packages/airflow/example_dags/example_sensor_decorator.py
[2023-08-24T15:41:29.533+0100] {processor.py:829} INFO - Processing file /home/samuel/dev/airflow_learning/venv/lib/python3.10/site-packages/airflow/example_dags/example_sensor_decorator.py for tasks to queue
[2023-08-24T15:41:29.535+0100] {logging_mixin.py:151} INFO - [2023-08-24T15:41:29.534+0100] {dagbag.py:539} INFO - Filling up the DagBag from /home/samuel/dev/airflow_learning/venv/lib/python3.10/site-packages/airflow/example_dags/example_sensor_decorator.py
[2023-08-24T15:41:29.543+0100] {processor.py:839} INFO - DAG(s) dict_keys(['example_sensor_decorator']) retrieved from /home/samuel/dev/airflow_learning/venv/lib/python3.10/site-packages/airflow/example_dags/example_sensor_decorator.py
[2023-08-24T15:41:29.563+0100] {logging_mixin.py:151} INFO - [2023-08-24T15:41:29.563+0100] {dag.py:2907} INFO - Sync 1 DAGs
[2023-08-24T15:41:29.577+0100] {logging_mixin.py:151} INFO - [2023-08-24T15:41:29.577+0100] {dag.py:3677} INFO - Setting next_dagrun for example_sensor_decorator to None, run_after=None
[2023-08-24T15:41:29.714+0100] {processor.py:179} INFO - Processing /home/samuel/dev/airflow_learning/venv/lib/python3.10/site-packages/airflow/example_dags/example_sensor_decorator.py took 0.215 seconds
[2023-08-24T15:42:21.013+0100] {processor.py:157} INFO - Started process (PID=6754) to work on /home/samuel/dev/airflow_learning/venv/lib/python3.10/site-packages/airflow/example_dags/example_sensor_decorator.py
[2023-08-24T15:42:21.042+0100] {processor.py:829} INFO - Processing file /home/samuel/dev/airflow_learning/venv/lib/python3.10/site-packages/airflow/example_dags/example_sensor_decorator.py for tasks to queue
[2023-08-24T15:42:21.044+0100] {logging_mixin.py:151} INFO - [2023-08-24T15:42:21.043+0100] {dagbag.py:539} INFO - Filling up the DagBag from /home/samuel/dev/airflow_learning/venv/lib/python3.10/site-packages/airflow/example_dags/example_sensor_decorator.py
[2023-08-24T15:42:21.051+0100] {processor.py:839} INFO - DAG(s) dict_keys(['example_sensor_decorator']) retrieved from /home/samuel/dev/airflow_learning/venv/lib/python3.10/site-packages/airflow/example_dags/example_sensor_decorator.py
[2023-08-24T15:42:21.067+0100] {logging_mixin.py:151} INFO - [2023-08-24T15:42:21.067+0100] {dag.py:2907} INFO - Sync 1 DAGs
[2023-08-24T15:42:21.079+0100] {logging_mixin.py:151} INFO - [2023-08-24T15:42:21.078+0100] {dag.py:3677} INFO - Setting next_dagrun for example_sensor_decorator to None, run_after=None
[2023-08-24T15:42:21.196+0100] {processor.py:179} INFO - Processing /home/samuel/dev/airflow_learning/venv/lib/python3.10/site-packages/airflow/example_dags/example_sensor_decorator.py took 0.187 seconds
[2023-08-24T15:43:16.986+0100] {processor.py:157} INFO - Started process (PID=6818) to work on /home/samuel/dev/airflow_learning/venv/lib/python3.10/site-packages/airflow/example_dags/example_sensor_decorator.py
[2023-08-24T15:43:17.010+0100] {processor.py:829} INFO - Processing file /home/samuel/dev/airflow_learning/venv/lib/python3.10/site-packages/airflow/example_dags/example_sensor_decorator.py for tasks to queue
[2023-08-24T15:43:17.012+0100] {logging_mixin.py:151} INFO - [2023-08-24T15:43:17.011+0100] {dagbag.py:539} INFO - Filling up the DagBag from /home/samuel/dev/airflow_learning/venv/lib/python3.10/site-packages/airflow/example_dags/example_sensor_decorator.py
[2023-08-24T15:43:17.019+0100] {processor.py:839} INFO - DAG(s) dict_keys(['example_sensor_decorator']) retrieved from /home/samuel/dev/airflow_learning/venv/lib/python3.10/site-packages/airflow/example_dags/example_sensor_decorator.py
[2023-08-24T15:43:17.040+0100] {logging_mixin.py:151} INFO - [2023-08-24T15:43:17.040+0100] {dag.py:2907} INFO - Sync 1 DAGs
[2023-08-24T15:43:17.054+0100] {logging_mixin.py:151} INFO - [2023-08-24T15:43:17.054+0100] {dag.py:3677} INFO - Setting next_dagrun for example_sensor_decorator to None, run_after=None
[2023-08-24T15:43:17.175+0100] {processor.py:179} INFO - Processing /home/samuel/dev/airflow_learning/venv/lib/python3.10/site-packages/airflow/example_dags/example_sensor_decorator.py took 0.193 seconds
[2023-08-24T15:44:10.474+0100] {processor.py:157} INFO - Started process (PID=6869) to work on /home/samuel/dev/airflow_learning/venv/lib/python3.10/site-packages/airflow/example_dags/example_sensor_decorator.py
[2023-08-24T15:44:10.496+0100] {processor.py:829} INFO - Processing file /home/samuel/dev/airflow_learning/venv/lib/python3.10/site-packages/airflow/example_dags/example_sensor_decorator.py for tasks to queue
[2023-08-24T15:44:10.497+0100] {logging_mixin.py:151} INFO - [2023-08-24T15:44:10.497+0100] {dagbag.py:539} INFO - Filling up the DagBag from /home/samuel/dev/airflow_learning/venv/lib/python3.10/site-packages/airflow/example_dags/example_sensor_decorator.py
[2023-08-24T15:44:10.504+0100] {processor.py:839} INFO - DAG(s) dict_keys(['example_sensor_decorator']) retrieved from /home/samuel/dev/airflow_learning/venv/lib/python3.10/site-packages/airflow/example_dags/example_sensor_decorator.py
[2023-08-24T15:44:10.524+0100] {logging_mixin.py:151} INFO - [2023-08-24T15:44:10.524+0100] {dag.py:2907} INFO - Sync 1 DAGs
[2023-08-24T15:44:10.536+0100] {logging_mixin.py:151} INFO - [2023-08-24T15:44:10.535+0100] {dag.py:3677} INFO - Setting next_dagrun for example_sensor_decorator to None, run_after=None
[2023-08-24T15:44:10.672+0100] {processor.py:179} INFO - Processing /home/samuel/dev/airflow_learning/venv/lib/python3.10/site-packages/airflow/example_dags/example_sensor_decorator.py took 0.202 seconds
[2023-08-24T15:45:26.705+0100] {processor.py:157} INFO - Started process (PID=6944) to work on /home/samuel/dev/airflow_learning/venv/lib/python3.10/site-packages/airflow/example_dags/example_sensor_decorator.py
[2023-08-24T15:45:26.717+0100] {processor.py:829} INFO - Processing file /home/samuel/dev/airflow_learning/venv/lib/python3.10/site-packages/airflow/example_dags/example_sensor_decorator.py for tasks to queue
[2023-08-24T15:45:26.718+0100] {logging_mixin.py:151} INFO - [2023-08-24T15:45:26.718+0100] {dagbag.py:539} INFO - Filling up the DagBag from /home/samuel/dev/airflow_learning/venv/lib/python3.10/site-packages/airflow/example_dags/example_sensor_decorator.py
[2023-08-24T15:45:26.726+0100] {processor.py:839} INFO - DAG(s) dict_keys(['example_sensor_decorator']) retrieved from /home/samuel/dev/airflow_learning/venv/lib/python3.10/site-packages/airflow/example_dags/example_sensor_decorator.py
[2023-08-24T15:45:26.746+0100] {logging_mixin.py:151} INFO - [2023-08-24T15:45:26.746+0100] {dag.py:2907} INFO - Sync 1 DAGs
[2023-08-24T15:45:26.759+0100] {logging_mixin.py:151} INFO - [2023-08-24T15:45:26.759+0100] {dag.py:3677} INFO - Setting next_dagrun for example_sensor_decorator to None, run_after=None
[2023-08-24T15:45:26.873+0100] {processor.py:179} INFO - Processing /home/samuel/dev/airflow_learning/venv/lib/python3.10/site-packages/airflow/example_dags/example_sensor_decorator.py took 0.172 seconds
[2023-08-24T15:46:18.157+0100] {processor.py:157} INFO - Started process (PID=6994) to work on /home/samuel/dev/airflow_learning/venv/lib/python3.10/site-packages/airflow/example_dags/example_sensor_decorator.py
[2023-08-24T15:46:18.192+0100] {processor.py:829} INFO - Processing file /home/samuel/dev/airflow_learning/venv/lib/python3.10/site-packages/airflow/example_dags/example_sensor_decorator.py for tasks to queue
[2023-08-24T15:46:18.194+0100] {logging_mixin.py:151} INFO - [2023-08-24T15:46:18.193+0100] {dagbag.py:539} INFO - Filling up the DagBag from /home/samuel/dev/airflow_learning/venv/lib/python3.10/site-packages/airflow/example_dags/example_sensor_decorator.py
[2023-08-24T15:46:18.201+0100] {processor.py:839} INFO - DAG(s) dict_keys(['example_sensor_decorator']) retrieved from /home/samuel/dev/airflow_learning/venv/lib/python3.10/site-packages/airflow/example_dags/example_sensor_decorator.py
[2023-08-24T15:46:18.221+0100] {logging_mixin.py:151} INFO - [2023-08-24T15:46:18.221+0100] {dag.py:2907} INFO - Sync 1 DAGs
[2023-08-24T15:46:18.235+0100] {logging_mixin.py:151} INFO - [2023-08-24T15:46:18.235+0100] {dag.py:3677} INFO - Setting next_dagrun for example_sensor_decorator to None, run_after=None
[2023-08-24T15:46:18.365+0100] {processor.py:179} INFO - Processing /home/samuel/dev/airflow_learning/venv/lib/python3.10/site-packages/airflow/example_dags/example_sensor_decorator.py took 0.212 seconds
[2023-08-24T15:47:11.623+0100] {processor.py:157} INFO - Started process (PID=7043) to work on /home/samuel/dev/airflow_learning/venv/lib/python3.10/site-packages/airflow/example_dags/example_sensor_decorator.py
[2023-08-24T15:47:11.625+0100] {processor.py:829} INFO - Processing file /home/samuel/dev/airflow_learning/venv/lib/python3.10/site-packages/airflow/example_dags/example_sensor_decorator.py for tasks to queue
[2023-08-24T15:47:11.627+0100] {logging_mixin.py:151} INFO - [2023-08-24T15:47:11.626+0100] {dagbag.py:539} INFO - Filling up the DagBag from /home/samuel/dev/airflow_learning/venv/lib/python3.10/site-packages/airflow/example_dags/example_sensor_decorator.py
[2023-08-24T15:47:11.635+0100] {processor.py:839} INFO - DAG(s) dict_keys(['example_sensor_decorator']) retrieved from /home/samuel/dev/airflow_learning/venv/lib/python3.10/site-packages/airflow/example_dags/example_sensor_decorator.py
[2023-08-24T15:47:11.653+0100] {logging_mixin.py:151} INFO - [2023-08-24T15:47:11.653+0100] {dag.py:2907} INFO - Sync 1 DAGs
[2023-08-24T15:47:11.665+0100] {logging_mixin.py:151} INFO - [2023-08-24T15:47:11.665+0100] {dag.py:3677} INFO - Setting next_dagrun for example_sensor_decorator to None, run_after=None
[2023-08-24T15:47:11.808+0100] {processor.py:179} INFO - Processing /home/samuel/dev/airflow_learning/venv/lib/python3.10/site-packages/airflow/example_dags/example_sensor_decorator.py took 0.190 seconds
[2023-08-24T15:48:04.210+0100] {processor.py:157} INFO - Started process (PID=7104) to work on /home/samuel/dev/airflow_learning/venv/lib/python3.10/site-packages/airflow/example_dags/example_sensor_decorator.py
[2023-08-24T15:48:04.213+0100] {processor.py:829} INFO - Processing file /home/samuel/dev/airflow_learning/venv/lib/python3.10/site-packages/airflow/example_dags/example_sensor_decorator.py for tasks to queue
[2023-08-24T15:48:04.215+0100] {logging_mixin.py:151} INFO - [2023-08-24T15:48:04.214+0100] {dagbag.py:539} INFO - Filling up the DagBag from /home/samuel/dev/airflow_learning/venv/lib/python3.10/site-packages/airflow/example_dags/example_sensor_decorator.py
[2023-08-24T15:48:04.222+0100] {processor.py:839} INFO - DAG(s) dict_keys(['example_sensor_decorator']) retrieved from /home/samuel/dev/airflow_learning/venv/lib/python3.10/site-packages/airflow/example_dags/example_sensor_decorator.py
[2023-08-24T15:48:04.241+0100] {logging_mixin.py:151} INFO - [2023-08-24T15:48:04.241+0100] {dag.py:2907} INFO - Sync 1 DAGs
[2023-08-24T15:48:04.254+0100] {logging_mixin.py:151} INFO - [2023-08-24T15:48:04.253+0100] {dag.py:3677} INFO - Setting next_dagrun for example_sensor_decorator to None, run_after=None
[2023-08-24T15:48:04.390+0100] {processor.py:179} INFO - Processing /home/samuel/dev/airflow_learning/venv/lib/python3.10/site-packages/airflow/example_dags/example_sensor_decorator.py took 0.184 seconds
[2023-08-24T15:48:58.775+0100] {processor.py:157} INFO - Started process (PID=7161) to work on /home/samuel/dev/airflow_learning/venv/lib/python3.10/site-packages/airflow/example_dags/example_sensor_decorator.py
[2023-08-24T15:48:58.776+0100] {processor.py:829} INFO - Processing file /home/samuel/dev/airflow_learning/venv/lib/python3.10/site-packages/airflow/example_dags/example_sensor_decorator.py for tasks to queue
[2023-08-24T15:48:58.777+0100] {logging_mixin.py:151} INFO - [2023-08-24T15:48:58.777+0100] {dagbag.py:539} INFO - Filling up the DagBag from /home/samuel/dev/airflow_learning/venv/lib/python3.10/site-packages/airflow/example_dags/example_sensor_decorator.py
[2023-08-24T15:48:58.784+0100] {processor.py:839} INFO - DAG(s) dict_keys(['example_sensor_decorator']) retrieved from /home/samuel/dev/airflow_learning/venv/lib/python3.10/site-packages/airflow/example_dags/example_sensor_decorator.py
[2023-08-24T15:48:58.800+0100] {logging_mixin.py:151} INFO - [2023-08-24T15:48:58.800+0100] {dag.py:2907} INFO - Sync 1 DAGs
[2023-08-24T15:48:58.811+0100] {logging_mixin.py:151} INFO - [2023-08-24T15:48:58.811+0100] {dag.py:3677} INFO - Setting next_dagrun for example_sensor_decorator to None, run_after=None
[2023-08-24T15:48:58.950+0100] {processor.py:179} INFO - Processing /home/samuel/dev/airflow_learning/venv/lib/python3.10/site-packages/airflow/example_dags/example_sensor_decorator.py took 0.180 seconds
[2023-08-24T15:49:48.662+0100] {processor.py:157} INFO - Started process (PID=7209) to work on /home/samuel/dev/airflow_learning/venv/lib/python3.10/site-packages/airflow/example_dags/example_sensor_decorator.py
[2023-08-24T15:49:48.665+0100] {processor.py:829} INFO - Processing file /home/samuel/dev/airflow_learning/venv/lib/python3.10/site-packages/airflow/example_dags/example_sensor_decorator.py for tasks to queue
[2023-08-24T15:49:48.666+0100] {logging_mixin.py:151} INFO - [2023-08-24T15:49:48.665+0100] {dagbag.py:539} INFO - Filling up the DagBag from /home/samuel/dev/airflow_learning/venv/lib/python3.10/site-packages/airflow/example_dags/example_sensor_decorator.py
[2023-08-24T15:49:48.673+0100] {processor.py:839} INFO - DAG(s) dict_keys(['example_sensor_decorator']) retrieved from /home/samuel/dev/airflow_learning/venv/lib/python3.10/site-packages/airflow/example_dags/example_sensor_decorator.py
[2023-08-24T15:49:48.689+0100] {logging_mixin.py:151} INFO - [2023-08-24T15:49:48.689+0100] {dag.py:2907} INFO - Sync 1 DAGs
[2023-08-24T15:49:48.701+0100] {logging_mixin.py:151} INFO - [2023-08-24T15:49:48.701+0100] {dag.py:3677} INFO - Setting next_dagrun for example_sensor_decorator to None, run_after=None
[2023-08-24T15:49:48.830+0100] {processor.py:179} INFO - Processing /home/samuel/dev/airflow_learning/venv/lib/python3.10/site-packages/airflow/example_dags/example_sensor_decorator.py took 0.172 seconds
[2023-08-24T15:51:03.663+0100] {processor.py:157} INFO - Started process (PID=7277) to work on /home/samuel/dev/airflow_learning/venv/lib/python3.10/site-packages/airflow/example_dags/example_sensor_decorator.py
[2023-08-24T15:51:03.694+0100] {processor.py:829} INFO - Processing file /home/samuel/dev/airflow_learning/venv/lib/python3.10/site-packages/airflow/example_dags/example_sensor_decorator.py for tasks to queue
[2023-08-24T15:51:03.696+0100] {logging_mixin.py:151} INFO - [2023-08-24T15:51:03.695+0100] {dagbag.py:539} INFO - Filling up the DagBag from /home/samuel/dev/airflow_learning/venv/lib/python3.10/site-packages/airflow/example_dags/example_sensor_decorator.py
[2023-08-24T15:51:03.703+0100] {processor.py:839} INFO - DAG(s) dict_keys(['example_sensor_decorator']) retrieved from /home/samuel/dev/airflow_learning/venv/lib/python3.10/site-packages/airflow/example_dags/example_sensor_decorator.py
[2023-08-24T15:51:03.721+0100] {logging_mixin.py:151} INFO - [2023-08-24T15:51:03.721+0100] {dag.py:2907} INFO - Sync 1 DAGs
[2023-08-24T15:51:03.732+0100] {logging_mixin.py:151} INFO - [2023-08-24T15:51:03.732+0100] {dag.py:3677} INFO - Setting next_dagrun for example_sensor_decorator to None, run_after=None
[2023-08-24T15:51:03.853+0100] {processor.py:179} INFO - Processing /home/samuel/dev/airflow_learning/venv/lib/python3.10/site-packages/airflow/example_dags/example_sensor_decorator.py took 0.194 seconds
[2023-08-24T15:51:56.174+0100] {processor.py:157} INFO - Started process (PID=7334) to work on /home/samuel/dev/airflow_learning/venv/lib/python3.10/site-packages/airflow/example_dags/example_sensor_decorator.py
[2023-08-24T15:51:56.177+0100] {processor.py:829} INFO - Processing file /home/samuel/dev/airflow_learning/venv/lib/python3.10/site-packages/airflow/example_dags/example_sensor_decorator.py for tasks to queue
[2023-08-24T15:51:56.178+0100] {logging_mixin.py:151} INFO - [2023-08-24T15:51:56.177+0100] {dagbag.py:539} INFO - Filling up the DagBag from /home/samuel/dev/airflow_learning/venv/lib/python3.10/site-packages/airflow/example_dags/example_sensor_decorator.py
[2023-08-24T15:51:56.185+0100] {processor.py:839} INFO - DAG(s) dict_keys(['example_sensor_decorator']) retrieved from /home/samuel/dev/airflow_learning/venv/lib/python3.10/site-packages/airflow/example_dags/example_sensor_decorator.py
[2023-08-24T15:51:56.203+0100] {logging_mixin.py:151} INFO - [2023-08-24T15:51:56.203+0100] {dag.py:2907} INFO - Sync 1 DAGs
[2023-08-24T15:51:56.215+0100] {logging_mixin.py:151} INFO - [2023-08-24T15:51:56.215+0100] {dag.py:3677} INFO - Setting next_dagrun for example_sensor_decorator to None, run_after=None
[2023-08-24T15:51:56.402+0100] {processor.py:179} INFO - Processing /home/samuel/dev/airflow_learning/venv/lib/python3.10/site-packages/airflow/example_dags/example_sensor_decorator.py took 0.232 seconds
[2023-08-24T15:53:08.571+0100] {processor.py:157} INFO - Started process (PID=7410) to work on /home/samuel/dev/airflow_learning/venv/lib/python3.10/site-packages/airflow/example_dags/example_sensor_decorator.py
[2023-08-24T15:53:08.604+0100] {processor.py:829} INFO - Processing file /home/samuel/dev/airflow_learning/venv/lib/python3.10/site-packages/airflow/example_dags/example_sensor_decorator.py for tasks to queue
[2023-08-24T15:53:08.605+0100] {logging_mixin.py:151} INFO - [2023-08-24T15:53:08.605+0100] {dagbag.py:539} INFO - Filling up the DagBag from /home/samuel/dev/airflow_learning/venv/lib/python3.10/site-packages/airflow/example_dags/example_sensor_decorator.py
[2023-08-24T15:53:08.613+0100] {processor.py:839} INFO - DAG(s) dict_keys(['example_sensor_decorator']) retrieved from /home/samuel/dev/airflow_learning/venv/lib/python3.10/site-packages/airflow/example_dags/example_sensor_decorator.py
[2023-08-24T15:53:08.633+0100] {logging_mixin.py:151} INFO - [2023-08-24T15:53:08.633+0100] {dag.py:2907} INFO - Sync 1 DAGs
[2023-08-24T15:53:08.647+0100] {logging_mixin.py:151} INFO - [2023-08-24T15:53:08.647+0100] {dag.py:3677} INFO - Setting next_dagrun for example_sensor_decorator to None, run_after=None
[2023-08-24T15:53:08.747+0100] {processor.py:179} INFO - Processing /home/samuel/dev/airflow_learning/venv/lib/python3.10/site-packages/airflow/example_dags/example_sensor_decorator.py took 0.180 seconds
[2023-08-24T15:54:02.727+0100] {processor.py:157} INFO - Started process (PID=7540) to work on /home/samuel/dev/airflow_learning/venv/lib/python3.10/site-packages/airflow/example_dags/example_sensor_decorator.py
[2023-08-24T15:54:02.742+0100] {processor.py:829} INFO - Processing file /home/samuel/dev/airflow_learning/venv/lib/python3.10/site-packages/airflow/example_dags/example_sensor_decorator.py for tasks to queue
[2023-08-24T15:54:02.744+0100] {logging_mixin.py:151} INFO - [2023-08-24T15:54:02.743+0100] {dagbag.py:539} INFO - Filling up the DagBag from /home/samuel/dev/airflow_learning/venv/lib/python3.10/site-packages/airflow/example_dags/example_sensor_decorator.py
[2023-08-24T15:54:02.755+0100] {processor.py:839} INFO - DAG(s) dict_keys(['example_sensor_decorator']) retrieved from /home/samuel/dev/airflow_learning/venv/lib/python3.10/site-packages/airflow/example_dags/example_sensor_decorator.py
[2023-08-24T15:54:02.774+0100] {logging_mixin.py:151} INFO - [2023-08-24T15:54:02.774+0100] {dag.py:2907} INFO - Sync 1 DAGs
[2023-08-24T15:54:02.791+0100] {logging_mixin.py:151} INFO - [2023-08-24T15:54:02.790+0100] {dag.py:3677} INFO - Setting next_dagrun for example_sensor_decorator to None, run_after=None
[2023-08-24T15:54:03.110+0100] {processor.py:179} INFO - Processing /home/samuel/dev/airflow_learning/venv/lib/python3.10/site-packages/airflow/example_dags/example_sensor_decorator.py took 0.388 seconds
[2023-08-24T15:55:08.443+0100] {processor.py:157} INFO - Started process (PID=7617) to work on /home/samuel/dev/airflow_learning/venv/lib/python3.10/site-packages/airflow/example_dags/example_sensor_decorator.py
[2023-08-24T15:55:08.463+0100] {processor.py:829} INFO - Processing file /home/samuel/dev/airflow_learning/venv/lib/python3.10/site-packages/airflow/example_dags/example_sensor_decorator.py for tasks to queue
[2023-08-24T15:55:08.464+0100] {logging_mixin.py:151} INFO - [2023-08-24T15:55:08.464+0100] {dagbag.py:539} INFO - Filling up the DagBag from /home/samuel/dev/airflow_learning/venv/lib/python3.10/site-packages/airflow/example_dags/example_sensor_decorator.py
[2023-08-24T15:55:08.472+0100] {processor.py:839} INFO - DAG(s) dict_keys(['example_sensor_decorator']) retrieved from /home/samuel/dev/airflow_learning/venv/lib/python3.10/site-packages/airflow/example_dags/example_sensor_decorator.py
[2023-08-24T15:55:08.492+0100] {logging_mixin.py:151} INFO - [2023-08-24T15:55:08.492+0100] {dag.py:2907} INFO - Sync 1 DAGs
[2023-08-24T15:55:08.506+0100] {logging_mixin.py:151} INFO - [2023-08-24T15:55:08.506+0100] {dag.py:3677} INFO - Setting next_dagrun for example_sensor_decorator to None, run_after=None
[2023-08-24T15:55:08.624+0100] {processor.py:179} INFO - Processing /home/samuel/dev/airflow_learning/venv/lib/python3.10/site-packages/airflow/example_dags/example_sensor_decorator.py took 0.185 seconds
[2023-08-24T15:56:04.841+0100] {processor.py:157} INFO - Started process (PID=7726) to work on /home/samuel/dev/airflow_learning/venv/lib/python3.10/site-packages/airflow/example_dags/example_sensor_decorator.py
[2023-08-24T15:56:04.876+0100] {processor.py:829} INFO - Processing file /home/samuel/dev/airflow_learning/venv/lib/python3.10/site-packages/airflow/example_dags/example_sensor_decorator.py for tasks to queue
[2023-08-24T15:56:04.877+0100] {logging_mixin.py:151} INFO - [2023-08-24T15:56:04.877+0100] {dagbag.py:539} INFO - Filling up the DagBag from /home/samuel/dev/airflow_learning/venv/lib/python3.10/site-packages/airflow/example_dags/example_sensor_decorator.py
[2023-08-24T15:56:04.885+0100] {processor.py:839} INFO - DAG(s) dict_keys(['example_sensor_decorator']) retrieved from /home/samuel/dev/airflow_learning/venv/lib/python3.10/site-packages/airflow/example_dags/example_sensor_decorator.py
[2023-08-24T15:56:04.905+0100] {logging_mixin.py:151} INFO - [2023-08-24T15:56:04.905+0100] {dag.py:2907} INFO - Sync 1 DAGs
[2023-08-24T15:56:04.922+0100] {logging_mixin.py:151} INFO - [2023-08-24T15:56:04.922+0100] {dag.py:3677} INFO - Setting next_dagrun for example_sensor_decorator to None, run_after=None
[2023-08-24T15:56:05.045+0100] {processor.py:179} INFO - Processing /home/samuel/dev/airflow_learning/venv/lib/python3.10/site-packages/airflow/example_dags/example_sensor_decorator.py took 0.208 seconds
[2023-08-24T15:56:57.589+0100] {processor.py:157} INFO - Started process (PID=7859) to work on /home/samuel/dev/airflow_learning/venv/lib/python3.10/site-packages/airflow/example_dags/example_sensor_decorator.py
[2023-08-24T15:56:57.591+0100] {processor.py:829} INFO - Processing file /home/samuel/dev/airflow_learning/venv/lib/python3.10/site-packages/airflow/example_dags/example_sensor_decorator.py for tasks to queue
[2023-08-24T15:56:57.592+0100] {logging_mixin.py:151} INFO - [2023-08-24T15:56:57.591+0100] {dagbag.py:539} INFO - Filling up the DagBag from /home/samuel/dev/airflow_learning/venv/lib/python3.10/site-packages/airflow/example_dags/example_sensor_decorator.py
[2023-08-24T15:56:57.600+0100] {processor.py:839} INFO - DAG(s) dict_keys(['example_sensor_decorator']) retrieved from /home/samuel/dev/airflow_learning/venv/lib/python3.10/site-packages/airflow/example_dags/example_sensor_decorator.py
[2023-08-24T15:56:57.618+0100] {logging_mixin.py:151} INFO - [2023-08-24T15:56:57.618+0100] {dag.py:2907} INFO - Sync 1 DAGs
[2023-08-24T15:56:57.630+0100] {logging_mixin.py:151} INFO - [2023-08-24T15:56:57.629+0100] {dag.py:3677} INFO - Setting next_dagrun for example_sensor_decorator to None, run_after=None
[2023-08-24T15:56:57.745+0100] {processor.py:179} INFO - Processing /home/samuel/dev/airflow_learning/venv/lib/python3.10/site-packages/airflow/example_dags/example_sensor_decorator.py took 0.160 seconds
[2023-08-24T15:57:54.972+0100] {processor.py:157} INFO - Started process (PID=7914) to work on /home/samuel/dev/airflow_learning/venv/lib/python3.10/site-packages/airflow/example_dags/example_sensor_decorator.py
[2023-08-24T15:57:55.032+0100] {processor.py:829} INFO - Processing file /home/samuel/dev/airflow_learning/venv/lib/python3.10/site-packages/airflow/example_dags/example_sensor_decorator.py for tasks to queue
[2023-08-24T15:57:55.034+0100] {logging_mixin.py:151} INFO - [2023-08-24T15:57:55.033+0100] {dagbag.py:539} INFO - Filling up the DagBag from /home/samuel/dev/airflow_learning/venv/lib/python3.10/site-packages/airflow/example_dags/example_sensor_decorator.py
[2023-08-24T15:57:55.041+0100] {processor.py:839} INFO - DAG(s) dict_keys(['example_sensor_decorator']) retrieved from /home/samuel/dev/airflow_learning/venv/lib/python3.10/site-packages/airflow/example_dags/example_sensor_decorator.py
[2023-08-24T15:57:55.062+0100] {logging_mixin.py:151} INFO - [2023-08-24T15:57:55.061+0100] {dag.py:2907} INFO - Sync 1 DAGs
[2023-08-24T15:57:55.073+0100] {logging_mixin.py:151} INFO - [2023-08-24T15:57:55.073+0100] {dag.py:3677} INFO - Setting next_dagrun for example_sensor_decorator to None, run_after=None
[2023-08-24T15:57:55.182+0100] {processor.py:179} INFO - Processing /home/samuel/dev/airflow_learning/venv/lib/python3.10/site-packages/airflow/example_dags/example_sensor_decorator.py took 0.213 seconds
[2023-08-24T15:59:10.923+0100] {processor.py:157} INFO - Started process (PID=8009) to work on /home/samuel/dev/airflow_learning/venv/lib/python3.10/site-packages/airflow/example_dags/example_sensor_decorator.py
[2023-08-24T15:59:10.950+0100] {processor.py:829} INFO - Processing file /home/samuel/dev/airflow_learning/venv/lib/python3.10/site-packages/airflow/example_dags/example_sensor_decorator.py for tasks to queue
[2023-08-24T15:59:10.951+0100] {logging_mixin.py:151} INFO - [2023-08-24T15:59:10.951+0100] {dagbag.py:539} INFO - Filling up the DagBag from /home/samuel/dev/airflow_learning/venv/lib/python3.10/site-packages/airflow/example_dags/example_sensor_decorator.py
[2023-08-24T15:59:10.959+0100] {processor.py:839} INFO - DAG(s) dict_keys(['example_sensor_decorator']) retrieved from /home/samuel/dev/airflow_learning/venv/lib/python3.10/site-packages/airflow/example_dags/example_sensor_decorator.py
[2023-08-24T15:59:10.979+0100] {logging_mixin.py:151} INFO - [2023-08-24T15:59:10.979+0100] {dag.py:2907} INFO - Sync 1 DAGs
[2023-08-24T15:59:10.992+0100] {logging_mixin.py:151} INFO - [2023-08-24T15:59:10.992+0100] {dag.py:3677} INFO - Setting next_dagrun for example_sensor_decorator to None, run_after=None
[2023-08-24T15:59:11.116+0100] {processor.py:179} INFO - Processing /home/samuel/dev/airflow_learning/venv/lib/python3.10/site-packages/airflow/example_dags/example_sensor_decorator.py took 0.197 seconds
[2023-08-24T16:00:08.677+0100] {processor.py:157} INFO - Started process (PID=8236) to work on /home/samuel/dev/airflow_learning/venv/lib/python3.10/site-packages/airflow/example_dags/example_sensor_decorator.py
[2023-08-24T16:00:08.743+0100] {processor.py:829} INFO - Processing file /home/samuel/dev/airflow_learning/venv/lib/python3.10/site-packages/airflow/example_dags/example_sensor_decorator.py for tasks to queue
[2023-08-24T16:00:08.744+0100] {logging_mixin.py:151} INFO - [2023-08-24T16:00:08.743+0100] {dagbag.py:539} INFO - Filling up the DagBag from /home/samuel/dev/airflow_learning/venv/lib/python3.10/site-packages/airflow/example_dags/example_sensor_decorator.py
[2023-08-24T16:00:08.750+0100] {processor.py:839} INFO - DAG(s) dict_keys(['example_sensor_decorator']) retrieved from /home/samuel/dev/airflow_learning/venv/lib/python3.10/site-packages/airflow/example_dags/example_sensor_decorator.py
[2023-08-24T16:00:08.769+0100] {logging_mixin.py:151} INFO - [2023-08-24T16:00:08.768+0100] {dag.py:2907} INFO - Sync 1 DAGs
[2023-08-24T16:00:08.789+0100] {logging_mixin.py:151} INFO - [2023-08-24T16:00:08.789+0100] {dag.py:3677} INFO - Setting next_dagrun for example_sensor_decorator to None, run_after=None
[2023-08-24T16:00:09.166+0100] {processor.py:179} INFO - Processing /home/samuel/dev/airflow_learning/venv/lib/python3.10/site-packages/airflow/example_dags/example_sensor_decorator.py took 0.494 seconds
[2023-08-24T16:01:03.673+0100] {processor.py:157} INFO - Started process (PID=8337) to work on /home/samuel/dev/airflow_learning/venv/lib/python3.10/site-packages/airflow/example_dags/example_sensor_decorator.py
[2023-08-24T16:01:03.737+0100] {processor.py:829} INFO - Processing file /home/samuel/dev/airflow_learning/venv/lib/python3.10/site-packages/airflow/example_dags/example_sensor_decorator.py for tasks to queue
[2023-08-24T16:01:03.739+0100] {logging_mixin.py:151} INFO - [2023-08-24T16:01:03.738+0100] {dagbag.py:539} INFO - Filling up the DagBag from /home/samuel/dev/airflow_learning/venv/lib/python3.10/site-packages/airflow/example_dags/example_sensor_decorator.py
[2023-08-24T16:01:03.748+0100] {processor.py:839} INFO - DAG(s) dict_keys(['example_sensor_decorator']) retrieved from /home/samuel/dev/airflow_learning/venv/lib/python3.10/site-packages/airflow/example_dags/example_sensor_decorator.py
[2023-08-24T16:01:03.771+0100] {logging_mixin.py:151} INFO - [2023-08-24T16:01:03.770+0100] {dag.py:2907} INFO - Sync 1 DAGs
[2023-08-24T16:01:03.783+0100] {logging_mixin.py:151} INFO - [2023-08-24T16:01:03.783+0100] {dag.py:3677} INFO - Setting next_dagrun for example_sensor_decorator to None, run_after=None
[2023-08-24T16:01:03.918+0100] {processor.py:179} INFO - Processing /home/samuel/dev/airflow_learning/venv/lib/python3.10/site-packages/airflow/example_dags/example_sensor_decorator.py took 0.248 seconds
[2023-08-24T16:01:57.226+0100] {processor.py:157} INFO - Started process (PID=8420) to work on /home/samuel/dev/airflow_learning/venv/lib/python3.10/site-packages/airflow/example_dags/example_sensor_decorator.py
[2023-08-24T16:01:57.251+0100] {processor.py:829} INFO - Processing file /home/samuel/dev/airflow_learning/venv/lib/python3.10/site-packages/airflow/example_dags/example_sensor_decorator.py for tasks to queue
[2023-08-24T16:01:57.252+0100] {logging_mixin.py:151} INFO - [2023-08-24T16:01:57.251+0100] {dagbag.py:539} INFO - Filling up the DagBag from /home/samuel/dev/airflow_learning/venv/lib/python3.10/site-packages/airflow/example_dags/example_sensor_decorator.py
[2023-08-24T16:01:57.259+0100] {processor.py:839} INFO - DAG(s) dict_keys(['example_sensor_decorator']) retrieved from /home/samuel/dev/airflow_learning/venv/lib/python3.10/site-packages/airflow/example_dags/example_sensor_decorator.py
[2023-08-24T16:01:57.274+0100] {logging_mixin.py:151} INFO - [2023-08-24T16:01:57.274+0100] {dag.py:2907} INFO - Sync 1 DAGs
[2023-08-24T16:01:57.287+0100] {logging_mixin.py:151} INFO - [2023-08-24T16:01:57.287+0100] {dag.py:3677} INFO - Setting next_dagrun for example_sensor_decorator to None, run_after=None
[2023-08-24T16:01:57.395+0100] {processor.py:179} INFO - Processing /home/samuel/dev/airflow_learning/venv/lib/python3.10/site-packages/airflow/example_dags/example_sensor_decorator.py took 0.172 seconds
[2023-08-24T16:02:49.909+0100] {processor.py:157} INFO - Started process (PID=8484) to work on /home/samuel/dev/airflow_learning/venv/lib/python3.10/site-packages/airflow/example_dags/example_sensor_decorator.py
[2023-08-24T16:02:49.955+0100] {processor.py:829} INFO - Processing file /home/samuel/dev/airflow_learning/venv/lib/python3.10/site-packages/airflow/example_dags/example_sensor_decorator.py for tasks to queue
[2023-08-24T16:02:49.956+0100] {logging_mixin.py:151} INFO - [2023-08-24T16:02:49.956+0100] {dagbag.py:539} INFO - Filling up the DagBag from /home/samuel/dev/airflow_learning/venv/lib/python3.10/site-packages/airflow/example_dags/example_sensor_decorator.py
[2023-08-24T16:02:49.964+0100] {processor.py:839} INFO - DAG(s) dict_keys(['example_sensor_decorator']) retrieved from /home/samuel/dev/airflow_learning/venv/lib/python3.10/site-packages/airflow/example_dags/example_sensor_decorator.py
[2023-08-24T16:02:49.983+0100] {logging_mixin.py:151} INFO - [2023-08-24T16:02:49.983+0100] {dag.py:2907} INFO - Sync 1 DAGs
[2023-08-24T16:02:49.996+0100] {logging_mixin.py:151} INFO - [2023-08-24T16:02:49.996+0100] {dag.py:3677} INFO - Setting next_dagrun for example_sensor_decorator to None, run_after=None
[2023-08-24T16:02:50.100+0100] {processor.py:179} INFO - Processing /home/samuel/dev/airflow_learning/venv/lib/python3.10/site-packages/airflow/example_dags/example_sensor_decorator.py took 0.195 seconds
[2023-08-24T16:03:40.785+0100] {processor.py:157} INFO - Started process (PID=8557) to work on /home/samuel/dev/airflow_learning/venv/lib/python3.10/site-packages/airflow/example_dags/example_sensor_decorator.py
[2023-08-24T16:03:40.815+0100] {processor.py:829} INFO - Processing file /home/samuel/dev/airflow_learning/venv/lib/python3.10/site-packages/airflow/example_dags/example_sensor_decorator.py for tasks to queue
[2023-08-24T16:03:40.816+0100] {logging_mixin.py:151} INFO - [2023-08-24T16:03:40.816+0100] {dagbag.py:539} INFO - Filling up the DagBag from /home/samuel/dev/airflow_learning/venv/lib/python3.10/site-packages/airflow/example_dags/example_sensor_decorator.py
[2023-08-24T16:03:40.824+0100] {processor.py:839} INFO - DAG(s) dict_keys(['example_sensor_decorator']) retrieved from /home/samuel/dev/airflow_learning/venv/lib/python3.10/site-packages/airflow/example_dags/example_sensor_decorator.py
[2023-08-24T16:03:40.848+0100] {logging_mixin.py:151} INFO - [2023-08-24T16:03:40.847+0100] {dag.py:2907} INFO - Sync 1 DAGs
[2023-08-24T16:03:40.861+0100] {logging_mixin.py:151} INFO - [2023-08-24T16:03:40.861+0100] {dag.py:3677} INFO - Setting next_dagrun for example_sensor_decorator to None, run_after=None
[2023-08-24T16:03:40.959+0100] {processor.py:179} INFO - Processing /home/samuel/dev/airflow_learning/venv/lib/python3.10/site-packages/airflow/example_dags/example_sensor_decorator.py took 0.178 seconds
