[2023-08-24T15:22:08.687+0100] {processor.py:157} INFO - Started process (PID=5346) to work on /home/samuel/dev/airflow_learning/venv/lib/python3.10/site-packages/airflow/example_dags/example_sla_dag.py
[2023-08-24T15:22:08.688+0100] {processor.py:829} INFO - Processing file /home/samuel/dev/airflow_learning/venv/lib/python3.10/site-packages/airflow/example_dags/example_sla_dag.py for tasks to queue
[2023-08-24T15:22:08.689+0100] {logging_mixin.py:151} INFO - [2023-08-24T15:22:08.689+0100] {dagbag.py:539} INFO - Filling up the DagBag from /home/samuel/dev/airflow_learning/venv/lib/python3.10/site-packages/airflow/example_dags/example_sla_dag.py
[2023-08-24T15:22:08.700+0100] {processor.py:839} INFO - DAG(s) dict_keys(['example_sla_dag']) retrieved from /home/samuel/dev/airflow_learning/venv/lib/python3.10/site-packages/airflow/example_dags/example_sla_dag.py
[2023-08-24T15:22:09.020+0100] {logging_mixin.py:151} INFO - [2023-08-24T15:22:09.020+0100] {manager.py:501} INFO - Created Permission View: can edit on DAG:example_sla_dag
[2023-08-24T15:22:09.131+0100] {logging_mixin.py:151} INFO - [2023-08-24T15:22:09.130+0100] {manager.py:501} INFO - Created Permission View: can delete on DAG:example_sla_dag
[2023-08-24T15:22:09.232+0100] {logging_mixin.py:151} INFO - [2023-08-24T15:22:09.231+0100] {manager.py:501} INFO - Created Permission View: can read on DAG:example_sla_dag
[2023-08-24T15:22:09.260+0100] {logging_mixin.py:151} INFO - [2023-08-24T15:22:09.260+0100] {dag.py:2907} INFO - Sync 1 DAGs
[2023-08-24T15:22:09.279+0100] {logging_mixin.py:151} INFO - [2023-08-24T15:22:09.279+0100] {dag.py:2929} INFO - Creating ORM DAG for example_sla_dag
[2023-08-24T15:22:09.304+0100] {logging_mixin.py:151} INFO - [2023-08-24T15:22:09.304+0100] {dag.py:3677} INFO - Setting next_dagrun for example_sla_dag to 2023-08-24T14:20:00+00:00, run_after=2023-08-24T14:22:00+00:00
[2023-08-24T15:22:09.517+0100] {processor.py:179} INFO - Processing /home/samuel/dev/airflow_learning/venv/lib/python3.10/site-packages/airflow/example_dags/example_sla_dag.py took 0.834 seconds
[2023-08-24T15:23:31.280+0100] {processor.py:157} INFO - Started process (PID=5407) to work on /home/samuel/dev/airflow_learning/venv/lib/python3.10/site-packages/airflow/example_dags/example_sla_dag.py
[2023-08-24T15:23:31.315+0100] {processor.py:829} INFO - Processing file /home/samuel/dev/airflow_learning/venv/lib/python3.10/site-packages/airflow/example_dags/example_sla_dag.py for tasks to queue
[2023-08-24T15:23:31.316+0100] {logging_mixin.py:151} INFO - [2023-08-24T15:23:31.315+0100] {dagbag.py:539} INFO - Filling up the DagBag from /home/samuel/dev/airflow_learning/venv/lib/python3.10/site-packages/airflow/example_dags/example_sla_dag.py
[2023-08-24T15:23:31.327+0100] {processor.py:839} INFO - DAG(s) dict_keys(['example_sla_dag']) retrieved from /home/samuel/dev/airflow_learning/venv/lib/python3.10/site-packages/airflow/example_dags/example_sla_dag.py
[2023-08-24T15:23:31.348+0100] {logging_mixin.py:151} INFO - [2023-08-24T15:23:31.347+0100] {dag.py:2907} INFO - Sync 1 DAGs
[2023-08-24T15:23:31.375+0100] {logging_mixin.py:151} INFO - [2023-08-24T15:23:31.375+0100] {dag.py:3677} INFO - Setting next_dagrun for example_sla_dag to 2023-08-24T14:20:00+00:00, run_after=2023-08-24T14:22:00+00:00
[2023-08-24T15:23:31.491+0100] {processor.py:179} INFO - Processing /home/samuel/dev/airflow_learning/venv/lib/python3.10/site-packages/airflow/example_dags/example_sla_dag.py took 0.214 seconds
[2023-08-24T15:24:27.196+0100] {processor.py:157} INFO - Started process (PID=5467) to work on /home/samuel/dev/airflow_learning/venv/lib/python3.10/site-packages/airflow/example_dags/example_sla_dag.py
[2023-08-24T15:24:27.199+0100] {processor.py:829} INFO - Processing file /home/samuel/dev/airflow_learning/venv/lib/python3.10/site-packages/airflow/example_dags/example_sla_dag.py for tasks to queue
[2023-08-24T15:24:27.202+0100] {logging_mixin.py:151} INFO - [2023-08-24T15:24:27.200+0100] {dagbag.py:539} INFO - Filling up the DagBag from /home/samuel/dev/airflow_learning/venv/lib/python3.10/site-packages/airflow/example_dags/example_sla_dag.py
[2023-08-24T15:24:27.218+0100] {processor.py:839} INFO - DAG(s) dict_keys(['example_sla_dag']) retrieved from /home/samuel/dev/airflow_learning/venv/lib/python3.10/site-packages/airflow/example_dags/example_sla_dag.py
[2023-08-24T15:24:27.245+0100] {logging_mixin.py:151} INFO - [2023-08-24T15:24:27.244+0100] {dag.py:2907} INFO - Sync 1 DAGs
[2023-08-24T15:24:27.282+0100] {logging_mixin.py:151} INFO - [2023-08-24T15:24:27.281+0100] {dag.py:3677} INFO - Setting next_dagrun for example_sla_dag to 2023-08-24T14:22:00+00:00, run_after=2023-08-24T14:24:00+00:00
[2023-08-24T15:24:27.398+0100] {processor.py:179} INFO - Processing /home/samuel/dev/airflow_learning/venv/lib/python3.10/site-packages/airflow/example_dags/example_sla_dag.py took 0.207 seconds
[2023-08-24T15:25:16.552+0100] {processor.py:157} INFO - Started process (PID=5517) to work on /home/samuel/dev/airflow_learning/venv/lib/python3.10/site-packages/airflow/example_dags/example_sla_dag.py
[2023-08-24T15:25:16.568+0100] {processor.py:829} INFO - Processing file /home/samuel/dev/airflow_learning/venv/lib/python3.10/site-packages/airflow/example_dags/example_sla_dag.py for tasks to queue
[2023-08-24T15:25:16.569+0100] {logging_mixin.py:151} INFO - [2023-08-24T15:25:16.569+0100] {dagbag.py:539} INFO - Filling up the DagBag from /home/samuel/dev/airflow_learning/venv/lib/python3.10/site-packages/airflow/example_dags/example_sla_dag.py
[2023-08-24T15:25:16.581+0100] {processor.py:839} INFO - DAG(s) dict_keys(['example_sla_dag']) retrieved from /home/samuel/dev/airflow_learning/venv/lib/python3.10/site-packages/airflow/example_dags/example_sla_dag.py
[2023-08-24T15:25:16.601+0100] {logging_mixin.py:151} INFO - [2023-08-24T15:25:16.600+0100] {dag.py:2907} INFO - Sync 1 DAGs
[2023-08-24T15:25:16.626+0100] {logging_mixin.py:151} INFO - [2023-08-24T15:25:16.626+0100] {dag.py:3677} INFO - Setting next_dagrun for example_sla_dag to 2023-08-24T14:22:00+00:00, run_after=2023-08-24T14:24:00+00:00
[2023-08-24T15:25:16.739+0100] {processor.py:179} INFO - Processing /home/samuel/dev/airflow_learning/venv/lib/python3.10/site-packages/airflow/example_dags/example_sla_dag.py took 0.191 seconds
[2023-08-24T15:26:09.605+0100] {processor.py:157} INFO - Started process (PID=5569) to work on /home/samuel/dev/airflow_learning/venv/lib/python3.10/site-packages/airflow/example_dags/example_sla_dag.py
[2023-08-24T15:26:09.608+0100] {processor.py:829} INFO - Processing file /home/samuel/dev/airflow_learning/venv/lib/python3.10/site-packages/airflow/example_dags/example_sla_dag.py for tasks to queue
[2023-08-24T15:26:09.609+0100] {logging_mixin.py:151} INFO - [2023-08-24T15:26:09.609+0100] {dagbag.py:539} INFO - Filling up the DagBag from /home/samuel/dev/airflow_learning/venv/lib/python3.10/site-packages/airflow/example_dags/example_sla_dag.py
[2023-08-24T15:26:09.620+0100] {processor.py:839} INFO - DAG(s) dict_keys(['example_sla_dag']) retrieved from /home/samuel/dev/airflow_learning/venv/lib/python3.10/site-packages/airflow/example_dags/example_sla_dag.py
[2023-08-24T15:26:09.637+0100] {logging_mixin.py:151} INFO - [2023-08-24T15:26:09.637+0100] {dag.py:2907} INFO - Sync 1 DAGs
[2023-08-24T15:26:09.660+0100] {logging_mixin.py:151} INFO - [2023-08-24T15:26:09.659+0100] {dag.py:3677} INFO - Setting next_dagrun for example_sla_dag to 2023-08-24T14:24:00+00:00, run_after=2023-08-24T14:26:00+00:00
[2023-08-24T15:26:09.796+0100] {processor.py:179} INFO - Processing /home/samuel/dev/airflow_learning/venv/lib/python3.10/site-packages/airflow/example_dags/example_sla_dag.py took 0.194 seconds
[2023-08-24T15:27:05.424+0100] {processor.py:157} INFO - Started process (PID=5620) to work on /home/samuel/dev/airflow_learning/venv/lib/python3.10/site-packages/airflow/example_dags/example_sla_dag.py
[2023-08-24T15:27:05.427+0100] {processor.py:829} INFO - Processing file /home/samuel/dev/airflow_learning/venv/lib/python3.10/site-packages/airflow/example_dags/example_sla_dag.py for tasks to queue
[2023-08-24T15:27:05.428+0100] {logging_mixin.py:151} INFO - [2023-08-24T15:27:05.427+0100] {dagbag.py:539} INFO - Filling up the DagBag from /home/samuel/dev/airflow_learning/venv/lib/python3.10/site-packages/airflow/example_dags/example_sla_dag.py
[2023-08-24T15:27:05.437+0100] {processor.py:839} INFO - DAG(s) dict_keys(['example_sla_dag']) retrieved from /home/samuel/dev/airflow_learning/venv/lib/python3.10/site-packages/airflow/example_dags/example_sla_dag.py
[2023-08-24T15:27:05.455+0100] {logging_mixin.py:151} INFO - [2023-08-24T15:27:05.455+0100] {dag.py:2907} INFO - Sync 1 DAGs
[2023-08-24T15:27:05.481+0100] {logging_mixin.py:151} INFO - [2023-08-24T15:27:05.481+0100] {dag.py:3677} INFO - Setting next_dagrun for example_sla_dag to 2023-08-24T14:24:00+00:00, run_after=2023-08-24T14:26:00+00:00
[2023-08-24T15:27:05.613+0100] {processor.py:179} INFO - Processing /home/samuel/dev/airflow_learning/venv/lib/python3.10/site-packages/airflow/example_dags/example_sla_dag.py took 0.192 seconds
[2023-08-24T15:27:59.667+0100] {processor.py:157} INFO - Started process (PID=5674) to work on /home/samuel/dev/airflow_learning/venv/lib/python3.10/site-packages/airflow/example_dags/example_sla_dag.py
[2023-08-24T15:27:59.693+0100] {processor.py:829} INFO - Processing file /home/samuel/dev/airflow_learning/venv/lib/python3.10/site-packages/airflow/example_dags/example_sla_dag.py for tasks to queue
[2023-08-24T15:27:59.695+0100] {logging_mixin.py:151} INFO - [2023-08-24T15:27:59.694+0100] {dagbag.py:539} INFO - Filling up the DagBag from /home/samuel/dev/airflow_learning/venv/lib/python3.10/site-packages/airflow/example_dags/example_sla_dag.py
[2023-08-24T15:27:59.705+0100] {processor.py:839} INFO - DAG(s) dict_keys(['example_sla_dag']) retrieved from /home/samuel/dev/airflow_learning/venv/lib/python3.10/site-packages/airflow/example_dags/example_sla_dag.py
[2023-08-24T15:27:59.726+0100] {logging_mixin.py:151} INFO - [2023-08-24T15:27:59.726+0100] {dag.py:2907} INFO - Sync 1 DAGs
[2023-08-24T15:27:59.751+0100] {logging_mixin.py:151} INFO - [2023-08-24T15:27:59.751+0100] {dag.py:3677} INFO - Setting next_dagrun for example_sla_dag to 2023-08-24T14:24:00+00:00, run_after=2023-08-24T14:26:00+00:00
[2023-08-24T15:27:59.865+0100] {processor.py:179} INFO - Processing /home/samuel/dev/airflow_learning/venv/lib/python3.10/site-packages/airflow/example_dags/example_sla_dag.py took 0.201 seconds
[2023-08-24T15:28:55.029+0100] {processor.py:157} INFO - Started process (PID=5731) to work on /home/samuel/dev/airflow_learning/venv/lib/python3.10/site-packages/airflow/example_dags/example_sla_dag.py
[2023-08-24T15:28:55.054+0100] {processor.py:829} INFO - Processing file /home/samuel/dev/airflow_learning/venv/lib/python3.10/site-packages/airflow/example_dags/example_sla_dag.py for tasks to queue
[2023-08-24T15:28:55.055+0100] {logging_mixin.py:151} INFO - [2023-08-24T15:28:55.054+0100] {dagbag.py:539} INFO - Filling up the DagBag from /home/samuel/dev/airflow_learning/venv/lib/python3.10/site-packages/airflow/example_dags/example_sla_dag.py
[2023-08-24T15:28:55.066+0100] {processor.py:839} INFO - DAG(s) dict_keys(['example_sla_dag']) retrieved from /home/samuel/dev/airflow_learning/venv/lib/python3.10/site-packages/airflow/example_dags/example_sla_dag.py
[2023-08-24T15:28:55.086+0100] {logging_mixin.py:151} INFO - [2023-08-24T15:28:55.085+0100] {dag.py:2907} INFO - Sync 1 DAGs
[2023-08-24T15:28:55.110+0100] {logging_mixin.py:151} INFO - [2023-08-24T15:28:55.110+0100] {dag.py:3677} INFO - Setting next_dagrun for example_sla_dag to 2023-08-24T14:26:00+00:00, run_after=2023-08-24T14:28:00+00:00
[2023-08-24T15:28:55.236+0100] {processor.py:179} INFO - Processing /home/samuel/dev/airflow_learning/venv/lib/python3.10/site-packages/airflow/example_dags/example_sla_dag.py took 0.210 seconds
[2023-08-24T15:29:47.651+0100] {processor.py:157} INFO - Started process (PID=5801) to work on /home/samuel/dev/airflow_learning/venv/lib/python3.10/site-packages/airflow/example_dags/example_sla_dag.py
[2023-08-24T15:29:47.714+0100] {processor.py:829} INFO - Processing file /home/samuel/dev/airflow_learning/venv/lib/python3.10/site-packages/airflow/example_dags/example_sla_dag.py for tasks to queue
[2023-08-24T15:29:47.715+0100] {logging_mixin.py:151} INFO - [2023-08-24T15:29:47.715+0100] {dagbag.py:539} INFO - Filling up the DagBag from /home/samuel/dev/airflow_learning/venv/lib/python3.10/site-packages/airflow/example_dags/example_sla_dag.py
[2023-08-24T15:29:47.727+0100] {processor.py:839} INFO - DAG(s) dict_keys(['example_sla_dag']) retrieved from /home/samuel/dev/airflow_learning/venv/lib/python3.10/site-packages/airflow/example_dags/example_sla_dag.py
[2023-08-24T15:29:48.684+0100] {logging_mixin.py:151} INFO - [2023-08-24T15:29:48.683+0100] {dag.py:2907} INFO - Sync 1 DAGs
[2023-08-24T15:29:49.287+0100] {logging_mixin.py:151} INFO - [2023-08-24T15:29:49.287+0100] {dag.py:3677} INFO - Setting next_dagrun for example_sla_dag to 2023-08-24T14:26:00+00:00, run_after=2023-08-24T14:28:00+00:00
[2023-08-24T15:29:50.293+0100] {processor.py:179} INFO - Processing /home/samuel/dev/airflow_learning/venv/lib/python3.10/site-packages/airflow/example_dags/example_sla_dag.py took 2.646 seconds
[2023-08-24T15:31:03.095+0100] {processor.py:157} INFO - Started process (PID=5969) to work on /home/samuel/dev/airflow_learning/venv/lib/python3.10/site-packages/airflow/example_dags/example_sla_dag.py
[2023-08-24T15:31:03.106+0100] {processor.py:829} INFO - Processing file /home/samuel/dev/airflow_learning/venv/lib/python3.10/site-packages/airflow/example_dags/example_sla_dag.py for tasks to queue
[2023-08-24T15:31:03.107+0100] {logging_mixin.py:151} INFO - [2023-08-24T15:31:03.107+0100] {dagbag.py:539} INFO - Filling up the DagBag from /home/samuel/dev/airflow_learning/venv/lib/python3.10/site-packages/airflow/example_dags/example_sla_dag.py
[2023-08-24T15:31:03.121+0100] {processor.py:839} INFO - DAG(s) dict_keys(['example_sla_dag']) retrieved from /home/samuel/dev/airflow_learning/venv/lib/python3.10/site-packages/airflow/example_dags/example_sla_dag.py
[2023-08-24T15:31:03.149+0100] {logging_mixin.py:151} INFO - [2023-08-24T15:31:03.148+0100] {dag.py:2907} INFO - Sync 1 DAGs
[2023-08-24T15:31:03.191+0100] {logging_mixin.py:151} INFO - [2023-08-24T15:31:03.191+0100] {dag.py:3677} INFO - Setting next_dagrun for example_sla_dag to 2023-08-24T14:28:00+00:00, run_after=2023-08-24T14:30:00+00:00
[2023-08-24T15:31:03.568+0100] {processor.py:179} INFO - Processing /home/samuel/dev/airflow_learning/venv/lib/python3.10/site-packages/airflow/example_dags/example_sla_dag.py took 0.477 seconds
[2023-08-24T15:31:51.147+0100] {processor.py:157} INFO - Started process (PID=6058) to work on /home/samuel/dev/airflow_learning/venv/lib/python3.10/site-packages/airflow/example_dags/example_sla_dag.py
[2023-08-24T15:31:51.188+0100] {processor.py:829} INFO - Processing file /home/samuel/dev/airflow_learning/venv/lib/python3.10/site-packages/airflow/example_dags/example_sla_dag.py for tasks to queue
[2023-08-24T15:31:51.190+0100] {logging_mixin.py:151} INFO - [2023-08-24T15:31:51.189+0100] {dagbag.py:539} INFO - Filling up the DagBag from /home/samuel/dev/airflow_learning/venv/lib/python3.10/site-packages/airflow/example_dags/example_sla_dag.py
[2023-08-24T15:31:51.201+0100] {processor.py:839} INFO - DAG(s) dict_keys(['example_sla_dag']) retrieved from /home/samuel/dev/airflow_learning/venv/lib/python3.10/site-packages/airflow/example_dags/example_sla_dag.py
[2023-08-24T15:31:51.221+0100] {logging_mixin.py:151} INFO - [2023-08-24T15:31:51.221+0100] {dag.py:2907} INFO - Sync 1 DAGs
[2023-08-24T15:31:51.251+0100] {logging_mixin.py:151} INFO - [2023-08-24T15:31:51.251+0100] {dag.py:3677} INFO - Setting next_dagrun for example_sla_dag to 2023-08-24T14:28:00+00:00, run_after=2023-08-24T14:30:00+00:00
[2023-08-24T15:31:51.494+0100] {processor.py:179} INFO - Processing /home/samuel/dev/airflow_learning/venv/lib/python3.10/site-packages/airflow/example_dags/example_sla_dag.py took 0.351 seconds
[2023-08-24T15:32:45.478+0100] {processor.py:157} INFO - Started process (PID=6117) to work on /home/samuel/dev/airflow_learning/venv/lib/python3.10/site-packages/airflow/example_dags/example_sla_dag.py
[2023-08-24T15:32:45.504+0100] {processor.py:829} INFO - Processing file /home/samuel/dev/airflow_learning/venv/lib/python3.10/site-packages/airflow/example_dags/example_sla_dag.py for tasks to queue
[2023-08-24T15:32:45.505+0100] {logging_mixin.py:151} INFO - [2023-08-24T15:32:45.505+0100] {dagbag.py:539} INFO - Filling up the DagBag from /home/samuel/dev/airflow_learning/venv/lib/python3.10/site-packages/airflow/example_dags/example_sla_dag.py
[2023-08-24T15:32:45.516+0100] {processor.py:839} INFO - DAG(s) dict_keys(['example_sla_dag']) retrieved from /home/samuel/dev/airflow_learning/venv/lib/python3.10/site-packages/airflow/example_dags/example_sla_dag.py
[2023-08-24T15:32:45.537+0100] {logging_mixin.py:151} INFO - [2023-08-24T15:32:45.536+0100] {dag.py:2907} INFO - Sync 1 DAGs
[2023-08-24T15:32:45.562+0100] {logging_mixin.py:151} INFO - [2023-08-24T15:32:45.561+0100] {dag.py:3677} INFO - Setting next_dagrun for example_sla_dag to 2023-08-24T14:30:00+00:00, run_after=2023-08-24T14:32:00+00:00
[2023-08-24T15:32:45.678+0100] {processor.py:179} INFO - Processing /home/samuel/dev/airflow_learning/venv/lib/python3.10/site-packages/airflow/example_dags/example_sla_dag.py took 0.203 seconds
[2023-08-24T15:33:37.939+0100] {processor.py:157} INFO - Started process (PID=6174) to work on /home/samuel/dev/airflow_learning/venv/lib/python3.10/site-packages/airflow/example_dags/example_sla_dag.py
[2023-08-24T15:33:37.956+0100] {processor.py:829} INFO - Processing file /home/samuel/dev/airflow_learning/venv/lib/python3.10/site-packages/airflow/example_dags/example_sla_dag.py for tasks to queue
[2023-08-24T15:33:37.957+0100] {logging_mixin.py:151} INFO - [2023-08-24T15:33:37.956+0100] {dagbag.py:539} INFO - Filling up the DagBag from /home/samuel/dev/airflow_learning/venv/lib/python3.10/site-packages/airflow/example_dags/example_sla_dag.py
[2023-08-24T15:33:37.968+0100] {processor.py:839} INFO - DAG(s) dict_keys(['example_sla_dag']) retrieved from /home/samuel/dev/airflow_learning/venv/lib/python3.10/site-packages/airflow/example_dags/example_sla_dag.py
[2023-08-24T15:33:37.988+0100] {logging_mixin.py:151} INFO - [2023-08-24T15:33:37.987+0100] {dag.py:2907} INFO - Sync 1 DAGs
[2023-08-24T15:33:38.011+0100] {logging_mixin.py:151} INFO - [2023-08-24T15:33:38.011+0100] {dag.py:3677} INFO - Setting next_dagrun for example_sla_dag to 2023-08-24T14:30:00+00:00, run_after=2023-08-24T14:32:00+00:00
[2023-08-24T15:33:38.112+0100] {processor.py:179} INFO - Processing /home/samuel/dev/airflow_learning/venv/lib/python3.10/site-packages/airflow/example_dags/example_sla_dag.py took 0.178 seconds
[2023-08-24T15:34:41.289+0100] {processor.py:157} INFO - Started process (PID=6237) to work on /home/samuel/dev/airflow_learning/venv/lib/python3.10/site-packages/airflow/example_dags/example_sla_dag.py
[2023-08-24T15:34:41.305+0100] {processor.py:829} INFO - Processing file /home/samuel/dev/airflow_learning/venv/lib/python3.10/site-packages/airflow/example_dags/example_sla_dag.py for tasks to queue
[2023-08-24T15:34:41.306+0100] {logging_mixin.py:151} INFO - [2023-08-24T15:34:41.306+0100] {dagbag.py:539} INFO - Filling up the DagBag from /home/samuel/dev/airflow_learning/venv/lib/python3.10/site-packages/airflow/example_dags/example_sla_dag.py
[2023-08-24T15:34:41.318+0100] {processor.py:839} INFO - DAG(s) dict_keys(['example_sla_dag']) retrieved from /home/samuel/dev/airflow_learning/venv/lib/python3.10/site-packages/airflow/example_dags/example_sla_dag.py
[2023-08-24T15:34:41.337+0100] {logging_mixin.py:151} INFO - [2023-08-24T15:34:41.337+0100] {dag.py:2907} INFO - Sync 1 DAGs
[2023-08-24T15:34:41.362+0100] {logging_mixin.py:151} INFO - [2023-08-24T15:34:41.361+0100] {dag.py:3677} INFO - Setting next_dagrun for example_sla_dag to 2023-08-24T14:32:00+00:00, run_after=2023-08-24T14:34:00+00:00
[2023-08-24T15:34:41.473+0100] {processor.py:179} INFO - Processing /home/samuel/dev/airflow_learning/venv/lib/python3.10/site-packages/airflow/example_dags/example_sla_dag.py took 0.187 seconds
[2023-08-24T15:35:43.554+0100] {processor.py:157} INFO - Started process (PID=6305) to work on /home/samuel/dev/airflow_learning/venv/lib/python3.10/site-packages/airflow/example_dags/example_sla_dag.py
[2023-08-24T15:35:43.571+0100] {processor.py:829} INFO - Processing file /home/samuel/dev/airflow_learning/venv/lib/python3.10/site-packages/airflow/example_dags/example_sla_dag.py for tasks to queue
[2023-08-24T15:35:43.572+0100] {logging_mixin.py:151} INFO - [2023-08-24T15:35:43.572+0100] {dagbag.py:539} INFO - Filling up the DagBag from /home/samuel/dev/airflow_learning/venv/lib/python3.10/site-packages/airflow/example_dags/example_sla_dag.py
[2023-08-24T15:35:43.583+0100] {processor.py:839} INFO - DAG(s) dict_keys(['example_sla_dag']) retrieved from /home/samuel/dev/airflow_learning/venv/lib/python3.10/site-packages/airflow/example_dags/example_sla_dag.py
[2023-08-24T15:35:43.602+0100] {logging_mixin.py:151} INFO - [2023-08-24T15:35:43.602+0100] {dag.py:2907} INFO - Sync 1 DAGs
[2023-08-24T15:35:43.628+0100] {logging_mixin.py:151} INFO - [2023-08-24T15:35:43.628+0100] {dag.py:3677} INFO - Setting next_dagrun for example_sla_dag to 2023-08-24T14:32:00+00:00, run_after=2023-08-24T14:34:00+00:00
[2023-08-24T15:35:43.731+0100] {processor.py:179} INFO - Processing /home/samuel/dev/airflow_learning/venv/lib/python3.10/site-packages/airflow/example_dags/example_sla_dag.py took 0.181 seconds
[2023-08-24T15:36:38.893+0100] {processor.py:157} INFO - Started process (PID=6364) to work on /home/samuel/dev/airflow_learning/venv/lib/python3.10/site-packages/airflow/example_dags/example_sla_dag.py
[2023-08-24T15:36:38.895+0100] {processor.py:829} INFO - Processing file /home/samuel/dev/airflow_learning/venv/lib/python3.10/site-packages/airflow/example_dags/example_sla_dag.py for tasks to queue
[2023-08-24T15:36:38.897+0100] {logging_mixin.py:151} INFO - [2023-08-24T15:36:38.896+0100] {dagbag.py:539} INFO - Filling up the DagBag from /home/samuel/dev/airflow_learning/venv/lib/python3.10/site-packages/airflow/example_dags/example_sla_dag.py
[2023-08-24T15:36:38.908+0100] {processor.py:839} INFO - DAG(s) dict_keys(['example_sla_dag']) retrieved from /home/samuel/dev/airflow_learning/venv/lib/python3.10/site-packages/airflow/example_dags/example_sla_dag.py
[2023-08-24T15:36:38.927+0100] {logging_mixin.py:151} INFO - [2023-08-24T15:36:38.927+0100] {dag.py:2907} INFO - Sync 1 DAGs
[2023-08-24T15:36:38.952+0100] {logging_mixin.py:151} INFO - [2023-08-24T15:36:38.952+0100] {dag.py:3677} INFO - Setting next_dagrun for example_sla_dag to 2023-08-24T14:34:00+00:00, run_after=2023-08-24T14:36:00+00:00
[2023-08-24T15:36:39.096+0100] {processor.py:179} INFO - Processing /home/samuel/dev/airflow_learning/venv/lib/python3.10/site-packages/airflow/example_dags/example_sla_dag.py took 0.206 seconds
[2023-08-24T15:37:50.775+0100] {processor.py:157} INFO - Started process (PID=6425) to work on /home/samuel/dev/airflow_learning/venv/lib/python3.10/site-packages/airflow/example_dags/example_sla_dag.py
[2023-08-24T15:37:50.830+0100] {processor.py:829} INFO - Processing file /home/samuel/dev/airflow_learning/venv/lib/python3.10/site-packages/airflow/example_dags/example_sla_dag.py for tasks to queue
[2023-08-24T15:37:50.831+0100] {logging_mixin.py:151} INFO - [2023-08-24T15:37:50.831+0100] {dagbag.py:539} INFO - Filling up the DagBag from /home/samuel/dev/airflow_learning/venv/lib/python3.10/site-packages/airflow/example_dags/example_sla_dag.py
[2023-08-24T15:37:50.840+0100] {processor.py:839} INFO - DAG(s) dict_keys(['example_sla_dag']) retrieved from /home/samuel/dev/airflow_learning/venv/lib/python3.10/site-packages/airflow/example_dags/example_sla_dag.py
[2023-08-24T15:37:50.856+0100] {logging_mixin.py:151} INFO - [2023-08-24T15:37:50.856+0100] {dag.py:2907} INFO - Sync 1 DAGs
[2023-08-24T15:37:50.882+0100] {logging_mixin.py:151} INFO - [2023-08-24T15:37:50.881+0100] {dag.py:3677} INFO - Setting next_dagrun for example_sla_dag to 2023-08-24T14:34:00+00:00, run_after=2023-08-24T14:36:00+00:00
[2023-08-24T15:37:50.996+0100] {processor.py:179} INFO - Processing /home/samuel/dev/airflow_learning/venv/lib/python3.10/site-packages/airflow/example_dags/example_sla_dag.py took 0.225 seconds
[2023-08-24T15:38:48.513+0100] {processor.py:157} INFO - Started process (PID=6480) to work on /home/samuel/dev/airflow_learning/venv/lib/python3.10/site-packages/airflow/example_dags/example_sla_dag.py
[2023-08-24T15:38:48.544+0100] {processor.py:829} INFO - Processing file /home/samuel/dev/airflow_learning/venv/lib/python3.10/site-packages/airflow/example_dags/example_sla_dag.py for tasks to queue
[2023-08-24T15:38:48.545+0100] {logging_mixin.py:151} INFO - [2023-08-24T15:38:48.545+0100] {dagbag.py:539} INFO - Filling up the DagBag from /home/samuel/dev/airflow_learning/venv/lib/python3.10/site-packages/airflow/example_dags/example_sla_dag.py
[2023-08-24T15:38:48.557+0100] {processor.py:839} INFO - DAG(s) dict_keys(['example_sla_dag']) retrieved from /home/samuel/dev/airflow_learning/venv/lib/python3.10/site-packages/airflow/example_dags/example_sla_dag.py
[2023-08-24T15:38:48.575+0100] {logging_mixin.py:151} INFO - [2023-08-24T15:38:48.575+0100] {dag.py:2907} INFO - Sync 1 DAGs
[2023-08-24T15:38:48.599+0100] {logging_mixin.py:151} INFO - [2023-08-24T15:38:48.598+0100] {dag.py:3677} INFO - Setting next_dagrun for example_sla_dag to 2023-08-24T14:36:00+00:00, run_after=2023-08-24T14:38:00+00:00
[2023-08-24T15:38:48.699+0100] {processor.py:179} INFO - Processing /home/samuel/dev/airflow_learning/venv/lib/python3.10/site-packages/airflow/example_dags/example_sla_dag.py took 0.190 seconds
[2023-08-24T15:39:40.468+0100] {processor.py:157} INFO - Started process (PID=6533) to work on /home/samuel/dev/airflow_learning/venv/lib/python3.10/site-packages/airflow/example_dags/example_sla_dag.py
[2023-08-24T15:39:40.493+0100] {processor.py:829} INFO - Processing file /home/samuel/dev/airflow_learning/venv/lib/python3.10/site-packages/airflow/example_dags/example_sla_dag.py for tasks to queue
[2023-08-24T15:39:40.495+0100] {logging_mixin.py:151} INFO - [2023-08-24T15:39:40.494+0100] {dagbag.py:539} INFO - Filling up the DagBag from /home/samuel/dev/airflow_learning/venv/lib/python3.10/site-packages/airflow/example_dags/example_sla_dag.py
[2023-08-24T15:39:40.507+0100] {processor.py:839} INFO - DAG(s) dict_keys(['example_sla_dag']) retrieved from /home/samuel/dev/airflow_learning/venv/lib/python3.10/site-packages/airflow/example_dags/example_sla_dag.py
[2023-08-24T15:39:40.524+0100] {logging_mixin.py:151} INFO - [2023-08-24T15:39:40.524+0100] {dag.py:2907} INFO - Sync 1 DAGs
[2023-08-24T15:39:40.549+0100] {logging_mixin.py:151} INFO - [2023-08-24T15:39:40.549+0100] {dag.py:3677} INFO - Setting next_dagrun for example_sla_dag to 2023-08-24T14:36:00+00:00, run_after=2023-08-24T14:38:00+00:00
[2023-08-24T15:39:40.665+0100] {processor.py:179} INFO - Processing /home/samuel/dev/airflow_learning/venv/lib/python3.10/site-packages/airflow/example_dags/example_sla_dag.py took 0.201 seconds
[2023-08-24T15:40:49.456+0100] {processor.py:157} INFO - Started process (PID=6618) to work on /home/samuel/dev/airflow_learning/venv/lib/python3.10/site-packages/airflow/example_dags/example_sla_dag.py
[2023-08-24T15:40:49.458+0100] {processor.py:829} INFO - Processing file /home/samuel/dev/airflow_learning/venv/lib/python3.10/site-packages/airflow/example_dags/example_sla_dag.py for tasks to queue
[2023-08-24T15:40:49.459+0100] {logging_mixin.py:151} INFO - [2023-08-24T15:40:49.459+0100] {dagbag.py:539} INFO - Filling up the DagBag from /home/samuel/dev/airflow_learning/venv/lib/python3.10/site-packages/airflow/example_dags/example_sla_dag.py
[2023-08-24T15:40:49.470+0100] {processor.py:839} INFO - DAG(s) dict_keys(['example_sla_dag']) retrieved from /home/samuel/dev/airflow_learning/venv/lib/python3.10/site-packages/airflow/example_dags/example_sla_dag.py
[2023-08-24T15:40:49.487+0100] {logging_mixin.py:151} INFO - [2023-08-24T15:40:49.487+0100] {dag.py:2907} INFO - Sync 1 DAGs
[2023-08-24T15:40:49.518+0100] {logging_mixin.py:151} INFO - [2023-08-24T15:40:49.517+0100] {dag.py:3677} INFO - Setting next_dagrun for example_sla_dag to 2023-08-24T14:38:00+00:00, run_after=2023-08-24T14:40:00+00:00
[2023-08-24T15:40:49.667+0100] {processor.py:179} INFO - Processing /home/samuel/dev/airflow_learning/venv/lib/python3.10/site-packages/airflow/example_dags/example_sla_dag.py took 0.214 seconds
[2023-08-24T15:41:42.274+0100] {processor.py:157} INFO - Started process (PID=6668) to work on /home/samuel/dev/airflow_learning/venv/lib/python3.10/site-packages/airflow/example_dags/example_sla_dag.py
[2023-08-24T15:41:42.309+0100] {processor.py:829} INFO - Processing file /home/samuel/dev/airflow_learning/venv/lib/python3.10/site-packages/airflow/example_dags/example_sla_dag.py for tasks to queue
[2023-08-24T15:41:42.310+0100] {logging_mixin.py:151} INFO - [2023-08-24T15:41:42.310+0100] {dagbag.py:539} INFO - Filling up the DagBag from /home/samuel/dev/airflow_learning/venv/lib/python3.10/site-packages/airflow/example_dags/example_sla_dag.py
[2023-08-24T15:41:42.321+0100] {processor.py:839} INFO - DAG(s) dict_keys(['example_sla_dag']) retrieved from /home/samuel/dev/airflow_learning/venv/lib/python3.10/site-packages/airflow/example_dags/example_sla_dag.py
[2023-08-24T15:41:42.342+0100] {logging_mixin.py:151} INFO - [2023-08-24T15:41:42.341+0100] {dag.py:2907} INFO - Sync 1 DAGs
[2023-08-24T15:41:42.366+0100] {logging_mixin.py:151} INFO - [2023-08-24T15:41:42.366+0100] {dag.py:3677} INFO - Setting next_dagrun for example_sla_dag to 2023-08-24T14:38:00+00:00, run_after=2023-08-24T14:40:00+00:00
[2023-08-24T15:41:42.488+0100] {processor.py:179} INFO - Processing /home/samuel/dev/airflow_learning/venv/lib/python3.10/site-packages/airflow/example_dags/example_sla_dag.py took 0.218 seconds
[2023-08-24T15:42:32.732+0100] {processor.py:157} INFO - Started process (PID=6777) to work on /home/samuel/dev/airflow_learning/venv/lib/python3.10/site-packages/airflow/example_dags/example_sla_dag.py
[2023-08-24T15:42:32.791+0100] {processor.py:829} INFO - Processing file /home/samuel/dev/airflow_learning/venv/lib/python3.10/site-packages/airflow/example_dags/example_sla_dag.py for tasks to queue
[2023-08-24T15:42:32.792+0100] {logging_mixin.py:151} INFO - [2023-08-24T15:42:32.792+0100] {dagbag.py:539} INFO - Filling up the DagBag from /home/samuel/dev/airflow_learning/venv/lib/python3.10/site-packages/airflow/example_dags/example_sla_dag.py
[2023-08-24T15:42:32.803+0100] {processor.py:839} INFO - DAG(s) dict_keys(['example_sla_dag']) retrieved from /home/samuel/dev/airflow_learning/venv/lib/python3.10/site-packages/airflow/example_dags/example_sla_dag.py
[2023-08-24T15:42:32.823+0100] {logging_mixin.py:151} INFO - [2023-08-24T15:42:32.822+0100] {dag.py:2907} INFO - Sync 1 DAGs
[2023-08-24T15:42:32.846+0100] {logging_mixin.py:151} INFO - [2023-08-24T15:42:32.846+0100] {dag.py:3677} INFO - Setting next_dagrun for example_sla_dag to 2023-08-24T14:40:00+00:00, run_after=2023-08-24T14:42:00+00:00
[2023-08-24T15:42:32.952+0100] {processor.py:179} INFO - Processing /home/samuel/dev/airflow_learning/venv/lib/python3.10/site-packages/airflow/example_dags/example_sla_dag.py took 0.222 seconds
[2023-08-24T15:43:27.566+0100] {processor.py:157} INFO - Started process (PID=6831) to work on /home/samuel/dev/airflow_learning/venv/lib/python3.10/site-packages/airflow/example_dags/example_sla_dag.py
[2023-08-24T15:43:27.596+0100] {processor.py:829} INFO - Processing file /home/samuel/dev/airflow_learning/venv/lib/python3.10/site-packages/airflow/example_dags/example_sla_dag.py for tasks to queue
[2023-08-24T15:43:27.597+0100] {logging_mixin.py:151} INFO - [2023-08-24T15:43:27.596+0100] {dagbag.py:539} INFO - Filling up the DagBag from /home/samuel/dev/airflow_learning/venv/lib/python3.10/site-packages/airflow/example_dags/example_sla_dag.py
[2023-08-24T15:43:27.608+0100] {processor.py:839} INFO - DAG(s) dict_keys(['example_sla_dag']) retrieved from /home/samuel/dev/airflow_learning/venv/lib/python3.10/site-packages/airflow/example_dags/example_sla_dag.py
[2023-08-24T15:43:27.625+0100] {logging_mixin.py:151} INFO - [2023-08-24T15:43:27.625+0100] {dag.py:2907} INFO - Sync 1 DAGs
[2023-08-24T15:43:27.648+0100] {logging_mixin.py:151} INFO - [2023-08-24T15:43:27.648+0100] {dag.py:3677} INFO - Setting next_dagrun for example_sla_dag to 2023-08-24T14:40:00+00:00, run_after=2023-08-24T14:42:00+00:00
[2023-08-24T15:43:27.775+0100] {processor.py:179} INFO - Processing /home/samuel/dev/airflow_learning/venv/lib/python3.10/site-packages/airflow/example_dags/example_sla_dag.py took 0.213 seconds
[2023-08-24T15:44:19.958+0100] {processor.py:157} INFO - Started process (PID=6881) to work on /home/samuel/dev/airflow_learning/venv/lib/python3.10/site-packages/airflow/example_dags/example_sla_dag.py
[2023-08-24T15:44:19.978+0100] {processor.py:829} INFO - Processing file /home/samuel/dev/airflow_learning/venv/lib/python3.10/site-packages/airflow/example_dags/example_sla_dag.py for tasks to queue
[2023-08-24T15:44:19.979+0100] {logging_mixin.py:151} INFO - [2023-08-24T15:44:19.979+0100] {dagbag.py:539} INFO - Filling up the DagBag from /home/samuel/dev/airflow_learning/venv/lib/python3.10/site-packages/airflow/example_dags/example_sla_dag.py
[2023-08-24T15:44:19.992+0100] {processor.py:839} INFO - DAG(s) dict_keys(['example_sla_dag']) retrieved from /home/samuel/dev/airflow_learning/venv/lib/python3.10/site-packages/airflow/example_dags/example_sla_dag.py
[2023-08-24T15:44:20.011+0100] {logging_mixin.py:151} INFO - [2023-08-24T15:44:20.011+0100] {dag.py:2907} INFO - Sync 1 DAGs
[2023-08-24T15:44:20.037+0100] {logging_mixin.py:151} INFO - [2023-08-24T15:44:20.037+0100] {dag.py:3677} INFO - Setting next_dagrun for example_sla_dag to 2023-08-24T14:42:00+00:00, run_after=2023-08-24T14:44:00+00:00
[2023-08-24T15:44:20.149+0100] {processor.py:179} INFO - Processing /home/samuel/dev/airflow_learning/venv/lib/python3.10/site-packages/airflow/example_dags/example_sla_dag.py took 0.195 seconds
[2023-08-24T15:45:11.590+0100] {processor.py:157} INFO - Started process (PID=6931) to work on /home/samuel/dev/airflow_learning/venv/lib/python3.10/site-packages/airflow/example_dags/example_sla_dag.py
[2023-08-24T15:45:11.631+0100] {processor.py:829} INFO - Processing file /home/samuel/dev/airflow_learning/venv/lib/python3.10/site-packages/airflow/example_dags/example_sla_dag.py for tasks to queue
[2023-08-24T15:45:11.632+0100] {logging_mixin.py:151} INFO - [2023-08-24T15:45:11.632+0100] {dagbag.py:539} INFO - Filling up the DagBag from /home/samuel/dev/airflow_learning/venv/lib/python3.10/site-packages/airflow/example_dags/example_sla_dag.py
[2023-08-24T15:45:11.643+0100] {processor.py:839} INFO - DAG(s) dict_keys(['example_sla_dag']) retrieved from /home/samuel/dev/airflow_learning/venv/lib/python3.10/site-packages/airflow/example_dags/example_sla_dag.py
[2023-08-24T15:45:11.664+0100] {logging_mixin.py:151} INFO - [2023-08-24T15:45:11.663+0100] {dag.py:2907} INFO - Sync 1 DAGs
[2023-08-24T15:45:11.691+0100] {logging_mixin.py:151} INFO - [2023-08-24T15:45:11.691+0100] {dag.py:3677} INFO - Setting next_dagrun for example_sla_dag to 2023-08-24T14:42:00+00:00, run_after=2023-08-24T14:44:00+00:00
[2023-08-24T15:45:11.801+0100] {processor.py:179} INFO - Processing /home/samuel/dev/airflow_learning/venv/lib/python3.10/site-packages/airflow/example_dags/example_sla_dag.py took 0.215 seconds
[2023-08-24T15:46:01.863+0100] {processor.py:157} INFO - Started process (PID=6979) to work on /home/samuel/dev/airflow_learning/venv/lib/python3.10/site-packages/airflow/example_dags/example_sla_dag.py
[2023-08-24T15:46:01.898+0100] {processor.py:829} INFO - Processing file /home/samuel/dev/airflow_learning/venv/lib/python3.10/site-packages/airflow/example_dags/example_sla_dag.py for tasks to queue
[2023-08-24T15:46:01.899+0100] {logging_mixin.py:151} INFO - [2023-08-24T15:46:01.899+0100] {dagbag.py:539} INFO - Filling up the DagBag from /home/samuel/dev/airflow_learning/venv/lib/python3.10/site-packages/airflow/example_dags/example_sla_dag.py
[2023-08-24T15:46:01.911+0100] {processor.py:839} INFO - DAG(s) dict_keys(['example_sla_dag']) retrieved from /home/samuel/dev/airflow_learning/venv/lib/python3.10/site-packages/airflow/example_dags/example_sla_dag.py
[2023-08-24T15:46:01.931+0100] {logging_mixin.py:151} INFO - [2023-08-24T15:46:01.930+0100] {dag.py:2907} INFO - Sync 1 DAGs
[2023-08-24T15:46:01.958+0100] {logging_mixin.py:151} INFO - [2023-08-24T15:46:01.958+0100] {dag.py:3677} INFO - Setting next_dagrun for example_sla_dag to 2023-08-24T14:44:00+00:00, run_after=2023-08-24T14:46:00+00:00
[2023-08-24T15:46:02.066+0100] {processor.py:179} INFO - Processing /home/samuel/dev/airflow_learning/venv/lib/python3.10/site-packages/airflow/example_dags/example_sla_dag.py took 0.207 seconds
[2023-08-24T15:46:56.582+0100] {processor.py:157} INFO - Started process (PID=7030) to work on /home/samuel/dev/airflow_learning/venv/lib/python3.10/site-packages/airflow/example_dags/example_sla_dag.py
[2023-08-24T15:46:56.585+0100] {processor.py:829} INFO - Processing file /home/samuel/dev/airflow_learning/venv/lib/python3.10/site-packages/airflow/example_dags/example_sla_dag.py for tasks to queue
[2023-08-24T15:46:56.586+0100] {logging_mixin.py:151} INFO - [2023-08-24T15:46:56.586+0100] {dagbag.py:539} INFO - Filling up the DagBag from /home/samuel/dev/airflow_learning/venv/lib/python3.10/site-packages/airflow/example_dags/example_sla_dag.py
[2023-08-24T15:46:56.597+0100] {processor.py:839} INFO - DAG(s) dict_keys(['example_sla_dag']) retrieved from /home/samuel/dev/airflow_learning/venv/lib/python3.10/site-packages/airflow/example_dags/example_sla_dag.py
[2023-08-24T15:46:56.615+0100] {logging_mixin.py:151} INFO - [2023-08-24T15:46:56.615+0100] {dag.py:2907} INFO - Sync 1 DAGs
[2023-08-24T15:46:56.639+0100] {logging_mixin.py:151} INFO - [2023-08-24T15:46:56.638+0100] {dag.py:3677} INFO - Setting next_dagrun for example_sla_dag to 2023-08-24T14:44:00+00:00, run_after=2023-08-24T14:46:00+00:00
[2023-08-24T15:46:56.757+0100] {processor.py:179} INFO - Processing /home/samuel/dev/airflow_learning/venv/lib/python3.10/site-packages/airflow/example_dags/example_sla_dag.py took 0.179 seconds
[2023-08-24T15:47:48.271+0100] {processor.py:157} INFO - Started process (PID=7079) to work on /home/samuel/dev/airflow_learning/venv/lib/python3.10/site-packages/airflow/example_dags/example_sla_dag.py
[2023-08-24T15:47:48.303+0100] {processor.py:829} INFO - Processing file /home/samuel/dev/airflow_learning/venv/lib/python3.10/site-packages/airflow/example_dags/example_sla_dag.py for tasks to queue
[2023-08-24T15:47:48.304+0100] {logging_mixin.py:151} INFO - [2023-08-24T15:47:48.304+0100] {dagbag.py:539} INFO - Filling up the DagBag from /home/samuel/dev/airflow_learning/venv/lib/python3.10/site-packages/airflow/example_dags/example_sla_dag.py
[2023-08-24T15:47:48.314+0100] {processor.py:839} INFO - DAG(s) dict_keys(['example_sla_dag']) retrieved from /home/samuel/dev/airflow_learning/venv/lib/python3.10/site-packages/airflow/example_dags/example_sla_dag.py
[2023-08-24T15:47:48.334+0100] {logging_mixin.py:151} INFO - [2023-08-24T15:47:48.333+0100] {dag.py:2907} INFO - Sync 1 DAGs
[2023-08-24T15:47:48.362+0100] {logging_mixin.py:151} INFO - [2023-08-24T15:47:48.362+0100] {dag.py:3677} INFO - Setting next_dagrun for example_sla_dag to 2023-08-24T14:44:00+00:00, run_after=2023-08-24T14:46:00+00:00
[2023-08-24T15:47:48.462+0100] {processor.py:179} INFO - Processing /home/samuel/dev/airflow_learning/venv/lib/python3.10/site-packages/airflow/example_dags/example_sla_dag.py took 0.195 seconds
[2023-08-24T15:48:44.026+0100] {processor.py:157} INFO - Started process (PID=7148) to work on /home/samuel/dev/airflow_learning/venv/lib/python3.10/site-packages/airflow/example_dags/example_sla_dag.py
[2023-08-24T15:48:44.029+0100] {processor.py:829} INFO - Processing file /home/samuel/dev/airflow_learning/venv/lib/python3.10/site-packages/airflow/example_dags/example_sla_dag.py for tasks to queue
[2023-08-24T15:48:44.030+0100] {logging_mixin.py:151} INFO - [2023-08-24T15:48:44.030+0100] {dagbag.py:539} INFO - Filling up the DagBag from /home/samuel/dev/airflow_learning/venv/lib/python3.10/site-packages/airflow/example_dags/example_sla_dag.py
[2023-08-24T15:48:44.040+0100] {processor.py:839} INFO - DAG(s) dict_keys(['example_sla_dag']) retrieved from /home/samuel/dev/airflow_learning/venv/lib/python3.10/site-packages/airflow/example_dags/example_sla_dag.py
[2023-08-24T15:48:44.056+0100] {logging_mixin.py:151} INFO - [2023-08-24T15:48:44.055+0100] {dag.py:2907} INFO - Sync 1 DAGs
[2023-08-24T15:48:44.078+0100] {logging_mixin.py:151} INFO - [2023-08-24T15:48:44.078+0100] {dag.py:3677} INFO - Setting next_dagrun for example_sla_dag to 2023-08-24T14:46:00+00:00, run_after=2023-08-24T14:48:00+00:00
[2023-08-24T15:48:44.209+0100] {processor.py:179} INFO - Processing /home/samuel/dev/airflow_learning/venv/lib/python3.10/site-packages/airflow/example_dags/example_sla_dag.py took 0.186 seconds
[2023-08-24T15:49:33.594+0100] {processor.py:157} INFO - Started process (PID=7196) to work on /home/samuel/dev/airflow_learning/venv/lib/python3.10/site-packages/airflow/example_dags/example_sla_dag.py
[2023-08-24T15:49:33.609+0100] {processor.py:829} INFO - Processing file /home/samuel/dev/airflow_learning/venv/lib/python3.10/site-packages/airflow/example_dags/example_sla_dag.py for tasks to queue
[2023-08-24T15:49:33.610+0100] {logging_mixin.py:151} INFO - [2023-08-24T15:49:33.610+0100] {dagbag.py:539} INFO - Filling up the DagBag from /home/samuel/dev/airflow_learning/venv/lib/python3.10/site-packages/airflow/example_dags/example_sla_dag.py
[2023-08-24T15:49:33.621+0100] {processor.py:839} INFO - DAG(s) dict_keys(['example_sla_dag']) retrieved from /home/samuel/dev/airflow_learning/venv/lib/python3.10/site-packages/airflow/example_dags/example_sla_dag.py
[2023-08-24T15:49:33.641+0100] {logging_mixin.py:151} INFO - [2023-08-24T15:49:33.641+0100] {dag.py:2907} INFO - Sync 1 DAGs
[2023-08-24T15:49:33.666+0100] {logging_mixin.py:151} INFO - [2023-08-24T15:49:33.666+0100] {dag.py:3677} INFO - Setting next_dagrun for example_sla_dag to 2023-08-24T14:46:00+00:00, run_after=2023-08-24T14:48:00+00:00
[2023-08-24T15:49:33.792+0100] {processor.py:179} INFO - Processing /home/samuel/dev/airflow_learning/venv/lib/python3.10/site-packages/airflow/example_dags/example_sla_dag.py took 0.203 seconds
[2023-08-24T15:50:21.718+0100] {processor.py:157} INFO - Started process (PID=7242) to work on /home/samuel/dev/airflow_learning/venv/lib/python3.10/site-packages/airflow/example_dags/example_sla_dag.py
[2023-08-24T15:50:21.747+0100] {processor.py:829} INFO - Processing file /home/samuel/dev/airflow_learning/venv/lib/python3.10/site-packages/airflow/example_dags/example_sla_dag.py for tasks to queue
[2023-08-24T15:50:21.748+0100] {logging_mixin.py:151} INFO - [2023-08-24T15:50:21.748+0100] {dagbag.py:539} INFO - Filling up the DagBag from /home/samuel/dev/airflow_learning/venv/lib/python3.10/site-packages/airflow/example_dags/example_sla_dag.py
[2023-08-24T15:50:21.759+0100] {processor.py:839} INFO - DAG(s) dict_keys(['example_sla_dag']) retrieved from /home/samuel/dev/airflow_learning/venv/lib/python3.10/site-packages/airflow/example_dags/example_sla_dag.py
[2023-08-24T15:50:21.778+0100] {logging_mixin.py:151} INFO - [2023-08-24T15:50:21.778+0100] {dag.py:2907} INFO - Sync 1 DAGs
[2023-08-24T15:50:21.804+0100] {logging_mixin.py:151} INFO - [2023-08-24T15:50:21.803+0100] {dag.py:3677} INFO - Setting next_dagrun for example_sla_dag to 2023-08-24T14:48:00+00:00, run_after=2023-08-24T14:50:00+00:00
[2023-08-24T15:50:21.921+0100] {processor.py:179} INFO - Processing /home/samuel/dev/airflow_learning/venv/lib/python3.10/site-packages/airflow/example_dags/example_sla_dag.py took 0.207 seconds
[2023-08-24T15:51:15.143+0100] {processor.py:157} INFO - Started process (PID=7291) to work on /home/samuel/dev/airflow_learning/venv/lib/python3.10/site-packages/airflow/example_dags/example_sla_dag.py
[2023-08-24T15:51:15.146+0100] {processor.py:829} INFO - Processing file /home/samuel/dev/airflow_learning/venv/lib/python3.10/site-packages/airflow/example_dags/example_sla_dag.py for tasks to queue
[2023-08-24T15:51:15.147+0100] {logging_mixin.py:151} INFO - [2023-08-24T15:51:15.146+0100] {dagbag.py:539} INFO - Filling up the DagBag from /home/samuel/dev/airflow_learning/venv/lib/python3.10/site-packages/airflow/example_dags/example_sla_dag.py
[2023-08-24T15:51:15.157+0100] {processor.py:839} INFO - DAG(s) dict_keys(['example_sla_dag']) retrieved from /home/samuel/dev/airflow_learning/venv/lib/python3.10/site-packages/airflow/example_dags/example_sla_dag.py
[2023-08-24T15:51:15.174+0100] {logging_mixin.py:151} INFO - [2023-08-24T15:51:15.174+0100] {dag.py:2907} INFO - Sync 1 DAGs
[2023-08-24T15:51:15.197+0100] {logging_mixin.py:151} INFO - [2023-08-24T15:51:15.197+0100] {dag.py:3677} INFO - Setting next_dagrun for example_sla_dag to 2023-08-24T14:48:00+00:00, run_after=2023-08-24T14:50:00+00:00
[2023-08-24T15:51:15.324+0100] {processor.py:179} INFO - Processing /home/samuel/dev/airflow_learning/venv/lib/python3.10/site-packages/airflow/example_dags/example_sla_dag.py took 0.185 seconds
[2023-08-24T15:52:05.174+0100] {processor.py:157} INFO - Started process (PID=7349) to work on /home/samuel/dev/airflow_learning/venv/lib/python3.10/site-packages/airflow/example_dags/example_sla_dag.py
[2023-08-24T15:52:05.177+0100] {processor.py:829} INFO - Processing file /home/samuel/dev/airflow_learning/venv/lib/python3.10/site-packages/airflow/example_dags/example_sla_dag.py for tasks to queue
[2023-08-24T15:52:05.178+0100] {logging_mixin.py:151} INFO - [2023-08-24T15:52:05.178+0100] {dagbag.py:539} INFO - Filling up the DagBag from /home/samuel/dev/airflow_learning/venv/lib/python3.10/site-packages/airflow/example_dags/example_sla_dag.py
[2023-08-24T15:52:05.189+0100] {processor.py:839} INFO - DAG(s) dict_keys(['example_sla_dag']) retrieved from /home/samuel/dev/airflow_learning/venv/lib/python3.10/site-packages/airflow/example_dags/example_sla_dag.py
[2023-08-24T15:52:05.206+0100] {logging_mixin.py:151} INFO - [2023-08-24T15:52:05.206+0100] {dag.py:2907} INFO - Sync 1 DAGs
[2023-08-24T15:52:05.229+0100] {logging_mixin.py:151} INFO - [2023-08-24T15:52:05.229+0100] {dag.py:3677} INFO - Setting next_dagrun for example_sla_dag to 2023-08-24T14:50:00+00:00, run_after=2023-08-24T14:52:00+00:00
[2023-08-24T15:52:05.363+0100] {processor.py:179} INFO - Processing /home/samuel/dev/airflow_learning/venv/lib/python3.10/site-packages/airflow/example_dags/example_sla_dag.py took 0.193 seconds
[2023-08-24T15:52:53.121+0100] {processor.py:157} INFO - Started process (PID=7396) to work on /home/samuel/dev/airflow_learning/venv/lib/python3.10/site-packages/airflow/example_dags/example_sla_dag.py
[2023-08-24T15:52:53.123+0100] {processor.py:829} INFO - Processing file /home/samuel/dev/airflow_learning/venv/lib/python3.10/site-packages/airflow/example_dags/example_sla_dag.py for tasks to queue
[2023-08-24T15:52:53.125+0100] {logging_mixin.py:151} INFO - [2023-08-24T15:52:53.124+0100] {dagbag.py:539} INFO - Filling up the DagBag from /home/samuel/dev/airflow_learning/venv/lib/python3.10/site-packages/airflow/example_dags/example_sla_dag.py
[2023-08-24T15:52:53.135+0100] {processor.py:839} INFO - DAG(s) dict_keys(['example_sla_dag']) retrieved from /home/samuel/dev/airflow_learning/venv/lib/python3.10/site-packages/airflow/example_dags/example_sla_dag.py
[2023-08-24T15:52:53.154+0100] {logging_mixin.py:151} INFO - [2023-08-24T15:52:53.154+0100] {dag.py:2907} INFO - Sync 1 DAGs
[2023-08-24T15:52:53.176+0100] {logging_mixin.py:151} INFO - [2023-08-24T15:52:53.176+0100] {dag.py:3677} INFO - Setting next_dagrun for example_sla_dag to 2023-08-24T14:50:00+00:00, run_after=2023-08-24T14:52:00+00:00
[2023-08-24T15:52:53.308+0100] {processor.py:179} INFO - Processing /home/samuel/dev/airflow_learning/venv/lib/python3.10/site-packages/airflow/example_dags/example_sla_dag.py took 0.191 seconds
[2023-08-24T15:53:48.041+0100] {processor.py:157} INFO - Started process (PID=7518) to work on /home/samuel/dev/airflow_learning/venv/lib/python3.10/site-packages/airflow/example_dags/example_sla_dag.py
[2023-08-24T15:53:48.076+0100] {processor.py:829} INFO - Processing file /home/samuel/dev/airflow_learning/venv/lib/python3.10/site-packages/airflow/example_dags/example_sla_dag.py for tasks to queue
[2023-08-24T15:53:48.077+0100] {logging_mixin.py:151} INFO - [2023-08-24T15:53:48.076+0100] {dagbag.py:539} INFO - Filling up the DagBag from /home/samuel/dev/airflow_learning/venv/lib/python3.10/site-packages/airflow/example_dags/example_sla_dag.py
[2023-08-24T15:53:48.085+0100] {processor.py:839} INFO - DAG(s) dict_keys(['example_sla_dag']) retrieved from /home/samuel/dev/airflow_learning/venv/lib/python3.10/site-packages/airflow/example_dags/example_sla_dag.py
[2023-08-24T15:53:48.101+0100] {logging_mixin.py:151} INFO - [2023-08-24T15:53:48.100+0100] {dag.py:2907} INFO - Sync 1 DAGs
[2023-08-24T15:53:48.123+0100] {logging_mixin.py:151} INFO - [2023-08-24T15:53:48.123+0100] {dag.py:3677} INFO - Setting next_dagrun for example_sla_dag to 2023-08-24T14:50:00+00:00, run_after=2023-08-24T14:52:00+00:00
[2023-08-24T15:53:48.239+0100] {processor.py:179} INFO - Processing /home/samuel/dev/airflow_learning/venv/lib/python3.10/site-packages/airflow/example_dags/example_sla_dag.py took 0.202 seconds
[2023-08-24T15:54:53.875+0100] {processor.py:157} INFO - Started process (PID=7605) to work on /home/samuel/dev/airflow_learning/venv/lib/python3.10/site-packages/airflow/example_dags/example_sla_dag.py
[2023-08-24T15:54:53.876+0100] {processor.py:829} INFO - Processing file /home/samuel/dev/airflow_learning/venv/lib/python3.10/site-packages/airflow/example_dags/example_sla_dag.py for tasks to queue
[2023-08-24T15:54:53.877+0100] {logging_mixin.py:151} INFO - [2023-08-24T15:54:53.877+0100] {dagbag.py:539} INFO - Filling up the DagBag from /home/samuel/dev/airflow_learning/venv/lib/python3.10/site-packages/airflow/example_dags/example_sla_dag.py
[2023-08-24T15:54:53.887+0100] {processor.py:839} INFO - DAG(s) dict_keys(['example_sla_dag']) retrieved from /home/samuel/dev/airflow_learning/venv/lib/python3.10/site-packages/airflow/example_dags/example_sla_dag.py
[2023-08-24T15:54:53.906+0100] {logging_mixin.py:151} INFO - [2023-08-24T15:54:53.906+0100] {dag.py:2907} INFO - Sync 1 DAGs
[2023-08-24T15:54:53.931+0100] {logging_mixin.py:151} INFO - [2023-08-24T15:54:53.930+0100] {dag.py:3677} INFO - Setting next_dagrun for example_sla_dag to 2023-08-24T14:52:00+00:00, run_after=2023-08-24T14:54:00+00:00
[2023-08-24T15:54:54.052+0100] {processor.py:179} INFO - Processing /home/samuel/dev/airflow_learning/venv/lib/python3.10/site-packages/airflow/example_dags/example_sla_dag.py took 0.182 seconds
[2023-08-24T15:55:52.717+0100] {processor.py:157} INFO - Started process (PID=7697) to work on /home/samuel/dev/airflow_learning/venv/lib/python3.10/site-packages/airflow/example_dags/example_sla_dag.py
[2023-08-24T15:55:52.753+0100] {processor.py:829} INFO - Processing file /home/samuel/dev/airflow_learning/venv/lib/python3.10/site-packages/airflow/example_dags/example_sla_dag.py for tasks to queue
[2023-08-24T15:55:52.754+0100] {logging_mixin.py:151} INFO - [2023-08-24T15:55:52.754+0100] {dagbag.py:539} INFO - Filling up the DagBag from /home/samuel/dev/airflow_learning/venv/lib/python3.10/site-packages/airflow/example_dags/example_sla_dag.py
[2023-08-24T15:55:52.765+0100] {processor.py:839} INFO - DAG(s) dict_keys(['example_sla_dag']) retrieved from /home/samuel/dev/airflow_learning/venv/lib/python3.10/site-packages/airflow/example_dags/example_sla_dag.py
[2023-08-24T15:55:52.785+0100] {logging_mixin.py:151} INFO - [2023-08-24T15:55:52.785+0100] {dag.py:2907} INFO - Sync 1 DAGs
[2023-08-24T15:55:52.814+0100] {logging_mixin.py:151} INFO - [2023-08-24T15:55:52.814+0100] {dag.py:3677} INFO - Setting next_dagrun for example_sla_dag to 2023-08-24T14:52:00+00:00, run_after=2023-08-24T14:54:00+00:00
[2023-08-24T15:55:52.942+0100] {processor.py:179} INFO - Processing /home/samuel/dev/airflow_learning/venv/lib/python3.10/site-packages/airflow/example_dags/example_sla_dag.py took 0.229 seconds
[2023-08-24T15:56:44.286+0100] {processor.py:157} INFO - Started process (PID=7845) to work on /home/samuel/dev/airflow_learning/venv/lib/python3.10/site-packages/airflow/example_dags/example_sla_dag.py
[2023-08-24T15:56:44.306+0100] {processor.py:829} INFO - Processing file /home/samuel/dev/airflow_learning/venv/lib/python3.10/site-packages/airflow/example_dags/example_sla_dag.py for tasks to queue
[2023-08-24T15:56:44.307+0100] {logging_mixin.py:151} INFO - [2023-08-24T15:56:44.307+0100] {dagbag.py:539} INFO - Filling up the DagBag from /home/samuel/dev/airflow_learning/venv/lib/python3.10/site-packages/airflow/example_dags/example_sla_dag.py
[2023-08-24T15:56:44.317+0100] {processor.py:839} INFO - DAG(s) dict_keys(['example_sla_dag']) retrieved from /home/samuel/dev/airflow_learning/venv/lib/python3.10/site-packages/airflow/example_dags/example_sla_dag.py
[2023-08-24T15:56:44.335+0100] {logging_mixin.py:151} INFO - [2023-08-24T15:56:44.335+0100] {dag.py:2907} INFO - Sync 1 DAGs
[2023-08-24T15:56:44.361+0100] {logging_mixin.py:151} INFO - [2023-08-24T15:56:44.361+0100] {dag.py:3677} INFO - Setting next_dagrun for example_sla_dag to 2023-08-24T14:54:00+00:00, run_after=2023-08-24T14:56:00+00:00
[2023-08-24T15:56:44.530+0100] {processor.py:179} INFO - Processing /home/samuel/dev/airflow_learning/venv/lib/python3.10/site-packages/airflow/example_dags/example_sla_dag.py took 0.248 seconds
[2023-08-24T15:57:35.608+0100] {processor.py:157} INFO - Started process (PID=7894) to work on /home/samuel/dev/airflow_learning/venv/lib/python3.10/site-packages/airflow/example_dags/example_sla_dag.py
[2023-08-24T15:57:35.634+0100] {processor.py:829} INFO - Processing file /home/samuel/dev/airflow_learning/venv/lib/python3.10/site-packages/airflow/example_dags/example_sla_dag.py for tasks to queue
[2023-08-24T15:57:35.635+0100] {logging_mixin.py:151} INFO - [2023-08-24T15:57:35.635+0100] {dagbag.py:539} INFO - Filling up the DagBag from /home/samuel/dev/airflow_learning/venv/lib/python3.10/site-packages/airflow/example_dags/example_sla_dag.py
[2023-08-24T15:57:35.647+0100] {processor.py:839} INFO - DAG(s) dict_keys(['example_sla_dag']) retrieved from /home/samuel/dev/airflow_learning/venv/lib/python3.10/site-packages/airflow/example_dags/example_sla_dag.py
[2023-08-24T15:57:35.667+0100] {logging_mixin.py:151} INFO - [2023-08-24T15:57:35.667+0100] {dag.py:2907} INFO - Sync 1 DAGs
[2023-08-24T15:57:35.693+0100] {logging_mixin.py:151} INFO - [2023-08-24T15:57:35.693+0100] {dag.py:3677} INFO - Setting next_dagrun for example_sla_dag to 2023-08-24T14:54:00+00:00, run_after=2023-08-24T14:56:00+00:00
[2023-08-24T15:57:35.803+0100] {processor.py:179} INFO - Processing /home/samuel/dev/airflow_learning/venv/lib/python3.10/site-packages/airflow/example_dags/example_sla_dag.py took 0.197 seconds
[2023-08-24T15:58:27.453+0100] {processor.py:157} INFO - Started process (PID=7953) to work on /home/samuel/dev/airflow_learning/venv/lib/python3.10/site-packages/airflow/example_dags/example_sla_dag.py
[2023-08-24T15:58:27.483+0100] {processor.py:829} INFO - Processing file /home/samuel/dev/airflow_learning/venv/lib/python3.10/site-packages/airflow/example_dags/example_sla_dag.py for tasks to queue
[2023-08-24T15:58:27.484+0100] {logging_mixin.py:151} INFO - [2023-08-24T15:58:27.484+0100] {dagbag.py:539} INFO - Filling up the DagBag from /home/samuel/dev/airflow_learning/venv/lib/python3.10/site-packages/airflow/example_dags/example_sla_dag.py
[2023-08-24T15:58:27.496+0100] {processor.py:839} INFO - DAG(s) dict_keys(['example_sla_dag']) retrieved from /home/samuel/dev/airflow_learning/venv/lib/python3.10/site-packages/airflow/example_dags/example_sla_dag.py
[2023-08-24T15:58:27.516+0100] {logging_mixin.py:151} INFO - [2023-08-24T15:58:27.515+0100] {dag.py:2907} INFO - Sync 1 DAGs
[2023-08-24T15:58:27.551+0100] {logging_mixin.py:151} INFO - [2023-08-24T15:58:27.551+0100] {dag.py:3677} INFO - Setting next_dagrun for example_sla_dag to 2023-08-24T14:56:00+00:00, run_after=2023-08-24T14:58:00+00:00
[2023-08-24T15:58:27.660+0100] {processor.py:179} INFO - Processing /home/samuel/dev/airflow_learning/venv/lib/python3.10/site-packages/airflow/example_dags/example_sla_dag.py took 0.211 seconds
[2023-08-24T15:59:21.886+0100] {processor.py:157} INFO - Started process (PID=8038) to work on /home/samuel/dev/airflow_learning/venv/lib/python3.10/site-packages/airflow/example_dags/example_sla_dag.py
[2023-08-24T15:59:21.899+0100] {processor.py:829} INFO - Processing file /home/samuel/dev/airflow_learning/venv/lib/python3.10/site-packages/airflow/example_dags/example_sla_dag.py for tasks to queue
[2023-08-24T15:59:21.900+0100] {logging_mixin.py:151} INFO - [2023-08-24T15:59:21.900+0100] {dagbag.py:539} INFO - Filling up the DagBag from /home/samuel/dev/airflow_learning/venv/lib/python3.10/site-packages/airflow/example_dags/example_sla_dag.py
[2023-08-24T15:59:21.909+0100] {processor.py:839} INFO - DAG(s) dict_keys(['example_sla_dag']) retrieved from /home/samuel/dev/airflow_learning/venv/lib/python3.10/site-packages/airflow/example_dags/example_sla_dag.py
[2023-08-24T15:59:21.925+0100] {logging_mixin.py:151} INFO - [2023-08-24T15:59:21.925+0100] {dag.py:2907} INFO - Sync 1 DAGs
[2023-08-24T15:59:21.948+0100] {logging_mixin.py:151} INFO - [2023-08-24T15:59:21.948+0100] {dag.py:3677} INFO - Setting next_dagrun for example_sla_dag to 2023-08-24T14:56:00+00:00, run_after=2023-08-24T14:58:00+00:00
[2023-08-24T15:59:22.061+0100] {processor.py:179} INFO - Processing /home/samuel/dev/airflow_learning/venv/lib/python3.10/site-packages/airflow/example_dags/example_sla_dag.py took 0.179 seconds
[2023-08-24T16:00:19.726+0100] {processor.py:157} INFO - Started process (PID=8263) to work on /home/samuel/dev/airflow_learning/venv/lib/python3.10/site-packages/airflow/example_dags/example_sla_dag.py
[2023-08-24T16:00:19.757+0100] {processor.py:829} INFO - Processing file /home/samuel/dev/airflow_learning/venv/lib/python3.10/site-packages/airflow/example_dags/example_sla_dag.py for tasks to queue
[2023-08-24T16:00:19.758+0100] {logging_mixin.py:151} INFO - [2023-08-24T16:00:19.757+0100] {dagbag.py:539} INFO - Filling up the DagBag from /home/samuel/dev/airflow_learning/venv/lib/python3.10/site-packages/airflow/example_dags/example_sla_dag.py
[2023-08-24T16:00:19.766+0100] {processor.py:839} INFO - DAG(s) dict_keys(['example_sla_dag']) retrieved from /home/samuel/dev/airflow_learning/venv/lib/python3.10/site-packages/airflow/example_dags/example_sla_dag.py
[2023-08-24T16:00:19.782+0100] {logging_mixin.py:151} INFO - [2023-08-24T16:00:19.782+0100] {dag.py:2907} INFO - Sync 1 DAGs
[2023-08-24T16:00:19.804+0100] {logging_mixin.py:151} INFO - [2023-08-24T16:00:19.804+0100] {dag.py:3677} INFO - Setting next_dagrun for example_sla_dag to 2023-08-24T14:58:00+00:00, run_after=2023-08-24T15:00:00+00:00
[2023-08-24T16:00:19.901+0100] {processor.py:179} INFO - Processing /home/samuel/dev/airflow_learning/venv/lib/python3.10/site-packages/airflow/example_dags/example_sla_dag.py took 0.179 seconds
[2023-08-24T16:01:13.363+0100] {processor.py:157} INFO - Started process (PID=8353) to work on /home/samuel/dev/airflow_learning/venv/lib/python3.10/site-packages/airflow/example_dags/example_sla_dag.py
[2023-08-24T16:01:13.462+0100] {processor.py:829} INFO - Processing file /home/samuel/dev/airflow_learning/venv/lib/python3.10/site-packages/airflow/example_dags/example_sla_dag.py for tasks to queue
[2023-08-24T16:01:13.463+0100] {logging_mixin.py:151} INFO - [2023-08-24T16:01:13.462+0100] {dagbag.py:539} INFO - Filling up the DagBag from /home/samuel/dev/airflow_learning/venv/lib/python3.10/site-packages/airflow/example_dags/example_sla_dag.py
[2023-08-24T16:01:13.474+0100] {processor.py:839} INFO - DAG(s) dict_keys(['example_sla_dag']) retrieved from /home/samuel/dev/airflow_learning/venv/lib/python3.10/site-packages/airflow/example_dags/example_sla_dag.py
[2023-08-24T16:01:13.496+0100] {logging_mixin.py:151} INFO - [2023-08-24T16:01:13.495+0100] {dag.py:2907} INFO - Sync 1 DAGs
[2023-08-24T16:01:13.524+0100] {logging_mixin.py:151} INFO - [2023-08-24T16:01:13.524+0100] {dag.py:3677} INFO - Setting next_dagrun for example_sla_dag to 2023-08-24T14:58:00+00:00, run_after=2023-08-24T15:00:00+00:00
[2023-08-24T16:01:13.625+0100] {processor.py:179} INFO - Processing /home/samuel/dev/airflow_learning/venv/lib/python3.10/site-packages/airflow/example_dags/example_sla_dag.py took 0.267 seconds
[2023-08-24T16:02:08.021+0100] {processor.py:157} INFO - Started process (PID=8441) to work on /home/samuel/dev/airflow_learning/venv/lib/python3.10/site-packages/airflow/example_dags/example_sla_dag.py
[2023-08-24T16:02:08.033+0100] {processor.py:829} INFO - Processing file /home/samuel/dev/airflow_learning/venv/lib/python3.10/site-packages/airflow/example_dags/example_sla_dag.py for tasks to queue
[2023-08-24T16:02:08.034+0100] {logging_mixin.py:151} INFO - [2023-08-24T16:02:08.034+0100] {dagbag.py:539} INFO - Filling up the DagBag from /home/samuel/dev/airflow_learning/venv/lib/python3.10/site-packages/airflow/example_dags/example_sla_dag.py
[2023-08-24T16:02:08.045+0100] {processor.py:839} INFO - DAG(s) dict_keys(['example_sla_dag']) retrieved from /home/samuel/dev/airflow_learning/venv/lib/python3.10/site-packages/airflow/example_dags/example_sla_dag.py
[2023-08-24T16:02:08.064+0100] {logging_mixin.py:151} INFO - [2023-08-24T16:02:08.064+0100] {dag.py:2907} INFO - Sync 1 DAGs
[2023-08-24T16:02:08.088+0100] {logging_mixin.py:151} INFO - [2023-08-24T16:02:08.088+0100] {dag.py:3677} INFO - Setting next_dagrun for example_sla_dag to 2023-08-24T15:00:00+00:00, run_after=2023-08-24T15:02:00+00:00
[2023-08-24T16:02:08.203+0100] {processor.py:179} INFO - Processing /home/samuel/dev/airflow_learning/venv/lib/python3.10/site-packages/airflow/example_dags/example_sla_dag.py took 0.186 seconds
[2023-08-24T16:02:58.917+0100] {processor.py:157} INFO - Started process (PID=8496) to work on /home/samuel/dev/airflow_learning/venv/lib/python3.10/site-packages/airflow/example_dags/example_sla_dag.py
[2023-08-24T16:02:58.921+0100] {processor.py:829} INFO - Processing file /home/samuel/dev/airflow_learning/venv/lib/python3.10/site-packages/airflow/example_dags/example_sla_dag.py for tasks to queue
[2023-08-24T16:02:58.922+0100] {logging_mixin.py:151} INFO - [2023-08-24T16:02:58.921+0100] {dagbag.py:539} INFO - Filling up the DagBag from /home/samuel/dev/airflow_learning/venv/lib/python3.10/site-packages/airflow/example_dags/example_sla_dag.py
[2023-08-24T16:02:58.932+0100] {processor.py:839} INFO - DAG(s) dict_keys(['example_sla_dag']) retrieved from /home/samuel/dev/airflow_learning/venv/lib/python3.10/site-packages/airflow/example_dags/example_sla_dag.py
[2023-08-24T16:02:58.951+0100] {logging_mixin.py:151} INFO - [2023-08-24T16:02:58.951+0100] {dag.py:2907} INFO - Sync 1 DAGs
[2023-08-24T16:02:58.976+0100] {logging_mixin.py:151} INFO - [2023-08-24T16:02:58.976+0100] {dag.py:3677} INFO - Setting next_dagrun for example_sla_dag to 2023-08-24T15:00:00+00:00, run_after=2023-08-24T15:02:00+00:00
[2023-08-24T16:02:59.098+0100] {processor.py:179} INFO - Processing /home/samuel/dev/airflow_learning/venv/lib/python3.10/site-packages/airflow/example_dags/example_sla_dag.py took 0.184 seconds
[2023-08-24T16:03:52.785+0100] {processor.py:157} INFO - Started process (PID=8574) to work on /home/samuel/dev/airflow_learning/venv/lib/python3.10/site-packages/airflow/example_dags/example_sla_dag.py
[2023-08-24T16:03:52.807+0100] {processor.py:829} INFO - Processing file /home/samuel/dev/airflow_learning/venv/lib/python3.10/site-packages/airflow/example_dags/example_sla_dag.py for tasks to queue
[2023-08-24T16:03:52.808+0100] {logging_mixin.py:151} INFO - [2023-08-24T16:03:52.808+0100] {dagbag.py:539} INFO - Filling up the DagBag from /home/samuel/dev/airflow_learning/venv/lib/python3.10/site-packages/airflow/example_dags/example_sla_dag.py
[2023-08-24T16:03:52.819+0100] {processor.py:839} INFO - DAG(s) dict_keys(['example_sla_dag']) retrieved from /home/samuel/dev/airflow_learning/venv/lib/python3.10/site-packages/airflow/example_dags/example_sla_dag.py
[2023-08-24T16:03:52.839+0100] {logging_mixin.py:151} INFO - [2023-08-24T16:03:52.839+0100] {dag.py:2907} INFO - Sync 1 DAGs
[2023-08-24T16:03:52.866+0100] {logging_mixin.py:151} INFO - [2023-08-24T16:03:52.866+0100] {dag.py:3677} INFO - Setting next_dagrun for example_sla_dag to 2023-08-24T15:00:00+00:00, run_after=2023-08-24T15:02:00+00:00
[2023-08-24T16:03:53.389+0100] {processor.py:179} INFO - Processing /home/samuel/dev/airflow_learning/venv/lib/python3.10/site-packages/airflow/example_dags/example_sla_dag.py took 0.607 seconds
