[2023-08-24T15:22:50.509+0100] {processor.py:157} INFO - Started process (PID=5372) to work on /home/samuel/dev/airflow_learning/venv/lib/python3.10/site-packages/airflow/example_dags/example_params_trigger_ui.py
[2023-08-24T15:22:50.510+0100] {processor.py:829} INFO - Processing file /home/samuel/dev/airflow_learning/venv/lib/python3.10/site-packages/airflow/example_dags/example_params_trigger_ui.py for tasks to queue
[2023-08-24T15:22:50.511+0100] {logging_mixin.py:151} INFO - [2023-08-24T15:22:50.511+0100] {dagbag.py:539} INFO - Filling up the DagBag from /home/samuel/dev/airflow_learning/venv/lib/python3.10/site-packages/airflow/example_dags/example_params_trigger_ui.py
[2023-08-24T15:22:50.530+0100] {processor.py:839} INFO - DAG(s) dict_keys(['example_params_trigger_ui']) retrieved from /home/samuel/dev/airflow_learning/venv/lib/python3.10/site-packages/airflow/example_dags/example_params_trigger_ui.py
[2023-08-24T15:22:50.880+0100] {logging_mixin.py:151} INFO - [2023-08-24T15:22:50.879+0100] {manager.py:501} INFO - Created Permission View: can edit on DAG:example_params_trigger_ui
[2023-08-24T15:22:51.002+0100] {logging_mixin.py:151} INFO - [2023-08-24T15:22:51.001+0100] {manager.py:501} INFO - Created Permission View: can delete on DAG:example_params_trigger_ui
[2023-08-24T15:22:51.113+0100] {logging_mixin.py:151} INFO - [2023-08-24T15:22:51.113+0100] {manager.py:501} INFO - Created Permission View: can read on DAG:example_params_trigger_ui
[2023-08-24T15:22:51.142+0100] {logging_mixin.py:151} INFO - [2023-08-24T15:22:51.141+0100] {dag.py:2907} INFO - Sync 1 DAGs
[2023-08-24T15:22:51.166+0100] {logging_mixin.py:151} INFO - [2023-08-24T15:22:51.165+0100] {dag.py:2929} INFO - Creating ORM DAG for example_params_trigger_ui
[2023-08-24T15:22:51.167+0100] {logging_mixin.py:151} INFO - [2023-08-24T15:22:51.167+0100] {dag.py:3677} INFO - Setting next_dagrun for example_params_trigger_ui to None, run_after=None
[2023-08-24T15:22:51.332+0100] {processor.py:179} INFO - Processing /home/samuel/dev/airflow_learning/venv/lib/python3.10/site-packages/airflow/example_dags/example_params_trigger_ui.py took 0.827 seconds
[2023-08-24T15:24:05.831+0100] {processor.py:157} INFO - Started process (PID=5448) to work on /home/samuel/dev/airflow_learning/venv/lib/python3.10/site-packages/airflow/example_dags/example_params_trigger_ui.py
[2023-08-24T15:24:05.862+0100] {processor.py:829} INFO - Processing file /home/samuel/dev/airflow_learning/venv/lib/python3.10/site-packages/airflow/example_dags/example_params_trigger_ui.py for tasks to queue
[2023-08-24T15:24:05.863+0100] {logging_mixin.py:151} INFO - [2023-08-24T15:24:05.862+0100] {dagbag.py:539} INFO - Filling up the DagBag from /home/samuel/dev/airflow_learning/venv/lib/python3.10/site-packages/airflow/example_dags/example_params_trigger_ui.py
[2023-08-24T15:24:05.885+0100] {processor.py:839} INFO - DAG(s) dict_keys(['example_params_trigger_ui']) retrieved from /home/samuel/dev/airflow_learning/venv/lib/python3.10/site-packages/airflow/example_dags/example_params_trigger_ui.py
[2023-08-24T15:24:05.936+0100] {logging_mixin.py:151} INFO - [2023-08-24T15:24:05.935+0100] {dag.py:2907} INFO - Sync 1 DAGs
[2023-08-24T15:24:05.948+0100] {logging_mixin.py:151} INFO - [2023-08-24T15:24:05.947+0100] {dag.py:3677} INFO - Setting next_dagrun for example_params_trigger_ui to None, run_after=None
[2023-08-24T15:24:06.096+0100] {processor.py:179} INFO - Processing /home/samuel/dev/airflow_learning/venv/lib/python3.10/site-packages/airflow/example_dags/example_params_trigger_ui.py took 0.269 seconds
[2023-08-24T15:25:00.930+0100] {processor.py:157} INFO - Started process (PID=5504) to work on /home/samuel/dev/airflow_learning/venv/lib/python3.10/site-packages/airflow/example_dags/example_params_trigger_ui.py
[2023-08-24T15:25:00.933+0100] {processor.py:829} INFO - Processing file /home/samuel/dev/airflow_learning/venv/lib/python3.10/site-packages/airflow/example_dags/example_params_trigger_ui.py for tasks to queue
[2023-08-24T15:25:00.934+0100] {logging_mixin.py:151} INFO - [2023-08-24T15:25:00.933+0100] {dagbag.py:539} INFO - Filling up the DagBag from /home/samuel/dev/airflow_learning/venv/lib/python3.10/site-packages/airflow/example_dags/example_params_trigger_ui.py
[2023-08-24T15:25:00.955+0100] {processor.py:839} INFO - DAG(s) dict_keys(['example_params_trigger_ui']) retrieved from /home/samuel/dev/airflow_learning/venv/lib/python3.10/site-packages/airflow/example_dags/example_params_trigger_ui.py
[2023-08-24T15:25:01.000+0100] {logging_mixin.py:151} INFO - [2023-08-24T15:25:00.999+0100] {dag.py:2907} INFO - Sync 1 DAGs
[2023-08-24T15:25:01.010+0100] {logging_mixin.py:151} INFO - [2023-08-24T15:25:01.010+0100] {dag.py:3677} INFO - Setting next_dagrun for example_params_trigger_ui to None, run_after=None
[2023-08-24T15:25:01.151+0100] {processor.py:179} INFO - Processing /home/samuel/dev/airflow_learning/venv/lib/python3.10/site-packages/airflow/example_dags/example_params_trigger_ui.py took 0.224 seconds
[2023-08-24T15:25:56.686+0100] {processor.py:157} INFO - Started process (PID=5557) to work on /home/samuel/dev/airflow_learning/venv/lib/python3.10/site-packages/airflow/example_dags/example_params_trigger_ui.py
[2023-08-24T15:25:56.701+0100] {processor.py:829} INFO - Processing file /home/samuel/dev/airflow_learning/venv/lib/python3.10/site-packages/airflow/example_dags/example_params_trigger_ui.py for tasks to queue
[2023-08-24T15:25:56.702+0100] {logging_mixin.py:151} INFO - [2023-08-24T15:25:56.702+0100] {dagbag.py:539} INFO - Filling up the DagBag from /home/samuel/dev/airflow_learning/venv/lib/python3.10/site-packages/airflow/example_dags/example_params_trigger_ui.py
[2023-08-24T15:25:56.723+0100] {processor.py:839} INFO - DAG(s) dict_keys(['example_params_trigger_ui']) retrieved from /home/samuel/dev/airflow_learning/venv/lib/python3.10/site-packages/airflow/example_dags/example_params_trigger_ui.py
[2023-08-24T15:25:56.771+0100] {logging_mixin.py:151} INFO - [2023-08-24T15:25:56.770+0100] {dag.py:2907} INFO - Sync 1 DAGs
[2023-08-24T15:25:56.782+0100] {logging_mixin.py:151} INFO - [2023-08-24T15:25:56.782+0100] {dag.py:3677} INFO - Setting next_dagrun for example_params_trigger_ui to None, run_after=None
[2023-08-24T15:25:56.940+0100] {processor.py:179} INFO - Processing /home/samuel/dev/airflow_learning/venv/lib/python3.10/site-packages/airflow/example_dags/example_params_trigger_ui.py took 0.257 seconds
[2023-08-24T15:26:51.561+0100] {processor.py:157} INFO - Started process (PID=5608) to work on /home/samuel/dev/airflow_learning/venv/lib/python3.10/site-packages/airflow/example_dags/example_params_trigger_ui.py
[2023-08-24T15:26:51.565+0100] {processor.py:829} INFO - Processing file /home/samuel/dev/airflow_learning/venv/lib/python3.10/site-packages/airflow/example_dags/example_params_trigger_ui.py for tasks to queue
[2023-08-24T15:26:51.566+0100] {logging_mixin.py:151} INFO - [2023-08-24T15:26:51.566+0100] {dagbag.py:539} INFO - Filling up the DagBag from /home/samuel/dev/airflow_learning/venv/lib/python3.10/site-packages/airflow/example_dags/example_params_trigger_ui.py
[2023-08-24T15:26:51.584+0100] {processor.py:839} INFO - DAG(s) dict_keys(['example_params_trigger_ui']) retrieved from /home/samuel/dev/airflow_learning/venv/lib/python3.10/site-packages/airflow/example_dags/example_params_trigger_ui.py
[2023-08-24T15:26:51.630+0100] {logging_mixin.py:151} INFO - [2023-08-24T15:26:51.629+0100] {dag.py:2907} INFO - Sync 1 DAGs
[2023-08-24T15:26:51.642+0100] {logging_mixin.py:151} INFO - [2023-08-24T15:26:51.642+0100] {dag.py:3677} INFO - Setting next_dagrun for example_params_trigger_ui to None, run_after=None
[2023-08-24T15:26:51.787+0100] {processor.py:179} INFO - Processing /home/samuel/dev/airflow_learning/venv/lib/python3.10/site-packages/airflow/example_dags/example_params_trigger_ui.py took 0.230 seconds
[2023-08-24T15:27:45.291+0100] {processor.py:157} INFO - Started process (PID=5659) to work on /home/samuel/dev/airflow_learning/venv/lib/python3.10/site-packages/airflow/example_dags/example_params_trigger_ui.py
[2023-08-24T15:27:45.293+0100] {processor.py:829} INFO - Processing file /home/samuel/dev/airflow_learning/venv/lib/python3.10/site-packages/airflow/example_dags/example_params_trigger_ui.py for tasks to queue
[2023-08-24T15:27:45.295+0100] {logging_mixin.py:151} INFO - [2023-08-24T15:27:45.294+0100] {dagbag.py:539} INFO - Filling up the DagBag from /home/samuel/dev/airflow_learning/venv/lib/python3.10/site-packages/airflow/example_dags/example_params_trigger_ui.py
[2023-08-24T15:27:45.315+0100] {processor.py:839} INFO - DAG(s) dict_keys(['example_params_trigger_ui']) retrieved from /home/samuel/dev/airflow_learning/venv/lib/python3.10/site-packages/airflow/example_dags/example_params_trigger_ui.py
[2023-08-24T15:27:45.360+0100] {logging_mixin.py:151} INFO - [2023-08-24T15:27:45.360+0100] {dag.py:2907} INFO - Sync 1 DAGs
[2023-08-24T15:27:45.371+0100] {logging_mixin.py:151} INFO - [2023-08-24T15:27:45.371+0100] {dag.py:3677} INFO - Setting next_dagrun for example_params_trigger_ui to None, run_after=None
[2023-08-24T15:27:45.483+0100] {processor.py:179} INFO - Processing /home/samuel/dev/airflow_learning/venv/lib/python3.10/site-packages/airflow/example_dags/example_params_trigger_ui.py took 0.197 seconds
[2023-08-24T15:28:40.622+0100] {processor.py:157} INFO - Started process (PID=5720) to work on /home/samuel/dev/airflow_learning/venv/lib/python3.10/site-packages/airflow/example_dags/example_params_trigger_ui.py
[2023-08-24T15:28:40.623+0100] {processor.py:829} INFO - Processing file /home/samuel/dev/airflow_learning/venv/lib/python3.10/site-packages/airflow/example_dags/example_params_trigger_ui.py for tasks to queue
[2023-08-24T15:28:40.624+0100] {logging_mixin.py:151} INFO - [2023-08-24T15:28:40.624+0100] {dagbag.py:539} INFO - Filling up the DagBag from /home/samuel/dev/airflow_learning/venv/lib/python3.10/site-packages/airflow/example_dags/example_params_trigger_ui.py
[2023-08-24T15:28:40.645+0100] {processor.py:839} INFO - DAG(s) dict_keys(['example_params_trigger_ui']) retrieved from /home/samuel/dev/airflow_learning/venv/lib/python3.10/site-packages/airflow/example_dags/example_params_trigger_ui.py
[2023-08-24T15:28:40.690+0100] {logging_mixin.py:151} INFO - [2023-08-24T15:28:40.690+0100] {dag.py:2907} INFO - Sync 1 DAGs
[2023-08-24T15:28:40.701+0100] {logging_mixin.py:151} INFO - [2023-08-24T15:28:40.701+0100] {dag.py:3677} INFO - Setting next_dagrun for example_params_trigger_ui to None, run_after=None
[2023-08-24T15:28:40.823+0100] {processor.py:179} INFO - Processing /home/samuel/dev/airflow_learning/venv/lib/python3.10/site-packages/airflow/example_dags/example_params_trigger_ui.py took 0.205 seconds
[2023-08-24T15:29:33.610+0100] {processor.py:157} INFO - Started process (PID=5786) to work on /home/samuel/dev/airflow_learning/venv/lib/python3.10/site-packages/airflow/example_dags/example_params_trigger_ui.py
[2023-08-24T15:29:33.669+0100] {processor.py:829} INFO - Processing file /home/samuel/dev/airflow_learning/venv/lib/python3.10/site-packages/airflow/example_dags/example_params_trigger_ui.py for tasks to queue
[2023-08-24T15:29:33.670+0100] {logging_mixin.py:151} INFO - [2023-08-24T15:29:33.670+0100] {dagbag.py:539} INFO - Filling up the DagBag from /home/samuel/dev/airflow_learning/venv/lib/python3.10/site-packages/airflow/example_dags/example_params_trigger_ui.py
[2023-08-24T15:29:33.687+0100] {processor.py:839} INFO - DAG(s) dict_keys(['example_params_trigger_ui']) retrieved from /home/samuel/dev/airflow_learning/venv/lib/python3.10/site-packages/airflow/example_dags/example_params_trigger_ui.py
[2023-08-24T15:29:33.731+0100] {logging_mixin.py:151} INFO - [2023-08-24T15:29:33.731+0100] {dag.py:2907} INFO - Sync 1 DAGs
[2023-08-24T15:29:33.743+0100] {logging_mixin.py:151} INFO - [2023-08-24T15:29:33.743+0100] {dag.py:3677} INFO - Setting next_dagrun for example_params_trigger_ui to None, run_after=None
[2023-08-24T15:29:33.848+0100] {processor.py:179} INFO - Processing /home/samuel/dev/airflow_learning/venv/lib/python3.10/site-packages/airflow/example_dags/example_params_trigger_ui.py took 0.242 seconds
[2023-08-24T15:31:20.786+0100] {processor.py:157} INFO - Started process (PID=6030) to work on /home/samuel/dev/airflow_learning/venv/lib/python3.10/site-packages/airflow/example_dags/example_params_trigger_ui.py
[2023-08-24T15:31:20.811+0100] {processor.py:829} INFO - Processing file /home/samuel/dev/airflow_learning/venv/lib/python3.10/site-packages/airflow/example_dags/example_params_trigger_ui.py for tasks to queue
[2023-08-24T15:31:20.813+0100] {logging_mixin.py:151} INFO - [2023-08-24T15:31:20.812+0100] {dagbag.py:539} INFO - Filling up the DagBag from /home/samuel/dev/airflow_learning/venv/lib/python3.10/site-packages/airflow/example_dags/example_params_trigger_ui.py
[2023-08-24T15:31:20.834+0100] {processor.py:839} INFO - DAG(s) dict_keys(['example_params_trigger_ui']) retrieved from /home/samuel/dev/airflow_learning/venv/lib/python3.10/site-packages/airflow/example_dags/example_params_trigger_ui.py
[2023-08-24T15:31:20.884+0100] {logging_mixin.py:151} INFO - [2023-08-24T15:31:20.884+0100] {dag.py:2907} INFO - Sync 1 DAGs
[2023-08-24T15:31:20.895+0100] {logging_mixin.py:151} INFO - [2023-08-24T15:31:20.895+0100] {dag.py:3677} INFO - Setting next_dagrun for example_params_trigger_ui to None, run_after=None
[2023-08-24T15:31:21.038+0100] {processor.py:179} INFO - Processing /home/samuel/dev/airflow_learning/venv/lib/python3.10/site-packages/airflow/example_dags/example_params_trigger_ui.py took 0.255 seconds
[2023-08-24T15:32:22.606+0100] {processor.py:157} INFO - Started process (PID=6087) to work on /home/samuel/dev/airflow_learning/venv/lib/python3.10/site-packages/airflow/example_dags/example_params_trigger_ui.py
[2023-08-24T15:32:22.635+0100] {processor.py:829} INFO - Processing file /home/samuel/dev/airflow_learning/venv/lib/python3.10/site-packages/airflow/example_dags/example_params_trigger_ui.py for tasks to queue
[2023-08-24T15:32:22.636+0100] {logging_mixin.py:151} INFO - [2023-08-24T15:32:22.636+0100] {dagbag.py:539} INFO - Filling up the DagBag from /home/samuel/dev/airflow_learning/venv/lib/python3.10/site-packages/airflow/example_dags/example_params_trigger_ui.py
[2023-08-24T15:32:22.654+0100] {processor.py:839} INFO - DAG(s) dict_keys(['example_params_trigger_ui']) retrieved from /home/samuel/dev/airflow_learning/venv/lib/python3.10/site-packages/airflow/example_dags/example_params_trigger_ui.py
[2023-08-24T15:32:22.698+0100] {logging_mixin.py:151} INFO - [2023-08-24T15:32:22.697+0100] {dag.py:2907} INFO - Sync 1 DAGs
[2023-08-24T15:32:22.710+0100] {logging_mixin.py:151} INFO - [2023-08-24T15:32:22.709+0100] {dag.py:3677} INFO - Setting next_dagrun for example_params_trigger_ui to None, run_after=None
[2023-08-24T15:32:22.838+0100] {processor.py:179} INFO - Processing /home/samuel/dev/airflow_learning/venv/lib/python3.10/site-packages/airflow/example_dags/example_params_trigger_ui.py took 0.239 seconds
[2023-08-24T15:33:13.378+0100] {processor.py:157} INFO - Started process (PID=6148) to work on /home/samuel/dev/airflow_learning/venv/lib/python3.10/site-packages/airflow/example_dags/example_params_trigger_ui.py
[2023-08-24T15:33:13.379+0100] {processor.py:829} INFO - Processing file /home/samuel/dev/airflow_learning/venv/lib/python3.10/site-packages/airflow/example_dags/example_params_trigger_ui.py for tasks to queue
[2023-08-24T15:33:13.380+0100] {logging_mixin.py:151} INFO - [2023-08-24T15:33:13.379+0100] {dagbag.py:539} INFO - Filling up the DagBag from /home/samuel/dev/airflow_learning/venv/lib/python3.10/site-packages/airflow/example_dags/example_params_trigger_ui.py
[2023-08-24T15:33:13.400+0100] {processor.py:839} INFO - DAG(s) dict_keys(['example_params_trigger_ui']) retrieved from /home/samuel/dev/airflow_learning/venv/lib/python3.10/site-packages/airflow/example_dags/example_params_trigger_ui.py
[2023-08-24T15:33:13.444+0100] {logging_mixin.py:151} INFO - [2023-08-24T15:33:13.444+0100] {dag.py:2907} INFO - Sync 1 DAGs
[2023-08-24T15:33:13.456+0100] {logging_mixin.py:151} INFO - [2023-08-24T15:33:13.455+0100] {dag.py:3677} INFO - Setting next_dagrun for example_params_trigger_ui to None, run_after=None
[2023-08-24T15:33:13.578+0100] {processor.py:179} INFO - Processing /home/samuel/dev/airflow_learning/venv/lib/python3.10/site-packages/airflow/example_dags/example_params_trigger_ui.py took 0.204 seconds
[2023-08-24T15:34:10.425+0100] {processor.py:157} INFO - Started process (PID=6207) to work on /home/samuel/dev/airflow_learning/venv/lib/python3.10/site-packages/airflow/example_dags/example_params_trigger_ui.py
[2023-08-24T15:34:10.436+0100] {processor.py:829} INFO - Processing file /home/samuel/dev/airflow_learning/venv/lib/python3.10/site-packages/airflow/example_dags/example_params_trigger_ui.py for tasks to queue
[2023-08-24T15:34:10.437+0100] {logging_mixin.py:151} INFO - [2023-08-24T15:34:10.437+0100] {dagbag.py:539} INFO - Filling up the DagBag from /home/samuel/dev/airflow_learning/venv/lib/python3.10/site-packages/airflow/example_dags/example_params_trigger_ui.py
[2023-08-24T15:34:10.458+0100] {processor.py:839} INFO - DAG(s) dict_keys(['example_params_trigger_ui']) retrieved from /home/samuel/dev/airflow_learning/venv/lib/python3.10/site-packages/airflow/example_dags/example_params_trigger_ui.py
[2023-08-24T15:34:10.504+0100] {logging_mixin.py:151} INFO - [2023-08-24T15:34:10.504+0100] {dag.py:2907} INFO - Sync 1 DAGs
[2023-08-24T15:34:10.515+0100] {logging_mixin.py:151} INFO - [2023-08-24T15:34:10.515+0100] {dag.py:3677} INFO - Setting next_dagrun for example_params_trigger_ui to None, run_after=None
[2023-08-24T15:34:10.632+0100] {processor.py:179} INFO - Processing /home/samuel/dev/airflow_learning/venv/lib/python3.10/site-packages/airflow/example_dags/example_params_trigger_ui.py took 0.211 seconds
[2023-08-24T15:35:22.414+0100] {processor.py:157} INFO - Started process (PID=6287) to work on /home/samuel/dev/airflow_learning/venv/lib/python3.10/site-packages/airflow/example_dags/example_params_trigger_ui.py
[2023-08-24T15:35:22.428+0100] {processor.py:829} INFO - Processing file /home/samuel/dev/airflow_learning/venv/lib/python3.10/site-packages/airflow/example_dags/example_params_trigger_ui.py for tasks to queue
[2023-08-24T15:35:22.430+0100] {logging_mixin.py:151} INFO - [2023-08-24T15:35:22.429+0100] {dagbag.py:539} INFO - Filling up the DagBag from /home/samuel/dev/airflow_learning/venv/lib/python3.10/site-packages/airflow/example_dags/example_params_trigger_ui.py
[2023-08-24T15:35:22.456+0100] {processor.py:839} INFO - DAG(s) dict_keys(['example_params_trigger_ui']) retrieved from /home/samuel/dev/airflow_learning/venv/lib/python3.10/site-packages/airflow/example_dags/example_params_trigger_ui.py
[2023-08-24T15:35:22.513+0100] {logging_mixin.py:151} INFO - [2023-08-24T15:35:22.513+0100] {dag.py:2907} INFO - Sync 1 DAGs
[2023-08-24T15:35:22.531+0100] {logging_mixin.py:151} INFO - [2023-08-24T15:35:22.530+0100] {dag.py:3677} INFO - Setting next_dagrun for example_params_trigger_ui to None, run_after=None
[2023-08-24T15:35:22.688+0100] {processor.py:179} INFO - Processing /home/samuel/dev/airflow_learning/venv/lib/python3.10/site-packages/airflow/example_dags/example_params_trigger_ui.py took 0.279 seconds
[2023-08-24T15:36:17.443+0100] {processor.py:157} INFO - Started process (PID=6342) to work on /home/samuel/dev/airflow_learning/venv/lib/python3.10/site-packages/airflow/example_dags/example_params_trigger_ui.py
[2023-08-24T15:36:17.487+0100] {processor.py:829} INFO - Processing file /home/samuel/dev/airflow_learning/venv/lib/python3.10/site-packages/airflow/example_dags/example_params_trigger_ui.py for tasks to queue
[2023-08-24T15:36:17.488+0100] {logging_mixin.py:151} INFO - [2023-08-24T15:36:17.488+0100] {dagbag.py:539} INFO - Filling up the DagBag from /home/samuel/dev/airflow_learning/venv/lib/python3.10/site-packages/airflow/example_dags/example_params_trigger_ui.py
[2023-08-24T15:36:17.505+0100] {processor.py:839} INFO - DAG(s) dict_keys(['example_params_trigger_ui']) retrieved from /home/samuel/dev/airflow_learning/venv/lib/python3.10/site-packages/airflow/example_dags/example_params_trigger_ui.py
[2023-08-24T15:36:17.551+0100] {logging_mixin.py:151} INFO - [2023-08-24T15:36:17.550+0100] {dag.py:2907} INFO - Sync 1 DAGs
[2023-08-24T15:36:17.562+0100] {logging_mixin.py:151} INFO - [2023-08-24T15:36:17.562+0100] {dag.py:3677} INFO - Setting next_dagrun for example_params_trigger_ui to None, run_after=None
[2023-08-24T15:36:17.653+0100] {processor.py:179} INFO - Processing /home/samuel/dev/airflow_learning/venv/lib/python3.10/site-packages/airflow/example_dags/example_params_trigger_ui.py took 0.213 seconds
[2023-08-24T15:37:16.916+0100] {processor.py:157} INFO - Started process (PID=6397) to work on /home/samuel/dev/airflow_learning/venv/lib/python3.10/site-packages/airflow/example_dags/example_params_trigger_ui.py
[2023-08-24T15:37:16.949+0100] {processor.py:829} INFO - Processing file /home/samuel/dev/airflow_learning/venv/lib/python3.10/site-packages/airflow/example_dags/example_params_trigger_ui.py for tasks to queue
[2023-08-24T15:37:16.950+0100] {logging_mixin.py:151} INFO - [2023-08-24T15:37:16.950+0100] {dagbag.py:539} INFO - Filling up the DagBag from /home/samuel/dev/airflow_learning/venv/lib/python3.10/site-packages/airflow/example_dags/example_params_trigger_ui.py
[2023-08-24T15:37:16.973+0100] {processor.py:839} INFO - DAG(s) dict_keys(['example_params_trigger_ui']) retrieved from /home/samuel/dev/airflow_learning/venv/lib/python3.10/site-packages/airflow/example_dags/example_params_trigger_ui.py
[2023-08-24T15:37:17.022+0100] {logging_mixin.py:151} INFO - [2023-08-24T15:37:17.021+0100] {dag.py:2907} INFO - Sync 1 DAGs
[2023-08-24T15:37:17.033+0100] {logging_mixin.py:151} INFO - [2023-08-24T15:37:17.033+0100] {dag.py:3677} INFO - Setting next_dagrun for example_params_trigger_ui to None, run_after=None
[2023-08-24T15:37:17.141+0100] {processor.py:179} INFO - Processing /home/samuel/dev/airflow_learning/venv/lib/python3.10/site-packages/airflow/example_dags/example_params_trigger_ui.py took 0.228 seconds
[2023-08-24T15:38:25.897+0100] {processor.py:157} INFO - Started process (PID=6460) to work on /home/samuel/dev/airflow_learning/venv/lib/python3.10/site-packages/airflow/example_dags/example_params_trigger_ui.py
[2023-08-24T15:38:25.900+0100] {processor.py:829} INFO - Processing file /home/samuel/dev/airflow_learning/venv/lib/python3.10/site-packages/airflow/example_dags/example_params_trigger_ui.py for tasks to queue
[2023-08-24T15:38:25.901+0100] {logging_mixin.py:151} INFO - [2023-08-24T15:38:25.901+0100] {dagbag.py:539} INFO - Filling up the DagBag from /home/samuel/dev/airflow_learning/venv/lib/python3.10/site-packages/airflow/example_dags/example_params_trigger_ui.py
[2023-08-24T15:38:25.920+0100] {processor.py:839} INFO - DAG(s) dict_keys(['example_params_trigger_ui']) retrieved from /home/samuel/dev/airflow_learning/venv/lib/python3.10/site-packages/airflow/example_dags/example_params_trigger_ui.py
[2023-08-24T15:38:25.965+0100] {logging_mixin.py:151} INFO - [2023-08-24T15:38:25.965+0100] {dag.py:2907} INFO - Sync 1 DAGs
[2023-08-24T15:38:25.976+0100] {logging_mixin.py:151} INFO - [2023-08-24T15:38:25.976+0100] {dag.py:3677} INFO - Setting next_dagrun for example_params_trigger_ui to None, run_after=None
[2023-08-24T15:38:26.091+0100] {processor.py:179} INFO - Processing /home/samuel/dev/airflow_learning/venv/lib/python3.10/site-packages/airflow/example_dags/example_params_trigger_ui.py took 0.197 seconds
[2023-08-24T15:39:21.701+0100] {processor.py:157} INFO - Started process (PID=6513) to work on /home/samuel/dev/airflow_learning/venv/lib/python3.10/site-packages/airflow/example_dags/example_params_trigger_ui.py
[2023-08-24T15:39:21.704+0100] {processor.py:829} INFO - Processing file /home/samuel/dev/airflow_learning/venv/lib/python3.10/site-packages/airflow/example_dags/example_params_trigger_ui.py for tasks to queue
[2023-08-24T15:39:21.705+0100] {logging_mixin.py:151} INFO - [2023-08-24T15:39:21.705+0100] {dagbag.py:539} INFO - Filling up the DagBag from /home/samuel/dev/airflow_learning/venv/lib/python3.10/site-packages/airflow/example_dags/example_params_trigger_ui.py
[2023-08-24T15:39:21.736+0100] {processor.py:839} INFO - DAG(s) dict_keys(['example_params_trigger_ui']) retrieved from /home/samuel/dev/airflow_learning/venv/lib/python3.10/site-packages/airflow/example_dags/example_params_trigger_ui.py
[2023-08-24T15:39:21.781+0100] {logging_mixin.py:151} INFO - [2023-08-24T15:39:21.781+0100] {dag.py:2907} INFO - Sync 1 DAGs
[2023-08-24T15:39:21.792+0100] {logging_mixin.py:151} INFO - [2023-08-24T15:39:21.792+0100] {dag.py:3677} INFO - Setting next_dagrun for example_params_trigger_ui to None, run_after=None
[2023-08-24T15:39:21.916+0100] {processor.py:179} INFO - Processing /home/samuel/dev/airflow_learning/venv/lib/python3.10/site-packages/airflow/example_dags/example_params_trigger_ui.py took 0.218 seconds
[2023-08-24T15:40:30.605+0100] {processor.py:157} INFO - Started process (PID=6597) to work on /home/samuel/dev/airflow_learning/venv/lib/python3.10/site-packages/airflow/example_dags/example_params_trigger_ui.py
[2023-08-24T15:40:30.623+0100] {processor.py:829} INFO - Processing file /home/samuel/dev/airflow_learning/venv/lib/python3.10/site-packages/airflow/example_dags/example_params_trigger_ui.py for tasks to queue
[2023-08-24T15:40:30.624+0100] {logging_mixin.py:151} INFO - [2023-08-24T15:40:30.624+0100] {dagbag.py:539} INFO - Filling up the DagBag from /home/samuel/dev/airflow_learning/venv/lib/python3.10/site-packages/airflow/example_dags/example_params_trigger_ui.py
[2023-08-24T15:40:30.642+0100] {processor.py:839} INFO - DAG(s) dict_keys(['example_params_trigger_ui']) retrieved from /home/samuel/dev/airflow_learning/venv/lib/python3.10/site-packages/airflow/example_dags/example_params_trigger_ui.py
[2023-08-24T15:40:30.688+0100] {logging_mixin.py:151} INFO - [2023-08-24T15:40:30.687+0100] {dag.py:2907} INFO - Sync 1 DAGs
[2023-08-24T15:40:30.699+0100] {logging_mixin.py:151} INFO - [2023-08-24T15:40:30.699+0100] {dag.py:3677} INFO - Setting next_dagrun for example_params_trigger_ui to None, run_after=None
[2023-08-24T15:40:30.809+0100] {processor.py:179} INFO - Processing /home/samuel/dev/airflow_learning/venv/lib/python3.10/site-packages/airflow/example_dags/example_params_trigger_ui.py took 0.207 seconds
[2023-08-24T15:41:26.350+0100] {processor.py:157} INFO - Started process (PID=6650) to work on /home/samuel/dev/airflow_learning/venv/lib/python3.10/site-packages/airflow/example_dags/example_params_trigger_ui.py
[2023-08-24T15:41:26.383+0100] {processor.py:829} INFO - Processing file /home/samuel/dev/airflow_learning/venv/lib/python3.10/site-packages/airflow/example_dags/example_params_trigger_ui.py for tasks to queue
[2023-08-24T15:41:26.384+0100] {logging_mixin.py:151} INFO - [2023-08-24T15:41:26.384+0100] {dagbag.py:539} INFO - Filling up the DagBag from /home/samuel/dev/airflow_learning/venv/lib/python3.10/site-packages/airflow/example_dags/example_params_trigger_ui.py
[2023-08-24T15:41:26.406+0100] {processor.py:839} INFO - DAG(s) dict_keys(['example_params_trigger_ui']) retrieved from /home/samuel/dev/airflow_learning/venv/lib/python3.10/site-packages/airflow/example_dags/example_params_trigger_ui.py
[2023-08-24T15:41:26.457+0100] {logging_mixin.py:151} INFO - [2023-08-24T15:41:26.457+0100] {dag.py:2907} INFO - Sync 1 DAGs
[2023-08-24T15:41:26.468+0100] {logging_mixin.py:151} INFO - [2023-08-24T15:41:26.468+0100] {dag.py:3677} INFO - Setting next_dagrun for example_params_trigger_ui to None, run_after=None
[2023-08-24T15:41:26.676+0100] {processor.py:179} INFO - Processing /home/samuel/dev/airflow_learning/venv/lib/python3.10/site-packages/airflow/example_dags/example_params_trigger_ui.py took 0.329 seconds
[2023-08-24T15:42:16.974+0100] {processor.py:157} INFO - Started process (PID=6751) to work on /home/samuel/dev/airflow_learning/venv/lib/python3.10/site-packages/airflow/example_dags/example_params_trigger_ui.py
[2023-08-24T15:42:16.998+0100] {processor.py:829} INFO - Processing file /home/samuel/dev/airflow_learning/venv/lib/python3.10/site-packages/airflow/example_dags/example_params_trigger_ui.py for tasks to queue
[2023-08-24T15:42:16.999+0100] {logging_mixin.py:151} INFO - [2023-08-24T15:42:16.999+0100] {dagbag.py:539} INFO - Filling up the DagBag from /home/samuel/dev/airflow_learning/venv/lib/python3.10/site-packages/airflow/example_dags/example_params_trigger_ui.py
[2023-08-24T15:42:17.024+0100] {processor.py:839} INFO - DAG(s) dict_keys(['example_params_trigger_ui']) retrieved from /home/samuel/dev/airflow_learning/venv/lib/python3.10/site-packages/airflow/example_dags/example_params_trigger_ui.py
[2023-08-24T15:42:17.073+0100] {logging_mixin.py:151} INFO - [2023-08-24T15:42:17.073+0100] {dag.py:2907} INFO - Sync 1 DAGs
[2023-08-24T15:42:17.084+0100] {logging_mixin.py:151} INFO - [2023-08-24T15:42:17.084+0100] {dag.py:3677} INFO - Setting next_dagrun for example_params_trigger_ui to None, run_after=None
[2023-08-24T15:42:17.198+0100] {processor.py:179} INFO - Processing /home/samuel/dev/airflow_learning/venv/lib/python3.10/site-packages/airflow/example_dags/example_params_trigger_ui.py took 0.228 seconds
[2023-08-24T15:43:12.991+0100] {processor.py:157} INFO - Started process (PID=6812) to work on /home/samuel/dev/airflow_learning/venv/lib/python3.10/site-packages/airflow/example_dags/example_params_trigger_ui.py
[2023-08-24T15:43:12.993+0100] {processor.py:829} INFO - Processing file /home/samuel/dev/airflow_learning/venv/lib/python3.10/site-packages/airflow/example_dags/example_params_trigger_ui.py for tasks to queue
[2023-08-24T15:43:12.994+0100] {logging_mixin.py:151} INFO - [2023-08-24T15:43:12.993+0100] {dagbag.py:539} INFO - Filling up the DagBag from /home/samuel/dev/airflow_learning/venv/lib/python3.10/site-packages/airflow/example_dags/example_params_trigger_ui.py
[2023-08-24T15:43:13.015+0100] {processor.py:839} INFO - DAG(s) dict_keys(['example_params_trigger_ui']) retrieved from /home/samuel/dev/airflow_learning/venv/lib/python3.10/site-packages/airflow/example_dags/example_params_trigger_ui.py
[2023-08-24T15:43:13.061+0100] {logging_mixin.py:151} INFO - [2023-08-24T15:43:13.061+0100] {dag.py:2907} INFO - Sync 1 DAGs
[2023-08-24T15:43:13.073+0100] {logging_mixin.py:151} INFO - [2023-08-24T15:43:13.072+0100] {dag.py:3677} INFO - Setting next_dagrun for example_params_trigger_ui to None, run_after=None
[2023-08-24T15:43:13.203+0100] {processor.py:179} INFO - Processing /home/samuel/dev/airflow_learning/venv/lib/python3.10/site-packages/airflow/example_dags/example_params_trigger_ui.py took 0.217 seconds
[2023-08-24T15:44:07.294+0100] {processor.py:157} INFO - Started process (PID=6866) to work on /home/samuel/dev/airflow_learning/venv/lib/python3.10/site-packages/airflow/example_dags/example_params_trigger_ui.py
[2023-08-24T15:44:07.325+0100] {processor.py:829} INFO - Processing file /home/samuel/dev/airflow_learning/venv/lib/python3.10/site-packages/airflow/example_dags/example_params_trigger_ui.py for tasks to queue
[2023-08-24T15:44:07.326+0100] {logging_mixin.py:151} INFO - [2023-08-24T15:44:07.326+0100] {dagbag.py:539} INFO - Filling up the DagBag from /home/samuel/dev/airflow_learning/venv/lib/python3.10/site-packages/airflow/example_dags/example_params_trigger_ui.py
[2023-08-24T15:44:07.348+0100] {processor.py:839} INFO - DAG(s) dict_keys(['example_params_trigger_ui']) retrieved from /home/samuel/dev/airflow_learning/venv/lib/python3.10/site-packages/airflow/example_dags/example_params_trigger_ui.py
[2023-08-24T15:44:07.399+0100] {logging_mixin.py:151} INFO - [2023-08-24T15:44:07.398+0100] {dag.py:2907} INFO - Sync 1 DAGs
[2023-08-24T15:44:07.410+0100] {logging_mixin.py:151} INFO - [2023-08-24T15:44:07.409+0100] {dag.py:3677} INFO - Setting next_dagrun for example_params_trigger_ui to None, run_after=None
[2023-08-24T15:44:07.530+0100] {processor.py:179} INFO - Processing /home/samuel/dev/airflow_learning/venv/lib/python3.10/site-packages/airflow/example_dags/example_params_trigger_ui.py took 0.239 seconds
[2023-08-24T15:44:56.806+0100] {processor.py:157} INFO - Started process (PID=6913) to work on /home/samuel/dev/airflow_learning/venv/lib/python3.10/site-packages/airflow/example_dags/example_params_trigger_ui.py
[2023-08-24T15:44:56.829+0100] {processor.py:829} INFO - Processing file /home/samuel/dev/airflow_learning/venv/lib/python3.10/site-packages/airflow/example_dags/example_params_trigger_ui.py for tasks to queue
[2023-08-24T15:44:56.830+0100] {logging_mixin.py:151} INFO - [2023-08-24T15:44:56.830+0100] {dagbag.py:539} INFO - Filling up the DagBag from /home/samuel/dev/airflow_learning/venv/lib/python3.10/site-packages/airflow/example_dags/example_params_trigger_ui.py
[2023-08-24T15:44:56.851+0100] {processor.py:839} INFO - DAG(s) dict_keys(['example_params_trigger_ui']) retrieved from /home/samuel/dev/airflow_learning/venv/lib/python3.10/site-packages/airflow/example_dags/example_params_trigger_ui.py
[2023-08-24T15:44:56.898+0100] {logging_mixin.py:151} INFO - [2023-08-24T15:44:56.898+0100] {dag.py:2907} INFO - Sync 1 DAGs
[2023-08-24T15:44:56.910+0100] {logging_mixin.py:151} INFO - [2023-08-24T15:44:56.910+0100] {dag.py:3677} INFO - Setting next_dagrun for example_params_trigger_ui to None, run_after=None
[2023-08-24T15:44:57.021+0100] {processor.py:179} INFO - Processing /home/samuel/dev/airflow_learning/venv/lib/python3.10/site-packages/airflow/example_dags/example_params_trigger_ui.py took 0.218 seconds
[2023-08-24T15:45:49.414+0100] {processor.py:157} INFO - Started process (PID=6964) to work on /home/samuel/dev/airflow_learning/venv/lib/python3.10/site-packages/airflow/example_dags/example_params_trigger_ui.py
[2023-08-24T15:45:49.445+0100] {processor.py:829} INFO - Processing file /home/samuel/dev/airflow_learning/venv/lib/python3.10/site-packages/airflow/example_dags/example_params_trigger_ui.py for tasks to queue
[2023-08-24T15:45:49.447+0100] {logging_mixin.py:151} INFO - [2023-08-24T15:45:49.446+0100] {dagbag.py:539} INFO - Filling up the DagBag from /home/samuel/dev/airflow_learning/venv/lib/python3.10/site-packages/airflow/example_dags/example_params_trigger_ui.py
[2023-08-24T15:45:49.464+0100] {processor.py:839} INFO - DAG(s) dict_keys(['example_params_trigger_ui']) retrieved from /home/samuel/dev/airflow_learning/venv/lib/python3.10/site-packages/airflow/example_dags/example_params_trigger_ui.py
[2023-08-24T15:45:49.507+0100] {logging_mixin.py:151} INFO - [2023-08-24T15:45:49.507+0100] {dag.py:2907} INFO - Sync 1 DAGs
[2023-08-24T15:45:49.519+0100] {logging_mixin.py:151} INFO - [2023-08-24T15:45:49.518+0100] {dag.py:3677} INFO - Setting next_dagrun for example_params_trigger_ui to None, run_after=None
[2023-08-24T15:45:49.639+0100] {processor.py:179} INFO - Processing /home/samuel/dev/airflow_learning/venv/lib/python3.10/site-packages/airflow/example_dags/example_params_trigger_ui.py took 0.228 seconds
[2023-08-24T15:46:42.430+0100] {processor.py:157} INFO - Started process (PID=7014) to work on /home/samuel/dev/airflow_learning/venv/lib/python3.10/site-packages/airflow/example_dags/example_params_trigger_ui.py
[2023-08-24T15:46:42.432+0100] {processor.py:829} INFO - Processing file /home/samuel/dev/airflow_learning/venv/lib/python3.10/site-packages/airflow/example_dags/example_params_trigger_ui.py for tasks to queue
[2023-08-24T15:46:42.433+0100] {logging_mixin.py:151} INFO - [2023-08-24T15:46:42.432+0100] {dagbag.py:539} INFO - Filling up the DagBag from /home/samuel/dev/airflow_learning/venv/lib/python3.10/site-packages/airflow/example_dags/example_params_trigger_ui.py
[2023-08-24T15:46:42.453+0100] {processor.py:839} INFO - DAG(s) dict_keys(['example_params_trigger_ui']) retrieved from /home/samuel/dev/airflow_learning/venv/lib/python3.10/site-packages/airflow/example_dags/example_params_trigger_ui.py
[2023-08-24T15:46:42.498+0100] {logging_mixin.py:151} INFO - [2023-08-24T15:46:42.498+0100] {dag.py:2907} INFO - Sync 1 DAGs
[2023-08-24T15:46:42.509+0100] {logging_mixin.py:151} INFO - [2023-08-24T15:46:42.509+0100] {dag.py:3677} INFO - Setting next_dagrun for example_params_trigger_ui to None, run_after=None
[2023-08-24T15:46:42.636+0100] {processor.py:179} INFO - Processing /home/samuel/dev/airflow_learning/venv/lib/python3.10/site-packages/airflow/example_dags/example_params_trigger_ui.py took 0.209 seconds
[2023-08-24T15:47:36.722+0100] {processor.py:157} INFO - Started process (PID=7065) to work on /home/samuel/dev/airflow_learning/venv/lib/python3.10/site-packages/airflow/example_dags/example_params_trigger_ui.py
[2023-08-24T15:47:36.723+0100] {processor.py:829} INFO - Processing file /home/samuel/dev/airflow_learning/venv/lib/python3.10/site-packages/airflow/example_dags/example_params_trigger_ui.py for tasks to queue
[2023-08-24T15:47:36.724+0100] {logging_mixin.py:151} INFO - [2023-08-24T15:47:36.724+0100] {dagbag.py:539} INFO - Filling up the DagBag from /home/samuel/dev/airflow_learning/venv/lib/python3.10/site-packages/airflow/example_dags/example_params_trigger_ui.py
[2023-08-24T15:47:36.745+0100] {processor.py:839} INFO - DAG(s) dict_keys(['example_params_trigger_ui']) retrieved from /home/samuel/dev/airflow_learning/venv/lib/python3.10/site-packages/airflow/example_dags/example_params_trigger_ui.py
[2023-08-24T15:47:36.790+0100] {logging_mixin.py:151} INFO - [2023-08-24T15:47:36.789+0100] {dag.py:2907} INFO - Sync 1 DAGs
[2023-08-24T15:47:36.801+0100] {logging_mixin.py:151} INFO - [2023-08-24T15:47:36.800+0100] {dag.py:3677} INFO - Setting next_dagrun for example_params_trigger_ui to None, run_after=None
[2023-08-24T15:47:36.904+0100] {processor.py:179} INFO - Processing /home/samuel/dev/airflow_learning/venv/lib/python3.10/site-packages/airflow/example_dags/example_params_trigger_ui.py took 0.186 seconds
[2023-08-24T15:48:30.858+0100] {processor.py:157} INFO - Started process (PID=7133) to work on /home/samuel/dev/airflow_learning/venv/lib/python3.10/site-packages/airflow/example_dags/example_params_trigger_ui.py
[2023-08-24T15:48:30.871+0100] {processor.py:829} INFO - Processing file /home/samuel/dev/airflow_learning/venv/lib/python3.10/site-packages/airflow/example_dags/example_params_trigger_ui.py for tasks to queue
[2023-08-24T15:48:30.872+0100] {logging_mixin.py:151} INFO - [2023-08-24T15:48:30.871+0100] {dagbag.py:539} INFO - Filling up the DagBag from /home/samuel/dev/airflow_learning/venv/lib/python3.10/site-packages/airflow/example_dags/example_params_trigger_ui.py
[2023-08-24T15:48:30.892+0100] {processor.py:839} INFO - DAG(s) dict_keys(['example_params_trigger_ui']) retrieved from /home/samuel/dev/airflow_learning/venv/lib/python3.10/site-packages/airflow/example_dags/example_params_trigger_ui.py
[2023-08-24T15:48:30.939+0100] {logging_mixin.py:151} INFO - [2023-08-24T15:48:30.938+0100] {dag.py:2907} INFO - Sync 1 DAGs
[2023-08-24T15:48:30.950+0100] {logging_mixin.py:151} INFO - [2023-08-24T15:48:30.949+0100] {dag.py:3677} INFO - Setting next_dagrun for example_params_trigger_ui to None, run_after=None
[2023-08-24T15:48:31.063+0100] {processor.py:179} INFO - Processing /home/samuel/dev/airflow_learning/venv/lib/python3.10/site-packages/airflow/example_dags/example_params_trigger_ui.py took 0.208 seconds
[2023-08-24T15:49:21.799+0100] {processor.py:157} INFO - Started process (PID=7182) to work on /home/samuel/dev/airflow_learning/venv/lib/python3.10/site-packages/airflow/example_dags/example_params_trigger_ui.py
[2023-08-24T15:49:21.800+0100] {processor.py:829} INFO - Processing file /home/samuel/dev/airflow_learning/venv/lib/python3.10/site-packages/airflow/example_dags/example_params_trigger_ui.py for tasks to queue
[2023-08-24T15:49:21.801+0100] {logging_mixin.py:151} INFO - [2023-08-24T15:49:21.801+0100] {dagbag.py:539} INFO - Filling up the DagBag from /home/samuel/dev/airflow_learning/venv/lib/python3.10/site-packages/airflow/example_dags/example_params_trigger_ui.py
[2023-08-24T15:49:21.821+0100] {processor.py:839} INFO - DAG(s) dict_keys(['example_params_trigger_ui']) retrieved from /home/samuel/dev/airflow_learning/venv/lib/python3.10/site-packages/airflow/example_dags/example_params_trigger_ui.py
[2023-08-24T15:49:21.866+0100] {logging_mixin.py:151} INFO - [2023-08-24T15:49:21.866+0100] {dag.py:2907} INFO - Sync 1 DAGs
[2023-08-24T15:49:21.878+0100] {logging_mixin.py:151} INFO - [2023-08-24T15:49:21.878+0100] {dag.py:3677} INFO - Setting next_dagrun for example_params_trigger_ui to None, run_after=None
[2023-08-24T15:49:21.992+0100] {processor.py:179} INFO - Processing /home/samuel/dev/airflow_learning/venv/lib/python3.10/site-packages/airflow/example_dags/example_params_trigger_ui.py took 0.197 seconds
[2023-08-24T15:50:10.342+0100] {processor.py:157} INFO - Started process (PID=7228) to work on /home/samuel/dev/airflow_learning/venv/lib/python3.10/site-packages/airflow/example_dags/example_params_trigger_ui.py
[2023-08-24T15:50:10.343+0100] {processor.py:829} INFO - Processing file /home/samuel/dev/airflow_learning/venv/lib/python3.10/site-packages/airflow/example_dags/example_params_trigger_ui.py for tasks to queue
[2023-08-24T15:50:10.344+0100] {logging_mixin.py:151} INFO - [2023-08-24T15:50:10.344+0100] {dagbag.py:539} INFO - Filling up the DagBag from /home/samuel/dev/airflow_learning/venv/lib/python3.10/site-packages/airflow/example_dags/example_params_trigger_ui.py
[2023-08-24T15:50:10.365+0100] {processor.py:839} INFO - DAG(s) dict_keys(['example_params_trigger_ui']) retrieved from /home/samuel/dev/airflow_learning/venv/lib/python3.10/site-packages/airflow/example_dags/example_params_trigger_ui.py
[2023-08-24T15:50:10.410+0100] {logging_mixin.py:151} INFO - [2023-08-24T15:50:10.410+0100] {dag.py:2907} INFO - Sync 1 DAGs
[2023-08-24T15:50:10.423+0100] {logging_mixin.py:151} INFO - [2023-08-24T15:50:10.423+0100] {dag.py:3677} INFO - Setting next_dagrun for example_params_trigger_ui to None, run_after=None
[2023-08-24T15:50:10.527+0100] {processor.py:179} INFO - Processing /home/samuel/dev/airflow_learning/venv/lib/python3.10/site-packages/airflow/example_dags/example_params_trigger_ui.py took 0.190 seconds
[2023-08-24T15:51:02.578+0100] {processor.py:157} INFO - Started process (PID=7276) to work on /home/samuel/dev/airflow_learning/venv/lib/python3.10/site-packages/airflow/example_dags/example_params_trigger_ui.py
[2023-08-24T15:51:02.607+0100] {processor.py:829} INFO - Processing file /home/samuel/dev/airflow_learning/venv/lib/python3.10/site-packages/airflow/example_dags/example_params_trigger_ui.py for tasks to queue
[2023-08-24T15:51:02.608+0100] {logging_mixin.py:151} INFO - [2023-08-24T15:51:02.608+0100] {dagbag.py:539} INFO - Filling up the DagBag from /home/samuel/dev/airflow_learning/venv/lib/python3.10/site-packages/airflow/example_dags/example_params_trigger_ui.py
[2023-08-24T15:51:02.630+0100] {processor.py:839} INFO - DAG(s) dict_keys(['example_params_trigger_ui']) retrieved from /home/samuel/dev/airflow_learning/venv/lib/python3.10/site-packages/airflow/example_dags/example_params_trigger_ui.py
[2023-08-24T15:51:02.680+0100] {logging_mixin.py:151} INFO - [2023-08-24T15:51:02.679+0100] {dag.py:2907} INFO - Sync 1 DAGs
[2023-08-24T15:51:02.692+0100] {logging_mixin.py:151} INFO - [2023-08-24T15:51:02.692+0100] {dag.py:3677} INFO - Setting next_dagrun for example_params_trigger_ui to None, run_after=None
[2023-08-24T15:51:02.815+0100] {processor.py:179} INFO - Processing /home/samuel/dev/airflow_learning/venv/lib/python3.10/site-packages/airflow/example_dags/example_params_trigger_ui.py took 0.241 seconds
[2023-08-24T15:51:54.821+0100] {processor.py:157} INFO - Started process (PID=7333) to work on /home/samuel/dev/airflow_learning/venv/lib/python3.10/site-packages/airflow/example_dags/example_params_trigger_ui.py
[2023-08-24T15:51:54.856+0100] {processor.py:829} INFO - Processing file /home/samuel/dev/airflow_learning/venv/lib/python3.10/site-packages/airflow/example_dags/example_params_trigger_ui.py for tasks to queue
[2023-08-24T15:51:54.857+0100] {logging_mixin.py:151} INFO - [2023-08-24T15:51:54.857+0100] {dagbag.py:539} INFO - Filling up the DagBag from /home/samuel/dev/airflow_learning/venv/lib/python3.10/site-packages/airflow/example_dags/example_params_trigger_ui.py
[2023-08-24T15:51:54.879+0100] {processor.py:839} INFO - DAG(s) dict_keys(['example_params_trigger_ui']) retrieved from /home/samuel/dev/airflow_learning/venv/lib/python3.10/site-packages/airflow/example_dags/example_params_trigger_ui.py
[2023-08-24T15:51:54.929+0100] {logging_mixin.py:151} INFO - [2023-08-24T15:51:54.929+0100] {dag.py:2907} INFO - Sync 1 DAGs
[2023-08-24T15:51:54.940+0100] {logging_mixin.py:151} INFO - [2023-08-24T15:51:54.940+0100] {dag.py:3677} INFO - Setting next_dagrun for example_params_trigger_ui to None, run_after=None
[2023-08-24T15:51:55.052+0100] {processor.py:179} INFO - Processing /home/samuel/dev/airflow_learning/venv/lib/python3.10/site-packages/airflow/example_dags/example_params_trigger_ui.py took 0.234 seconds
[2023-08-24T15:52:44.006+0100] {processor.py:157} INFO - Started process (PID=7384) to work on /home/samuel/dev/airflow_learning/venv/lib/python3.10/site-packages/airflow/example_dags/example_params_trigger_ui.py
[2023-08-24T15:52:44.007+0100] {processor.py:829} INFO - Processing file /home/samuel/dev/airflow_learning/venv/lib/python3.10/site-packages/airflow/example_dags/example_params_trigger_ui.py for tasks to queue
[2023-08-24T15:52:44.008+0100] {logging_mixin.py:151} INFO - [2023-08-24T15:52:44.008+0100] {dagbag.py:539} INFO - Filling up the DagBag from /home/samuel/dev/airflow_learning/venv/lib/python3.10/site-packages/airflow/example_dags/example_params_trigger_ui.py
[2023-08-24T15:52:44.028+0100] {processor.py:839} INFO - DAG(s) dict_keys(['example_params_trigger_ui']) retrieved from /home/samuel/dev/airflow_learning/venv/lib/python3.10/site-packages/airflow/example_dags/example_params_trigger_ui.py
[2023-08-24T15:52:44.074+0100] {logging_mixin.py:151} INFO - [2023-08-24T15:52:44.074+0100] {dag.py:2907} INFO - Sync 1 DAGs
[2023-08-24T15:52:44.085+0100] {logging_mixin.py:151} INFO - [2023-08-24T15:52:44.085+0100] {dag.py:3677} INFO - Setting next_dagrun for example_params_trigger_ui to None, run_after=None
[2023-08-24T15:52:44.184+0100] {processor.py:179} INFO - Processing /home/samuel/dev/airflow_learning/venv/lib/python3.10/site-packages/airflow/example_dags/example_params_trigger_ui.py took 0.182 seconds
[2023-08-24T15:53:36.346+0100] {processor.py:157} INFO - Started process (PID=7500) to work on /home/samuel/dev/airflow_learning/venv/lib/python3.10/site-packages/airflow/example_dags/example_params_trigger_ui.py
[2023-08-24T15:53:36.389+0100] {processor.py:829} INFO - Processing file /home/samuel/dev/airflow_learning/venv/lib/python3.10/site-packages/airflow/example_dags/example_params_trigger_ui.py for tasks to queue
[2023-08-24T15:53:36.390+0100] {logging_mixin.py:151} INFO - [2023-08-24T15:53:36.389+0100] {dagbag.py:539} INFO - Filling up the DagBag from /home/samuel/dev/airflow_learning/venv/lib/python3.10/site-packages/airflow/example_dags/example_params_trigger_ui.py
[2023-08-24T15:53:36.407+0100] {processor.py:839} INFO - DAG(s) dict_keys(['example_params_trigger_ui']) retrieved from /home/samuel/dev/airflow_learning/venv/lib/python3.10/site-packages/airflow/example_dags/example_params_trigger_ui.py
[2023-08-24T15:53:36.451+0100] {logging_mixin.py:151} INFO - [2023-08-24T15:53:36.451+0100] {dag.py:2907} INFO - Sync 1 DAGs
[2023-08-24T15:53:36.462+0100] {logging_mixin.py:151} INFO - [2023-08-24T15:53:36.462+0100] {dag.py:3677} INFO - Setting next_dagrun for example_params_trigger_ui to None, run_after=None
[2023-08-24T15:53:36.579+0100] {processor.py:179} INFO - Processing /home/samuel/dev/airflow_learning/venv/lib/python3.10/site-packages/airflow/example_dags/example_params_trigger_ui.py took 0.236 seconds
[2023-08-24T15:54:41.519+0100] {processor.py:157} INFO - Started process (PID=7591) to work on /home/samuel/dev/airflow_learning/venv/lib/python3.10/site-packages/airflow/example_dags/example_params_trigger_ui.py
[2023-08-24T15:54:41.550+0100] {processor.py:829} INFO - Processing file /home/samuel/dev/airflow_learning/venv/lib/python3.10/site-packages/airflow/example_dags/example_params_trigger_ui.py for tasks to queue
[2023-08-24T15:54:41.551+0100] {logging_mixin.py:151} INFO - [2023-08-24T15:54:41.551+0100] {dagbag.py:539} INFO - Filling up the DagBag from /home/samuel/dev/airflow_learning/venv/lib/python3.10/site-packages/airflow/example_dags/example_params_trigger_ui.py
[2023-08-24T15:54:41.573+0100] {processor.py:839} INFO - DAG(s) dict_keys(['example_params_trigger_ui']) retrieved from /home/samuel/dev/airflow_learning/venv/lib/python3.10/site-packages/airflow/example_dags/example_params_trigger_ui.py
[2023-08-24T15:54:41.623+0100] {logging_mixin.py:151} INFO - [2023-08-24T15:54:41.623+0100] {dag.py:2907} INFO - Sync 1 DAGs
[2023-08-24T15:54:41.634+0100] {logging_mixin.py:151} INFO - [2023-08-24T15:54:41.634+0100] {dag.py:3677} INFO - Setting next_dagrun for example_params_trigger_ui to None, run_after=None
[2023-08-24T15:54:41.753+0100] {processor.py:179} INFO - Processing /home/samuel/dev/airflow_learning/venv/lib/python3.10/site-packages/airflow/example_dags/example_params_trigger_ui.py took 0.238 seconds
[2023-08-24T15:55:42.998+0100] {processor.py:157} INFO - Started process (PID=7642) to work on /home/samuel/dev/airflow_learning/venv/lib/python3.10/site-packages/airflow/example_dags/example_params_trigger_ui.py
[2023-08-24T15:55:43.043+0100] {processor.py:829} INFO - Processing file /home/samuel/dev/airflow_learning/venv/lib/python3.10/site-packages/airflow/example_dags/example_params_trigger_ui.py for tasks to queue
[2023-08-24T15:55:43.045+0100] {logging_mixin.py:151} INFO - [2023-08-24T15:55:43.044+0100] {dagbag.py:539} INFO - Filling up the DagBag from /home/samuel/dev/airflow_learning/venv/lib/python3.10/site-packages/airflow/example_dags/example_params_trigger_ui.py
[2023-08-24T15:55:43.066+0100] {processor.py:839} INFO - DAG(s) dict_keys(['example_params_trigger_ui']) retrieved from /home/samuel/dev/airflow_learning/venv/lib/python3.10/site-packages/airflow/example_dags/example_params_trigger_ui.py
[2023-08-24T15:55:43.117+0100] {logging_mixin.py:151} INFO - [2023-08-24T15:55:43.117+0100] {dag.py:2907} INFO - Sync 1 DAGs
[2023-08-24T15:55:43.128+0100] {logging_mixin.py:151} INFO - [2023-08-24T15:55:43.128+0100] {dag.py:3677} INFO - Setting next_dagrun for example_params_trigger_ui to None, run_after=None
[2023-08-24T15:55:43.247+0100] {processor.py:179} INFO - Processing /home/samuel/dev/airflow_learning/venv/lib/python3.10/site-packages/airflow/example_dags/example_params_trigger_ui.py took 0.253 seconds
[2023-08-24T15:56:35.621+0100] {processor.py:157} INFO - Started process (PID=7828) to work on /home/samuel/dev/airflow_learning/venv/lib/python3.10/site-packages/airflow/example_dags/example_params_trigger_ui.py
[2023-08-24T15:56:35.622+0100] {processor.py:829} INFO - Processing file /home/samuel/dev/airflow_learning/venv/lib/python3.10/site-packages/airflow/example_dags/example_params_trigger_ui.py for tasks to queue
[2023-08-24T15:56:35.623+0100] {logging_mixin.py:151} INFO - [2023-08-24T15:56:35.622+0100] {dagbag.py:539} INFO - Filling up the DagBag from /home/samuel/dev/airflow_learning/venv/lib/python3.10/site-packages/airflow/example_dags/example_params_trigger_ui.py
[2023-08-24T15:56:35.643+0100] {processor.py:839} INFO - DAG(s) dict_keys(['example_params_trigger_ui']) retrieved from /home/samuel/dev/airflow_learning/venv/lib/python3.10/site-packages/airflow/example_dags/example_params_trigger_ui.py
[2023-08-24T15:56:35.687+0100] {logging_mixin.py:151} INFO - [2023-08-24T15:56:35.686+0100] {dag.py:2907} INFO - Sync 1 DAGs
[2023-08-24T15:56:35.697+0100] {logging_mixin.py:151} INFO - [2023-08-24T15:56:35.697+0100] {dag.py:3677} INFO - Setting next_dagrun for example_params_trigger_ui to None, run_after=None
[2023-08-24T15:56:35.875+0100] {processor.py:179} INFO - Processing /home/samuel/dev/airflow_learning/venv/lib/python3.10/site-packages/airflow/example_dags/example_params_trigger_ui.py took 0.258 seconds
[2023-08-24T15:57:50.969+0100] {processor.py:157} INFO - Started process (PID=7910) to work on /home/samuel/dev/airflow_learning/venv/lib/python3.10/site-packages/airflow/example_dags/example_params_trigger_ui.py
[2023-08-24T15:57:50.987+0100] {processor.py:829} INFO - Processing file /home/samuel/dev/airflow_learning/venv/lib/python3.10/site-packages/airflow/example_dags/example_params_trigger_ui.py for tasks to queue
[2023-08-24T15:57:50.988+0100] {logging_mixin.py:151} INFO - [2023-08-24T15:57:50.988+0100] {dagbag.py:539} INFO - Filling up the DagBag from /home/samuel/dev/airflow_learning/venv/lib/python3.10/site-packages/airflow/example_dags/example_params_trigger_ui.py
[2023-08-24T15:57:51.005+0100] {processor.py:839} INFO - DAG(s) dict_keys(['example_params_trigger_ui']) retrieved from /home/samuel/dev/airflow_learning/venv/lib/python3.10/site-packages/airflow/example_dags/example_params_trigger_ui.py
[2023-08-24T15:57:51.048+0100] {logging_mixin.py:151} INFO - [2023-08-24T15:57:51.048+0100] {dag.py:2907} INFO - Sync 1 DAGs
[2023-08-24T15:57:51.063+0100] {logging_mixin.py:151} INFO - [2023-08-24T15:57:51.063+0100] {dag.py:3677} INFO - Setting next_dagrun for example_params_trigger_ui to None, run_after=None
[2023-08-24T15:57:51.168+0100] {processor.py:179} INFO - Processing /home/samuel/dev/airflow_learning/venv/lib/python3.10/site-packages/airflow/example_dags/example_params_trigger_ui.py took 0.202 seconds
[2023-08-24T15:58:44.785+0100] {processor.py:157} INFO - Started process (PID=7967) to work on /home/samuel/dev/airflow_learning/venv/lib/python3.10/site-packages/airflow/example_dags/example_params_trigger_ui.py
[2023-08-24T15:58:44.788+0100] {processor.py:829} INFO - Processing file /home/samuel/dev/airflow_learning/venv/lib/python3.10/site-packages/airflow/example_dags/example_params_trigger_ui.py for tasks to queue
[2023-08-24T15:58:44.789+0100] {logging_mixin.py:151} INFO - [2023-08-24T15:58:44.789+0100] {dagbag.py:539} INFO - Filling up the DagBag from /home/samuel/dev/airflow_learning/venv/lib/python3.10/site-packages/airflow/example_dags/example_params_trigger_ui.py
[2023-08-24T15:58:44.808+0100] {processor.py:839} INFO - DAG(s) dict_keys(['example_params_trigger_ui']) retrieved from /home/samuel/dev/airflow_learning/venv/lib/python3.10/site-packages/airflow/example_dags/example_params_trigger_ui.py
[2023-08-24T15:58:44.852+0100] {logging_mixin.py:151} INFO - [2023-08-24T15:58:44.852+0100] {dag.py:2907} INFO - Sync 1 DAGs
[2023-08-24T15:58:44.863+0100] {logging_mixin.py:151} INFO - [2023-08-24T15:58:44.863+0100] {dag.py:3677} INFO - Setting next_dagrun for example_params_trigger_ui to None, run_after=None
[2023-08-24T15:58:44.982+0100] {processor.py:179} INFO - Processing /home/samuel/dev/airflow_learning/venv/lib/python3.10/site-packages/airflow/example_dags/example_params_trigger_ui.py took 0.201 seconds
[2023-08-24T15:59:37.926+0100] {processor.py:157} INFO - Started process (PID=8117) to work on /home/samuel/dev/airflow_learning/venv/lib/python3.10/site-packages/airflow/example_dags/example_params_trigger_ui.py
[2023-08-24T15:59:37.946+0100] {processor.py:829} INFO - Processing file /home/samuel/dev/airflow_learning/venv/lib/python3.10/site-packages/airflow/example_dags/example_params_trigger_ui.py for tasks to queue
[2023-08-24T15:59:37.947+0100] {logging_mixin.py:151} INFO - [2023-08-24T15:59:37.947+0100] {dagbag.py:539} INFO - Filling up the DagBag from /home/samuel/dev/airflow_learning/venv/lib/python3.10/site-packages/airflow/example_dags/example_params_trigger_ui.py
[2023-08-24T15:59:37.971+0100] {processor.py:839} INFO - DAG(s) dict_keys(['example_params_trigger_ui']) retrieved from /home/samuel/dev/airflow_learning/venv/lib/python3.10/site-packages/airflow/example_dags/example_params_trigger_ui.py
[2023-08-24T15:59:38.021+0100] {logging_mixin.py:151} INFO - [2023-08-24T15:59:38.021+0100] {dag.py:2907} INFO - Sync 1 DAGs
[2023-08-24T15:59:38.034+0100] {logging_mixin.py:151} INFO - [2023-08-24T15:59:38.034+0100] {dag.py:3677} INFO - Setting next_dagrun for example_params_trigger_ui to None, run_after=None
[2023-08-24T15:59:38.229+0100] {processor.py:179} INFO - Processing /home/samuel/dev/airflow_learning/venv/lib/python3.10/site-packages/airflow/example_dags/example_params_trigger_ui.py took 0.306 seconds
[2023-08-24T16:00:36.273+0100] {processor.py:157} INFO - Started process (PID=8301) to work on /home/samuel/dev/airflow_learning/venv/lib/python3.10/site-packages/airflow/example_dags/example_params_trigger_ui.py
[2023-08-24T16:00:36.318+0100] {processor.py:829} INFO - Processing file /home/samuel/dev/airflow_learning/venv/lib/python3.10/site-packages/airflow/example_dags/example_params_trigger_ui.py for tasks to queue
[2023-08-24T16:00:36.319+0100] {logging_mixin.py:151} INFO - [2023-08-24T16:00:36.319+0100] {dagbag.py:539} INFO - Filling up the DagBag from /home/samuel/dev/airflow_learning/venv/lib/python3.10/site-packages/airflow/example_dags/example_params_trigger_ui.py
[2023-08-24T16:00:36.344+0100] {processor.py:839} INFO - DAG(s) dict_keys(['example_params_trigger_ui']) retrieved from /home/samuel/dev/airflow_learning/venv/lib/python3.10/site-packages/airflow/example_dags/example_params_trigger_ui.py
[2023-08-24T16:00:36.392+0100] {logging_mixin.py:151} INFO - [2023-08-24T16:00:36.392+0100] {dag.py:2907} INFO - Sync 1 DAGs
[2023-08-24T16:00:36.404+0100] {logging_mixin.py:151} INFO - [2023-08-24T16:00:36.404+0100] {dag.py:3677} INFO - Setting next_dagrun for example_params_trigger_ui to None, run_after=None
[2023-08-24T16:00:36.558+0100] {processor.py:179} INFO - Processing /home/samuel/dev/airflow_learning/venv/lib/python3.10/site-packages/airflow/example_dags/example_params_trigger_ui.py took 0.288 seconds
[2023-08-24T16:01:29.276+0100] {processor.py:157} INFO - Started process (PID=8380) to work on /home/samuel/dev/airflow_learning/venv/lib/python3.10/site-packages/airflow/example_dags/example_params_trigger_ui.py
[2023-08-24T16:01:29.293+0100] {processor.py:829} INFO - Processing file /home/samuel/dev/airflow_learning/venv/lib/python3.10/site-packages/airflow/example_dags/example_params_trigger_ui.py for tasks to queue
[2023-08-24T16:01:29.294+0100] {logging_mixin.py:151} INFO - [2023-08-24T16:01:29.293+0100] {dagbag.py:539} INFO - Filling up the DagBag from /home/samuel/dev/airflow_learning/venv/lib/python3.10/site-packages/airflow/example_dags/example_params_trigger_ui.py
[2023-08-24T16:01:29.316+0100] {processor.py:839} INFO - DAG(s) dict_keys(['example_params_trigger_ui']) retrieved from /home/samuel/dev/airflow_learning/venv/lib/python3.10/site-packages/airflow/example_dags/example_params_trigger_ui.py
[2023-08-24T16:01:29.384+0100] {logging_mixin.py:151} INFO - [2023-08-24T16:01:29.383+0100] {dag.py:2907} INFO - Sync 1 DAGs
[2023-08-24T16:01:29.397+0100] {logging_mixin.py:151} INFO - [2023-08-24T16:01:29.397+0100] {dag.py:3677} INFO - Setting next_dagrun for example_params_trigger_ui to None, run_after=None
[2023-08-24T16:01:29.509+0100] {processor.py:179} INFO - Processing /home/samuel/dev/airflow_learning/venv/lib/python3.10/site-packages/airflow/example_dags/example_params_trigger_ui.py took 0.238 seconds
[2023-08-24T16:02:23.406+0100] {processor.py:157} INFO - Started process (PID=8456) to work on /home/samuel/dev/airflow_learning/venv/lib/python3.10/site-packages/airflow/example_dags/example_params_trigger_ui.py
[2023-08-24T16:02:23.409+0100] {processor.py:829} INFO - Processing file /home/samuel/dev/airflow_learning/venv/lib/python3.10/site-packages/airflow/example_dags/example_params_trigger_ui.py for tasks to queue
[2023-08-24T16:02:23.410+0100] {logging_mixin.py:151} INFO - [2023-08-24T16:02:23.409+0100] {dagbag.py:539} INFO - Filling up the DagBag from /home/samuel/dev/airflow_learning/venv/lib/python3.10/site-packages/airflow/example_dags/example_params_trigger_ui.py
[2023-08-24T16:02:23.432+0100] {processor.py:839} INFO - DAG(s) dict_keys(['example_params_trigger_ui']) retrieved from /home/samuel/dev/airflow_learning/venv/lib/python3.10/site-packages/airflow/example_dags/example_params_trigger_ui.py
[2023-08-24T16:02:23.477+0100] {logging_mixin.py:151} INFO - [2023-08-24T16:02:23.476+0100] {dag.py:2907} INFO - Sync 1 DAGs
[2023-08-24T16:02:23.488+0100] {logging_mixin.py:151} INFO - [2023-08-24T16:02:23.488+0100] {dag.py:3677} INFO - Setting next_dagrun for example_params_trigger_ui to None, run_after=None
[2023-08-24T16:02:23.608+0100] {processor.py:179} INFO - Processing /home/samuel/dev/airflow_learning/venv/lib/python3.10/site-packages/airflow/example_dags/example_params_trigger_ui.py took 0.205 seconds
[2023-08-24T16:03:16.633+0100] {processor.py:157} INFO - Started process (PID=8525) to work on /home/samuel/dev/airflow_learning/venv/lib/python3.10/site-packages/airflow/example_dags/example_params_trigger_ui.py
[2023-08-24T16:03:16.634+0100] {processor.py:829} INFO - Processing file /home/samuel/dev/airflow_learning/venv/lib/python3.10/site-packages/airflow/example_dags/example_params_trigger_ui.py for tasks to queue
[2023-08-24T16:03:16.635+0100] {logging_mixin.py:151} INFO - [2023-08-24T16:03:16.635+0100] {dagbag.py:539} INFO - Filling up the DagBag from /home/samuel/dev/airflow_learning/venv/lib/python3.10/site-packages/airflow/example_dags/example_params_trigger_ui.py
[2023-08-24T16:03:16.656+0100] {processor.py:839} INFO - DAG(s) dict_keys(['example_params_trigger_ui']) retrieved from /home/samuel/dev/airflow_learning/venv/lib/python3.10/site-packages/airflow/example_dags/example_params_trigger_ui.py
[2023-08-24T16:03:16.704+0100] {logging_mixin.py:151} INFO - [2023-08-24T16:03:16.704+0100] {dag.py:2907} INFO - Sync 1 DAGs
[2023-08-24T16:03:16.716+0100] {logging_mixin.py:151} INFO - [2023-08-24T16:03:16.716+0100] {dag.py:3677} INFO - Setting next_dagrun for example_params_trigger_ui to None, run_after=None
[2023-08-24T16:03:16.843+0100] {processor.py:179} INFO - Processing /home/samuel/dev/airflow_learning/venv/lib/python3.10/site-packages/airflow/example_dags/example_params_trigger_ui.py took 0.215 seconds
[2023-08-24T16:04:09.184+0100] {processor.py:157} INFO - Started process (PID=8594) to work on /home/samuel/dev/airflow_learning/venv/lib/python3.10/site-packages/airflow/example_dags/example_params_trigger_ui.py
[2023-08-24T16:04:09.238+0100] {processor.py:829} INFO - Processing file /home/samuel/dev/airflow_learning/venv/lib/python3.10/site-packages/airflow/example_dags/example_params_trigger_ui.py for tasks to queue
[2023-08-24T16:04:09.239+0100] {logging_mixin.py:151} INFO - [2023-08-24T16:04:09.239+0100] {dagbag.py:539} INFO - Filling up the DagBag from /home/samuel/dev/airflow_learning/venv/lib/python3.10/site-packages/airflow/example_dags/example_params_trigger_ui.py
[2023-08-24T16:04:09.267+0100] {processor.py:839} INFO - DAG(s) dict_keys(['example_params_trigger_ui']) retrieved from /home/samuel/dev/airflow_learning/venv/lib/python3.10/site-packages/airflow/example_dags/example_params_trigger_ui.py
[2023-08-24T16:04:09.343+0100] {logging_mixin.py:151} INFO - [2023-08-24T16:04:09.342+0100] {dag.py:2907} INFO - Sync 1 DAGs
[2023-08-24T16:04:09.366+0100] {logging_mixin.py:151} INFO - [2023-08-24T16:04:09.365+0100] {dag.py:3677} INFO - Setting next_dagrun for example_params_trigger_ui to None, run_after=None
[2023-08-24T16:04:09.544+0100] {processor.py:179} INFO - Processing /home/samuel/dev/airflow_learning/venv/lib/python3.10/site-packages/airflow/example_dags/example_params_trigger_ui.py took 0.365 seconds
