[2023-08-24T15:22:33.327+0100] {processor.py:157} INFO - Started process (PID=5360) to work on /home/samuel/dev/airflow_learning/venv/lib/python3.10/site-packages/airflow/example_dags/example_dag_decorator.py
[2023-08-24T15:22:33.328+0100] {processor.py:829} INFO - Processing file /home/samuel/dev/airflow_learning/venv/lib/python3.10/site-packages/airflow/example_dags/example_dag_decorator.py for tasks to queue
[2023-08-24T15:22:33.329+0100] {logging_mixin.py:151} INFO - [2023-08-24T15:22:33.328+0100] {dagbag.py:539} INFO - Filling up the DagBag from /home/samuel/dev/airflow_learning/venv/lib/python3.10/site-packages/airflow/example_dags/example_dag_decorator.py
[2023-08-24T15:22:33.342+0100] {processor.py:839} INFO - DAG(s) dict_keys(['example_dag_decorator']) retrieved from /home/samuel/dev/airflow_learning/venv/lib/python3.10/site-packages/airflow/example_dags/example_dag_decorator.py
[2023-08-24T15:22:33.656+0100] {logging_mixin.py:151} INFO - [2023-08-24T15:22:33.656+0100] {manager.py:501} INFO - Created Permission View: can edit on DAG:example_dag_decorator
[2023-08-24T15:22:33.767+0100] {logging_mixin.py:151} INFO - [2023-08-24T15:22:33.767+0100] {manager.py:501} INFO - Created Permission View: can delete on DAG:example_dag_decorator
[2023-08-24T15:22:33.878+0100] {logging_mixin.py:151} INFO - [2023-08-24T15:22:33.878+0100] {manager.py:501} INFO - Created Permission View: can read on DAG:example_dag_decorator
[2023-08-24T15:22:33.910+0100] {logging_mixin.py:151} INFO - [2023-08-24T15:22:33.909+0100] {dag.py:2907} INFO - Sync 1 DAGs
[2023-08-24T15:22:33.930+0100] {logging_mixin.py:151} INFO - [2023-08-24T15:22:33.930+0100] {dag.py:2929} INFO - Creating ORM DAG for example_dag_decorator
[2023-08-24T15:22:33.931+0100] {logging_mixin.py:151} INFO - [2023-08-24T15:22:33.931+0100] {dag.py:3677} INFO - Setting next_dagrun for example_dag_decorator to None, run_after=None
[2023-08-24T15:22:34.103+0100] {processor.py:179} INFO - Processing /home/samuel/dev/airflow_learning/venv/lib/python3.10/site-packages/airflow/example_dags/example_dag_decorator.py took 0.780 seconds
[2023-08-24T15:23:48.448+0100] {processor.py:157} INFO - Started process (PID=5424) to work on /home/samuel/dev/airflow_learning/venv/lib/python3.10/site-packages/airflow/example_dags/example_dag_decorator.py
[2023-08-24T15:23:48.483+0100] {processor.py:829} INFO - Processing file /home/samuel/dev/airflow_learning/venv/lib/python3.10/site-packages/airflow/example_dags/example_dag_decorator.py for tasks to queue
[2023-08-24T15:23:48.484+0100] {logging_mixin.py:151} INFO - [2023-08-24T15:23:48.483+0100] {dagbag.py:539} INFO - Filling up the DagBag from /home/samuel/dev/airflow_learning/venv/lib/python3.10/site-packages/airflow/example_dags/example_dag_decorator.py
[2023-08-24T15:23:48.499+0100] {processor.py:839} INFO - DAG(s) dict_keys(['example_dag_decorator']) retrieved from /home/samuel/dev/airflow_learning/venv/lib/python3.10/site-packages/airflow/example_dags/example_dag_decorator.py
[2023-08-24T15:23:48.614+0100] {logging_mixin.py:151} INFO - [2023-08-24T15:23:48.614+0100] {dag.py:2907} INFO - Sync 1 DAGs
[2023-08-24T15:23:48.627+0100] {logging_mixin.py:151} INFO - [2023-08-24T15:23:48.626+0100] {dag.py:3677} INFO - Setting next_dagrun for example_dag_decorator to None, run_after=None
[2023-08-24T15:23:48.743+0100] {processor.py:179} INFO - Processing /home/samuel/dev/airflow_learning/venv/lib/python3.10/site-packages/airflow/example_dags/example_dag_decorator.py took 0.298 seconds
[2023-08-24T15:24:41.634+0100] {processor.py:157} INFO - Started process (PID=5482) to work on /home/samuel/dev/airflow_learning/venv/lib/python3.10/site-packages/airflow/example_dags/example_dag_decorator.py
[2023-08-24T15:24:41.637+0100] {processor.py:829} INFO - Processing file /home/samuel/dev/airflow_learning/venv/lib/python3.10/site-packages/airflow/example_dags/example_dag_decorator.py for tasks to queue
[2023-08-24T15:24:41.638+0100] {logging_mixin.py:151} INFO - [2023-08-24T15:24:41.638+0100] {dagbag.py:539} INFO - Filling up the DagBag from /home/samuel/dev/airflow_learning/venv/lib/python3.10/site-packages/airflow/example_dags/example_dag_decorator.py
[2023-08-24T15:24:41.652+0100] {processor.py:839} INFO - DAG(s) dict_keys(['example_dag_decorator']) retrieved from /home/samuel/dev/airflow_learning/venv/lib/python3.10/site-packages/airflow/example_dags/example_dag_decorator.py
[2023-08-24T15:24:41.770+0100] {logging_mixin.py:151} INFO - [2023-08-24T15:24:41.769+0100] {dag.py:2907} INFO - Sync 1 DAGs
[2023-08-24T15:24:41.779+0100] {logging_mixin.py:151} INFO - [2023-08-24T15:24:41.778+0100] {dag.py:3677} INFO - Setting next_dagrun for example_dag_decorator to None, run_after=None
[2023-08-24T15:24:41.913+0100] {processor.py:179} INFO - Processing /home/samuel/dev/airflow_learning/venv/lib/python3.10/site-packages/airflow/example_dags/example_dag_decorator.py took 0.282 seconds
[2023-08-24T15:25:30.963+0100] {processor.py:157} INFO - Started process (PID=5531) to work on /home/samuel/dev/airflow_learning/venv/lib/python3.10/site-packages/airflow/example_dags/example_dag_decorator.py
[2023-08-24T15:25:30.966+0100] {processor.py:829} INFO - Processing file /home/samuel/dev/airflow_learning/venv/lib/python3.10/site-packages/airflow/example_dags/example_dag_decorator.py for tasks to queue
[2023-08-24T15:25:30.967+0100] {logging_mixin.py:151} INFO - [2023-08-24T15:25:30.966+0100] {dagbag.py:539} INFO - Filling up the DagBag from /home/samuel/dev/airflow_learning/venv/lib/python3.10/site-packages/airflow/example_dags/example_dag_decorator.py
[2023-08-24T15:25:30.979+0100] {processor.py:839} INFO - DAG(s) dict_keys(['example_dag_decorator']) retrieved from /home/samuel/dev/airflow_learning/venv/lib/python3.10/site-packages/airflow/example_dags/example_dag_decorator.py
[2023-08-24T15:25:31.082+0100] {logging_mixin.py:151} INFO - [2023-08-24T15:25:31.082+0100] {dag.py:2907} INFO - Sync 1 DAGs
[2023-08-24T15:25:31.092+0100] {logging_mixin.py:151} INFO - [2023-08-24T15:25:31.092+0100] {dag.py:3677} INFO - Setting next_dagrun for example_dag_decorator to None, run_after=None
[2023-08-24T15:25:31.218+0100] {processor.py:179} INFO - Processing /home/samuel/dev/airflow_learning/venv/lib/python3.10/site-packages/airflow/example_dags/example_dag_decorator.py took 0.259 seconds
[2023-08-24T15:26:26.430+0100] {processor.py:157} INFO - Started process (PID=5582) to work on /home/samuel/dev/airflow_learning/venv/lib/python3.10/site-packages/airflow/example_dags/example_dag_decorator.py
[2023-08-24T15:26:26.433+0100] {processor.py:829} INFO - Processing file /home/samuel/dev/airflow_learning/venv/lib/python3.10/site-packages/airflow/example_dags/example_dag_decorator.py for tasks to queue
[2023-08-24T15:26:26.435+0100] {logging_mixin.py:151} INFO - [2023-08-24T15:26:26.434+0100] {dagbag.py:539} INFO - Filling up the DagBag from /home/samuel/dev/airflow_learning/venv/lib/python3.10/site-packages/airflow/example_dags/example_dag_decorator.py
[2023-08-24T15:26:26.453+0100] {processor.py:839} INFO - DAG(s) dict_keys(['example_dag_decorator']) retrieved from /home/samuel/dev/airflow_learning/venv/lib/python3.10/site-packages/airflow/example_dags/example_dag_decorator.py
[2023-08-24T15:26:26.599+0100] {logging_mixin.py:151} INFO - [2023-08-24T15:26:26.599+0100] {dag.py:2907} INFO - Sync 1 DAGs
[2023-08-24T15:26:26.609+0100] {logging_mixin.py:151} INFO - [2023-08-24T15:26:26.609+0100] {dag.py:3677} INFO - Setting next_dagrun for example_dag_decorator to None, run_after=None
[2023-08-24T15:26:26.708+0100] {processor.py:179} INFO - Processing /home/samuel/dev/airflow_learning/venv/lib/python3.10/site-packages/airflow/example_dags/example_dag_decorator.py took 0.282 seconds
[2023-08-24T15:27:20.558+0100] {processor.py:157} INFO - Started process (PID=5633) to work on /home/samuel/dev/airflow_learning/venv/lib/python3.10/site-packages/airflow/example_dags/example_dag_decorator.py
[2023-08-24T15:27:20.560+0100] {processor.py:829} INFO - Processing file /home/samuel/dev/airflow_learning/venv/lib/python3.10/site-packages/airflow/example_dags/example_dag_decorator.py for tasks to queue
[2023-08-24T15:27:20.562+0100] {logging_mixin.py:151} INFO - [2023-08-24T15:27:20.561+0100] {dagbag.py:539} INFO - Filling up the DagBag from /home/samuel/dev/airflow_learning/venv/lib/python3.10/site-packages/airflow/example_dags/example_dag_decorator.py
[2023-08-24T15:27:20.582+0100] {processor.py:839} INFO - DAG(s) dict_keys(['example_dag_decorator']) retrieved from /home/samuel/dev/airflow_learning/venv/lib/python3.10/site-packages/airflow/example_dags/example_dag_decorator.py
[2023-08-24T15:27:20.696+0100] {logging_mixin.py:151} INFO - [2023-08-24T15:27:20.696+0100] {dag.py:2907} INFO - Sync 1 DAGs
[2023-08-24T15:27:20.714+0100] {logging_mixin.py:151} INFO - [2023-08-24T15:27:20.714+0100] {dag.py:3677} INFO - Setting next_dagrun for example_dag_decorator to None, run_after=None
[2023-08-24T15:27:20.814+0100] {processor.py:179} INFO - Processing /home/samuel/dev/airflow_learning/venv/lib/python3.10/site-packages/airflow/example_dags/example_dag_decorator.py took 0.261 seconds
[2023-08-24T15:28:15.577+0100] {processor.py:157} INFO - Started process (PID=5689) to work on /home/samuel/dev/airflow_learning/venv/lib/python3.10/site-packages/airflow/example_dags/example_dag_decorator.py
[2023-08-24T15:28:15.593+0100] {processor.py:829} INFO - Processing file /home/samuel/dev/airflow_learning/venv/lib/python3.10/site-packages/airflow/example_dags/example_dag_decorator.py for tasks to queue
[2023-08-24T15:28:15.594+0100] {logging_mixin.py:151} INFO - [2023-08-24T15:28:15.594+0100] {dagbag.py:539} INFO - Filling up the DagBag from /home/samuel/dev/airflow_learning/venv/lib/python3.10/site-packages/airflow/example_dags/example_dag_decorator.py
[2023-08-24T15:28:15.609+0100] {processor.py:839} INFO - DAG(s) dict_keys(['example_dag_decorator']) retrieved from /home/samuel/dev/airflow_learning/venv/lib/python3.10/site-packages/airflow/example_dags/example_dag_decorator.py
[2023-08-24T15:28:15.719+0100] {logging_mixin.py:151} INFO - [2023-08-24T15:28:15.719+0100] {dag.py:2907} INFO - Sync 1 DAGs
[2023-08-24T15:28:15.730+0100] {logging_mixin.py:151} INFO - [2023-08-24T15:28:15.730+0100] {dag.py:3677} INFO - Setting next_dagrun for example_dag_decorator to None, run_after=None
[2023-08-24T15:28:15.852+0100] {processor.py:179} INFO - Processing /home/samuel/dev/airflow_learning/venv/lib/python3.10/site-packages/airflow/example_dags/example_dag_decorator.py took 0.279 seconds
[2023-08-24T15:29:11.754+0100] {processor.py:157} INFO - Started process (PID=5761) to work on /home/samuel/dev/airflow_learning/venv/lib/python3.10/site-packages/airflow/example_dags/example_dag_decorator.py
[2023-08-24T15:29:11.786+0100] {processor.py:829} INFO - Processing file /home/samuel/dev/airflow_learning/venv/lib/python3.10/site-packages/airflow/example_dags/example_dag_decorator.py for tasks to queue
[2023-08-24T15:29:11.787+0100] {logging_mixin.py:151} INFO - [2023-08-24T15:29:11.787+0100] {dagbag.py:539} INFO - Filling up the DagBag from /home/samuel/dev/airflow_learning/venv/lib/python3.10/site-packages/airflow/example_dags/example_dag_decorator.py
[2023-08-24T15:29:11.803+0100] {processor.py:839} INFO - DAG(s) dict_keys(['example_dag_decorator']) retrieved from /home/samuel/dev/airflow_learning/venv/lib/python3.10/site-packages/airflow/example_dags/example_dag_decorator.py
[2023-08-24T15:29:11.920+0100] {logging_mixin.py:151} INFO - [2023-08-24T15:29:11.920+0100] {dag.py:2907} INFO - Sync 1 DAGs
[2023-08-24T15:29:11.930+0100] {logging_mixin.py:151} INFO - [2023-08-24T15:29:11.930+0100] {dag.py:3677} INFO - Setting next_dagrun for example_dag_decorator to None, run_after=None
[2023-08-24T15:29:12.037+0100] {processor.py:179} INFO - Processing /home/samuel/dev/airflow_learning/venv/lib/python3.10/site-packages/airflow/example_dags/example_dag_decorator.py took 0.287 seconds
[2023-08-24T15:30:38.837+0100] {processor.py:157} INFO - Started process (PID=5939) to work on /home/samuel/dev/airflow_learning/venv/lib/python3.10/site-packages/airflow/example_dags/example_dag_decorator.py
[2023-08-24T15:30:38.838+0100] {processor.py:829} INFO - Processing file /home/samuel/dev/airflow_learning/venv/lib/python3.10/site-packages/airflow/example_dags/example_dag_decorator.py for tasks to queue
[2023-08-24T15:30:38.839+0100] {logging_mixin.py:151} INFO - [2023-08-24T15:30:38.838+0100] {dagbag.py:539} INFO - Filling up the DagBag from /home/samuel/dev/airflow_learning/venv/lib/python3.10/site-packages/airflow/example_dags/example_dag_decorator.py
[2023-08-24T15:30:38.851+0100] {processor.py:839} INFO - DAG(s) dict_keys(['example_dag_decorator']) retrieved from /home/samuel/dev/airflow_learning/venv/lib/python3.10/site-packages/airflow/example_dags/example_dag_decorator.py
[2023-08-24T15:30:38.949+0100] {logging_mixin.py:151} INFO - [2023-08-24T15:30:38.949+0100] {dag.py:2907} INFO - Sync 1 DAGs
[2023-08-24T15:30:38.958+0100] {logging_mixin.py:151} INFO - [2023-08-24T15:30:38.958+0100] {dag.py:3677} INFO - Setting next_dagrun for example_dag_decorator to None, run_after=None
[2023-08-24T15:30:39.092+0100] {processor.py:179} INFO - Processing /home/samuel/dev/airflow_learning/venv/lib/python3.10/site-packages/airflow/example_dags/example_dag_decorator.py took 0.258 seconds
[2023-08-24T15:32:04.335+0100] {processor.py:157} INFO - Started process (PID=6072) to work on /home/samuel/dev/airflow_learning/venv/lib/python3.10/site-packages/airflow/example_dags/example_dag_decorator.py
[2023-08-24T15:32:04.341+0100] {processor.py:829} INFO - Processing file /home/samuel/dev/airflow_learning/venv/lib/python3.10/site-packages/airflow/example_dags/example_dag_decorator.py for tasks to queue
[2023-08-24T15:32:04.342+0100] {logging_mixin.py:151} INFO - [2023-08-24T15:32:04.342+0100] {dagbag.py:539} INFO - Filling up the DagBag from /home/samuel/dev/airflow_learning/venv/lib/python3.10/site-packages/airflow/example_dags/example_dag_decorator.py
[2023-08-24T15:32:04.355+0100] {processor.py:839} INFO - DAG(s) dict_keys(['example_dag_decorator']) retrieved from /home/samuel/dev/airflow_learning/venv/lib/python3.10/site-packages/airflow/example_dags/example_dag_decorator.py
[2023-08-24T15:32:04.459+0100] {logging_mixin.py:151} INFO - [2023-08-24T15:32:04.459+0100] {dag.py:2907} INFO - Sync 1 DAGs
[2023-08-24T15:32:04.468+0100] {logging_mixin.py:151} INFO - [2023-08-24T15:32:04.468+0100] {dag.py:3677} INFO - Setting next_dagrun for example_dag_decorator to None, run_after=None
[2023-08-24T15:32:04.569+0100] {processor.py:179} INFO - Processing /home/samuel/dev/airflow_learning/venv/lib/python3.10/site-packages/airflow/example_dags/example_dag_decorator.py took 0.237 seconds
[2023-08-24T15:33:00.055+0100] {processor.py:157} INFO - Started process (PID=6135) to work on /home/samuel/dev/airflow_learning/venv/lib/python3.10/site-packages/airflow/example_dags/example_dag_decorator.py
[2023-08-24T15:33:00.056+0100] {processor.py:829} INFO - Processing file /home/samuel/dev/airflow_learning/venv/lib/python3.10/site-packages/airflow/example_dags/example_dag_decorator.py for tasks to queue
[2023-08-24T15:33:00.057+0100] {logging_mixin.py:151} INFO - [2023-08-24T15:33:00.057+0100] {dagbag.py:539} INFO - Filling up the DagBag from /home/samuel/dev/airflow_learning/venv/lib/python3.10/site-packages/airflow/example_dags/example_dag_decorator.py
[2023-08-24T15:33:00.072+0100] {processor.py:839} INFO - DAG(s) dict_keys(['example_dag_decorator']) retrieved from /home/samuel/dev/airflow_learning/venv/lib/python3.10/site-packages/airflow/example_dags/example_dag_decorator.py
[2023-08-24T15:33:00.171+0100] {logging_mixin.py:151} INFO - [2023-08-24T15:33:00.171+0100] {dag.py:2907} INFO - Sync 1 DAGs
[2023-08-24T15:33:00.180+0100] {logging_mixin.py:151} INFO - [2023-08-24T15:33:00.180+0100] {dag.py:3677} INFO - Setting next_dagrun for example_dag_decorator to None, run_after=None
[2023-08-24T15:33:00.287+0100] {processor.py:179} INFO - Processing /home/samuel/dev/airflow_learning/venv/lib/python3.10/site-packages/airflow/example_dags/example_dag_decorator.py took 0.236 seconds
[2023-08-24T15:34:00.148+0100] {processor.py:157} INFO - Started process (PID=6198) to work on /home/samuel/dev/airflow_learning/venv/lib/python3.10/site-packages/airflow/example_dags/example_dag_decorator.py
[2023-08-24T15:34:00.172+0100] {processor.py:829} INFO - Processing file /home/samuel/dev/airflow_learning/venv/lib/python3.10/site-packages/airflow/example_dags/example_dag_decorator.py for tasks to queue
[2023-08-24T15:34:00.173+0100] {logging_mixin.py:151} INFO - [2023-08-24T15:34:00.173+0100] {dagbag.py:539} INFO - Filling up the DagBag from /home/samuel/dev/airflow_learning/venv/lib/python3.10/site-packages/airflow/example_dags/example_dag_decorator.py
[2023-08-24T15:34:00.188+0100] {processor.py:839} INFO - DAG(s) dict_keys(['example_dag_decorator']) retrieved from /home/samuel/dev/airflow_learning/venv/lib/python3.10/site-packages/airflow/example_dags/example_dag_decorator.py
[2023-08-24T15:34:00.291+0100] {logging_mixin.py:151} INFO - [2023-08-24T15:34:00.291+0100] {dag.py:2907} INFO - Sync 1 DAGs
[2023-08-24T15:34:00.301+0100] {logging_mixin.py:151} INFO - [2023-08-24T15:34:00.301+0100] {dag.py:3677} INFO - Setting next_dagrun for example_dag_decorator to None, run_after=None
[2023-08-24T15:34:00.423+0100] {processor.py:179} INFO - Processing /home/samuel/dev/airflow_learning/venv/lib/python3.10/site-packages/airflow/example_dags/example_dag_decorator.py took 0.279 seconds
[2023-08-24T15:34:57.965+0100] {processor.py:157} INFO - Started process (PID=6250) to work on /home/samuel/dev/airflow_learning/venv/lib/python3.10/site-packages/airflow/example_dags/example_dag_decorator.py
[2023-08-24T15:34:57.992+0100] {processor.py:829} INFO - Processing file /home/samuel/dev/airflow_learning/venv/lib/python3.10/site-packages/airflow/example_dags/example_dag_decorator.py for tasks to queue
[2023-08-24T15:34:57.994+0100] {logging_mixin.py:151} INFO - [2023-08-24T15:34:57.993+0100] {dagbag.py:539} INFO - Filling up the DagBag from /home/samuel/dev/airflow_learning/venv/lib/python3.10/site-packages/airflow/example_dags/example_dag_decorator.py
[2023-08-24T15:34:58.008+0100] {processor.py:839} INFO - DAG(s) dict_keys(['example_dag_decorator']) retrieved from /home/samuel/dev/airflow_learning/venv/lib/python3.10/site-packages/airflow/example_dags/example_dag_decorator.py
[2023-08-24T15:34:58.112+0100] {logging_mixin.py:151} INFO - [2023-08-24T15:34:58.112+0100] {dag.py:2907} INFO - Sync 1 DAGs
[2023-08-24T15:34:58.121+0100] {logging_mixin.py:151} INFO - [2023-08-24T15:34:58.120+0100] {dag.py:3677} INFO - Setting next_dagrun for example_dag_decorator to None, run_after=None
[2023-08-24T15:34:58.241+0100] {processor.py:179} INFO - Processing /home/samuel/dev/airflow_learning/venv/lib/python3.10/site-packages/airflow/example_dags/example_dag_decorator.py took 0.280 seconds
[2023-08-24T15:35:58.397+0100] {processor.py:157} INFO - Started process (PID=6320) to work on /home/samuel/dev/airflow_learning/venv/lib/python3.10/site-packages/airflow/example_dags/example_dag_decorator.py
[2023-08-24T15:35:58.416+0100] {processor.py:829} INFO - Processing file /home/samuel/dev/airflow_learning/venv/lib/python3.10/site-packages/airflow/example_dags/example_dag_decorator.py for tasks to queue
[2023-08-24T15:35:58.417+0100] {logging_mixin.py:151} INFO - [2023-08-24T15:35:58.417+0100] {dagbag.py:539} INFO - Filling up the DagBag from /home/samuel/dev/airflow_learning/venv/lib/python3.10/site-packages/airflow/example_dags/example_dag_decorator.py
[2023-08-24T15:35:58.432+0100] {processor.py:839} INFO - DAG(s) dict_keys(['example_dag_decorator']) retrieved from /home/samuel/dev/airflow_learning/venv/lib/python3.10/site-packages/airflow/example_dags/example_dag_decorator.py
[2023-08-24T15:35:58.537+0100] {logging_mixin.py:151} INFO - [2023-08-24T15:35:58.536+0100] {dag.py:2907} INFO - Sync 1 DAGs
[2023-08-24T15:35:58.547+0100] {logging_mixin.py:151} INFO - [2023-08-24T15:35:58.546+0100] {dag.py:3677} INFO - Setting next_dagrun for example_dag_decorator to None, run_after=None
[2023-08-24T15:35:58.654+0100] {processor.py:179} INFO - Processing /home/samuel/dev/airflow_learning/venv/lib/python3.10/site-packages/airflow/example_dags/example_dag_decorator.py took 0.261 seconds
[2023-08-24T15:36:59.140+0100] {processor.py:157} INFO - Started process (PID=6379) to work on /home/samuel/dev/airflow_learning/venv/lib/python3.10/site-packages/airflow/example_dags/example_dag_decorator.py
[2023-08-24T15:36:59.149+0100] {processor.py:829} INFO - Processing file /home/samuel/dev/airflow_learning/venv/lib/python3.10/site-packages/airflow/example_dags/example_dag_decorator.py for tasks to queue
[2023-08-24T15:36:59.150+0100] {logging_mixin.py:151} INFO - [2023-08-24T15:36:59.150+0100] {dagbag.py:539} INFO - Filling up the DagBag from /home/samuel/dev/airflow_learning/venv/lib/python3.10/site-packages/airflow/example_dags/example_dag_decorator.py
[2023-08-24T15:36:59.162+0100] {processor.py:839} INFO - DAG(s) dict_keys(['example_dag_decorator']) retrieved from /home/samuel/dev/airflow_learning/venv/lib/python3.10/site-packages/airflow/example_dags/example_dag_decorator.py
[2023-08-24T15:36:59.267+0100] {logging_mixin.py:151} INFO - [2023-08-24T15:36:59.267+0100] {dag.py:2907} INFO - Sync 1 DAGs
[2023-08-24T15:36:59.277+0100] {logging_mixin.py:151} INFO - [2023-08-24T15:36:59.277+0100] {dag.py:3677} INFO - Setting next_dagrun for example_dag_decorator to None, run_after=None
[2023-08-24T15:36:59.391+0100] {processor.py:179} INFO - Processing /home/samuel/dev/airflow_learning/venv/lib/python3.10/site-packages/airflow/example_dags/example_dag_decorator.py took 0.254 seconds
[2023-08-24T15:38:07.078+0100] {processor.py:157} INFO - Started process (PID=6438) to work on /home/samuel/dev/airflow_learning/venv/lib/python3.10/site-packages/airflow/example_dags/example_dag_decorator.py
[2023-08-24T15:38:07.094+0100] {processor.py:829} INFO - Processing file /home/samuel/dev/airflow_learning/venv/lib/python3.10/site-packages/airflow/example_dags/example_dag_decorator.py for tasks to queue
[2023-08-24T15:38:07.095+0100] {logging_mixin.py:151} INFO - [2023-08-24T15:38:07.095+0100] {dagbag.py:539} INFO - Filling up the DagBag from /home/samuel/dev/airflow_learning/venv/lib/python3.10/site-packages/airflow/example_dags/example_dag_decorator.py
[2023-08-24T15:38:07.110+0100] {processor.py:839} INFO - DAG(s) dict_keys(['example_dag_decorator']) retrieved from /home/samuel/dev/airflow_learning/venv/lib/python3.10/site-packages/airflow/example_dags/example_dag_decorator.py
[2023-08-24T15:38:07.210+0100] {logging_mixin.py:151} INFO - [2023-08-24T15:38:07.209+0100] {dag.py:2907} INFO - Sync 1 DAGs
[2023-08-24T15:38:07.219+0100] {logging_mixin.py:151} INFO - [2023-08-24T15:38:07.219+0100] {dag.py:3677} INFO - Setting next_dagrun for example_dag_decorator to None, run_after=None
[2023-08-24T15:38:07.333+0100] {processor.py:179} INFO - Processing /home/samuel/dev/airflow_learning/venv/lib/python3.10/site-packages/airflow/example_dags/example_dag_decorator.py took 0.258 seconds
[2023-08-24T15:39:02.950+0100] {processor.py:157} INFO - Started process (PID=6493) to work on /home/samuel/dev/airflow_learning/venv/lib/python3.10/site-packages/airflow/example_dags/example_dag_decorator.py
[2023-08-24T15:39:02.977+0100] {processor.py:829} INFO - Processing file /home/samuel/dev/airflow_learning/venv/lib/python3.10/site-packages/airflow/example_dags/example_dag_decorator.py for tasks to queue
[2023-08-24T15:39:02.978+0100] {logging_mixin.py:151} INFO - [2023-08-24T15:39:02.977+0100] {dagbag.py:539} INFO - Filling up the DagBag from /home/samuel/dev/airflow_learning/venv/lib/python3.10/site-packages/airflow/example_dags/example_dag_decorator.py
[2023-08-24T15:39:02.992+0100] {processor.py:839} INFO - DAG(s) dict_keys(['example_dag_decorator']) retrieved from /home/samuel/dev/airflow_learning/venv/lib/python3.10/site-packages/airflow/example_dags/example_dag_decorator.py
[2023-08-24T15:39:03.097+0100] {logging_mixin.py:151} INFO - [2023-08-24T15:39:03.096+0100] {dag.py:2907} INFO - Sync 1 DAGs
[2023-08-24T15:39:03.106+0100] {logging_mixin.py:151} INFO - [2023-08-24T15:39:03.105+0100] {dag.py:3677} INFO - Setting next_dagrun for example_dag_decorator to None, run_after=None
[2023-08-24T15:39:03.225+0100] {processor.py:179} INFO - Processing /home/samuel/dev/airflow_learning/venv/lib/python3.10/site-packages/airflow/example_dags/example_dag_decorator.py took 0.278 seconds
[2023-08-24T15:39:55.626+0100] {processor.py:157} INFO - Started process (PID=6555) to work on /home/samuel/dev/airflow_learning/venv/lib/python3.10/site-packages/airflow/example_dags/example_dag_decorator.py
[2023-08-24T15:39:55.627+0100] {processor.py:829} INFO - Processing file /home/samuel/dev/airflow_learning/venv/lib/python3.10/site-packages/airflow/example_dags/example_dag_decorator.py for tasks to queue
[2023-08-24T15:39:55.627+0100] {logging_mixin.py:151} INFO - [2023-08-24T15:39:55.627+0100] {dagbag.py:539} INFO - Filling up the DagBag from /home/samuel/dev/airflow_learning/venv/lib/python3.10/site-packages/airflow/example_dags/example_dag_decorator.py
[2023-08-24T15:39:55.641+0100] {processor.py:839} INFO - DAG(s) dict_keys(['example_dag_decorator']) retrieved from /home/samuel/dev/airflow_learning/venv/lib/python3.10/site-packages/airflow/example_dags/example_dag_decorator.py
[2023-08-24T15:39:55.758+0100] {logging_mixin.py:151} INFO - [2023-08-24T15:39:55.758+0100] {dag.py:2907} INFO - Sync 1 DAGs
[2023-08-24T15:39:55.769+0100] {logging_mixin.py:151} INFO - [2023-08-24T15:39:55.769+0100] {dag.py:3677} INFO - Setting next_dagrun for example_dag_decorator to None, run_after=None
[2023-08-24T15:39:55.886+0100] {processor.py:179} INFO - Processing /home/samuel/dev/airflow_learning/venv/lib/python3.10/site-packages/airflow/example_dags/example_dag_decorator.py took 0.263 seconds
[2023-08-24T15:41:06.311+0100] {processor.py:157} INFO - Started process (PID=6631) to work on /home/samuel/dev/airflow_learning/venv/lib/python3.10/site-packages/airflow/example_dags/example_dag_decorator.py
[2023-08-24T15:41:06.343+0100] {processor.py:829} INFO - Processing file /home/samuel/dev/airflow_learning/venv/lib/python3.10/site-packages/airflow/example_dags/example_dag_decorator.py for tasks to queue
[2023-08-24T15:41:06.344+0100] {logging_mixin.py:151} INFO - [2023-08-24T15:41:06.343+0100] {dagbag.py:539} INFO - Filling up the DagBag from /home/samuel/dev/airflow_learning/venv/lib/python3.10/site-packages/airflow/example_dags/example_dag_decorator.py
[2023-08-24T15:41:06.359+0100] {processor.py:839} INFO - DAG(s) dict_keys(['example_dag_decorator']) retrieved from /home/samuel/dev/airflow_learning/venv/lib/python3.10/site-packages/airflow/example_dags/example_dag_decorator.py
[2023-08-24T15:41:06.465+0100] {logging_mixin.py:151} INFO - [2023-08-24T15:41:06.465+0100] {dag.py:2907} INFO - Sync 1 DAGs
[2023-08-24T15:41:06.474+0100] {logging_mixin.py:151} INFO - [2023-08-24T15:41:06.474+0100] {dag.py:3677} INFO - Setting next_dagrun for example_dag_decorator to None, run_after=None
[2023-08-24T15:41:06.580+0100] {processor.py:179} INFO - Processing /home/samuel/dev/airflow_learning/venv/lib/python3.10/site-packages/airflow/example_dags/example_dag_decorator.py took 0.272 seconds
[2023-08-24T15:41:58.167+0100] {processor.py:157} INFO - Started process (PID=6684) to work on /home/samuel/dev/airflow_learning/venv/lib/python3.10/site-packages/airflow/example_dags/example_dag_decorator.py
[2023-08-24T15:41:58.169+0100] {processor.py:829} INFO - Processing file /home/samuel/dev/airflow_learning/venv/lib/python3.10/site-packages/airflow/example_dags/example_dag_decorator.py for tasks to queue
[2023-08-24T15:41:58.170+0100] {logging_mixin.py:151} INFO - [2023-08-24T15:41:58.170+0100] {dagbag.py:539} INFO - Filling up the DagBag from /home/samuel/dev/airflow_learning/venv/lib/python3.10/site-packages/airflow/example_dags/example_dag_decorator.py
[2023-08-24T15:41:58.183+0100] {processor.py:839} INFO - DAG(s) dict_keys(['example_dag_decorator']) retrieved from /home/samuel/dev/airflow_learning/venv/lib/python3.10/site-packages/airflow/example_dags/example_dag_decorator.py
[2023-08-24T15:41:58.279+0100] {logging_mixin.py:151} INFO - [2023-08-24T15:41:58.279+0100] {dag.py:2907} INFO - Sync 1 DAGs
[2023-08-24T15:41:58.289+0100] {logging_mixin.py:151} INFO - [2023-08-24T15:41:58.288+0100] {dag.py:3677} INFO - Setting next_dagrun for example_dag_decorator to None, run_after=None
[2023-08-24T15:41:58.419+0100] {processor.py:179} INFO - Processing /home/samuel/dev/airflow_learning/venv/lib/python3.10/site-packages/airflow/example_dags/example_dag_decorator.py took 0.256 seconds
[2023-08-24T15:43:02.086+0100] {processor.py:157} INFO - Started process (PID=6803) to work on /home/samuel/dev/airflow_learning/venv/lib/python3.10/site-packages/airflow/example_dags/example_dag_decorator.py
[2023-08-24T15:43:02.089+0100] {processor.py:829} INFO - Processing file /home/samuel/dev/airflow_learning/venv/lib/python3.10/site-packages/airflow/example_dags/example_dag_decorator.py for tasks to queue
[2023-08-24T15:43:02.090+0100] {logging_mixin.py:151} INFO - [2023-08-24T15:43:02.090+0100] {dagbag.py:539} INFO - Filling up the DagBag from /home/samuel/dev/airflow_learning/venv/lib/python3.10/site-packages/airflow/example_dags/example_dag_decorator.py
[2023-08-24T15:43:02.104+0100] {processor.py:839} INFO - DAG(s) dict_keys(['example_dag_decorator']) retrieved from /home/samuel/dev/airflow_learning/venv/lib/python3.10/site-packages/airflow/example_dags/example_dag_decorator.py
[2023-08-24T15:43:02.206+0100] {logging_mixin.py:151} INFO - [2023-08-24T15:43:02.206+0100] {dag.py:2907} INFO - Sync 1 DAGs
[2023-08-24T15:43:02.215+0100] {logging_mixin.py:151} INFO - [2023-08-24T15:43:02.215+0100] {dag.py:3677} INFO - Setting next_dagrun for example_dag_decorator to None, run_after=None
[2023-08-24T15:43:02.336+0100] {processor.py:179} INFO - Processing /home/samuel/dev/airflow_learning/venv/lib/python3.10/site-packages/airflow/example_dags/example_dag_decorator.py took 0.253 seconds
[2023-08-24T15:43:58.230+0100] {processor.py:157} INFO - Started process (PID=6857) to work on /home/samuel/dev/airflow_learning/venv/lib/python3.10/site-packages/airflow/example_dags/example_dag_decorator.py
[2023-08-24T15:43:58.232+0100] {processor.py:829} INFO - Processing file /home/samuel/dev/airflow_learning/venv/lib/python3.10/site-packages/airflow/example_dags/example_dag_decorator.py for tasks to queue
[2023-08-24T15:43:58.233+0100] {logging_mixin.py:151} INFO - [2023-08-24T15:43:58.232+0100] {dagbag.py:539} INFO - Filling up the DagBag from /home/samuel/dev/airflow_learning/venv/lib/python3.10/site-packages/airflow/example_dags/example_dag_decorator.py
[2023-08-24T15:43:58.244+0100] {processor.py:839} INFO - DAG(s) dict_keys(['example_dag_decorator']) retrieved from /home/samuel/dev/airflow_learning/venv/lib/python3.10/site-packages/airflow/example_dags/example_dag_decorator.py
[2023-08-24T15:43:58.342+0100] {logging_mixin.py:151} INFO - [2023-08-24T15:43:58.342+0100] {dag.py:2907} INFO - Sync 1 DAGs
[2023-08-24T15:43:58.351+0100] {logging_mixin.py:151} INFO - [2023-08-24T15:43:58.351+0100] {dag.py:3677} INFO - Setting next_dagrun for example_dag_decorator to None, run_after=None
[2023-08-24T15:43:58.486+0100] {processor.py:179} INFO - Processing /home/samuel/dev/airflow_learning/venv/lib/python3.10/site-packages/airflow/example_dags/example_dag_decorator.py took 0.260 seconds
[2023-08-24T15:44:46.826+0100] {processor.py:157} INFO - Started process (PID=6904) to work on /home/samuel/dev/airflow_learning/venv/lib/python3.10/site-packages/airflow/example_dags/example_dag_decorator.py
[2023-08-24T15:44:46.829+0100] {processor.py:829} INFO - Processing file /home/samuel/dev/airflow_learning/venv/lib/python3.10/site-packages/airflow/example_dags/example_dag_decorator.py for tasks to queue
[2023-08-24T15:44:46.830+0100] {logging_mixin.py:151} INFO - [2023-08-24T15:44:46.829+0100] {dagbag.py:539} INFO - Filling up the DagBag from /home/samuel/dev/airflow_learning/venv/lib/python3.10/site-packages/airflow/example_dags/example_dag_decorator.py
[2023-08-24T15:44:46.844+0100] {processor.py:839} INFO - DAG(s) dict_keys(['example_dag_decorator']) retrieved from /home/samuel/dev/airflow_learning/venv/lib/python3.10/site-packages/airflow/example_dags/example_dag_decorator.py
[2023-08-24T15:44:46.943+0100] {logging_mixin.py:151} INFO - [2023-08-24T15:44:46.943+0100] {dag.py:2907} INFO - Sync 1 DAGs
[2023-08-24T15:44:46.952+0100] {logging_mixin.py:151} INFO - [2023-08-24T15:44:46.952+0100] {dag.py:3677} INFO - Setting next_dagrun for example_dag_decorator to None, run_after=None
[2023-08-24T15:44:47.079+0100] {processor.py:179} INFO - Processing /home/samuel/dev/airflow_learning/venv/lib/python3.10/site-packages/airflow/example_dags/example_dag_decorator.py took 0.257 seconds
[2023-08-24T15:45:38.569+0100] {processor.py:157} INFO - Started process (PID=6954) to work on /home/samuel/dev/airflow_learning/venv/lib/python3.10/site-packages/airflow/example_dags/example_dag_decorator.py
[2023-08-24T15:45:38.600+0100] {processor.py:829} INFO - Processing file /home/samuel/dev/airflow_learning/venv/lib/python3.10/site-packages/airflow/example_dags/example_dag_decorator.py for tasks to queue
[2023-08-24T15:45:38.601+0100] {logging_mixin.py:151} INFO - [2023-08-24T15:45:38.601+0100] {dagbag.py:539} INFO - Filling up the DagBag from /home/samuel/dev/airflow_learning/venv/lib/python3.10/site-packages/airflow/example_dags/example_dag_decorator.py
[2023-08-24T15:45:38.616+0100] {processor.py:839} INFO - DAG(s) dict_keys(['example_dag_decorator']) retrieved from /home/samuel/dev/airflow_learning/venv/lib/python3.10/site-packages/airflow/example_dags/example_dag_decorator.py
[2023-08-24T15:45:38.720+0100] {logging_mixin.py:151} INFO - [2023-08-24T15:45:38.720+0100] {dag.py:2907} INFO - Sync 1 DAGs
[2023-08-24T15:45:38.729+0100] {logging_mixin.py:151} INFO - [2023-08-24T15:45:38.729+0100] {dag.py:3677} INFO - Setting next_dagrun for example_dag_decorator to None, run_after=None
[2023-08-24T15:45:38.876+0100] {processor.py:179} INFO - Processing /home/samuel/dev/airflow_learning/venv/lib/python3.10/site-packages/airflow/example_dags/example_dag_decorator.py took 0.311 seconds
[2023-08-24T15:46:31.690+0100] {processor.py:157} INFO - Started process (PID=7005) to work on /home/samuel/dev/airflow_learning/venv/lib/python3.10/site-packages/airflow/example_dags/example_dag_decorator.py
[2023-08-24T15:46:31.693+0100] {processor.py:829} INFO - Processing file /home/samuel/dev/airflow_learning/venv/lib/python3.10/site-packages/airflow/example_dags/example_dag_decorator.py for tasks to queue
[2023-08-24T15:46:31.694+0100] {logging_mixin.py:151} INFO - [2023-08-24T15:46:31.694+0100] {dagbag.py:539} INFO - Filling up the DagBag from /home/samuel/dev/airflow_learning/venv/lib/python3.10/site-packages/airflow/example_dags/example_dag_decorator.py
[2023-08-24T15:46:31.709+0100] {processor.py:839} INFO - DAG(s) dict_keys(['example_dag_decorator']) retrieved from /home/samuel/dev/airflow_learning/venv/lib/python3.10/site-packages/airflow/example_dags/example_dag_decorator.py
[2023-08-24T15:46:31.809+0100] {logging_mixin.py:151} INFO - [2023-08-24T15:46:31.808+0100] {dag.py:2907} INFO - Sync 1 DAGs
[2023-08-24T15:46:31.819+0100] {logging_mixin.py:151} INFO - [2023-08-24T15:46:31.819+0100] {dag.py:3677} INFO - Setting next_dagrun for example_dag_decorator to None, run_after=None
[2023-08-24T15:46:31.932+0100] {processor.py:179} INFO - Processing /home/samuel/dev/airflow_learning/venv/lib/python3.10/site-packages/airflow/example_dags/example_dag_decorator.py took 0.246 seconds
[2023-08-24T15:47:26.326+0100] {processor.py:157} INFO - Started process (PID=7054) to work on /home/samuel/dev/airflow_learning/venv/lib/python3.10/site-packages/airflow/example_dags/example_dag_decorator.py
[2023-08-24T15:47:26.362+0100] {processor.py:829} INFO - Processing file /home/samuel/dev/airflow_learning/venv/lib/python3.10/site-packages/airflow/example_dags/example_dag_decorator.py for tasks to queue
[2023-08-24T15:47:26.363+0100] {logging_mixin.py:151} INFO - [2023-08-24T15:47:26.363+0100] {dagbag.py:539} INFO - Filling up the DagBag from /home/samuel/dev/airflow_learning/venv/lib/python3.10/site-packages/airflow/example_dags/example_dag_decorator.py
[2023-08-24T15:47:26.378+0100] {processor.py:839} INFO - DAG(s) dict_keys(['example_dag_decorator']) retrieved from /home/samuel/dev/airflow_learning/venv/lib/python3.10/site-packages/airflow/example_dags/example_dag_decorator.py
[2023-08-24T15:47:26.481+0100] {logging_mixin.py:151} INFO - [2023-08-24T15:47:26.481+0100] {dag.py:2907} INFO - Sync 1 DAGs
[2023-08-24T15:47:26.490+0100] {logging_mixin.py:151} INFO - [2023-08-24T15:47:26.490+0100] {dag.py:3677} INFO - Setting next_dagrun for example_dag_decorator to None, run_after=None
[2023-08-24T15:47:26.591+0100] {processor.py:179} INFO - Processing /home/samuel/dev/airflow_learning/venv/lib/python3.10/site-packages/airflow/example_dags/example_dag_decorator.py took 0.269 seconds
[2023-08-24T15:48:19.406+0100] {processor.py:157} INFO - Started process (PID=7124) to work on /home/samuel/dev/airflow_learning/venv/lib/python3.10/site-packages/airflow/example_dags/example_dag_decorator.py
[2023-08-24T15:48:19.408+0100] {processor.py:829} INFO - Processing file /home/samuel/dev/airflow_learning/venv/lib/python3.10/site-packages/airflow/example_dags/example_dag_decorator.py for tasks to queue
[2023-08-24T15:48:19.410+0100] {logging_mixin.py:151} INFO - [2023-08-24T15:48:19.409+0100] {dagbag.py:539} INFO - Filling up the DagBag from /home/samuel/dev/airflow_learning/venv/lib/python3.10/site-packages/airflow/example_dags/example_dag_decorator.py
[2023-08-24T15:48:19.424+0100] {processor.py:839} INFO - DAG(s) dict_keys(['example_dag_decorator']) retrieved from /home/samuel/dev/airflow_learning/venv/lib/python3.10/site-packages/airflow/example_dags/example_dag_decorator.py
[2023-08-24T15:48:19.523+0100] {logging_mixin.py:151} INFO - [2023-08-24T15:48:19.522+0100] {dag.py:2907} INFO - Sync 1 DAGs
[2023-08-24T15:48:19.531+0100] {logging_mixin.py:151} INFO - [2023-08-24T15:48:19.531+0100] {dag.py:3677} INFO - Setting next_dagrun for example_dag_decorator to None, run_after=None
[2023-08-24T15:48:19.652+0100] {processor.py:179} INFO - Processing /home/samuel/dev/airflow_learning/venv/lib/python3.10/site-packages/airflow/example_dags/example_dag_decorator.py took 0.251 seconds
[2023-08-24T15:49:11.698+0100] {processor.py:157} INFO - Started process (PID=7173) to work on /home/samuel/dev/airflow_learning/venv/lib/python3.10/site-packages/airflow/example_dags/example_dag_decorator.py
[2023-08-24T15:49:11.715+0100] {processor.py:829} INFO - Processing file /home/samuel/dev/airflow_learning/venv/lib/python3.10/site-packages/airflow/example_dags/example_dag_decorator.py for tasks to queue
[2023-08-24T15:49:11.717+0100] {logging_mixin.py:151} INFO - [2023-08-24T15:49:11.716+0100] {dagbag.py:539} INFO - Filling up the DagBag from /home/samuel/dev/airflow_learning/venv/lib/python3.10/site-packages/airflow/example_dags/example_dag_decorator.py
[2023-08-24T15:49:11.732+0100] {processor.py:839} INFO - DAG(s) dict_keys(['example_dag_decorator']) retrieved from /home/samuel/dev/airflow_learning/venv/lib/python3.10/site-packages/airflow/example_dags/example_dag_decorator.py
[2023-08-24T15:49:11.833+0100] {logging_mixin.py:151} INFO - [2023-08-24T15:49:11.833+0100] {dag.py:2907} INFO - Sync 1 DAGs
[2023-08-24T15:49:11.842+0100] {logging_mixin.py:151} INFO - [2023-08-24T15:49:11.842+0100] {dag.py:3677} INFO - Setting next_dagrun for example_dag_decorator to None, run_after=None
[2023-08-24T15:49:11.944+0100] {processor.py:179} INFO - Processing /home/samuel/dev/airflow_learning/venv/lib/python3.10/site-packages/airflow/example_dags/example_dag_decorator.py took 0.250 seconds
[2023-08-24T15:50:00.639+0100] {processor.py:157} INFO - Started process (PID=7219) to work on /home/samuel/dev/airflow_learning/venv/lib/python3.10/site-packages/airflow/example_dags/example_dag_decorator.py
[2023-08-24T15:50:00.664+0100] {processor.py:829} INFO - Processing file /home/samuel/dev/airflow_learning/venv/lib/python3.10/site-packages/airflow/example_dags/example_dag_decorator.py for tasks to queue
[2023-08-24T15:50:00.665+0100] {logging_mixin.py:151} INFO - [2023-08-24T15:50:00.665+0100] {dagbag.py:539} INFO - Filling up the DagBag from /home/samuel/dev/airflow_learning/venv/lib/python3.10/site-packages/airflow/example_dags/example_dag_decorator.py
[2023-08-24T15:50:00.680+0100] {processor.py:839} INFO - DAG(s) dict_keys(['example_dag_decorator']) retrieved from /home/samuel/dev/airflow_learning/venv/lib/python3.10/site-packages/airflow/example_dags/example_dag_decorator.py
[2023-08-24T15:50:00.783+0100] {logging_mixin.py:151} INFO - [2023-08-24T15:50:00.783+0100] {dag.py:2907} INFO - Sync 1 DAGs
[2023-08-24T15:50:00.792+0100] {logging_mixin.py:151} INFO - [2023-08-24T15:50:00.792+0100] {dag.py:3677} INFO - Setting next_dagrun for example_dag_decorator to None, run_after=None
[2023-08-24T15:50:00.926+0100] {processor.py:179} INFO - Processing /home/samuel/dev/airflow_learning/venv/lib/python3.10/site-packages/airflow/example_dags/example_dag_decorator.py took 0.290 seconds
[2023-08-24T15:50:50.610+0100] {processor.py:157} INFO - Started process (PID=7267) to work on /home/samuel/dev/airflow_learning/venv/lib/python3.10/site-packages/airflow/example_dags/example_dag_decorator.py
[2023-08-24T15:50:50.635+0100] {processor.py:829} INFO - Processing file /home/samuel/dev/airflow_learning/venv/lib/python3.10/site-packages/airflow/example_dags/example_dag_decorator.py for tasks to queue
[2023-08-24T15:50:50.636+0100] {logging_mixin.py:151} INFO - [2023-08-24T15:50:50.636+0100] {dagbag.py:539} INFO - Filling up the DagBag from /home/samuel/dev/airflow_learning/venv/lib/python3.10/site-packages/airflow/example_dags/example_dag_decorator.py
[2023-08-24T15:50:50.651+0100] {processor.py:839} INFO - DAG(s) dict_keys(['example_dag_decorator']) retrieved from /home/samuel/dev/airflow_learning/venv/lib/python3.10/site-packages/airflow/example_dags/example_dag_decorator.py
[2023-08-24T15:50:50.753+0100] {logging_mixin.py:151} INFO - [2023-08-24T15:50:50.752+0100] {dag.py:2907} INFO - Sync 1 DAGs
[2023-08-24T15:50:50.762+0100] {logging_mixin.py:151} INFO - [2023-08-24T15:50:50.761+0100] {dag.py:3677} INFO - Setting next_dagrun for example_dag_decorator to None, run_after=None
[2023-08-24T15:50:50.888+0100] {processor.py:179} INFO - Processing /home/samuel/dev/airflow_learning/venv/lib/python3.10/site-packages/airflow/example_dags/example_dag_decorator.py took 0.282 seconds
[2023-08-24T15:51:45.823+0100] {processor.py:157} INFO - Started process (PID=7324) to work on /home/samuel/dev/airflow_learning/venv/lib/python3.10/site-packages/airflow/example_dags/example_dag_decorator.py
[2023-08-24T15:51:45.851+0100] {processor.py:829} INFO - Processing file /home/samuel/dev/airflow_learning/venv/lib/python3.10/site-packages/airflow/example_dags/example_dag_decorator.py for tasks to queue
[2023-08-24T15:51:45.852+0100] {logging_mixin.py:151} INFO - [2023-08-24T15:51:45.852+0100] {dagbag.py:539} INFO - Filling up the DagBag from /home/samuel/dev/airflow_learning/venv/lib/python3.10/site-packages/airflow/example_dags/example_dag_decorator.py
[2023-08-24T15:51:45.867+0100] {processor.py:839} INFO - DAG(s) dict_keys(['example_dag_decorator']) retrieved from /home/samuel/dev/airflow_learning/venv/lib/python3.10/site-packages/airflow/example_dags/example_dag_decorator.py
[2023-08-24T15:51:45.971+0100] {logging_mixin.py:151} INFO - [2023-08-24T15:51:45.971+0100] {dag.py:2907} INFO - Sync 1 DAGs
[2023-08-24T15:51:45.980+0100] {logging_mixin.py:151} INFO - [2023-08-24T15:51:45.980+0100] {dag.py:3677} INFO - Setting next_dagrun for example_dag_decorator to None, run_after=None
[2023-08-24T15:51:46.090+0100] {processor.py:179} INFO - Processing /home/samuel/dev/airflow_learning/venv/lib/python3.10/site-packages/airflow/example_dags/example_dag_decorator.py took 0.271 seconds
[2023-08-24T15:52:33.295+0100] {processor.py:157} INFO - Started process (PID=7373) to work on /home/samuel/dev/airflow_learning/venv/lib/python3.10/site-packages/airflow/example_dags/example_dag_decorator.py
[2023-08-24T15:52:33.297+0100] {processor.py:829} INFO - Processing file /home/samuel/dev/airflow_learning/venv/lib/python3.10/site-packages/airflow/example_dags/example_dag_decorator.py for tasks to queue
[2023-08-24T15:52:33.298+0100] {logging_mixin.py:151} INFO - [2023-08-24T15:52:33.298+0100] {dagbag.py:539} INFO - Filling up the DagBag from /home/samuel/dev/airflow_learning/venv/lib/python3.10/site-packages/airflow/example_dags/example_dag_decorator.py
[2023-08-24T15:52:33.313+0100] {processor.py:839} INFO - DAG(s) dict_keys(['example_dag_decorator']) retrieved from /home/samuel/dev/airflow_learning/venv/lib/python3.10/site-packages/airflow/example_dags/example_dag_decorator.py
[2023-08-24T15:52:33.411+0100] {logging_mixin.py:151} INFO - [2023-08-24T15:52:33.411+0100] {dag.py:2907} INFO - Sync 1 DAGs
[2023-08-24T15:52:33.421+0100] {logging_mixin.py:151} INFO - [2023-08-24T15:52:33.421+0100] {dag.py:3677} INFO - Setting next_dagrun for example_dag_decorator to None, run_after=None
[2023-08-24T15:52:33.550+0100] {processor.py:179} INFO - Processing /home/samuel/dev/airflow_learning/venv/lib/python3.10/site-packages/airflow/example_dags/example_dag_decorator.py took 0.260 seconds
[2023-08-24T15:53:24.342+0100] {processor.py:157} INFO - Started process (PID=7487) to work on /home/samuel/dev/airflow_learning/venv/lib/python3.10/site-packages/airflow/example_dags/example_dag_decorator.py
[2023-08-24T15:53:24.361+0100] {processor.py:829} INFO - Processing file /home/samuel/dev/airflow_learning/venv/lib/python3.10/site-packages/airflow/example_dags/example_dag_decorator.py for tasks to queue
[2023-08-24T15:53:24.362+0100] {logging_mixin.py:151} INFO - [2023-08-24T15:53:24.361+0100] {dagbag.py:539} INFO - Filling up the DagBag from /home/samuel/dev/airflow_learning/venv/lib/python3.10/site-packages/airflow/example_dags/example_dag_decorator.py
[2023-08-24T15:53:24.377+0100] {processor.py:839} INFO - DAG(s) dict_keys(['example_dag_decorator']) retrieved from /home/samuel/dev/airflow_learning/venv/lib/python3.10/site-packages/airflow/example_dags/example_dag_decorator.py
[2023-08-24T15:53:24.484+0100] {logging_mixin.py:151} INFO - [2023-08-24T15:53:24.483+0100] {dag.py:2907} INFO - Sync 1 DAGs
[2023-08-24T15:53:24.499+0100] {logging_mixin.py:151} INFO - [2023-08-24T15:53:24.498+0100] {dag.py:3677} INFO - Setting next_dagrun for example_dag_decorator to None, run_after=None
[2023-08-24T15:53:24.609+0100] {processor.py:179} INFO - Processing /home/samuel/dev/airflow_learning/venv/lib/python3.10/site-packages/airflow/example_dags/example_dag_decorator.py took 0.271 seconds
[2023-08-24T15:54:29.985+0100] {processor.py:157} INFO - Started process (PID=7580) to work on /home/samuel/dev/airflow_learning/venv/lib/python3.10/site-packages/airflow/example_dags/example_dag_decorator.py
[2023-08-24T15:54:29.999+0100] {processor.py:829} INFO - Processing file /home/samuel/dev/airflow_learning/venv/lib/python3.10/site-packages/airflow/example_dags/example_dag_decorator.py for tasks to queue
[2023-08-24T15:54:30.001+0100] {logging_mixin.py:151} INFO - [2023-08-24T15:54:30.000+0100] {dagbag.py:539} INFO - Filling up the DagBag from /home/samuel/dev/airflow_learning/venv/lib/python3.10/site-packages/airflow/example_dags/example_dag_decorator.py
[2023-08-24T15:54:30.020+0100] {processor.py:839} INFO - DAG(s) dict_keys(['example_dag_decorator']) retrieved from /home/samuel/dev/airflow_learning/venv/lib/python3.10/site-packages/airflow/example_dags/example_dag_decorator.py
[2023-08-24T15:54:30.131+0100] {logging_mixin.py:151} INFO - [2023-08-24T15:54:30.131+0100] {dag.py:2907} INFO - Sync 1 DAGs
[2023-08-24T15:54:30.142+0100] {logging_mixin.py:151} INFO - [2023-08-24T15:54:30.142+0100] {dag.py:3677} INFO - Setting next_dagrun for example_dag_decorator to None, run_after=None
[2023-08-24T15:54:30.346+0100] {processor.py:179} INFO - Processing /home/samuel/dev/airflow_learning/venv/lib/python3.10/site-packages/airflow/example_dags/example_dag_decorator.py took 0.368 seconds
[2023-08-24T15:55:29.737+0100] {processor.py:157} INFO - Started process (PID=7633) to work on /home/samuel/dev/airflow_learning/venv/lib/python3.10/site-packages/airflow/example_dags/example_dag_decorator.py
[2023-08-24T15:55:29.793+0100] {processor.py:829} INFO - Processing file /home/samuel/dev/airflow_learning/venv/lib/python3.10/site-packages/airflow/example_dags/example_dag_decorator.py for tasks to queue
[2023-08-24T15:55:29.795+0100] {logging_mixin.py:151} INFO - [2023-08-24T15:55:29.794+0100] {dagbag.py:539} INFO - Filling up the DagBag from /home/samuel/dev/airflow_learning/venv/lib/python3.10/site-packages/airflow/example_dags/example_dag_decorator.py
[2023-08-24T15:55:29.811+0100] {processor.py:839} INFO - DAG(s) dict_keys(['example_dag_decorator']) retrieved from /home/samuel/dev/airflow_learning/venv/lib/python3.10/site-packages/airflow/example_dags/example_dag_decorator.py
[2023-08-24T15:55:31.278+0100] {logging_mixin.py:151} INFO - [2023-08-24T15:55:31.278+0100] {dag.py:2907} INFO - Sync 1 DAGs
[2023-08-24T15:55:31.290+0100] {logging_mixin.py:151} INFO - [2023-08-24T15:55:31.290+0100] {dag.py:3677} INFO - Setting next_dagrun for example_dag_decorator to None, run_after=None
[2023-08-24T15:55:31.439+0100] {processor.py:179} INFO - Processing /home/samuel/dev/airflow_learning/venv/lib/python3.10/site-packages/airflow/example_dags/example_dag_decorator.py took 1.706 seconds
[2023-08-24T15:56:23.984+0100] {processor.py:157} INFO - Started process (PID=7817) to work on /home/samuel/dev/airflow_learning/venv/lib/python3.10/site-packages/airflow/example_dags/example_dag_decorator.py
[2023-08-24T15:56:24.010+0100] {processor.py:829} INFO - Processing file /home/samuel/dev/airflow_learning/venv/lib/python3.10/site-packages/airflow/example_dags/example_dag_decorator.py for tasks to queue
[2023-08-24T15:56:24.011+0100] {logging_mixin.py:151} INFO - [2023-08-24T15:56:24.011+0100] {dagbag.py:539} INFO - Filling up the DagBag from /home/samuel/dev/airflow_learning/venv/lib/python3.10/site-packages/airflow/example_dags/example_dag_decorator.py
[2023-08-24T15:56:24.031+0100] {processor.py:839} INFO - DAG(s) dict_keys(['example_dag_decorator']) retrieved from /home/samuel/dev/airflow_learning/venv/lib/python3.10/site-packages/airflow/example_dags/example_dag_decorator.py
[2023-08-24T15:56:24.143+0100] {logging_mixin.py:151} INFO - [2023-08-24T15:56:24.143+0100] {dag.py:2907} INFO - Sync 1 DAGs
[2023-08-24T15:56:24.153+0100] {logging_mixin.py:151} INFO - [2023-08-24T15:56:24.153+0100] {dag.py:3677} INFO - Setting next_dagrun for example_dag_decorator to None, run_after=None
[2023-08-24T15:56:24.263+0100] {processor.py:179} INFO - Processing /home/samuel/dev/airflow_learning/venv/lib/python3.10/site-packages/airflow/example_dags/example_dag_decorator.py took 0.283 seconds
[2023-08-24T15:57:13.566+0100] {processor.py:157} INFO - Started process (PID=7872) to work on /home/samuel/dev/airflow_learning/venv/lib/python3.10/site-packages/airflow/example_dags/example_dag_decorator.py
[2023-08-24T15:57:13.593+0100] {processor.py:829} INFO - Processing file /home/samuel/dev/airflow_learning/venv/lib/python3.10/site-packages/airflow/example_dags/example_dag_decorator.py for tasks to queue
[2023-08-24T15:57:13.594+0100] {logging_mixin.py:151} INFO - [2023-08-24T15:57:13.594+0100] {dagbag.py:539} INFO - Filling up the DagBag from /home/samuel/dev/airflow_learning/venv/lib/python3.10/site-packages/airflow/example_dags/example_dag_decorator.py
[2023-08-24T15:57:13.606+0100] {processor.py:839} INFO - DAG(s) dict_keys(['example_dag_decorator']) retrieved from /home/samuel/dev/airflow_learning/venv/lib/python3.10/site-packages/airflow/example_dags/example_dag_decorator.py
[2023-08-24T15:57:13.703+0100] {logging_mixin.py:151} INFO - [2023-08-24T15:57:13.703+0100] {dag.py:2907} INFO - Sync 1 DAGs
[2023-08-24T15:57:13.712+0100] {logging_mixin.py:151} INFO - [2023-08-24T15:57:13.712+0100] {dag.py:3677} INFO - Setting next_dagrun for example_dag_decorator to None, run_after=None
[2023-08-24T15:57:13.858+0100] {processor.py:179} INFO - Processing /home/samuel/dev/airflow_learning/venv/lib/python3.10/site-packages/airflow/example_dags/example_dag_decorator.py took 0.297 seconds
[2023-08-24T15:58:05.958+0100] {processor.py:157} INFO - Started process (PID=7925) to work on /home/samuel/dev/airflow_learning/venv/lib/python3.10/site-packages/airflow/example_dags/example_dag_decorator.py
[2023-08-24T15:58:05.986+0100] {processor.py:829} INFO - Processing file /home/samuel/dev/airflow_learning/venv/lib/python3.10/site-packages/airflow/example_dags/example_dag_decorator.py for tasks to queue
[2023-08-24T15:58:05.987+0100] {logging_mixin.py:151} INFO - [2023-08-24T15:58:05.986+0100] {dagbag.py:539} INFO - Filling up the DagBag from /home/samuel/dev/airflow_learning/venv/lib/python3.10/site-packages/airflow/example_dags/example_dag_decorator.py
[2023-08-24T15:58:06.002+0100] {processor.py:839} INFO - DAG(s) dict_keys(['example_dag_decorator']) retrieved from /home/samuel/dev/airflow_learning/venv/lib/python3.10/site-packages/airflow/example_dags/example_dag_decorator.py
[2023-08-24T15:58:06.113+0100] {logging_mixin.py:151} INFO - [2023-08-24T15:58:06.113+0100] {dag.py:2907} INFO - Sync 1 DAGs
[2023-08-24T15:58:06.122+0100] {logging_mixin.py:151} INFO - [2023-08-24T15:58:06.122+0100] {dag.py:3677} INFO - Setting next_dagrun for example_dag_decorator to None, run_after=None
[2023-08-24T15:58:06.248+0100] {processor.py:179} INFO - Processing /home/samuel/dev/airflow_learning/venv/lib/python3.10/site-packages/airflow/example_dags/example_dag_decorator.py took 0.294 seconds
[2023-08-24T15:58:57.071+0100] {processor.py:157} INFO - Started process (PID=7977) to work on /home/samuel/dev/airflow_learning/venv/lib/python3.10/site-packages/airflow/example_dags/example_dag_decorator.py
[2023-08-24T15:58:57.074+0100] {processor.py:829} INFO - Processing file /home/samuel/dev/airflow_learning/venv/lib/python3.10/site-packages/airflow/example_dags/example_dag_decorator.py for tasks to queue
[2023-08-24T15:58:57.075+0100] {logging_mixin.py:151} INFO - [2023-08-24T15:58:57.075+0100] {dagbag.py:539} INFO - Filling up the DagBag from /home/samuel/dev/airflow_learning/venv/lib/python3.10/site-packages/airflow/example_dags/example_dag_decorator.py
[2023-08-24T15:58:57.089+0100] {processor.py:839} INFO - DAG(s) dict_keys(['example_dag_decorator']) retrieved from /home/samuel/dev/airflow_learning/venv/lib/python3.10/site-packages/airflow/example_dags/example_dag_decorator.py
[2023-08-24T15:58:57.193+0100] {logging_mixin.py:151} INFO - [2023-08-24T15:58:57.192+0100] {dag.py:2907} INFO - Sync 1 DAGs
[2023-08-24T15:58:57.202+0100] {logging_mixin.py:151} INFO - [2023-08-24T15:58:57.202+0100] {dag.py:3677} INFO - Setting next_dagrun for example_dag_decorator to None, run_after=None
[2023-08-24T15:58:57.330+0100] {processor.py:179} INFO - Processing /home/samuel/dev/airflow_learning/venv/lib/python3.10/site-packages/airflow/example_dags/example_dag_decorator.py took 0.262 seconds
[2023-08-24T15:59:57.016+0100] {processor.py:157} INFO - Started process (PID=8215) to work on /home/samuel/dev/airflow_learning/venv/lib/python3.10/site-packages/airflow/example_dags/example_dag_decorator.py
[2023-08-24T15:59:57.032+0100] {processor.py:829} INFO - Processing file /home/samuel/dev/airflow_learning/venv/lib/python3.10/site-packages/airflow/example_dags/example_dag_decorator.py for tasks to queue
[2023-08-24T15:59:57.033+0100] {logging_mixin.py:151} INFO - [2023-08-24T15:59:57.033+0100] {dagbag.py:539} INFO - Filling up the DagBag from /home/samuel/dev/airflow_learning/venv/lib/python3.10/site-packages/airflow/example_dags/example_dag_decorator.py
[2023-08-24T15:59:57.046+0100] {processor.py:839} INFO - DAG(s) dict_keys(['example_dag_decorator']) retrieved from /home/samuel/dev/airflow_learning/venv/lib/python3.10/site-packages/airflow/example_dags/example_dag_decorator.py
[2023-08-24T15:59:57.146+0100] {logging_mixin.py:151} INFO - [2023-08-24T15:59:57.146+0100] {dag.py:2907} INFO - Sync 1 DAGs
[2023-08-24T15:59:57.156+0100] {logging_mixin.py:151} INFO - [2023-08-24T15:59:57.156+0100] {dag.py:3677} INFO - Setting next_dagrun for example_dag_decorator to None, run_after=None
[2023-08-24T15:59:57.277+0100] {processor.py:179} INFO - Processing /home/samuel/dev/airflow_learning/venv/lib/python3.10/site-packages/airflow/example_dags/example_dag_decorator.py took 0.264 seconds
[2023-08-24T16:00:50.277+0100] {processor.py:157} INFO - Started process (PID=8321) to work on /home/samuel/dev/airflow_learning/venv/lib/python3.10/site-packages/airflow/example_dags/example_dag_decorator.py
[2023-08-24T16:00:50.304+0100] {processor.py:829} INFO - Processing file /home/samuel/dev/airflow_learning/venv/lib/python3.10/site-packages/airflow/example_dags/example_dag_decorator.py for tasks to queue
[2023-08-24T16:00:50.305+0100] {logging_mixin.py:151} INFO - [2023-08-24T16:00:50.304+0100] {dagbag.py:539} INFO - Filling up the DagBag from /home/samuel/dev/airflow_learning/venv/lib/python3.10/site-packages/airflow/example_dags/example_dag_decorator.py
[2023-08-24T16:00:50.319+0100] {processor.py:839} INFO - DAG(s) dict_keys(['example_dag_decorator']) retrieved from /home/samuel/dev/airflow_learning/venv/lib/python3.10/site-packages/airflow/example_dags/example_dag_decorator.py
[2023-08-24T16:00:50.423+0100] {logging_mixin.py:151} INFO - [2023-08-24T16:00:50.423+0100] {dag.py:2907} INFO - Sync 1 DAGs
[2023-08-24T16:00:50.433+0100] {logging_mixin.py:151} INFO - [2023-08-24T16:00:50.432+0100] {dag.py:3677} INFO - Setting next_dagrun for example_dag_decorator to None, run_after=None
[2023-08-24T16:00:50.547+0100] {processor.py:179} INFO - Processing /home/samuel/dev/airflow_learning/venv/lib/python3.10/site-packages/airflow/example_dags/example_dag_decorator.py took 0.274 seconds
[2023-08-24T16:01:45.457+0100] {processor.py:157} INFO - Started process (PID=8400) to work on /home/samuel/dev/airflow_learning/venv/lib/python3.10/site-packages/airflow/example_dags/example_dag_decorator.py
[2023-08-24T16:01:45.477+0100] {processor.py:829} INFO - Processing file /home/samuel/dev/airflow_learning/venv/lib/python3.10/site-packages/airflow/example_dags/example_dag_decorator.py for tasks to queue
[2023-08-24T16:01:45.478+0100] {logging_mixin.py:151} INFO - [2023-08-24T16:01:45.478+0100] {dagbag.py:539} INFO - Filling up the DagBag from /home/samuel/dev/airflow_learning/venv/lib/python3.10/site-packages/airflow/example_dags/example_dag_decorator.py
[2023-08-24T16:01:45.490+0100] {processor.py:839} INFO - DAG(s) dict_keys(['example_dag_decorator']) retrieved from /home/samuel/dev/airflow_learning/venv/lib/python3.10/site-packages/airflow/example_dags/example_dag_decorator.py
[2023-08-24T16:01:45.590+0100] {logging_mixin.py:151} INFO - [2023-08-24T16:01:45.590+0100] {dag.py:2907} INFO - Sync 1 DAGs
[2023-08-24T16:01:45.602+0100] {logging_mixin.py:151} INFO - [2023-08-24T16:01:45.601+0100] {dag.py:3677} INFO - Setting next_dagrun for example_dag_decorator to None, run_after=None
[2023-08-24T16:01:45.709+0100] {processor.py:179} INFO - Processing /home/samuel/dev/airflow_learning/venv/lib/python3.10/site-packages/airflow/example_dags/example_dag_decorator.py took 0.256 seconds
[2023-08-24T16:02:37.403+0100] {processor.py:157} INFO - Started process (PID=8474) to work on /home/samuel/dev/airflow_learning/venv/lib/python3.10/site-packages/airflow/example_dags/example_dag_decorator.py
[2023-08-24T16:02:37.426+0100] {processor.py:829} INFO - Processing file /home/samuel/dev/airflow_learning/venv/lib/python3.10/site-packages/airflow/example_dags/example_dag_decorator.py for tasks to queue
[2023-08-24T16:02:37.427+0100] {logging_mixin.py:151} INFO - [2023-08-24T16:02:37.427+0100] {dagbag.py:539} INFO - Filling up the DagBag from /home/samuel/dev/airflow_learning/venv/lib/python3.10/site-packages/airflow/example_dags/example_dag_decorator.py
[2023-08-24T16:02:37.443+0100] {processor.py:839} INFO - DAG(s) dict_keys(['example_dag_decorator']) retrieved from /home/samuel/dev/airflow_learning/venv/lib/python3.10/site-packages/airflow/example_dags/example_dag_decorator.py
[2023-08-24T16:02:37.557+0100] {logging_mixin.py:151} INFO - [2023-08-24T16:02:37.556+0100] {dag.py:2907} INFO - Sync 1 DAGs
[2023-08-24T16:02:37.566+0100] {logging_mixin.py:151} INFO - [2023-08-24T16:02:37.565+0100] {dag.py:3677} INFO - Setting next_dagrun for example_dag_decorator to None, run_after=None
[2023-08-24T16:02:37.722+0100] {processor.py:179} INFO - Processing /home/samuel/dev/airflow_learning/venv/lib/python3.10/site-packages/airflow/example_dags/example_dag_decorator.py took 0.323 seconds
[2023-08-24T16:03:28.663+0100] {processor.py:157} INFO - Started process (PID=8539) to work on /home/samuel/dev/airflow_learning/venv/lib/python3.10/site-packages/airflow/example_dags/example_dag_decorator.py
[2023-08-24T16:03:28.697+0100] {processor.py:829} INFO - Processing file /home/samuel/dev/airflow_learning/venv/lib/python3.10/site-packages/airflow/example_dags/example_dag_decorator.py for tasks to queue
[2023-08-24T16:03:28.698+0100] {logging_mixin.py:151} INFO - [2023-08-24T16:03:28.698+0100] {dagbag.py:539} INFO - Filling up the DagBag from /home/samuel/dev/airflow_learning/venv/lib/python3.10/site-packages/airflow/example_dags/example_dag_decorator.py
[2023-08-24T16:03:28.713+0100] {processor.py:839} INFO - DAG(s) dict_keys(['example_dag_decorator']) retrieved from /home/samuel/dev/airflow_learning/venv/lib/python3.10/site-packages/airflow/example_dags/example_dag_decorator.py
[2023-08-24T16:03:28.820+0100] {logging_mixin.py:151} INFO - [2023-08-24T16:03:28.820+0100] {dag.py:2907} INFO - Sync 1 DAGs
[2023-08-24T16:03:28.831+0100] {logging_mixin.py:151} INFO - [2023-08-24T16:03:28.831+0100] {dag.py:3677} INFO - Setting next_dagrun for example_dag_decorator to None, run_after=None
[2023-08-24T16:03:28.955+0100] {processor.py:179} INFO - Processing /home/samuel/dev/airflow_learning/venv/lib/python3.10/site-packages/airflow/example_dags/example_dag_decorator.py took 0.296 seconds
[2023-08-24T16:04:23.649+0100] {processor.py:157} INFO - Started process (PID=8614) to work on /home/samuel/dev/airflow_learning/venv/lib/python3.10/site-packages/airflow/example_dags/example_dag_decorator.py
[2023-08-24T16:04:23.687+0100] {processor.py:829} INFO - Processing file /home/samuel/dev/airflow_learning/venv/lib/python3.10/site-packages/airflow/example_dags/example_dag_decorator.py for tasks to queue
[2023-08-24T16:04:23.688+0100] {logging_mixin.py:151} INFO - [2023-08-24T16:04:23.687+0100] {dagbag.py:539} INFO - Filling up the DagBag from /home/samuel/dev/airflow_learning/venv/lib/python3.10/site-packages/airflow/example_dags/example_dag_decorator.py
[2023-08-24T16:04:23.703+0100] {processor.py:839} INFO - DAG(s) dict_keys(['example_dag_decorator']) retrieved from /home/samuel/dev/airflow_learning/venv/lib/python3.10/site-packages/airflow/example_dags/example_dag_decorator.py
[2023-08-24T16:04:23.810+0100] {logging_mixin.py:151} INFO - [2023-08-24T16:04:23.809+0100] {dag.py:2907} INFO - Sync 1 DAGs
[2023-08-24T16:04:23.819+0100] {logging_mixin.py:151} INFO - [2023-08-24T16:04:23.818+0100] {dag.py:3677} INFO - Setting next_dagrun for example_dag_decorator to None, run_after=None
[2023-08-24T16:04:23.911+0100] {processor.py:179} INFO - Processing /home/samuel/dev/airflow_learning/venv/lib/python3.10/site-packages/airflow/example_dags/example_dag_decorator.py took 0.266 seconds
