[2023-08-24T15:22:05.443+0100] {processor.py:157} INFO - Started process (PID=5344) to work on /home/samuel/dev/airflow_learning/venv/lib/python3.10/site-packages/airflow/example_dags/example_setup_teardown_taskflow.py
[2023-08-24T15:22:05.444+0100] {processor.py:829} INFO - Processing file /home/samuel/dev/airflow_learning/venv/lib/python3.10/site-packages/airflow/example_dags/example_setup_teardown_taskflow.py for tasks to queue
[2023-08-24T15:22:05.446+0100] {logging_mixin.py:151} INFO - [2023-08-24T15:22:05.445+0100] {dagbag.py:539} INFO - Filling up the DagBag from /home/samuel/dev/airflow_learning/venv/lib/python3.10/site-packages/airflow/example_dags/example_setup_teardown_taskflow.py
[2023-08-24T15:22:05.464+0100] {processor.py:839} INFO - DAG(s) dict_keys(['example_setup_teardown_taskflow']) retrieved from /home/samuel/dev/airflow_learning/venv/lib/python3.10/site-packages/airflow/example_dags/example_setup_teardown_taskflow.py
[2023-08-24T15:22:05.820+0100] {logging_mixin.py:151} INFO - [2023-08-24T15:22:05.819+0100] {manager.py:501} INFO - Created Permission View: can edit on DAG:example_setup_teardown_taskflow
[2023-08-24T15:22:05.931+0100] {logging_mixin.py:151} INFO - [2023-08-24T15:22:05.931+0100] {manager.py:501} INFO - Created Permission View: can delete on DAG:example_setup_teardown_taskflow
[2023-08-24T15:22:06.031+0100] {logging_mixin.py:151} INFO - [2023-08-24T15:22:06.031+0100] {manager.py:501} INFO - Created Permission View: can read on DAG:example_setup_teardown_taskflow
[2023-08-24T15:22:06.060+0100] {logging_mixin.py:151} INFO - [2023-08-24T15:22:06.060+0100] {dag.py:2907} INFO - Sync 1 DAGs
[2023-08-24T15:22:06.084+0100] {logging_mixin.py:151} INFO - [2023-08-24T15:22:06.083+0100] {dag.py:2929} INFO - Creating ORM DAG for example_setup_teardown_taskflow
[2023-08-24T15:22:06.098+0100] {logging_mixin.py:151} INFO - [2023-08-24T15:22:06.098+0100] {dag.py:3677} INFO - Setting next_dagrun for example_setup_teardown_taskflow to 2023-08-23T14:22:06.098079+00:00, run_after=2023-08-24T14:22:06.098079+00:00
[2023-08-24T15:22:06.271+0100] {processor.py:179} INFO - Processing /home/samuel/dev/airflow_learning/venv/lib/python3.10/site-packages/airflow/example_dags/example_setup_teardown_taskflow.py took 0.832 seconds
[2023-08-24T15:23:28.533+0100] {processor.py:157} INFO - Started process (PID=5405) to work on /home/samuel/dev/airflow_learning/venv/lib/python3.10/site-packages/airflow/example_dags/example_setup_teardown_taskflow.py
[2023-08-24T15:23:28.559+0100] {processor.py:829} INFO - Processing file /home/samuel/dev/airflow_learning/venv/lib/python3.10/site-packages/airflow/example_dags/example_setup_teardown_taskflow.py for tasks to queue
[2023-08-24T15:23:28.560+0100] {logging_mixin.py:151} INFO - [2023-08-24T15:23:28.560+0100] {dagbag.py:539} INFO - Filling up the DagBag from /home/samuel/dev/airflow_learning/venv/lib/python3.10/site-packages/airflow/example_dags/example_setup_teardown_taskflow.py
[2023-08-24T15:23:28.573+0100] {processor.py:839} INFO - DAG(s) dict_keys(['example_setup_teardown_taskflow']) retrieved from /home/samuel/dev/airflow_learning/venv/lib/python3.10/site-packages/airflow/example_dags/example_setup_teardown_taskflow.py
[2023-08-24T15:23:28.595+0100] {logging_mixin.py:151} INFO - [2023-08-24T15:23:28.595+0100] {dag.py:2907} INFO - Sync 1 DAGs
[2023-08-24T15:23:28.617+0100] {logging_mixin.py:151} INFO - [2023-08-24T15:23:28.617+0100] {dag.py:3677} INFO - Setting next_dagrun for example_setup_teardown_taskflow to 2023-08-23T14:23:28.616927+00:00, run_after=2023-08-24T14:23:28.616927+00:00
[2023-08-24T15:23:28.746+0100] {processor.py:179} INFO - Processing /home/samuel/dev/airflow_learning/venv/lib/python3.10/site-packages/airflow/example_dags/example_setup_teardown_taskflow.py took 0.217 seconds
[2023-08-24T15:24:25.858+0100] {processor.py:157} INFO - Started process (PID=5464) to work on /home/samuel/dev/airflow_learning/venv/lib/python3.10/site-packages/airflow/example_dags/example_setup_teardown_taskflow.py
[2023-08-24T15:24:25.861+0100] {processor.py:829} INFO - Processing file /home/samuel/dev/airflow_learning/venv/lib/python3.10/site-packages/airflow/example_dags/example_setup_teardown_taskflow.py for tasks to queue
[2023-08-24T15:24:25.862+0100] {logging_mixin.py:151} INFO - [2023-08-24T15:24:25.862+0100] {dagbag.py:539} INFO - Filling up the DagBag from /home/samuel/dev/airflow_learning/venv/lib/python3.10/site-packages/airflow/example_dags/example_setup_teardown_taskflow.py
[2023-08-24T15:24:25.875+0100] {processor.py:839} INFO - DAG(s) dict_keys(['example_setup_teardown_taskflow']) retrieved from /home/samuel/dev/airflow_learning/venv/lib/python3.10/site-packages/airflow/example_dags/example_setup_teardown_taskflow.py
[2023-08-24T15:24:25.896+0100] {logging_mixin.py:151} INFO - [2023-08-24T15:24:25.896+0100] {dag.py:2907} INFO - Sync 1 DAGs
[2023-08-24T15:24:25.917+0100] {logging_mixin.py:151} INFO - [2023-08-24T15:24:25.917+0100] {dag.py:3677} INFO - Setting next_dagrun for example_setup_teardown_taskflow to 2023-08-23T14:24:25.917527+00:00, run_after=2023-08-24T14:24:25.917527+00:00
[2023-08-24T15:24:26.027+0100] {processor.py:179} INFO - Processing /home/samuel/dev/airflow_learning/venv/lib/python3.10/site-packages/airflow/example_dags/example_setup_teardown_taskflow.py took 0.173 seconds
[2023-08-24T15:25:14.701+0100] {processor.py:157} INFO - Started process (PID=5515) to work on /home/samuel/dev/airflow_learning/venv/lib/python3.10/site-packages/airflow/example_dags/example_setup_teardown_taskflow.py
[2023-08-24T15:25:14.723+0100] {processor.py:829} INFO - Processing file /home/samuel/dev/airflow_learning/venv/lib/python3.10/site-packages/airflow/example_dags/example_setup_teardown_taskflow.py for tasks to queue
[2023-08-24T15:25:14.724+0100] {logging_mixin.py:151} INFO - [2023-08-24T15:25:14.724+0100] {dagbag.py:539} INFO - Filling up the DagBag from /home/samuel/dev/airflow_learning/venv/lib/python3.10/site-packages/airflow/example_dags/example_setup_teardown_taskflow.py
[2023-08-24T15:25:14.739+0100] {processor.py:839} INFO - DAG(s) dict_keys(['example_setup_teardown_taskflow']) retrieved from /home/samuel/dev/airflow_learning/venv/lib/python3.10/site-packages/airflow/example_dags/example_setup_teardown_taskflow.py
[2023-08-24T15:25:14.761+0100] {logging_mixin.py:151} INFO - [2023-08-24T15:25:14.761+0100] {dag.py:2907} INFO - Sync 1 DAGs
[2023-08-24T15:25:14.785+0100] {logging_mixin.py:151} INFO - [2023-08-24T15:25:14.785+0100] {dag.py:3677} INFO - Setting next_dagrun for example_setup_teardown_taskflow to 2023-08-23T14:25:14.785024+00:00, run_after=2023-08-24T14:25:14.785024+00:00
[2023-08-24T15:25:14.894+0100] {processor.py:179} INFO - Processing /home/samuel/dev/airflow_learning/venv/lib/python3.10/site-packages/airflow/example_dags/example_setup_teardown_taskflow.py took 0.197 seconds
[2023-08-24T15:26:06.989+0100] {processor.py:157} INFO - Started process (PID=5567) to work on /home/samuel/dev/airflow_learning/venv/lib/python3.10/site-packages/airflow/example_dags/example_setup_teardown_taskflow.py
[2023-08-24T15:26:06.990+0100] {processor.py:829} INFO - Processing file /home/samuel/dev/airflow_learning/venv/lib/python3.10/site-packages/airflow/example_dags/example_setup_teardown_taskflow.py for tasks to queue
[2023-08-24T15:26:06.991+0100] {logging_mixin.py:151} INFO - [2023-08-24T15:26:06.990+0100] {dagbag.py:539} INFO - Filling up the DagBag from /home/samuel/dev/airflow_learning/venv/lib/python3.10/site-packages/airflow/example_dags/example_setup_teardown_taskflow.py
[2023-08-24T15:26:07.003+0100] {processor.py:839} INFO - DAG(s) dict_keys(['example_setup_teardown_taskflow']) retrieved from /home/samuel/dev/airflow_learning/venv/lib/python3.10/site-packages/airflow/example_dags/example_setup_teardown_taskflow.py
[2023-08-24T15:26:07.021+0100] {logging_mixin.py:151} INFO - [2023-08-24T15:26:07.020+0100] {dag.py:2907} INFO - Sync 1 DAGs
[2023-08-24T15:26:07.042+0100] {logging_mixin.py:151} INFO - [2023-08-24T15:26:07.041+0100] {dag.py:3677} INFO - Setting next_dagrun for example_setup_teardown_taskflow to 2023-08-23T14:26:07.041619+00:00, run_after=2023-08-24T14:26:07.041619+00:00
[2023-08-24T15:26:07.169+0100] {processor.py:179} INFO - Processing /home/samuel/dev/airflow_learning/venv/lib/python3.10/site-packages/airflow/example_dags/example_setup_teardown_taskflow.py took 0.183 seconds
[2023-08-24T15:27:03.214+0100] {processor.py:157} INFO - Started process (PID=5618) to work on /home/samuel/dev/airflow_learning/venv/lib/python3.10/site-packages/airflow/example_dags/example_setup_teardown_taskflow.py
[2023-08-24T15:27:03.216+0100] {processor.py:829} INFO - Processing file /home/samuel/dev/airflow_learning/venv/lib/python3.10/site-packages/airflow/example_dags/example_setup_teardown_taskflow.py for tasks to queue
[2023-08-24T15:27:03.217+0100] {logging_mixin.py:151} INFO - [2023-08-24T15:27:03.216+0100] {dagbag.py:539} INFO - Filling up the DagBag from /home/samuel/dev/airflow_learning/venv/lib/python3.10/site-packages/airflow/example_dags/example_setup_teardown_taskflow.py
[2023-08-24T15:27:03.230+0100] {processor.py:839} INFO - DAG(s) dict_keys(['example_setup_teardown_taskflow']) retrieved from /home/samuel/dev/airflow_learning/venv/lib/python3.10/site-packages/airflow/example_dags/example_setup_teardown_taskflow.py
[2023-08-24T15:27:03.248+0100] {logging_mixin.py:151} INFO - [2023-08-24T15:27:03.248+0100] {dag.py:2907} INFO - Sync 1 DAGs
[2023-08-24T15:27:03.267+0100] {logging_mixin.py:151} INFO - [2023-08-24T15:27:03.267+0100] {dag.py:3677} INFO - Setting next_dagrun for example_setup_teardown_taskflow to 2023-08-23T14:27:03.267415+00:00, run_after=2023-08-24T14:27:03.267415+00:00
[2023-08-24T15:27:03.397+0100] {processor.py:179} INFO - Processing /home/samuel/dev/airflow_learning/venv/lib/python3.10/site-packages/airflow/example_dags/example_setup_teardown_taskflow.py took 0.186 seconds
[2023-08-24T15:27:56.908+0100] {processor.py:157} INFO - Started process (PID=5672) to work on /home/samuel/dev/airflow_learning/venv/lib/python3.10/site-packages/airflow/example_dags/example_setup_teardown_taskflow.py
[2023-08-24T15:27:56.931+0100] {processor.py:829} INFO - Processing file /home/samuel/dev/airflow_learning/venv/lib/python3.10/site-packages/airflow/example_dags/example_setup_teardown_taskflow.py for tasks to queue
[2023-08-24T15:27:56.932+0100] {logging_mixin.py:151} INFO - [2023-08-24T15:27:56.931+0100] {dagbag.py:539} INFO - Filling up the DagBag from /home/samuel/dev/airflow_learning/venv/lib/python3.10/site-packages/airflow/example_dags/example_setup_teardown_taskflow.py
[2023-08-24T15:27:56.944+0100] {processor.py:839} INFO - DAG(s) dict_keys(['example_setup_teardown_taskflow']) retrieved from /home/samuel/dev/airflow_learning/venv/lib/python3.10/site-packages/airflow/example_dags/example_setup_teardown_taskflow.py
[2023-08-24T15:27:56.964+0100] {logging_mixin.py:151} INFO - [2023-08-24T15:27:56.963+0100] {dag.py:2907} INFO - Sync 1 DAGs
[2023-08-24T15:27:56.985+0100] {logging_mixin.py:151} INFO - [2023-08-24T15:27:56.985+0100] {dag.py:3677} INFO - Setting next_dagrun for example_setup_teardown_taskflow to 2023-08-23T14:27:56.985032+00:00, run_after=2023-08-24T14:27:56.985032+00:00
[2023-08-24T15:27:57.109+0100] {processor.py:179} INFO - Processing /home/samuel/dev/airflow_learning/venv/lib/python3.10/site-packages/airflow/example_dags/example_setup_teardown_taskflow.py took 0.204 seconds
[2023-08-24T15:28:52.497+0100] {processor.py:157} INFO - Started process (PID=5729) to work on /home/samuel/dev/airflow_learning/venv/lib/python3.10/site-packages/airflow/example_dags/example_setup_teardown_taskflow.py
[2023-08-24T15:28:52.534+0100] {processor.py:829} INFO - Processing file /home/samuel/dev/airflow_learning/venv/lib/python3.10/site-packages/airflow/example_dags/example_setup_teardown_taskflow.py for tasks to queue
[2023-08-24T15:28:52.536+0100] {logging_mixin.py:151} INFO - [2023-08-24T15:28:52.535+0100] {dagbag.py:539} INFO - Filling up the DagBag from /home/samuel/dev/airflow_learning/venv/lib/python3.10/site-packages/airflow/example_dags/example_setup_teardown_taskflow.py
[2023-08-24T15:28:52.549+0100] {processor.py:839} INFO - DAG(s) dict_keys(['example_setup_teardown_taskflow']) retrieved from /home/samuel/dev/airflow_learning/venv/lib/python3.10/site-packages/airflow/example_dags/example_setup_teardown_taskflow.py
[2023-08-24T15:28:52.571+0100] {logging_mixin.py:151} INFO - [2023-08-24T15:28:52.571+0100] {dag.py:2907} INFO - Sync 1 DAGs
[2023-08-24T15:28:52.591+0100] {logging_mixin.py:151} INFO - [2023-08-24T15:28:52.591+0100] {dag.py:3677} INFO - Setting next_dagrun for example_setup_teardown_taskflow to 2023-08-23T14:28:52.591546+00:00, run_after=2023-08-24T14:28:52.591546+00:00
[2023-08-24T15:28:52.689+0100] {processor.py:179} INFO - Processing /home/samuel/dev/airflow_learning/venv/lib/python3.10/site-packages/airflow/example_dags/example_setup_teardown_taskflow.py took 0.196 seconds
[2023-08-24T15:29:45.689+0100] {processor.py:157} INFO - Started process (PID=5798) to work on /home/samuel/dev/airflow_learning/venv/lib/python3.10/site-packages/airflow/example_dags/example_setup_teardown_taskflow.py
[2023-08-24T15:29:45.690+0100] {processor.py:829} INFO - Processing file /home/samuel/dev/airflow_learning/venv/lib/python3.10/site-packages/airflow/example_dags/example_setup_teardown_taskflow.py for tasks to queue
[2023-08-24T15:29:45.691+0100] {logging_mixin.py:151} INFO - [2023-08-24T15:29:45.690+0100] {dagbag.py:539} INFO - Filling up the DagBag from /home/samuel/dev/airflow_learning/venv/lib/python3.10/site-packages/airflow/example_dags/example_setup_teardown_taskflow.py
[2023-08-24T15:29:45.702+0100] {processor.py:839} INFO - DAG(s) dict_keys(['example_setup_teardown_taskflow']) retrieved from /home/samuel/dev/airflow_learning/venv/lib/python3.10/site-packages/airflow/example_dags/example_setup_teardown_taskflow.py
[2023-08-24T15:29:45.721+0100] {logging_mixin.py:151} INFO - [2023-08-24T15:29:45.721+0100] {dag.py:2907} INFO - Sync 1 DAGs
[2023-08-24T15:29:45.744+0100] {logging_mixin.py:151} INFO - [2023-08-24T15:29:45.744+0100] {dag.py:3677} INFO - Setting next_dagrun for example_setup_teardown_taskflow to 2023-08-23T14:29:45.743853+00:00, run_after=2023-08-24T14:29:45.743853+00:00
[2023-08-24T15:29:45.858+0100] {processor.py:179} INFO - Processing /home/samuel/dev/airflow_learning/venv/lib/python3.10/site-packages/airflow/example_dags/example_setup_teardown_taskflow.py took 0.172 seconds
[2023-08-24T15:30:56.002+0100] {processor.py:157} INFO - Started process (PID=5965) to work on /home/samuel/dev/airflow_learning/venv/lib/python3.10/site-packages/airflow/example_dags/example_setup_teardown_taskflow.py
[2023-08-24T15:30:56.050+0100] {processor.py:829} INFO - Processing file /home/samuel/dev/airflow_learning/venv/lib/python3.10/site-packages/airflow/example_dags/example_setup_teardown_taskflow.py for tasks to queue
[2023-08-24T15:30:56.052+0100] {logging_mixin.py:151} INFO - [2023-08-24T15:30:56.051+0100] {dagbag.py:539} INFO - Filling up the DagBag from /home/samuel/dev/airflow_learning/venv/lib/python3.10/site-packages/airflow/example_dags/example_setup_teardown_taskflow.py
[2023-08-24T15:30:56.065+0100] {processor.py:839} INFO - DAG(s) dict_keys(['example_setup_teardown_taskflow']) retrieved from /home/samuel/dev/airflow_learning/venv/lib/python3.10/site-packages/airflow/example_dags/example_setup_teardown_taskflow.py
[2023-08-24T15:30:56.085+0100] {logging_mixin.py:151} INFO - [2023-08-24T15:30:56.085+0100] {dag.py:2907} INFO - Sync 1 DAGs
[2023-08-24T15:30:56.109+0100] {logging_mixin.py:151} INFO - [2023-08-24T15:30:56.109+0100] {dag.py:3677} INFO - Setting next_dagrun for example_setup_teardown_taskflow to 2023-08-23T14:30:56.108811+00:00, run_after=2023-08-24T14:30:56.108811+00:00
[2023-08-24T15:30:56.307+0100] {processor.py:179} INFO - Processing /home/samuel/dev/airflow_learning/venv/lib/python3.10/site-packages/airflow/example_dags/example_setup_teardown_taskflow.py took 0.307 seconds
[2023-08-24T15:31:49.048+0100] {processor.py:157} INFO - Started process (PID=6056) to work on /home/samuel/dev/airflow_learning/venv/lib/python3.10/site-packages/airflow/example_dags/example_setup_teardown_taskflow.py
[2023-08-24T15:31:49.099+0100] {processor.py:829} INFO - Processing file /home/samuel/dev/airflow_learning/venv/lib/python3.10/site-packages/airflow/example_dags/example_setup_teardown_taskflow.py for tasks to queue
[2023-08-24T15:31:49.100+0100] {logging_mixin.py:151} INFO - [2023-08-24T15:31:49.100+0100] {dagbag.py:539} INFO - Filling up the DagBag from /home/samuel/dev/airflow_learning/venv/lib/python3.10/site-packages/airflow/example_dags/example_setup_teardown_taskflow.py
[2023-08-24T15:31:49.113+0100] {processor.py:839} INFO - DAG(s) dict_keys(['example_setup_teardown_taskflow']) retrieved from /home/samuel/dev/airflow_learning/venv/lib/python3.10/site-packages/airflow/example_dags/example_setup_teardown_taskflow.py
[2023-08-24T15:31:49.135+0100] {logging_mixin.py:151} INFO - [2023-08-24T15:31:49.135+0100] {dag.py:2907} INFO - Sync 1 DAGs
[2023-08-24T15:31:49.156+0100] {logging_mixin.py:151} INFO - [2023-08-24T15:31:49.156+0100] {dag.py:3677} INFO - Setting next_dagrun for example_setup_teardown_taskflow to 2023-08-23T14:31:49.156485+00:00, run_after=2023-08-24T14:31:49.156485+00:00
[2023-08-24T15:31:49.275+0100] {processor.py:179} INFO - Processing /home/samuel/dev/airflow_learning/venv/lib/python3.10/site-packages/airflow/example_dags/example_setup_teardown_taskflow.py took 0.230 seconds
[2023-08-24T15:32:42.739+0100] {processor.py:157} INFO - Started process (PID=6115) to work on /home/samuel/dev/airflow_learning/venv/lib/python3.10/site-packages/airflow/example_dags/example_setup_teardown_taskflow.py
[2023-08-24T15:32:42.740+0100] {processor.py:829} INFO - Processing file /home/samuel/dev/airflow_learning/venv/lib/python3.10/site-packages/airflow/example_dags/example_setup_teardown_taskflow.py for tasks to queue
[2023-08-24T15:32:42.741+0100] {logging_mixin.py:151} INFO - [2023-08-24T15:32:42.741+0100] {dagbag.py:539} INFO - Filling up the DagBag from /home/samuel/dev/airflow_learning/venv/lib/python3.10/site-packages/airflow/example_dags/example_setup_teardown_taskflow.py
[2023-08-24T15:32:42.755+0100] {processor.py:839} INFO - DAG(s) dict_keys(['example_setup_teardown_taskflow']) retrieved from /home/samuel/dev/airflow_learning/venv/lib/python3.10/site-packages/airflow/example_dags/example_setup_teardown_taskflow.py
[2023-08-24T15:32:42.774+0100] {logging_mixin.py:151} INFO - [2023-08-24T15:32:42.773+0100] {dag.py:2907} INFO - Sync 1 DAGs
[2023-08-24T15:32:42.793+0100] {logging_mixin.py:151} INFO - [2023-08-24T15:32:42.792+0100] {dag.py:3677} INFO - Setting next_dagrun for example_setup_teardown_taskflow to 2023-08-23T14:32:42.792632+00:00, run_after=2023-08-24T14:32:42.792632+00:00
[2023-08-24T15:32:42.905+0100] {processor.py:179} INFO - Processing /home/samuel/dev/airflow_learning/venv/lib/python3.10/site-packages/airflow/example_dags/example_setup_teardown_taskflow.py took 0.171 seconds
[2023-08-24T15:33:35.822+0100] {processor.py:157} INFO - Started process (PID=6172) to work on /home/samuel/dev/airflow_learning/venv/lib/python3.10/site-packages/airflow/example_dags/example_setup_teardown_taskflow.py
[2023-08-24T15:33:35.823+0100] {processor.py:829} INFO - Processing file /home/samuel/dev/airflow_learning/venv/lib/python3.10/site-packages/airflow/example_dags/example_setup_teardown_taskflow.py for tasks to queue
[2023-08-24T15:33:35.824+0100] {logging_mixin.py:151} INFO - [2023-08-24T15:33:35.824+0100] {dagbag.py:539} INFO - Filling up the DagBag from /home/samuel/dev/airflow_learning/venv/lib/python3.10/site-packages/airflow/example_dags/example_setup_teardown_taskflow.py
[2023-08-24T15:33:35.840+0100] {processor.py:839} INFO - DAG(s) dict_keys(['example_setup_teardown_taskflow']) retrieved from /home/samuel/dev/airflow_learning/venv/lib/python3.10/site-packages/airflow/example_dags/example_setup_teardown_taskflow.py
[2023-08-24T15:33:35.858+0100] {logging_mixin.py:151} INFO - [2023-08-24T15:33:35.857+0100] {dag.py:2907} INFO - Sync 1 DAGs
[2023-08-24T15:33:35.878+0100] {logging_mixin.py:151} INFO - [2023-08-24T15:33:35.878+0100] {dag.py:3677} INFO - Setting next_dagrun for example_setup_teardown_taskflow to 2023-08-23T14:33:35.878193+00:00, run_after=2023-08-24T14:33:35.878193+00:00
[2023-08-24T15:33:35.989+0100] {processor.py:179} INFO - Processing /home/samuel/dev/airflow_learning/venv/lib/python3.10/site-packages/airflow/example_dags/example_setup_teardown_taskflow.py took 0.171 seconds
[2023-08-24T15:34:39.714+0100] {processor.py:157} INFO - Started process (PID=6235) to work on /home/samuel/dev/airflow_learning/venv/lib/python3.10/site-packages/airflow/example_dags/example_setup_teardown_taskflow.py
[2023-08-24T15:34:39.724+0100] {processor.py:829} INFO - Processing file /home/samuel/dev/airflow_learning/venv/lib/python3.10/site-packages/airflow/example_dags/example_setup_teardown_taskflow.py for tasks to queue
[2023-08-24T15:34:39.725+0100] {logging_mixin.py:151} INFO - [2023-08-24T15:34:39.725+0100] {dagbag.py:539} INFO - Filling up the DagBag from /home/samuel/dev/airflow_learning/venv/lib/python3.10/site-packages/airflow/example_dags/example_setup_teardown_taskflow.py
[2023-08-24T15:34:39.739+0100] {processor.py:839} INFO - DAG(s) dict_keys(['example_setup_teardown_taskflow']) retrieved from /home/samuel/dev/airflow_learning/venv/lib/python3.10/site-packages/airflow/example_dags/example_setup_teardown_taskflow.py
[2023-08-24T15:34:39.759+0100] {logging_mixin.py:151} INFO - [2023-08-24T15:34:39.759+0100] {dag.py:2907} INFO - Sync 1 DAGs
[2023-08-24T15:34:39.779+0100] {logging_mixin.py:151} INFO - [2023-08-24T15:34:39.779+0100] {dag.py:3677} INFO - Setting next_dagrun for example_setup_teardown_taskflow to 2023-08-23T14:34:39.778819+00:00, run_after=2023-08-24T14:34:39.778819+00:00
[2023-08-24T15:34:39.898+0100] {processor.py:179} INFO - Processing /home/samuel/dev/airflow_learning/venv/lib/python3.10/site-packages/airflow/example_dags/example_setup_teardown_taskflow.py took 0.188 seconds
[2023-08-24T15:35:41.305+0100] {processor.py:157} INFO - Started process (PID=6303) to work on /home/samuel/dev/airflow_learning/venv/lib/python3.10/site-packages/airflow/example_dags/example_setup_teardown_taskflow.py
[2023-08-24T15:35:41.326+0100] {processor.py:829} INFO - Processing file /home/samuel/dev/airflow_learning/venv/lib/python3.10/site-packages/airflow/example_dags/example_setup_teardown_taskflow.py for tasks to queue
[2023-08-24T15:35:41.328+0100] {logging_mixin.py:151} INFO - [2023-08-24T15:35:41.327+0100] {dagbag.py:539} INFO - Filling up the DagBag from /home/samuel/dev/airflow_learning/venv/lib/python3.10/site-packages/airflow/example_dags/example_setup_teardown_taskflow.py
[2023-08-24T15:35:41.342+0100] {processor.py:839} INFO - DAG(s) dict_keys(['example_setup_teardown_taskflow']) retrieved from /home/samuel/dev/airflow_learning/venv/lib/python3.10/site-packages/airflow/example_dags/example_setup_teardown_taskflow.py
[2023-08-24T15:35:41.364+0100] {logging_mixin.py:151} INFO - [2023-08-24T15:35:41.364+0100] {dag.py:2907} INFO - Sync 1 DAGs
[2023-08-24T15:35:41.386+0100] {logging_mixin.py:151} INFO - [2023-08-24T15:35:41.386+0100] {dag.py:3677} INFO - Setting next_dagrun for example_setup_teardown_taskflow to 2023-08-23T14:35:41.386123+00:00, run_after=2023-08-24T14:35:41.386123+00:00
[2023-08-24T15:35:41.496+0100] {processor.py:179} INFO - Processing /home/samuel/dev/airflow_learning/venv/lib/python3.10/site-packages/airflow/example_dags/example_setup_teardown_taskflow.py took 0.195 seconds
[2023-08-24T15:36:36.178+0100] {processor.py:157} INFO - Started process (PID=6362) to work on /home/samuel/dev/airflow_learning/venv/lib/python3.10/site-packages/airflow/example_dags/example_setup_teardown_taskflow.py
[2023-08-24T15:36:36.208+0100] {processor.py:829} INFO - Processing file /home/samuel/dev/airflow_learning/venv/lib/python3.10/site-packages/airflow/example_dags/example_setup_teardown_taskflow.py for tasks to queue
[2023-08-24T15:36:36.209+0100] {logging_mixin.py:151} INFO - [2023-08-24T15:36:36.209+0100] {dagbag.py:539} INFO - Filling up the DagBag from /home/samuel/dev/airflow_learning/venv/lib/python3.10/site-packages/airflow/example_dags/example_setup_teardown_taskflow.py
[2023-08-24T15:36:36.222+0100] {processor.py:839} INFO - DAG(s) dict_keys(['example_setup_teardown_taskflow']) retrieved from /home/samuel/dev/airflow_learning/venv/lib/python3.10/site-packages/airflow/example_dags/example_setup_teardown_taskflow.py
[2023-08-24T15:36:36.246+0100] {logging_mixin.py:151} INFO - [2023-08-24T15:36:36.246+0100] {dag.py:2907} INFO - Sync 1 DAGs
[2023-08-24T15:36:36.270+0100] {logging_mixin.py:151} INFO - [2023-08-24T15:36:36.270+0100] {dag.py:3677} INFO - Setting next_dagrun for example_setup_teardown_taskflow to 2023-08-23T14:36:36.269771+00:00, run_after=2023-08-24T14:36:36.269771+00:00
[2023-08-24T15:36:36.373+0100] {processor.py:179} INFO - Processing /home/samuel/dev/airflow_learning/venv/lib/python3.10/site-packages/airflow/example_dags/example_setup_teardown_taskflow.py took 0.199 seconds
[2023-08-24T15:37:48.005+0100] {processor.py:157} INFO - Started process (PID=6423) to work on /home/samuel/dev/airflow_learning/venv/lib/python3.10/site-packages/airflow/example_dags/example_setup_teardown_taskflow.py
[2023-08-24T15:37:48.006+0100] {processor.py:829} INFO - Processing file /home/samuel/dev/airflow_learning/venv/lib/python3.10/site-packages/airflow/example_dags/example_setup_teardown_taskflow.py for tasks to queue
[2023-08-24T15:37:48.007+0100] {logging_mixin.py:151} INFO - [2023-08-24T15:37:48.007+0100] {dagbag.py:539} INFO - Filling up the DagBag from /home/samuel/dev/airflow_learning/venv/lib/python3.10/site-packages/airflow/example_dags/example_setup_teardown_taskflow.py
[2023-08-24T15:37:48.020+0100] {processor.py:839} INFO - DAG(s) dict_keys(['example_setup_teardown_taskflow']) retrieved from /home/samuel/dev/airflow_learning/venv/lib/python3.10/site-packages/airflow/example_dags/example_setup_teardown_taskflow.py
[2023-08-24T15:37:48.038+0100] {logging_mixin.py:151} INFO - [2023-08-24T15:37:48.038+0100] {dag.py:2907} INFO - Sync 1 DAGs
[2023-08-24T15:37:48.058+0100] {logging_mixin.py:151} INFO - [2023-08-24T15:37:48.057+0100] {dag.py:3677} INFO - Setting next_dagrun for example_setup_teardown_taskflow to 2023-08-23T14:37:48.057601+00:00, run_after=2023-08-24T14:37:48.057601+00:00
[2023-08-24T15:37:48.166+0100] {processor.py:179} INFO - Processing /home/samuel/dev/airflow_learning/venv/lib/python3.10/site-packages/airflow/example_dags/example_setup_teardown_taskflow.py took 0.165 seconds
[2023-08-24T15:38:47.259+0100] {processor.py:157} INFO - Started process (PID=6478) to work on /home/samuel/dev/airflow_learning/venv/lib/python3.10/site-packages/airflow/example_dags/example_setup_teardown_taskflow.py
[2023-08-24T15:38:47.261+0100] {processor.py:829} INFO - Processing file /home/samuel/dev/airflow_learning/venv/lib/python3.10/site-packages/airflow/example_dags/example_setup_teardown_taskflow.py for tasks to queue
[2023-08-24T15:38:47.263+0100] {logging_mixin.py:151} INFO - [2023-08-24T15:38:47.262+0100] {dagbag.py:539} INFO - Filling up the DagBag from /home/samuel/dev/airflow_learning/venv/lib/python3.10/site-packages/airflow/example_dags/example_setup_teardown_taskflow.py
[2023-08-24T15:38:47.276+0100] {processor.py:839} INFO - DAG(s) dict_keys(['example_setup_teardown_taskflow']) retrieved from /home/samuel/dev/airflow_learning/venv/lib/python3.10/site-packages/airflow/example_dags/example_setup_teardown_taskflow.py
[2023-08-24T15:38:47.294+0100] {logging_mixin.py:151} INFO - [2023-08-24T15:38:47.294+0100] {dag.py:2907} INFO - Sync 1 DAGs
[2023-08-24T15:38:47.313+0100] {logging_mixin.py:151} INFO - [2023-08-24T15:38:47.313+0100] {dag.py:3677} INFO - Setting next_dagrun for example_setup_teardown_taskflow to 2023-08-23T14:38:47.313107+00:00, run_after=2023-08-24T14:38:47.313107+00:00
[2023-08-24T15:38:47.447+0100] {processor.py:179} INFO - Processing /home/samuel/dev/airflow_learning/venv/lib/python3.10/site-packages/airflow/example_dags/example_setup_teardown_taskflow.py took 0.192 seconds
[2023-08-24T15:39:37.938+0100] {processor.py:157} INFO - Started process (PID=6529) to work on /home/samuel/dev/airflow_learning/venv/lib/python3.10/site-packages/airflow/example_dags/example_setup_teardown_taskflow.py
[2023-08-24T15:39:37.958+0100] {processor.py:829} INFO - Processing file /home/samuel/dev/airflow_learning/venv/lib/python3.10/site-packages/airflow/example_dags/example_setup_teardown_taskflow.py for tasks to queue
[2023-08-24T15:39:37.959+0100] {logging_mixin.py:151} INFO - [2023-08-24T15:39:37.958+0100] {dagbag.py:539} INFO - Filling up the DagBag from /home/samuel/dev/airflow_learning/venv/lib/python3.10/site-packages/airflow/example_dags/example_setup_teardown_taskflow.py
[2023-08-24T15:39:37.973+0100] {processor.py:839} INFO - DAG(s) dict_keys(['example_setup_teardown_taskflow']) retrieved from /home/samuel/dev/airflow_learning/venv/lib/python3.10/site-packages/airflow/example_dags/example_setup_teardown_taskflow.py
[2023-08-24T15:39:37.993+0100] {logging_mixin.py:151} INFO - [2023-08-24T15:39:37.993+0100] {dag.py:2907} INFO - Sync 1 DAGs
[2023-08-24T15:39:38.014+0100] {logging_mixin.py:151} INFO - [2023-08-24T15:39:38.014+0100] {dag.py:3677} INFO - Setting next_dagrun for example_setup_teardown_taskflow to 2023-08-23T14:39:38.014008+00:00, run_after=2023-08-24T14:39:38.014008+00:00
[2023-08-24T15:39:38.119+0100] {processor.py:179} INFO - Processing /home/samuel/dev/airflow_learning/venv/lib/python3.10/site-packages/airflow/example_dags/example_setup_teardown_taskflow.py took 0.185 seconds
[2023-08-24T15:40:20.369+0100] {processor.py:157} INFO - Started process (PID=6588) to work on /home/samuel/dev/airflow_learning/venv/lib/python3.10/site-packages/airflow/example_dags/example_setup_teardown_taskflow.py
[2023-08-24T15:40:20.394+0100] {processor.py:829} INFO - Processing file /home/samuel/dev/airflow_learning/venv/lib/python3.10/site-packages/airflow/example_dags/example_setup_teardown_taskflow.py for tasks to queue
[2023-08-24T15:40:20.395+0100] {logging_mixin.py:151} INFO - [2023-08-24T15:40:20.395+0100] {dagbag.py:539} INFO - Filling up the DagBag from /home/samuel/dev/airflow_learning/venv/lib/python3.10/site-packages/airflow/example_dags/example_setup_teardown_taskflow.py
[2023-08-24T15:40:20.407+0100] {processor.py:839} INFO - DAG(s) dict_keys(['example_setup_teardown_taskflow']) retrieved from /home/samuel/dev/airflow_learning/venv/lib/python3.10/site-packages/airflow/example_dags/example_setup_teardown_taskflow.py
[2023-08-24T15:40:20.425+0100] {logging_mixin.py:151} INFO - [2023-08-24T15:40:20.425+0100] {dag.py:2907} INFO - Sync 1 DAGs
[2023-08-24T15:40:20.444+0100] {logging_mixin.py:151} INFO - [2023-08-24T15:40:20.444+0100] {dag.py:3677} INFO - Setting next_dagrun for example_setup_teardown_taskflow to 2023-08-23T14:40:20.444218+00:00, run_after=2023-08-24T14:40:20.444218+00:00
[2023-08-24T15:40:20.568+0100] {processor.py:179} INFO - Processing /home/samuel/dev/airflow_learning/venv/lib/python3.10/site-packages/airflow/example_dags/example_setup_teardown_taskflow.py took 0.203 seconds
[2023-08-24T15:41:17.148+0100] {processor.py:157} INFO - Started process (PID=6642) to work on /home/samuel/dev/airflow_learning/venv/lib/python3.10/site-packages/airflow/example_dags/example_setup_teardown_taskflow.py
[2023-08-24T15:41:17.150+0100] {processor.py:829} INFO - Processing file /home/samuel/dev/airflow_learning/venv/lib/python3.10/site-packages/airflow/example_dags/example_setup_teardown_taskflow.py for tasks to queue
[2023-08-24T15:41:17.151+0100] {logging_mixin.py:151} INFO - [2023-08-24T15:41:17.150+0100] {dagbag.py:539} INFO - Filling up the DagBag from /home/samuel/dev/airflow_learning/venv/lib/python3.10/site-packages/airflow/example_dags/example_setup_teardown_taskflow.py
[2023-08-24T15:41:17.165+0100] {processor.py:839} INFO - DAG(s) dict_keys(['example_setup_teardown_taskflow']) retrieved from /home/samuel/dev/airflow_learning/venv/lib/python3.10/site-packages/airflow/example_dags/example_setup_teardown_taskflow.py
[2023-08-24T15:41:17.184+0100] {logging_mixin.py:151} INFO - [2023-08-24T15:41:17.184+0100] {dag.py:2907} INFO - Sync 1 DAGs
[2023-08-24T15:41:17.203+0100] {logging_mixin.py:151} INFO - [2023-08-24T15:41:17.202+0100] {dag.py:3677} INFO - Setting next_dagrun for example_setup_teardown_taskflow to 2023-08-23T14:41:17.202671+00:00, run_after=2023-08-24T14:41:17.202671+00:00
[2023-08-24T15:41:17.342+0100] {processor.py:179} INFO - Processing /home/samuel/dev/airflow_learning/venv/lib/python3.10/site-packages/airflow/example_dags/example_setup_teardown_taskflow.py took 0.199 seconds
[2023-08-24T15:42:06.674+0100] {processor.py:157} INFO - Started process (PID=6694) to work on /home/samuel/dev/airflow_learning/venv/lib/python3.10/site-packages/airflow/example_dags/example_setup_teardown_taskflow.py
[2023-08-24T15:42:06.676+0100] {processor.py:829} INFO - Processing file /home/samuel/dev/airflow_learning/venv/lib/python3.10/site-packages/airflow/example_dags/example_setup_teardown_taskflow.py for tasks to queue
[2023-08-24T15:42:06.677+0100] {logging_mixin.py:151} INFO - [2023-08-24T15:42:06.676+0100] {dagbag.py:539} INFO - Filling up the DagBag from /home/samuel/dev/airflow_learning/venv/lib/python3.10/site-packages/airflow/example_dags/example_setup_teardown_taskflow.py
[2023-08-24T15:42:06.690+0100] {processor.py:839} INFO - DAG(s) dict_keys(['example_setup_teardown_taskflow']) retrieved from /home/samuel/dev/airflow_learning/venv/lib/python3.10/site-packages/airflow/example_dags/example_setup_teardown_taskflow.py
[2023-08-24T15:42:06.709+0100] {logging_mixin.py:151} INFO - [2023-08-24T15:42:06.709+0100] {dag.py:2907} INFO - Sync 1 DAGs
[2023-08-24T15:42:06.729+0100] {logging_mixin.py:151} INFO - [2023-08-24T15:42:06.729+0100] {dag.py:3677} INFO - Setting next_dagrun for example_setup_teardown_taskflow to 2023-08-23T14:42:06.728718+00:00, run_after=2023-08-24T14:42:06.728718+00:00
[2023-08-24T15:42:06.855+0100] {processor.py:179} INFO - Processing /home/samuel/dev/airflow_learning/venv/lib/python3.10/site-packages/airflow/example_dags/example_setup_teardown_taskflow.py took 0.184 seconds
[2023-08-24T15:42:59.319+0100] {processor.py:157} INFO - Started process (PID=6801) to work on /home/samuel/dev/airflow_learning/venv/lib/python3.10/site-packages/airflow/example_dags/example_setup_teardown_taskflow.py
[2023-08-24T15:42:59.321+0100] {processor.py:829} INFO - Processing file /home/samuel/dev/airflow_learning/venv/lib/python3.10/site-packages/airflow/example_dags/example_setup_teardown_taskflow.py for tasks to queue
[2023-08-24T15:42:59.323+0100] {logging_mixin.py:151} INFO - [2023-08-24T15:42:59.322+0100] {dagbag.py:539} INFO - Filling up the DagBag from /home/samuel/dev/airflow_learning/venv/lib/python3.10/site-packages/airflow/example_dags/example_setup_teardown_taskflow.py
[2023-08-24T15:42:59.336+0100] {processor.py:839} INFO - DAG(s) dict_keys(['example_setup_teardown_taskflow']) retrieved from /home/samuel/dev/airflow_learning/venv/lib/python3.10/site-packages/airflow/example_dags/example_setup_teardown_taskflow.py
[2023-08-24T15:42:59.355+0100] {logging_mixin.py:151} INFO - [2023-08-24T15:42:59.355+0100] {dag.py:2907} INFO - Sync 1 DAGs
[2023-08-24T15:42:59.375+0100] {logging_mixin.py:151} INFO - [2023-08-24T15:42:59.374+0100] {dag.py:3677} INFO - Setting next_dagrun for example_setup_teardown_taskflow to 2023-08-23T14:42:59.374673+00:00, run_after=2023-08-24T14:42:59.374673+00:00
[2023-08-24T15:42:59.512+0100] {processor.py:179} INFO - Processing /home/samuel/dev/airflow_learning/venv/lib/python3.10/site-packages/airflow/example_dags/example_setup_teardown_taskflow.py took 0.197 seconds
[2023-08-24T15:43:55.673+0100] {processor.py:157} INFO - Started process (PID=6855) to work on /home/samuel/dev/airflow_learning/venv/lib/python3.10/site-packages/airflow/example_dags/example_setup_teardown_taskflow.py
[2023-08-24T15:43:55.690+0100] {processor.py:829} INFO - Processing file /home/samuel/dev/airflow_learning/venv/lib/python3.10/site-packages/airflow/example_dags/example_setup_teardown_taskflow.py for tasks to queue
[2023-08-24T15:43:55.691+0100] {logging_mixin.py:151} INFO - [2023-08-24T15:43:55.691+0100] {dagbag.py:539} INFO - Filling up the DagBag from /home/samuel/dev/airflow_learning/venv/lib/python3.10/site-packages/airflow/example_dags/example_setup_teardown_taskflow.py
[2023-08-24T15:43:55.702+0100] {processor.py:839} INFO - DAG(s) dict_keys(['example_setup_teardown_taskflow']) retrieved from /home/samuel/dev/airflow_learning/venv/lib/python3.10/site-packages/airflow/example_dags/example_setup_teardown_taskflow.py
[2023-08-24T15:43:55.719+0100] {logging_mixin.py:151} INFO - [2023-08-24T15:43:55.719+0100] {dag.py:2907} INFO - Sync 1 DAGs
[2023-08-24T15:43:55.739+0100] {logging_mixin.py:151} INFO - [2023-08-24T15:43:55.738+0100] {dag.py:3677} INFO - Setting next_dagrun for example_setup_teardown_taskflow to 2023-08-23T14:43:55.738499+00:00, run_after=2023-08-24T14:43:55.738499+00:00
[2023-08-24T15:43:55.850+0100] {processor.py:179} INFO - Processing /home/samuel/dev/airflow_learning/venv/lib/python3.10/site-packages/airflow/example_dags/example_setup_teardown_taskflow.py took 0.180 seconds
[2023-08-24T15:44:44.327+0100] {processor.py:157} INFO - Started process (PID=6902) to work on /home/samuel/dev/airflow_learning/venv/lib/python3.10/site-packages/airflow/example_dags/example_setup_teardown_taskflow.py
[2023-08-24T15:44:44.336+0100] {processor.py:829} INFO - Processing file /home/samuel/dev/airflow_learning/venv/lib/python3.10/site-packages/airflow/example_dags/example_setup_teardown_taskflow.py for tasks to queue
[2023-08-24T15:44:44.338+0100] {logging_mixin.py:151} INFO - [2023-08-24T15:44:44.337+0100] {dagbag.py:539} INFO - Filling up the DagBag from /home/samuel/dev/airflow_learning/venv/lib/python3.10/site-packages/airflow/example_dags/example_setup_teardown_taskflow.py
[2023-08-24T15:44:44.351+0100] {processor.py:839} INFO - DAG(s) dict_keys(['example_setup_teardown_taskflow']) retrieved from /home/samuel/dev/airflow_learning/venv/lib/python3.10/site-packages/airflow/example_dags/example_setup_teardown_taskflow.py
[2023-08-24T15:44:44.370+0100] {logging_mixin.py:151} INFO - [2023-08-24T15:44:44.370+0100] {dag.py:2907} INFO - Sync 1 DAGs
[2023-08-24T15:44:44.390+0100] {logging_mixin.py:151} INFO - [2023-08-24T15:44:44.390+0100] {dag.py:3677} INFO - Setting next_dagrun for example_setup_teardown_taskflow to 2023-08-23T14:44:44.389812+00:00, run_after=2023-08-24T14:44:44.389812+00:00
[2023-08-24T15:44:44.504+0100] {processor.py:179} INFO - Processing /home/samuel/dev/airflow_learning/venv/lib/python3.10/site-packages/airflow/example_dags/example_setup_teardown_taskflow.py took 0.181 seconds
[2023-08-24T15:45:35.717+0100] {processor.py:157} INFO - Started process (PID=6952) to work on /home/samuel/dev/airflow_learning/venv/lib/python3.10/site-packages/airflow/example_dags/example_setup_teardown_taskflow.py
[2023-08-24T15:45:35.744+0100] {processor.py:829} INFO - Processing file /home/samuel/dev/airflow_learning/venv/lib/python3.10/site-packages/airflow/example_dags/example_setup_teardown_taskflow.py for tasks to queue
[2023-08-24T15:45:35.745+0100] {logging_mixin.py:151} INFO - [2023-08-24T15:45:35.745+0100] {dagbag.py:539} INFO - Filling up the DagBag from /home/samuel/dev/airflow_learning/venv/lib/python3.10/site-packages/airflow/example_dags/example_setup_teardown_taskflow.py
[2023-08-24T15:45:35.759+0100] {processor.py:839} INFO - DAG(s) dict_keys(['example_setup_teardown_taskflow']) retrieved from /home/samuel/dev/airflow_learning/venv/lib/python3.10/site-packages/airflow/example_dags/example_setup_teardown_taskflow.py
[2023-08-24T15:45:35.780+0100] {logging_mixin.py:151} INFO - [2023-08-24T15:45:35.780+0100] {dag.py:2907} INFO - Sync 1 DAGs
[2023-08-24T15:45:35.801+0100] {logging_mixin.py:151} INFO - [2023-08-24T15:45:35.801+0100] {dag.py:3677} INFO - Setting next_dagrun for example_setup_teardown_taskflow to 2023-08-23T14:45:35.800920+00:00, run_after=2023-08-24T14:45:35.800920+00:00
[2023-08-24T15:45:35.976+0100] {processor.py:179} INFO - Processing /home/samuel/dev/airflow_learning/venv/lib/python3.10/site-packages/airflow/example_dags/example_setup_teardown_taskflow.py took 0.263 seconds
[2023-08-24T15:46:29.065+0100] {processor.py:157} INFO - Started process (PID=7003) to work on /home/samuel/dev/airflow_learning/venv/lib/python3.10/site-packages/airflow/example_dags/example_setup_teardown_taskflow.py
[2023-08-24T15:46:29.067+0100] {processor.py:829} INFO - Processing file /home/samuel/dev/airflow_learning/venv/lib/python3.10/site-packages/airflow/example_dags/example_setup_teardown_taskflow.py for tasks to queue
[2023-08-24T15:46:29.069+0100] {logging_mixin.py:151} INFO - [2023-08-24T15:46:29.068+0100] {dagbag.py:539} INFO - Filling up the DagBag from /home/samuel/dev/airflow_learning/venv/lib/python3.10/site-packages/airflow/example_dags/example_setup_teardown_taskflow.py
[2023-08-24T15:46:29.081+0100] {processor.py:839} INFO - DAG(s) dict_keys(['example_setup_teardown_taskflow']) retrieved from /home/samuel/dev/airflow_learning/venv/lib/python3.10/site-packages/airflow/example_dags/example_setup_teardown_taskflow.py
[2023-08-24T15:46:29.100+0100] {logging_mixin.py:151} INFO - [2023-08-24T15:46:29.100+0100] {dag.py:2907} INFO - Sync 1 DAGs
[2023-08-24T15:46:29.119+0100] {logging_mixin.py:151} INFO - [2023-08-24T15:46:29.119+0100] {dag.py:3677} INFO - Setting next_dagrun for example_setup_teardown_taskflow to 2023-08-23T14:46:29.119543+00:00, run_after=2023-08-24T14:46:29.119543+00:00
[2023-08-24T15:46:29.245+0100] {processor.py:179} INFO - Processing /home/samuel/dev/airflow_learning/venv/lib/python3.10/site-packages/airflow/example_dags/example_setup_teardown_taskflow.py took 0.183 seconds
[2023-08-24T15:47:23.703+0100] {processor.py:157} INFO - Started process (PID=7052) to work on /home/samuel/dev/airflow_learning/venv/lib/python3.10/site-packages/airflow/example_dags/example_setup_teardown_taskflow.py
[2023-08-24T15:47:23.704+0100] {processor.py:829} INFO - Processing file /home/samuel/dev/airflow_learning/venv/lib/python3.10/site-packages/airflow/example_dags/example_setup_teardown_taskflow.py for tasks to queue
[2023-08-24T15:47:23.705+0100] {logging_mixin.py:151} INFO - [2023-08-24T15:47:23.705+0100] {dagbag.py:539} INFO - Filling up the DagBag from /home/samuel/dev/airflow_learning/venv/lib/python3.10/site-packages/airflow/example_dags/example_setup_teardown_taskflow.py
[2023-08-24T15:47:23.718+0100] {processor.py:839} INFO - DAG(s) dict_keys(['example_setup_teardown_taskflow']) retrieved from /home/samuel/dev/airflow_learning/venv/lib/python3.10/site-packages/airflow/example_dags/example_setup_teardown_taskflow.py
[2023-08-24T15:47:23.737+0100] {logging_mixin.py:151} INFO - [2023-08-24T15:47:23.737+0100] {dag.py:2907} INFO - Sync 1 DAGs
[2023-08-24T15:47:23.757+0100] {logging_mixin.py:151} INFO - [2023-08-24T15:47:23.757+0100] {dag.py:3677} INFO - Setting next_dagrun for example_setup_teardown_taskflow to 2023-08-23T14:47:23.756896+00:00, run_after=2023-08-24T14:47:23.756896+00:00
[2023-08-24T15:47:23.880+0100] {processor.py:179} INFO - Processing /home/samuel/dev/airflow_learning/venv/lib/python3.10/site-packages/airflow/example_dags/example_setup_teardown_taskflow.py took 0.181 seconds
[2023-08-24T15:48:16.858+0100] {processor.py:157} INFO - Started process (PID=7122) to work on /home/samuel/dev/airflow_learning/venv/lib/python3.10/site-packages/airflow/example_dags/example_setup_teardown_taskflow.py
[2023-08-24T15:48:16.861+0100] {processor.py:829} INFO - Processing file /home/samuel/dev/airflow_learning/venv/lib/python3.10/site-packages/airflow/example_dags/example_setup_teardown_taskflow.py for tasks to queue
[2023-08-24T15:48:16.862+0100] {logging_mixin.py:151} INFO - [2023-08-24T15:48:16.861+0100] {dagbag.py:539} INFO - Filling up the DagBag from /home/samuel/dev/airflow_learning/venv/lib/python3.10/site-packages/airflow/example_dags/example_setup_teardown_taskflow.py
[2023-08-24T15:48:16.875+0100] {processor.py:839} INFO - DAG(s) dict_keys(['example_setup_teardown_taskflow']) retrieved from /home/samuel/dev/airflow_learning/venv/lib/python3.10/site-packages/airflow/example_dags/example_setup_teardown_taskflow.py
[2023-08-24T15:48:16.894+0100] {logging_mixin.py:151} INFO - [2023-08-24T15:48:16.894+0100] {dag.py:2907} INFO - Sync 1 DAGs
[2023-08-24T15:48:16.913+0100] {logging_mixin.py:151} INFO - [2023-08-24T15:48:16.913+0100] {dag.py:3677} INFO - Setting next_dagrun for example_setup_teardown_taskflow to 2023-08-23T14:48:16.913348+00:00, run_after=2023-08-24T14:48:16.913348+00:00
[2023-08-24T15:48:17.033+0100] {processor.py:179} INFO - Processing /home/samuel/dev/airflow_learning/venv/lib/python3.10/site-packages/airflow/example_dags/example_setup_teardown_taskflow.py took 0.179 seconds
[2023-08-24T15:49:09.956+0100] {processor.py:157} INFO - Started process (PID=7171) to work on /home/samuel/dev/airflow_learning/venv/lib/python3.10/site-packages/airflow/example_dags/example_setup_teardown_taskflow.py
[2023-08-24T15:49:09.959+0100] {processor.py:829} INFO - Processing file /home/samuel/dev/airflow_learning/venv/lib/python3.10/site-packages/airflow/example_dags/example_setup_teardown_taskflow.py for tasks to queue
[2023-08-24T15:49:09.960+0100] {logging_mixin.py:151} INFO - [2023-08-24T15:49:09.960+0100] {dagbag.py:539} INFO - Filling up the DagBag from /home/samuel/dev/airflow_learning/venv/lib/python3.10/site-packages/airflow/example_dags/example_setup_teardown_taskflow.py
[2023-08-24T15:49:09.974+0100] {processor.py:839} INFO - DAG(s) dict_keys(['example_setup_teardown_taskflow']) retrieved from /home/samuel/dev/airflow_learning/venv/lib/python3.10/site-packages/airflow/example_dags/example_setup_teardown_taskflow.py
[2023-08-24T15:49:09.993+0100] {logging_mixin.py:151} INFO - [2023-08-24T15:49:09.992+0100] {dag.py:2907} INFO - Sync 1 DAGs
[2023-08-24T15:49:10.018+0100] {logging_mixin.py:151} INFO - [2023-08-24T15:49:10.017+0100] {dag.py:3677} INFO - Setting next_dagrun for example_setup_teardown_taskflow to 2023-08-23T14:49:10.017717+00:00, run_after=2023-08-24T14:49:10.017717+00:00
[2023-08-24T15:49:10.155+0100] {processor.py:179} INFO - Processing /home/samuel/dev/airflow_learning/venv/lib/python3.10/site-packages/airflow/example_dags/example_setup_teardown_taskflow.py took 0.203 seconds
[2023-08-24T15:49:58.093+0100] {processor.py:157} INFO - Started process (PID=7217) to work on /home/samuel/dev/airflow_learning/venv/lib/python3.10/site-packages/airflow/example_dags/example_setup_teardown_taskflow.py
[2023-08-24T15:49:58.111+0100] {processor.py:829} INFO - Processing file /home/samuel/dev/airflow_learning/venv/lib/python3.10/site-packages/airflow/example_dags/example_setup_teardown_taskflow.py for tasks to queue
[2023-08-24T15:49:58.112+0100] {logging_mixin.py:151} INFO - [2023-08-24T15:49:58.112+0100] {dagbag.py:539} INFO - Filling up the DagBag from /home/samuel/dev/airflow_learning/venv/lib/python3.10/site-packages/airflow/example_dags/example_setup_teardown_taskflow.py
[2023-08-24T15:49:58.122+0100] {processor.py:839} INFO - DAG(s) dict_keys(['example_setup_teardown_taskflow']) retrieved from /home/samuel/dev/airflow_learning/venv/lib/python3.10/site-packages/airflow/example_dags/example_setup_teardown_taskflow.py
[2023-08-24T15:49:58.139+0100] {logging_mixin.py:151} INFO - [2023-08-24T15:49:58.139+0100] {dag.py:2907} INFO - Sync 1 DAGs
[2023-08-24T15:49:58.159+0100] {logging_mixin.py:151} INFO - [2023-08-24T15:49:58.159+0100] {dag.py:3677} INFO - Setting next_dagrun for example_setup_teardown_taskflow to 2023-08-23T14:49:58.159227+00:00, run_after=2023-08-24T14:49:58.159227+00:00
[2023-08-24T15:49:58.283+0100] {processor.py:179} INFO - Processing /home/samuel/dev/airflow_learning/venv/lib/python3.10/site-packages/airflow/example_dags/example_setup_teardown_taskflow.py took 0.193 seconds
[2023-08-24T15:50:47.766+0100] {processor.py:157} INFO - Started process (PID=7264) to work on /home/samuel/dev/airflow_learning/venv/lib/python3.10/site-packages/airflow/example_dags/example_setup_teardown_taskflow.py
[2023-08-24T15:50:47.802+0100] {processor.py:829} INFO - Processing file /home/samuel/dev/airflow_learning/venv/lib/python3.10/site-packages/airflow/example_dags/example_setup_teardown_taskflow.py for tasks to queue
[2023-08-24T15:50:47.804+0100] {logging_mixin.py:151} INFO - [2023-08-24T15:50:47.803+0100] {dagbag.py:539} INFO - Filling up the DagBag from /home/samuel/dev/airflow_learning/venv/lib/python3.10/site-packages/airflow/example_dags/example_setup_teardown_taskflow.py
[2023-08-24T15:50:47.817+0100] {processor.py:839} INFO - DAG(s) dict_keys(['example_setup_teardown_taskflow']) retrieved from /home/samuel/dev/airflow_learning/venv/lib/python3.10/site-packages/airflow/example_dags/example_setup_teardown_taskflow.py
[2023-08-24T15:50:47.838+0100] {logging_mixin.py:151} INFO - [2023-08-24T15:50:47.838+0100] {dag.py:2907} INFO - Sync 1 DAGs
[2023-08-24T15:50:47.857+0100] {logging_mixin.py:151} INFO - [2023-08-24T15:50:47.857+0100] {dag.py:3677} INFO - Setting next_dagrun for example_setup_teardown_taskflow to 2023-08-23T14:50:47.857457+00:00, run_after=2023-08-24T14:50:47.857457+00:00
[2023-08-24T15:50:47.961+0100] {processor.py:179} INFO - Processing /home/samuel/dev/airflow_learning/venv/lib/python3.10/site-packages/airflow/example_dags/example_setup_teardown_taskflow.py took 0.199 seconds
[2023-08-24T15:51:42.166+0100] {processor.py:157} INFO - Started process (PID=7321) to work on /home/samuel/dev/airflow_learning/venv/lib/python3.10/site-packages/airflow/example_dags/example_setup_teardown_taskflow.py
[2023-08-24T15:51:42.168+0100] {processor.py:829} INFO - Processing file /home/samuel/dev/airflow_learning/venv/lib/python3.10/site-packages/airflow/example_dags/example_setup_teardown_taskflow.py for tasks to queue
[2023-08-24T15:51:42.169+0100] {logging_mixin.py:151} INFO - [2023-08-24T15:51:42.169+0100] {dagbag.py:539} INFO - Filling up the DagBag from /home/samuel/dev/airflow_learning/venv/lib/python3.10/site-packages/airflow/example_dags/example_setup_teardown_taskflow.py
[2023-08-24T15:51:42.182+0100] {processor.py:839} INFO - DAG(s) dict_keys(['example_setup_teardown_taskflow']) retrieved from /home/samuel/dev/airflow_learning/venv/lib/python3.10/site-packages/airflow/example_dags/example_setup_teardown_taskflow.py
[2023-08-24T15:51:42.201+0100] {logging_mixin.py:151} INFO - [2023-08-24T15:51:42.201+0100] {dag.py:2907} INFO - Sync 1 DAGs
[2023-08-24T15:51:42.221+0100] {logging_mixin.py:151} INFO - [2023-08-24T15:51:42.221+0100] {dag.py:3677} INFO - Setting next_dagrun for example_setup_teardown_taskflow to 2023-08-23T14:51:42.221326+00:00, run_after=2023-08-24T14:51:42.221326+00:00
[2023-08-24T15:51:42.343+0100] {processor.py:179} INFO - Processing /home/samuel/dev/airflow_learning/venv/lib/python3.10/site-packages/airflow/example_dags/example_setup_teardown_taskflow.py took 0.182 seconds
[2023-08-24T15:52:29.529+0100] {processor.py:157} INFO - Started process (PID=7370) to work on /home/samuel/dev/airflow_learning/venv/lib/python3.10/site-packages/airflow/example_dags/example_setup_teardown_taskflow.py
[2023-08-24T15:52:29.532+0100] {processor.py:829} INFO - Processing file /home/samuel/dev/airflow_learning/venv/lib/python3.10/site-packages/airflow/example_dags/example_setup_teardown_taskflow.py for tasks to queue
[2023-08-24T15:52:29.533+0100] {logging_mixin.py:151} INFO - [2023-08-24T15:52:29.532+0100] {dagbag.py:539} INFO - Filling up the DagBag from /home/samuel/dev/airflow_learning/venv/lib/python3.10/site-packages/airflow/example_dags/example_setup_teardown_taskflow.py
[2023-08-24T15:52:29.546+0100] {processor.py:839} INFO - DAG(s) dict_keys(['example_setup_teardown_taskflow']) retrieved from /home/samuel/dev/airflow_learning/venv/lib/python3.10/site-packages/airflow/example_dags/example_setup_teardown_taskflow.py
[2023-08-24T15:52:29.565+0100] {logging_mixin.py:151} INFO - [2023-08-24T15:52:29.565+0100] {dag.py:2907} INFO - Sync 1 DAGs
[2023-08-24T15:52:29.584+0100] {logging_mixin.py:151} INFO - [2023-08-24T15:52:29.584+0100] {dag.py:3677} INFO - Setting next_dagrun for example_setup_teardown_taskflow to 2023-08-23T14:52:29.584106+00:00, run_after=2023-08-24T14:52:29.584106+00:00
[2023-08-24T15:52:29.708+0100] {processor.py:179} INFO - Processing /home/samuel/dev/airflow_learning/venv/lib/python3.10/site-packages/airflow/example_dags/example_setup_teardown_taskflow.py took 0.183 seconds
[2023-08-24T15:53:20.337+0100] {processor.py:157} INFO - Started process (PID=7437) to work on /home/samuel/dev/airflow_learning/venv/lib/python3.10/site-packages/airflow/example_dags/example_setup_teardown_taskflow.py
[2023-08-24T15:53:20.351+0100] {processor.py:829} INFO - Processing file /home/samuel/dev/airflow_learning/venv/lib/python3.10/site-packages/airflow/example_dags/example_setup_teardown_taskflow.py for tasks to queue
[2023-08-24T15:53:20.352+0100] {logging_mixin.py:151} INFO - [2023-08-24T15:53:20.351+0100] {dagbag.py:539} INFO - Filling up the DagBag from /home/samuel/dev/airflow_learning/venv/lib/python3.10/site-packages/airflow/example_dags/example_setup_teardown_taskflow.py
[2023-08-24T15:53:20.362+0100] {processor.py:839} INFO - DAG(s) dict_keys(['example_setup_teardown_taskflow']) retrieved from /home/samuel/dev/airflow_learning/venv/lib/python3.10/site-packages/airflow/example_dags/example_setup_teardown_taskflow.py
[2023-08-24T15:53:20.379+0100] {logging_mixin.py:151} INFO - [2023-08-24T15:53:20.379+0100] {dag.py:2907} INFO - Sync 1 DAGs
[2023-08-24T15:53:20.397+0100] {logging_mixin.py:151} INFO - [2023-08-24T15:53:20.397+0100] {dag.py:3677} INFO - Setting next_dagrun for example_setup_teardown_taskflow to 2023-08-23T14:53:20.397391+00:00, run_after=2023-08-24T14:53:20.397391+00:00
[2023-08-24T15:53:20.523+0100] {processor.py:179} INFO - Processing /home/samuel/dev/airflow_learning/venv/lib/python3.10/site-packages/airflow/example_dags/example_setup_teardown_taskflow.py took 0.189 seconds
[2023-08-24T15:54:26.152+0100] {processor.py:157} INFO - Started process (PID=7577) to work on /home/samuel/dev/airflow_learning/venv/lib/python3.10/site-packages/airflow/example_dags/example_setup_teardown_taskflow.py
[2023-08-24T15:54:26.190+0100] {processor.py:829} INFO - Processing file /home/samuel/dev/airflow_learning/venv/lib/python3.10/site-packages/airflow/example_dags/example_setup_teardown_taskflow.py for tasks to queue
[2023-08-24T15:54:26.191+0100] {logging_mixin.py:151} INFO - [2023-08-24T15:54:26.191+0100] {dagbag.py:539} INFO - Filling up the DagBag from /home/samuel/dev/airflow_learning/venv/lib/python3.10/site-packages/airflow/example_dags/example_setup_teardown_taskflow.py
[2023-08-24T15:54:26.203+0100] {processor.py:839} INFO - DAG(s) dict_keys(['example_setup_teardown_taskflow']) retrieved from /home/samuel/dev/airflow_learning/venv/lib/python3.10/site-packages/airflow/example_dags/example_setup_teardown_taskflow.py
[2023-08-24T15:54:26.221+0100] {logging_mixin.py:151} INFO - [2023-08-24T15:54:26.221+0100] {dag.py:2907} INFO - Sync 1 DAGs
[2023-08-24T15:54:26.243+0100] {logging_mixin.py:151} INFO - [2023-08-24T15:54:26.243+0100] {dag.py:3677} INFO - Setting next_dagrun for example_setup_teardown_taskflow to 2023-08-23T14:54:26.242740+00:00, run_after=2023-08-24T14:54:26.242740+00:00
[2023-08-24T15:54:26.351+0100] {processor.py:179} INFO - Processing /home/samuel/dev/airflow_learning/venv/lib/python3.10/site-packages/airflow/example_dags/example_setup_teardown_taskflow.py took 0.205 seconds
[2023-08-24T15:55:23.938+0100] {processor.py:157} INFO - Started process (PID=7630) to work on /home/samuel/dev/airflow_learning/venv/lib/python3.10/site-packages/airflow/example_dags/example_setup_teardown_taskflow.py
[2023-08-24T15:55:23.984+0100] {processor.py:829} INFO - Processing file /home/samuel/dev/airflow_learning/venv/lib/python3.10/site-packages/airflow/example_dags/example_setup_teardown_taskflow.py for tasks to queue
[2023-08-24T15:55:23.985+0100] {logging_mixin.py:151} INFO - [2023-08-24T15:55:23.985+0100] {dagbag.py:539} INFO - Filling up the DagBag from /home/samuel/dev/airflow_learning/venv/lib/python3.10/site-packages/airflow/example_dags/example_setup_teardown_taskflow.py
[2023-08-24T15:55:23.998+0100] {processor.py:839} INFO - DAG(s) dict_keys(['example_setup_teardown_taskflow']) retrieved from /home/samuel/dev/airflow_learning/venv/lib/python3.10/site-packages/airflow/example_dags/example_setup_teardown_taskflow.py
[2023-08-24T15:55:24.019+0100] {logging_mixin.py:151} INFO - [2023-08-24T15:55:24.019+0100] {dag.py:2907} INFO - Sync 1 DAGs
[2023-08-24T15:55:24.039+0100] {logging_mixin.py:151} INFO - [2023-08-24T15:55:24.039+0100] {dag.py:3677} INFO - Setting next_dagrun for example_setup_teardown_taskflow to 2023-08-23T14:55:24.039188+00:00, run_after=2023-08-24T14:55:24.039188+00:00
[2023-08-24T15:55:24.193+0100] {processor.py:179} INFO - Processing /home/samuel/dev/airflow_learning/venv/lib/python3.10/site-packages/airflow/example_dags/example_setup_teardown_taskflow.py took 0.258 seconds
[2023-08-24T15:56:20.374+0100] {processor.py:157} INFO - Started process (PID=7804) to work on /home/samuel/dev/airflow_learning/venv/lib/python3.10/site-packages/airflow/example_dags/example_setup_teardown_taskflow.py
[2023-08-24T15:56:20.389+0100] {processor.py:829} INFO - Processing file /home/samuel/dev/airflow_learning/venv/lib/python3.10/site-packages/airflow/example_dags/example_setup_teardown_taskflow.py for tasks to queue
[2023-08-24T15:56:20.391+0100] {logging_mixin.py:151} INFO - [2023-08-24T15:56:20.390+0100] {dagbag.py:539} INFO - Filling up the DagBag from /home/samuel/dev/airflow_learning/venv/lib/python3.10/site-packages/airflow/example_dags/example_setup_teardown_taskflow.py
[2023-08-24T15:56:20.406+0100] {processor.py:839} INFO - DAG(s) dict_keys(['example_setup_teardown_taskflow']) retrieved from /home/samuel/dev/airflow_learning/venv/lib/python3.10/site-packages/airflow/example_dags/example_setup_teardown_taskflow.py
[2023-08-24T15:56:20.453+0100] {logging_mixin.py:151} INFO - [2023-08-24T15:56:20.453+0100] {dag.py:2907} INFO - Sync 1 DAGs
[2023-08-24T15:56:20.485+0100] {logging_mixin.py:151} INFO - [2023-08-24T15:56:20.484+0100] {dag.py:3677} INFO - Setting next_dagrun for example_setup_teardown_taskflow to 2023-08-23T14:56:20.484514+00:00, run_after=2023-08-24T14:56:20.484514+00:00
[2023-08-24T15:56:20.845+0100] {processor.py:179} INFO - Processing /home/samuel/dev/airflow_learning/venv/lib/python3.10/site-packages/airflow/example_dags/example_setup_teardown_taskflow.py took 0.476 seconds
[2023-08-24T15:57:09.639+0100] {processor.py:157} INFO - Started process (PID=7869) to work on /home/samuel/dev/airflow_learning/venv/lib/python3.10/site-packages/airflow/example_dags/example_setup_teardown_taskflow.py
[2023-08-24T15:57:09.671+0100] {processor.py:829} INFO - Processing file /home/samuel/dev/airflow_learning/venv/lib/python3.10/site-packages/airflow/example_dags/example_setup_teardown_taskflow.py for tasks to queue
[2023-08-24T15:57:09.672+0100] {logging_mixin.py:151} INFO - [2023-08-24T15:57:09.671+0100] {dagbag.py:539} INFO - Filling up the DagBag from /home/samuel/dev/airflow_learning/venv/lib/python3.10/site-packages/airflow/example_dags/example_setup_teardown_taskflow.py
[2023-08-24T15:57:09.685+0100] {processor.py:839} INFO - DAG(s) dict_keys(['example_setup_teardown_taskflow']) retrieved from /home/samuel/dev/airflow_learning/venv/lib/python3.10/site-packages/airflow/example_dags/example_setup_teardown_taskflow.py
[2023-08-24T15:57:09.705+0100] {logging_mixin.py:151} INFO - [2023-08-24T15:57:09.704+0100] {dag.py:2907} INFO - Sync 1 DAGs
[2023-08-24T15:57:09.723+0100] {logging_mixin.py:151} INFO - [2023-08-24T15:57:09.723+0100] {dag.py:3677} INFO - Setting next_dagrun for example_setup_teardown_taskflow to 2023-08-23T14:57:09.723170+00:00, run_after=2023-08-24T14:57:09.723170+00:00
[2023-08-24T15:57:09.847+0100] {processor.py:179} INFO - Processing /home/samuel/dev/airflow_learning/venv/lib/python3.10/site-packages/airflow/example_dags/example_setup_teardown_taskflow.py took 0.212 seconds
[2023-08-24T15:58:02.939+0100] {processor.py:157} INFO - Started process (PID=7921) to work on /home/samuel/dev/airflow_learning/venv/lib/python3.10/site-packages/airflow/example_dags/example_setup_teardown_taskflow.py
[2023-08-24T15:58:02.942+0100] {processor.py:829} INFO - Processing file /home/samuel/dev/airflow_learning/venv/lib/python3.10/site-packages/airflow/example_dags/example_setup_teardown_taskflow.py for tasks to queue
[2023-08-24T15:58:02.943+0100] {logging_mixin.py:151} INFO - [2023-08-24T15:58:02.943+0100] {dagbag.py:539} INFO - Filling up the DagBag from /home/samuel/dev/airflow_learning/venv/lib/python3.10/site-packages/airflow/example_dags/example_setup_teardown_taskflow.py
[2023-08-24T15:58:02.954+0100] {processor.py:839} INFO - DAG(s) dict_keys(['example_setup_teardown_taskflow']) retrieved from /home/samuel/dev/airflow_learning/venv/lib/python3.10/site-packages/airflow/example_dags/example_setup_teardown_taskflow.py
[2023-08-24T15:58:02.970+0100] {logging_mixin.py:151} INFO - [2023-08-24T15:58:02.970+0100] {dag.py:2907} INFO - Sync 1 DAGs
[2023-08-24T15:58:02.990+0100] {logging_mixin.py:151} INFO - [2023-08-24T15:58:02.990+0100] {dag.py:3677} INFO - Setting next_dagrun for example_setup_teardown_taskflow to 2023-08-23T14:58:02.989930+00:00, run_after=2023-08-24T14:58:02.989930+00:00
[2023-08-24T15:58:03.124+0100] {processor.py:179} INFO - Processing /home/samuel/dev/airflow_learning/venv/lib/python3.10/site-packages/airflow/example_dags/example_setup_teardown_taskflow.py took 0.188 seconds
[2023-08-24T15:58:53.042+0100] {processor.py:157} INFO - Started process (PID=7974) to work on /home/samuel/dev/airflow_learning/venv/lib/python3.10/site-packages/airflow/example_dags/example_setup_teardown_taskflow.py
[2023-08-24T15:58:53.045+0100] {processor.py:829} INFO - Processing file /home/samuel/dev/airflow_learning/venv/lib/python3.10/site-packages/airflow/example_dags/example_setup_teardown_taskflow.py for tasks to queue
[2023-08-24T15:58:53.046+0100] {logging_mixin.py:151} INFO - [2023-08-24T15:58:53.045+0100] {dagbag.py:539} INFO - Filling up the DagBag from /home/samuel/dev/airflow_learning/venv/lib/python3.10/site-packages/airflow/example_dags/example_setup_teardown_taskflow.py
[2023-08-24T15:58:53.059+0100] {processor.py:839} INFO - DAG(s) dict_keys(['example_setup_teardown_taskflow']) retrieved from /home/samuel/dev/airflow_learning/venv/lib/python3.10/site-packages/airflow/example_dags/example_setup_teardown_taskflow.py
[2023-08-24T15:58:53.077+0100] {logging_mixin.py:151} INFO - [2023-08-24T15:58:53.077+0100] {dag.py:2907} INFO - Sync 1 DAGs
[2023-08-24T15:58:53.096+0100] {logging_mixin.py:151} INFO - [2023-08-24T15:58:53.096+0100] {dag.py:3677} INFO - Setting next_dagrun for example_setup_teardown_taskflow to 2023-08-23T14:58:53.096021+00:00, run_after=2023-08-24T14:58:53.096021+00:00
[2023-08-24T15:58:53.240+0100] {processor.py:179} INFO - Processing /home/samuel/dev/airflow_learning/venv/lib/python3.10/site-packages/airflow/example_dags/example_setup_teardown_taskflow.py took 0.201 seconds
[2023-08-24T15:59:52.982+0100] {processor.py:157} INFO - Started process (PID=8212) to work on /home/samuel/dev/airflow_learning/venv/lib/python3.10/site-packages/airflow/example_dags/example_setup_teardown_taskflow.py
[2023-08-24T15:59:52.984+0100] {processor.py:829} INFO - Processing file /home/samuel/dev/airflow_learning/venv/lib/python3.10/site-packages/airflow/example_dags/example_setup_teardown_taskflow.py for tasks to queue
[2023-08-24T15:59:52.985+0100] {logging_mixin.py:151} INFO - [2023-08-24T15:59:52.984+0100] {dagbag.py:539} INFO - Filling up the DagBag from /home/samuel/dev/airflow_learning/venv/lib/python3.10/site-packages/airflow/example_dags/example_setup_teardown_taskflow.py
[2023-08-24T15:59:52.997+0100] {processor.py:839} INFO - DAG(s) dict_keys(['example_setup_teardown_taskflow']) retrieved from /home/samuel/dev/airflow_learning/venv/lib/python3.10/site-packages/airflow/example_dags/example_setup_teardown_taskflow.py
[2023-08-24T15:59:53.014+0100] {logging_mixin.py:151} INFO - [2023-08-24T15:59:53.014+0100] {dag.py:2907} INFO - Sync 1 DAGs
[2023-08-24T15:59:53.034+0100] {logging_mixin.py:151} INFO - [2023-08-24T15:59:53.033+0100] {dag.py:3677} INFO - Setting next_dagrun for example_setup_teardown_taskflow to 2023-08-23T14:59:53.033680+00:00, run_after=2023-08-24T14:59:53.033680+00:00
[2023-08-24T15:59:53.164+0100] {processor.py:179} INFO - Processing /home/samuel/dev/airflow_learning/venv/lib/python3.10/site-packages/airflow/example_dags/example_setup_teardown_taskflow.py took 0.185 seconds
[2023-08-24T16:00:46.915+0100] {processor.py:157} INFO - Started process (PID=8317) to work on /home/samuel/dev/airflow_learning/venv/lib/python3.10/site-packages/airflow/example_dags/example_setup_teardown_taskflow.py
[2023-08-24T16:00:46.919+0100] {processor.py:829} INFO - Processing file /home/samuel/dev/airflow_learning/venv/lib/python3.10/site-packages/airflow/example_dags/example_setup_teardown_taskflow.py for tasks to queue
[2023-08-24T16:00:46.921+0100] {logging_mixin.py:151} INFO - [2023-08-24T16:00:46.920+0100] {dagbag.py:539} INFO - Filling up the DagBag from /home/samuel/dev/airflow_learning/venv/lib/python3.10/site-packages/airflow/example_dags/example_setup_teardown_taskflow.py
[2023-08-24T16:00:46.932+0100] {processor.py:839} INFO - DAG(s) dict_keys(['example_setup_teardown_taskflow']) retrieved from /home/samuel/dev/airflow_learning/venv/lib/python3.10/site-packages/airflow/example_dags/example_setup_teardown_taskflow.py
[2023-08-24T16:00:46.950+0100] {logging_mixin.py:151} INFO - [2023-08-24T16:00:46.950+0100] {dag.py:2907} INFO - Sync 1 DAGs
[2023-08-24T16:00:46.972+0100] {logging_mixin.py:151} INFO - [2023-08-24T16:00:46.972+0100] {dag.py:3677} INFO - Setting next_dagrun for example_setup_teardown_taskflow to 2023-08-23T15:00:46.972003+00:00, run_after=2023-08-24T15:00:46.972003+00:00
[2023-08-24T16:00:47.084+0100] {processor.py:179} INFO - Processing /home/samuel/dev/airflow_learning/venv/lib/python3.10/site-packages/airflow/example_dags/example_setup_teardown_taskflow.py took 0.174 seconds
[2023-08-24T16:01:41.578+0100] {processor.py:157} INFO - Started process (PID=8392) to work on /home/samuel/dev/airflow_learning/venv/lib/python3.10/site-packages/airflow/example_dags/example_setup_teardown_taskflow.py
[2023-08-24T16:01:41.594+0100] {processor.py:829} INFO - Processing file /home/samuel/dev/airflow_learning/venv/lib/python3.10/site-packages/airflow/example_dags/example_setup_teardown_taskflow.py for tasks to queue
[2023-08-24T16:01:41.595+0100] {logging_mixin.py:151} INFO - [2023-08-24T16:01:41.595+0100] {dagbag.py:539} INFO - Filling up the DagBag from /home/samuel/dev/airflow_learning/venv/lib/python3.10/site-packages/airflow/example_dags/example_setup_teardown_taskflow.py
[2023-08-24T16:01:41.608+0100] {processor.py:839} INFO - DAG(s) dict_keys(['example_setup_teardown_taskflow']) retrieved from /home/samuel/dev/airflow_learning/venv/lib/python3.10/site-packages/airflow/example_dags/example_setup_teardown_taskflow.py
[2023-08-24T16:01:41.629+0100] {logging_mixin.py:151} INFO - [2023-08-24T16:01:41.629+0100] {dag.py:2907} INFO - Sync 1 DAGs
[2023-08-24T16:01:41.651+0100] {logging_mixin.py:151} INFO - [2023-08-24T16:01:41.651+0100] {dag.py:3677} INFO - Setting next_dagrun for example_setup_teardown_taskflow to 2023-08-23T15:01:41.651033+00:00, run_after=2023-08-24T15:01:41.651033+00:00
[2023-08-24T16:01:41.769+0100] {processor.py:179} INFO - Processing /home/samuel/dev/airflow_learning/venv/lib/python3.10/site-packages/airflow/example_dags/example_setup_teardown_taskflow.py took 0.194 seconds
[2023-08-24T16:02:34.802+0100] {processor.py:157} INFO - Started process (PID=8471) to work on /home/samuel/dev/airflow_learning/venv/lib/python3.10/site-packages/airflow/example_dags/example_setup_teardown_taskflow.py
[2023-08-24T16:02:34.816+0100] {processor.py:829} INFO - Processing file /home/samuel/dev/airflow_learning/venv/lib/python3.10/site-packages/airflow/example_dags/example_setup_teardown_taskflow.py for tasks to queue
[2023-08-24T16:02:34.817+0100] {logging_mixin.py:151} INFO - [2023-08-24T16:02:34.817+0100] {dagbag.py:539} INFO - Filling up the DagBag from /home/samuel/dev/airflow_learning/venv/lib/python3.10/site-packages/airflow/example_dags/example_setup_teardown_taskflow.py
[2023-08-24T16:02:34.831+0100] {processor.py:839} INFO - DAG(s) dict_keys(['example_setup_teardown_taskflow']) retrieved from /home/samuel/dev/airflow_learning/venv/lib/python3.10/site-packages/airflow/example_dags/example_setup_teardown_taskflow.py
[2023-08-24T16:02:34.848+0100] {logging_mixin.py:151} INFO - [2023-08-24T16:02:34.847+0100] {dag.py:2907} INFO - Sync 1 DAGs
[2023-08-24T16:02:34.869+0100] {logging_mixin.py:151} INFO - [2023-08-24T16:02:34.868+0100] {dag.py:3677} INFO - Setting next_dagrun for example_setup_teardown_taskflow to 2023-08-23T15:02:34.868600+00:00, run_after=2023-08-24T15:02:34.868600+00:00
[2023-08-24T16:02:34.984+0100] {processor.py:179} INFO - Processing /home/samuel/dev/airflow_learning/venv/lib/python3.10/site-packages/airflow/example_dags/example_setup_teardown_taskflow.py took 0.185 seconds
[2023-08-24T16:03:25.275+0100] {processor.py:157} INFO - Started process (PID=8536) to work on /home/samuel/dev/airflow_learning/venv/lib/python3.10/site-packages/airflow/example_dags/example_setup_teardown_taskflow.py
[2023-08-24T16:03:25.278+0100] {processor.py:829} INFO - Processing file /home/samuel/dev/airflow_learning/venv/lib/python3.10/site-packages/airflow/example_dags/example_setup_teardown_taskflow.py for tasks to queue
[2023-08-24T16:03:25.279+0100] {logging_mixin.py:151} INFO - [2023-08-24T16:03:25.278+0100] {dagbag.py:539} INFO - Filling up the DagBag from /home/samuel/dev/airflow_learning/venv/lib/python3.10/site-packages/airflow/example_dags/example_setup_teardown_taskflow.py
[2023-08-24T16:03:25.292+0100] {processor.py:839} INFO - DAG(s) dict_keys(['example_setup_teardown_taskflow']) retrieved from /home/samuel/dev/airflow_learning/venv/lib/python3.10/site-packages/airflow/example_dags/example_setup_teardown_taskflow.py
[2023-08-24T16:03:25.310+0100] {logging_mixin.py:151} INFO - [2023-08-24T16:03:25.310+0100] {dag.py:2907} INFO - Sync 1 DAGs
[2023-08-24T16:03:25.330+0100] {logging_mixin.py:151} INFO - [2023-08-24T16:03:25.330+0100] {dag.py:3677} INFO - Setting next_dagrun for example_setup_teardown_taskflow to 2023-08-23T15:03:25.330311+00:00, run_after=2023-08-24T15:03:25.330311+00:00
[2023-08-24T16:03:25.455+0100] {processor.py:179} INFO - Processing /home/samuel/dev/airflow_learning/venv/lib/python3.10/site-packages/airflow/example_dags/example_setup_teardown_taskflow.py took 0.184 seconds
[2023-08-24T16:04:18.739+0100] {processor.py:157} INFO - Started process (PID=8608) to work on /home/samuel/dev/airflow_learning/venv/lib/python3.10/site-packages/airflow/example_dags/example_setup_teardown_taskflow.py
[2023-08-24T16:04:18.992+0100] {processor.py:829} INFO - Processing file /home/samuel/dev/airflow_learning/venv/lib/python3.10/site-packages/airflow/example_dags/example_setup_teardown_taskflow.py for tasks to queue
[2023-08-24T16:04:18.993+0100] {logging_mixin.py:151} INFO - [2023-08-24T16:04:18.993+0100] {dagbag.py:539} INFO - Filling up the DagBag from /home/samuel/dev/airflow_learning/venv/lib/python3.10/site-packages/airflow/example_dags/example_setup_teardown_taskflow.py
[2023-08-24T16:04:19.006+0100] {processor.py:839} INFO - DAG(s) dict_keys(['example_setup_teardown_taskflow']) retrieved from /home/samuel/dev/airflow_learning/venv/lib/python3.10/site-packages/airflow/example_dags/example_setup_teardown_taskflow.py
[2023-08-24T16:04:19.028+0100] {logging_mixin.py:151} INFO - [2023-08-24T16:04:19.027+0100] {dag.py:2907} INFO - Sync 1 DAGs
[2023-08-24T16:04:19.053+0100] {logging_mixin.py:151} INFO - [2023-08-24T16:04:19.052+0100] {dag.py:3677} INFO - Setting next_dagrun for example_setup_teardown_taskflow to 2023-08-23T15:04:19.052480+00:00, run_after=2023-08-24T15:04:19.052480+00:00
[2023-08-24T16:04:19.172+0100] {processor.py:179} INFO - Processing /home/samuel/dev/airflow_learning/venv/lib/python3.10/site-packages/airflow/example_dags/example_setup_teardown_taskflow.py took 0.436 seconds
