[2023-08-24T15:23:09.431+0100] {processor.py:157} INFO - Started process (PID=5382) to work on /home/samuel/dev/airflow_learning/venv/lib/python3.10/site-packages/airflow/example_dags/example_branch_day_of_week_operator.py
[2023-08-24T15:23:09.432+0100] {processor.py:829} INFO - Processing file /home/samuel/dev/airflow_learning/venv/lib/python3.10/site-packages/airflow/example_dags/example_branch_day_of_week_operator.py for tasks to queue
[2023-08-24T15:23:09.433+0100] {logging_mixin.py:151} INFO - [2023-08-24T15:23:09.433+0100] {dagbag.py:539} INFO - Filling up the DagBag from /home/samuel/dev/airflow_learning/venv/lib/python3.10/site-packages/airflow/example_dags/example_branch_day_of_week_operator.py
[2023-08-24T15:23:09.443+0100] {processor.py:839} INFO - DAG(s) dict_keys(['example_weekday_branch_operator']) retrieved from /home/samuel/dev/airflow_learning/venv/lib/python3.10/site-packages/airflow/example_dags/example_branch_day_of_week_operator.py
[2023-08-24T15:23:09.759+0100] {logging_mixin.py:151} INFO - [2023-08-24T15:23:09.759+0100] {manager.py:501} INFO - Created Permission View: can edit on DAG:example_weekday_branch_operator
[2023-08-24T15:23:09.870+0100] {logging_mixin.py:151} INFO - [2023-08-24T15:23:09.869+0100] {manager.py:501} INFO - Created Permission View: can delete on DAG:example_weekday_branch_operator
[2023-08-24T15:23:09.970+0100] {logging_mixin.py:151} INFO - [2023-08-24T15:23:09.969+0100] {manager.py:501} INFO - Created Permission View: can read on DAG:example_weekday_branch_operator
[2023-08-24T15:23:10.002+0100] {logging_mixin.py:151} INFO - [2023-08-24T15:23:10.002+0100] {dag.py:2907} INFO - Sync 1 DAGs
[2023-08-24T15:23:10.023+0100] {logging_mixin.py:151} INFO - [2023-08-24T15:23:10.023+0100] {dag.py:2929} INFO - Creating ORM DAG for example_weekday_branch_operator
[2023-08-24T15:23:10.041+0100] {logging_mixin.py:151} INFO - [2023-08-24T15:23:10.041+0100] {dag.py:3677} INFO - Setting next_dagrun for example_weekday_branch_operator to 2023-08-23T00:00:00+00:00, run_after=2023-08-24T00:00:00+00:00
[2023-08-24T15:23:10.204+0100] {processor.py:179} INFO - Processing /home/samuel/dev/airflow_learning/venv/lib/python3.10/site-packages/airflow/example_dags/example_branch_day_of_week_operator.py took 0.777 seconds
[2023-08-24T15:24:17.799+0100] {processor.py:157} INFO - Started process (PID=5458) to work on /home/samuel/dev/airflow_learning/venv/lib/python3.10/site-packages/airflow/example_dags/example_branch_day_of_week_operator.py
[2023-08-24T15:24:17.815+0100] {processor.py:829} INFO - Processing file /home/samuel/dev/airflow_learning/venv/lib/python3.10/site-packages/airflow/example_dags/example_branch_day_of_week_operator.py for tasks to queue
[2023-08-24T15:24:17.816+0100] {logging_mixin.py:151} INFO - [2023-08-24T15:24:17.816+0100] {dagbag.py:539} INFO - Filling up the DagBag from /home/samuel/dev/airflow_learning/venv/lib/python3.10/site-packages/airflow/example_dags/example_branch_day_of_week_operator.py
[2023-08-24T15:24:17.827+0100] {processor.py:839} INFO - DAG(s) dict_keys(['example_weekday_branch_operator']) retrieved from /home/samuel/dev/airflow_learning/venv/lib/python3.10/site-packages/airflow/example_dags/example_branch_day_of_week_operator.py
[2023-08-24T15:24:17.850+0100] {logging_mixin.py:151} INFO - [2023-08-24T15:24:17.849+0100] {dag.py:2907} INFO - Sync 1 DAGs
[2023-08-24T15:24:17.872+0100] {logging_mixin.py:151} INFO - [2023-08-24T15:24:17.872+0100] {dag.py:3677} INFO - Setting next_dagrun for example_weekday_branch_operator to 2023-08-23T00:00:00+00:00, run_after=2023-08-24T00:00:00+00:00
[2023-08-24T15:24:17.984+0100] {processor.py:179} INFO - Processing /home/samuel/dev/airflow_learning/venv/lib/python3.10/site-packages/airflow/example_dags/example_branch_day_of_week_operator.py took 0.188 seconds
[2023-08-24T15:25:12.164+0100] {processor.py:157} INFO - Started process (PID=5513) to work on /home/samuel/dev/airflow_learning/venv/lib/python3.10/site-packages/airflow/example_dags/example_branch_day_of_week_operator.py
[2023-08-24T15:25:12.167+0100] {processor.py:829} INFO - Processing file /home/samuel/dev/airflow_learning/venv/lib/python3.10/site-packages/airflow/example_dags/example_branch_day_of_week_operator.py for tasks to queue
[2023-08-24T15:25:12.168+0100] {logging_mixin.py:151} INFO - [2023-08-24T15:25:12.168+0100] {dagbag.py:539} INFO - Filling up the DagBag from /home/samuel/dev/airflow_learning/venv/lib/python3.10/site-packages/airflow/example_dags/example_branch_day_of_week_operator.py
[2023-08-24T15:25:12.177+0100] {processor.py:839} INFO - DAG(s) dict_keys(['example_weekday_branch_operator']) retrieved from /home/samuel/dev/airflow_learning/venv/lib/python3.10/site-packages/airflow/example_dags/example_branch_day_of_week_operator.py
[2023-08-24T15:25:12.196+0100] {logging_mixin.py:151} INFO - [2023-08-24T15:25:12.196+0100] {dag.py:2907} INFO - Sync 1 DAGs
[2023-08-24T15:25:12.217+0100] {logging_mixin.py:151} INFO - [2023-08-24T15:25:12.216+0100] {dag.py:3677} INFO - Setting next_dagrun for example_weekday_branch_operator to 2023-08-23T00:00:00+00:00, run_after=2023-08-24T00:00:00+00:00
[2023-08-24T15:25:12.353+0100] {processor.py:179} INFO - Processing /home/samuel/dev/airflow_learning/venv/lib/python3.10/site-packages/airflow/example_dags/example_branch_day_of_week_operator.py took 0.191 seconds
[2023-08-24T15:26:31.534+0100] {processor.py:157} INFO - Started process (PID=5586) to work on /home/samuel/dev/airflow_learning/venv/lib/python3.10/site-packages/airflow/example_dags/example_branch_day_of_week_operator.py
[2023-08-24T15:26:31.566+0100] {processor.py:829} INFO - Processing file /home/samuel/dev/airflow_learning/venv/lib/python3.10/site-packages/airflow/example_dags/example_branch_day_of_week_operator.py for tasks to queue
[2023-08-24T15:26:31.568+0100] {logging_mixin.py:151} INFO - [2023-08-24T15:26:31.567+0100] {dagbag.py:539} INFO - Filling up the DagBag from /home/samuel/dev/airflow_learning/venv/lib/python3.10/site-packages/airflow/example_dags/example_branch_day_of_week_operator.py
[2023-08-24T15:26:31.579+0100] {processor.py:839} INFO - DAG(s) dict_keys(['example_weekday_branch_operator']) retrieved from /home/samuel/dev/airflow_learning/venv/lib/python3.10/site-packages/airflow/example_dags/example_branch_day_of_week_operator.py
[2023-08-24T15:26:31.603+0100] {logging_mixin.py:151} INFO - [2023-08-24T15:26:31.603+0100] {dag.py:2907} INFO - Sync 1 DAGs
[2023-08-24T15:26:31.626+0100] {logging_mixin.py:151} INFO - [2023-08-24T15:26:31.626+0100] {dag.py:3677} INFO - Setting next_dagrun for example_weekday_branch_operator to 2023-08-23T00:00:00+00:00, run_after=2023-08-24T00:00:00+00:00
[2023-08-24T15:26:31.803+0100] {processor.py:179} INFO - Processing /home/samuel/dev/airflow_learning/venv/lib/python3.10/site-packages/airflow/example_dags/example_branch_day_of_week_operator.py took 0.272 seconds
[2023-08-24T15:27:25.939+0100] {processor.py:157} INFO - Started process (PID=5639) to work on /home/samuel/dev/airflow_learning/venv/lib/python3.10/site-packages/airflow/example_dags/example_branch_day_of_week_operator.py
[2023-08-24T15:27:25.948+0100] {processor.py:829} INFO - Processing file /home/samuel/dev/airflow_learning/venv/lib/python3.10/site-packages/airflow/example_dags/example_branch_day_of_week_operator.py for tasks to queue
[2023-08-24T15:27:25.950+0100] {logging_mixin.py:151} INFO - [2023-08-24T15:27:25.949+0100] {dagbag.py:539} INFO - Filling up the DagBag from /home/samuel/dev/airflow_learning/venv/lib/python3.10/site-packages/airflow/example_dags/example_branch_day_of_week_operator.py
[2023-08-24T15:27:25.960+0100] {processor.py:839} INFO - DAG(s) dict_keys(['example_weekday_branch_operator']) retrieved from /home/samuel/dev/airflow_learning/venv/lib/python3.10/site-packages/airflow/example_dags/example_branch_day_of_week_operator.py
[2023-08-24T15:27:25.981+0100] {logging_mixin.py:151} INFO - [2023-08-24T15:27:25.981+0100] {dag.py:2907} INFO - Sync 1 DAGs
[2023-08-24T15:27:26.002+0100] {logging_mixin.py:151} INFO - [2023-08-24T15:27:26.002+0100] {dag.py:3677} INFO - Setting next_dagrun for example_weekday_branch_operator to 2023-08-23T00:00:00+00:00, run_after=2023-08-24T00:00:00+00:00
[2023-08-24T15:27:26.111+0100] {processor.py:179} INFO - Processing /home/samuel/dev/airflow_learning/venv/lib/python3.10/site-packages/airflow/example_dags/example_branch_day_of_week_operator.py took 0.176 seconds
[2023-08-24T15:28:48.349+0100] {processor.py:157} INFO - Started process (PID=5726) to work on /home/samuel/dev/airflow_learning/venv/lib/python3.10/site-packages/airflow/example_dags/example_branch_day_of_week_operator.py
[2023-08-24T15:28:48.385+0100] {processor.py:829} INFO - Processing file /home/samuel/dev/airflow_learning/venv/lib/python3.10/site-packages/airflow/example_dags/example_branch_day_of_week_operator.py for tasks to queue
[2023-08-24T15:28:48.386+0100] {logging_mixin.py:151} INFO - [2023-08-24T15:28:48.385+0100] {dagbag.py:539} INFO - Filling up the DagBag from /home/samuel/dev/airflow_learning/venv/lib/python3.10/site-packages/airflow/example_dags/example_branch_day_of_week_operator.py
[2023-08-24T15:28:48.397+0100] {processor.py:839} INFO - DAG(s) dict_keys(['example_weekday_branch_operator']) retrieved from /home/samuel/dev/airflow_learning/venv/lib/python3.10/site-packages/airflow/example_dags/example_branch_day_of_week_operator.py
[2023-08-24T15:28:48.415+0100] {logging_mixin.py:151} INFO - [2023-08-24T15:28:48.415+0100] {dag.py:2907} INFO - Sync 1 DAGs
[2023-08-24T15:28:48.438+0100] {logging_mixin.py:151} INFO - [2023-08-24T15:28:48.438+0100] {dag.py:3677} INFO - Setting next_dagrun for example_weekday_branch_operator to 2023-08-23T00:00:00+00:00, run_after=2023-08-24T00:00:00+00:00
[2023-08-24T15:28:48.560+0100] {processor.py:179} INFO - Processing /home/samuel/dev/airflow_learning/venv/lib/python3.10/site-packages/airflow/example_dags/example_branch_day_of_week_operator.py took 0.215 seconds
[2023-08-24T15:30:43.064+0100] {processor.py:157} INFO - Started process (PID=5942) to work on /home/samuel/dev/airflow_learning/venv/lib/python3.10/site-packages/airflow/example_dags/example_branch_day_of_week_operator.py
[2023-08-24T15:30:43.073+0100] {processor.py:829} INFO - Processing file /home/samuel/dev/airflow_learning/venv/lib/python3.10/site-packages/airflow/example_dags/example_branch_day_of_week_operator.py for tasks to queue
[2023-08-24T15:30:43.074+0100] {logging_mixin.py:151} INFO - [2023-08-24T15:30:43.074+0100] {dagbag.py:539} INFO - Filling up the DagBag from /home/samuel/dev/airflow_learning/venv/lib/python3.10/site-packages/airflow/example_dags/example_branch_day_of_week_operator.py
[2023-08-24T15:30:43.085+0100] {processor.py:839} INFO - DAG(s) dict_keys(['example_weekday_branch_operator']) retrieved from /home/samuel/dev/airflow_learning/venv/lib/python3.10/site-packages/airflow/example_dags/example_branch_day_of_week_operator.py
[2023-08-24T15:30:43.104+0100] {logging_mixin.py:151} INFO - [2023-08-24T15:30:43.103+0100] {dag.py:2907} INFO - Sync 1 DAGs
[2023-08-24T15:30:43.124+0100] {logging_mixin.py:151} INFO - [2023-08-24T15:30:43.124+0100] {dag.py:3677} INFO - Setting next_dagrun for example_weekday_branch_operator to 2023-08-23T00:00:00+00:00, run_after=2023-08-24T00:00:00+00:00
[2023-08-24T15:30:43.338+0100] {processor.py:179} INFO - Processing /home/samuel/dev/airflow_learning/venv/lib/python3.10/site-packages/airflow/example_dags/example_branch_day_of_week_operator.py took 0.277 seconds
[2023-08-24T15:32:07.998+0100] {processor.py:157} INFO - Started process (PID=6075) to work on /home/samuel/dev/airflow_learning/venv/lib/python3.10/site-packages/airflow/example_dags/example_branch_day_of_week_operator.py
[2023-08-24T15:32:08.014+0100] {processor.py:829} INFO - Processing file /home/samuel/dev/airflow_learning/venv/lib/python3.10/site-packages/airflow/example_dags/example_branch_day_of_week_operator.py for tasks to queue
[2023-08-24T15:32:08.015+0100] {logging_mixin.py:151} INFO - [2023-08-24T15:32:08.015+0100] {dagbag.py:539} INFO - Filling up the DagBag from /home/samuel/dev/airflow_learning/venv/lib/python3.10/site-packages/airflow/example_dags/example_branch_day_of_week_operator.py
[2023-08-24T15:32:08.026+0100] {processor.py:839} INFO - DAG(s) dict_keys(['example_weekday_branch_operator']) retrieved from /home/samuel/dev/airflow_learning/venv/lib/python3.10/site-packages/airflow/example_dags/example_branch_day_of_week_operator.py
[2023-08-24T15:32:08.047+0100] {logging_mixin.py:151} INFO - [2023-08-24T15:32:08.047+0100] {dag.py:2907} INFO - Sync 1 DAGs
[2023-08-24T15:32:08.069+0100] {logging_mixin.py:151} INFO - [2023-08-24T15:32:08.069+0100] {dag.py:3677} INFO - Setting next_dagrun for example_weekday_branch_operator to 2023-08-23T00:00:00+00:00, run_after=2023-08-24T00:00:00+00:00
[2023-08-24T15:32:08.174+0100] {processor.py:179} INFO - Processing /home/samuel/dev/airflow_learning/venv/lib/python3.10/site-packages/airflow/example_dags/example_branch_day_of_week_operator.py took 0.180 seconds
[2023-08-24T15:33:25.423+0100] {processor.py:157} INFO - Started process (PID=6160) to work on /home/samuel/dev/airflow_learning/venv/lib/python3.10/site-packages/airflow/example_dags/example_branch_day_of_week_operator.py
[2023-08-24T15:33:25.463+0100] {processor.py:829} INFO - Processing file /home/samuel/dev/airflow_learning/venv/lib/python3.10/site-packages/airflow/example_dags/example_branch_day_of_week_operator.py for tasks to queue
[2023-08-24T15:33:25.464+0100] {logging_mixin.py:151} INFO - [2023-08-24T15:33:25.463+0100] {dagbag.py:539} INFO - Filling up the DagBag from /home/samuel/dev/airflow_learning/venv/lib/python3.10/site-packages/airflow/example_dags/example_branch_day_of_week_operator.py
[2023-08-24T15:33:25.474+0100] {processor.py:839} INFO - DAG(s) dict_keys(['example_weekday_branch_operator']) retrieved from /home/samuel/dev/airflow_learning/venv/lib/python3.10/site-packages/airflow/example_dags/example_branch_day_of_week_operator.py
[2023-08-24T15:33:25.497+0100] {logging_mixin.py:151} INFO - [2023-08-24T15:33:25.497+0100] {dag.py:2907} INFO - Sync 1 DAGs
[2023-08-24T15:33:25.521+0100] {logging_mixin.py:151} INFO - [2023-08-24T15:33:25.521+0100] {dag.py:3677} INFO - Setting next_dagrun for example_weekday_branch_operator to 2023-08-23T00:00:00+00:00, run_after=2023-08-24T00:00:00+00:00
[2023-08-24T15:33:25.653+0100] {processor.py:179} INFO - Processing /home/samuel/dev/airflow_learning/venv/lib/python3.10/site-packages/airflow/example_dags/example_branch_day_of_week_operator.py took 0.235 seconds
[2023-08-24T15:34:25.806+0100] {processor.py:157} INFO - Started process (PID=6219) to work on /home/samuel/dev/airflow_learning/venv/lib/python3.10/site-packages/airflow/example_dags/example_branch_day_of_week_operator.py
[2023-08-24T15:34:25.811+0100] {processor.py:829} INFO - Processing file /home/samuel/dev/airflow_learning/venv/lib/python3.10/site-packages/airflow/example_dags/example_branch_day_of_week_operator.py for tasks to queue
[2023-08-24T15:34:25.813+0100] {logging_mixin.py:151} INFO - [2023-08-24T15:34:25.812+0100] {dagbag.py:539} INFO - Filling up the DagBag from /home/samuel/dev/airflow_learning/venv/lib/python3.10/site-packages/airflow/example_dags/example_branch_day_of_week_operator.py
[2023-08-24T15:34:25.826+0100] {processor.py:839} INFO - DAG(s) dict_keys(['example_weekday_branch_operator']) retrieved from /home/samuel/dev/airflow_learning/venv/lib/python3.10/site-packages/airflow/example_dags/example_branch_day_of_week_operator.py
[2023-08-24T15:34:26.039+0100] {logging_mixin.py:151} INFO - [2023-08-24T15:34:26.039+0100] {dag.py:2907} INFO - Sync 1 DAGs
[2023-08-24T15:34:26.931+0100] {logging_mixin.py:151} INFO - [2023-08-24T15:34:26.930+0100] {dag.py:3677} INFO - Setting next_dagrun for example_weekday_branch_operator to 2023-08-23T00:00:00+00:00, run_after=2023-08-24T00:00:00+00:00
[2023-08-24T15:34:29.949+0100] {processor.py:179} INFO - Processing /home/samuel/dev/airflow_learning/venv/lib/python3.10/site-packages/airflow/example_dags/example_branch_day_of_week_operator.py took 4.146 seconds
[2023-08-24T15:35:33.661+0100] {processor.py:157} INFO - Started process (PID=6296) to work on /home/samuel/dev/airflow_learning/venv/lib/python3.10/site-packages/airflow/example_dags/example_branch_day_of_week_operator.py
[2023-08-24T15:35:33.672+0100] {processor.py:829} INFO - Processing file /home/samuel/dev/airflow_learning/venv/lib/python3.10/site-packages/airflow/example_dags/example_branch_day_of_week_operator.py for tasks to queue
[2023-08-24T15:35:33.673+0100] {logging_mixin.py:151} INFO - [2023-08-24T15:35:33.673+0100] {dagbag.py:539} INFO - Filling up the DagBag from /home/samuel/dev/airflow_learning/venv/lib/python3.10/site-packages/airflow/example_dags/example_branch_day_of_week_operator.py
[2023-08-24T15:35:33.683+0100] {processor.py:839} INFO - DAG(s) dict_keys(['example_weekday_branch_operator']) retrieved from /home/samuel/dev/airflow_learning/venv/lib/python3.10/site-packages/airflow/example_dags/example_branch_day_of_week_operator.py
[2023-08-24T15:35:33.705+0100] {logging_mixin.py:151} INFO - [2023-08-24T15:35:33.705+0100] {dag.py:2907} INFO - Sync 1 DAGs
[2023-08-24T15:35:33.727+0100] {logging_mixin.py:151} INFO - [2023-08-24T15:35:33.727+0100] {dag.py:3677} INFO - Setting next_dagrun for example_weekday_branch_operator to 2023-08-23T00:00:00+00:00, run_after=2023-08-24T00:00:00+00:00
[2023-08-24T15:35:33.848+0100] {processor.py:179} INFO - Processing /home/samuel/dev/airflow_learning/venv/lib/python3.10/site-packages/airflow/example_dags/example_branch_day_of_week_operator.py took 0.191 seconds
[2023-08-24T15:36:28.502+0100] {processor.py:157} INFO - Started process (PID=6354) to work on /home/samuel/dev/airflow_learning/venv/lib/python3.10/site-packages/airflow/example_dags/example_branch_day_of_week_operator.py
[2023-08-24T15:36:28.503+0100] {processor.py:829} INFO - Processing file /home/samuel/dev/airflow_learning/venv/lib/python3.10/site-packages/airflow/example_dags/example_branch_day_of_week_operator.py for tasks to queue
[2023-08-24T15:36:28.504+0100] {logging_mixin.py:151} INFO - [2023-08-24T15:36:28.504+0100] {dagbag.py:539} INFO - Filling up the DagBag from /home/samuel/dev/airflow_learning/venv/lib/python3.10/site-packages/airflow/example_dags/example_branch_day_of_week_operator.py
[2023-08-24T15:36:28.512+0100] {processor.py:839} INFO - DAG(s) dict_keys(['example_weekday_branch_operator']) retrieved from /home/samuel/dev/airflow_learning/venv/lib/python3.10/site-packages/airflow/example_dags/example_branch_day_of_week_operator.py
[2023-08-24T15:36:28.530+0100] {logging_mixin.py:151} INFO - [2023-08-24T15:36:28.529+0100] {dag.py:2907} INFO - Sync 1 DAGs
[2023-08-24T15:36:28.550+0100] {logging_mixin.py:151} INFO - [2023-08-24T15:36:28.550+0100] {dag.py:3677} INFO - Setting next_dagrun for example_weekday_branch_operator to 2023-08-23T00:00:00+00:00, run_after=2023-08-24T00:00:00+00:00
[2023-08-24T15:36:28.672+0100] {processor.py:179} INFO - Processing /home/samuel/dev/airflow_learning/venv/lib/python3.10/site-packages/airflow/example_dags/example_branch_day_of_week_operator.py took 0.173 seconds
[2023-08-24T15:37:32.261+0100] {processor.py:157} INFO - Started process (PID=6406) to work on /home/samuel/dev/airflow_learning/venv/lib/python3.10/site-packages/airflow/example_dags/example_branch_day_of_week_operator.py
[2023-08-24T15:37:32.294+0100] {processor.py:829} INFO - Processing file /home/samuel/dev/airflow_learning/venv/lib/python3.10/site-packages/airflow/example_dags/example_branch_day_of_week_operator.py for tasks to queue
[2023-08-24T15:37:32.295+0100] {logging_mixin.py:151} INFO - [2023-08-24T15:37:32.295+0100] {dagbag.py:539} INFO - Filling up the DagBag from /home/samuel/dev/airflow_learning/venv/lib/python3.10/site-packages/airflow/example_dags/example_branch_day_of_week_operator.py
[2023-08-24T15:37:32.305+0100] {processor.py:839} INFO - DAG(s) dict_keys(['example_weekday_branch_operator']) retrieved from /home/samuel/dev/airflow_learning/venv/lib/python3.10/site-packages/airflow/example_dags/example_branch_day_of_week_operator.py
[2023-08-24T15:37:32.327+0100] {logging_mixin.py:151} INFO - [2023-08-24T15:37:32.327+0100] {dag.py:2907} INFO - Sync 1 DAGs
[2023-08-24T15:37:32.350+0100] {logging_mixin.py:151} INFO - [2023-08-24T15:37:32.350+0100] {dag.py:3677} INFO - Setting next_dagrun for example_weekday_branch_operator to 2023-08-23T00:00:00+00:00, run_after=2023-08-24T00:00:00+00:00
[2023-08-24T15:37:32.469+0100] {processor.py:179} INFO - Processing /home/samuel/dev/airflow_learning/venv/lib/python3.10/site-packages/airflow/example_dags/example_branch_day_of_week_operator.py took 0.212 seconds
[2023-08-24T15:38:37.683+0100] {processor.py:157} INFO - Started process (PID=6469) to work on /home/samuel/dev/airflow_learning/venv/lib/python3.10/site-packages/airflow/example_dags/example_branch_day_of_week_operator.py
[2023-08-24T15:38:37.685+0100] {processor.py:829} INFO - Processing file /home/samuel/dev/airflow_learning/venv/lib/python3.10/site-packages/airflow/example_dags/example_branch_day_of_week_operator.py for tasks to queue
[2023-08-24T15:38:37.686+0100] {logging_mixin.py:151} INFO - [2023-08-24T15:38:37.686+0100] {dagbag.py:539} INFO - Filling up the DagBag from /home/samuel/dev/airflow_learning/venv/lib/python3.10/site-packages/airflow/example_dags/example_branch_day_of_week_operator.py
[2023-08-24T15:38:37.695+0100] {processor.py:839} INFO - DAG(s) dict_keys(['example_weekday_branch_operator']) retrieved from /home/samuel/dev/airflow_learning/venv/lib/python3.10/site-packages/airflow/example_dags/example_branch_day_of_week_operator.py
[2023-08-24T15:38:37.715+0100] {logging_mixin.py:151} INFO - [2023-08-24T15:38:37.715+0100] {dag.py:2907} INFO - Sync 1 DAGs
[2023-08-24T15:38:37.737+0100] {logging_mixin.py:151} INFO - [2023-08-24T15:38:37.737+0100] {dag.py:3677} INFO - Setting next_dagrun for example_weekday_branch_operator to 2023-08-23T00:00:00+00:00, run_after=2023-08-24T00:00:00+00:00
[2023-08-24T15:38:37.876+0100] {processor.py:179} INFO - Processing /home/samuel/dev/airflow_learning/venv/lib/python3.10/site-packages/airflow/example_dags/example_branch_day_of_week_operator.py took 0.197 seconds
[2023-08-24T15:39:32.573+0100] {processor.py:157} INFO - Started process (PID=6524) to work on /home/samuel/dev/airflow_learning/venv/lib/python3.10/site-packages/airflow/example_dags/example_branch_day_of_week_operator.py
[2023-08-24T15:39:32.576+0100] {processor.py:829} INFO - Processing file /home/samuel/dev/airflow_learning/venv/lib/python3.10/site-packages/airflow/example_dags/example_branch_day_of_week_operator.py for tasks to queue
[2023-08-24T15:39:32.577+0100] {logging_mixin.py:151} INFO - [2023-08-24T15:39:32.577+0100] {dagbag.py:539} INFO - Filling up the DagBag from /home/samuel/dev/airflow_learning/venv/lib/python3.10/site-packages/airflow/example_dags/example_branch_day_of_week_operator.py
[2023-08-24T15:39:32.587+0100] {processor.py:839} INFO - DAG(s) dict_keys(['example_weekday_branch_operator']) retrieved from /home/samuel/dev/airflow_learning/venv/lib/python3.10/site-packages/airflow/example_dags/example_branch_day_of_week_operator.py
[2023-08-24T15:39:32.609+0100] {logging_mixin.py:151} INFO - [2023-08-24T15:39:32.609+0100] {dag.py:2907} INFO - Sync 1 DAGs
[2023-08-24T15:39:32.631+0100] {logging_mixin.py:151} INFO - [2023-08-24T15:39:32.631+0100] {dag.py:3677} INFO - Setting next_dagrun for example_weekday_branch_operator to 2023-08-23T00:00:00+00:00, run_after=2023-08-24T00:00:00+00:00
[2023-08-24T15:39:32.757+0100] {processor.py:179} INFO - Processing /home/samuel/dev/airflow_learning/venv/lib/python3.10/site-packages/airflow/example_dags/example_branch_day_of_week_operator.py took 0.187 seconds
[2023-08-24T15:40:41.437+0100] {processor.py:157} INFO - Started process (PID=6607) to work on /home/samuel/dev/airflow_learning/venv/lib/python3.10/site-packages/airflow/example_dags/example_branch_day_of_week_operator.py
[2023-08-24T15:40:41.438+0100] {processor.py:829} INFO - Processing file /home/samuel/dev/airflow_learning/venv/lib/python3.10/site-packages/airflow/example_dags/example_branch_day_of_week_operator.py for tasks to queue
[2023-08-24T15:40:41.439+0100] {logging_mixin.py:151} INFO - [2023-08-24T15:40:41.438+0100] {dagbag.py:539} INFO - Filling up the DagBag from /home/samuel/dev/airflow_learning/venv/lib/python3.10/site-packages/airflow/example_dags/example_branch_day_of_week_operator.py
[2023-08-24T15:40:41.449+0100] {processor.py:839} INFO - DAG(s) dict_keys(['example_weekday_branch_operator']) retrieved from /home/samuel/dev/airflow_learning/venv/lib/python3.10/site-packages/airflow/example_dags/example_branch_day_of_week_operator.py
[2023-08-24T15:40:41.469+0100] {logging_mixin.py:151} INFO - [2023-08-24T15:40:41.469+0100] {dag.py:2907} INFO - Sync 1 DAGs
[2023-08-24T15:40:41.490+0100] {logging_mixin.py:151} INFO - [2023-08-24T15:40:41.490+0100] {dag.py:3677} INFO - Setting next_dagrun for example_weekday_branch_operator to 2023-08-23T00:00:00+00:00, run_after=2023-08-24T00:00:00+00:00
[2023-08-24T15:40:41.595+0100] {processor.py:179} INFO - Processing /home/samuel/dev/airflow_learning/venv/lib/python3.10/site-packages/airflow/example_dags/example_branch_day_of_week_operator.py took 0.161 seconds
[2023-08-24T15:41:36.983+0100] {processor.py:157} INFO - Started process (PID=6659) to work on /home/samuel/dev/airflow_learning/venv/lib/python3.10/site-packages/airflow/example_dags/example_branch_day_of_week_operator.py
[2023-08-24T15:41:36.986+0100] {processor.py:829} INFO - Processing file /home/samuel/dev/airflow_learning/venv/lib/python3.10/site-packages/airflow/example_dags/example_branch_day_of_week_operator.py for tasks to queue
[2023-08-24T15:41:36.987+0100] {logging_mixin.py:151} INFO - [2023-08-24T15:41:36.987+0100] {dagbag.py:539} INFO - Filling up the DagBag from /home/samuel/dev/airflow_learning/venv/lib/python3.10/site-packages/airflow/example_dags/example_branch_day_of_week_operator.py
[2023-08-24T15:41:36.997+0100] {processor.py:839} INFO - DAG(s) dict_keys(['example_weekday_branch_operator']) retrieved from /home/samuel/dev/airflow_learning/venv/lib/python3.10/site-packages/airflow/example_dags/example_branch_day_of_week_operator.py
[2023-08-24T15:41:37.018+0100] {logging_mixin.py:151} INFO - [2023-08-24T15:41:37.017+0100] {dag.py:2907} INFO - Sync 1 DAGs
[2023-08-24T15:41:37.039+0100] {logging_mixin.py:151} INFO - [2023-08-24T15:41:37.039+0100] {dag.py:3677} INFO - Setting next_dagrun for example_weekday_branch_operator to 2023-08-23T00:00:00+00:00, run_after=2023-08-24T00:00:00+00:00
[2023-08-24T15:41:37.166+0100] {processor.py:179} INFO - Processing /home/samuel/dev/airflow_learning/venv/lib/python3.10/site-packages/airflow/example_dags/example_branch_day_of_week_operator.py took 0.187 seconds
[2023-08-24T15:42:53.418+0100] {processor.py:157} INFO - Started process (PID=6796) to work on /home/samuel/dev/airflow_learning/venv/lib/python3.10/site-packages/airflow/example_dags/example_branch_day_of_week_operator.py
[2023-08-24T15:42:53.419+0100] {processor.py:829} INFO - Processing file /home/samuel/dev/airflow_learning/venv/lib/python3.10/site-packages/airflow/example_dags/example_branch_day_of_week_operator.py for tasks to queue
[2023-08-24T15:42:53.420+0100] {logging_mixin.py:151} INFO - [2023-08-24T15:42:53.420+0100] {dagbag.py:539} INFO - Filling up the DagBag from /home/samuel/dev/airflow_learning/venv/lib/python3.10/site-packages/airflow/example_dags/example_branch_day_of_week_operator.py
[2023-08-24T15:42:53.430+0100] {processor.py:839} INFO - DAG(s) dict_keys(['example_weekday_branch_operator']) retrieved from /home/samuel/dev/airflow_learning/venv/lib/python3.10/site-packages/airflow/example_dags/example_branch_day_of_week_operator.py
[2023-08-24T15:42:53.450+0100] {logging_mixin.py:151} INFO - [2023-08-24T15:42:53.450+0100] {dag.py:2907} INFO - Sync 1 DAGs
[2023-08-24T15:42:53.471+0100] {logging_mixin.py:151} INFO - [2023-08-24T15:42:53.471+0100] {dag.py:3677} INFO - Setting next_dagrun for example_weekday_branch_operator to 2023-08-23T00:00:00+00:00, run_after=2023-08-24T00:00:00+00:00
[2023-08-24T15:42:53.580+0100] {processor.py:179} INFO - Processing /home/samuel/dev/airflow_learning/venv/lib/python3.10/site-packages/airflow/example_dags/example_branch_day_of_week_operator.py took 0.166 seconds
[2023-08-24T15:44:13.521+0100] {processor.py:157} INFO - Started process (PID=6872) to work on /home/samuel/dev/airflow_learning/venv/lib/python3.10/site-packages/airflow/example_dags/example_branch_day_of_week_operator.py
[2023-08-24T15:44:13.551+0100] {processor.py:829} INFO - Processing file /home/samuel/dev/airflow_learning/venv/lib/python3.10/site-packages/airflow/example_dags/example_branch_day_of_week_operator.py for tasks to queue
[2023-08-24T15:44:13.552+0100] {logging_mixin.py:151} INFO - [2023-08-24T15:44:13.552+0100] {dagbag.py:539} INFO - Filling up the DagBag from /home/samuel/dev/airflow_learning/venv/lib/python3.10/site-packages/airflow/example_dags/example_branch_day_of_week_operator.py
[2023-08-24T15:44:13.562+0100] {processor.py:839} INFO - DAG(s) dict_keys(['example_weekday_branch_operator']) retrieved from /home/samuel/dev/airflow_learning/venv/lib/python3.10/site-packages/airflow/example_dags/example_branch_day_of_week_operator.py
[2023-08-24T15:44:13.584+0100] {logging_mixin.py:151} INFO - [2023-08-24T15:44:13.584+0100] {dag.py:2907} INFO - Sync 1 DAGs
[2023-08-24T15:44:13.606+0100] {logging_mixin.py:151} INFO - [2023-08-24T15:44:13.606+0100] {dag.py:3677} INFO - Setting next_dagrun for example_weekday_branch_operator to 2023-08-23T00:00:00+00:00, run_after=2023-08-24T00:00:00+00:00
[2023-08-24T15:44:13.710+0100] {processor.py:179} INFO - Processing /home/samuel/dev/airflow_learning/venv/lib/python3.10/site-packages/airflow/example_dags/example_branch_day_of_week_operator.py took 0.193 seconds
[2023-08-24T15:45:29.898+0100] {processor.py:157} INFO - Started process (PID=6947) to work on /home/samuel/dev/airflow_learning/venv/lib/python3.10/site-packages/airflow/example_dags/example_branch_day_of_week_operator.py
[2023-08-24T15:45:29.899+0100] {processor.py:829} INFO - Processing file /home/samuel/dev/airflow_learning/venv/lib/python3.10/site-packages/airflow/example_dags/example_branch_day_of_week_operator.py for tasks to queue
[2023-08-24T15:45:29.900+0100] {logging_mixin.py:151} INFO - [2023-08-24T15:45:29.900+0100] {dagbag.py:539} INFO - Filling up the DagBag from /home/samuel/dev/airflow_learning/venv/lib/python3.10/site-packages/airflow/example_dags/example_branch_day_of_week_operator.py
[2023-08-24T15:45:29.910+0100] {processor.py:839} INFO - DAG(s) dict_keys(['example_weekday_branch_operator']) retrieved from /home/samuel/dev/airflow_learning/venv/lib/python3.10/site-packages/airflow/example_dags/example_branch_day_of_week_operator.py
[2023-08-24T15:45:29.930+0100] {logging_mixin.py:151} INFO - [2023-08-24T15:45:29.930+0100] {dag.py:2907} INFO - Sync 1 DAGs
[2023-08-24T15:45:29.951+0100] {logging_mixin.py:151} INFO - [2023-08-24T15:45:29.951+0100] {dag.py:3677} INFO - Setting next_dagrun for example_weekday_branch_operator to 2023-08-23T00:00:00+00:00, run_after=2023-08-24T00:00:00+00:00
[2023-08-24T15:45:30.076+0100] {processor.py:179} INFO - Processing /home/samuel/dev/airflow_learning/venv/lib/python3.10/site-packages/airflow/example_dags/example_branch_day_of_week_operator.py took 0.182 seconds
[2023-08-24T15:46:50.221+0100] {processor.py:157} INFO - Started process (PID=7020) to work on /home/samuel/dev/airflow_learning/venv/lib/python3.10/site-packages/airflow/example_dags/example_branch_day_of_week_operator.py
[2023-08-24T15:46:50.223+0100] {processor.py:829} INFO - Processing file /home/samuel/dev/airflow_learning/venv/lib/python3.10/site-packages/airflow/example_dags/example_branch_day_of_week_operator.py for tasks to queue
[2023-08-24T15:46:50.224+0100] {logging_mixin.py:151} INFO - [2023-08-24T15:46:50.224+0100] {dagbag.py:539} INFO - Filling up the DagBag from /home/samuel/dev/airflow_learning/venv/lib/python3.10/site-packages/airflow/example_dags/example_branch_day_of_week_operator.py
[2023-08-24T15:46:50.234+0100] {processor.py:839} INFO - DAG(s) dict_keys(['example_weekday_branch_operator']) retrieved from /home/samuel/dev/airflow_learning/venv/lib/python3.10/site-packages/airflow/example_dags/example_branch_day_of_week_operator.py
[2023-08-24T15:46:50.254+0100] {logging_mixin.py:151} INFO - [2023-08-24T15:46:50.253+0100] {dag.py:2907} INFO - Sync 1 DAGs
[2023-08-24T15:46:50.274+0100] {logging_mixin.py:151} INFO - [2023-08-24T15:46:50.274+0100] {dag.py:3677} INFO - Setting next_dagrun for example_weekday_branch_operator to 2023-08-23T00:00:00+00:00, run_after=2023-08-24T00:00:00+00:00
[2023-08-24T15:46:50.394+0100] {processor.py:179} INFO - Processing /home/samuel/dev/airflow_learning/venv/lib/python3.10/site-packages/airflow/example_dags/example_branch_day_of_week_operator.py took 0.177 seconds
[2023-08-24T15:48:09.206+0100] {processor.py:157} INFO - Started process (PID=7114) to work on /home/samuel/dev/airflow_learning/venv/lib/python3.10/site-packages/airflow/example_dags/example_branch_day_of_week_operator.py
[2023-08-24T15:48:09.234+0100] {processor.py:829} INFO - Processing file /home/samuel/dev/airflow_learning/venv/lib/python3.10/site-packages/airflow/example_dags/example_branch_day_of_week_operator.py for tasks to queue
[2023-08-24T15:48:09.235+0100] {logging_mixin.py:151} INFO - [2023-08-24T15:48:09.234+0100] {dagbag.py:539} INFO - Filling up the DagBag from /home/samuel/dev/airflow_learning/venv/lib/python3.10/site-packages/airflow/example_dags/example_branch_day_of_week_operator.py
[2023-08-24T15:48:09.243+0100] {processor.py:839} INFO - DAG(s) dict_keys(['example_weekday_branch_operator']) retrieved from /home/samuel/dev/airflow_learning/venv/lib/python3.10/site-packages/airflow/example_dags/example_branch_day_of_week_operator.py
[2023-08-24T15:48:09.260+0100] {logging_mixin.py:151} INFO - [2023-08-24T15:48:09.259+0100] {dag.py:2907} INFO - Sync 1 DAGs
[2023-08-24T15:48:09.280+0100] {logging_mixin.py:151} INFO - [2023-08-24T15:48:09.279+0100] {dag.py:3677} INFO - Setting next_dagrun for example_weekday_branch_operator to 2023-08-23T00:00:00+00:00, run_after=2023-08-24T00:00:00+00:00
[2023-08-24T15:48:09.390+0100] {processor.py:179} INFO - Processing /home/samuel/dev/airflow_learning/venv/lib/python3.10/site-packages/airflow/example_dags/example_branch_day_of_week_operator.py took 0.187 seconds
[2023-08-24T15:49:27.085+0100] {processor.py:157} INFO - Started process (PID=7186) to work on /home/samuel/dev/airflow_learning/venv/lib/python3.10/site-packages/airflow/example_dags/example_branch_day_of_week_operator.py
[2023-08-24T15:49:27.086+0100] {processor.py:829} INFO - Processing file /home/samuel/dev/airflow_learning/venv/lib/python3.10/site-packages/airflow/example_dags/example_branch_day_of_week_operator.py for tasks to queue
[2023-08-24T15:49:27.087+0100] {logging_mixin.py:151} INFO - [2023-08-24T15:49:27.087+0100] {dagbag.py:539} INFO - Filling up the DagBag from /home/samuel/dev/airflow_learning/venv/lib/python3.10/site-packages/airflow/example_dags/example_branch_day_of_week_operator.py
[2023-08-24T15:49:27.097+0100] {processor.py:839} INFO - DAG(s) dict_keys(['example_weekday_branch_operator']) retrieved from /home/samuel/dev/airflow_learning/venv/lib/python3.10/site-packages/airflow/example_dags/example_branch_day_of_week_operator.py
[2023-08-24T15:49:27.116+0100] {logging_mixin.py:151} INFO - [2023-08-24T15:49:27.116+0100] {dag.py:2907} INFO - Sync 1 DAGs
[2023-08-24T15:49:27.138+0100] {logging_mixin.py:151} INFO - [2023-08-24T15:49:27.138+0100] {dag.py:3677} INFO - Setting next_dagrun for example_weekday_branch_operator to 2023-08-23T00:00:00+00:00, run_after=2023-08-24T00:00:00+00:00
[2023-08-24T15:49:27.263+0100] {processor.py:179} INFO - Processing /home/samuel/dev/airflow_learning/venv/lib/python3.10/site-packages/airflow/example_dags/example_branch_day_of_week_operator.py took 0.182 seconds
[2023-08-24T15:50:41.061+0100] {processor.py:157} INFO - Started process (PID=7258) to work on /home/samuel/dev/airflow_learning/venv/lib/python3.10/site-packages/airflow/example_dags/example_branch_day_of_week_operator.py
[2023-08-24T15:50:41.069+0100] {processor.py:829} INFO - Processing file /home/samuel/dev/airflow_learning/venv/lib/python3.10/site-packages/airflow/example_dags/example_branch_day_of_week_operator.py for tasks to queue
[2023-08-24T15:50:41.070+0100] {logging_mixin.py:151} INFO - [2023-08-24T15:50:41.070+0100] {dagbag.py:539} INFO - Filling up the DagBag from /home/samuel/dev/airflow_learning/venv/lib/python3.10/site-packages/airflow/example_dags/example_branch_day_of_week_operator.py
[2023-08-24T15:50:41.080+0100] {processor.py:839} INFO - DAG(s) dict_keys(['example_weekday_branch_operator']) retrieved from /home/samuel/dev/airflow_learning/venv/lib/python3.10/site-packages/airflow/example_dags/example_branch_day_of_week_operator.py
[2023-08-24T15:50:41.098+0100] {logging_mixin.py:151} INFO - [2023-08-24T15:50:41.098+0100] {dag.py:2907} INFO - Sync 1 DAGs
[2023-08-24T15:50:41.118+0100] {logging_mixin.py:151} INFO - [2023-08-24T15:50:41.118+0100] {dag.py:3677} INFO - Setting next_dagrun for example_weekday_branch_operator to 2023-08-23T00:00:00+00:00, run_after=2023-08-24T00:00:00+00:00
[2023-08-24T15:50:41.233+0100] {processor.py:179} INFO - Processing /home/samuel/dev/airflow_learning/venv/lib/python3.10/site-packages/airflow/example_dags/example_branch_day_of_week_operator.py took 0.176 seconds
[2023-08-24T15:51:59.773+0100] {processor.py:157} INFO - Started process (PID=7339) to work on /home/samuel/dev/airflow_learning/venv/lib/python3.10/site-packages/airflow/example_dags/example_branch_day_of_week_operator.py
[2023-08-24T15:51:59.776+0100] {processor.py:829} INFO - Processing file /home/samuel/dev/airflow_learning/venv/lib/python3.10/site-packages/airflow/example_dags/example_branch_day_of_week_operator.py for tasks to queue
[2023-08-24T15:51:59.777+0100] {logging_mixin.py:151} INFO - [2023-08-24T15:51:59.777+0100] {dagbag.py:539} INFO - Filling up the DagBag from /home/samuel/dev/airflow_learning/venv/lib/python3.10/site-packages/airflow/example_dags/example_branch_day_of_week_operator.py
[2023-08-24T15:51:59.787+0100] {processor.py:839} INFO - DAG(s) dict_keys(['example_weekday_branch_operator']) retrieved from /home/samuel/dev/airflow_learning/venv/lib/python3.10/site-packages/airflow/example_dags/example_branch_day_of_week_operator.py
[2023-08-24T15:51:59.807+0100] {logging_mixin.py:151} INFO - [2023-08-24T15:51:59.807+0100] {dag.py:2907} INFO - Sync 1 DAGs
[2023-08-24T15:51:59.828+0100] {logging_mixin.py:151} INFO - [2023-08-24T15:51:59.828+0100] {dag.py:3677} INFO - Setting next_dagrun for example_weekday_branch_operator to 2023-08-23T00:00:00+00:00, run_after=2023-08-24T00:00:00+00:00
[2023-08-24T15:51:59.965+0100] {processor.py:179} INFO - Processing /home/samuel/dev/airflow_learning/venv/lib/python3.10/site-packages/airflow/example_dags/example_branch_day_of_week_operator.py took 0.196 seconds
[2023-08-24T15:53:12.473+0100] {processor.py:157} INFO - Started process (PID=7413) to work on /home/samuel/dev/airflow_learning/venv/lib/python3.10/site-packages/airflow/example_dags/example_branch_day_of_week_operator.py
[2023-08-24T15:53:12.476+0100] {processor.py:829} INFO - Processing file /home/samuel/dev/airflow_learning/venv/lib/python3.10/site-packages/airflow/example_dags/example_branch_day_of_week_operator.py for tasks to queue
[2023-08-24T15:53:12.477+0100] {logging_mixin.py:151} INFO - [2023-08-24T15:53:12.477+0100] {dagbag.py:539} INFO - Filling up the DagBag from /home/samuel/dev/airflow_learning/venv/lib/python3.10/site-packages/airflow/example_dags/example_branch_day_of_week_operator.py
[2023-08-24T15:53:12.486+0100] {processor.py:839} INFO - DAG(s) dict_keys(['example_weekday_branch_operator']) retrieved from /home/samuel/dev/airflow_learning/venv/lib/python3.10/site-packages/airflow/example_dags/example_branch_day_of_week_operator.py
[2023-08-24T15:53:12.506+0100] {logging_mixin.py:151} INFO - [2023-08-24T15:53:12.506+0100] {dag.py:2907} INFO - Sync 1 DAGs
[2023-08-24T15:53:12.526+0100] {logging_mixin.py:151} INFO - [2023-08-24T15:53:12.526+0100] {dag.py:3677} INFO - Setting next_dagrun for example_weekday_branch_operator to 2023-08-23T00:00:00+00:00, run_after=2023-08-24T00:00:00+00:00
[2023-08-24T15:53:12.658+0100] {processor.py:179} INFO - Processing /home/samuel/dev/airflow_learning/venv/lib/python3.10/site-packages/airflow/example_dags/example_branch_day_of_week_operator.py took 0.188 seconds
[2023-08-24T15:54:14.976+0100] {processor.py:157} INFO - Started process (PID=7558) to work on /home/samuel/dev/airflow_learning/venv/lib/python3.10/site-packages/airflow/example_dags/example_branch_day_of_week_operator.py
[2023-08-24T15:54:15.116+0100] {processor.py:829} INFO - Processing file /home/samuel/dev/airflow_learning/venv/lib/python3.10/site-packages/airflow/example_dags/example_branch_day_of_week_operator.py for tasks to queue
[2023-08-24T15:54:15.117+0100] {logging_mixin.py:151} INFO - [2023-08-24T15:54:15.117+0100] {dagbag.py:539} INFO - Filling up the DagBag from /home/samuel/dev/airflow_learning/venv/lib/python3.10/site-packages/airflow/example_dags/example_branch_day_of_week_operator.py
[2023-08-24T15:54:15.127+0100] {processor.py:839} INFO - DAG(s) dict_keys(['example_weekday_branch_operator']) retrieved from /home/samuel/dev/airflow_learning/venv/lib/python3.10/site-packages/airflow/example_dags/example_branch_day_of_week_operator.py
[2023-08-24T15:54:15.150+0100] {logging_mixin.py:151} INFO - [2023-08-24T15:54:15.149+0100] {dag.py:2907} INFO - Sync 1 DAGs
[2023-08-24T15:54:15.180+0100] {logging_mixin.py:151} INFO - [2023-08-24T15:54:15.179+0100] {dag.py:3677} INFO - Setting next_dagrun for example_weekday_branch_operator to 2023-08-23T00:00:00+00:00, run_after=2023-08-24T00:00:00+00:00
[2023-08-24T15:54:15.760+0100] {processor.py:179} INFO - Processing /home/samuel/dev/airflow_learning/venv/lib/python3.10/site-packages/airflow/example_dags/example_branch_day_of_week_operator.py took 0.787 seconds
[2023-08-24T15:55:14.932+0100] {processor.py:157} INFO - Started process (PID=7623) to work on /home/samuel/dev/airflow_learning/venv/lib/python3.10/site-packages/airflow/example_dags/example_branch_day_of_week_operator.py
[2023-08-24T15:55:14.963+0100] {processor.py:829} INFO - Processing file /home/samuel/dev/airflow_learning/venv/lib/python3.10/site-packages/airflow/example_dags/example_branch_day_of_week_operator.py for tasks to queue
[2023-08-24T15:55:14.964+0100] {logging_mixin.py:151} INFO - [2023-08-24T15:55:14.964+0100] {dagbag.py:539} INFO - Filling up the DagBag from /home/samuel/dev/airflow_learning/venv/lib/python3.10/site-packages/airflow/example_dags/example_branch_day_of_week_operator.py
[2023-08-24T15:55:14.974+0100] {processor.py:839} INFO - DAG(s) dict_keys(['example_weekday_branch_operator']) retrieved from /home/samuel/dev/airflow_learning/venv/lib/python3.10/site-packages/airflow/example_dags/example_branch_day_of_week_operator.py
[2023-08-24T15:55:14.995+0100] {logging_mixin.py:151} INFO - [2023-08-24T15:55:14.994+0100] {dag.py:2907} INFO - Sync 1 DAGs
[2023-08-24T15:55:15.017+0100] {logging_mixin.py:151} INFO - [2023-08-24T15:55:15.017+0100] {dag.py:3677} INFO - Setting next_dagrun for example_weekday_branch_operator to 2023-08-23T00:00:00+00:00, run_after=2023-08-24T00:00:00+00:00
[2023-08-24T15:55:15.139+0100] {processor.py:179} INFO - Processing /home/samuel/dev/airflow_learning/venv/lib/python3.10/site-packages/airflow/example_dags/example_branch_day_of_week_operator.py took 0.212 seconds
[2023-08-24T15:56:11.444+0100] {processor.py:157} INFO - Started process (PID=7770) to work on /home/samuel/dev/airflow_learning/venv/lib/python3.10/site-packages/airflow/example_dags/example_branch_day_of_week_operator.py
[2023-08-24T15:56:11.490+0100] {processor.py:829} INFO - Processing file /home/samuel/dev/airflow_learning/venv/lib/python3.10/site-packages/airflow/example_dags/example_branch_day_of_week_operator.py for tasks to queue
[2023-08-24T15:56:11.491+0100] {logging_mixin.py:151} INFO - [2023-08-24T15:56:11.491+0100] {dagbag.py:539} INFO - Filling up the DagBag from /home/samuel/dev/airflow_learning/venv/lib/python3.10/site-packages/airflow/example_dags/example_branch_day_of_week_operator.py
[2023-08-24T15:56:11.502+0100] {processor.py:839} INFO - DAG(s) dict_keys(['example_weekday_branch_operator']) retrieved from /home/samuel/dev/airflow_learning/venv/lib/python3.10/site-packages/airflow/example_dags/example_branch_day_of_week_operator.py
[2023-08-24T15:56:11.526+0100] {logging_mixin.py:151} INFO - [2023-08-24T15:56:11.526+0100] {dag.py:2907} INFO - Sync 1 DAGs
[2023-08-24T15:56:11.554+0100] {logging_mixin.py:151} INFO - [2023-08-24T15:56:11.553+0100] {dag.py:3677} INFO - Setting next_dagrun for example_weekday_branch_operator to 2023-08-23T00:00:00+00:00, run_after=2023-08-24T00:00:00+00:00
[2023-08-24T15:56:11.726+0100] {processor.py:179} INFO - Processing /home/samuel/dev/airflow_learning/venv/lib/python3.10/site-packages/airflow/example_dags/example_branch_day_of_week_operator.py took 0.286 seconds
[2023-08-24T15:57:26.001+0100] {processor.py:157} INFO - Started process (PID=7882) to work on /home/samuel/dev/airflow_learning/venv/lib/python3.10/site-packages/airflow/example_dags/example_branch_day_of_week_operator.py
[2023-08-24T15:57:26.019+0100] {processor.py:829} INFO - Processing file /home/samuel/dev/airflow_learning/venv/lib/python3.10/site-packages/airflow/example_dags/example_branch_day_of_week_operator.py for tasks to queue
[2023-08-24T15:57:26.020+0100] {logging_mixin.py:151} INFO - [2023-08-24T15:57:26.020+0100] {dagbag.py:539} INFO - Filling up the DagBag from /home/samuel/dev/airflow_learning/venv/lib/python3.10/site-packages/airflow/example_dags/example_branch_day_of_week_operator.py
[2023-08-24T15:57:26.028+0100] {processor.py:839} INFO - DAG(s) dict_keys(['example_weekday_branch_operator']) retrieved from /home/samuel/dev/airflow_learning/venv/lib/python3.10/site-packages/airflow/example_dags/example_branch_day_of_week_operator.py
[2023-08-24T15:57:26.046+0100] {logging_mixin.py:151} INFO - [2023-08-24T15:57:26.046+0100] {dag.py:2907} INFO - Sync 1 DAGs
[2023-08-24T15:57:26.066+0100] {logging_mixin.py:151} INFO - [2023-08-24T15:57:26.066+0100] {dag.py:3677} INFO - Setting next_dagrun for example_weekday_branch_operator to 2023-08-23T00:00:00+00:00, run_after=2023-08-24T00:00:00+00:00
[2023-08-24T15:57:26.193+0100] {processor.py:179} INFO - Processing /home/samuel/dev/airflow_learning/venv/lib/python3.10/site-packages/airflow/example_dags/example_branch_day_of_week_operator.py took 0.195 seconds
[2023-08-24T15:58:18.461+0100] {processor.py:157} INFO - Started process (PID=7941) to work on /home/samuel/dev/airflow_learning/venv/lib/python3.10/site-packages/airflow/example_dags/example_branch_day_of_week_operator.py
[2023-08-24T15:58:18.490+0100] {processor.py:829} INFO - Processing file /home/samuel/dev/airflow_learning/venv/lib/python3.10/site-packages/airflow/example_dags/example_branch_day_of_week_operator.py for tasks to queue
[2023-08-24T15:58:18.491+0100] {logging_mixin.py:151} INFO - [2023-08-24T15:58:18.491+0100] {dagbag.py:539} INFO - Filling up the DagBag from /home/samuel/dev/airflow_learning/venv/lib/python3.10/site-packages/airflow/example_dags/example_branch_day_of_week_operator.py
[2023-08-24T15:58:18.501+0100] {processor.py:839} INFO - DAG(s) dict_keys(['example_weekday_branch_operator']) retrieved from /home/samuel/dev/airflow_learning/venv/lib/python3.10/site-packages/airflow/example_dags/example_branch_day_of_week_operator.py
[2023-08-24T15:58:18.524+0100] {logging_mixin.py:151} INFO - [2023-08-24T15:58:18.524+0100] {dag.py:2907} INFO - Sync 1 DAGs
[2023-08-24T15:58:18.548+0100] {logging_mixin.py:151} INFO - [2023-08-24T15:58:18.548+0100] {dag.py:3677} INFO - Setting next_dagrun for example_weekday_branch_operator to 2023-08-23T00:00:00+00:00, run_after=2023-08-24T00:00:00+00:00
[2023-08-24T15:58:18.664+0100] {processor.py:179} INFO - Processing /home/samuel/dev/airflow_learning/venv/lib/python3.10/site-packages/airflow/example_dags/example_branch_day_of_week_operator.py took 0.206 seconds
[2023-08-24T15:59:39.590+0100] {processor.py:157} INFO - Started process (PID=8130) to work on /home/samuel/dev/airflow_learning/venv/lib/python3.10/site-packages/airflow/example_dags/example_branch_day_of_week_operator.py
[2023-08-24T15:59:39.630+0100] {processor.py:829} INFO - Processing file /home/samuel/dev/airflow_learning/venv/lib/python3.10/site-packages/airflow/example_dags/example_branch_day_of_week_operator.py for tasks to queue
[2023-08-24T15:59:39.632+0100] {logging_mixin.py:151} INFO - [2023-08-24T15:59:39.631+0100] {dagbag.py:539} INFO - Filling up the DagBag from /home/samuel/dev/airflow_learning/venv/lib/python3.10/site-packages/airflow/example_dags/example_branch_day_of_week_operator.py
[2023-08-24T15:59:39.643+0100] {processor.py:839} INFO - DAG(s) dict_keys(['example_weekday_branch_operator']) retrieved from /home/samuel/dev/airflow_learning/venv/lib/python3.10/site-packages/airflow/example_dags/example_branch_day_of_week_operator.py
[2023-08-24T15:59:39.667+0100] {logging_mixin.py:151} INFO - [2023-08-24T15:59:39.666+0100] {dag.py:2907} INFO - Sync 1 DAGs
[2023-08-24T15:59:39.694+0100] {logging_mixin.py:151} INFO - [2023-08-24T15:59:39.694+0100] {dag.py:3677} INFO - Setting next_dagrun for example_weekday_branch_operator to 2023-08-23T00:00:00+00:00, run_after=2023-08-24T00:00:00+00:00
[2023-08-24T15:59:39.939+0100] {processor.py:179} INFO - Processing /home/samuel/dev/airflow_learning/venv/lib/python3.10/site-packages/airflow/example_dags/example_branch_day_of_week_operator.py took 0.354 seconds
[2023-08-24T16:00:37.082+0100] {processor.py:157} INFO - Started process (PID=8302) to work on /home/samuel/dev/airflow_learning/venv/lib/python3.10/site-packages/airflow/example_dags/example_branch_day_of_week_operator.py
[2023-08-24T16:00:37.101+0100] {processor.py:829} INFO - Processing file /home/samuel/dev/airflow_learning/venv/lib/python3.10/site-packages/airflow/example_dags/example_branch_day_of_week_operator.py for tasks to queue
[2023-08-24T16:00:37.102+0100] {logging_mixin.py:151} INFO - [2023-08-24T16:00:37.102+0100] {dagbag.py:539} INFO - Filling up the DagBag from /home/samuel/dev/airflow_learning/venv/lib/python3.10/site-packages/airflow/example_dags/example_branch_day_of_week_operator.py
[2023-08-24T16:00:37.112+0100] {processor.py:839} INFO - DAG(s) dict_keys(['example_weekday_branch_operator']) retrieved from /home/samuel/dev/airflow_learning/venv/lib/python3.10/site-packages/airflow/example_dags/example_branch_day_of_week_operator.py
[2023-08-24T16:00:37.134+0100] {logging_mixin.py:151} INFO - [2023-08-24T16:00:37.133+0100] {dag.py:2907} INFO - Sync 1 DAGs
[2023-08-24T16:00:37.156+0100] {logging_mixin.py:151} INFO - [2023-08-24T16:00:37.156+0100] {dag.py:3677} INFO - Setting next_dagrun for example_weekday_branch_operator to 2023-08-23T00:00:00+00:00, run_after=2023-08-24T00:00:00+00:00
[2023-08-24T16:00:37.275+0100] {processor.py:179} INFO - Processing /home/samuel/dev/airflow_learning/venv/lib/python3.10/site-packages/airflow/example_dags/example_branch_day_of_week_operator.py took 0.196 seconds
[2023-08-24T16:01:33.816+0100] {processor.py:157} INFO - Started process (PID=8386) to work on /home/samuel/dev/airflow_learning/venv/lib/python3.10/site-packages/airflow/example_dags/example_branch_day_of_week_operator.py
[2023-08-24T16:01:33.828+0100] {processor.py:829} INFO - Processing file /home/samuel/dev/airflow_learning/venv/lib/python3.10/site-packages/airflow/example_dags/example_branch_day_of_week_operator.py for tasks to queue
[2023-08-24T16:01:33.830+0100] {logging_mixin.py:151} INFO - [2023-08-24T16:01:33.829+0100] {dagbag.py:539} INFO - Filling up the DagBag from /home/samuel/dev/airflow_learning/venv/lib/python3.10/site-packages/airflow/example_dags/example_branch_day_of_week_operator.py
[2023-08-24T16:01:33.843+0100] {processor.py:839} INFO - DAG(s) dict_keys(['example_weekday_branch_operator']) retrieved from /home/samuel/dev/airflow_learning/venv/lib/python3.10/site-packages/airflow/example_dags/example_branch_day_of_week_operator.py
[2023-08-24T16:01:33.865+0100] {logging_mixin.py:151} INFO - [2023-08-24T16:01:33.865+0100] {dag.py:2907} INFO - Sync 1 DAGs
[2023-08-24T16:01:33.901+0100] {logging_mixin.py:151} INFO - [2023-08-24T16:01:33.900+0100] {dag.py:3677} INFO - Setting next_dagrun for example_weekday_branch_operator to 2023-08-23T00:00:00+00:00, run_after=2023-08-24T00:00:00+00:00
[2023-08-24T16:01:34.038+0100] {processor.py:179} INFO - Processing /home/samuel/dev/airflow_learning/venv/lib/python3.10/site-packages/airflow/example_dags/example_branch_day_of_week_operator.py took 0.227 seconds
[2023-08-24T16:02:52.048+0100] {processor.py:157} INFO - Started process (PID=8486) to work on /home/samuel/dev/airflow_learning/venv/lib/python3.10/site-packages/airflow/example_dags/example_branch_day_of_week_operator.py
[2023-08-24T16:02:52.079+0100] {processor.py:829} INFO - Processing file /home/samuel/dev/airflow_learning/venv/lib/python3.10/site-packages/airflow/example_dags/example_branch_day_of_week_operator.py for tasks to queue
[2023-08-24T16:02:52.080+0100] {logging_mixin.py:151} INFO - [2023-08-24T16:02:52.080+0100] {dagbag.py:539} INFO - Filling up the DagBag from /home/samuel/dev/airflow_learning/venv/lib/python3.10/site-packages/airflow/example_dags/example_branch_day_of_week_operator.py
[2023-08-24T16:02:52.089+0100] {processor.py:839} INFO - DAG(s) dict_keys(['example_weekday_branch_operator']) retrieved from /home/samuel/dev/airflow_learning/venv/lib/python3.10/site-packages/airflow/example_dags/example_branch_day_of_week_operator.py
[2023-08-24T16:02:52.109+0100] {logging_mixin.py:151} INFO - [2023-08-24T16:02:52.109+0100] {dag.py:2907} INFO - Sync 1 DAGs
[2023-08-24T16:02:52.134+0100] {logging_mixin.py:151} INFO - [2023-08-24T16:02:52.133+0100] {dag.py:3677} INFO - Setting next_dagrun for example_weekday_branch_operator to 2023-08-23T00:00:00+00:00, run_after=2023-08-24T00:00:00+00:00
[2023-08-24T16:02:52.240+0100] {processor.py:179} INFO - Processing /home/samuel/dev/airflow_learning/venv/lib/python3.10/site-packages/airflow/example_dags/example_branch_day_of_week_operator.py took 0.196 seconds
[2023-08-24T16:04:12.041+0100] {processor.py:157} INFO - Started process (PID=8599) to work on /home/samuel/dev/airflow_learning/venv/lib/python3.10/site-packages/airflow/example_dags/example_branch_day_of_week_operator.py
[2023-08-24T16:04:12.084+0100] {processor.py:829} INFO - Processing file /home/samuel/dev/airflow_learning/venv/lib/python3.10/site-packages/airflow/example_dags/example_branch_day_of_week_operator.py for tasks to queue
[2023-08-24T16:04:12.085+0100] {logging_mixin.py:151} INFO - [2023-08-24T16:04:12.084+0100] {dagbag.py:539} INFO - Filling up the DagBag from /home/samuel/dev/airflow_learning/venv/lib/python3.10/site-packages/airflow/example_dags/example_branch_day_of_week_operator.py
[2023-08-24T16:04:12.095+0100] {processor.py:839} INFO - DAG(s) dict_keys(['example_weekday_branch_operator']) retrieved from /home/samuel/dev/airflow_learning/venv/lib/python3.10/site-packages/airflow/example_dags/example_branch_day_of_week_operator.py
[2023-08-24T16:04:12.114+0100] {logging_mixin.py:151} INFO - [2023-08-24T16:04:12.114+0100] {dag.py:2907} INFO - Sync 1 DAGs
[2023-08-24T16:04:12.135+0100] {logging_mixin.py:151} INFO - [2023-08-24T16:04:12.134+0100] {dag.py:3677} INFO - Setting next_dagrun for example_weekday_branch_operator to 2023-08-23T00:00:00+00:00, run_after=2023-08-24T00:00:00+00:00
[2023-08-24T16:04:12.251+0100] {processor.py:179} INFO - Processing /home/samuel/dev/airflow_learning/venv/lib/python3.10/site-packages/airflow/example_dags/example_branch_day_of_week_operator.py took 0.213 seconds
