[2023-08-24T15:23:07.432+0100] {processor.py:157} INFO - Started process (PID=5381) to work on /home/samuel/dev/airflow_learning/venv/lib/python3.10/site-packages/airflow/example_dags/example_branch_operator_decorator.py
[2023-08-24T15:23:07.433+0100] {processor.py:829} INFO - Processing file /home/samuel/dev/airflow_learning/venv/lib/python3.10/site-packages/airflow/example_dags/example_branch_operator_decorator.py for tasks to queue
[2023-08-24T15:23:07.433+0100] {logging_mixin.py:151} INFO - [2023-08-24T15:23:07.433+0100] {dagbag.py:539} INFO - Filling up the DagBag from /home/samuel/dev/airflow_learning/venv/lib/python3.10/site-packages/airflow/example_dags/example_branch_operator_decorator.py
[2023-08-24T15:23:07.444+0100] {processor.py:839} INFO - DAG(s) dict_keys(['example_branch_python_operator_decorator']) retrieved from /home/samuel/dev/airflow_learning/venv/lib/python3.10/site-packages/airflow/example_dags/example_branch_operator_decorator.py
[2023-08-24T15:23:07.803+0100] {logging_mixin.py:151} INFO - [2023-08-24T15:23:07.803+0100] {manager.py:501} INFO - Created Permission View: can edit on DAG:example_branch_python_operator_decorator
[2023-08-24T15:23:07.925+0100] {logging_mixin.py:151} INFO - [2023-08-24T15:23:07.924+0100] {manager.py:501} INFO - Created Permission View: can delete on DAG:example_branch_python_operator_decorator
[2023-08-24T15:23:08.014+0100] {logging_mixin.py:151} INFO - [2023-08-24T15:23:08.014+0100] {manager.py:501} INFO - Created Permission View: can read on DAG:example_branch_python_operator_decorator
[2023-08-24T15:23:08.043+0100] {logging_mixin.py:151} INFO - [2023-08-24T15:23:08.043+0100] {dag.py:2907} INFO - Sync 1 DAGs
[2023-08-24T15:23:08.063+0100] {logging_mixin.py:151} INFO - [2023-08-24T15:23:08.062+0100] {dag.py:2929} INFO - Creating ORM DAG for example_branch_python_operator_decorator
[2023-08-24T15:23:08.081+0100] {logging_mixin.py:151} INFO - [2023-08-24T15:23:08.081+0100] {dag.py:3677} INFO - Setting next_dagrun for example_branch_python_operator_decorator to 2023-08-23T00:00:00+00:00, run_after=2023-08-24T00:00:00+00:00
[2023-08-24T15:23:08.256+0100] {processor.py:179} INFO - Processing /home/samuel/dev/airflow_learning/venv/lib/python3.10/site-packages/airflow/example_dags/example_branch_operator_decorator.py took 0.827 seconds
[2023-08-24T15:24:16.338+0100] {processor.py:157} INFO - Started process (PID=5456) to work on /home/samuel/dev/airflow_learning/venv/lib/python3.10/site-packages/airflow/example_dags/example_branch_operator_decorator.py
[2023-08-24T15:24:16.363+0100] {processor.py:829} INFO - Processing file /home/samuel/dev/airflow_learning/venv/lib/python3.10/site-packages/airflow/example_dags/example_branch_operator_decorator.py for tasks to queue
[2023-08-24T15:24:16.364+0100] {logging_mixin.py:151} INFO - [2023-08-24T15:24:16.364+0100] {dagbag.py:539} INFO - Filling up the DagBag from /home/samuel/dev/airflow_learning/venv/lib/python3.10/site-packages/airflow/example_dags/example_branch_operator_decorator.py
[2023-08-24T15:24:16.378+0100] {processor.py:839} INFO - DAG(s) dict_keys(['example_branch_python_operator_decorator']) retrieved from /home/samuel/dev/airflow_learning/venv/lib/python3.10/site-packages/airflow/example_dags/example_branch_operator_decorator.py
[2023-08-24T15:24:16.402+0100] {logging_mixin.py:151} INFO - [2023-08-24T15:24:16.402+0100] {dag.py:2907} INFO - Sync 1 DAGs
[2023-08-24T15:24:16.424+0100] {logging_mixin.py:151} INFO - [2023-08-24T15:24:16.424+0100] {dag.py:3677} INFO - Setting next_dagrun for example_branch_python_operator_decorator to 2023-08-23T00:00:00+00:00, run_after=2023-08-24T00:00:00+00:00
[2023-08-24T15:24:16.537+0100] {processor.py:179} INFO - Processing /home/samuel/dev/airflow_learning/venv/lib/python3.10/site-packages/airflow/example_dags/example_branch_operator_decorator.py took 0.203 seconds
[2023-08-24T15:25:11.183+0100] {processor.py:157} INFO - Started process (PID=5512) to work on /home/samuel/dev/airflow_learning/venv/lib/python3.10/site-packages/airflow/example_dags/example_branch_operator_decorator.py
[2023-08-24T15:25:11.184+0100] {processor.py:829} INFO - Processing file /home/samuel/dev/airflow_learning/venv/lib/python3.10/site-packages/airflow/example_dags/example_branch_operator_decorator.py for tasks to queue
[2023-08-24T15:25:11.185+0100] {logging_mixin.py:151} INFO - [2023-08-24T15:25:11.184+0100] {dagbag.py:539} INFO - Filling up the DagBag from /home/samuel/dev/airflow_learning/venv/lib/python3.10/site-packages/airflow/example_dags/example_branch_operator_decorator.py
[2023-08-24T15:25:11.198+0100] {processor.py:839} INFO - DAG(s) dict_keys(['example_branch_python_operator_decorator']) retrieved from /home/samuel/dev/airflow_learning/venv/lib/python3.10/site-packages/airflow/example_dags/example_branch_operator_decorator.py
[2023-08-24T15:25:11.219+0100] {logging_mixin.py:151} INFO - [2023-08-24T15:25:11.218+0100] {dag.py:2907} INFO - Sync 1 DAGs
[2023-08-24T15:25:11.240+0100] {logging_mixin.py:151} INFO - [2023-08-24T15:25:11.240+0100] {dag.py:3677} INFO - Setting next_dagrun for example_branch_python_operator_decorator to 2023-08-23T00:00:00+00:00, run_after=2023-08-24T00:00:00+00:00
[2023-08-24T15:25:11.341+0100] {processor.py:179} INFO - Processing /home/samuel/dev/airflow_learning/venv/lib/python3.10/site-packages/airflow/example_dags/example_branch_operator_decorator.py took 0.162 seconds
[2023-08-24T15:26:30.173+0100] {processor.py:157} INFO - Started process (PID=5585) to work on /home/samuel/dev/airflow_learning/venv/lib/python3.10/site-packages/airflow/example_dags/example_branch_operator_decorator.py
[2023-08-24T15:26:30.203+0100] {processor.py:829} INFO - Processing file /home/samuel/dev/airflow_learning/venv/lib/python3.10/site-packages/airflow/example_dags/example_branch_operator_decorator.py for tasks to queue
[2023-08-24T15:26:30.204+0100] {logging_mixin.py:151} INFO - [2023-08-24T15:26:30.204+0100] {dagbag.py:539} INFO - Filling up the DagBag from /home/samuel/dev/airflow_learning/venv/lib/python3.10/site-packages/airflow/example_dags/example_branch_operator_decorator.py
[2023-08-24T15:26:30.218+0100] {processor.py:839} INFO - DAG(s) dict_keys(['example_branch_python_operator_decorator']) retrieved from /home/samuel/dev/airflow_learning/venv/lib/python3.10/site-packages/airflow/example_dags/example_branch_operator_decorator.py
[2023-08-24T15:26:30.242+0100] {logging_mixin.py:151} INFO - [2023-08-24T15:26:30.241+0100] {dag.py:2907} INFO - Sync 1 DAGs
[2023-08-24T15:26:30.264+0100] {logging_mixin.py:151} INFO - [2023-08-24T15:26:30.264+0100] {dag.py:3677} INFO - Setting next_dagrun for example_branch_python_operator_decorator to 2023-08-23T00:00:00+00:00, run_after=2023-08-24T00:00:00+00:00
[2023-08-24T15:26:30.375+0100] {processor.py:179} INFO - Processing /home/samuel/dev/airflow_learning/venv/lib/python3.10/site-packages/airflow/example_dags/example_branch_operator_decorator.py took 0.205 seconds
[2023-08-24T15:27:24.662+0100] {processor.py:157} INFO - Started process (PID=5638) to work on /home/samuel/dev/airflow_learning/venv/lib/python3.10/site-packages/airflow/example_dags/example_branch_operator_decorator.py
[2023-08-24T15:27:24.696+0100] {processor.py:829} INFO - Processing file /home/samuel/dev/airflow_learning/venv/lib/python3.10/site-packages/airflow/example_dags/example_branch_operator_decorator.py for tasks to queue
[2023-08-24T15:27:24.697+0100] {logging_mixin.py:151} INFO - [2023-08-24T15:27:24.697+0100] {dagbag.py:539} INFO - Filling up the DagBag from /home/samuel/dev/airflow_learning/venv/lib/python3.10/site-packages/airflow/example_dags/example_branch_operator_decorator.py
[2023-08-24T15:27:24.708+0100] {processor.py:839} INFO - DAG(s) dict_keys(['example_branch_python_operator_decorator']) retrieved from /home/samuel/dev/airflow_learning/venv/lib/python3.10/site-packages/airflow/example_dags/example_branch_operator_decorator.py
[2023-08-24T15:27:24.728+0100] {logging_mixin.py:151} INFO - [2023-08-24T15:27:24.728+0100] {dag.py:2907} INFO - Sync 1 DAGs
[2023-08-24T15:27:24.753+0100] {logging_mixin.py:151} INFO - [2023-08-24T15:27:24.753+0100] {dag.py:3677} INFO - Setting next_dagrun for example_branch_python_operator_decorator to 2023-08-23T00:00:00+00:00, run_after=2023-08-24T00:00:00+00:00
[2023-08-24T15:27:24.862+0100] {processor.py:179} INFO - Processing /home/samuel/dev/airflow_learning/venv/lib/python3.10/site-packages/airflow/example_dags/example_branch_operator_decorator.py took 0.202 seconds
[2023-08-24T15:28:19.573+0100] {processor.py:157} INFO - Started process (PID=5699) to work on /home/samuel/dev/airflow_learning/venv/lib/python3.10/site-packages/airflow/example_dags/example_branch_operator_decorator.py
[2023-08-24T15:28:19.582+0100] {processor.py:829} INFO - Processing file /home/samuel/dev/airflow_learning/venv/lib/python3.10/site-packages/airflow/example_dags/example_branch_operator_decorator.py for tasks to queue
[2023-08-24T15:28:19.583+0100] {logging_mixin.py:151} INFO - [2023-08-24T15:28:19.583+0100] {dagbag.py:539} INFO - Filling up the DagBag from /home/samuel/dev/airflow_learning/venv/lib/python3.10/site-packages/airflow/example_dags/example_branch_operator_decorator.py
[2023-08-24T15:28:19.595+0100] {processor.py:839} INFO - DAG(s) dict_keys(['example_branch_python_operator_decorator']) retrieved from /home/samuel/dev/airflow_learning/venv/lib/python3.10/site-packages/airflow/example_dags/example_branch_operator_decorator.py
[2023-08-24T15:28:19.615+0100] {logging_mixin.py:151} INFO - [2023-08-24T15:28:19.615+0100] {dag.py:2907} INFO - Sync 1 DAGs
[2023-08-24T15:28:19.646+0100] {logging_mixin.py:151} INFO - [2023-08-24T15:28:19.646+0100] {dag.py:3677} INFO - Setting next_dagrun for example_branch_python_operator_decorator to 2023-08-23T00:00:00+00:00, run_after=2023-08-24T00:00:00+00:00
[2023-08-24T15:28:19.825+0100] {processor.py:179} INFO - Processing /home/samuel/dev/airflow_learning/venv/lib/python3.10/site-packages/airflow/example_dags/example_branch_operator_decorator.py took 0.254 seconds
[2023-08-24T15:29:16.445+0100] {processor.py:157} INFO - Started process (PID=5765) to work on /home/samuel/dev/airflow_learning/venv/lib/python3.10/site-packages/airflow/example_dags/example_branch_operator_decorator.py
[2023-08-24T15:29:16.446+0100] {processor.py:829} INFO - Processing file /home/samuel/dev/airflow_learning/venv/lib/python3.10/site-packages/airflow/example_dags/example_branch_operator_decorator.py for tasks to queue
[2023-08-24T15:29:16.447+0100] {logging_mixin.py:151} INFO - [2023-08-24T15:29:16.447+0100] {dagbag.py:539} INFO - Filling up the DagBag from /home/samuel/dev/airflow_learning/venv/lib/python3.10/site-packages/airflow/example_dags/example_branch_operator_decorator.py
[2023-08-24T15:29:16.461+0100] {processor.py:839} INFO - DAG(s) dict_keys(['example_branch_python_operator_decorator']) retrieved from /home/samuel/dev/airflow_learning/venv/lib/python3.10/site-packages/airflow/example_dags/example_branch_operator_decorator.py
[2023-08-24T15:29:16.486+0100] {logging_mixin.py:151} INFO - [2023-08-24T15:29:16.486+0100] {dag.py:2907} INFO - Sync 1 DAGs
[2023-08-24T15:29:16.507+0100] {logging_mixin.py:151} INFO - [2023-08-24T15:29:16.507+0100] {dag.py:3677} INFO - Setting next_dagrun for example_branch_python_operator_decorator to 2023-08-23T00:00:00+00:00, run_after=2023-08-24T00:00:00+00:00
[2023-08-24T15:29:16.628+0100] {processor.py:179} INFO - Processing /home/samuel/dev/airflow_learning/venv/lib/python3.10/site-packages/airflow/example_dags/example_branch_operator_decorator.py took 0.186 seconds
[2023-08-24T15:31:29.553+0100] {processor.py:157} INFO - Started process (PID=6038) to work on /home/samuel/dev/airflow_learning/venv/lib/python3.10/site-packages/airflow/example_dags/example_branch_operator_decorator.py
[2023-08-24T15:31:29.577+0100] {processor.py:829} INFO - Processing file /home/samuel/dev/airflow_learning/venv/lib/python3.10/site-packages/airflow/example_dags/example_branch_operator_decorator.py for tasks to queue
[2023-08-24T15:31:29.579+0100] {logging_mixin.py:151} INFO - [2023-08-24T15:31:29.578+0100] {dagbag.py:539} INFO - Filling up the DagBag from /home/samuel/dev/airflow_learning/venv/lib/python3.10/site-packages/airflow/example_dags/example_branch_operator_decorator.py
[2023-08-24T15:31:29.593+0100] {processor.py:839} INFO - DAG(s) dict_keys(['example_branch_python_operator_decorator']) retrieved from /home/samuel/dev/airflow_learning/venv/lib/python3.10/site-packages/airflow/example_dags/example_branch_operator_decorator.py
[2023-08-24T15:31:29.965+0100] {logging_mixin.py:151} INFO - [2023-08-24T15:31:29.964+0100] {dag.py:2907} INFO - Sync 1 DAGs
[2023-08-24T15:31:30.200+0100] {logging_mixin.py:151} INFO - [2023-08-24T15:31:30.199+0100] {dag.py:3677} INFO - Setting next_dagrun for example_branch_python_operator_decorator to 2023-08-23T00:00:00+00:00, run_after=2023-08-24T00:00:00+00:00
[2023-08-24T15:31:31.125+0100] {processor.py:179} INFO - Processing /home/samuel/dev/airflow_learning/venv/lib/python3.10/site-packages/airflow/example_dags/example_branch_operator_decorator.py took 1.575 seconds
[2023-08-24T15:32:30.817+0100] {processor.py:157} INFO - Started process (PID=6096) to work on /home/samuel/dev/airflow_learning/venv/lib/python3.10/site-packages/airflow/example_dags/example_branch_operator_decorator.py
[2023-08-24T15:32:30.844+0100] {processor.py:829} INFO - Processing file /home/samuel/dev/airflow_learning/venv/lib/python3.10/site-packages/airflow/example_dags/example_branch_operator_decorator.py for tasks to queue
[2023-08-24T15:32:30.845+0100] {logging_mixin.py:151} INFO - [2023-08-24T15:32:30.845+0100] {dagbag.py:539} INFO - Filling up the DagBag from /home/samuel/dev/airflow_learning/venv/lib/python3.10/site-packages/airflow/example_dags/example_branch_operator_decorator.py
[2023-08-24T15:32:30.859+0100] {processor.py:839} INFO - DAG(s) dict_keys(['example_branch_python_operator_decorator']) retrieved from /home/samuel/dev/airflow_learning/venv/lib/python3.10/site-packages/airflow/example_dags/example_branch_operator_decorator.py
[2023-08-24T15:32:30.883+0100] {logging_mixin.py:151} INFO - [2023-08-24T15:32:30.883+0100] {dag.py:2907} INFO - Sync 1 DAGs
[2023-08-24T15:32:30.906+0100] {logging_mixin.py:151} INFO - [2023-08-24T15:32:30.906+0100] {dag.py:3677} INFO - Setting next_dagrun for example_branch_python_operator_decorator to 2023-08-23T00:00:00+00:00, run_after=2023-08-24T00:00:00+00:00
[2023-08-24T15:32:31.022+0100] {processor.py:179} INFO - Processing /home/samuel/dev/airflow_learning/venv/lib/python3.10/site-packages/airflow/example_dags/example_branch_operator_decorator.py took 0.210 seconds
[2023-08-24T15:33:24.050+0100] {processor.py:157} INFO - Started process (PID=6159) to work on /home/samuel/dev/airflow_learning/venv/lib/python3.10/site-packages/airflow/example_dags/example_branch_operator_decorator.py
[2023-08-24T15:33:24.074+0100] {processor.py:829} INFO - Processing file /home/samuel/dev/airflow_learning/venv/lib/python3.10/site-packages/airflow/example_dags/example_branch_operator_decorator.py for tasks to queue
[2023-08-24T15:33:24.075+0100] {logging_mixin.py:151} INFO - [2023-08-24T15:33:24.075+0100] {dagbag.py:539} INFO - Filling up the DagBag from /home/samuel/dev/airflow_learning/venv/lib/python3.10/site-packages/airflow/example_dags/example_branch_operator_decorator.py
[2023-08-24T15:33:24.097+0100] {processor.py:839} INFO - DAG(s) dict_keys(['example_branch_python_operator_decorator']) retrieved from /home/samuel/dev/airflow_learning/venv/lib/python3.10/site-packages/airflow/example_dags/example_branch_operator_decorator.py
[2023-08-24T15:33:24.121+0100] {logging_mixin.py:151} INFO - [2023-08-24T15:33:24.120+0100] {dag.py:2907} INFO - Sync 1 DAGs
[2023-08-24T15:33:24.142+0100] {logging_mixin.py:151} INFO - [2023-08-24T15:33:24.142+0100] {dag.py:3677} INFO - Setting next_dagrun for example_branch_python_operator_decorator to 2023-08-23T00:00:00+00:00, run_after=2023-08-24T00:00:00+00:00
[2023-08-24T15:33:24.276+0100] {processor.py:179} INFO - Processing /home/samuel/dev/airflow_learning/venv/lib/python3.10/site-packages/airflow/example_dags/example_branch_operator_decorator.py took 0.230 seconds
[2023-08-24T15:34:24.431+0100] {processor.py:157} INFO - Started process (PID=6218) to work on /home/samuel/dev/airflow_learning/venv/lib/python3.10/site-packages/airflow/example_dags/example_branch_operator_decorator.py
[2023-08-24T15:34:24.443+0100] {processor.py:829} INFO - Processing file /home/samuel/dev/airflow_learning/venv/lib/python3.10/site-packages/airflow/example_dags/example_branch_operator_decorator.py for tasks to queue
[2023-08-24T15:34:24.444+0100] {logging_mixin.py:151} INFO - [2023-08-24T15:34:24.443+0100] {dagbag.py:539} INFO - Filling up the DagBag from /home/samuel/dev/airflow_learning/venv/lib/python3.10/site-packages/airflow/example_dags/example_branch_operator_decorator.py
[2023-08-24T15:34:24.457+0100] {processor.py:839} INFO - DAG(s) dict_keys(['example_branch_python_operator_decorator']) retrieved from /home/samuel/dev/airflow_learning/venv/lib/python3.10/site-packages/airflow/example_dags/example_branch_operator_decorator.py
[2023-08-24T15:34:24.480+0100] {logging_mixin.py:151} INFO - [2023-08-24T15:34:24.479+0100] {dag.py:2907} INFO - Sync 1 DAGs
[2023-08-24T15:34:24.501+0100] {logging_mixin.py:151} INFO - [2023-08-24T15:34:24.501+0100] {dag.py:3677} INFO - Setting next_dagrun for example_branch_python_operator_decorator to 2023-08-23T00:00:00+00:00, run_after=2023-08-24T00:00:00+00:00
[2023-08-24T15:34:24.634+0100] {processor.py:179} INFO - Processing /home/samuel/dev/airflow_learning/venv/lib/python3.10/site-packages/airflow/example_dags/example_branch_operator_decorator.py took 0.207 seconds
[2023-08-24T15:35:32.683+0100] {processor.py:157} INFO - Started process (PID=6295) to work on /home/samuel/dev/airflow_learning/venv/lib/python3.10/site-packages/airflow/example_dags/example_branch_operator_decorator.py
[2023-08-24T15:35:32.709+0100] {processor.py:829} INFO - Processing file /home/samuel/dev/airflow_learning/venv/lib/python3.10/site-packages/airflow/example_dags/example_branch_operator_decorator.py for tasks to queue
[2023-08-24T15:35:32.711+0100] {logging_mixin.py:151} INFO - [2023-08-24T15:35:32.710+0100] {dagbag.py:539} INFO - Filling up the DagBag from /home/samuel/dev/airflow_learning/venv/lib/python3.10/site-packages/airflow/example_dags/example_branch_operator_decorator.py
[2023-08-24T15:35:32.723+0100] {processor.py:839} INFO - DAG(s) dict_keys(['example_branch_python_operator_decorator']) retrieved from /home/samuel/dev/airflow_learning/venv/lib/python3.10/site-packages/airflow/example_dags/example_branch_operator_decorator.py
[2023-08-24T15:35:32.747+0100] {logging_mixin.py:151} INFO - [2023-08-24T15:35:32.746+0100] {dag.py:2907} INFO - Sync 1 DAGs
[2023-08-24T15:35:32.770+0100] {logging_mixin.py:151} INFO - [2023-08-24T15:35:32.769+0100] {dag.py:3677} INFO - Setting next_dagrun for example_branch_python_operator_decorator to 2023-08-23T00:00:00+00:00, run_after=2023-08-24T00:00:00+00:00
[2023-08-24T15:35:32.878+0100] {processor.py:179} INFO - Processing /home/samuel/dev/airflow_learning/venv/lib/python3.10/site-packages/airflow/example_dags/example_branch_operator_decorator.py took 0.198 seconds
[2023-08-24T15:36:27.145+0100] {processor.py:157} INFO - Started process (PID=6352) to work on /home/samuel/dev/airflow_learning/venv/lib/python3.10/site-packages/airflow/example_dags/example_branch_operator_decorator.py
[2023-08-24T15:36:27.180+0100] {processor.py:829} INFO - Processing file /home/samuel/dev/airflow_learning/venv/lib/python3.10/site-packages/airflow/example_dags/example_branch_operator_decorator.py for tasks to queue
[2023-08-24T15:36:27.181+0100] {logging_mixin.py:151} INFO - [2023-08-24T15:36:27.181+0100] {dagbag.py:539} INFO - Filling up the DagBag from /home/samuel/dev/airflow_learning/venv/lib/python3.10/site-packages/airflow/example_dags/example_branch_operator_decorator.py
[2023-08-24T15:36:27.193+0100] {processor.py:839} INFO - DAG(s) dict_keys(['example_branch_python_operator_decorator']) retrieved from /home/samuel/dev/airflow_learning/venv/lib/python3.10/site-packages/airflow/example_dags/example_branch_operator_decorator.py
[2023-08-24T15:36:27.214+0100] {logging_mixin.py:151} INFO - [2023-08-24T15:36:27.214+0100] {dag.py:2907} INFO - Sync 1 DAGs
[2023-08-24T15:36:27.236+0100] {logging_mixin.py:151} INFO - [2023-08-24T15:36:27.236+0100] {dag.py:3677} INFO - Setting next_dagrun for example_branch_python_operator_decorator to 2023-08-23T00:00:00+00:00, run_after=2023-08-24T00:00:00+00:00
[2023-08-24T15:36:27.360+0100] {processor.py:179} INFO - Processing /home/samuel/dev/airflow_learning/venv/lib/python3.10/site-packages/airflow/example_dags/example_branch_operator_decorator.py took 0.220 seconds
[2023-08-24T15:37:30.903+0100] {processor.py:157} INFO - Started process (PID=6405) to work on /home/samuel/dev/airflow_learning/venv/lib/python3.10/site-packages/airflow/example_dags/example_branch_operator_decorator.py
[2023-08-24T15:37:30.935+0100] {processor.py:829} INFO - Processing file /home/samuel/dev/airflow_learning/venv/lib/python3.10/site-packages/airflow/example_dags/example_branch_operator_decorator.py for tasks to queue
[2023-08-24T15:37:30.936+0100] {logging_mixin.py:151} INFO - [2023-08-24T15:37:30.936+0100] {dagbag.py:539} INFO - Filling up the DagBag from /home/samuel/dev/airflow_learning/venv/lib/python3.10/site-packages/airflow/example_dags/example_branch_operator_decorator.py
[2023-08-24T15:37:30.950+0100] {processor.py:839} INFO - DAG(s) dict_keys(['example_branch_python_operator_decorator']) retrieved from /home/samuel/dev/airflow_learning/venv/lib/python3.10/site-packages/airflow/example_dags/example_branch_operator_decorator.py
[2023-08-24T15:37:30.973+0100] {logging_mixin.py:151} INFO - [2023-08-24T15:37:30.973+0100] {dag.py:2907} INFO - Sync 1 DAGs
[2023-08-24T15:37:30.997+0100] {logging_mixin.py:151} INFO - [2023-08-24T15:37:30.997+0100] {dag.py:3677} INFO - Setting next_dagrun for example_branch_python_operator_decorator to 2023-08-23T00:00:00+00:00, run_after=2023-08-24T00:00:00+00:00
[2023-08-24T15:37:31.113+0100] {processor.py:179} INFO - Processing /home/samuel/dev/airflow_learning/venv/lib/python3.10/site-packages/airflow/example_dags/example_branch_operator_decorator.py took 0.214 seconds
[2023-08-24T15:38:36.433+0100] {processor.py:157} INFO - Started process (PID=6468) to work on /home/samuel/dev/airflow_learning/venv/lib/python3.10/site-packages/airflow/example_dags/example_branch_operator_decorator.py
[2023-08-24T15:38:36.436+0100] {processor.py:829} INFO - Processing file /home/samuel/dev/airflow_learning/venv/lib/python3.10/site-packages/airflow/example_dags/example_branch_operator_decorator.py for tasks to queue
[2023-08-24T15:38:36.437+0100] {logging_mixin.py:151} INFO - [2023-08-24T15:38:36.436+0100] {dagbag.py:539} INFO - Filling up the DagBag from /home/samuel/dev/airflow_learning/venv/lib/python3.10/site-packages/airflow/example_dags/example_branch_operator_decorator.py
[2023-08-24T15:38:36.450+0100] {processor.py:839} INFO - DAG(s) dict_keys(['example_branch_python_operator_decorator']) retrieved from /home/samuel/dev/airflow_learning/venv/lib/python3.10/site-packages/airflow/example_dags/example_branch_operator_decorator.py
[2023-08-24T15:38:36.471+0100] {logging_mixin.py:151} INFO - [2023-08-24T15:38:36.471+0100] {dag.py:2907} INFO - Sync 1 DAGs
[2023-08-24T15:38:36.493+0100] {logging_mixin.py:151} INFO - [2023-08-24T15:38:36.492+0100] {dag.py:3677} INFO - Setting next_dagrun for example_branch_python_operator_decorator to 2023-08-23T00:00:00+00:00, run_after=2023-08-24T00:00:00+00:00
[2023-08-24T15:38:36.643+0100] {processor.py:179} INFO - Processing /home/samuel/dev/airflow_learning/venv/lib/python3.10/site-packages/airflow/example_dags/example_branch_operator_decorator.py took 0.213 seconds
[2023-08-24T15:39:31.181+0100] {processor.py:157} INFO - Started process (PID=6523) to work on /home/samuel/dev/airflow_learning/venv/lib/python3.10/site-packages/airflow/example_dags/example_branch_operator_decorator.py
[2023-08-24T15:39:31.183+0100] {processor.py:829} INFO - Processing file /home/samuel/dev/airflow_learning/venv/lib/python3.10/site-packages/airflow/example_dags/example_branch_operator_decorator.py for tasks to queue
[2023-08-24T15:39:31.184+0100] {logging_mixin.py:151} INFO - [2023-08-24T15:39:31.184+0100] {dagbag.py:539} INFO - Filling up the DagBag from /home/samuel/dev/airflow_learning/venv/lib/python3.10/site-packages/airflow/example_dags/example_branch_operator_decorator.py
[2023-08-24T15:39:31.195+0100] {processor.py:839} INFO - DAG(s) dict_keys(['example_branch_python_operator_decorator']) retrieved from /home/samuel/dev/airflow_learning/venv/lib/python3.10/site-packages/airflow/example_dags/example_branch_operator_decorator.py
[2023-08-24T15:39:31.213+0100] {logging_mixin.py:151} INFO - [2023-08-24T15:39:31.213+0100] {dag.py:2907} INFO - Sync 1 DAGs
[2023-08-24T15:39:31.234+0100] {logging_mixin.py:151} INFO - [2023-08-24T15:39:31.233+0100] {dag.py:3677} INFO - Setting next_dagrun for example_branch_python_operator_decorator to 2023-08-23T00:00:00+00:00, run_after=2023-08-24T00:00:00+00:00
[2023-08-24T15:39:31.370+0100] {processor.py:179} INFO - Processing /home/samuel/dev/airflow_learning/venv/lib/python3.10/site-packages/airflow/example_dags/example_branch_operator_decorator.py took 0.192 seconds
[2023-08-24T15:40:40.065+0100] {processor.py:157} INFO - Started process (PID=6606) to work on /home/samuel/dev/airflow_learning/venv/lib/python3.10/site-packages/airflow/example_dags/example_branch_operator_decorator.py
[2023-08-24T15:40:40.107+0100] {processor.py:829} INFO - Processing file /home/samuel/dev/airflow_learning/venv/lib/python3.10/site-packages/airflow/example_dags/example_branch_operator_decorator.py for tasks to queue
[2023-08-24T15:40:40.109+0100] {logging_mixin.py:151} INFO - [2023-08-24T15:40:40.108+0100] {dagbag.py:539} INFO - Filling up the DagBag from /home/samuel/dev/airflow_learning/venv/lib/python3.10/site-packages/airflow/example_dags/example_branch_operator_decorator.py
[2023-08-24T15:40:40.127+0100] {processor.py:839} INFO - DAG(s) dict_keys(['example_branch_python_operator_decorator']) retrieved from /home/samuel/dev/airflow_learning/venv/lib/python3.10/site-packages/airflow/example_dags/example_branch_operator_decorator.py
[2023-08-24T15:40:40.151+0100] {logging_mixin.py:151} INFO - [2023-08-24T15:40:40.151+0100] {dag.py:2907} INFO - Sync 1 DAGs
[2023-08-24T15:40:40.176+0100] {logging_mixin.py:151} INFO - [2023-08-24T15:40:40.176+0100] {dag.py:3677} INFO - Setting next_dagrun for example_branch_python_operator_decorator to 2023-08-23T00:00:00+00:00, run_after=2023-08-24T00:00:00+00:00
[2023-08-24T15:40:40.296+0100] {processor.py:179} INFO - Processing /home/samuel/dev/airflow_learning/venv/lib/python3.10/site-packages/airflow/example_dags/example_branch_operator_decorator.py took 0.235 seconds
[2023-08-24T15:41:35.602+0100] {processor.py:157} INFO - Started process (PID=6658) to work on /home/samuel/dev/airflow_learning/venv/lib/python3.10/site-packages/airflow/example_dags/example_branch_operator_decorator.py
[2023-08-24T15:41:35.604+0100] {processor.py:829} INFO - Processing file /home/samuel/dev/airflow_learning/venv/lib/python3.10/site-packages/airflow/example_dags/example_branch_operator_decorator.py for tasks to queue
[2023-08-24T15:41:35.605+0100] {logging_mixin.py:151} INFO - [2023-08-24T15:41:35.605+0100] {dagbag.py:539} INFO - Filling up the DagBag from /home/samuel/dev/airflow_learning/venv/lib/python3.10/site-packages/airflow/example_dags/example_branch_operator_decorator.py
[2023-08-24T15:41:35.616+0100] {processor.py:839} INFO - DAG(s) dict_keys(['example_branch_python_operator_decorator']) retrieved from /home/samuel/dev/airflow_learning/venv/lib/python3.10/site-packages/airflow/example_dags/example_branch_operator_decorator.py
[2023-08-24T15:41:35.634+0100] {logging_mixin.py:151} INFO - [2023-08-24T15:41:35.633+0100] {dag.py:2907} INFO - Sync 1 DAGs
[2023-08-24T15:41:35.654+0100] {logging_mixin.py:151} INFO - [2023-08-24T15:41:35.654+0100] {dag.py:3677} INFO - Setting next_dagrun for example_branch_python_operator_decorator to 2023-08-23T00:00:00+00:00, run_after=2023-08-24T00:00:00+00:00
[2023-08-24T15:41:35.788+0100] {processor.py:179} INFO - Processing /home/samuel/dev/airflow_learning/venv/lib/python3.10/site-packages/airflow/example_dags/example_branch_operator_decorator.py took 0.189 seconds
[2023-08-24T15:42:52.044+0100] {processor.py:157} INFO - Started process (PID=6795) to work on /home/samuel/dev/airflow_learning/venv/lib/python3.10/site-packages/airflow/example_dags/example_branch_operator_decorator.py
[2023-08-24T15:42:52.063+0100] {processor.py:829} INFO - Processing file /home/samuel/dev/airflow_learning/venv/lib/python3.10/site-packages/airflow/example_dags/example_branch_operator_decorator.py for tasks to queue
[2023-08-24T15:42:52.065+0100] {logging_mixin.py:151} INFO - [2023-08-24T15:42:52.064+0100] {dagbag.py:539} INFO - Filling up the DagBag from /home/samuel/dev/airflow_learning/venv/lib/python3.10/site-packages/airflow/example_dags/example_branch_operator_decorator.py
[2023-08-24T15:42:52.078+0100] {processor.py:839} INFO - DAG(s) dict_keys(['example_branch_python_operator_decorator']) retrieved from /home/samuel/dev/airflow_learning/venv/lib/python3.10/site-packages/airflow/example_dags/example_branch_operator_decorator.py
[2023-08-24T15:42:52.100+0100] {logging_mixin.py:151} INFO - [2023-08-24T15:42:52.100+0100] {dag.py:2907} INFO - Sync 1 DAGs
[2023-08-24T15:42:52.122+0100] {logging_mixin.py:151} INFO - [2023-08-24T15:42:52.122+0100] {dag.py:3677} INFO - Setting next_dagrun for example_branch_python_operator_decorator to 2023-08-23T00:00:00+00:00, run_after=2023-08-24T00:00:00+00:00
[2023-08-24T15:42:52.240+0100] {processor.py:179} INFO - Processing /home/samuel/dev/airflow_learning/venv/lib/python3.10/site-packages/airflow/example_dags/example_branch_operator_decorator.py took 0.201 seconds
[2023-08-24T15:43:46.194+0100] {processor.py:157} INFO - Started process (PID=6846) to work on /home/samuel/dev/airflow_learning/venv/lib/python3.10/site-packages/airflow/example_dags/example_branch_operator_decorator.py
[2023-08-24T15:43:46.212+0100] {processor.py:829} INFO - Processing file /home/samuel/dev/airflow_learning/venv/lib/python3.10/site-packages/airflow/example_dags/example_branch_operator_decorator.py for tasks to queue
[2023-08-24T15:43:46.213+0100] {logging_mixin.py:151} INFO - [2023-08-24T15:43:46.213+0100] {dagbag.py:539} INFO - Filling up the DagBag from /home/samuel/dev/airflow_learning/venv/lib/python3.10/site-packages/airflow/example_dags/example_branch_operator_decorator.py
[2023-08-24T15:43:46.226+0100] {processor.py:839} INFO - DAG(s) dict_keys(['example_branch_python_operator_decorator']) retrieved from /home/samuel/dev/airflow_learning/venv/lib/python3.10/site-packages/airflow/example_dags/example_branch_operator_decorator.py
[2023-08-24T15:43:46.249+0100] {logging_mixin.py:151} INFO - [2023-08-24T15:43:46.248+0100] {dag.py:2907} INFO - Sync 1 DAGs
[2023-08-24T15:43:46.269+0100] {logging_mixin.py:151} INFO - [2023-08-24T15:43:46.269+0100] {dag.py:3677} INFO - Setting next_dagrun for example_branch_python_operator_decorator to 2023-08-23T00:00:00+00:00, run_after=2023-08-24T00:00:00+00:00
[2023-08-24T15:43:46.387+0100] {processor.py:179} INFO - Processing /home/samuel/dev/airflow_learning/venv/lib/python3.10/site-packages/airflow/example_dags/example_branch_operator_decorator.py took 0.197 seconds
[2023-08-24T15:45:02.146+0100] {processor.py:157} INFO - Started process (PID=6917) to work on /home/samuel/dev/airflow_learning/venv/lib/python3.10/site-packages/airflow/example_dags/example_branch_operator_decorator.py
[2023-08-24T15:45:02.148+0100] {processor.py:829} INFO - Processing file /home/samuel/dev/airflow_learning/venv/lib/python3.10/site-packages/airflow/example_dags/example_branch_operator_decorator.py for tasks to queue
[2023-08-24T15:45:02.149+0100] {logging_mixin.py:151} INFO - [2023-08-24T15:45:02.149+0100] {dagbag.py:539} INFO - Filling up the DagBag from /home/samuel/dev/airflow_learning/venv/lib/python3.10/site-packages/airflow/example_dags/example_branch_operator_decorator.py
[2023-08-24T15:45:02.161+0100] {processor.py:839} INFO - DAG(s) dict_keys(['example_branch_python_operator_decorator']) retrieved from /home/samuel/dev/airflow_learning/venv/lib/python3.10/site-packages/airflow/example_dags/example_branch_operator_decorator.py
[2023-08-24T15:45:02.180+0100] {logging_mixin.py:151} INFO - [2023-08-24T15:45:02.180+0100] {dag.py:2907} INFO - Sync 1 DAGs
[2023-08-24T15:45:02.200+0100] {logging_mixin.py:151} INFO - [2023-08-24T15:45:02.200+0100] {dag.py:3677} INFO - Setting next_dagrun for example_branch_python_operator_decorator to 2023-08-23T00:00:00+00:00, run_after=2023-08-24T00:00:00+00:00
[2023-08-24T15:45:02.338+0100] {processor.py:179} INFO - Processing /home/samuel/dev/airflow_learning/venv/lib/python3.10/site-packages/airflow/example_dags/example_branch_operator_decorator.py took 0.198 seconds
[2023-08-24T15:46:20.925+0100] {processor.py:157} INFO - Started process (PID=6996) to work on /home/samuel/dev/airflow_learning/venv/lib/python3.10/site-packages/airflow/example_dags/example_branch_operator_decorator.py
[2023-08-24T15:46:20.928+0100] {processor.py:829} INFO - Processing file /home/samuel/dev/airflow_learning/venv/lib/python3.10/site-packages/airflow/example_dags/example_branch_operator_decorator.py for tasks to queue
[2023-08-24T15:46:20.929+0100] {logging_mixin.py:151} INFO - [2023-08-24T15:46:20.929+0100] {dagbag.py:539} INFO - Filling up the DagBag from /home/samuel/dev/airflow_learning/venv/lib/python3.10/site-packages/airflow/example_dags/example_branch_operator_decorator.py
[2023-08-24T15:46:20.943+0100] {processor.py:839} INFO - DAG(s) dict_keys(['example_branch_python_operator_decorator']) retrieved from /home/samuel/dev/airflow_learning/venv/lib/python3.10/site-packages/airflow/example_dags/example_branch_operator_decorator.py
[2023-08-24T15:46:20.964+0100] {logging_mixin.py:151} INFO - [2023-08-24T15:46:20.964+0100] {dag.py:2907} INFO - Sync 1 DAGs
[2023-08-24T15:46:20.985+0100] {logging_mixin.py:151} INFO - [2023-08-24T15:46:20.985+0100] {dag.py:3677} INFO - Setting next_dagrun for example_branch_python_operator_decorator to 2023-08-23T00:00:00+00:00, run_after=2023-08-24T00:00:00+00:00
[2023-08-24T15:46:21.109+0100] {processor.py:179} INFO - Processing /home/samuel/dev/airflow_learning/venv/lib/python3.10/site-packages/airflow/example_dags/example_branch_operator_decorator.py took 0.188 seconds
[2023-08-24T15:47:14.274+0100] {processor.py:157} INFO - Started process (PID=7045) to work on /home/samuel/dev/airflow_learning/venv/lib/python3.10/site-packages/airflow/example_dags/example_branch_operator_decorator.py
[2023-08-24T15:47:14.277+0100] {processor.py:829} INFO - Processing file /home/samuel/dev/airflow_learning/venv/lib/python3.10/site-packages/airflow/example_dags/example_branch_operator_decorator.py for tasks to queue
[2023-08-24T15:47:14.278+0100] {logging_mixin.py:151} INFO - [2023-08-24T15:47:14.278+0100] {dagbag.py:539} INFO - Filling up the DagBag from /home/samuel/dev/airflow_learning/venv/lib/python3.10/site-packages/airflow/example_dags/example_branch_operator_decorator.py
[2023-08-24T15:47:14.292+0100] {processor.py:839} INFO - DAG(s) dict_keys(['example_branch_python_operator_decorator']) retrieved from /home/samuel/dev/airflow_learning/venv/lib/python3.10/site-packages/airflow/example_dags/example_branch_operator_decorator.py
[2023-08-24T15:47:14.311+0100] {logging_mixin.py:151} INFO - [2023-08-24T15:47:14.311+0100] {dag.py:2907} INFO - Sync 1 DAGs
[2023-08-24T15:47:14.331+0100] {logging_mixin.py:151} INFO - [2023-08-24T15:47:14.331+0100] {dag.py:3677} INFO - Setting next_dagrun for example_branch_python_operator_decorator to 2023-08-23T00:00:00+00:00, run_after=2023-08-24T00:00:00+00:00
[2023-08-24T15:47:14.475+0100] {processor.py:179} INFO - Processing /home/samuel/dev/airflow_learning/venv/lib/python3.10/site-packages/airflow/example_dags/example_branch_operator_decorator.py took 0.204 seconds
[2023-08-24T15:48:08.290+0100] {processor.py:157} INFO - Started process (PID=7113) to work on /home/samuel/dev/airflow_learning/venv/lib/python3.10/site-packages/airflow/example_dags/example_branch_operator_decorator.py
[2023-08-24T15:48:08.305+0100] {processor.py:829} INFO - Processing file /home/samuel/dev/airflow_learning/venv/lib/python3.10/site-packages/airflow/example_dags/example_branch_operator_decorator.py for tasks to queue
[2023-08-24T15:48:08.306+0100] {logging_mixin.py:151} INFO - [2023-08-24T15:48:08.306+0100] {dagbag.py:539} INFO - Filling up the DagBag from /home/samuel/dev/airflow_learning/venv/lib/python3.10/site-packages/airflow/example_dags/example_branch_operator_decorator.py
[2023-08-24T15:48:08.319+0100] {processor.py:839} INFO - DAG(s) dict_keys(['example_branch_python_operator_decorator']) retrieved from /home/samuel/dev/airflow_learning/venv/lib/python3.10/site-packages/airflow/example_dags/example_branch_operator_decorator.py
[2023-08-24T15:48:08.342+0100] {logging_mixin.py:151} INFO - [2023-08-24T15:48:08.341+0100] {dag.py:2907} INFO - Sync 1 DAGs
[2023-08-24T15:48:08.363+0100] {logging_mixin.py:151} INFO - [2023-08-24T15:48:08.363+0100] {dag.py:3677} INFO - Setting next_dagrun for example_branch_python_operator_decorator to 2023-08-23T00:00:00+00:00, run_after=2023-08-24T00:00:00+00:00
[2023-08-24T15:48:08.516+0100] {processor.py:179} INFO - Processing /home/samuel/dev/airflow_learning/venv/lib/python3.10/site-packages/airflow/example_dags/example_branch_operator_decorator.py took 0.230 seconds
[2023-08-24T15:49:02.778+0100] {processor.py:157} INFO - Started process (PID=7165) to work on /home/samuel/dev/airflow_learning/venv/lib/python3.10/site-packages/airflow/example_dags/example_branch_operator_decorator.py
[2023-08-24T15:49:02.781+0100] {processor.py:829} INFO - Processing file /home/samuel/dev/airflow_learning/venv/lib/python3.10/site-packages/airflow/example_dags/example_branch_operator_decorator.py for tasks to queue
[2023-08-24T15:49:02.782+0100] {logging_mixin.py:151} INFO - [2023-08-24T15:49:02.782+0100] {dagbag.py:539} INFO - Filling up the DagBag from /home/samuel/dev/airflow_learning/venv/lib/python3.10/site-packages/airflow/example_dags/example_branch_operator_decorator.py
[2023-08-24T15:49:02.795+0100] {processor.py:839} INFO - DAG(s) dict_keys(['example_branch_python_operator_decorator']) retrieved from /home/samuel/dev/airflow_learning/venv/lib/python3.10/site-packages/airflow/example_dags/example_branch_operator_decorator.py
[2023-08-24T15:49:02.817+0100] {logging_mixin.py:151} INFO - [2023-08-24T15:49:02.816+0100] {dag.py:2907} INFO - Sync 1 DAGs
[2023-08-24T15:49:02.837+0100] {logging_mixin.py:151} INFO - [2023-08-24T15:49:02.837+0100] {dag.py:3677} INFO - Setting next_dagrun for example_branch_python_operator_decorator to 2023-08-23T00:00:00+00:00, run_after=2023-08-24T00:00:00+00:00
[2023-08-24T15:49:02.971+0100] {processor.py:179} INFO - Processing /home/samuel/dev/airflow_learning/venv/lib/python3.10/site-packages/airflow/example_dags/example_branch_operator_decorator.py took 0.197 seconds
[2023-08-24T15:50:14.838+0100] {processor.py:157} INFO - Started process (PID=7232) to work on /home/samuel/dev/airflow_learning/venv/lib/python3.10/site-packages/airflow/example_dags/example_branch_operator_decorator.py
[2023-08-24T15:50:14.843+0100] {processor.py:829} INFO - Processing file /home/samuel/dev/airflow_learning/venv/lib/python3.10/site-packages/airflow/example_dags/example_branch_operator_decorator.py for tasks to queue
[2023-08-24T15:50:14.844+0100] {logging_mixin.py:151} INFO - [2023-08-24T15:50:14.844+0100] {dagbag.py:539} INFO - Filling up the DagBag from /home/samuel/dev/airflow_learning/venv/lib/python3.10/site-packages/airflow/example_dags/example_branch_operator_decorator.py
[2023-08-24T15:50:14.857+0100] {processor.py:839} INFO - DAG(s) dict_keys(['example_branch_python_operator_decorator']) retrieved from /home/samuel/dev/airflow_learning/venv/lib/python3.10/site-packages/airflow/example_dags/example_branch_operator_decorator.py
[2023-08-24T15:50:14.878+0100] {logging_mixin.py:151} INFO - [2023-08-24T15:50:14.878+0100] {dag.py:2907} INFO - Sync 1 DAGs
[2023-08-24T15:50:14.899+0100] {logging_mixin.py:151} INFO - [2023-08-24T15:50:14.899+0100] {dag.py:3677} INFO - Setting next_dagrun for example_branch_python_operator_decorator to 2023-08-23T00:00:00+00:00, run_after=2023-08-24T00:00:00+00:00
[2023-08-24T15:50:15.015+0100] {processor.py:179} INFO - Processing /home/samuel/dev/airflow_learning/venv/lib/python3.10/site-packages/airflow/example_dags/example_branch_operator_decorator.py took 0.181 seconds
[2023-08-24T15:51:34.162+0100] {processor.py:157} INFO - Started process (PID=7315) to work on /home/samuel/dev/airflow_learning/venv/lib/python3.10/site-packages/airflow/example_dags/example_branch_operator_decorator.py
[2023-08-24T15:51:34.164+0100] {processor.py:829} INFO - Processing file /home/samuel/dev/airflow_learning/venv/lib/python3.10/site-packages/airflow/example_dags/example_branch_operator_decorator.py for tasks to queue
[2023-08-24T15:51:34.166+0100] {logging_mixin.py:151} INFO - [2023-08-24T15:51:34.165+0100] {dagbag.py:539} INFO - Filling up the DagBag from /home/samuel/dev/airflow_learning/venv/lib/python3.10/site-packages/airflow/example_dags/example_branch_operator_decorator.py
[2023-08-24T15:51:34.178+0100] {processor.py:839} INFO - DAG(s) dict_keys(['example_branch_python_operator_decorator']) retrieved from /home/samuel/dev/airflow_learning/venv/lib/python3.10/site-packages/airflow/example_dags/example_branch_operator_decorator.py
[2023-08-24T15:51:34.199+0100] {logging_mixin.py:151} INFO - [2023-08-24T15:51:34.198+0100] {dag.py:2907} INFO - Sync 1 DAGs
[2023-08-24T15:51:34.219+0100] {logging_mixin.py:151} INFO - [2023-08-24T15:51:34.219+0100] {dag.py:3677} INFO - Setting next_dagrun for example_branch_python_operator_decorator to 2023-08-23T00:00:00+00:00, run_after=2023-08-24T00:00:00+00:00
[2023-08-24T15:51:34.348+0100] {processor.py:179} INFO - Processing /home/samuel/dev/airflow_learning/venv/lib/python3.10/site-packages/airflow/example_dags/example_branch_operator_decorator.py took 0.190 seconds
[2023-08-24T15:52:46.363+0100] {processor.py:157} INFO - Started process (PID=7386) to work on /home/samuel/dev/airflow_learning/venv/lib/python3.10/site-packages/airflow/example_dags/example_branch_operator_decorator.py
[2023-08-24T15:52:46.366+0100] {processor.py:829} INFO - Processing file /home/samuel/dev/airflow_learning/venv/lib/python3.10/site-packages/airflow/example_dags/example_branch_operator_decorator.py for tasks to queue
[2023-08-24T15:52:46.367+0100] {logging_mixin.py:151} INFO - [2023-08-24T15:52:46.366+0100] {dagbag.py:539} INFO - Filling up the DagBag from /home/samuel/dev/airflow_learning/venv/lib/python3.10/site-packages/airflow/example_dags/example_branch_operator_decorator.py
[2023-08-24T15:52:46.379+0100] {processor.py:839} INFO - DAG(s) dict_keys(['example_branch_python_operator_decorator']) retrieved from /home/samuel/dev/airflow_learning/venv/lib/python3.10/site-packages/airflow/example_dags/example_branch_operator_decorator.py
[2023-08-24T15:52:46.400+0100] {logging_mixin.py:151} INFO - [2023-08-24T15:52:46.399+0100] {dag.py:2907} INFO - Sync 1 DAGs
[2023-08-24T15:52:46.420+0100] {logging_mixin.py:151} INFO - [2023-08-24T15:52:46.420+0100] {dag.py:3677} INFO - Setting next_dagrun for example_branch_python_operator_decorator to 2023-08-23T00:00:00+00:00, run_after=2023-08-24T00:00:00+00:00
[2023-08-24T15:52:46.587+0100] {processor.py:179} INFO - Processing /home/samuel/dev/airflow_learning/venv/lib/python3.10/site-packages/airflow/example_dags/example_branch_operator_decorator.py took 0.228 seconds
[2023-08-24T15:54:13.414+0100] {processor.py:157} INFO - Started process (PID=7557) to work on /home/samuel/dev/airflow_learning/venv/lib/python3.10/site-packages/airflow/example_dags/example_branch_operator_decorator.py
[2023-08-24T15:54:13.471+0100] {processor.py:829} INFO - Processing file /home/samuel/dev/airflow_learning/venv/lib/python3.10/site-packages/airflow/example_dags/example_branch_operator_decorator.py for tasks to queue
[2023-08-24T15:54:13.472+0100] {logging_mixin.py:151} INFO - [2023-08-24T15:54:13.472+0100] {dagbag.py:539} INFO - Filling up the DagBag from /home/samuel/dev/airflow_learning/venv/lib/python3.10/site-packages/airflow/example_dags/example_branch_operator_decorator.py
[2023-08-24T15:54:13.489+0100] {processor.py:839} INFO - DAG(s) dict_keys(['example_branch_python_operator_decorator']) retrieved from /home/samuel/dev/airflow_learning/venv/lib/python3.10/site-packages/airflow/example_dags/example_branch_operator_decorator.py
[2023-08-24T15:54:13.516+0100] {logging_mixin.py:151} INFO - [2023-08-24T15:54:13.516+0100] {dag.py:2907} INFO - Sync 1 DAGs
[2023-08-24T15:54:13.542+0100] {logging_mixin.py:151} INFO - [2023-08-24T15:54:13.541+0100] {dag.py:3677} INFO - Setting next_dagrun for example_branch_python_operator_decorator to 2023-08-23T00:00:00+00:00, run_after=2023-08-24T00:00:00+00:00
[2023-08-24T15:54:13.829+0100] {processor.py:179} INFO - Processing /home/samuel/dev/airflow_learning/venv/lib/python3.10/site-packages/airflow/example_dags/example_branch_operator_decorator.py took 0.420 seconds
[2023-08-24T15:55:13.557+0100] {processor.py:157} INFO - Started process (PID=7622) to work on /home/samuel/dev/airflow_learning/venv/lib/python3.10/site-packages/airflow/example_dags/example_branch_operator_decorator.py
[2023-08-24T15:55:13.590+0100] {processor.py:829} INFO - Processing file /home/samuel/dev/airflow_learning/venv/lib/python3.10/site-packages/airflow/example_dags/example_branch_operator_decorator.py for tasks to queue
[2023-08-24T15:55:13.591+0100] {logging_mixin.py:151} INFO - [2023-08-24T15:55:13.591+0100] {dagbag.py:539} INFO - Filling up the DagBag from /home/samuel/dev/airflow_learning/venv/lib/python3.10/site-packages/airflow/example_dags/example_branch_operator_decorator.py
[2023-08-24T15:55:13.609+0100] {processor.py:839} INFO - DAG(s) dict_keys(['example_branch_python_operator_decorator']) retrieved from /home/samuel/dev/airflow_learning/venv/lib/python3.10/site-packages/airflow/example_dags/example_branch_operator_decorator.py
[2023-08-24T15:55:13.632+0100] {logging_mixin.py:151} INFO - [2023-08-24T15:55:13.632+0100] {dag.py:2907} INFO - Sync 1 DAGs
[2023-08-24T15:55:13.654+0100] {logging_mixin.py:151} INFO - [2023-08-24T15:55:13.653+0100] {dag.py:3677} INFO - Setting next_dagrun for example_branch_python_operator_decorator to 2023-08-23T00:00:00+00:00, run_after=2023-08-24T00:00:00+00:00
[2023-08-24T15:55:13.772+0100] {processor.py:179} INFO - Processing /home/samuel/dev/airflow_learning/venv/lib/python3.10/site-packages/airflow/example_dags/example_branch_operator_decorator.py took 0.219 seconds
[2023-08-24T15:56:10.669+0100] {processor.py:157} INFO - Started process (PID=7754) to work on /home/samuel/dev/airflow_learning/venv/lib/python3.10/site-packages/airflow/example_dags/example_branch_operator_decorator.py
[2023-08-24T15:56:10.695+0100] {processor.py:829} INFO - Processing file /home/samuel/dev/airflow_learning/venv/lib/python3.10/site-packages/airflow/example_dags/example_branch_operator_decorator.py for tasks to queue
[2023-08-24T15:56:10.696+0100] {logging_mixin.py:151} INFO - [2023-08-24T15:56:10.696+0100] {dagbag.py:539} INFO - Filling up the DagBag from /home/samuel/dev/airflow_learning/venv/lib/python3.10/site-packages/airflow/example_dags/example_branch_operator_decorator.py
[2023-08-24T15:56:10.710+0100] {processor.py:839} INFO - DAG(s) dict_keys(['example_branch_python_operator_decorator']) retrieved from /home/samuel/dev/airflow_learning/venv/lib/python3.10/site-packages/airflow/example_dags/example_branch_operator_decorator.py
[2023-08-24T15:56:10.732+0100] {logging_mixin.py:151} INFO - [2023-08-24T15:56:10.731+0100] {dag.py:2907} INFO - Sync 1 DAGs
[2023-08-24T15:56:10.757+0100] {logging_mixin.py:151} INFO - [2023-08-24T15:56:10.756+0100] {dag.py:3677} INFO - Setting next_dagrun for example_branch_python_operator_decorator to 2023-08-23T00:00:00+00:00, run_after=2023-08-24T00:00:00+00:00
[2023-08-24T15:56:10.876+0100] {processor.py:179} INFO - Processing /home/samuel/dev/airflow_learning/venv/lib/python3.10/site-packages/airflow/example_dags/example_branch_operator_decorator.py took 0.211 seconds
[2023-08-24T15:57:24.646+0100] {processor.py:157} INFO - Started process (PID=7881) to work on /home/samuel/dev/airflow_learning/venv/lib/python3.10/site-packages/airflow/example_dags/example_branch_operator_decorator.py
[2023-08-24T15:57:24.679+0100] {processor.py:829} INFO - Processing file /home/samuel/dev/airflow_learning/venv/lib/python3.10/site-packages/airflow/example_dags/example_branch_operator_decorator.py for tasks to queue
[2023-08-24T15:57:24.681+0100] {logging_mixin.py:151} INFO - [2023-08-24T15:57:24.680+0100] {dagbag.py:539} INFO - Filling up the DagBag from /home/samuel/dev/airflow_learning/venv/lib/python3.10/site-packages/airflow/example_dags/example_branch_operator_decorator.py
[2023-08-24T15:57:24.694+0100] {processor.py:839} INFO - DAG(s) dict_keys(['example_branch_python_operator_decorator']) retrieved from /home/samuel/dev/airflow_learning/venv/lib/python3.10/site-packages/airflow/example_dags/example_branch_operator_decorator.py
[2023-08-24T15:57:24.718+0100] {logging_mixin.py:151} INFO - [2023-08-24T15:57:24.717+0100] {dag.py:2907} INFO - Sync 1 DAGs
[2023-08-24T15:57:24.741+0100] {logging_mixin.py:151} INFO - [2023-08-24T15:57:24.741+0100] {dag.py:3677} INFO - Setting next_dagrun for example_branch_python_operator_decorator to 2023-08-23T00:00:00+00:00, run_after=2023-08-24T00:00:00+00:00
[2023-08-24T15:57:24.858+0100] {processor.py:179} INFO - Processing /home/samuel/dev/airflow_learning/venv/lib/python3.10/site-packages/airflow/example_dags/example_branch_operator_decorator.py took 0.216 seconds
[2023-08-24T15:58:16.913+0100] {processor.py:157} INFO - Started process (PID=7937) to work on /home/samuel/dev/airflow_learning/venv/lib/python3.10/site-packages/airflow/example_dags/example_branch_operator_decorator.py
[2023-08-24T15:58:16.939+0100] {processor.py:829} INFO - Processing file /home/samuel/dev/airflow_learning/venv/lib/python3.10/site-packages/airflow/example_dags/example_branch_operator_decorator.py for tasks to queue
[2023-08-24T15:58:16.940+0100] {logging_mixin.py:151} INFO - [2023-08-24T15:58:16.940+0100] {dagbag.py:539} INFO - Filling up the DagBag from /home/samuel/dev/airflow_learning/venv/lib/python3.10/site-packages/airflow/example_dags/example_branch_operator_decorator.py
[2023-08-24T15:58:16.953+0100] {processor.py:839} INFO - DAG(s) dict_keys(['example_branch_python_operator_decorator']) retrieved from /home/samuel/dev/airflow_learning/venv/lib/python3.10/site-packages/airflow/example_dags/example_branch_operator_decorator.py
[2023-08-24T15:58:16.977+0100] {logging_mixin.py:151} INFO - [2023-08-24T15:58:16.976+0100] {dag.py:2907} INFO - Sync 1 DAGs
[2023-08-24T15:58:17.000+0100] {logging_mixin.py:151} INFO - [2023-08-24T15:58:17.000+0100] {dag.py:3677} INFO - Setting next_dagrun for example_branch_python_operator_decorator to 2023-08-23T00:00:00+00:00, run_after=2023-08-24T00:00:00+00:00
[2023-08-24T15:58:17.133+0100] {processor.py:179} INFO - Processing /home/samuel/dev/airflow_learning/venv/lib/python3.10/site-packages/airflow/example_dags/example_branch_operator_decorator.py took 0.223 seconds
[2023-08-24T15:59:16.389+0100] {processor.py:157} INFO - Started process (PID=8014) to work on /home/samuel/dev/airflow_learning/venv/lib/python3.10/site-packages/airflow/example_dags/example_branch_operator_decorator.py
[2023-08-24T15:59:16.392+0100] {processor.py:829} INFO - Processing file /home/samuel/dev/airflow_learning/venv/lib/python3.10/site-packages/airflow/example_dags/example_branch_operator_decorator.py for tasks to queue
[2023-08-24T15:59:16.393+0100] {logging_mixin.py:151} INFO - [2023-08-24T15:59:16.393+0100] {dagbag.py:539} INFO - Filling up the DagBag from /home/samuel/dev/airflow_learning/venv/lib/python3.10/site-packages/airflow/example_dags/example_branch_operator_decorator.py
[2023-08-24T15:59:16.403+0100] {processor.py:839} INFO - DAG(s) dict_keys(['example_branch_python_operator_decorator']) retrieved from /home/samuel/dev/airflow_learning/venv/lib/python3.10/site-packages/airflow/example_dags/example_branch_operator_decorator.py
[2023-08-24T15:59:16.421+0100] {logging_mixin.py:151} INFO - [2023-08-24T15:59:16.421+0100] {dag.py:2907} INFO - Sync 1 DAGs
[2023-08-24T15:59:16.442+0100] {logging_mixin.py:151} INFO - [2023-08-24T15:59:16.442+0100] {dag.py:3677} INFO - Setting next_dagrun for example_branch_python_operator_decorator to 2023-08-23T00:00:00+00:00, run_after=2023-08-24T00:00:00+00:00
[2023-08-24T15:59:16.590+0100] {processor.py:179} INFO - Processing /home/samuel/dev/airflow_learning/venv/lib/python3.10/site-packages/airflow/example_dags/example_branch_operator_decorator.py took 0.204 seconds
[2023-08-24T16:00:14.355+0100] {processor.py:157} INFO - Started process (PID=8251) to work on /home/samuel/dev/airflow_learning/venv/lib/python3.10/site-packages/airflow/example_dags/example_branch_operator_decorator.py
[2023-08-24T16:00:14.398+0100] {processor.py:829} INFO - Processing file /home/samuel/dev/airflow_learning/venv/lib/python3.10/site-packages/airflow/example_dags/example_branch_operator_decorator.py for tasks to queue
[2023-08-24T16:00:14.400+0100] {logging_mixin.py:151} INFO - [2023-08-24T16:00:14.399+0100] {dagbag.py:539} INFO - Filling up the DagBag from /home/samuel/dev/airflow_learning/venv/lib/python3.10/site-packages/airflow/example_dags/example_branch_operator_decorator.py
[2023-08-24T16:00:14.420+0100] {processor.py:839} INFO - DAG(s) dict_keys(['example_branch_python_operator_decorator']) retrieved from /home/samuel/dev/airflow_learning/venv/lib/python3.10/site-packages/airflow/example_dags/example_branch_operator_decorator.py
[2023-08-24T16:00:14.445+0100] {logging_mixin.py:151} INFO - [2023-08-24T16:00:14.444+0100] {dag.py:2907} INFO - Sync 1 DAGs
[2023-08-24T16:00:14.468+0100] {logging_mixin.py:151} INFO - [2023-08-24T16:00:14.468+0100] {dag.py:3677} INFO - Setting next_dagrun for example_branch_python_operator_decorator to 2023-08-23T00:00:00+00:00, run_after=2023-08-24T00:00:00+00:00
[2023-08-24T16:00:14.687+0100] {processor.py:179} INFO - Processing /home/samuel/dev/airflow_learning/venv/lib/python3.10/site-packages/airflow/example_dags/example_branch_operator_decorator.py took 0.334 seconds
[2023-08-24T16:01:32.093+0100] {processor.py:157} INFO - Started process (PID=8383) to work on /home/samuel/dev/airflow_learning/venv/lib/python3.10/site-packages/airflow/example_dags/example_branch_operator_decorator.py
[2023-08-24T16:01:32.216+0100] {processor.py:829} INFO - Processing file /home/samuel/dev/airflow_learning/venv/lib/python3.10/site-packages/airflow/example_dags/example_branch_operator_decorator.py for tasks to queue
[2023-08-24T16:01:32.217+0100] {logging_mixin.py:151} INFO - [2023-08-24T16:01:32.217+0100] {dagbag.py:539} INFO - Filling up the DagBag from /home/samuel/dev/airflow_learning/venv/lib/python3.10/site-packages/airflow/example_dags/example_branch_operator_decorator.py
[2023-08-24T16:01:32.230+0100] {processor.py:839} INFO - DAG(s) dict_keys(['example_branch_python_operator_decorator']) retrieved from /home/samuel/dev/airflow_learning/venv/lib/python3.10/site-packages/airflow/example_dags/example_branch_operator_decorator.py
[2023-08-24T16:01:32.255+0100] {logging_mixin.py:151} INFO - [2023-08-24T16:01:32.255+0100] {dag.py:2907} INFO - Sync 1 DAGs
[2023-08-24T16:01:32.288+0100] {logging_mixin.py:151} INFO - [2023-08-24T16:01:32.288+0100] {dag.py:3677} INFO - Setting next_dagrun for example_branch_python_operator_decorator to 2023-08-23T00:00:00+00:00, run_after=2023-08-24T00:00:00+00:00
[2023-08-24T16:01:33.037+0100] {processor.py:179} INFO - Processing /home/samuel/dev/airflow_learning/venv/lib/python3.10/site-packages/airflow/example_dags/example_branch_operator_decorator.py took 0.948 seconds
[2023-08-24T16:02:26.557+0100] {processor.py:157} INFO - Started process (PID=8461) to work on /home/samuel/dev/airflow_learning/venv/lib/python3.10/site-packages/airflow/example_dags/example_branch_operator_decorator.py
[2023-08-24T16:02:26.559+0100] {processor.py:829} INFO - Processing file /home/samuel/dev/airflow_learning/venv/lib/python3.10/site-packages/airflow/example_dags/example_branch_operator_decorator.py for tasks to queue
[2023-08-24T16:02:26.561+0100] {logging_mixin.py:151} INFO - [2023-08-24T16:02:26.560+0100] {dagbag.py:539} INFO - Filling up the DagBag from /home/samuel/dev/airflow_learning/venv/lib/python3.10/site-packages/airflow/example_dags/example_branch_operator_decorator.py
[2023-08-24T16:02:26.580+0100] {processor.py:839} INFO - DAG(s) dict_keys(['example_branch_python_operator_decorator']) retrieved from /home/samuel/dev/airflow_learning/venv/lib/python3.10/site-packages/airflow/example_dags/example_branch_operator_decorator.py
[2023-08-24T16:02:26.604+0100] {logging_mixin.py:151} INFO - [2023-08-24T16:02:26.604+0100] {dag.py:2907} INFO - Sync 1 DAGs
[2023-08-24T16:02:26.637+0100] {logging_mixin.py:151} INFO - [2023-08-24T16:02:26.637+0100] {dag.py:3677} INFO - Setting next_dagrun for example_branch_python_operator_decorator to 2023-08-23T00:00:00+00:00, run_after=2023-08-24T00:00:00+00:00
[2023-08-24T16:02:26.771+0100] {processor.py:179} INFO - Processing /home/samuel/dev/airflow_learning/venv/lib/python3.10/site-packages/airflow/example_dags/example_branch_operator_decorator.py took 0.220 seconds
[2023-08-24T16:03:45.976+0100] {processor.py:157} INFO - Started process (PID=8562) to work on /home/samuel/dev/airflow_learning/venv/lib/python3.10/site-packages/airflow/example_dags/example_branch_operator_decorator.py
[2023-08-24T16:03:45.991+0100] {processor.py:829} INFO - Processing file /home/samuel/dev/airflow_learning/venv/lib/python3.10/site-packages/airflow/example_dags/example_branch_operator_decorator.py for tasks to queue
[2023-08-24T16:03:45.992+0100] {logging_mixin.py:151} INFO - [2023-08-24T16:03:45.992+0100] {dagbag.py:539} INFO - Filling up the DagBag from /home/samuel/dev/airflow_learning/venv/lib/python3.10/site-packages/airflow/example_dags/example_branch_operator_decorator.py
[2023-08-24T16:03:46.006+0100] {processor.py:839} INFO - DAG(s) dict_keys(['example_branch_python_operator_decorator']) retrieved from /home/samuel/dev/airflow_learning/venv/lib/python3.10/site-packages/airflow/example_dags/example_branch_operator_decorator.py
[2023-08-24T16:03:46.027+0100] {logging_mixin.py:151} INFO - [2023-08-24T16:03:46.027+0100] {dag.py:2907} INFO - Sync 1 DAGs
[2023-08-24T16:03:46.048+0100] {logging_mixin.py:151} INFO - [2023-08-24T16:03:46.048+0100] {dag.py:3677} INFO - Setting next_dagrun for example_branch_python_operator_decorator to 2023-08-23T00:00:00+00:00, run_after=2023-08-24T00:00:00+00:00
[2023-08-24T16:03:46.171+0100] {processor.py:179} INFO - Processing /home/samuel/dev/airflow_learning/venv/lib/python3.10/site-packages/airflow/example_dags/example_branch_operator_decorator.py took 0.198 seconds
