[2023-08-24T15:22:41.305+0100] {processor.py:157} INFO - Started process (PID=5366) to work on /home/samuel/dev/airflow_learning/venv/lib/python3.10/site-packages/airflow/example_dags/example_dynamic_task_mapping.py
[2023-08-24T15:22:41.306+0100] {processor.py:829} INFO - Processing file /home/samuel/dev/airflow_learning/venv/lib/python3.10/site-packages/airflow/example_dags/example_dynamic_task_mapping.py for tasks to queue
[2023-08-24T15:22:41.307+0100] {logging_mixin.py:151} INFO - [2023-08-24T15:22:41.306+0100] {dagbag.py:539} INFO - Filling up the DagBag from /home/samuel/dev/airflow_learning/venv/lib/python3.10/site-packages/airflow/example_dags/example_dynamic_task_mapping.py
[2023-08-24T15:22:41.315+0100] {processor.py:839} INFO - DAG(s) dict_keys(['example_dynamic_task_mapping']) retrieved from /home/samuel/dev/airflow_learning/venv/lib/python3.10/site-packages/airflow/example_dags/example_dynamic_task_mapping.py
[2023-08-24T15:22:41.790+0100] {logging_mixin.py:151} INFO - [2023-08-24T15:22:41.790+0100] {manager.py:501} INFO - Created Permission View: can edit on DAG:example_dynamic_task_mapping
[2023-08-24T15:22:41.912+0100] {logging_mixin.py:151} INFO - [2023-08-24T15:22:41.912+0100] {manager.py:501} INFO - Created Permission View: can delete on DAG:example_dynamic_task_mapping
[2023-08-24T15:22:42.035+0100] {logging_mixin.py:151} INFO - [2023-08-24T15:22:42.034+0100] {manager.py:501} INFO - Created Permission View: can read on DAG:example_dynamic_task_mapping
[2023-08-24T15:22:42.064+0100] {logging_mixin.py:151} INFO - [2023-08-24T15:22:42.063+0100] {dag.py:2907} INFO - Sync 1 DAGs
[2023-08-24T15:22:42.085+0100] {logging_mixin.py:151} INFO - [2023-08-24T15:22:42.085+0100] {dag.py:2929} INFO - Creating ORM DAG for example_dynamic_task_mapping
[2023-08-24T15:22:42.100+0100] {logging_mixin.py:151} INFO - [2023-08-24T15:22:42.099+0100] {dag.py:3677} INFO - Setting next_dagrun for example_dynamic_task_mapping to 2022-03-04T00:00:00+00:00, run_after=2022-03-05T00:00:00+00:00
[2023-08-24T15:22:42.239+0100] {processor.py:179} INFO - Processing /home/samuel/dev/airflow_learning/venv/lib/python3.10/site-packages/airflow/example_dags/example_dynamic_task_mapping.py took 0.938 seconds
[2023-08-24T15:23:52.577+0100] {processor.py:157} INFO - Started process (PID=5429) to work on /home/samuel/dev/airflow_learning/venv/lib/python3.10/site-packages/airflow/example_dags/example_dynamic_task_mapping.py
[2023-08-24T15:23:52.594+0100] {processor.py:829} INFO - Processing file /home/samuel/dev/airflow_learning/venv/lib/python3.10/site-packages/airflow/example_dags/example_dynamic_task_mapping.py for tasks to queue
[2023-08-24T15:23:52.595+0100] {logging_mixin.py:151} INFO - [2023-08-24T15:23:52.595+0100] {dagbag.py:539} INFO - Filling up the DagBag from /home/samuel/dev/airflow_learning/venv/lib/python3.10/site-packages/airflow/example_dags/example_dynamic_task_mapping.py
[2023-08-24T15:23:52.605+0100] {processor.py:839} INFO - DAG(s) dict_keys(['example_dynamic_task_mapping']) retrieved from /home/samuel/dev/airflow_learning/venv/lib/python3.10/site-packages/airflow/example_dags/example_dynamic_task_mapping.py
[2023-08-24T15:23:52.624+0100] {logging_mixin.py:151} INFO - [2023-08-24T15:23:52.624+0100] {dag.py:2907} INFO - Sync 1 DAGs
[2023-08-24T15:23:52.645+0100] {logging_mixin.py:151} INFO - [2023-08-24T15:23:52.645+0100] {dag.py:3677} INFO - Setting next_dagrun for example_dynamic_task_mapping to 2022-03-04T00:00:00+00:00, run_after=2022-03-05T00:00:00+00:00
[2023-08-24T15:23:52.755+0100] {processor.py:179} INFO - Processing /home/samuel/dev/airflow_learning/venv/lib/python3.10/site-packages/airflow/example_dags/example_dynamic_task_mapping.py took 0.182 seconds
[2023-08-24T15:24:46.231+0100] {processor.py:157} INFO - Started process (PID=5486) to work on /home/samuel/dev/airflow_learning/venv/lib/python3.10/site-packages/airflow/example_dags/example_dynamic_task_mapping.py
[2023-08-24T15:24:46.274+0100] {processor.py:829} INFO - Processing file /home/samuel/dev/airflow_learning/venv/lib/python3.10/site-packages/airflow/example_dags/example_dynamic_task_mapping.py for tasks to queue
[2023-08-24T15:24:46.275+0100] {logging_mixin.py:151} INFO - [2023-08-24T15:24:46.275+0100] {dagbag.py:539} INFO - Filling up the DagBag from /home/samuel/dev/airflow_learning/venv/lib/python3.10/site-packages/airflow/example_dags/example_dynamic_task_mapping.py
[2023-08-24T15:24:46.285+0100] {processor.py:839} INFO - DAG(s) dict_keys(['example_dynamic_task_mapping']) retrieved from /home/samuel/dev/airflow_learning/venv/lib/python3.10/site-packages/airflow/example_dags/example_dynamic_task_mapping.py
[2023-08-24T15:24:46.307+0100] {logging_mixin.py:151} INFO - [2023-08-24T15:24:46.306+0100] {dag.py:2907} INFO - Sync 1 DAGs
[2023-08-24T15:24:46.343+0100] {logging_mixin.py:151} INFO - [2023-08-24T15:24:46.342+0100] {dag.py:3677} INFO - Setting next_dagrun for example_dynamic_task_mapping to 2022-03-04T00:00:00+00:00, run_after=2022-03-05T00:00:00+00:00
[2023-08-24T15:24:46.509+0100] {processor.py:179} INFO - Processing /home/samuel/dev/airflow_learning/venv/lib/python3.10/site-packages/airflow/example_dags/example_dynamic_task_mapping.py took 0.281 seconds
[2023-08-24T15:25:50.137+0100] {processor.py:157} INFO - Started process (PID=5552) to work on /home/samuel/dev/airflow_learning/venv/lib/python3.10/site-packages/airflow/example_dags/example_dynamic_task_mapping.py
[2023-08-24T15:25:50.140+0100] {processor.py:829} INFO - Processing file /home/samuel/dev/airflow_learning/venv/lib/python3.10/site-packages/airflow/example_dags/example_dynamic_task_mapping.py for tasks to queue
[2023-08-24T15:25:50.141+0100] {logging_mixin.py:151} INFO - [2023-08-24T15:25:50.140+0100] {dagbag.py:539} INFO - Filling up the DagBag from /home/samuel/dev/airflow_learning/venv/lib/python3.10/site-packages/airflow/example_dags/example_dynamic_task_mapping.py
[2023-08-24T15:25:50.149+0100] {processor.py:839} INFO - DAG(s) dict_keys(['example_dynamic_task_mapping']) retrieved from /home/samuel/dev/airflow_learning/venv/lib/python3.10/site-packages/airflow/example_dags/example_dynamic_task_mapping.py
[2023-08-24T15:25:50.165+0100] {logging_mixin.py:151} INFO - [2023-08-24T15:25:50.165+0100] {dag.py:2907} INFO - Sync 1 DAGs
[2023-08-24T15:25:50.186+0100] {logging_mixin.py:151} INFO - [2023-08-24T15:25:50.185+0100] {dag.py:3677} INFO - Setting next_dagrun for example_dynamic_task_mapping to 2022-03-04T00:00:00+00:00, run_after=2022-03-05T00:00:00+00:00
[2023-08-24T15:25:50.322+0100] {processor.py:179} INFO - Processing /home/samuel/dev/airflow_learning/venv/lib/python3.10/site-packages/airflow/example_dags/example_dynamic_task_mapping.py took 0.188 seconds
[2023-08-24T15:26:45.969+0100] {processor.py:157} INFO - Started process (PID=5603) to work on /home/samuel/dev/airflow_learning/venv/lib/python3.10/site-packages/airflow/example_dags/example_dynamic_task_mapping.py
[2023-08-24T15:26:45.975+0100] {processor.py:829} INFO - Processing file /home/samuel/dev/airflow_learning/venv/lib/python3.10/site-packages/airflow/example_dags/example_dynamic_task_mapping.py for tasks to queue
[2023-08-24T15:26:45.977+0100] {logging_mixin.py:151} INFO - [2023-08-24T15:26:45.976+0100] {dagbag.py:539} INFO - Filling up the DagBag from /home/samuel/dev/airflow_learning/venv/lib/python3.10/site-packages/airflow/example_dags/example_dynamic_task_mapping.py
[2023-08-24T15:26:45.989+0100] {processor.py:839} INFO - DAG(s) dict_keys(['example_dynamic_task_mapping']) retrieved from /home/samuel/dev/airflow_learning/venv/lib/python3.10/site-packages/airflow/example_dags/example_dynamic_task_mapping.py
[2023-08-24T15:26:46.006+0100] {logging_mixin.py:151} INFO - [2023-08-24T15:26:46.005+0100] {dag.py:2907} INFO - Sync 1 DAGs
[2023-08-24T15:26:46.024+0100] {logging_mixin.py:151} INFO - [2023-08-24T15:26:46.024+0100] {dag.py:3677} INFO - Setting next_dagrun for example_dynamic_task_mapping to 2022-03-04T00:00:00+00:00, run_after=2022-03-05T00:00:00+00:00
[2023-08-24T15:26:46.137+0100] {processor.py:179} INFO - Processing /home/samuel/dev/airflow_learning/venv/lib/python3.10/site-packages/airflow/example_dags/example_dynamic_task_mapping.py took 0.171 seconds
[2023-08-24T15:27:38.974+0100] {processor.py:157} INFO - Started process (PID=5653) to work on /home/samuel/dev/airflow_learning/venv/lib/python3.10/site-packages/airflow/example_dags/example_dynamic_task_mapping.py
[2023-08-24T15:27:38.977+0100] {processor.py:829} INFO - Processing file /home/samuel/dev/airflow_learning/venv/lib/python3.10/site-packages/airflow/example_dags/example_dynamic_task_mapping.py for tasks to queue
[2023-08-24T15:27:38.978+0100] {logging_mixin.py:151} INFO - [2023-08-24T15:27:38.978+0100] {dagbag.py:539} INFO - Filling up the DagBag from /home/samuel/dev/airflow_learning/venv/lib/python3.10/site-packages/airflow/example_dags/example_dynamic_task_mapping.py
[2023-08-24T15:27:38.987+0100] {processor.py:839} INFO - DAG(s) dict_keys(['example_dynamic_task_mapping']) retrieved from /home/samuel/dev/airflow_learning/venv/lib/python3.10/site-packages/airflow/example_dags/example_dynamic_task_mapping.py
[2023-08-24T15:27:39.002+0100] {logging_mixin.py:151} INFO - [2023-08-24T15:27:39.002+0100] {dag.py:2907} INFO - Sync 1 DAGs
[2023-08-24T15:27:39.021+0100] {logging_mixin.py:151} INFO - [2023-08-24T15:27:39.020+0100] {dag.py:3677} INFO - Setting next_dagrun for example_dynamic_task_mapping to 2022-03-04T00:00:00+00:00, run_after=2022-03-05T00:00:00+00:00
[2023-08-24T15:27:39.143+0100] {processor.py:179} INFO - Processing /home/samuel/dev/airflow_learning/venv/lib/python3.10/site-packages/airflow/example_dags/example_dynamic_task_mapping.py took 0.174 seconds
[2023-08-24T15:28:34.948+0100] {processor.py:157} INFO - Started process (PID=5715) to work on /home/samuel/dev/airflow_learning/venv/lib/python3.10/site-packages/airflow/example_dags/example_dynamic_task_mapping.py
[2023-08-24T15:28:34.949+0100] {processor.py:829} INFO - Processing file /home/samuel/dev/airflow_learning/venv/lib/python3.10/site-packages/airflow/example_dags/example_dynamic_task_mapping.py for tasks to queue
[2023-08-24T15:28:34.950+0100] {logging_mixin.py:151} INFO - [2023-08-24T15:28:34.950+0100] {dagbag.py:539} INFO - Filling up the DagBag from /home/samuel/dev/airflow_learning/venv/lib/python3.10/site-packages/airflow/example_dags/example_dynamic_task_mapping.py
[2023-08-24T15:28:34.958+0100] {processor.py:839} INFO - DAG(s) dict_keys(['example_dynamic_task_mapping']) retrieved from /home/samuel/dev/airflow_learning/venv/lib/python3.10/site-packages/airflow/example_dags/example_dynamic_task_mapping.py
[2023-08-24T15:28:34.973+0100] {logging_mixin.py:151} INFO - [2023-08-24T15:28:34.973+0100] {dag.py:2907} INFO - Sync 1 DAGs
[2023-08-24T15:28:34.993+0100] {logging_mixin.py:151} INFO - [2023-08-24T15:28:34.992+0100] {dag.py:3677} INFO - Setting next_dagrun for example_dynamic_task_mapping to 2022-03-04T00:00:00+00:00, run_after=2022-03-05T00:00:00+00:00
[2023-08-24T15:28:35.264+0100] {processor.py:179} INFO - Processing /home/samuel/dev/airflow_learning/venv/lib/python3.10/site-packages/airflow/example_dags/example_dynamic_task_mapping.py took 0.318 seconds
[2023-08-24T15:29:28.271+0100] {processor.py:157} INFO - Started process (PID=5781) to work on /home/samuel/dev/airflow_learning/venv/lib/python3.10/site-packages/airflow/example_dags/example_dynamic_task_mapping.py
[2023-08-24T15:29:28.274+0100] {processor.py:829} INFO - Processing file /home/samuel/dev/airflow_learning/venv/lib/python3.10/site-packages/airflow/example_dags/example_dynamic_task_mapping.py for tasks to queue
[2023-08-24T15:29:28.275+0100] {logging_mixin.py:151} INFO - [2023-08-24T15:29:28.274+0100] {dagbag.py:539} INFO - Filling up the DagBag from /home/samuel/dev/airflow_learning/venv/lib/python3.10/site-packages/airflow/example_dags/example_dynamic_task_mapping.py
[2023-08-24T15:29:28.284+0100] {processor.py:839} INFO - DAG(s) dict_keys(['example_dynamic_task_mapping']) retrieved from /home/samuel/dev/airflow_learning/venv/lib/python3.10/site-packages/airflow/example_dags/example_dynamic_task_mapping.py
[2023-08-24T15:29:28.302+0100] {logging_mixin.py:151} INFO - [2023-08-24T15:29:28.302+0100] {dag.py:2907} INFO - Sync 1 DAGs
[2023-08-24T15:29:28.322+0100] {logging_mixin.py:151} INFO - [2023-08-24T15:29:28.322+0100] {dag.py:3677} INFO - Setting next_dagrun for example_dynamic_task_mapping to 2022-03-04T00:00:00+00:00, run_after=2022-03-05T00:00:00+00:00
[2023-08-24T15:29:28.462+0100] {processor.py:179} INFO - Processing /home/samuel/dev/airflow_learning/venv/lib/python3.10/site-packages/airflow/example_dags/example_dynamic_task_mapping.py took 0.195 seconds
[2023-08-24T15:31:10.917+0100] {processor.py:157} INFO - Started process (PID=6016) to work on /home/samuel/dev/airflow_learning/venv/lib/python3.10/site-packages/airflow/example_dags/example_dynamic_task_mapping.py
[2023-08-24T15:31:10.943+0100] {processor.py:829} INFO - Processing file /home/samuel/dev/airflow_learning/venv/lib/python3.10/site-packages/airflow/example_dags/example_dynamic_task_mapping.py for tasks to queue
[2023-08-24T15:31:10.945+0100] {logging_mixin.py:151} INFO - [2023-08-24T15:31:10.944+0100] {dagbag.py:539} INFO - Filling up the DagBag from /home/samuel/dev/airflow_learning/venv/lib/python3.10/site-packages/airflow/example_dags/example_dynamic_task_mapping.py
[2023-08-24T15:31:10.954+0100] {processor.py:839} INFO - DAG(s) dict_keys(['example_dynamic_task_mapping']) retrieved from /home/samuel/dev/airflow_learning/venv/lib/python3.10/site-packages/airflow/example_dags/example_dynamic_task_mapping.py
[2023-08-24T15:31:10.969+0100] {logging_mixin.py:151} INFO - [2023-08-24T15:31:10.969+0100] {dag.py:2907} INFO - Sync 1 DAGs
[2023-08-24T15:31:10.987+0100] {logging_mixin.py:151} INFO - [2023-08-24T15:31:10.987+0100] {dag.py:3677} INFO - Setting next_dagrun for example_dynamic_task_mapping to 2022-03-04T00:00:00+00:00, run_after=2022-03-05T00:00:00+00:00
[2023-08-24T15:31:11.093+0100] {processor.py:179} INFO - Processing /home/samuel/dev/airflow_learning/venv/lib/python3.10/site-packages/airflow/example_dags/example_dynamic_task_mapping.py took 0.179 seconds
[2023-08-24T15:32:17.217+0100] {processor.py:157} INFO - Started process (PID=6082) to work on /home/samuel/dev/airflow_learning/venv/lib/python3.10/site-packages/airflow/example_dags/example_dynamic_task_mapping.py
[2023-08-24T15:32:17.219+0100] {processor.py:829} INFO - Processing file /home/samuel/dev/airflow_learning/venv/lib/python3.10/site-packages/airflow/example_dags/example_dynamic_task_mapping.py for tasks to queue
[2023-08-24T15:32:17.220+0100] {logging_mixin.py:151} INFO - [2023-08-24T15:32:17.219+0100] {dagbag.py:539} INFO - Filling up the DagBag from /home/samuel/dev/airflow_learning/venv/lib/python3.10/site-packages/airflow/example_dags/example_dynamic_task_mapping.py
[2023-08-24T15:32:17.229+0100] {processor.py:839} INFO - DAG(s) dict_keys(['example_dynamic_task_mapping']) retrieved from /home/samuel/dev/airflow_learning/venv/lib/python3.10/site-packages/airflow/example_dags/example_dynamic_task_mapping.py
[2023-08-24T15:32:17.246+0100] {logging_mixin.py:151} INFO - [2023-08-24T15:32:17.246+0100] {dag.py:2907} INFO - Sync 1 DAGs
[2023-08-24T15:32:17.266+0100] {logging_mixin.py:151} INFO - [2023-08-24T15:32:17.266+0100] {dag.py:3677} INFO - Setting next_dagrun for example_dynamic_task_mapping to 2022-03-04T00:00:00+00:00, run_after=2022-03-05T00:00:00+00:00
[2023-08-24T15:32:17.373+0100] {processor.py:179} INFO - Processing /home/samuel/dev/airflow_learning/venv/lib/python3.10/site-packages/airflow/example_dags/example_dynamic_task_mapping.py took 0.159 seconds
[2023-08-24T15:33:07.418+0100] {processor.py:157} INFO - Started process (PID=6143) to work on /home/samuel/dev/airflow_learning/venv/lib/python3.10/site-packages/airflow/example_dags/example_dynamic_task_mapping.py
[2023-08-24T15:33:07.442+0100] {processor.py:829} INFO - Processing file /home/samuel/dev/airflow_learning/venv/lib/python3.10/site-packages/airflow/example_dags/example_dynamic_task_mapping.py for tasks to queue
[2023-08-24T15:33:07.443+0100] {logging_mixin.py:151} INFO - [2023-08-24T15:33:07.443+0100] {dagbag.py:539} INFO - Filling up the DagBag from /home/samuel/dev/airflow_learning/venv/lib/python3.10/site-packages/airflow/example_dags/example_dynamic_task_mapping.py
[2023-08-24T15:33:07.453+0100] {processor.py:839} INFO - DAG(s) dict_keys(['example_dynamic_task_mapping']) retrieved from /home/samuel/dev/airflow_learning/venv/lib/python3.10/site-packages/airflow/example_dags/example_dynamic_task_mapping.py
[2023-08-24T15:33:07.472+0100] {logging_mixin.py:151} INFO - [2023-08-24T15:33:07.471+0100] {dag.py:2907} INFO - Sync 1 DAGs
[2023-08-24T15:33:07.494+0100] {logging_mixin.py:151} INFO - [2023-08-24T15:33:07.494+0100] {dag.py:3677} INFO - Setting next_dagrun for example_dynamic_task_mapping to 2022-03-04T00:00:00+00:00, run_after=2022-03-05T00:00:00+00:00
[2023-08-24T15:33:07.610+0100] {processor.py:179} INFO - Processing /home/samuel/dev/airflow_learning/venv/lib/python3.10/site-packages/airflow/example_dags/example_dynamic_task_mapping.py took 0.196 seconds
[2023-08-24T15:34:05.310+0100] {processor.py:157} INFO - Started process (PID=6202) to work on /home/samuel/dev/airflow_learning/venv/lib/python3.10/site-packages/airflow/example_dags/example_dynamic_task_mapping.py
[2023-08-24T15:34:05.313+0100] {processor.py:829} INFO - Processing file /home/samuel/dev/airflow_learning/venv/lib/python3.10/site-packages/airflow/example_dags/example_dynamic_task_mapping.py for tasks to queue
[2023-08-24T15:34:05.314+0100] {logging_mixin.py:151} INFO - [2023-08-24T15:34:05.314+0100] {dagbag.py:539} INFO - Filling up the DagBag from /home/samuel/dev/airflow_learning/venv/lib/python3.10/site-packages/airflow/example_dags/example_dynamic_task_mapping.py
[2023-08-24T15:34:05.323+0100] {processor.py:839} INFO - DAG(s) dict_keys(['example_dynamic_task_mapping']) retrieved from /home/samuel/dev/airflow_learning/venv/lib/python3.10/site-packages/airflow/example_dags/example_dynamic_task_mapping.py
[2023-08-24T15:34:05.339+0100] {logging_mixin.py:151} INFO - [2023-08-24T15:34:05.339+0100] {dag.py:2907} INFO - Sync 1 DAGs
[2023-08-24T15:34:05.360+0100] {logging_mixin.py:151} INFO - [2023-08-24T15:34:05.360+0100] {dag.py:3677} INFO - Setting next_dagrun for example_dynamic_task_mapping to 2022-03-04T00:00:00+00:00, run_after=2022-03-05T00:00:00+00:00
[2023-08-24T15:34:05.496+0100] {processor.py:179} INFO - Processing /home/samuel/dev/airflow_learning/venv/lib/python3.10/site-packages/airflow/example_dags/example_dynamic_task_mapping.py took 0.190 seconds
[2023-08-24T15:35:11.808+0100] {processor.py:157} INFO - Started process (PID=6274) to work on /home/samuel/dev/airflow_learning/venv/lib/python3.10/site-packages/airflow/example_dags/example_dynamic_task_mapping.py
[2023-08-24T15:35:11.823+0100] {processor.py:829} INFO - Processing file /home/samuel/dev/airflow_learning/venv/lib/python3.10/site-packages/airflow/example_dags/example_dynamic_task_mapping.py for tasks to queue
[2023-08-24T15:35:11.824+0100] {logging_mixin.py:151} INFO - [2023-08-24T15:35:11.824+0100] {dagbag.py:539} INFO - Filling up the DagBag from /home/samuel/dev/airflow_learning/venv/lib/python3.10/site-packages/airflow/example_dags/example_dynamic_task_mapping.py
[2023-08-24T15:35:11.833+0100] {processor.py:839} INFO - DAG(s) dict_keys(['example_dynamic_task_mapping']) retrieved from /home/samuel/dev/airflow_learning/venv/lib/python3.10/site-packages/airflow/example_dags/example_dynamic_task_mapping.py
[2023-08-24T15:35:11.848+0100] {logging_mixin.py:151} INFO - [2023-08-24T15:35:11.847+0100] {dag.py:2907} INFO - Sync 1 DAGs
[2023-08-24T15:35:11.867+0100] {logging_mixin.py:151} INFO - [2023-08-24T15:35:11.867+0100] {dag.py:3677} INFO - Setting next_dagrun for example_dynamic_task_mapping to 2022-03-04T00:00:00+00:00, run_after=2022-03-05T00:00:00+00:00
[2023-08-24T15:35:12.023+0100] {processor.py:179} INFO - Processing /home/samuel/dev/airflow_learning/venv/lib/python3.10/site-packages/airflow/example_dags/example_dynamic_task_mapping.py took 0.218 seconds
[2023-08-24T15:36:10.665+0100] {processor.py:157} INFO - Started process (PID=6336) to work on /home/samuel/dev/airflow_learning/venv/lib/python3.10/site-packages/airflow/example_dags/example_dynamic_task_mapping.py
[2023-08-24T15:36:10.704+0100] {processor.py:829} INFO - Processing file /home/samuel/dev/airflow_learning/venv/lib/python3.10/site-packages/airflow/example_dags/example_dynamic_task_mapping.py for tasks to queue
[2023-08-24T15:36:10.706+0100] {logging_mixin.py:151} INFO - [2023-08-24T15:36:10.705+0100] {dagbag.py:539} INFO - Filling up the DagBag from /home/samuel/dev/airflow_learning/venv/lib/python3.10/site-packages/airflow/example_dags/example_dynamic_task_mapping.py
[2023-08-24T15:36:10.716+0100] {processor.py:839} INFO - DAG(s) dict_keys(['example_dynamic_task_mapping']) retrieved from /home/samuel/dev/airflow_learning/venv/lib/python3.10/site-packages/airflow/example_dags/example_dynamic_task_mapping.py
[2023-08-24T15:36:10.735+0100] {logging_mixin.py:151} INFO - [2023-08-24T15:36:10.735+0100] {dag.py:2907} INFO - Sync 1 DAGs
[2023-08-24T15:36:10.759+0100] {logging_mixin.py:151} INFO - [2023-08-24T15:36:10.759+0100] {dag.py:3677} INFO - Setting next_dagrun for example_dynamic_task_mapping to 2022-03-04T00:00:00+00:00, run_after=2022-03-05T00:00:00+00:00
[2023-08-24T15:36:10.879+0100] {processor.py:179} INFO - Processing /home/samuel/dev/airflow_learning/venv/lib/python3.10/site-packages/airflow/example_dags/example_dynamic_task_mapping.py took 0.217 seconds
[2023-08-24T15:37:06.281+0100] {processor.py:157} INFO - Started process (PID=6390) to work on /home/samuel/dev/airflow_learning/venv/lib/python3.10/site-packages/airflow/example_dags/example_dynamic_task_mapping.py
[2023-08-24T15:37:06.297+0100] {processor.py:829} INFO - Processing file /home/samuel/dev/airflow_learning/venv/lib/python3.10/site-packages/airflow/example_dags/example_dynamic_task_mapping.py for tasks to queue
[2023-08-24T15:37:06.299+0100] {logging_mixin.py:151} INFO - [2023-08-24T15:37:06.298+0100] {dagbag.py:539} INFO - Filling up the DagBag from /home/samuel/dev/airflow_learning/venv/lib/python3.10/site-packages/airflow/example_dags/example_dynamic_task_mapping.py
[2023-08-24T15:37:06.309+0100] {processor.py:839} INFO - DAG(s) dict_keys(['example_dynamic_task_mapping']) retrieved from /home/samuel/dev/airflow_learning/venv/lib/python3.10/site-packages/airflow/example_dags/example_dynamic_task_mapping.py
[2023-08-24T15:37:06.326+0100] {logging_mixin.py:151} INFO - [2023-08-24T15:37:06.326+0100] {dag.py:2907} INFO - Sync 1 DAGs
[2023-08-24T15:37:06.351+0100] {logging_mixin.py:151} INFO - [2023-08-24T15:37:06.351+0100] {dag.py:3677} INFO - Setting next_dagrun for example_dynamic_task_mapping to 2022-03-04T00:00:00+00:00, run_after=2022-03-05T00:00:00+00:00
[2023-08-24T15:37:06.471+0100] {processor.py:179} INFO - Processing /home/samuel/dev/airflow_learning/venv/lib/python3.10/site-packages/airflow/example_dags/example_dynamic_task_mapping.py took 0.194 seconds
[2023-08-24T15:38:12.563+0100] {processor.py:157} INFO - Started process (PID=6442) to work on /home/samuel/dev/airflow_learning/venv/lib/python3.10/site-packages/airflow/example_dags/example_dynamic_task_mapping.py
[2023-08-24T15:38:12.584+0100] {processor.py:829} INFO - Processing file /home/samuel/dev/airflow_learning/venv/lib/python3.10/site-packages/airflow/example_dags/example_dynamic_task_mapping.py for tasks to queue
[2023-08-24T15:38:12.585+0100] {logging_mixin.py:151} INFO - [2023-08-24T15:38:12.584+0100] {dagbag.py:539} INFO - Filling up the DagBag from /home/samuel/dev/airflow_learning/venv/lib/python3.10/site-packages/airflow/example_dags/example_dynamic_task_mapping.py
[2023-08-24T15:38:12.594+0100] {processor.py:839} INFO - DAG(s) dict_keys(['example_dynamic_task_mapping']) retrieved from /home/samuel/dev/airflow_learning/venv/lib/python3.10/site-packages/airflow/example_dags/example_dynamic_task_mapping.py
[2023-08-24T15:38:12.614+0100] {logging_mixin.py:151} INFO - [2023-08-24T15:38:12.613+0100] {dag.py:2907} INFO - Sync 1 DAGs
[2023-08-24T15:38:12.636+0100] {logging_mixin.py:151} INFO - [2023-08-24T15:38:12.636+0100] {dag.py:3677} INFO - Setting next_dagrun for example_dynamic_task_mapping to 2022-03-04T00:00:00+00:00, run_after=2022-03-05T00:00:00+00:00
[2023-08-24T15:38:12.759+0100] {processor.py:179} INFO - Processing /home/samuel/dev/airflow_learning/venv/lib/python3.10/site-packages/airflow/example_dags/example_dynamic_task_mapping.py took 0.200 seconds
[2023-08-24T15:39:08.566+0100] {processor.py:157} INFO - Started process (PID=6497) to work on /home/samuel/dev/airflow_learning/venv/lib/python3.10/site-packages/airflow/example_dags/example_dynamic_task_mapping.py
[2023-08-24T15:39:08.568+0100] {processor.py:829} INFO - Processing file /home/samuel/dev/airflow_learning/venv/lib/python3.10/site-packages/airflow/example_dags/example_dynamic_task_mapping.py for tasks to queue
[2023-08-24T15:39:08.569+0100] {logging_mixin.py:151} INFO - [2023-08-24T15:39:08.569+0100] {dagbag.py:539} INFO - Filling up the DagBag from /home/samuel/dev/airflow_learning/venv/lib/python3.10/site-packages/airflow/example_dags/example_dynamic_task_mapping.py
[2023-08-24T15:39:08.579+0100] {processor.py:839} INFO - DAG(s) dict_keys(['example_dynamic_task_mapping']) retrieved from /home/samuel/dev/airflow_learning/venv/lib/python3.10/site-packages/airflow/example_dags/example_dynamic_task_mapping.py
[2023-08-24T15:39:08.596+0100] {logging_mixin.py:151} INFO - [2023-08-24T15:39:08.596+0100] {dag.py:2907} INFO - Sync 1 DAGs
[2023-08-24T15:39:08.620+0100] {logging_mixin.py:151} INFO - [2023-08-24T15:39:08.620+0100] {dag.py:3677} INFO - Setting next_dagrun for example_dynamic_task_mapping to 2022-03-04T00:00:00+00:00, run_after=2022-03-05T00:00:00+00:00
[2023-08-24T15:39:08.749+0100] {processor.py:179} INFO - Processing /home/samuel/dev/airflow_learning/venv/lib/python3.10/site-packages/airflow/example_dags/example_dynamic_task_mapping.py took 0.187 seconds
[2023-08-24T15:40:24.074+0100] {processor.py:157} INFO - Started process (PID=6591) to work on /home/samuel/dev/airflow_learning/venv/lib/python3.10/site-packages/airflow/example_dags/example_dynamic_task_mapping.py
[2023-08-24T15:40:24.103+0100] {processor.py:829} INFO - Processing file /home/samuel/dev/airflow_learning/venv/lib/python3.10/site-packages/airflow/example_dags/example_dynamic_task_mapping.py for tasks to queue
[2023-08-24T15:40:24.104+0100] {logging_mixin.py:151} INFO - [2023-08-24T15:40:24.103+0100] {dagbag.py:539} INFO - Filling up the DagBag from /home/samuel/dev/airflow_learning/venv/lib/python3.10/site-packages/airflow/example_dags/example_dynamic_task_mapping.py
[2023-08-24T15:40:24.113+0100] {processor.py:839} INFO - DAG(s) dict_keys(['example_dynamic_task_mapping']) retrieved from /home/samuel/dev/airflow_learning/venv/lib/python3.10/site-packages/airflow/example_dags/example_dynamic_task_mapping.py
[2023-08-24T15:40:24.131+0100] {logging_mixin.py:151} INFO - [2023-08-24T15:40:24.131+0100] {dag.py:2907} INFO - Sync 1 DAGs
[2023-08-24T15:40:24.155+0100] {logging_mixin.py:151} INFO - [2023-08-24T15:40:24.155+0100] {dag.py:3677} INFO - Setting next_dagrun for example_dynamic_task_mapping to 2022-03-04T00:00:00+00:00, run_after=2022-03-05T00:00:00+00:00
[2023-08-24T15:40:24.266+0100] {processor.py:179} INFO - Processing /home/samuel/dev/airflow_learning/venv/lib/python3.10/site-packages/airflow/example_dags/example_dynamic_task_mapping.py took 0.196 seconds
[2023-08-24T15:41:19.772+0100] {processor.py:157} INFO - Started process (PID=6645) to work on /home/samuel/dev/airflow_learning/venv/lib/python3.10/site-packages/airflow/example_dags/example_dynamic_task_mapping.py
[2023-08-24T15:41:19.774+0100] {processor.py:829} INFO - Processing file /home/samuel/dev/airflow_learning/venv/lib/python3.10/site-packages/airflow/example_dags/example_dynamic_task_mapping.py for tasks to queue
[2023-08-24T15:41:19.775+0100] {logging_mixin.py:151} INFO - [2023-08-24T15:41:19.775+0100] {dagbag.py:539} INFO - Filling up the DagBag from /home/samuel/dev/airflow_learning/venv/lib/python3.10/site-packages/airflow/example_dags/example_dynamic_task_mapping.py
[2023-08-24T15:41:19.784+0100] {processor.py:839} INFO - DAG(s) dict_keys(['example_dynamic_task_mapping']) retrieved from /home/samuel/dev/airflow_learning/venv/lib/python3.10/site-packages/airflow/example_dags/example_dynamic_task_mapping.py
[2023-08-24T15:41:19.801+0100] {logging_mixin.py:151} INFO - [2023-08-24T15:41:19.801+0100] {dag.py:2907} INFO - Sync 1 DAGs
[2023-08-24T15:41:19.820+0100] {logging_mixin.py:151} INFO - [2023-08-24T15:41:19.820+0100] {dag.py:3677} INFO - Setting next_dagrun for example_dynamic_task_mapping to 2022-03-04T00:00:00+00:00, run_after=2022-03-05T00:00:00+00:00
[2023-08-24T15:41:20.026+0100] {processor.py:179} INFO - Processing /home/samuel/dev/airflow_learning/venv/lib/python3.10/site-packages/airflow/example_dags/example_dynamic_task_mapping.py took 0.258 seconds
[2023-08-24T15:42:10.629+0100] {processor.py:157} INFO - Started process (PID=6698) to work on /home/samuel/dev/airflow_learning/venv/lib/python3.10/site-packages/airflow/example_dags/example_dynamic_task_mapping.py
[2023-08-24T15:42:10.653+0100] {processor.py:829} INFO - Processing file /home/samuel/dev/airflow_learning/venv/lib/python3.10/site-packages/airflow/example_dags/example_dynamic_task_mapping.py for tasks to queue
[2023-08-24T15:42:10.654+0100] {logging_mixin.py:151} INFO - [2023-08-24T15:42:10.654+0100] {dagbag.py:539} INFO - Filling up the DagBag from /home/samuel/dev/airflow_learning/venv/lib/python3.10/site-packages/airflow/example_dags/example_dynamic_task_mapping.py
[2023-08-24T15:42:10.664+0100] {processor.py:839} INFO - DAG(s) dict_keys(['example_dynamic_task_mapping']) retrieved from /home/samuel/dev/airflow_learning/venv/lib/python3.10/site-packages/airflow/example_dags/example_dynamic_task_mapping.py
[2023-08-24T15:42:10.683+0100] {logging_mixin.py:151} INFO - [2023-08-24T15:42:10.682+0100] {dag.py:2907} INFO - Sync 1 DAGs
[2023-08-24T15:42:10.705+0100] {logging_mixin.py:151} INFO - [2023-08-24T15:42:10.705+0100] {dag.py:3677} INFO - Setting next_dagrun for example_dynamic_task_mapping to 2022-03-04T00:00:00+00:00, run_after=2022-03-05T00:00:00+00:00
[2023-08-24T15:42:10.809+0100] {processor.py:179} INFO - Processing /home/samuel/dev/airflow_learning/venv/lib/python3.10/site-packages/airflow/example_dags/example_dynamic_task_mapping.py took 0.184 seconds
[2023-08-24T15:43:06.939+0100] {processor.py:157} INFO - Started process (PID=6807) to work on /home/samuel/dev/airflow_learning/venv/lib/python3.10/site-packages/airflow/example_dags/example_dynamic_task_mapping.py
[2023-08-24T15:43:06.964+0100] {processor.py:829} INFO - Processing file /home/samuel/dev/airflow_learning/venv/lib/python3.10/site-packages/airflow/example_dags/example_dynamic_task_mapping.py for tasks to queue
[2023-08-24T15:43:06.965+0100] {logging_mixin.py:151} INFO - [2023-08-24T15:43:06.964+0100] {dagbag.py:539} INFO - Filling up the DagBag from /home/samuel/dev/airflow_learning/venv/lib/python3.10/site-packages/airflow/example_dags/example_dynamic_task_mapping.py
[2023-08-24T15:43:06.975+0100] {processor.py:839} INFO - DAG(s) dict_keys(['example_dynamic_task_mapping']) retrieved from /home/samuel/dev/airflow_learning/venv/lib/python3.10/site-packages/airflow/example_dags/example_dynamic_task_mapping.py
[2023-08-24T15:43:06.994+0100] {logging_mixin.py:151} INFO - [2023-08-24T15:43:06.993+0100] {dag.py:2907} INFO - Sync 1 DAGs
[2023-08-24T15:43:07.016+0100] {logging_mixin.py:151} INFO - [2023-08-24T15:43:07.016+0100] {dag.py:3677} INFO - Setting next_dagrun for example_dynamic_task_mapping to 2022-03-04T00:00:00+00:00, run_after=2022-03-05T00:00:00+00:00
[2023-08-24T15:43:07.137+0100] {processor.py:179} INFO - Processing /home/samuel/dev/airflow_learning/venv/lib/python3.10/site-packages/airflow/example_dags/example_dynamic_task_mapping.py took 0.201 seconds
[2023-08-24T15:44:01.973+0100] {processor.py:157} INFO - Started process (PID=6861) to work on /home/samuel/dev/airflow_learning/venv/lib/python3.10/site-packages/airflow/example_dags/example_dynamic_task_mapping.py
[2023-08-24T15:44:02.014+0100] {processor.py:829} INFO - Processing file /home/samuel/dev/airflow_learning/venv/lib/python3.10/site-packages/airflow/example_dags/example_dynamic_task_mapping.py for tasks to queue
[2023-08-24T15:44:02.015+0100] {logging_mixin.py:151} INFO - [2023-08-24T15:44:02.014+0100] {dagbag.py:539} INFO - Filling up the DagBag from /home/samuel/dev/airflow_learning/venv/lib/python3.10/site-packages/airflow/example_dags/example_dynamic_task_mapping.py
[2023-08-24T15:44:02.025+0100] {processor.py:839} INFO - DAG(s) dict_keys(['example_dynamic_task_mapping']) retrieved from /home/samuel/dev/airflow_learning/venv/lib/python3.10/site-packages/airflow/example_dags/example_dynamic_task_mapping.py
[2023-08-24T15:44:02.044+0100] {logging_mixin.py:151} INFO - [2023-08-24T15:44:02.044+0100] {dag.py:2907} INFO - Sync 1 DAGs
[2023-08-24T15:44:02.067+0100] {logging_mixin.py:151} INFO - [2023-08-24T15:44:02.067+0100] {dag.py:3677} INFO - Setting next_dagrun for example_dynamic_task_mapping to 2022-03-04T00:00:00+00:00, run_after=2022-03-05T00:00:00+00:00
[2023-08-24T15:44:02.190+0100] {processor.py:179} INFO - Processing /home/samuel/dev/airflow_learning/venv/lib/python3.10/site-packages/airflow/example_dags/example_dynamic_task_mapping.py took 0.220 seconds
[2023-08-24T15:44:51.227+0100] {processor.py:157} INFO - Started process (PID=6908) to work on /home/samuel/dev/airflow_learning/venv/lib/python3.10/site-packages/airflow/example_dags/example_dynamic_task_mapping.py
[2023-08-24T15:44:51.262+0100] {processor.py:829} INFO - Processing file /home/samuel/dev/airflow_learning/venv/lib/python3.10/site-packages/airflow/example_dags/example_dynamic_task_mapping.py for tasks to queue
[2023-08-24T15:44:51.263+0100] {logging_mixin.py:151} INFO - [2023-08-24T15:44:51.263+0100] {dagbag.py:539} INFO - Filling up the DagBag from /home/samuel/dev/airflow_learning/venv/lib/python3.10/site-packages/airflow/example_dags/example_dynamic_task_mapping.py
[2023-08-24T15:44:51.272+0100] {processor.py:839} INFO - DAG(s) dict_keys(['example_dynamic_task_mapping']) retrieved from /home/samuel/dev/airflow_learning/venv/lib/python3.10/site-packages/airflow/example_dags/example_dynamic_task_mapping.py
[2023-08-24T15:44:51.291+0100] {logging_mixin.py:151} INFO - [2023-08-24T15:44:51.291+0100] {dag.py:2907} INFO - Sync 1 DAGs
[2023-08-24T15:44:51.315+0100] {logging_mixin.py:151} INFO - [2023-08-24T15:44:51.314+0100] {dag.py:3677} INFO - Setting next_dagrun for example_dynamic_task_mapping to 2022-03-04T00:00:00+00:00, run_after=2022-03-05T00:00:00+00:00
[2023-08-24T15:44:51.441+0100] {processor.py:179} INFO - Processing /home/samuel/dev/airflow_learning/venv/lib/python3.10/site-packages/airflow/example_dags/example_dynamic_task_mapping.py took 0.218 seconds
[2023-08-24T15:45:43.914+0100] {processor.py:157} INFO - Started process (PID=6959) to work on /home/samuel/dev/airflow_learning/venv/lib/python3.10/site-packages/airflow/example_dags/example_dynamic_task_mapping.py
[2023-08-24T15:45:43.919+0100] {processor.py:829} INFO - Processing file /home/samuel/dev/airflow_learning/venv/lib/python3.10/site-packages/airflow/example_dags/example_dynamic_task_mapping.py for tasks to queue
[2023-08-24T15:45:43.920+0100] {logging_mixin.py:151} INFO - [2023-08-24T15:45:43.920+0100] {dagbag.py:539} INFO - Filling up the DagBag from /home/samuel/dev/airflow_learning/venv/lib/python3.10/site-packages/airflow/example_dags/example_dynamic_task_mapping.py
[2023-08-24T15:45:43.930+0100] {processor.py:839} INFO - DAG(s) dict_keys(['example_dynamic_task_mapping']) retrieved from /home/samuel/dev/airflow_learning/venv/lib/python3.10/site-packages/airflow/example_dags/example_dynamic_task_mapping.py
[2023-08-24T15:45:43.948+0100] {logging_mixin.py:151} INFO - [2023-08-24T15:45:43.948+0100] {dag.py:2907} INFO - Sync 1 DAGs
[2023-08-24T15:45:43.968+0100] {logging_mixin.py:151} INFO - [2023-08-24T15:45:43.967+0100] {dag.py:3677} INFO - Setting next_dagrun for example_dynamic_task_mapping to 2022-03-04T00:00:00+00:00, run_after=2022-03-05T00:00:00+00:00
[2023-08-24T15:45:44.177+0100] {processor.py:179} INFO - Processing /home/samuel/dev/airflow_learning/venv/lib/python3.10/site-packages/airflow/example_dags/example_dynamic_task_mapping.py took 0.268 seconds
[2023-08-24T15:46:36.157+0100] {processor.py:157} INFO - Started process (PID=7009) to work on /home/samuel/dev/airflow_learning/venv/lib/python3.10/site-packages/airflow/example_dags/example_dynamic_task_mapping.py
[2023-08-24T15:46:36.172+0100] {processor.py:829} INFO - Processing file /home/samuel/dev/airflow_learning/venv/lib/python3.10/site-packages/airflow/example_dags/example_dynamic_task_mapping.py for tasks to queue
[2023-08-24T15:46:36.173+0100] {logging_mixin.py:151} INFO - [2023-08-24T15:46:36.173+0100] {dagbag.py:539} INFO - Filling up the DagBag from /home/samuel/dev/airflow_learning/venv/lib/python3.10/site-packages/airflow/example_dags/example_dynamic_task_mapping.py
[2023-08-24T15:46:36.183+0100] {processor.py:839} INFO - DAG(s) dict_keys(['example_dynamic_task_mapping']) retrieved from /home/samuel/dev/airflow_learning/venv/lib/python3.10/site-packages/airflow/example_dags/example_dynamic_task_mapping.py
[2023-08-24T15:46:36.203+0100] {logging_mixin.py:151} INFO - [2023-08-24T15:46:36.202+0100] {dag.py:2907} INFO - Sync 1 DAGs
[2023-08-24T15:46:36.224+0100] {logging_mixin.py:151} INFO - [2023-08-24T15:46:36.224+0100] {dag.py:3677} INFO - Setting next_dagrun for example_dynamic_task_mapping to 2022-03-04T00:00:00+00:00, run_after=2022-03-05T00:00:00+00:00
[2023-08-24T15:46:36.345+0100] {processor.py:179} INFO - Processing /home/samuel/dev/airflow_learning/venv/lib/python3.10/site-packages/airflow/example_dags/example_dynamic_task_mapping.py took 0.192 seconds
[2023-08-24T15:47:30.937+0100] {processor.py:157} INFO - Started process (PID=7060) to work on /home/samuel/dev/airflow_learning/venv/lib/python3.10/site-packages/airflow/example_dags/example_dynamic_task_mapping.py
[2023-08-24T15:47:30.939+0100] {processor.py:829} INFO - Processing file /home/samuel/dev/airflow_learning/venv/lib/python3.10/site-packages/airflow/example_dags/example_dynamic_task_mapping.py for tasks to queue
[2023-08-24T15:47:30.941+0100] {logging_mixin.py:151} INFO - [2023-08-24T15:47:30.940+0100] {dagbag.py:539} INFO - Filling up the DagBag from /home/samuel/dev/airflow_learning/venv/lib/python3.10/site-packages/airflow/example_dags/example_dynamic_task_mapping.py
[2023-08-24T15:47:30.950+0100] {processor.py:839} INFO - DAG(s) dict_keys(['example_dynamic_task_mapping']) retrieved from /home/samuel/dev/airflow_learning/venv/lib/python3.10/site-packages/airflow/example_dags/example_dynamic_task_mapping.py
[2023-08-24T15:47:30.966+0100] {logging_mixin.py:151} INFO - [2023-08-24T15:47:30.966+0100] {dag.py:2907} INFO - Sync 1 DAGs
[2023-08-24T15:47:30.985+0100] {logging_mixin.py:151} INFO - [2023-08-24T15:47:30.985+0100] {dag.py:3677} INFO - Setting next_dagrun for example_dynamic_task_mapping to 2022-03-04T00:00:00+00:00, run_after=2022-03-05T00:00:00+00:00
[2023-08-24T15:47:31.105+0100] {processor.py:179} INFO - Processing /home/samuel/dev/airflow_learning/venv/lib/python3.10/site-packages/airflow/example_dags/example_dynamic_task_mapping.py took 0.173 seconds
[2023-08-24T15:48:24.247+0100] {processor.py:157} INFO - Started process (PID=7128) to work on /home/samuel/dev/airflow_learning/venv/lib/python3.10/site-packages/airflow/example_dags/example_dynamic_task_mapping.py
[2023-08-24T15:48:24.281+0100] {processor.py:829} INFO - Processing file /home/samuel/dev/airflow_learning/venv/lib/python3.10/site-packages/airflow/example_dags/example_dynamic_task_mapping.py for tasks to queue
[2023-08-24T15:48:24.282+0100] {logging_mixin.py:151} INFO - [2023-08-24T15:48:24.282+0100] {dagbag.py:539} INFO - Filling up the DagBag from /home/samuel/dev/airflow_learning/venv/lib/python3.10/site-packages/airflow/example_dags/example_dynamic_task_mapping.py
[2023-08-24T15:48:24.292+0100] {processor.py:839} INFO - DAG(s) dict_keys(['example_dynamic_task_mapping']) retrieved from /home/samuel/dev/airflow_learning/venv/lib/python3.10/site-packages/airflow/example_dags/example_dynamic_task_mapping.py
[2023-08-24T15:48:24.310+0100] {logging_mixin.py:151} INFO - [2023-08-24T15:48:24.310+0100] {dag.py:2907} INFO - Sync 1 DAGs
[2023-08-24T15:48:24.333+0100] {logging_mixin.py:151} INFO - [2023-08-24T15:48:24.333+0100] {dag.py:3677} INFO - Setting next_dagrun for example_dynamic_task_mapping to 2022-03-04T00:00:00+00:00, run_after=2022-03-05T00:00:00+00:00
[2023-08-24T15:48:24.447+0100] {processor.py:179} INFO - Processing /home/samuel/dev/airflow_learning/venv/lib/python3.10/site-packages/airflow/example_dags/example_dynamic_task_mapping.py took 0.204 seconds
[2023-08-24T15:49:16.305+0100] {processor.py:157} INFO - Started process (PID=7177) to work on /home/samuel/dev/airflow_learning/venv/lib/python3.10/site-packages/airflow/example_dags/example_dynamic_task_mapping.py
[2023-08-24T15:49:16.359+0100] {processor.py:829} INFO - Processing file /home/samuel/dev/airflow_learning/venv/lib/python3.10/site-packages/airflow/example_dags/example_dynamic_task_mapping.py for tasks to queue
[2023-08-24T15:49:16.360+0100] {logging_mixin.py:151} INFO - [2023-08-24T15:49:16.359+0100] {dagbag.py:539} INFO - Filling up the DagBag from /home/samuel/dev/airflow_learning/venv/lib/python3.10/site-packages/airflow/example_dags/example_dynamic_task_mapping.py
[2023-08-24T15:49:16.369+0100] {processor.py:839} INFO - DAG(s) dict_keys(['example_dynamic_task_mapping']) retrieved from /home/samuel/dev/airflow_learning/venv/lib/python3.10/site-packages/airflow/example_dags/example_dynamic_task_mapping.py
[2023-08-24T15:49:16.388+0100] {logging_mixin.py:151} INFO - [2023-08-24T15:49:16.387+0100] {dag.py:2907} INFO - Sync 1 DAGs
[2023-08-24T15:49:16.411+0100] {logging_mixin.py:151} INFO - [2023-08-24T15:49:16.411+0100] {dag.py:3677} INFO - Setting next_dagrun for example_dynamic_task_mapping to 2022-03-04T00:00:00+00:00, run_after=2022-03-05T00:00:00+00:00
[2023-08-24T15:49:16.531+0100] {processor.py:179} INFO - Processing /home/samuel/dev/airflow_learning/venv/lib/python3.10/site-packages/airflow/example_dags/example_dynamic_task_mapping.py took 0.230 seconds
[2023-08-24T15:50:05.082+0100] {processor.py:157} INFO - Started process (PID=7223) to work on /home/samuel/dev/airflow_learning/venv/lib/python3.10/site-packages/airflow/example_dags/example_dynamic_task_mapping.py
[2023-08-24T15:50:05.107+0100] {processor.py:829} INFO - Processing file /home/samuel/dev/airflow_learning/venv/lib/python3.10/site-packages/airflow/example_dags/example_dynamic_task_mapping.py for tasks to queue
[2023-08-24T15:50:05.108+0100] {logging_mixin.py:151} INFO - [2023-08-24T15:50:05.108+0100] {dagbag.py:539} INFO - Filling up the DagBag from /home/samuel/dev/airflow_learning/venv/lib/python3.10/site-packages/airflow/example_dags/example_dynamic_task_mapping.py
[2023-08-24T15:50:05.118+0100] {processor.py:839} INFO - DAG(s) dict_keys(['example_dynamic_task_mapping']) retrieved from /home/samuel/dev/airflow_learning/venv/lib/python3.10/site-packages/airflow/example_dags/example_dynamic_task_mapping.py
[2023-08-24T15:50:05.136+0100] {logging_mixin.py:151} INFO - [2023-08-24T15:50:05.136+0100] {dag.py:2907} INFO - Sync 1 DAGs
[2023-08-24T15:50:05.159+0100] {logging_mixin.py:151} INFO - [2023-08-24T15:50:05.158+0100] {dag.py:3677} INFO - Setting next_dagrun for example_dynamic_task_mapping to 2022-03-04T00:00:00+00:00, run_after=2022-03-05T00:00:00+00:00
[2023-08-24T15:50:05.289+0100] {processor.py:179} INFO - Processing /home/samuel/dev/airflow_learning/venv/lib/python3.10/site-packages/airflow/example_dags/example_dynamic_task_mapping.py took 0.211 seconds
[2023-08-24T15:50:55.999+0100] {processor.py:157} INFO - Started process (PID=7271) to work on /home/samuel/dev/airflow_learning/venv/lib/python3.10/site-packages/airflow/example_dags/example_dynamic_task_mapping.py
[2023-08-24T15:50:56.023+0100] {processor.py:829} INFO - Processing file /home/samuel/dev/airflow_learning/venv/lib/python3.10/site-packages/airflow/example_dags/example_dynamic_task_mapping.py for tasks to queue
[2023-08-24T15:50:56.024+0100] {logging_mixin.py:151} INFO - [2023-08-24T15:50:56.024+0100] {dagbag.py:539} INFO - Filling up the DagBag from /home/samuel/dev/airflow_learning/venv/lib/python3.10/site-packages/airflow/example_dags/example_dynamic_task_mapping.py
[2023-08-24T15:50:56.033+0100] {processor.py:839} INFO - DAG(s) dict_keys(['example_dynamic_task_mapping']) retrieved from /home/samuel/dev/airflow_learning/venv/lib/python3.10/site-packages/airflow/example_dags/example_dynamic_task_mapping.py
[2023-08-24T15:50:56.052+0100] {logging_mixin.py:151} INFO - [2023-08-24T15:50:56.052+0100] {dag.py:2907} INFO - Sync 1 DAGs
[2023-08-24T15:50:56.074+0100] {logging_mixin.py:151} INFO - [2023-08-24T15:50:56.074+0100] {dag.py:3677} INFO - Setting next_dagrun for example_dynamic_task_mapping to 2022-03-04T00:00:00+00:00, run_after=2022-03-05T00:00:00+00:00
[2023-08-24T15:50:56.179+0100] {processor.py:179} INFO - Processing /home/samuel/dev/airflow_learning/venv/lib/python3.10/site-packages/airflow/example_dags/example_dynamic_task_mapping.py took 0.184 seconds
[2023-08-24T15:51:49.457+0100] {processor.py:157} INFO - Started process (PID=7328) to work on /home/samuel/dev/airflow_learning/venv/lib/python3.10/site-packages/airflow/example_dags/example_dynamic_task_mapping.py
[2023-08-24T15:51:49.459+0100] {processor.py:829} INFO - Processing file /home/samuel/dev/airflow_learning/venv/lib/python3.10/site-packages/airflow/example_dags/example_dynamic_task_mapping.py for tasks to queue
[2023-08-24T15:51:49.460+0100] {logging_mixin.py:151} INFO - [2023-08-24T15:51:49.460+0100] {dagbag.py:539} INFO - Filling up the DagBag from /home/samuel/dev/airflow_learning/venv/lib/python3.10/site-packages/airflow/example_dags/example_dynamic_task_mapping.py
[2023-08-24T15:51:49.469+0100] {processor.py:839} INFO - DAG(s) dict_keys(['example_dynamic_task_mapping']) retrieved from /home/samuel/dev/airflow_learning/venv/lib/python3.10/site-packages/airflow/example_dags/example_dynamic_task_mapping.py
[2023-08-24T15:51:49.486+0100] {logging_mixin.py:151} INFO - [2023-08-24T15:51:49.486+0100] {dag.py:2907} INFO - Sync 1 DAGs
[2023-08-24T15:51:49.506+0100] {logging_mixin.py:151} INFO - [2023-08-24T15:51:49.505+0100] {dag.py:3677} INFO - Setting next_dagrun for example_dynamic_task_mapping to 2022-03-04T00:00:00+00:00, run_after=2022-03-05T00:00:00+00:00
[2023-08-24T15:51:49.628+0100] {processor.py:179} INFO - Processing /home/samuel/dev/airflow_learning/venv/lib/python3.10/site-packages/airflow/example_dags/example_dynamic_task_mapping.py took 0.175 seconds
[2023-08-24T15:52:37.370+0100] {processor.py:157} INFO - Started process (PID=7377) to work on /home/samuel/dev/airflow_learning/venv/lib/python3.10/site-packages/airflow/example_dags/example_dynamic_task_mapping.py
[2023-08-24T15:52:37.373+0100] {processor.py:829} INFO - Processing file /home/samuel/dev/airflow_learning/venv/lib/python3.10/site-packages/airflow/example_dags/example_dynamic_task_mapping.py for tasks to queue
[2023-08-24T15:52:37.374+0100] {logging_mixin.py:151} INFO - [2023-08-24T15:52:37.373+0100] {dagbag.py:539} INFO - Filling up the DagBag from /home/samuel/dev/airflow_learning/venv/lib/python3.10/site-packages/airflow/example_dags/example_dynamic_task_mapping.py
[2023-08-24T15:52:37.383+0100] {processor.py:839} INFO - DAG(s) dict_keys(['example_dynamic_task_mapping']) retrieved from /home/samuel/dev/airflow_learning/venv/lib/python3.10/site-packages/airflow/example_dags/example_dynamic_task_mapping.py
[2023-08-24T15:52:37.401+0100] {logging_mixin.py:151} INFO - [2023-08-24T15:52:37.400+0100] {dag.py:2907} INFO - Sync 1 DAGs
[2023-08-24T15:52:37.421+0100] {logging_mixin.py:151} INFO - [2023-08-24T15:52:37.420+0100] {dag.py:3677} INFO - Setting next_dagrun for example_dynamic_task_mapping to 2022-03-04T00:00:00+00:00, run_after=2022-03-05T00:00:00+00:00
[2023-08-24T15:52:37.545+0100] {processor.py:179} INFO - Processing /home/samuel/dev/airflow_learning/venv/lib/python3.10/site-packages/airflow/example_dags/example_dynamic_task_mapping.py took 0.179 seconds
[2023-08-24T15:53:29.625+0100] {processor.py:157} INFO - Started process (PID=7492) to work on /home/samuel/dev/airflow_learning/venv/lib/python3.10/site-packages/airflow/example_dags/example_dynamic_task_mapping.py
[2023-08-24T15:53:29.657+0100] {processor.py:829} INFO - Processing file /home/samuel/dev/airflow_learning/venv/lib/python3.10/site-packages/airflow/example_dags/example_dynamic_task_mapping.py for tasks to queue
[2023-08-24T15:53:29.658+0100] {logging_mixin.py:151} INFO - [2023-08-24T15:53:29.658+0100] {dagbag.py:539} INFO - Filling up the DagBag from /home/samuel/dev/airflow_learning/venv/lib/python3.10/site-packages/airflow/example_dags/example_dynamic_task_mapping.py
[2023-08-24T15:53:29.668+0100] {processor.py:839} INFO - DAG(s) dict_keys(['example_dynamic_task_mapping']) retrieved from /home/samuel/dev/airflow_learning/venv/lib/python3.10/site-packages/airflow/example_dags/example_dynamic_task_mapping.py
[2023-08-24T15:53:29.689+0100] {logging_mixin.py:151} INFO - [2023-08-24T15:53:29.688+0100] {dag.py:2907} INFO - Sync 1 DAGs
[2023-08-24T15:53:29.712+0100] {logging_mixin.py:151} INFO - [2023-08-24T15:53:29.712+0100] {dag.py:3677} INFO - Setting next_dagrun for example_dynamic_task_mapping to 2022-03-04T00:00:00+00:00, run_after=2022-03-05T00:00:00+00:00
[2023-08-24T15:53:29.817+0100] {processor.py:179} INFO - Processing /home/samuel/dev/airflow_learning/venv/lib/python3.10/site-packages/airflow/example_dags/example_dynamic_task_mapping.py took 0.195 seconds
[2023-08-24T15:54:35.340+0100] {processor.py:157} INFO - Started process (PID=7585) to work on /home/samuel/dev/airflow_learning/venv/lib/python3.10/site-packages/airflow/example_dags/example_dynamic_task_mapping.py
[2023-08-24T15:54:35.341+0100] {processor.py:829} INFO - Processing file /home/samuel/dev/airflow_learning/venv/lib/python3.10/site-packages/airflow/example_dags/example_dynamic_task_mapping.py for tasks to queue
[2023-08-24T15:54:35.342+0100] {logging_mixin.py:151} INFO - [2023-08-24T15:54:35.342+0100] {dagbag.py:539} INFO - Filling up the DagBag from /home/samuel/dev/airflow_learning/venv/lib/python3.10/site-packages/airflow/example_dags/example_dynamic_task_mapping.py
[2023-08-24T15:54:35.352+0100] {processor.py:839} INFO - DAG(s) dict_keys(['example_dynamic_task_mapping']) retrieved from /home/samuel/dev/airflow_learning/venv/lib/python3.10/site-packages/airflow/example_dags/example_dynamic_task_mapping.py
[2023-08-24T15:54:35.373+0100] {logging_mixin.py:151} INFO - [2023-08-24T15:54:35.372+0100] {dag.py:2907} INFO - Sync 1 DAGs
[2023-08-24T15:54:35.404+0100] {logging_mixin.py:151} INFO - [2023-08-24T15:54:35.404+0100] {dag.py:3677} INFO - Setting next_dagrun for example_dynamic_task_mapping to 2022-03-04T00:00:00+00:00, run_after=2022-03-05T00:00:00+00:00
[2023-08-24T15:54:35.645+0100] {processor.py:179} INFO - Processing /home/samuel/dev/airflow_learning/venv/lib/python3.10/site-packages/airflow/example_dags/example_dynamic_task_mapping.py took 0.308 seconds
[2023-08-24T15:55:36.303+0100] {processor.py:157} INFO - Started process (PID=7637) to work on /home/samuel/dev/airflow_learning/venv/lib/python3.10/site-packages/airflow/example_dags/example_dynamic_task_mapping.py
[2023-08-24T15:55:36.306+0100] {processor.py:829} INFO - Processing file /home/samuel/dev/airflow_learning/venv/lib/python3.10/site-packages/airflow/example_dags/example_dynamic_task_mapping.py for tasks to queue
[2023-08-24T15:55:36.307+0100] {logging_mixin.py:151} INFO - [2023-08-24T15:55:36.306+0100] {dagbag.py:539} INFO - Filling up the DagBag from /home/samuel/dev/airflow_learning/venv/lib/python3.10/site-packages/airflow/example_dags/example_dynamic_task_mapping.py
[2023-08-24T15:55:36.317+0100] {processor.py:839} INFO - DAG(s) dict_keys(['example_dynamic_task_mapping']) retrieved from /home/samuel/dev/airflow_learning/venv/lib/python3.10/site-packages/airflow/example_dags/example_dynamic_task_mapping.py
[2023-08-24T15:55:36.335+0100] {logging_mixin.py:151} INFO - [2023-08-24T15:55:36.334+0100] {dag.py:2907} INFO - Sync 1 DAGs
[2023-08-24T15:55:36.357+0100] {logging_mixin.py:151} INFO - [2023-08-24T15:55:36.357+0100] {dag.py:3677} INFO - Setting next_dagrun for example_dynamic_task_mapping to 2022-03-04T00:00:00+00:00, run_after=2022-03-05T00:00:00+00:00
[2023-08-24T15:55:36.507+0100] {processor.py:179} INFO - Processing /home/samuel/dev/airflow_learning/venv/lib/python3.10/site-packages/airflow/example_dags/example_dynamic_task_mapping.py took 0.207 seconds
[2023-08-24T15:56:29.645+0100] {processor.py:157} INFO - Started process (PID=7822) to work on /home/samuel/dev/airflow_learning/venv/lib/python3.10/site-packages/airflow/example_dags/example_dynamic_task_mapping.py
[2023-08-24T15:56:29.663+0100] {processor.py:829} INFO - Processing file /home/samuel/dev/airflow_learning/venv/lib/python3.10/site-packages/airflow/example_dags/example_dynamic_task_mapping.py for tasks to queue
[2023-08-24T15:56:29.664+0100] {logging_mixin.py:151} INFO - [2023-08-24T15:56:29.664+0100] {dagbag.py:539} INFO - Filling up the DagBag from /home/samuel/dev/airflow_learning/venv/lib/python3.10/site-packages/airflow/example_dags/example_dynamic_task_mapping.py
[2023-08-24T15:56:29.673+0100] {processor.py:839} INFO - DAG(s) dict_keys(['example_dynamic_task_mapping']) retrieved from /home/samuel/dev/airflow_learning/venv/lib/python3.10/site-packages/airflow/example_dags/example_dynamic_task_mapping.py
[2023-08-24T15:56:29.692+0100] {logging_mixin.py:151} INFO - [2023-08-24T15:56:29.691+0100] {dag.py:2907} INFO - Sync 1 DAGs
[2023-08-24T15:56:29.713+0100] {logging_mixin.py:151} INFO - [2023-08-24T15:56:29.713+0100] {dag.py:3677} INFO - Setting next_dagrun for example_dynamic_task_mapping to 2022-03-04T00:00:00+00:00, run_after=2022-03-05T00:00:00+00:00
[2023-08-24T15:56:29.806+0100] {processor.py:179} INFO - Processing /home/samuel/dev/airflow_learning/venv/lib/python3.10/site-packages/airflow/example_dags/example_dynamic_task_mapping.py took 0.164 seconds
[2023-08-24T15:57:18.038+0100] {processor.py:157} INFO - Started process (PID=7876) to work on /home/samuel/dev/airflow_learning/venv/lib/python3.10/site-packages/airflow/example_dags/example_dynamic_task_mapping.py
[2023-08-24T15:57:18.039+0100] {processor.py:829} INFO - Processing file /home/samuel/dev/airflow_learning/venv/lib/python3.10/site-packages/airflow/example_dags/example_dynamic_task_mapping.py for tasks to queue
[2023-08-24T15:57:18.040+0100] {logging_mixin.py:151} INFO - [2023-08-24T15:57:18.040+0100] {dagbag.py:539} INFO - Filling up the DagBag from /home/samuel/dev/airflow_learning/venv/lib/python3.10/site-packages/airflow/example_dags/example_dynamic_task_mapping.py
[2023-08-24T15:57:18.050+0100] {processor.py:839} INFO - DAG(s) dict_keys(['example_dynamic_task_mapping']) retrieved from /home/samuel/dev/airflow_learning/venv/lib/python3.10/site-packages/airflow/example_dags/example_dynamic_task_mapping.py
[2023-08-24T15:57:18.069+0100] {logging_mixin.py:151} INFO - [2023-08-24T15:57:18.068+0100] {dag.py:2907} INFO - Sync 1 DAGs
[2023-08-24T15:57:18.088+0100] {logging_mixin.py:151} INFO - [2023-08-24T15:57:18.088+0100] {dag.py:3677} INFO - Setting next_dagrun for example_dynamic_task_mapping to 2022-03-04T00:00:00+00:00, run_after=2022-03-05T00:00:00+00:00
[2023-08-24T15:57:18.198+0100] {processor.py:179} INFO - Processing /home/samuel/dev/airflow_learning/venv/lib/python3.10/site-packages/airflow/example_dags/example_dynamic_task_mapping.py took 0.164 seconds
[2023-08-24T15:58:10.849+0100] {processor.py:157} INFO - Started process (PID=7929) to work on /home/samuel/dev/airflow_learning/venv/lib/python3.10/site-packages/airflow/example_dags/example_dynamic_task_mapping.py
[2023-08-24T15:58:10.852+0100] {processor.py:829} INFO - Processing file /home/samuel/dev/airflow_learning/venv/lib/python3.10/site-packages/airflow/example_dags/example_dynamic_task_mapping.py for tasks to queue
[2023-08-24T15:58:10.853+0100] {logging_mixin.py:151} INFO - [2023-08-24T15:58:10.852+0100] {dagbag.py:539} INFO - Filling up the DagBag from /home/samuel/dev/airflow_learning/venv/lib/python3.10/site-packages/airflow/example_dags/example_dynamic_task_mapping.py
[2023-08-24T15:58:10.863+0100] {processor.py:839} INFO - DAG(s) dict_keys(['example_dynamic_task_mapping']) retrieved from /home/samuel/dev/airflow_learning/venv/lib/python3.10/site-packages/airflow/example_dags/example_dynamic_task_mapping.py
[2023-08-24T15:58:10.881+0100] {logging_mixin.py:151} INFO - [2023-08-24T15:58:10.881+0100] {dag.py:2907} INFO - Sync 1 DAGs
[2023-08-24T15:58:10.901+0100] {logging_mixin.py:151} INFO - [2023-08-24T15:58:10.901+0100] {dag.py:3677} INFO - Setting next_dagrun for example_dynamic_task_mapping to 2022-03-04T00:00:00+00:00, run_after=2022-03-05T00:00:00+00:00
[2023-08-24T15:58:11.027+0100] {processor.py:179} INFO - Processing /home/samuel/dev/airflow_learning/venv/lib/python3.10/site-packages/airflow/example_dags/example_dynamic_task_mapping.py took 0.182 seconds
[2023-08-24T15:59:03.381+0100] {processor.py:157} INFO - Started process (PID=8002) to work on /home/samuel/dev/airflow_learning/venv/lib/python3.10/site-packages/airflow/example_dags/example_dynamic_task_mapping.py
[2023-08-24T15:59:03.383+0100] {processor.py:829} INFO - Processing file /home/samuel/dev/airflow_learning/venv/lib/python3.10/site-packages/airflow/example_dags/example_dynamic_task_mapping.py for tasks to queue
[2023-08-24T15:59:03.385+0100] {logging_mixin.py:151} INFO - [2023-08-24T15:59:03.384+0100] {dagbag.py:539} INFO - Filling up the DagBag from /home/samuel/dev/airflow_learning/venv/lib/python3.10/site-packages/airflow/example_dags/example_dynamic_task_mapping.py
[2023-08-24T15:59:03.394+0100] {processor.py:839} INFO - DAG(s) dict_keys(['example_dynamic_task_mapping']) retrieved from /home/samuel/dev/airflow_learning/venv/lib/python3.10/site-packages/airflow/example_dags/example_dynamic_task_mapping.py
[2023-08-24T15:59:03.410+0100] {logging_mixin.py:151} INFO - [2023-08-24T15:59:03.410+0100] {dag.py:2907} INFO - Sync 1 DAGs
[2023-08-24T15:59:03.431+0100] {logging_mixin.py:151} INFO - [2023-08-24T15:59:03.430+0100] {dag.py:3677} INFO - Setting next_dagrun for example_dynamic_task_mapping to 2022-03-04T00:00:00+00:00, run_after=2022-03-05T00:00:00+00:00
[2023-08-24T15:59:03.555+0100] {processor.py:179} INFO - Processing /home/samuel/dev/airflow_learning/venv/lib/python3.10/site-packages/airflow/example_dags/example_dynamic_task_mapping.py took 0.177 seconds
[2023-08-24T16:00:01.981+0100] {processor.py:157} INFO - Started process (PID=8219) to work on /home/samuel/dev/airflow_learning/venv/lib/python3.10/site-packages/airflow/example_dags/example_dynamic_task_mapping.py
[2023-08-24T16:00:01.983+0100] {processor.py:829} INFO - Processing file /home/samuel/dev/airflow_learning/venv/lib/python3.10/site-packages/airflow/example_dags/example_dynamic_task_mapping.py for tasks to queue
[2023-08-24T16:00:01.984+0100] {logging_mixin.py:151} INFO - [2023-08-24T16:00:01.984+0100] {dagbag.py:539} INFO - Filling up the DagBag from /home/samuel/dev/airflow_learning/venv/lib/python3.10/site-packages/airflow/example_dags/example_dynamic_task_mapping.py
[2023-08-24T16:00:01.993+0100] {processor.py:839} INFO - DAG(s) dict_keys(['example_dynamic_task_mapping']) retrieved from /home/samuel/dev/airflow_learning/venv/lib/python3.10/site-packages/airflow/example_dags/example_dynamic_task_mapping.py
[2023-08-24T16:00:02.010+0100] {logging_mixin.py:151} INFO - [2023-08-24T16:00:02.010+0100] {dag.py:2907} INFO - Sync 1 DAGs
[2023-08-24T16:00:02.029+0100] {logging_mixin.py:151} INFO - [2023-08-24T16:00:02.029+0100] {dag.py:3677} INFO - Setting next_dagrun for example_dynamic_task_mapping to 2022-03-04T00:00:00+00:00, run_after=2022-03-05T00:00:00+00:00
[2023-08-24T16:00:02.136+0100] {processor.py:179} INFO - Processing /home/samuel/dev/airflow_learning/venv/lib/python3.10/site-packages/airflow/example_dags/example_dynamic_task_mapping.py took 0.159 seconds
[2023-08-24T16:00:55.781+0100] {processor.py:157} INFO - Started process (PID=8328) to work on /home/samuel/dev/airflow_learning/venv/lib/python3.10/site-packages/airflow/example_dags/example_dynamic_task_mapping.py
[2023-08-24T16:00:55.793+0100] {processor.py:829} INFO - Processing file /home/samuel/dev/airflow_learning/venv/lib/python3.10/site-packages/airflow/example_dags/example_dynamic_task_mapping.py for tasks to queue
[2023-08-24T16:00:55.794+0100] {logging_mixin.py:151} INFO - [2023-08-24T16:00:55.794+0100] {dagbag.py:539} INFO - Filling up the DagBag from /home/samuel/dev/airflow_learning/venv/lib/python3.10/site-packages/airflow/example_dags/example_dynamic_task_mapping.py
[2023-08-24T16:00:55.803+0100] {processor.py:839} INFO - DAG(s) dict_keys(['example_dynamic_task_mapping']) retrieved from /home/samuel/dev/airflow_learning/venv/lib/python3.10/site-packages/airflow/example_dags/example_dynamic_task_mapping.py
[2023-08-24T16:00:55.817+0100] {logging_mixin.py:151} INFO - [2023-08-24T16:00:55.817+0100] {dag.py:2907} INFO - Sync 1 DAGs
[2023-08-24T16:00:55.837+0100] {logging_mixin.py:151} INFO - [2023-08-24T16:00:55.837+0100] {dag.py:3677} INFO - Setting next_dagrun for example_dynamic_task_mapping to 2022-03-04T00:00:00+00:00, run_after=2022-03-05T00:00:00+00:00
[2023-08-24T16:00:55.962+0100] {processor.py:179} INFO - Processing /home/samuel/dev/airflow_learning/venv/lib/python3.10/site-packages/airflow/example_dags/example_dynamic_task_mapping.py took 0.184 seconds
[2023-08-24T16:01:50.796+0100] {processor.py:157} INFO - Started process (PID=8411) to work on /home/samuel/dev/airflow_learning/venv/lib/python3.10/site-packages/airflow/example_dags/example_dynamic_task_mapping.py
[2023-08-24T16:01:50.811+0100] {processor.py:829} INFO - Processing file /home/samuel/dev/airflow_learning/venv/lib/python3.10/site-packages/airflow/example_dags/example_dynamic_task_mapping.py for tasks to queue
[2023-08-24T16:01:50.812+0100] {logging_mixin.py:151} INFO - [2023-08-24T16:01:50.811+0100] {dagbag.py:539} INFO - Filling up the DagBag from /home/samuel/dev/airflow_learning/venv/lib/python3.10/site-packages/airflow/example_dags/example_dynamic_task_mapping.py
[2023-08-24T16:01:50.821+0100] {processor.py:839} INFO - DAG(s) dict_keys(['example_dynamic_task_mapping']) retrieved from /home/samuel/dev/airflow_learning/venv/lib/python3.10/site-packages/airflow/example_dags/example_dynamic_task_mapping.py
[2023-08-24T16:01:50.840+0100] {logging_mixin.py:151} INFO - [2023-08-24T16:01:50.840+0100] {dag.py:2907} INFO - Sync 1 DAGs
[2023-08-24T16:01:50.863+0100] {logging_mixin.py:151} INFO - [2023-08-24T16:01:50.863+0100] {dag.py:3677} INFO - Setting next_dagrun for example_dynamic_task_mapping to 2022-03-04T00:00:00+00:00, run_after=2022-03-05T00:00:00+00:00
[2023-08-24T16:01:50.978+0100] {processor.py:179} INFO - Processing /home/samuel/dev/airflow_learning/venv/lib/python3.10/site-packages/airflow/example_dags/example_dynamic_task_mapping.py took 0.185 seconds
[2023-08-24T16:02:42.738+0100] {processor.py:157} INFO - Started process (PID=8478) to work on /home/samuel/dev/airflow_learning/venv/lib/python3.10/site-packages/airflow/example_dags/example_dynamic_task_mapping.py
[2023-08-24T16:02:42.740+0100] {processor.py:829} INFO - Processing file /home/samuel/dev/airflow_learning/venv/lib/python3.10/site-packages/airflow/example_dags/example_dynamic_task_mapping.py for tasks to queue
[2023-08-24T16:02:42.741+0100] {logging_mixin.py:151} INFO - [2023-08-24T16:02:42.741+0100] {dagbag.py:539} INFO - Filling up the DagBag from /home/samuel/dev/airflow_learning/venv/lib/python3.10/site-packages/airflow/example_dags/example_dynamic_task_mapping.py
[2023-08-24T16:02:42.751+0100] {processor.py:839} INFO - DAG(s) dict_keys(['example_dynamic_task_mapping']) retrieved from /home/samuel/dev/airflow_learning/venv/lib/python3.10/site-packages/airflow/example_dags/example_dynamic_task_mapping.py
[2023-08-24T16:02:42.768+0100] {logging_mixin.py:151} INFO - [2023-08-24T16:02:42.768+0100] {dag.py:2907} INFO - Sync 1 DAGs
[2023-08-24T16:02:42.790+0100] {logging_mixin.py:151} INFO - [2023-08-24T16:02:42.790+0100] {dag.py:3677} INFO - Setting next_dagrun for example_dynamic_task_mapping to 2022-03-04T00:00:00+00:00, run_after=2022-03-05T00:00:00+00:00
[2023-08-24T16:02:42.929+0100] {processor.py:179} INFO - Processing /home/samuel/dev/airflow_learning/venv/lib/python3.10/site-packages/airflow/example_dags/example_dynamic_task_mapping.py took 0.196 seconds
[2023-08-24T16:03:33.406+0100] {processor.py:157} INFO - Started process (PID=8544) to work on /home/samuel/dev/airflow_learning/venv/lib/python3.10/site-packages/airflow/example_dags/example_dynamic_task_mapping.py
[2023-08-24T16:03:33.453+0100] {processor.py:829} INFO - Processing file /home/samuel/dev/airflow_learning/venv/lib/python3.10/site-packages/airflow/example_dags/example_dynamic_task_mapping.py for tasks to queue
[2023-08-24T16:03:33.454+0100] {logging_mixin.py:151} INFO - [2023-08-24T16:03:33.454+0100] {dagbag.py:539} INFO - Filling up the DagBag from /home/samuel/dev/airflow_learning/venv/lib/python3.10/site-packages/airflow/example_dags/example_dynamic_task_mapping.py
[2023-08-24T16:03:33.464+0100] {processor.py:839} INFO - DAG(s) dict_keys(['example_dynamic_task_mapping']) retrieved from /home/samuel/dev/airflow_learning/venv/lib/python3.10/site-packages/airflow/example_dags/example_dynamic_task_mapping.py
[2023-08-24T16:03:33.482+0100] {logging_mixin.py:151} INFO - [2023-08-24T16:03:33.482+0100] {dag.py:2907} INFO - Sync 1 DAGs
[2023-08-24T16:03:33.506+0100] {logging_mixin.py:151} INFO - [2023-08-24T16:03:33.505+0100] {dag.py:3677} INFO - Setting next_dagrun for example_dynamic_task_mapping to 2022-03-04T00:00:00+00:00, run_after=2022-03-05T00:00:00+00:00
[2023-08-24T16:03:34.115+0100] {processor.py:179} INFO - Processing /home/samuel/dev/airflow_learning/venv/lib/python3.10/site-packages/airflow/example_dags/example_dynamic_task_mapping.py took 0.713 seconds
[2023-08-24T16:04:29.274+0100] {processor.py:157} INFO - Started process (PID=8621) to work on /home/samuel/dev/airflow_learning/venv/lib/python3.10/site-packages/airflow/example_dags/example_dynamic_task_mapping.py
[2023-08-24T16:04:29.296+0100] {processor.py:829} INFO - Processing file /home/samuel/dev/airflow_learning/venv/lib/python3.10/site-packages/airflow/example_dags/example_dynamic_task_mapping.py for tasks to queue
[2023-08-24T16:04:29.297+0100] {logging_mixin.py:151} INFO - [2023-08-24T16:04:29.296+0100] {dagbag.py:539} INFO - Filling up the DagBag from /home/samuel/dev/airflow_learning/venv/lib/python3.10/site-packages/airflow/example_dags/example_dynamic_task_mapping.py
[2023-08-24T16:04:29.306+0100] {processor.py:839} INFO - DAG(s) dict_keys(['example_dynamic_task_mapping']) retrieved from /home/samuel/dev/airflow_learning/venv/lib/python3.10/site-packages/airflow/example_dags/example_dynamic_task_mapping.py
[2023-08-24T16:04:29.326+0100] {logging_mixin.py:151} INFO - [2023-08-24T16:04:29.325+0100] {dag.py:2907} INFO - Sync 1 DAGs
[2023-08-24T16:04:29.348+0100] {logging_mixin.py:151} INFO - [2023-08-24T16:04:29.348+0100] {dag.py:3677} INFO - Setting next_dagrun for example_dynamic_task_mapping to 2022-03-04T00:00:00+00:00, run_after=2022-03-05T00:00:00+00:00
[2023-08-24T16:04:29.460+0100] {processor.py:179} INFO - Processing /home/samuel/dev/airflow_learning/venv/lib/python3.10/site-packages/airflow/example_dags/example_dynamic_task_mapping.py took 0.190 seconds
