[2023-08-24T15:23:01.106+0100] {processor.py:157} INFO - Started process (PID=5377) to work on /home/samuel/dev/airflow_learning/venv/lib/python3.10/site-packages/airflow/example_dags/example_params_ui_tutorial.py
[2023-08-24T15:23:01.107+0100] {processor.py:829} INFO - Processing file /home/samuel/dev/airflow_learning/venv/lib/python3.10/site-packages/airflow/example_dags/example_params_ui_tutorial.py for tasks to queue
[2023-08-24T15:23:01.108+0100] {logging_mixin.py:151} INFO - [2023-08-24T15:23:01.108+0100] {dagbag.py:539} INFO - Filling up the DagBag from /home/samuel/dev/airflow_learning/venv/lib/python3.10/site-packages/airflow/example_dags/example_params_ui_tutorial.py
[2023-08-24T15:23:01.142+0100] {processor.py:839} INFO - DAG(s) dict_keys(['example_params_ui_tutorial']) retrieved from /home/samuel/dev/airflow_learning/venv/lib/python3.10/site-packages/airflow/example_dags/example_params_ui_tutorial.py
[2023-08-24T15:23:01.547+0100] {logging_mixin.py:151} INFO - [2023-08-24T15:23:01.547+0100] {manager.py:501} INFO - Created Permission View: can edit on DAG:example_params_ui_tutorial
[2023-08-24T15:23:01.669+0100] {logging_mixin.py:151} INFO - [2023-08-24T15:23:01.669+0100] {manager.py:501} INFO - Created Permission View: can delete on DAG:example_params_ui_tutorial
[2023-08-24T15:23:01.792+0100] {logging_mixin.py:151} INFO - [2023-08-24T15:23:01.791+0100] {manager.py:501} INFO - Created Permission View: can read on DAG:example_params_ui_tutorial
[2023-08-24T15:23:01.820+0100] {logging_mixin.py:151} INFO - [2023-08-24T15:23:01.820+0100] {dag.py:2907} INFO - Sync 1 DAGs
[2023-08-24T15:23:01.843+0100] {logging_mixin.py:151} INFO - [2023-08-24T15:23:01.842+0100] {dag.py:2929} INFO - Creating ORM DAG for example_params_ui_tutorial
[2023-08-24T15:23:01.844+0100] {logging_mixin.py:151} INFO - [2023-08-24T15:23:01.843+0100] {dag.py:3677} INFO - Setting next_dagrun for example_params_ui_tutorial to None, run_after=None
[2023-08-24T15:23:02.009+0100] {processor.py:179} INFO - Processing /home/samuel/dev/airflow_learning/venv/lib/python3.10/site-packages/airflow/example_dags/example_params_ui_tutorial.py took 0.906 seconds
[2023-08-24T15:24:12.366+0100] {processor.py:157} INFO - Started process (PID=5453) to work on /home/samuel/dev/airflow_learning/venv/lib/python3.10/site-packages/airflow/example_dags/example_params_ui_tutorial.py
[2023-08-24T15:24:12.396+0100] {processor.py:829} INFO - Processing file /home/samuel/dev/airflow_learning/venv/lib/python3.10/site-packages/airflow/example_dags/example_params_ui_tutorial.py for tasks to queue
[2023-08-24T15:24:12.397+0100] {logging_mixin.py:151} INFO - [2023-08-24T15:24:12.397+0100] {dagbag.py:539} INFO - Filling up the DagBag from /home/samuel/dev/airflow_learning/venv/lib/python3.10/site-packages/airflow/example_dags/example_params_ui_tutorial.py
[2023-08-24T15:24:12.432+0100] {processor.py:839} INFO - DAG(s) dict_keys(['example_params_ui_tutorial']) retrieved from /home/samuel/dev/airflow_learning/venv/lib/python3.10/site-packages/airflow/example_dags/example_params_ui_tutorial.py
[2023-08-24T15:24:12.493+0100] {logging_mixin.py:151} INFO - [2023-08-24T15:24:12.492+0100] {dag.py:2907} INFO - Sync 1 DAGs
[2023-08-24T15:24:12.509+0100] {logging_mixin.py:151} INFO - [2023-08-24T15:24:12.509+0100] {dag.py:3677} INFO - Setting next_dagrun for example_params_ui_tutorial to None, run_after=None
[2023-08-24T15:24:12.637+0100] {processor.py:179} INFO - Processing /home/samuel/dev/airflow_learning/venv/lib/python3.10/site-packages/airflow/example_dags/example_params_ui_tutorial.py took 0.275 seconds
[2023-08-24T15:25:07.162+0100] {processor.py:157} INFO - Started process (PID=5509) to work on /home/samuel/dev/airflow_learning/venv/lib/python3.10/site-packages/airflow/example_dags/example_params_ui_tutorial.py
[2023-08-24T15:25:07.163+0100] {processor.py:829} INFO - Processing file /home/samuel/dev/airflow_learning/venv/lib/python3.10/site-packages/airflow/example_dags/example_params_ui_tutorial.py for tasks to queue
[2023-08-24T15:25:07.164+0100] {logging_mixin.py:151} INFO - [2023-08-24T15:25:07.164+0100] {dagbag.py:539} INFO - Filling up the DagBag from /home/samuel/dev/airflow_learning/venv/lib/python3.10/site-packages/airflow/example_dags/example_params_ui_tutorial.py
[2023-08-24T15:25:07.200+0100] {processor.py:839} INFO - DAG(s) dict_keys(['example_params_ui_tutorial']) retrieved from /home/samuel/dev/airflow_learning/venv/lib/python3.10/site-packages/airflow/example_dags/example_params_ui_tutorial.py
[2023-08-24T15:25:07.248+0100] {logging_mixin.py:151} INFO - [2023-08-24T15:25:07.248+0100] {dag.py:2907} INFO - Sync 1 DAGs
[2023-08-24T15:25:07.259+0100] {logging_mixin.py:151} INFO - [2023-08-24T15:25:07.259+0100] {dag.py:3677} INFO - Setting next_dagrun for example_params_ui_tutorial to None, run_after=None
[2023-08-24T15:25:07.377+0100] {processor.py:179} INFO - Processing /home/samuel/dev/airflow_learning/venv/lib/python3.10/site-packages/airflow/example_dags/example_params_ui_tutorial.py took 0.219 seconds
[2023-08-24T15:26:02.993+0100] {processor.py:157} INFO - Started process (PID=5564) to work on /home/samuel/dev/airflow_learning/venv/lib/python3.10/site-packages/airflow/example_dags/example_params_ui_tutorial.py
[2023-08-24T15:26:02.994+0100] {processor.py:829} INFO - Processing file /home/samuel/dev/airflow_learning/venv/lib/python3.10/site-packages/airflow/example_dags/example_params_ui_tutorial.py for tasks to queue
[2023-08-24T15:26:02.995+0100] {logging_mixin.py:151} INFO - [2023-08-24T15:26:02.995+0100] {dagbag.py:539} INFO - Filling up the DagBag from /home/samuel/dev/airflow_learning/venv/lib/python3.10/site-packages/airflow/example_dags/example_params_ui_tutorial.py
[2023-08-24T15:26:03.031+0100] {processor.py:839} INFO - DAG(s) dict_keys(['example_params_ui_tutorial']) retrieved from /home/samuel/dev/airflow_learning/venv/lib/python3.10/site-packages/airflow/example_dags/example_params_ui_tutorial.py
[2023-08-24T15:26:03.081+0100] {logging_mixin.py:151} INFO - [2023-08-24T15:26:03.080+0100] {dag.py:2907} INFO - Sync 1 DAGs
[2023-08-24T15:26:03.091+0100] {logging_mixin.py:151} INFO - [2023-08-24T15:26:03.091+0100] {dag.py:3677} INFO - Setting next_dagrun for example_params_ui_tutorial to None, run_after=None
[2023-08-24T15:26:03.188+0100] {processor.py:179} INFO - Processing /home/samuel/dev/airflow_learning/venv/lib/python3.10/site-packages/airflow/example_dags/example_params_ui_tutorial.py took 0.199 seconds
[2023-08-24T15:26:56.863+0100] {processor.py:157} INFO - Started process (PID=5613) to work on /home/samuel/dev/airflow_learning/venv/lib/python3.10/site-packages/airflow/example_dags/example_params_ui_tutorial.py
[2023-08-24T15:26:56.866+0100] {processor.py:829} INFO - Processing file /home/samuel/dev/airflow_learning/venv/lib/python3.10/site-packages/airflow/example_dags/example_params_ui_tutorial.py for tasks to queue
[2023-08-24T15:26:56.867+0100] {logging_mixin.py:151} INFO - [2023-08-24T15:26:56.867+0100] {dagbag.py:539} INFO - Filling up the DagBag from /home/samuel/dev/airflow_learning/venv/lib/python3.10/site-packages/airflow/example_dags/example_params_ui_tutorial.py
[2023-08-24T15:26:56.903+0100] {processor.py:839} INFO - DAG(s) dict_keys(['example_params_ui_tutorial']) retrieved from /home/samuel/dev/airflow_learning/venv/lib/python3.10/site-packages/airflow/example_dags/example_params_ui_tutorial.py
[2023-08-24T15:26:56.952+0100] {logging_mixin.py:151} INFO - [2023-08-24T15:26:56.952+0100] {dag.py:2907} INFO - Sync 1 DAGs
[2023-08-24T15:26:56.963+0100] {logging_mixin.py:151} INFO - [2023-08-24T15:26:56.963+0100] {dag.py:3677} INFO - Setting next_dagrun for example_params_ui_tutorial to None, run_after=None
[2023-08-24T15:26:57.109+0100] {processor.py:179} INFO - Processing /home/samuel/dev/airflow_learning/venv/lib/python3.10/site-packages/airflow/example_dags/example_params_ui_tutorial.py took 0.250 seconds
[2023-08-24T15:27:51.789+0100] {processor.py:157} INFO - Started process (PID=5665) to work on /home/samuel/dev/airflow_learning/venv/lib/python3.10/site-packages/airflow/example_dags/example_params_ui_tutorial.py
[2023-08-24T15:27:51.828+0100] {processor.py:829} INFO - Processing file /home/samuel/dev/airflow_learning/venv/lib/python3.10/site-packages/airflow/example_dags/example_params_ui_tutorial.py for tasks to queue
[2023-08-24T15:27:51.830+0100] {logging_mixin.py:151} INFO - [2023-08-24T15:27:51.829+0100] {dagbag.py:539} INFO - Filling up the DagBag from /home/samuel/dev/airflow_learning/venv/lib/python3.10/site-packages/airflow/example_dags/example_params_ui_tutorial.py
[2023-08-24T15:27:51.871+0100] {processor.py:839} INFO - DAG(s) dict_keys(['example_params_ui_tutorial']) retrieved from /home/samuel/dev/airflow_learning/venv/lib/python3.10/site-packages/airflow/example_dags/example_params_ui_tutorial.py
[2023-08-24T15:27:51.923+0100] {logging_mixin.py:151} INFO - [2023-08-24T15:27:51.923+0100] {dag.py:2907} INFO - Sync 1 DAGs
[2023-08-24T15:27:51.935+0100] {logging_mixin.py:151} INFO - [2023-08-24T15:27:51.935+0100] {dag.py:3677} INFO - Setting next_dagrun for example_params_ui_tutorial to None, run_after=None
[2023-08-24T15:27:52.046+0100] {processor.py:179} INFO - Processing /home/samuel/dev/airflow_learning/venv/lib/python3.10/site-packages/airflow/example_dags/example_params_ui_tutorial.py took 0.261 seconds
[2023-08-24T15:28:47.388+0100] {processor.py:157} INFO - Started process (PID=5725) to work on /home/samuel/dev/airflow_learning/venv/lib/python3.10/site-packages/airflow/example_dags/example_params_ui_tutorial.py
[2023-08-24T15:28:47.407+0100] {processor.py:829} INFO - Processing file /home/samuel/dev/airflow_learning/venv/lib/python3.10/site-packages/airflow/example_dags/example_params_ui_tutorial.py for tasks to queue
[2023-08-24T15:28:47.408+0100] {logging_mixin.py:151} INFO - [2023-08-24T15:28:47.407+0100] {dagbag.py:539} INFO - Filling up the DagBag from /home/samuel/dev/airflow_learning/venv/lib/python3.10/site-packages/airflow/example_dags/example_params_ui_tutorial.py
[2023-08-24T15:28:47.444+0100] {processor.py:839} INFO - DAG(s) dict_keys(['example_params_ui_tutorial']) retrieved from /home/samuel/dev/airflow_learning/venv/lib/python3.10/site-packages/airflow/example_dags/example_params_ui_tutorial.py
[2023-08-24T15:28:47.496+0100] {logging_mixin.py:151} INFO - [2023-08-24T15:28:47.495+0100] {dag.py:2907} INFO - Sync 1 DAGs
[2023-08-24T15:28:47.508+0100] {logging_mixin.py:151} INFO - [2023-08-24T15:28:47.508+0100] {dag.py:3677} INFO - Setting next_dagrun for example_params_ui_tutorial to None, run_after=None
[2023-08-24T15:28:47.625+0100] {processor.py:179} INFO - Processing /home/samuel/dev/airflow_learning/venv/lib/python3.10/site-packages/airflow/example_dags/example_params_ui_tutorial.py took 0.240 seconds
[2023-08-24T15:29:40.333+0100] {processor.py:157} INFO - Started process (PID=5792) to work on /home/samuel/dev/airflow_learning/venv/lib/python3.10/site-packages/airflow/example_dags/example_params_ui_tutorial.py
[2023-08-24T15:29:40.356+0100] {processor.py:829} INFO - Processing file /home/samuel/dev/airflow_learning/venv/lib/python3.10/site-packages/airflow/example_dags/example_params_ui_tutorial.py for tasks to queue
[2023-08-24T15:29:40.357+0100] {logging_mixin.py:151} INFO - [2023-08-24T15:29:40.356+0100] {dagbag.py:539} INFO - Filling up the DagBag from /home/samuel/dev/airflow_learning/venv/lib/python3.10/site-packages/airflow/example_dags/example_params_ui_tutorial.py
[2023-08-24T15:29:40.396+0100] {processor.py:839} INFO - DAG(s) dict_keys(['example_params_ui_tutorial']) retrieved from /home/samuel/dev/airflow_learning/venv/lib/python3.10/site-packages/airflow/example_dags/example_params_ui_tutorial.py
[2023-08-24T15:29:40.445+0100] {logging_mixin.py:151} INFO - [2023-08-24T15:29:40.445+0100] {dag.py:2907} INFO - Sync 1 DAGs
[2023-08-24T15:29:40.456+0100] {logging_mixin.py:151} INFO - [2023-08-24T15:29:40.456+0100] {dag.py:3677} INFO - Setting next_dagrun for example_params_ui_tutorial to None, run_after=None
[2023-08-24T15:29:40.563+0100] {processor.py:179} INFO - Processing /home/samuel/dev/airflow_learning/venv/lib/python3.10/site-packages/airflow/example_dags/example_params_ui_tutorial.py took 0.233 seconds
[2023-08-24T15:31:26.662+0100] {processor.py:157} INFO - Started process (PID=6035) to work on /home/samuel/dev/airflow_learning/venv/lib/python3.10/site-packages/airflow/example_dags/example_params_ui_tutorial.py
[2023-08-24T15:31:26.689+0100] {processor.py:829} INFO - Processing file /home/samuel/dev/airflow_learning/venv/lib/python3.10/site-packages/airflow/example_dags/example_params_ui_tutorial.py for tasks to queue
[2023-08-24T15:31:26.690+0100] {logging_mixin.py:151} INFO - [2023-08-24T15:31:26.689+0100] {dagbag.py:539} INFO - Filling up the DagBag from /home/samuel/dev/airflow_learning/venv/lib/python3.10/site-packages/airflow/example_dags/example_params_ui_tutorial.py
[2023-08-24T15:31:26.736+0100] {processor.py:839} INFO - DAG(s) dict_keys(['example_params_ui_tutorial']) retrieved from /home/samuel/dev/airflow_learning/venv/lib/python3.10/site-packages/airflow/example_dags/example_params_ui_tutorial.py
[2023-08-24T15:31:26.784+0100] {logging_mixin.py:151} INFO - [2023-08-24T15:31:26.784+0100] {dag.py:2907} INFO - Sync 1 DAGs
[2023-08-24T15:31:26.795+0100] {logging_mixin.py:151} INFO - [2023-08-24T15:31:26.794+0100] {dag.py:3677} INFO - Setting next_dagrun for example_params_ui_tutorial to None, run_after=None
[2023-08-24T15:31:26.947+0100] {processor.py:179} INFO - Processing /home/samuel/dev/airflow_learning/venv/lib/python3.10/site-packages/airflow/example_dags/example_params_ui_tutorial.py took 0.288 seconds
[2023-08-24T15:32:27.866+0100] {processor.py:157} INFO - Started process (PID=6092) to work on /home/samuel/dev/airflow_learning/venv/lib/python3.10/site-packages/airflow/example_dags/example_params_ui_tutorial.py
[2023-08-24T15:32:28.044+0100] {processor.py:829} INFO - Processing file /home/samuel/dev/airflow_learning/venv/lib/python3.10/site-packages/airflow/example_dags/example_params_ui_tutorial.py for tasks to queue
[2023-08-24T15:32:28.045+0100] {logging_mixin.py:151} INFO - [2023-08-24T15:32:28.045+0100] {dagbag.py:539} INFO - Filling up the DagBag from /home/samuel/dev/airflow_learning/venv/lib/python3.10/site-packages/airflow/example_dags/example_params_ui_tutorial.py
[2023-08-24T15:32:28.101+0100] {processor.py:839} INFO - DAG(s) dict_keys(['example_params_ui_tutorial']) retrieved from /home/samuel/dev/airflow_learning/venv/lib/python3.10/site-packages/airflow/example_dags/example_params_ui_tutorial.py
[2023-08-24T15:32:28.168+0100] {logging_mixin.py:151} INFO - [2023-08-24T15:32:28.168+0100] {dag.py:2907} INFO - Sync 1 DAGs
[2023-08-24T15:32:28.187+0100] {logging_mixin.py:151} INFO - [2023-08-24T15:32:28.186+0100] {dag.py:3677} INFO - Setting next_dagrun for example_params_ui_tutorial to None, run_after=None
[2023-08-24T15:32:28.351+0100] {processor.py:179} INFO - Processing /home/samuel/dev/airflow_learning/venv/lib/python3.10/site-packages/airflow/example_dags/example_params_ui_tutorial.py took 0.489 seconds
[2023-08-24T15:33:19.974+0100] {processor.py:157} INFO - Started process (PID=6155) to work on /home/samuel/dev/airflow_learning/venv/lib/python3.10/site-packages/airflow/example_dags/example_params_ui_tutorial.py
[2023-08-24T15:33:19.981+0100] {processor.py:829} INFO - Processing file /home/samuel/dev/airflow_learning/venv/lib/python3.10/site-packages/airflow/example_dags/example_params_ui_tutorial.py for tasks to queue
[2023-08-24T15:33:19.983+0100] {logging_mixin.py:151} INFO - [2023-08-24T15:33:19.982+0100] {dagbag.py:539} INFO - Filling up the DagBag from /home/samuel/dev/airflow_learning/venv/lib/python3.10/site-packages/airflow/example_dags/example_params_ui_tutorial.py
[2023-08-24T15:33:20.013+0100] {processor.py:839} INFO - DAG(s) dict_keys(['example_params_ui_tutorial']) retrieved from /home/samuel/dev/airflow_learning/venv/lib/python3.10/site-packages/airflow/example_dags/example_params_ui_tutorial.py
[2023-08-24T15:33:20.061+0100] {logging_mixin.py:151} INFO - [2023-08-24T15:33:20.060+0100] {dag.py:2907} INFO - Sync 1 DAGs
[2023-08-24T15:33:20.072+0100] {logging_mixin.py:151} INFO - [2023-08-24T15:33:20.072+0100] {dag.py:3677} INFO - Setting next_dagrun for example_params_ui_tutorial to None, run_after=None
[2023-08-24T15:33:20.179+0100] {processor.py:179} INFO - Processing /home/samuel/dev/airflow_learning/venv/lib/python3.10/site-packages/airflow/example_dags/example_params_ui_tutorial.py took 0.209 seconds
[2023-08-24T15:34:17.362+0100] {processor.py:157} INFO - Started process (PID=6215) to work on /home/samuel/dev/airflow_learning/venv/lib/python3.10/site-packages/airflow/example_dags/example_params_ui_tutorial.py
[2023-08-24T15:34:17.415+0100] {processor.py:829} INFO - Processing file /home/samuel/dev/airflow_learning/venv/lib/python3.10/site-packages/airflow/example_dags/example_params_ui_tutorial.py for tasks to queue
[2023-08-24T15:34:17.417+0100] {logging_mixin.py:151} INFO - [2023-08-24T15:34:17.416+0100] {dagbag.py:539} INFO - Filling up the DagBag from /home/samuel/dev/airflow_learning/venv/lib/python3.10/site-packages/airflow/example_dags/example_params_ui_tutorial.py
[2023-08-24T15:34:17.464+0100] {processor.py:839} INFO - DAG(s) dict_keys(['example_params_ui_tutorial']) retrieved from /home/samuel/dev/airflow_learning/venv/lib/python3.10/site-packages/airflow/example_dags/example_params_ui_tutorial.py
[2023-08-24T15:34:17.639+0100] {logging_mixin.py:151} INFO - [2023-08-24T15:34:17.638+0100] {dag.py:2907} INFO - Sync 1 DAGs
[2023-08-24T15:34:17.659+0100] {logging_mixin.py:151} INFO - [2023-08-24T15:34:17.659+0100] {dag.py:3677} INFO - Setting next_dagrun for example_params_ui_tutorial to None, run_after=None
[2023-08-24T15:34:18.883+0100] {processor.py:179} INFO - Processing /home/samuel/dev/airflow_learning/venv/lib/python3.10/site-packages/airflow/example_dags/example_params_ui_tutorial.py took 1.525 seconds
[2023-08-24T15:35:28.537+0100] {processor.py:157} INFO - Started process (PID=6292) to work on /home/samuel/dev/airflow_learning/venv/lib/python3.10/site-packages/airflow/example_dags/example_params_ui_tutorial.py
[2023-08-24T15:35:28.555+0100] {processor.py:829} INFO - Processing file /home/samuel/dev/airflow_learning/venv/lib/python3.10/site-packages/airflow/example_dags/example_params_ui_tutorial.py for tasks to queue
[2023-08-24T15:35:28.556+0100] {logging_mixin.py:151} INFO - [2023-08-24T15:35:28.556+0100] {dagbag.py:539} INFO - Filling up the DagBag from /home/samuel/dev/airflow_learning/venv/lib/python3.10/site-packages/airflow/example_dags/example_params_ui_tutorial.py
[2023-08-24T15:35:28.594+0100] {processor.py:839} INFO - DAG(s) dict_keys(['example_params_ui_tutorial']) retrieved from /home/samuel/dev/airflow_learning/venv/lib/python3.10/site-packages/airflow/example_dags/example_params_ui_tutorial.py
[2023-08-24T15:35:28.643+0100] {logging_mixin.py:151} INFO - [2023-08-24T15:35:28.643+0100] {dag.py:2907} INFO - Sync 1 DAGs
[2023-08-24T15:35:28.655+0100] {logging_mixin.py:151} INFO - [2023-08-24T15:35:28.655+0100] {dag.py:3677} INFO - Setting next_dagrun for example_params_ui_tutorial to None, run_after=None
[2023-08-24T15:35:28.779+0100] {processor.py:179} INFO - Processing /home/samuel/dev/airflow_learning/venv/lib/python3.10/site-packages/airflow/example_dags/example_params_ui_tutorial.py took 0.246 seconds
[2023-08-24T15:36:24.057+0100] {processor.py:157} INFO - Started process (PID=6349) to work on /home/samuel/dev/airflow_learning/venv/lib/python3.10/site-packages/airflow/example_dags/example_params_ui_tutorial.py
[2023-08-24T15:36:24.089+0100] {processor.py:829} INFO - Processing file /home/samuel/dev/airflow_learning/venv/lib/python3.10/site-packages/airflow/example_dags/example_params_ui_tutorial.py for tasks to queue
[2023-08-24T15:36:24.091+0100] {logging_mixin.py:151} INFO - [2023-08-24T15:36:24.090+0100] {dagbag.py:539} INFO - Filling up the DagBag from /home/samuel/dev/airflow_learning/venv/lib/python3.10/site-packages/airflow/example_dags/example_params_ui_tutorial.py
[2023-08-24T15:36:24.130+0100] {processor.py:839} INFO - DAG(s) dict_keys(['example_params_ui_tutorial']) retrieved from /home/samuel/dev/airflow_learning/venv/lib/python3.10/site-packages/airflow/example_dags/example_params_ui_tutorial.py
[2023-08-24T15:36:24.182+0100] {logging_mixin.py:151} INFO - [2023-08-24T15:36:24.182+0100] {dag.py:2907} INFO - Sync 1 DAGs
[2023-08-24T15:36:24.194+0100] {logging_mixin.py:151} INFO - [2023-08-24T15:36:24.194+0100] {dag.py:3677} INFO - Setting next_dagrun for example_params_ui_tutorial to None, run_after=None
[2023-08-24T15:36:24.302+0100] {processor.py:179} INFO - Processing /home/samuel/dev/airflow_learning/venv/lib/python3.10/site-packages/airflow/example_dags/example_params_ui_tutorial.py took 0.249 seconds
[2023-08-24T15:37:27.314+0100] {processor.py:157} INFO - Started process (PID=6402) to work on /home/samuel/dev/airflow_learning/venv/lib/python3.10/site-packages/airflow/example_dags/example_params_ui_tutorial.py
[2023-08-24T15:37:27.318+0100] {processor.py:829} INFO - Processing file /home/samuel/dev/airflow_learning/venv/lib/python3.10/site-packages/airflow/example_dags/example_params_ui_tutorial.py for tasks to queue
[2023-08-24T15:37:27.319+0100] {logging_mixin.py:151} INFO - [2023-08-24T15:37:27.319+0100] {dagbag.py:539} INFO - Filling up the DagBag from /home/samuel/dev/airflow_learning/venv/lib/python3.10/site-packages/airflow/example_dags/example_params_ui_tutorial.py
[2023-08-24T15:37:27.355+0100] {processor.py:839} INFO - DAG(s) dict_keys(['example_params_ui_tutorial']) retrieved from /home/samuel/dev/airflow_learning/venv/lib/python3.10/site-packages/airflow/example_dags/example_params_ui_tutorial.py
[2023-08-24T15:37:27.402+0100] {logging_mixin.py:151} INFO - [2023-08-24T15:37:27.402+0100] {dag.py:2907} INFO - Sync 1 DAGs
[2023-08-24T15:37:27.413+0100] {logging_mixin.py:151} INFO - [2023-08-24T15:37:27.413+0100] {dag.py:3677} INFO - Setting next_dagrun for example_params_ui_tutorial to None, run_after=None
[2023-08-24T15:37:27.530+0100] {processor.py:179} INFO - Processing /home/samuel/dev/airflow_learning/venv/lib/python3.10/site-packages/airflow/example_dags/example_params_ui_tutorial.py took 0.220 seconds
[2023-08-24T15:38:32.188+0100] {processor.py:157} INFO - Started process (PID=6465) to work on /home/samuel/dev/airflow_learning/venv/lib/python3.10/site-packages/airflow/example_dags/example_params_ui_tutorial.py
[2023-08-24T15:38:32.191+0100] {processor.py:829} INFO - Processing file /home/samuel/dev/airflow_learning/venv/lib/python3.10/site-packages/airflow/example_dags/example_params_ui_tutorial.py for tasks to queue
[2023-08-24T15:38:32.192+0100] {logging_mixin.py:151} INFO - [2023-08-24T15:38:32.192+0100] {dagbag.py:539} INFO - Filling up the DagBag from /home/samuel/dev/airflow_learning/venv/lib/python3.10/site-packages/airflow/example_dags/example_params_ui_tutorial.py
[2023-08-24T15:38:32.221+0100] {processor.py:839} INFO - DAG(s) dict_keys(['example_params_ui_tutorial']) retrieved from /home/samuel/dev/airflow_learning/venv/lib/python3.10/site-packages/airflow/example_dags/example_params_ui_tutorial.py
[2023-08-24T15:38:32.268+0100] {logging_mixin.py:151} INFO - [2023-08-24T15:38:32.268+0100] {dag.py:2907} INFO - Sync 1 DAGs
[2023-08-24T15:38:32.279+0100] {logging_mixin.py:151} INFO - [2023-08-24T15:38:32.279+0100] {dag.py:3677} INFO - Setting next_dagrun for example_params_ui_tutorial to None, run_after=None
[2023-08-24T15:38:32.416+0100] {processor.py:179} INFO - Processing /home/samuel/dev/airflow_learning/venv/lib/python3.10/site-packages/airflow/example_dags/example_params_ui_tutorial.py took 0.231 seconds
[2023-08-24T15:39:28.365+0100] {processor.py:157} INFO - Started process (PID=6520) to work on /home/samuel/dev/airflow_learning/venv/lib/python3.10/site-packages/airflow/example_dags/example_params_ui_tutorial.py
[2023-08-24T15:39:28.395+0100] {processor.py:829} INFO - Processing file /home/samuel/dev/airflow_learning/venv/lib/python3.10/site-packages/airflow/example_dags/example_params_ui_tutorial.py for tasks to queue
[2023-08-24T15:39:28.396+0100] {logging_mixin.py:151} INFO - [2023-08-24T15:39:28.396+0100] {dagbag.py:539} INFO - Filling up the DagBag from /home/samuel/dev/airflow_learning/venv/lib/python3.10/site-packages/airflow/example_dags/example_params_ui_tutorial.py
[2023-08-24T15:39:28.428+0100] {processor.py:839} INFO - DAG(s) dict_keys(['example_params_ui_tutorial']) retrieved from /home/samuel/dev/airflow_learning/venv/lib/python3.10/site-packages/airflow/example_dags/example_params_ui_tutorial.py
[2023-08-24T15:39:28.475+0100] {logging_mixin.py:151} INFO - [2023-08-24T15:39:28.475+0100] {dag.py:2907} INFO - Sync 1 DAGs
[2023-08-24T15:39:28.486+0100] {logging_mixin.py:151} INFO - [2023-08-24T15:39:28.486+0100] {dag.py:3677} INFO - Setting next_dagrun for example_params_ui_tutorial to None, run_after=None
[2023-08-24T15:39:28.611+0100] {processor.py:179} INFO - Processing /home/samuel/dev/airflow_learning/venv/lib/python3.10/site-packages/airflow/example_dags/example_params_ui_tutorial.py took 0.250 seconds
[2023-08-24T15:40:36.694+0100] {processor.py:157} INFO - Started process (PID=6603) to work on /home/samuel/dev/airflow_learning/venv/lib/python3.10/site-packages/airflow/example_dags/example_params_ui_tutorial.py
[2023-08-24T15:40:36.740+0100] {processor.py:829} INFO - Processing file /home/samuel/dev/airflow_learning/venv/lib/python3.10/site-packages/airflow/example_dags/example_params_ui_tutorial.py for tasks to queue
[2023-08-24T15:40:36.741+0100] {logging_mixin.py:151} INFO - [2023-08-24T15:40:36.741+0100] {dagbag.py:539} INFO - Filling up the DagBag from /home/samuel/dev/airflow_learning/venv/lib/python3.10/site-packages/airflow/example_dags/example_params_ui_tutorial.py
[2023-08-24T15:40:36.784+0100] {processor.py:839} INFO - DAG(s) dict_keys(['example_params_ui_tutorial']) retrieved from /home/samuel/dev/airflow_learning/venv/lib/python3.10/site-packages/airflow/example_dags/example_params_ui_tutorial.py
[2023-08-24T15:40:36.835+0100] {logging_mixin.py:151} INFO - [2023-08-24T15:40:36.835+0100] {dag.py:2907} INFO - Sync 1 DAGs
[2023-08-24T15:40:36.847+0100] {logging_mixin.py:151} INFO - [2023-08-24T15:40:36.847+0100] {dag.py:3677} INFO - Setting next_dagrun for example_params_ui_tutorial to None, run_after=None
[2023-08-24T15:40:36.971+0100] {processor.py:179} INFO - Processing /home/samuel/dev/airflow_learning/venv/lib/python3.10/site-packages/airflow/example_dags/example_params_ui_tutorial.py took 0.281 seconds
[2023-08-24T15:41:31.607+0100] {processor.py:157} INFO - Started process (PID=6655) to work on /home/samuel/dev/airflow_learning/venv/lib/python3.10/site-packages/airflow/example_dags/example_params_ui_tutorial.py
[2023-08-24T15:41:31.622+0100] {processor.py:829} INFO - Processing file /home/samuel/dev/airflow_learning/venv/lib/python3.10/site-packages/airflow/example_dags/example_params_ui_tutorial.py for tasks to queue
[2023-08-24T15:41:31.623+0100] {logging_mixin.py:151} INFO - [2023-08-24T15:41:31.623+0100] {dagbag.py:539} INFO - Filling up the DagBag from /home/samuel/dev/airflow_learning/venv/lib/python3.10/site-packages/airflow/example_dags/example_params_ui_tutorial.py
[2023-08-24T15:41:31.661+0100] {processor.py:839} INFO - DAG(s) dict_keys(['example_params_ui_tutorial']) retrieved from /home/samuel/dev/airflow_learning/venv/lib/python3.10/site-packages/airflow/example_dags/example_params_ui_tutorial.py
[2023-08-24T15:41:31.709+0100] {logging_mixin.py:151} INFO - [2023-08-24T15:41:31.709+0100] {dag.py:2907} INFO - Sync 1 DAGs
[2023-08-24T15:41:31.720+0100] {logging_mixin.py:151} INFO - [2023-08-24T15:41:31.720+0100] {dag.py:3677} INFO - Setting next_dagrun for example_params_ui_tutorial to None, run_after=None
[2023-08-24T15:41:31.854+0100] {processor.py:179} INFO - Processing /home/samuel/dev/airflow_learning/venv/lib/python3.10/site-packages/airflow/example_dags/example_params_ui_tutorial.py took 0.251 seconds
[2023-08-24T15:42:23.341+0100] {processor.py:157} INFO - Started process (PID=6766) to work on /home/samuel/dev/airflow_learning/venv/lib/python3.10/site-packages/airflow/example_dags/example_params_ui_tutorial.py
[2023-08-24T15:42:23.376+0100] {processor.py:829} INFO - Processing file /home/samuel/dev/airflow_learning/venv/lib/python3.10/site-packages/airflow/example_dags/example_params_ui_tutorial.py for tasks to queue
[2023-08-24T15:42:23.377+0100] {logging_mixin.py:151} INFO - [2023-08-24T15:42:23.376+0100] {dagbag.py:539} INFO - Filling up the DagBag from /home/samuel/dev/airflow_learning/venv/lib/python3.10/site-packages/airflow/example_dags/example_params_ui_tutorial.py
[2023-08-24T15:42:23.438+0100] {processor.py:839} INFO - DAG(s) dict_keys(['example_params_ui_tutorial']) retrieved from /home/samuel/dev/airflow_learning/venv/lib/python3.10/site-packages/airflow/example_dags/example_params_ui_tutorial.py
[2023-08-24T15:42:23.503+0100] {logging_mixin.py:151} INFO - [2023-08-24T15:42:23.503+0100] {dag.py:2907} INFO - Sync 1 DAGs
[2023-08-24T15:42:23.518+0100] {logging_mixin.py:151} INFO - [2023-08-24T15:42:23.517+0100] {dag.py:3677} INFO - Setting next_dagrun for example_params_ui_tutorial to None, run_after=None
[2023-08-24T15:42:23.734+0100] {processor.py:179} INFO - Processing /home/samuel/dev/airflow_learning/venv/lib/python3.10/site-packages/airflow/example_dags/example_params_ui_tutorial.py took 0.397 seconds
[2023-08-24T15:43:19.542+0100] {processor.py:157} INFO - Started process (PID=6820) to work on /home/samuel/dev/airflow_learning/venv/lib/python3.10/site-packages/airflow/example_dags/example_params_ui_tutorial.py
[2023-08-24T15:43:19.545+0100] {processor.py:829} INFO - Processing file /home/samuel/dev/airflow_learning/venv/lib/python3.10/site-packages/airflow/example_dags/example_params_ui_tutorial.py for tasks to queue
[2023-08-24T15:43:19.546+0100] {logging_mixin.py:151} INFO - [2023-08-24T15:43:19.546+0100] {dagbag.py:539} INFO - Filling up the DagBag from /home/samuel/dev/airflow_learning/venv/lib/python3.10/site-packages/airflow/example_dags/example_params_ui_tutorial.py
[2023-08-24T15:43:19.581+0100] {processor.py:839} INFO - DAG(s) dict_keys(['example_params_ui_tutorial']) retrieved from /home/samuel/dev/airflow_learning/venv/lib/python3.10/site-packages/airflow/example_dags/example_params_ui_tutorial.py
[2023-08-24T15:43:19.628+0100] {logging_mixin.py:151} INFO - [2023-08-24T15:43:19.628+0100] {dag.py:2907} INFO - Sync 1 DAGs
[2023-08-24T15:43:19.640+0100] {logging_mixin.py:151} INFO - [2023-08-24T15:43:19.640+0100] {dag.py:3677} INFO - Setting next_dagrun for example_params_ui_tutorial to None, run_after=None
[2023-08-24T15:43:19.786+0100] {processor.py:179} INFO - Processing /home/samuel/dev/airflow_learning/venv/lib/python3.10/site-packages/airflow/example_dags/example_params_ui_tutorial.py took 0.248 seconds
[2023-08-24T15:44:12.139+0100] {processor.py:157} INFO - Started process (PID=6871) to work on /home/samuel/dev/airflow_learning/venv/lib/python3.10/site-packages/airflow/example_dags/example_params_ui_tutorial.py
[2023-08-24T15:44:12.170+0100] {processor.py:829} INFO - Processing file /home/samuel/dev/airflow_learning/venv/lib/python3.10/site-packages/airflow/example_dags/example_params_ui_tutorial.py for tasks to queue
[2023-08-24T15:44:12.171+0100] {logging_mixin.py:151} INFO - [2023-08-24T15:44:12.171+0100] {dagbag.py:539} INFO - Filling up the DagBag from /home/samuel/dev/airflow_learning/venv/lib/python3.10/site-packages/airflow/example_dags/example_params_ui_tutorial.py
[2023-08-24T15:44:12.210+0100] {processor.py:839} INFO - DAG(s) dict_keys(['example_params_ui_tutorial']) retrieved from /home/samuel/dev/airflow_learning/venv/lib/python3.10/site-packages/airflow/example_dags/example_params_ui_tutorial.py
[2023-08-24T15:44:12.259+0100] {logging_mixin.py:151} INFO - [2023-08-24T15:44:12.259+0100] {dag.py:2907} INFO - Sync 1 DAGs
[2023-08-24T15:44:12.270+0100] {logging_mixin.py:151} INFO - [2023-08-24T15:44:12.270+0100] {dag.py:3677} INFO - Setting next_dagrun for example_params_ui_tutorial to None, run_after=None
[2023-08-24T15:44:12.390+0100] {processor.py:179} INFO - Processing /home/samuel/dev/airflow_learning/venv/lib/python3.10/site-packages/airflow/example_dags/example_params_ui_tutorial.py took 0.255 seconds
[2023-08-24T15:45:28.533+0100] {processor.py:157} INFO - Started process (PID=6946) to work on /home/samuel/dev/airflow_learning/venv/lib/python3.10/site-packages/airflow/example_dags/example_params_ui_tutorial.py
[2023-08-24T15:45:28.577+0100] {processor.py:829} INFO - Processing file /home/samuel/dev/airflow_learning/venv/lib/python3.10/site-packages/airflow/example_dags/example_params_ui_tutorial.py for tasks to queue
[2023-08-24T15:45:28.578+0100] {logging_mixin.py:151} INFO - [2023-08-24T15:45:28.578+0100] {dagbag.py:539} INFO - Filling up the DagBag from /home/samuel/dev/airflow_learning/venv/lib/python3.10/site-packages/airflow/example_dags/example_params_ui_tutorial.py
[2023-08-24T15:45:28.618+0100] {processor.py:839} INFO - DAG(s) dict_keys(['example_params_ui_tutorial']) retrieved from /home/samuel/dev/airflow_learning/venv/lib/python3.10/site-packages/airflow/example_dags/example_params_ui_tutorial.py
[2023-08-24T15:45:28.668+0100] {logging_mixin.py:151} INFO - [2023-08-24T15:45:28.668+0100] {dag.py:2907} INFO - Sync 1 DAGs
[2023-08-24T15:45:28.679+0100] {logging_mixin.py:151} INFO - [2023-08-24T15:45:28.679+0100] {dag.py:3677} INFO - Setting next_dagrun for example_params_ui_tutorial to None, run_after=None
[2023-08-24T15:45:28.796+0100] {processor.py:179} INFO - Processing /home/samuel/dev/airflow_learning/venv/lib/python3.10/site-packages/airflow/example_dags/example_params_ui_tutorial.py took 0.266 seconds
[2023-08-24T15:46:47.585+0100] {processor.py:157} INFO - Started process (PID=7018) to work on /home/samuel/dev/airflow_learning/venv/lib/python3.10/site-packages/airflow/example_dags/example_params_ui_tutorial.py
[2023-08-24T15:46:47.587+0100] {processor.py:829} INFO - Processing file /home/samuel/dev/airflow_learning/venv/lib/python3.10/site-packages/airflow/example_dags/example_params_ui_tutorial.py for tasks to queue
[2023-08-24T15:46:47.588+0100] {logging_mixin.py:151} INFO - [2023-08-24T15:46:47.587+0100] {dagbag.py:539} INFO - Filling up the DagBag from /home/samuel/dev/airflow_learning/venv/lib/python3.10/site-packages/airflow/example_dags/example_params_ui_tutorial.py
[2023-08-24T15:46:47.621+0100] {processor.py:839} INFO - DAG(s) dict_keys(['example_params_ui_tutorial']) retrieved from /home/samuel/dev/airflow_learning/venv/lib/python3.10/site-packages/airflow/example_dags/example_params_ui_tutorial.py
[2023-08-24T15:46:47.667+0100] {logging_mixin.py:151} INFO - [2023-08-24T15:46:47.667+0100] {dag.py:2907} INFO - Sync 1 DAGs
[2023-08-24T15:46:47.678+0100] {logging_mixin.py:151} INFO - [2023-08-24T15:46:47.678+0100] {dag.py:3677} INFO - Setting next_dagrun for example_params_ui_tutorial to None, run_after=None
[2023-08-24T15:46:47.791+0100] {processor.py:179} INFO - Processing /home/samuel/dev/airflow_learning/venv/lib/python3.10/site-packages/airflow/example_dags/example_params_ui_tutorial.py took 0.209 seconds
[2023-08-24T15:47:41.794+0100] {processor.py:157} INFO - Started process (PID=7069) to work on /home/samuel/dev/airflow_learning/venv/lib/python3.10/site-packages/airflow/example_dags/example_params_ui_tutorial.py
[2023-08-24T15:47:41.800+0100] {processor.py:829} INFO - Processing file /home/samuel/dev/airflow_learning/venv/lib/python3.10/site-packages/airflow/example_dags/example_params_ui_tutorial.py for tasks to queue
[2023-08-24T15:47:41.801+0100] {logging_mixin.py:151} INFO - [2023-08-24T15:47:41.801+0100] {dagbag.py:539} INFO - Filling up the DagBag from /home/samuel/dev/airflow_learning/venv/lib/python3.10/site-packages/airflow/example_dags/example_params_ui_tutorial.py
[2023-08-24T15:47:41.846+0100] {processor.py:839} INFO - DAG(s) dict_keys(['example_params_ui_tutorial']) retrieved from /home/samuel/dev/airflow_learning/venv/lib/python3.10/site-packages/airflow/example_dags/example_params_ui_tutorial.py
[2023-08-24T15:47:41.902+0100] {logging_mixin.py:151} INFO - [2023-08-24T15:47:41.902+0100] {dag.py:2907} INFO - Sync 1 DAGs
[2023-08-24T15:47:41.913+0100] {logging_mixin.py:151} INFO - [2023-08-24T15:47:41.913+0100] {dag.py:3677} INFO - Setting next_dagrun for example_params_ui_tutorial to None, run_after=None
[2023-08-24T15:47:42.008+0100] {processor.py:179} INFO - Processing /home/samuel/dev/airflow_learning/venv/lib/python3.10/site-packages/airflow/example_dags/example_params_ui_tutorial.py took 0.218 seconds
[2023-08-24T15:49:00.039+0100] {processor.py:157} INFO - Started process (PID=7162) to work on /home/samuel/dev/airflow_learning/venv/lib/python3.10/site-packages/airflow/example_dags/example_params_ui_tutorial.py
[2023-08-24T15:49:00.074+0100] {processor.py:829} INFO - Processing file /home/samuel/dev/airflow_learning/venv/lib/python3.10/site-packages/airflow/example_dags/example_params_ui_tutorial.py for tasks to queue
[2023-08-24T15:49:00.075+0100] {logging_mixin.py:151} INFO - [2023-08-24T15:49:00.075+0100] {dagbag.py:539} INFO - Filling up the DagBag from /home/samuel/dev/airflow_learning/venv/lib/python3.10/site-packages/airflow/example_dags/example_params_ui_tutorial.py
[2023-08-24T15:49:00.114+0100] {processor.py:839} INFO - DAG(s) dict_keys(['example_params_ui_tutorial']) retrieved from /home/samuel/dev/airflow_learning/venv/lib/python3.10/site-packages/airflow/example_dags/example_params_ui_tutorial.py
[2023-08-24T15:49:00.166+0100] {logging_mixin.py:151} INFO - [2023-08-24T15:49:00.166+0100] {dag.py:2907} INFO - Sync 1 DAGs
[2023-08-24T15:49:00.177+0100] {logging_mixin.py:151} INFO - [2023-08-24T15:49:00.177+0100] {dag.py:3677} INFO - Setting next_dagrun for example_params_ui_tutorial to None, run_after=None
[2023-08-24T15:49:00.282+0100] {processor.py:179} INFO - Processing /home/samuel/dev/airflow_learning/venv/lib/python3.10/site-packages/airflow/example_dags/example_params_ui_tutorial.py took 0.247 seconds
[2023-08-24T15:50:11.598+0100] {processor.py:157} INFO - Started process (PID=7229) to work on /home/samuel/dev/airflow_learning/venv/lib/python3.10/site-packages/airflow/example_dags/example_params_ui_tutorial.py
[2023-08-24T15:50:11.600+0100] {processor.py:829} INFO - Processing file /home/samuel/dev/airflow_learning/venv/lib/python3.10/site-packages/airflow/example_dags/example_params_ui_tutorial.py for tasks to queue
[2023-08-24T15:50:11.601+0100] {logging_mixin.py:151} INFO - [2023-08-24T15:50:11.601+0100] {dagbag.py:539} INFO - Filling up the DagBag from /home/samuel/dev/airflow_learning/venv/lib/python3.10/site-packages/airflow/example_dags/example_params_ui_tutorial.py
[2023-08-24T15:50:11.638+0100] {processor.py:839} INFO - DAG(s) dict_keys(['example_params_ui_tutorial']) retrieved from /home/samuel/dev/airflow_learning/venv/lib/python3.10/site-packages/airflow/example_dags/example_params_ui_tutorial.py
[2023-08-24T15:50:11.685+0100] {logging_mixin.py:151} INFO - [2023-08-24T15:50:11.685+0100] {dag.py:2907} INFO - Sync 1 DAGs
[2023-08-24T15:50:11.696+0100] {logging_mixin.py:151} INFO - [2023-08-24T15:50:11.696+0100] {dag.py:3677} INFO - Setting next_dagrun for example_params_ui_tutorial to None, run_after=None
[2023-08-24T15:50:11.822+0100] {processor.py:179} INFO - Processing /home/samuel/dev/airflow_learning/venv/lib/python3.10/site-packages/airflow/example_dags/example_params_ui_tutorial.py took 0.228 seconds
[2023-08-24T15:51:04.962+0100] {processor.py:157} INFO - Started process (PID=7278) to work on /home/samuel/dev/airflow_learning/venv/lib/python3.10/site-packages/airflow/example_dags/example_params_ui_tutorial.py
[2023-08-24T15:51:04.964+0100] {processor.py:829} INFO - Processing file /home/samuel/dev/airflow_learning/venv/lib/python3.10/site-packages/airflow/example_dags/example_params_ui_tutorial.py for tasks to queue
[2023-08-24T15:51:04.965+0100] {logging_mixin.py:151} INFO - [2023-08-24T15:51:04.965+0100] {dagbag.py:539} INFO - Filling up the DagBag from /home/samuel/dev/airflow_learning/venv/lib/python3.10/site-packages/airflow/example_dags/example_params_ui_tutorial.py
[2023-08-24T15:51:04.996+0100] {processor.py:839} INFO - DAG(s) dict_keys(['example_params_ui_tutorial']) retrieved from /home/samuel/dev/airflow_learning/venv/lib/python3.10/site-packages/airflow/example_dags/example_params_ui_tutorial.py
[2023-08-24T15:51:05.046+0100] {logging_mixin.py:151} INFO - [2023-08-24T15:51:05.046+0100] {dag.py:2907} INFO - Sync 1 DAGs
[2023-08-24T15:51:05.058+0100] {logging_mixin.py:151} INFO - [2023-08-24T15:51:05.057+0100] {dag.py:3677} INFO - Setting next_dagrun for example_params_ui_tutorial to None, run_after=None
[2023-08-24T15:51:05.192+0100] {processor.py:179} INFO - Processing /home/samuel/dev/airflow_learning/venv/lib/python3.10/site-packages/airflow/example_dags/example_params_ui_tutorial.py took 0.233 seconds
[2023-08-24T15:51:57.554+0100] {processor.py:157} INFO - Started process (PID=7335) to work on /home/samuel/dev/airflow_learning/venv/lib/python3.10/site-packages/airflow/example_dags/example_params_ui_tutorial.py
[2023-08-24T15:51:57.557+0100] {processor.py:829} INFO - Processing file /home/samuel/dev/airflow_learning/venv/lib/python3.10/site-packages/airflow/example_dags/example_params_ui_tutorial.py for tasks to queue
[2023-08-24T15:51:57.558+0100] {logging_mixin.py:151} INFO - [2023-08-24T15:51:57.557+0100] {dagbag.py:539} INFO - Filling up the DagBag from /home/samuel/dev/airflow_learning/venv/lib/python3.10/site-packages/airflow/example_dags/example_params_ui_tutorial.py
[2023-08-24T15:51:57.591+0100] {processor.py:839} INFO - DAG(s) dict_keys(['example_params_ui_tutorial']) retrieved from /home/samuel/dev/airflow_learning/venv/lib/python3.10/site-packages/airflow/example_dags/example_params_ui_tutorial.py
[2023-08-24T15:51:57.637+0100] {logging_mixin.py:151} INFO - [2023-08-24T15:51:57.637+0100] {dag.py:2907} INFO - Sync 1 DAGs
[2023-08-24T15:51:57.648+0100] {logging_mixin.py:151} INFO - [2023-08-24T15:51:57.648+0100] {dag.py:3677} INFO - Setting next_dagrun for example_params_ui_tutorial to None, run_after=None
[2023-08-24T15:51:57.786+0100] {processor.py:179} INFO - Processing /home/samuel/dev/airflow_learning/venv/lib/python3.10/site-packages/airflow/example_dags/example_params_ui_tutorial.py took 0.236 seconds
[2023-08-24T15:53:09.846+0100] {processor.py:157} INFO - Started process (PID=7411) to work on /home/samuel/dev/airflow_learning/venv/lib/python3.10/site-packages/airflow/example_dags/example_params_ui_tutorial.py
[2023-08-24T15:53:09.861+0100] {processor.py:829} INFO - Processing file /home/samuel/dev/airflow_learning/venv/lib/python3.10/site-packages/airflow/example_dags/example_params_ui_tutorial.py for tasks to queue
[2023-08-24T15:53:09.863+0100] {logging_mixin.py:151} INFO - [2023-08-24T15:53:09.862+0100] {dagbag.py:539} INFO - Filling up the DagBag from /home/samuel/dev/airflow_learning/venv/lib/python3.10/site-packages/airflow/example_dags/example_params_ui_tutorial.py
[2023-08-24T15:53:09.900+0100] {processor.py:839} INFO - DAG(s) dict_keys(['example_params_ui_tutorial']) retrieved from /home/samuel/dev/airflow_learning/venv/lib/python3.10/site-packages/airflow/example_dags/example_params_ui_tutorial.py
[2023-08-24T15:53:09.950+0100] {logging_mixin.py:151} INFO - [2023-08-24T15:53:09.950+0100] {dag.py:2907} INFO - Sync 1 DAGs
[2023-08-24T15:53:09.961+0100] {logging_mixin.py:151} INFO - [2023-08-24T15:53:09.961+0100] {dag.py:3677} INFO - Setting next_dagrun for example_params_ui_tutorial to None, run_after=None
[2023-08-24T15:53:10.081+0100] {processor.py:179} INFO - Processing /home/samuel/dev/airflow_learning/venv/lib/python3.10/site-packages/airflow/example_dags/example_params_ui_tutorial.py took 0.239 seconds
[2023-08-24T15:54:04.186+0100] {processor.py:157} INFO - Started process (PID=7545) to work on /home/samuel/dev/airflow_learning/venv/lib/python3.10/site-packages/airflow/example_dags/example_params_ui_tutorial.py
[2023-08-24T15:54:04.208+0100] {processor.py:829} INFO - Processing file /home/samuel/dev/airflow_learning/venv/lib/python3.10/site-packages/airflow/example_dags/example_params_ui_tutorial.py for tasks to queue
[2023-08-24T15:54:04.209+0100] {logging_mixin.py:151} INFO - [2023-08-24T15:54:04.209+0100] {dagbag.py:539} INFO - Filling up the DagBag from /home/samuel/dev/airflow_learning/venv/lib/python3.10/site-packages/airflow/example_dags/example_params_ui_tutorial.py
[2023-08-24T15:54:04.248+0100] {processor.py:839} INFO - DAG(s) dict_keys(['example_params_ui_tutorial']) retrieved from /home/samuel/dev/airflow_learning/venv/lib/python3.10/site-packages/airflow/example_dags/example_params_ui_tutorial.py
[2023-08-24T15:54:04.324+0100] {logging_mixin.py:151} INFO - [2023-08-24T15:54:04.323+0100] {dag.py:2907} INFO - Sync 1 DAGs
[2023-08-24T15:54:04.338+0100] {logging_mixin.py:151} INFO - [2023-08-24T15:54:04.338+0100] {dag.py:3677} INFO - Setting next_dagrun for example_params_ui_tutorial to None, run_after=None
[2023-08-24T15:54:04.580+0100] {processor.py:179} INFO - Processing /home/samuel/dev/airflow_learning/venv/lib/python3.10/site-packages/airflow/example_dags/example_params_ui_tutorial.py took 0.398 seconds
[2023-08-24T15:55:09.719+0100] {processor.py:157} INFO - Started process (PID=7618) to work on /home/samuel/dev/airflow_learning/venv/lib/python3.10/site-packages/airflow/example_dags/example_params_ui_tutorial.py
[2023-08-24T15:55:09.755+0100] {processor.py:829} INFO - Processing file /home/samuel/dev/airflow_learning/venv/lib/python3.10/site-packages/airflow/example_dags/example_params_ui_tutorial.py for tasks to queue
[2023-08-24T15:55:09.756+0100] {logging_mixin.py:151} INFO - [2023-08-24T15:55:09.756+0100] {dagbag.py:539} INFO - Filling up the DagBag from /home/samuel/dev/airflow_learning/venv/lib/python3.10/site-packages/airflow/example_dags/example_params_ui_tutorial.py
[2023-08-24T15:55:09.803+0100] {processor.py:839} INFO - DAG(s) dict_keys(['example_params_ui_tutorial']) retrieved from /home/samuel/dev/airflow_learning/venv/lib/python3.10/site-packages/airflow/example_dags/example_params_ui_tutorial.py
[2023-08-24T15:55:09.855+0100] {logging_mixin.py:151} INFO - [2023-08-24T15:55:09.854+0100] {dag.py:2907} INFO - Sync 1 DAGs
[2023-08-24T15:55:09.867+0100] {logging_mixin.py:151} INFO - [2023-08-24T15:55:09.867+0100] {dag.py:3677} INFO - Setting next_dagrun for example_params_ui_tutorial to None, run_after=None
[2023-08-24T15:55:09.977+0100] {processor.py:179} INFO - Processing /home/samuel/dev/airflow_learning/venv/lib/python3.10/site-packages/airflow/example_dags/example_params_ui_tutorial.py took 0.262 seconds
[2023-08-24T15:56:06.217+0100] {processor.py:157} INFO - Started process (PID=7737) to work on /home/samuel/dev/airflow_learning/venv/lib/python3.10/site-packages/airflow/example_dags/example_params_ui_tutorial.py
[2023-08-24T15:56:06.392+0100] {processor.py:829} INFO - Processing file /home/samuel/dev/airflow_learning/venv/lib/python3.10/site-packages/airflow/example_dags/example_params_ui_tutorial.py for tasks to queue
[2023-08-24T15:56:06.394+0100] {logging_mixin.py:151} INFO - [2023-08-24T15:56:06.393+0100] {dagbag.py:539} INFO - Filling up the DagBag from /home/samuel/dev/airflow_learning/venv/lib/python3.10/site-packages/airflow/example_dags/example_params_ui_tutorial.py
[2023-08-24T15:56:06.443+0100] {processor.py:839} INFO - DAG(s) dict_keys(['example_params_ui_tutorial']) retrieved from /home/samuel/dev/airflow_learning/venv/lib/python3.10/site-packages/airflow/example_dags/example_params_ui_tutorial.py
[2023-08-24T15:56:06.501+0100] {logging_mixin.py:151} INFO - [2023-08-24T15:56:06.500+0100] {dag.py:2907} INFO - Sync 1 DAGs
[2023-08-24T15:56:06.514+0100] {logging_mixin.py:151} INFO - [2023-08-24T15:56:06.514+0100] {dag.py:3677} INFO - Setting next_dagrun for example_params_ui_tutorial to None, run_after=None
[2023-08-24T15:56:06.654+0100] {processor.py:179} INFO - Processing /home/samuel/dev/airflow_learning/venv/lib/python3.10/site-packages/airflow/example_dags/example_params_ui_tutorial.py took 0.440 seconds
[2023-08-24T15:57:00.043+0100] {processor.py:157} INFO - Started process (PID=7861) to work on /home/samuel/dev/airflow_learning/venv/lib/python3.10/site-packages/airflow/example_dags/example_params_ui_tutorial.py
[2023-08-24T15:57:00.075+0100] {processor.py:829} INFO - Processing file /home/samuel/dev/airflow_learning/venv/lib/python3.10/site-packages/airflow/example_dags/example_params_ui_tutorial.py for tasks to queue
[2023-08-24T15:57:00.076+0100] {logging_mixin.py:151} INFO - [2023-08-24T15:57:00.075+0100] {dagbag.py:539} INFO - Filling up the DagBag from /home/samuel/dev/airflow_learning/venv/lib/python3.10/site-packages/airflow/example_dags/example_params_ui_tutorial.py
[2023-08-24T15:57:00.106+0100] {processor.py:839} INFO - DAG(s) dict_keys(['example_params_ui_tutorial']) retrieved from /home/samuel/dev/airflow_learning/venv/lib/python3.10/site-packages/airflow/example_dags/example_params_ui_tutorial.py
[2023-08-24T15:57:00.174+0100] {logging_mixin.py:151} INFO - [2023-08-24T15:57:00.174+0100] {dag.py:2907} INFO - Sync 1 DAGs
[2023-08-24T15:57:00.185+0100] {logging_mixin.py:151} INFO - [2023-08-24T15:57:00.185+0100] {dag.py:3677} INFO - Setting next_dagrun for example_params_ui_tutorial to None, run_after=None
[2023-08-24T15:57:00.572+0100] {processor.py:179} INFO - Processing /home/samuel/dev/airflow_learning/venv/lib/python3.10/site-packages/airflow/example_dags/example_params_ui_tutorial.py took 0.533 seconds
[2023-08-24T15:57:56.654+0100] {processor.py:157} INFO - Started process (PID=7916) to work on /home/samuel/dev/airflow_learning/venv/lib/python3.10/site-packages/airflow/example_dags/example_params_ui_tutorial.py
[2023-08-24T15:57:56.670+0100] {processor.py:829} INFO - Processing file /home/samuel/dev/airflow_learning/venv/lib/python3.10/site-packages/airflow/example_dags/example_params_ui_tutorial.py for tasks to queue
[2023-08-24T15:57:56.671+0100] {logging_mixin.py:151} INFO - [2023-08-24T15:57:56.671+0100] {dagbag.py:539} INFO - Filling up the DagBag from /home/samuel/dev/airflow_learning/venv/lib/python3.10/site-packages/airflow/example_dags/example_params_ui_tutorial.py
[2023-08-24T15:57:56.708+0100] {processor.py:839} INFO - DAG(s) dict_keys(['example_params_ui_tutorial']) retrieved from /home/samuel/dev/airflow_learning/venv/lib/python3.10/site-packages/airflow/example_dags/example_params_ui_tutorial.py
[2023-08-24T15:57:56.756+0100] {logging_mixin.py:151} INFO - [2023-08-24T15:57:56.755+0100] {dag.py:2907} INFO - Sync 1 DAGs
[2023-08-24T15:57:56.767+0100] {logging_mixin.py:151} INFO - [2023-08-24T15:57:56.767+0100] {dag.py:3677} INFO - Setting next_dagrun for example_params_ui_tutorial to None, run_after=None
[2023-08-24T15:57:56.895+0100] {processor.py:179} INFO - Processing /home/samuel/dev/airflow_learning/venv/lib/python3.10/site-packages/airflow/example_dags/example_params_ui_tutorial.py took 0.244 seconds
[2023-08-24T15:59:12.729+0100] {processor.py:157} INFO - Started process (PID=8011) to work on /home/samuel/dev/airflow_learning/venv/lib/python3.10/site-packages/airflow/example_dags/example_params_ui_tutorial.py
[2023-08-24T15:59:12.754+0100] {processor.py:829} INFO - Processing file /home/samuel/dev/airflow_learning/venv/lib/python3.10/site-packages/airflow/example_dags/example_params_ui_tutorial.py for tasks to queue
[2023-08-24T15:59:12.755+0100] {logging_mixin.py:151} INFO - [2023-08-24T15:59:12.755+0100] {dagbag.py:539} INFO - Filling up the DagBag from /home/samuel/dev/airflow_learning/venv/lib/python3.10/site-packages/airflow/example_dags/example_params_ui_tutorial.py
[2023-08-24T15:59:12.800+0100] {processor.py:839} INFO - DAG(s) dict_keys(['example_params_ui_tutorial']) retrieved from /home/samuel/dev/airflow_learning/venv/lib/python3.10/site-packages/airflow/example_dags/example_params_ui_tutorial.py
[2023-08-24T15:59:12.848+0100] {logging_mixin.py:151} INFO - [2023-08-24T15:59:12.848+0100] {dag.py:2907} INFO - Sync 1 DAGs
[2023-08-24T15:59:12.859+0100] {logging_mixin.py:151} INFO - [2023-08-24T15:59:12.858+0100] {dag.py:3677} INFO - Setting next_dagrun for example_params_ui_tutorial to None, run_after=None
[2023-08-24T15:59:12.978+0100] {processor.py:179} INFO - Processing /home/samuel/dev/airflow_learning/venv/lib/python3.10/site-packages/airflow/example_dags/example_params_ui_tutorial.py took 0.253 seconds
[2023-08-24T16:00:10.706+0100] {processor.py:157} INFO - Started process (PID=8245) to work on /home/samuel/dev/airflow_learning/venv/lib/python3.10/site-packages/airflow/example_dags/example_params_ui_tutorial.py
[2023-08-24T16:00:10.770+0100] {processor.py:829} INFO - Processing file /home/samuel/dev/airflow_learning/venv/lib/python3.10/site-packages/airflow/example_dags/example_params_ui_tutorial.py for tasks to queue
[2023-08-24T16:00:10.771+0100] {logging_mixin.py:151} INFO - [2023-08-24T16:00:10.771+0100] {dagbag.py:539} INFO - Filling up the DagBag from /home/samuel/dev/airflow_learning/venv/lib/python3.10/site-packages/airflow/example_dags/example_params_ui_tutorial.py
[2023-08-24T16:00:10.814+0100] {processor.py:839} INFO - DAG(s) dict_keys(['example_params_ui_tutorial']) retrieved from /home/samuel/dev/airflow_learning/venv/lib/python3.10/site-packages/airflow/example_dags/example_params_ui_tutorial.py
[2023-08-24T16:00:10.865+0100] {logging_mixin.py:151} INFO - [2023-08-24T16:00:10.865+0100] {dag.py:2907} INFO - Sync 1 DAGs
[2023-08-24T16:00:10.877+0100] {logging_mixin.py:151} INFO - [2023-08-24T16:00:10.877+0100] {dag.py:3677} INFO - Setting next_dagrun for example_params_ui_tutorial to None, run_after=None
[2023-08-24T16:00:10.983+0100] {processor.py:179} INFO - Processing /home/samuel/dev/airflow_learning/venv/lib/python3.10/site-packages/airflow/example_dags/example_params_ui_tutorial.py took 0.280 seconds
[2023-08-24T16:01:05.654+0100] {processor.py:157} INFO - Started process (PID=8342) to work on /home/samuel/dev/airflow_learning/venv/lib/python3.10/site-packages/airflow/example_dags/example_params_ui_tutorial.py
[2023-08-24T16:01:05.686+0100] {processor.py:829} INFO - Processing file /home/samuel/dev/airflow_learning/venv/lib/python3.10/site-packages/airflow/example_dags/example_params_ui_tutorial.py for tasks to queue
[2023-08-24T16:01:05.687+0100] {logging_mixin.py:151} INFO - [2023-08-24T16:01:05.687+0100] {dagbag.py:539} INFO - Filling up the DagBag from /home/samuel/dev/airflow_learning/venv/lib/python3.10/site-packages/airflow/example_dags/example_params_ui_tutorial.py
[2023-08-24T16:01:05.728+0100] {processor.py:839} INFO - DAG(s) dict_keys(['example_params_ui_tutorial']) retrieved from /home/samuel/dev/airflow_learning/venv/lib/python3.10/site-packages/airflow/example_dags/example_params_ui_tutorial.py
[2023-08-24T16:01:05.781+0100] {logging_mixin.py:151} INFO - [2023-08-24T16:01:05.781+0100] {dag.py:2907} INFO - Sync 1 DAGs
[2023-08-24T16:01:05.793+0100] {logging_mixin.py:151} INFO - [2023-08-24T16:01:05.793+0100] {dag.py:3677} INFO - Setting next_dagrun for example_params_ui_tutorial to None, run_after=None
[2023-08-24T16:01:05.899+0100] {processor.py:179} INFO - Processing /home/samuel/dev/airflow_learning/venv/lib/python3.10/site-packages/airflow/example_dags/example_params_ui_tutorial.py took 0.250 seconds
[2023-08-24T16:01:59.780+0100] {processor.py:157} INFO - Started process (PID=8422) to work on /home/samuel/dev/airflow_learning/venv/lib/python3.10/site-packages/airflow/example_dags/example_params_ui_tutorial.py
[2023-08-24T16:01:59.813+0100] {processor.py:829} INFO - Processing file /home/samuel/dev/airflow_learning/venv/lib/python3.10/site-packages/airflow/example_dags/example_params_ui_tutorial.py for tasks to queue
[2023-08-24T16:01:59.814+0100] {logging_mixin.py:151} INFO - [2023-08-24T16:01:59.813+0100] {dagbag.py:539} INFO - Filling up the DagBag from /home/samuel/dev/airflow_learning/venv/lib/python3.10/site-packages/airflow/example_dags/example_params_ui_tutorial.py
[2023-08-24T16:01:59.855+0100] {processor.py:839} INFO - DAG(s) dict_keys(['example_params_ui_tutorial']) retrieved from /home/samuel/dev/airflow_learning/venv/lib/python3.10/site-packages/airflow/example_dags/example_params_ui_tutorial.py
[2023-08-24T16:01:59.928+0100] {logging_mixin.py:151} INFO - [2023-08-24T16:01:59.928+0100] {dag.py:2907} INFO - Sync 1 DAGs
[2023-08-24T16:01:59.941+0100] {logging_mixin.py:151} INFO - [2023-08-24T16:01:59.941+0100] {dag.py:3677} INFO - Setting next_dagrun for example_params_ui_tutorial to None, run_after=None
[2023-08-24T16:02:00.050+0100] {processor.py:179} INFO - Processing /home/samuel/dev/airflow_learning/venv/lib/python3.10/site-packages/airflow/example_dags/example_params_ui_tutorial.py took 0.273 seconds
[2023-08-24T16:03:17.022+0100] {processor.py:157} INFO - Started process (PID=8526) to work on /home/samuel/dev/airflow_learning/venv/lib/python3.10/site-packages/airflow/example_dags/example_params_ui_tutorial.py
[2023-08-24T16:03:17.053+0100] {processor.py:829} INFO - Processing file /home/samuel/dev/airflow_learning/venv/lib/python3.10/site-packages/airflow/example_dags/example_params_ui_tutorial.py for tasks to queue
[2023-08-24T16:03:17.054+0100] {logging_mixin.py:151} INFO - [2023-08-24T16:03:17.054+0100] {dagbag.py:539} INFO - Filling up the DagBag from /home/samuel/dev/airflow_learning/venv/lib/python3.10/site-packages/airflow/example_dags/example_params_ui_tutorial.py
[2023-08-24T16:03:17.095+0100] {processor.py:839} INFO - DAG(s) dict_keys(['example_params_ui_tutorial']) retrieved from /home/samuel/dev/airflow_learning/venv/lib/python3.10/site-packages/airflow/example_dags/example_params_ui_tutorial.py
[2023-08-24T16:03:17.147+0100] {logging_mixin.py:151} INFO - [2023-08-24T16:03:17.147+0100] {dag.py:2907} INFO - Sync 1 DAGs
[2023-08-24T16:03:17.160+0100] {logging_mixin.py:151} INFO - [2023-08-24T16:03:17.160+0100] {dag.py:3677} INFO - Setting next_dagrun for example_params_ui_tutorial to None, run_after=None
[2023-08-24T16:03:17.279+0100] {processor.py:179} INFO - Processing /home/samuel/dev/airflow_learning/venv/lib/python3.10/site-packages/airflow/example_dags/example_params_ui_tutorial.py took 0.260 seconds
[2023-08-24T16:04:10.667+0100] {processor.py:157} INFO - Started process (PID=8598) to work on /home/samuel/dev/airflow_learning/venv/lib/python3.10/site-packages/airflow/example_dags/example_params_ui_tutorial.py
[2023-08-24T16:04:10.683+0100] {processor.py:829} INFO - Processing file /home/samuel/dev/airflow_learning/venv/lib/python3.10/site-packages/airflow/example_dags/example_params_ui_tutorial.py for tasks to queue
[2023-08-24T16:04:10.684+0100] {logging_mixin.py:151} INFO - [2023-08-24T16:04:10.683+0100] {dagbag.py:539} INFO - Filling up the DagBag from /home/samuel/dev/airflow_learning/venv/lib/python3.10/site-packages/airflow/example_dags/example_params_ui_tutorial.py
[2023-08-24T16:04:10.718+0100] {processor.py:839} INFO - DAG(s) dict_keys(['example_params_ui_tutorial']) retrieved from /home/samuel/dev/airflow_learning/venv/lib/python3.10/site-packages/airflow/example_dags/example_params_ui_tutorial.py
[2023-08-24T16:04:10.770+0100] {logging_mixin.py:151} INFO - [2023-08-24T16:04:10.769+0100] {dag.py:2907} INFO - Sync 1 DAGs
[2023-08-24T16:04:10.781+0100] {logging_mixin.py:151} INFO - [2023-08-24T16:04:10.781+0100] {dag.py:3677} INFO - Setting next_dagrun for example_params_ui_tutorial to None, run_after=None
[2023-08-24T16:04:10.901+0100] {processor.py:179} INFO - Processing /home/samuel/dev/airflow_learning/venv/lib/python3.10/site-packages/airflow/example_dags/example_params_ui_tutorial.py took 0.239 seconds
