[2023-08-24T15:23:16.442+0100] {processor.py:157} INFO - Started process (PID=5388) to work on /home/samuel/dev/airflow_learning/venv/lib/python3.10/site-packages/airflow/example_dags/example_branch_datetime_operator.py
[2023-08-24T15:23:16.443+0100] {processor.py:829} INFO - Processing file /home/samuel/dev/airflow_learning/venv/lib/python3.10/site-packages/airflow/example_dags/example_branch_datetime_operator.py for tasks to queue
[2023-08-24T15:23:16.444+0100] {logging_mixin.py:151} INFO - [2023-08-24T15:23:16.444+0100] {dagbag.py:539} INFO - Filling up the DagBag from /home/samuel/dev/airflow_learning/venv/lib/python3.10/site-packages/airflow/example_dags/example_branch_datetime_operator.py
[2023-08-24T15:23:16.457+0100] {processor.py:839} INFO - DAG(s) dict_keys(['example_branch_datetime_operator_2', 'example_branch_datetime_operator', 'example_branch_datetime_operator_3']) retrieved from /home/samuel/dev/airflow_learning/venv/lib/python3.10/site-packages/airflow/example_dags/example_branch_datetime_operator.py
[2023-08-24T15:23:16.804+0100] {logging_mixin.py:151} INFO - [2023-08-24T15:23:16.804+0100] {manager.py:501} INFO - Created Permission View: can edit on DAG:example_branch_datetime_operator_2
[2023-08-24T15:23:16.915+0100] {logging_mixin.py:151} INFO - [2023-08-24T15:23:16.915+0100] {manager.py:501} INFO - Created Permission View: can delete on DAG:example_branch_datetime_operator_2
[2023-08-24T15:23:17.015+0100] {logging_mixin.py:151} INFO - [2023-08-24T15:23:17.014+0100] {manager.py:501} INFO - Created Permission View: can read on DAG:example_branch_datetime_operator_2
[2023-08-24T15:23:17.293+0100] {logging_mixin.py:151} INFO - [2023-08-24T15:23:17.292+0100] {manager.py:501} INFO - Created Permission View: can edit on DAG:example_branch_datetime_operator
[2023-08-24T15:23:17.415+0100] {logging_mixin.py:151} INFO - [2023-08-24T15:23:17.415+0100] {manager.py:501} INFO - Created Permission View: can delete on DAG:example_branch_datetime_operator
[2023-08-24T15:23:17.526+0100] {logging_mixin.py:151} INFO - [2023-08-24T15:23:17.526+0100] {manager.py:501} INFO - Created Permission View: can read on DAG:example_branch_datetime_operator
[2023-08-24T15:23:17.804+0100] {logging_mixin.py:151} INFO - [2023-08-24T15:23:17.803+0100] {manager.py:501} INFO - Created Permission View: can edit on DAG:example_branch_datetime_operator_3
[2023-08-24T15:23:17.915+0100] {logging_mixin.py:151} INFO - [2023-08-24T15:23:17.915+0100] {manager.py:501} INFO - Created Permission View: can delete on DAG:example_branch_datetime_operator_3
[2023-08-24T15:23:18.015+0100] {logging_mixin.py:151} INFO - [2023-08-24T15:23:18.014+0100] {manager.py:501} INFO - Created Permission View: can read on DAG:example_branch_datetime_operator_3
[2023-08-24T15:23:18.027+0100] {logging_mixin.py:151} INFO - [2023-08-24T15:23:18.027+0100] {dag.py:2907} INFO - Sync 3 DAGs
[2023-08-24T15:23:18.052+0100] {logging_mixin.py:151} INFO - [2023-08-24T15:23:18.051+0100] {dag.py:2929} INFO - Creating ORM DAG for example_branch_datetime_operator_2
[2023-08-24T15:23:18.053+0100] {logging_mixin.py:151} INFO - [2023-08-24T15:23:18.053+0100] {dag.py:2929} INFO - Creating ORM DAG for example_branch_datetime_operator
[2023-08-24T15:23:18.054+0100] {logging_mixin.py:151} INFO - [2023-08-24T15:23:18.054+0100] {dag.py:2929} INFO - Creating ORM DAG for example_branch_datetime_operator_3
[2023-08-24T15:23:18.073+0100] {logging_mixin.py:151} INFO - [2023-08-24T15:23:18.072+0100] {dag.py:3677} INFO - Setting next_dagrun for example_branch_datetime_operator to 2023-08-23T00:00:00+00:00, run_after=2023-08-24T00:00:00+00:00
[2023-08-24T15:23:18.076+0100] {logging_mixin.py:151} INFO - [2023-08-24T15:23:18.076+0100] {dag.py:3677} INFO - Setting next_dagrun for example_branch_datetime_operator_2 to 2023-08-23T00:00:00+00:00, run_after=2023-08-24T00:00:00+00:00
[2023-08-24T15:23:18.079+0100] {logging_mixin.py:151} INFO - [2023-08-24T15:23:18.079+0100] {dag.py:3677} INFO - Setting next_dagrun for example_branch_datetime_operator_3 to 2023-08-23T00:00:00+00:00, run_after=2023-08-24T00:00:00+00:00
[2023-08-24T15:23:18.286+0100] {processor.py:179} INFO - Processing /home/samuel/dev/airflow_learning/venv/lib/python3.10/site-packages/airflow/example_dags/example_branch_datetime_operator.py took 1.847 seconds
[2023-08-24T15:24:23.199+0100] {processor.py:157} INFO - Started process (PID=5462) to work on /home/samuel/dev/airflow_learning/venv/lib/python3.10/site-packages/airflow/example_dags/example_branch_datetime_operator.py
[2023-08-24T15:24:23.211+0100] {processor.py:829} INFO - Processing file /home/samuel/dev/airflow_learning/venv/lib/python3.10/site-packages/airflow/example_dags/example_branch_datetime_operator.py for tasks to queue
[2023-08-24T15:24:23.212+0100] {logging_mixin.py:151} INFO - [2023-08-24T15:24:23.211+0100] {dagbag.py:539} INFO - Filling up the DagBag from /home/samuel/dev/airflow_learning/venv/lib/python3.10/site-packages/airflow/example_dags/example_branch_datetime_operator.py
[2023-08-24T15:24:23.222+0100] {processor.py:839} INFO - DAG(s) dict_keys(['example_branch_datetime_operator_2', 'example_branch_datetime_operator', 'example_branch_datetime_operator_3']) retrieved from /home/samuel/dev/airflow_learning/venv/lib/python3.10/site-packages/airflow/example_dags/example_branch_datetime_operator.py
[2023-08-24T15:24:23.245+0100] {logging_mixin.py:151} INFO - [2023-08-24T15:24:23.245+0100] {dag.py:2907} INFO - Sync 3 DAGs
[2023-08-24T15:24:23.266+0100] {logging_mixin.py:151} INFO - [2023-08-24T15:24:23.265+0100] {dag.py:3677} INFO - Setting next_dagrun for example_branch_datetime_operator to 2023-08-23T00:00:00+00:00, run_after=2023-08-24T00:00:00+00:00
[2023-08-24T15:24:23.271+0100] {logging_mixin.py:151} INFO - [2023-08-24T15:24:23.271+0100] {dag.py:3677} INFO - Setting next_dagrun for example_branch_datetime_operator_2 to 2023-08-23T00:00:00+00:00, run_after=2023-08-24T00:00:00+00:00
[2023-08-24T15:24:23.273+0100] {logging_mixin.py:151} INFO - [2023-08-24T15:24:23.273+0100] {dag.py:3677} INFO - Setting next_dagrun for example_branch_datetime_operator_3 to 2023-08-23T00:00:00+00:00, run_after=2023-08-24T00:00:00+00:00
[2023-08-24T15:24:23.392+0100] {processor.py:179} INFO - Processing /home/samuel/dev/airflow_learning/venv/lib/python3.10/site-packages/airflow/example_dags/example_branch_datetime_operator.py took 0.196 seconds
[2023-08-24T15:25:37.794+0100] {processor.py:157} INFO - Started process (PID=5537) to work on /home/samuel/dev/airflow_learning/venv/lib/python3.10/site-packages/airflow/example_dags/example_branch_datetime_operator.py
[2023-08-24T15:25:37.797+0100] {processor.py:829} INFO - Processing file /home/samuel/dev/airflow_learning/venv/lib/python3.10/site-packages/airflow/example_dags/example_branch_datetime_operator.py for tasks to queue
[2023-08-24T15:25:37.798+0100] {logging_mixin.py:151} INFO - [2023-08-24T15:25:37.798+0100] {dagbag.py:539} INFO - Filling up the DagBag from /home/samuel/dev/airflow_learning/venv/lib/python3.10/site-packages/airflow/example_dags/example_branch_datetime_operator.py
[2023-08-24T15:25:37.811+0100] {processor.py:839} INFO - DAG(s) dict_keys(['example_branch_datetime_operator_3', 'example_branch_datetime_operator_2', 'example_branch_datetime_operator']) retrieved from /home/samuel/dev/airflow_learning/venv/lib/python3.10/site-packages/airflow/example_dags/example_branch_datetime_operator.py
[2023-08-24T15:25:37.836+0100] {logging_mixin.py:151} INFO - [2023-08-24T15:25:37.835+0100] {dag.py:2907} INFO - Sync 3 DAGs
[2023-08-24T15:25:37.857+0100] {logging_mixin.py:151} INFO - [2023-08-24T15:25:37.857+0100] {dag.py:3677} INFO - Setting next_dagrun for example_branch_datetime_operator to 2023-08-23T00:00:00+00:00, run_after=2023-08-24T00:00:00+00:00
[2023-08-24T15:25:37.862+0100] {logging_mixin.py:151} INFO - [2023-08-24T15:25:37.862+0100] {dag.py:3677} INFO - Setting next_dagrun for example_branch_datetime_operator_2 to 2023-08-23T00:00:00+00:00, run_after=2023-08-24T00:00:00+00:00
[2023-08-24T15:25:37.864+0100] {logging_mixin.py:151} INFO - [2023-08-24T15:25:37.864+0100] {dag.py:3677} INFO - Setting next_dagrun for example_branch_datetime_operator_3 to 2023-08-23T00:00:00+00:00, run_after=2023-08-24T00:00:00+00:00
[2023-08-24T15:25:38.003+0100] {processor.py:179} INFO - Processing /home/samuel/dev/airflow_learning/venv/lib/python3.10/site-packages/airflow/example_dags/example_branch_datetime_operator.py took 0.212 seconds
[2023-08-24T15:27:00.443+0100] {processor.py:157} INFO - Started process (PID=5616) to work on /home/samuel/dev/airflow_learning/venv/lib/python3.10/site-packages/airflow/example_dags/example_branch_datetime_operator.py
[2023-08-24T15:27:00.445+0100] {processor.py:829} INFO - Processing file /home/samuel/dev/airflow_learning/venv/lib/python3.10/site-packages/airflow/example_dags/example_branch_datetime_operator.py for tasks to queue
[2023-08-24T15:27:00.446+0100] {logging_mixin.py:151} INFO - [2023-08-24T15:27:00.446+0100] {dagbag.py:539} INFO - Filling up the DagBag from /home/samuel/dev/airflow_learning/venv/lib/python3.10/site-packages/airflow/example_dags/example_branch_datetime_operator.py
[2023-08-24T15:27:00.459+0100] {processor.py:839} INFO - DAG(s) dict_keys(['example_branch_datetime_operator', 'example_branch_datetime_operator_3', 'example_branch_datetime_operator_2']) retrieved from /home/samuel/dev/airflow_learning/venv/lib/python3.10/site-packages/airflow/example_dags/example_branch_datetime_operator.py
[2023-08-24T15:27:00.485+0100] {logging_mixin.py:151} INFO - [2023-08-24T15:27:00.484+0100] {dag.py:2907} INFO - Sync 3 DAGs
[2023-08-24T15:27:00.505+0100] {logging_mixin.py:151} INFO - [2023-08-24T15:27:00.505+0100] {dag.py:3677} INFO - Setting next_dagrun for example_branch_datetime_operator to 2023-08-23T00:00:00+00:00, run_after=2023-08-24T00:00:00+00:00
[2023-08-24T15:27:00.510+0100] {logging_mixin.py:151} INFO - [2023-08-24T15:27:00.510+0100] {dag.py:3677} INFO - Setting next_dagrun for example_branch_datetime_operator_2 to 2023-08-23T00:00:00+00:00, run_after=2023-08-24T00:00:00+00:00
[2023-08-24T15:27:00.512+0100] {logging_mixin.py:151} INFO - [2023-08-24T15:27:00.512+0100] {dag.py:3677} INFO - Setting next_dagrun for example_branch_datetime_operator_3 to 2023-08-23T00:00:00+00:00, run_after=2023-08-24T00:00:00+00:00
[2023-08-24T15:27:00.655+0100] {processor.py:179} INFO - Processing /home/samuel/dev/airflow_learning/venv/lib/python3.10/site-packages/airflow/example_dags/example_branch_datetime_operator.py took 0.216 seconds
[2023-08-24T15:28:22.369+0100] {processor.py:157} INFO - Started process (PID=5701) to work on /home/samuel/dev/airflow_learning/venv/lib/python3.10/site-packages/airflow/example_dags/example_branch_datetime_operator.py
[2023-08-24T15:28:22.370+0100] {processor.py:829} INFO - Processing file /home/samuel/dev/airflow_learning/venv/lib/python3.10/site-packages/airflow/example_dags/example_branch_datetime_operator.py for tasks to queue
[2023-08-24T15:28:22.371+0100] {logging_mixin.py:151} INFO - [2023-08-24T15:28:22.371+0100] {dagbag.py:539} INFO - Filling up the DagBag from /home/samuel/dev/airflow_learning/venv/lib/python3.10/site-packages/airflow/example_dags/example_branch_datetime_operator.py
[2023-08-24T15:28:22.386+0100] {processor.py:839} INFO - DAG(s) dict_keys(['example_branch_datetime_operator_3', 'example_branch_datetime_operator', 'example_branch_datetime_operator_2']) retrieved from /home/samuel/dev/airflow_learning/venv/lib/python3.10/site-packages/airflow/example_dags/example_branch_datetime_operator.py
[2023-08-24T15:28:22.416+0100] {logging_mixin.py:151} INFO - [2023-08-24T15:28:22.416+0100] {dag.py:2907} INFO - Sync 3 DAGs
[2023-08-24T15:28:22.437+0100] {logging_mixin.py:151} INFO - [2023-08-24T15:28:22.437+0100] {dag.py:3677} INFO - Setting next_dagrun for example_branch_datetime_operator to 2023-08-23T00:00:00+00:00, run_after=2023-08-24T00:00:00+00:00
[2023-08-24T15:28:22.443+0100] {logging_mixin.py:151} INFO - [2023-08-24T15:28:22.442+0100] {dag.py:3677} INFO - Setting next_dagrun for example_branch_datetime_operator_2 to 2023-08-23T00:00:00+00:00, run_after=2023-08-24T00:00:00+00:00
[2023-08-24T15:28:22.445+0100] {logging_mixin.py:151} INFO - [2023-08-24T15:28:22.445+0100] {dag.py:3677} INFO - Setting next_dagrun for example_branch_datetime_operator_3 to 2023-08-23T00:00:00+00:00, run_after=2023-08-24T00:00:00+00:00
[2023-08-24T15:28:22.575+0100] {processor.py:179} INFO - Processing /home/samuel/dev/airflow_learning/venv/lib/python3.10/site-packages/airflow/example_dags/example_branch_datetime_operator.py took 0.210 seconds
[2023-08-24T15:29:43.065+0100] {processor.py:157} INFO - Started process (PID=5794) to work on /home/samuel/dev/airflow_learning/venv/lib/python3.10/site-packages/airflow/example_dags/example_branch_datetime_operator.py
[2023-08-24T15:29:43.068+0100] {processor.py:829} INFO - Processing file /home/samuel/dev/airflow_learning/venv/lib/python3.10/site-packages/airflow/example_dags/example_branch_datetime_operator.py for tasks to queue
[2023-08-24T15:29:43.069+0100] {logging_mixin.py:151} INFO - [2023-08-24T15:29:43.068+0100] {dagbag.py:539} INFO - Filling up the DagBag from /home/samuel/dev/airflow_learning/venv/lib/python3.10/site-packages/airflow/example_dags/example_branch_datetime_operator.py
[2023-08-24T15:29:43.082+0100] {processor.py:839} INFO - DAG(s) dict_keys(['example_branch_datetime_operator_3', 'example_branch_datetime_operator_2', 'example_branch_datetime_operator']) retrieved from /home/samuel/dev/airflow_learning/venv/lib/python3.10/site-packages/airflow/example_dags/example_branch_datetime_operator.py
[2023-08-24T15:29:43.107+0100] {logging_mixin.py:151} INFO - [2023-08-24T15:29:43.107+0100] {dag.py:2907} INFO - Sync 3 DAGs
[2023-08-24T15:29:43.129+0100] {logging_mixin.py:151} INFO - [2023-08-24T15:29:43.129+0100] {dag.py:3677} INFO - Setting next_dagrun for example_branch_datetime_operator to 2023-08-23T00:00:00+00:00, run_after=2023-08-24T00:00:00+00:00
[2023-08-24T15:29:43.134+0100] {logging_mixin.py:151} INFO - [2023-08-24T15:29:43.133+0100] {dag.py:3677} INFO - Setting next_dagrun for example_branch_datetime_operator_2 to 2023-08-23T00:00:00+00:00, run_after=2023-08-24T00:00:00+00:00
[2023-08-24T15:29:43.136+0100] {logging_mixin.py:151} INFO - [2023-08-24T15:29:43.136+0100] {dag.py:3677} INFO - Setting next_dagrun for example_branch_datetime_operator_3 to 2023-08-23T00:00:00+00:00, run_after=2023-08-24T00:00:00+00:00
[2023-08-24T15:29:43.262+0100] {processor.py:179} INFO - Processing /home/samuel/dev/airflow_learning/venv/lib/python3.10/site-packages/airflow/example_dags/example_branch_datetime_operator.py took 0.201 seconds
[2023-08-24T15:31:37.423+0100] {processor.py:157} INFO - Started process (PID=6041) to work on /home/samuel/dev/airflow_learning/venv/lib/python3.10/site-packages/airflow/example_dags/example_branch_datetime_operator.py
[2023-08-24T15:31:37.442+0100] {processor.py:829} INFO - Processing file /home/samuel/dev/airflow_learning/venv/lib/python3.10/site-packages/airflow/example_dags/example_branch_datetime_operator.py for tasks to queue
[2023-08-24T15:31:37.444+0100] {logging_mixin.py:151} INFO - [2023-08-24T15:31:37.443+0100] {dagbag.py:539} INFO - Filling up the DagBag from /home/samuel/dev/airflow_learning/venv/lib/python3.10/site-packages/airflow/example_dags/example_branch_datetime_operator.py
[2023-08-24T15:31:37.462+0100] {processor.py:839} INFO - DAG(s) dict_keys(['example_branch_datetime_operator', 'example_branch_datetime_operator_3', 'example_branch_datetime_operator_2']) retrieved from /home/samuel/dev/airflow_learning/venv/lib/python3.10/site-packages/airflow/example_dags/example_branch_datetime_operator.py
[2023-08-24T15:31:37.493+0100] {logging_mixin.py:151} INFO - [2023-08-24T15:31:37.492+0100] {dag.py:2907} INFO - Sync 3 DAGs
[2023-08-24T15:31:37.526+0100] {logging_mixin.py:151} INFO - [2023-08-24T15:31:37.526+0100] {dag.py:3677} INFO - Setting next_dagrun for example_branch_datetime_operator to 2023-08-23T00:00:00+00:00, run_after=2023-08-24T00:00:00+00:00
[2023-08-24T15:31:37.532+0100] {logging_mixin.py:151} INFO - [2023-08-24T15:31:37.532+0100] {dag.py:3677} INFO - Setting next_dagrun for example_branch_datetime_operator_2 to 2023-08-23T00:00:00+00:00, run_after=2023-08-24T00:00:00+00:00
[2023-08-24T15:31:37.535+0100] {logging_mixin.py:151} INFO - [2023-08-24T15:31:37.535+0100] {dag.py:3677} INFO - Setting next_dagrun for example_branch_datetime_operator_3 to 2023-08-23T00:00:00+00:00, run_after=2023-08-24T00:00:00+00:00
[2023-08-24T15:31:37.888+0100] {processor.py:179} INFO - Processing /home/samuel/dev/airflow_learning/venv/lib/python3.10/site-packages/airflow/example_dags/example_branch_datetime_operator.py took 0.468 seconds
[2023-08-24T15:32:34.718+0100] {processor.py:157} INFO - Started process (PID=6101) to work on /home/samuel/dev/airflow_learning/venv/lib/python3.10/site-packages/airflow/example_dags/example_branch_datetime_operator.py
[2023-08-24T15:32:34.725+0100] {processor.py:829} INFO - Processing file /home/samuel/dev/airflow_learning/venv/lib/python3.10/site-packages/airflow/example_dags/example_branch_datetime_operator.py for tasks to queue
[2023-08-24T15:32:34.727+0100] {logging_mixin.py:151} INFO - [2023-08-24T15:32:34.726+0100] {dagbag.py:539} INFO - Filling up the DagBag from /home/samuel/dev/airflow_learning/venv/lib/python3.10/site-packages/airflow/example_dags/example_branch_datetime_operator.py
[2023-08-24T15:32:34.741+0100] {processor.py:839} INFO - DAG(s) dict_keys(['example_branch_datetime_operator_3', 'example_branch_datetime_operator_2', 'example_branch_datetime_operator']) retrieved from /home/samuel/dev/airflow_learning/venv/lib/python3.10/site-packages/airflow/example_dags/example_branch_datetime_operator.py
[2023-08-24T15:32:34.766+0100] {logging_mixin.py:151} INFO - [2023-08-24T15:32:34.766+0100] {dag.py:2907} INFO - Sync 3 DAGs
[2023-08-24T15:32:34.787+0100] {logging_mixin.py:151} INFO - [2023-08-24T15:32:34.786+0100] {dag.py:3677} INFO - Setting next_dagrun for example_branch_datetime_operator to 2023-08-23T00:00:00+00:00, run_after=2023-08-24T00:00:00+00:00
[2023-08-24T15:32:34.791+0100] {logging_mixin.py:151} INFO - [2023-08-24T15:32:34.791+0100] {dag.py:3677} INFO - Setting next_dagrun for example_branch_datetime_operator_2 to 2023-08-23T00:00:00+00:00, run_after=2023-08-24T00:00:00+00:00
[2023-08-24T15:32:34.793+0100] {logging_mixin.py:151} INFO - [2023-08-24T15:32:34.793+0100] {dag.py:3677} INFO - Setting next_dagrun for example_branch_datetime_operator_3 to 2023-08-23T00:00:00+00:00, run_after=2023-08-24T00:00:00+00:00
[2023-08-24T15:32:34.902+0100] {processor.py:179} INFO - Processing /home/samuel/dev/airflow_learning/venv/lib/python3.10/site-packages/airflow/example_dags/example_branch_datetime_operator.py took 0.189 seconds
[2023-08-24T15:33:54.935+0100] {processor.py:157} INFO - Started process (PID=6192) to work on /home/samuel/dev/airflow_learning/venv/lib/python3.10/site-packages/airflow/example_dags/example_branch_datetime_operator.py
[2023-08-24T15:33:54.962+0100] {processor.py:829} INFO - Processing file /home/samuel/dev/airflow_learning/venv/lib/python3.10/site-packages/airflow/example_dags/example_branch_datetime_operator.py for tasks to queue
[2023-08-24T15:33:54.964+0100] {logging_mixin.py:151} INFO - [2023-08-24T15:33:54.964+0100] {dagbag.py:539} INFO - Filling up the DagBag from /home/samuel/dev/airflow_learning/venv/lib/python3.10/site-packages/airflow/example_dags/example_branch_datetime_operator.py
[2023-08-24T15:33:54.978+0100] {processor.py:839} INFO - DAG(s) dict_keys(['example_branch_datetime_operator', 'example_branch_datetime_operator_3', 'example_branch_datetime_operator_2']) retrieved from /home/samuel/dev/airflow_learning/venv/lib/python3.10/site-packages/airflow/example_dags/example_branch_datetime_operator.py
[2023-08-24T15:33:55.006+0100] {logging_mixin.py:151} INFO - [2023-08-24T15:33:55.006+0100] {dag.py:2907} INFO - Sync 3 DAGs
[2023-08-24T15:33:55.029+0100] {logging_mixin.py:151} INFO - [2023-08-24T15:33:55.029+0100] {dag.py:3677} INFO - Setting next_dagrun for example_branch_datetime_operator to 2023-08-23T00:00:00+00:00, run_after=2023-08-24T00:00:00+00:00
[2023-08-24T15:33:55.033+0100] {logging_mixin.py:151} INFO - [2023-08-24T15:33:55.033+0100] {dag.py:3677} INFO - Setting next_dagrun for example_branch_datetime_operator_2 to 2023-08-23T00:00:00+00:00, run_after=2023-08-24T00:00:00+00:00
[2023-08-24T15:33:55.036+0100] {logging_mixin.py:151} INFO - [2023-08-24T15:33:55.035+0100] {dag.py:3677} INFO - Setting next_dagrun for example_branch_datetime_operator_3 to 2023-08-23T00:00:00+00:00, run_after=2023-08-24T00:00:00+00:00
[2023-08-24T15:33:55.144+0100] {processor.py:179} INFO - Processing /home/samuel/dev/airflow_learning/venv/lib/python3.10/site-packages/airflow/example_dags/example_branch_datetime_operator.py took 0.213 seconds
[2023-08-24T15:35:02.923+0100] {processor.py:157} INFO - Started process (PID=6254) to work on /home/samuel/dev/airflow_learning/venv/lib/python3.10/site-packages/airflow/example_dags/example_branch_datetime_operator.py
[2023-08-24T15:35:02.924+0100] {processor.py:829} INFO - Processing file /home/samuel/dev/airflow_learning/venv/lib/python3.10/site-packages/airflow/example_dags/example_branch_datetime_operator.py for tasks to queue
[2023-08-24T15:35:02.925+0100] {logging_mixin.py:151} INFO - [2023-08-24T15:35:02.924+0100] {dagbag.py:539} INFO - Filling up the DagBag from /home/samuel/dev/airflow_learning/venv/lib/python3.10/site-packages/airflow/example_dags/example_branch_datetime_operator.py
[2023-08-24T15:35:02.938+0100] {processor.py:839} INFO - DAG(s) dict_keys(['example_branch_datetime_operator_2', 'example_branch_datetime_operator_3', 'example_branch_datetime_operator']) retrieved from /home/samuel/dev/airflow_learning/venv/lib/python3.10/site-packages/airflow/example_dags/example_branch_datetime_operator.py
[2023-08-24T15:35:02.963+0100] {logging_mixin.py:151} INFO - [2023-08-24T15:35:02.962+0100] {dag.py:2907} INFO - Sync 3 DAGs
[2023-08-24T15:35:02.984+0100] {logging_mixin.py:151} INFO - [2023-08-24T15:35:02.984+0100] {dag.py:3677} INFO - Setting next_dagrun for example_branch_datetime_operator to 2023-08-23T00:00:00+00:00, run_after=2023-08-24T00:00:00+00:00
[2023-08-24T15:35:02.989+0100] {logging_mixin.py:151} INFO - [2023-08-24T15:35:02.989+0100] {dag.py:3677} INFO - Setting next_dagrun for example_branch_datetime_operator_2 to 2023-08-23T00:00:00+00:00, run_after=2023-08-24T00:00:00+00:00
[2023-08-24T15:35:02.992+0100] {logging_mixin.py:151} INFO - [2023-08-24T15:35:02.992+0100] {dag.py:3677} INFO - Setting next_dagrun for example_branch_datetime_operator_3 to 2023-08-23T00:00:00+00:00, run_after=2023-08-24T00:00:00+00:00
[2023-08-24T15:35:03.104+0100] {processor.py:179} INFO - Processing /home/samuel/dev/airflow_learning/venv/lib/python3.10/site-packages/airflow/example_dags/example_branch_datetime_operator.py took 0.185 seconds
[2023-08-24T15:36:03.733+0100] {processor.py:157} INFO - Started process (PID=6326) to work on /home/samuel/dev/airflow_learning/venv/lib/python3.10/site-packages/airflow/example_dags/example_branch_datetime_operator.py
[2023-08-24T15:36:03.772+0100] {processor.py:829} INFO - Processing file /home/samuel/dev/airflow_learning/venv/lib/python3.10/site-packages/airflow/example_dags/example_branch_datetime_operator.py for tasks to queue
[2023-08-24T15:36:03.773+0100] {logging_mixin.py:151} INFO - [2023-08-24T15:36:03.773+0100] {dagbag.py:539} INFO - Filling up the DagBag from /home/samuel/dev/airflow_learning/venv/lib/python3.10/site-packages/airflow/example_dags/example_branch_datetime_operator.py
[2023-08-24T15:36:03.788+0100] {processor.py:839} INFO - DAG(s) dict_keys(['example_branch_datetime_operator', 'example_branch_datetime_operator_2', 'example_branch_datetime_operator_3']) retrieved from /home/samuel/dev/airflow_learning/venv/lib/python3.10/site-packages/airflow/example_dags/example_branch_datetime_operator.py
[2023-08-24T15:36:03.816+0100] {logging_mixin.py:151} INFO - [2023-08-24T15:36:03.815+0100] {dag.py:2907} INFO - Sync 3 DAGs
[2023-08-24T15:36:03.839+0100] {logging_mixin.py:151} INFO - [2023-08-24T15:36:03.839+0100] {dag.py:3677} INFO - Setting next_dagrun for example_branch_datetime_operator to 2023-08-23T00:00:00+00:00, run_after=2023-08-24T00:00:00+00:00
[2023-08-24T15:36:03.844+0100] {logging_mixin.py:151} INFO - [2023-08-24T15:36:03.844+0100] {dag.py:3677} INFO - Setting next_dagrun for example_branch_datetime_operator_2 to 2023-08-23T00:00:00+00:00, run_after=2023-08-24T00:00:00+00:00
[2023-08-24T15:36:03.847+0100] {logging_mixin.py:151} INFO - [2023-08-24T15:36:03.847+0100] {dag.py:3677} INFO - Setting next_dagrun for example_branch_datetime_operator_3 to 2023-08-23T00:00:00+00:00, run_after=2023-08-24T00:00:00+00:00
[2023-08-24T15:36:03.973+0100] {processor.py:179} INFO - Processing /home/samuel/dev/airflow_learning/venv/lib/python3.10/site-packages/airflow/example_dags/example_branch_datetime_operator.py took 0.243 seconds
[2023-08-24T15:37:37.623+0100] {processor.py:157} INFO - Started process (PID=6410) to work on /home/samuel/dev/airflow_learning/venv/lib/python3.10/site-packages/airflow/example_dags/example_branch_datetime_operator.py
[2023-08-24T15:37:37.641+0100] {processor.py:829} INFO - Processing file /home/samuel/dev/airflow_learning/venv/lib/python3.10/site-packages/airflow/example_dags/example_branch_datetime_operator.py for tasks to queue
[2023-08-24T15:37:37.642+0100] {logging_mixin.py:151} INFO - [2023-08-24T15:37:37.641+0100] {dagbag.py:539} INFO - Filling up the DagBag from /home/samuel/dev/airflow_learning/venv/lib/python3.10/site-packages/airflow/example_dags/example_branch_datetime_operator.py
[2023-08-24T15:37:37.655+0100] {processor.py:839} INFO - DAG(s) dict_keys(['example_branch_datetime_operator_3', 'example_branch_datetime_operator', 'example_branch_datetime_operator_2']) retrieved from /home/samuel/dev/airflow_learning/venv/lib/python3.10/site-packages/airflow/example_dags/example_branch_datetime_operator.py
[2023-08-24T15:37:37.682+0100] {logging_mixin.py:151} INFO - [2023-08-24T15:37:37.681+0100] {dag.py:2907} INFO - Sync 3 DAGs
[2023-08-24T15:37:37.703+0100] {logging_mixin.py:151} INFO - [2023-08-24T15:37:37.702+0100] {dag.py:3677} INFO - Setting next_dagrun for example_branch_datetime_operator to 2023-08-23T00:00:00+00:00, run_after=2023-08-24T00:00:00+00:00
[2023-08-24T15:37:37.707+0100] {logging_mixin.py:151} INFO - [2023-08-24T15:37:37.707+0100] {dag.py:3677} INFO - Setting next_dagrun for example_branch_datetime_operator_2 to 2023-08-23T00:00:00+00:00, run_after=2023-08-24T00:00:00+00:00
[2023-08-24T15:37:37.709+0100] {logging_mixin.py:151} INFO - [2023-08-24T15:37:37.709+0100] {dag.py:3677} INFO - Setting next_dagrun for example_branch_datetime_operator_3 to 2023-08-23T00:00:00+00:00, run_after=2023-08-24T00:00:00+00:00
[2023-08-24T15:37:37.853+0100] {processor.py:179} INFO - Processing /home/samuel/dev/airflow_learning/venv/lib/python3.10/site-packages/airflow/example_dags/example_branch_datetime_operator.py took 0.233 seconds
[2023-08-24T15:38:43.014+0100] {processor.py:157} INFO - Started process (PID=6473) to work on /home/samuel/dev/airflow_learning/venv/lib/python3.10/site-packages/airflow/example_dags/example_branch_datetime_operator.py
[2023-08-24T15:38:43.017+0100] {processor.py:829} INFO - Processing file /home/samuel/dev/airflow_learning/venv/lib/python3.10/site-packages/airflow/example_dags/example_branch_datetime_operator.py for tasks to queue
[2023-08-24T15:38:43.018+0100] {logging_mixin.py:151} INFO - [2023-08-24T15:38:43.017+0100] {dagbag.py:539} INFO - Filling up the DagBag from /home/samuel/dev/airflow_learning/venv/lib/python3.10/site-packages/airflow/example_dags/example_branch_datetime_operator.py
[2023-08-24T15:38:43.031+0100] {processor.py:839} INFO - DAG(s) dict_keys(['example_branch_datetime_operator', 'example_branch_datetime_operator_2', 'example_branch_datetime_operator_3']) retrieved from /home/samuel/dev/airflow_learning/venv/lib/python3.10/site-packages/airflow/example_dags/example_branch_datetime_operator.py
[2023-08-24T15:38:43.056+0100] {logging_mixin.py:151} INFO - [2023-08-24T15:38:43.055+0100] {dag.py:2907} INFO - Sync 3 DAGs
[2023-08-24T15:38:43.077+0100] {logging_mixin.py:151} INFO - [2023-08-24T15:38:43.076+0100] {dag.py:3677} INFO - Setting next_dagrun for example_branch_datetime_operator to 2023-08-23T00:00:00+00:00, run_after=2023-08-24T00:00:00+00:00
[2023-08-24T15:38:43.081+0100] {logging_mixin.py:151} INFO - [2023-08-24T15:38:43.081+0100] {dag.py:3677} INFO - Setting next_dagrun for example_branch_datetime_operator_2 to 2023-08-23T00:00:00+00:00, run_after=2023-08-24T00:00:00+00:00
[2023-08-24T15:38:43.084+0100] {logging_mixin.py:151} INFO - [2023-08-24T15:38:43.083+0100] {dag.py:3677} INFO - Setting next_dagrun for example_branch_datetime_operator_3 to 2023-08-23T00:00:00+00:00, run_after=2023-08-24T00:00:00+00:00
[2023-08-24T15:38:43.208+0100] {processor.py:179} INFO - Processing /home/samuel/dev/airflow_learning/venv/lib/python3.10/site-packages/airflow/example_dags/example_branch_datetime_operator.py took 0.197 seconds
[2023-08-24T15:40:08.709+0100] {processor.py:157} INFO - Started process (PID=6573) to work on /home/samuel/dev/airflow_learning/venv/lib/python3.10/site-packages/airflow/example_dags/example_branch_datetime_operator.py
[2023-08-24T15:40:08.725+0100] {processor.py:829} INFO - Processing file /home/samuel/dev/airflow_learning/venv/lib/python3.10/site-packages/airflow/example_dags/example_branch_datetime_operator.py for tasks to queue
[2023-08-24T15:40:08.727+0100] {logging_mixin.py:151} INFO - [2023-08-24T15:40:08.726+0100] {dagbag.py:539} INFO - Filling up the DagBag from /home/samuel/dev/airflow_learning/venv/lib/python3.10/site-packages/airflow/example_dags/example_branch_datetime_operator.py
[2023-08-24T15:40:08.742+0100] {processor.py:839} INFO - DAG(s) dict_keys(['example_branch_datetime_operator_3', 'example_branch_datetime_operator_2', 'example_branch_datetime_operator']) retrieved from /home/samuel/dev/airflow_learning/venv/lib/python3.10/site-packages/airflow/example_dags/example_branch_datetime_operator.py
[2023-08-24T15:40:08.770+0100] {logging_mixin.py:151} INFO - [2023-08-24T15:40:08.770+0100] {dag.py:2907} INFO - Sync 3 DAGs
[2023-08-24T15:40:08.792+0100] {logging_mixin.py:151} INFO - [2023-08-24T15:40:08.792+0100] {dag.py:3677} INFO - Setting next_dagrun for example_branch_datetime_operator to 2023-08-23T00:00:00+00:00, run_after=2023-08-24T00:00:00+00:00
[2023-08-24T15:40:08.797+0100] {logging_mixin.py:151} INFO - [2023-08-24T15:40:08.797+0100] {dag.py:3677} INFO - Setting next_dagrun for example_branch_datetime_operator_2 to 2023-08-23T00:00:00+00:00, run_after=2023-08-24T00:00:00+00:00
[2023-08-24T15:40:08.799+0100] {logging_mixin.py:151} INFO - [2023-08-24T15:40:08.799+0100] {dag.py:3677} INFO - Setting next_dagrun for example_branch_datetime_operator_3 to 2023-08-23T00:00:00+00:00, run_after=2023-08-24T00:00:00+00:00
[2023-08-24T15:40:08.903+0100] {processor.py:179} INFO - Processing /home/samuel/dev/airflow_learning/venv/lib/python3.10/site-packages/airflow/example_dags/example_branch_datetime_operator.py took 0.198 seconds
[2023-08-24T15:41:10.414+0100] {processor.py:157} INFO - Started process (PID=6637) to work on /home/samuel/dev/airflow_learning/venv/lib/python3.10/site-packages/airflow/example_dags/example_branch_datetime_operator.py
[2023-08-24T15:41:10.452+0100] {processor.py:829} INFO - Processing file /home/samuel/dev/airflow_learning/venv/lib/python3.10/site-packages/airflow/example_dags/example_branch_datetime_operator.py for tasks to queue
[2023-08-24T15:41:10.453+0100] {logging_mixin.py:151} INFO - [2023-08-24T15:41:10.452+0100] {dagbag.py:539} INFO - Filling up the DagBag from /home/samuel/dev/airflow_learning/venv/lib/python3.10/site-packages/airflow/example_dags/example_branch_datetime_operator.py
[2023-08-24T15:41:10.466+0100] {processor.py:839} INFO - DAG(s) dict_keys(['example_branch_datetime_operator', 'example_branch_datetime_operator_2', 'example_branch_datetime_operator_3']) retrieved from /home/samuel/dev/airflow_learning/venv/lib/python3.10/site-packages/airflow/example_dags/example_branch_datetime_operator.py
[2023-08-24T15:41:10.496+0100] {logging_mixin.py:151} INFO - [2023-08-24T15:41:10.496+0100] {dag.py:2907} INFO - Sync 3 DAGs
[2023-08-24T15:41:10.522+0100] {logging_mixin.py:151} INFO - [2023-08-24T15:41:10.521+0100] {dag.py:3677} INFO - Setting next_dagrun for example_branch_datetime_operator to 2023-08-23T00:00:00+00:00, run_after=2023-08-24T00:00:00+00:00
[2023-08-24T15:41:10.527+0100] {logging_mixin.py:151} INFO - [2023-08-24T15:41:10.526+0100] {dag.py:3677} INFO - Setting next_dagrun for example_branch_datetime_operator_2 to 2023-08-23T00:00:00+00:00, run_after=2023-08-24T00:00:00+00:00
[2023-08-24T15:41:10.530+0100] {logging_mixin.py:151} INFO - [2023-08-24T15:41:10.530+0100] {dag.py:3677} INFO - Setting next_dagrun for example_branch_datetime_operator_3 to 2023-08-23T00:00:00+00:00, run_after=2023-08-24T00:00:00+00:00
[2023-08-24T15:41:10.631+0100] {processor.py:179} INFO - Processing /home/samuel/dev/airflow_learning/venv/lib/python3.10/site-packages/airflow/example_dags/example_branch_datetime_operator.py took 0.221 seconds
[2023-08-24T15:42:26.417+0100] {processor.py:157} INFO - Started process (PID=6768) to work on /home/samuel/dev/airflow_learning/venv/lib/python3.10/site-packages/airflow/example_dags/example_branch_datetime_operator.py
[2023-08-24T15:42:26.455+0100] {processor.py:829} INFO - Processing file /home/samuel/dev/airflow_learning/venv/lib/python3.10/site-packages/airflow/example_dags/example_branch_datetime_operator.py for tasks to queue
[2023-08-24T15:42:26.456+0100] {logging_mixin.py:151} INFO - [2023-08-24T15:42:26.456+0100] {dagbag.py:539} INFO - Filling up the DagBag from /home/samuel/dev/airflow_learning/venv/lib/python3.10/site-packages/airflow/example_dags/example_branch_datetime_operator.py
[2023-08-24T15:42:26.469+0100] {processor.py:839} INFO - DAG(s) dict_keys(['example_branch_datetime_operator', 'example_branch_datetime_operator_3', 'example_branch_datetime_operator_2']) retrieved from /home/samuel/dev/airflow_learning/venv/lib/python3.10/site-packages/airflow/example_dags/example_branch_datetime_operator.py
[2023-08-24T15:42:26.498+0100] {logging_mixin.py:151} INFO - [2023-08-24T15:42:26.497+0100] {dag.py:2907} INFO - Sync 3 DAGs
[2023-08-24T15:42:26.521+0100] {logging_mixin.py:151} INFO - [2023-08-24T15:42:26.520+0100] {dag.py:3677} INFO - Setting next_dagrun for example_branch_datetime_operator to 2023-08-23T00:00:00+00:00, run_after=2023-08-24T00:00:00+00:00
[2023-08-24T15:42:26.525+0100] {logging_mixin.py:151} INFO - [2023-08-24T15:42:26.525+0100] {dag.py:3677} INFO - Setting next_dagrun for example_branch_datetime_operator_2 to 2023-08-23T00:00:00+00:00, run_after=2023-08-24T00:00:00+00:00
[2023-08-24T15:42:26.527+0100] {logging_mixin.py:151} INFO - [2023-08-24T15:42:26.527+0100] {dag.py:3677} INFO - Setting next_dagrun for example_branch_datetime_operator_3 to 2023-08-23T00:00:00+00:00, run_after=2023-08-24T00:00:00+00:00
[2023-08-24T15:42:26.638+0100] {processor.py:179} INFO - Processing /home/samuel/dev/airflow_learning/venv/lib/python3.10/site-packages/airflow/example_dags/example_branch_datetime_operator.py took 0.225 seconds
[2023-08-24T15:43:48.849+0100] {processor.py:157} INFO - Started process (PID=6848) to work on /home/samuel/dev/airflow_learning/venv/lib/python3.10/site-packages/airflow/example_dags/example_branch_datetime_operator.py
[2023-08-24T15:43:48.873+0100] {processor.py:829} INFO - Processing file /home/samuel/dev/airflow_learning/venv/lib/python3.10/site-packages/airflow/example_dags/example_branch_datetime_operator.py for tasks to queue
[2023-08-24T15:43:48.875+0100] {logging_mixin.py:151} INFO - [2023-08-24T15:43:48.874+0100] {dagbag.py:539} INFO - Filling up the DagBag from /home/samuel/dev/airflow_learning/venv/lib/python3.10/site-packages/airflow/example_dags/example_branch_datetime_operator.py
[2023-08-24T15:43:48.888+0100] {processor.py:839} INFO - DAG(s) dict_keys(['example_branch_datetime_operator_2', 'example_branch_datetime_operator', 'example_branch_datetime_operator_3']) retrieved from /home/samuel/dev/airflow_learning/venv/lib/python3.10/site-packages/airflow/example_dags/example_branch_datetime_operator.py
[2023-08-24T15:43:48.916+0100] {logging_mixin.py:151} INFO - [2023-08-24T15:43:48.916+0100] {dag.py:2907} INFO - Sync 3 DAGs
[2023-08-24T15:43:48.938+0100] {logging_mixin.py:151} INFO - [2023-08-24T15:43:48.938+0100] {dag.py:3677} INFO - Setting next_dagrun for example_branch_datetime_operator to 2023-08-23T00:00:00+00:00, run_after=2023-08-24T00:00:00+00:00
[2023-08-24T15:43:48.943+0100] {logging_mixin.py:151} INFO - [2023-08-24T15:43:48.943+0100] {dag.py:3677} INFO - Setting next_dagrun for example_branch_datetime_operator_2 to 2023-08-23T00:00:00+00:00, run_after=2023-08-24T00:00:00+00:00
[2023-08-24T15:43:48.945+0100] {logging_mixin.py:151} INFO - [2023-08-24T15:43:48.945+0100] {dag.py:3677} INFO - Setting next_dagrun for example_branch_datetime_operator_3 to 2023-08-23T00:00:00+00:00, run_after=2023-08-24T00:00:00+00:00
[2023-08-24T15:43:49.066+0100] {processor.py:179} INFO - Processing /home/samuel/dev/airflow_learning/venv/lib/python3.10/site-packages/airflow/example_dags/example_branch_datetime_operator.py took 0.221 seconds
[2023-08-24T15:45:04.999+0100] {processor.py:157} INFO - Started process (PID=6919) to work on /home/samuel/dev/airflow_learning/venv/lib/python3.10/site-packages/airflow/example_dags/example_branch_datetime_operator.py
[2023-08-24T15:45:05.002+0100] {processor.py:829} INFO - Processing file /home/samuel/dev/airflow_learning/venv/lib/python3.10/site-packages/airflow/example_dags/example_branch_datetime_operator.py for tasks to queue
[2023-08-24T15:45:05.003+0100] {logging_mixin.py:151} INFO - [2023-08-24T15:45:05.003+0100] {dagbag.py:539} INFO - Filling up the DagBag from /home/samuel/dev/airflow_learning/venv/lib/python3.10/site-packages/airflow/example_dags/example_branch_datetime_operator.py
[2023-08-24T15:45:05.016+0100] {processor.py:839} INFO - DAG(s) dict_keys(['example_branch_datetime_operator_3', 'example_branch_datetime_operator_2', 'example_branch_datetime_operator']) retrieved from /home/samuel/dev/airflow_learning/venv/lib/python3.10/site-packages/airflow/example_dags/example_branch_datetime_operator.py
[2023-08-24T15:45:05.038+0100] {logging_mixin.py:151} INFO - [2023-08-24T15:45:05.037+0100] {dag.py:2907} INFO - Sync 3 DAGs
[2023-08-24T15:45:05.058+0100] {logging_mixin.py:151} INFO - [2023-08-24T15:45:05.058+0100] {dag.py:3677} INFO - Setting next_dagrun for example_branch_datetime_operator to 2023-08-23T00:00:00+00:00, run_after=2023-08-24T00:00:00+00:00
[2023-08-24T15:45:05.063+0100] {logging_mixin.py:151} INFO - [2023-08-24T15:45:05.063+0100] {dag.py:3677} INFO - Setting next_dagrun for example_branch_datetime_operator_2 to 2023-08-23T00:00:00+00:00, run_after=2023-08-24T00:00:00+00:00
[2023-08-24T15:45:05.065+0100] {logging_mixin.py:151} INFO - [2023-08-24T15:45:05.065+0100] {dag.py:3677} INFO - Setting next_dagrun for example_branch_datetime_operator_3 to 2023-08-23T00:00:00+00:00, run_after=2023-08-24T00:00:00+00:00
[2023-08-24T15:45:05.199+0100] {processor.py:179} INFO - Processing /home/samuel/dev/airflow_learning/venv/lib/python3.10/site-packages/airflow/example_dags/example_branch_datetime_operator.py took 0.205 seconds
[2023-08-24T15:46:23.578+0100] {processor.py:157} INFO - Started process (PID=6998) to work on /home/samuel/dev/airflow_learning/venv/lib/python3.10/site-packages/airflow/example_dags/example_branch_datetime_operator.py
[2023-08-24T15:46:23.581+0100] {processor.py:829} INFO - Processing file /home/samuel/dev/airflow_learning/venv/lib/python3.10/site-packages/airflow/example_dags/example_branch_datetime_operator.py for tasks to queue
[2023-08-24T15:46:23.582+0100] {logging_mixin.py:151} INFO - [2023-08-24T15:46:23.582+0100] {dagbag.py:539} INFO - Filling up the DagBag from /home/samuel/dev/airflow_learning/venv/lib/python3.10/site-packages/airflow/example_dags/example_branch_datetime_operator.py
[2023-08-24T15:46:23.595+0100] {processor.py:839} INFO - DAG(s) dict_keys(['example_branch_datetime_operator_2', 'example_branch_datetime_operator', 'example_branch_datetime_operator_3']) retrieved from /home/samuel/dev/airflow_learning/venv/lib/python3.10/site-packages/airflow/example_dags/example_branch_datetime_operator.py
[2023-08-24T15:46:23.619+0100] {logging_mixin.py:151} INFO - [2023-08-24T15:46:23.619+0100] {dag.py:2907} INFO - Sync 3 DAGs
[2023-08-24T15:46:23.640+0100] {logging_mixin.py:151} INFO - [2023-08-24T15:46:23.640+0100] {dag.py:3677} INFO - Setting next_dagrun for example_branch_datetime_operator to 2023-08-23T00:00:00+00:00, run_after=2023-08-24T00:00:00+00:00
[2023-08-24T15:46:23.644+0100] {logging_mixin.py:151} INFO - [2023-08-24T15:46:23.644+0100] {dag.py:3677} INFO - Setting next_dagrun for example_branch_datetime_operator_2 to 2023-08-23T00:00:00+00:00, run_after=2023-08-24T00:00:00+00:00
[2023-08-24T15:46:23.647+0100] {logging_mixin.py:151} INFO - [2023-08-24T15:46:23.647+0100] {dag.py:3677} INFO - Setting next_dagrun for example_branch_datetime_operator_3 to 2023-08-23T00:00:00+00:00, run_after=2023-08-24T00:00:00+00:00
[2023-08-24T15:46:23.782+0100] {processor.py:179} INFO - Processing /home/samuel/dev/airflow_learning/venv/lib/python3.10/site-packages/airflow/example_dags/example_branch_datetime_operator.py took 0.207 seconds
[2023-08-24T15:47:43.170+0100] {processor.py:157} INFO - Started process (PID=7070) to work on /home/samuel/dev/airflow_learning/venv/lib/python3.10/site-packages/airflow/example_dags/example_branch_datetime_operator.py
[2023-08-24T15:47:43.189+0100] {processor.py:829} INFO - Processing file /home/samuel/dev/airflow_learning/venv/lib/python3.10/site-packages/airflow/example_dags/example_branch_datetime_operator.py for tasks to queue
[2023-08-24T15:47:43.190+0100] {logging_mixin.py:151} INFO - [2023-08-24T15:47:43.189+0100] {dagbag.py:539} INFO - Filling up the DagBag from /home/samuel/dev/airflow_learning/venv/lib/python3.10/site-packages/airflow/example_dags/example_branch_datetime_operator.py
[2023-08-24T15:47:43.202+0100] {processor.py:839} INFO - DAG(s) dict_keys(['example_branch_datetime_operator_2', 'example_branch_datetime_operator', 'example_branch_datetime_operator_3']) retrieved from /home/samuel/dev/airflow_learning/venv/lib/python3.10/site-packages/airflow/example_dags/example_branch_datetime_operator.py
[2023-08-24T15:47:43.229+0100] {logging_mixin.py:151} INFO - [2023-08-24T15:47:43.229+0100] {dag.py:2907} INFO - Sync 3 DAGs
[2023-08-24T15:47:43.252+0100] {logging_mixin.py:151} INFO - [2023-08-24T15:47:43.252+0100] {dag.py:3677} INFO - Setting next_dagrun for example_branch_datetime_operator to 2023-08-23T00:00:00+00:00, run_after=2023-08-24T00:00:00+00:00
[2023-08-24T15:47:43.256+0100] {logging_mixin.py:151} INFO - [2023-08-24T15:47:43.256+0100] {dag.py:3677} INFO - Setting next_dagrun for example_branch_datetime_operator_2 to 2023-08-23T00:00:00+00:00, run_after=2023-08-24T00:00:00+00:00
[2023-08-24T15:47:43.258+0100] {logging_mixin.py:151} INFO - [2023-08-24T15:47:43.258+0100] {dag.py:3677} INFO - Setting next_dagrun for example_branch_datetime_operator_3 to 2023-08-23T00:00:00+00:00, run_after=2023-08-24T00:00:00+00:00
[2023-08-24T15:47:43.378+0100] {processor.py:179} INFO - Processing /home/samuel/dev/airflow_learning/venv/lib/python3.10/site-packages/airflow/example_dags/example_branch_datetime_operator.py took 0.211 seconds
[2023-08-24T15:49:04.257+0100] {processor.py:157} INFO - Started process (PID=7166) to work on /home/samuel/dev/airflow_learning/venv/lib/python3.10/site-packages/airflow/example_dags/example_branch_datetime_operator.py
[2023-08-24T15:49:04.259+0100] {processor.py:829} INFO - Processing file /home/samuel/dev/airflow_learning/venv/lib/python3.10/site-packages/airflow/example_dags/example_branch_datetime_operator.py for tasks to queue
[2023-08-24T15:49:04.260+0100] {logging_mixin.py:151} INFO - [2023-08-24T15:49:04.260+0100] {dagbag.py:539} INFO - Filling up the DagBag from /home/samuel/dev/airflow_learning/venv/lib/python3.10/site-packages/airflow/example_dags/example_branch_datetime_operator.py
[2023-08-24T15:49:04.272+0100] {processor.py:839} INFO - DAG(s) dict_keys(['example_branch_datetime_operator_3', 'example_branch_datetime_operator', 'example_branch_datetime_operator_2']) retrieved from /home/samuel/dev/airflow_learning/venv/lib/python3.10/site-packages/airflow/example_dags/example_branch_datetime_operator.py
[2023-08-24T15:49:04.296+0100] {logging_mixin.py:151} INFO - [2023-08-24T15:49:04.295+0100] {dag.py:2907} INFO - Sync 3 DAGs
[2023-08-24T15:49:04.316+0100] {logging_mixin.py:151} INFO - [2023-08-24T15:49:04.315+0100] {dag.py:3677} INFO - Setting next_dagrun for example_branch_datetime_operator to 2023-08-23T00:00:00+00:00, run_after=2023-08-24T00:00:00+00:00
[2023-08-24T15:49:04.320+0100] {logging_mixin.py:151} INFO - [2023-08-24T15:49:04.320+0100] {dag.py:3677} INFO - Setting next_dagrun for example_branch_datetime_operator_2 to 2023-08-23T00:00:00+00:00, run_after=2023-08-24T00:00:00+00:00
[2023-08-24T15:49:04.322+0100] {logging_mixin.py:151} INFO - [2023-08-24T15:49:04.322+0100] {dag.py:3677} INFO - Setting next_dagrun for example_branch_datetime_operator_3 to 2023-08-23T00:00:00+00:00, run_after=2023-08-24T00:00:00+00:00
[2023-08-24T15:49:04.441+0100] {processor.py:179} INFO - Processing /home/samuel/dev/airflow_learning/venv/lib/python3.10/site-packages/airflow/example_dags/example_branch_datetime_operator.py took 0.188 seconds
[2023-08-24T15:50:16.109+0100] {processor.py:157} INFO - Started process (PID=7233) to work on /home/samuel/dev/airflow_learning/venv/lib/python3.10/site-packages/airflow/example_dags/example_branch_datetime_operator.py
[2023-08-24T15:50:16.154+0100] {processor.py:829} INFO - Processing file /home/samuel/dev/airflow_learning/venv/lib/python3.10/site-packages/airflow/example_dags/example_branch_datetime_operator.py for tasks to queue
[2023-08-24T15:50:16.155+0100] {logging_mixin.py:151} INFO - [2023-08-24T15:50:16.155+0100] {dagbag.py:539} INFO - Filling up the DagBag from /home/samuel/dev/airflow_learning/venv/lib/python3.10/site-packages/airflow/example_dags/example_branch_datetime_operator.py
[2023-08-24T15:50:16.169+0100] {processor.py:839} INFO - DAG(s) dict_keys(['example_branch_datetime_operator', 'example_branch_datetime_operator_3', 'example_branch_datetime_operator_2']) retrieved from /home/samuel/dev/airflow_learning/venv/lib/python3.10/site-packages/airflow/example_dags/example_branch_datetime_operator.py
[2023-08-24T15:50:16.197+0100] {logging_mixin.py:151} INFO - [2023-08-24T15:50:16.197+0100] {dag.py:2907} INFO - Sync 3 DAGs
[2023-08-24T15:50:16.219+0100] {logging_mixin.py:151} INFO - [2023-08-24T15:50:16.219+0100] {dag.py:3677} INFO - Setting next_dagrun for example_branch_datetime_operator to 2023-08-23T00:00:00+00:00, run_after=2023-08-24T00:00:00+00:00
[2023-08-24T15:50:16.224+0100] {logging_mixin.py:151} INFO - [2023-08-24T15:50:16.224+0100] {dag.py:3677} INFO - Setting next_dagrun for example_branch_datetime_operator_2 to 2023-08-23T00:00:00+00:00, run_after=2023-08-24T00:00:00+00:00
[2023-08-24T15:50:16.226+0100] {logging_mixin.py:151} INFO - [2023-08-24T15:50:16.226+0100] {dag.py:3677} INFO - Setting next_dagrun for example_branch_datetime_operator_3 to 2023-08-23T00:00:00+00:00, run_after=2023-08-24T00:00:00+00:00
[2023-08-24T15:50:16.362+0100] {processor.py:179} INFO - Processing /home/samuel/dev/airflow_learning/venv/lib/python3.10/site-packages/airflow/example_dags/example_branch_datetime_operator.py took 0.257 seconds
[2023-08-24T15:51:35.458+0100] {processor.py:157} INFO - Started process (PID=7316) to work on /home/samuel/dev/airflow_learning/venv/lib/python3.10/site-packages/airflow/example_dags/example_branch_datetime_operator.py
[2023-08-24T15:51:35.461+0100] {processor.py:829} INFO - Processing file /home/samuel/dev/airflow_learning/venv/lib/python3.10/site-packages/airflow/example_dags/example_branch_datetime_operator.py for tasks to queue
[2023-08-24T15:51:35.462+0100] {logging_mixin.py:151} INFO - [2023-08-24T15:51:35.462+0100] {dagbag.py:539} INFO - Filling up the DagBag from /home/samuel/dev/airflow_learning/venv/lib/python3.10/site-packages/airflow/example_dags/example_branch_datetime_operator.py
[2023-08-24T15:51:35.475+0100] {processor.py:839} INFO - DAG(s) dict_keys(['example_branch_datetime_operator', 'example_branch_datetime_operator_2', 'example_branch_datetime_operator_3']) retrieved from /home/samuel/dev/airflow_learning/venv/lib/python3.10/site-packages/airflow/example_dags/example_branch_datetime_operator.py
[2023-08-24T15:51:35.501+0100] {logging_mixin.py:151} INFO - [2023-08-24T15:51:35.501+0100] {dag.py:2907} INFO - Sync 3 DAGs
[2023-08-24T15:51:35.521+0100] {logging_mixin.py:151} INFO - [2023-08-24T15:51:35.521+0100] {dag.py:3677} INFO - Setting next_dagrun for example_branch_datetime_operator to 2023-08-23T00:00:00+00:00, run_after=2023-08-24T00:00:00+00:00
[2023-08-24T15:51:35.526+0100] {logging_mixin.py:151} INFO - [2023-08-24T15:51:35.526+0100] {dag.py:3677} INFO - Setting next_dagrun for example_branch_datetime_operator_2 to 2023-08-23T00:00:00+00:00, run_after=2023-08-24T00:00:00+00:00
[2023-08-24T15:51:35.528+0100] {logging_mixin.py:151} INFO - [2023-08-24T15:51:35.528+0100] {dag.py:3677} INFO - Setting next_dagrun for example_branch_datetime_operator_3 to 2023-08-23T00:00:00+00:00, run_after=2023-08-24T00:00:00+00:00
[2023-08-24T15:51:35.662+0100] {processor.py:179} INFO - Processing /home/samuel/dev/airflow_learning/venv/lib/python3.10/site-packages/airflow/example_dags/example_branch_datetime_operator.py took 0.208 seconds
[2023-08-24T15:52:47.838+0100] {processor.py:157} INFO - Started process (PID=7387) to work on /home/samuel/dev/airflow_learning/venv/lib/python3.10/site-packages/airflow/example_dags/example_branch_datetime_operator.py
[2023-08-24T15:52:47.840+0100] {processor.py:829} INFO - Processing file /home/samuel/dev/airflow_learning/venv/lib/python3.10/site-packages/airflow/example_dags/example_branch_datetime_operator.py for tasks to queue
[2023-08-24T15:52:47.841+0100] {logging_mixin.py:151} INFO - [2023-08-24T15:52:47.841+0100] {dagbag.py:539} INFO - Filling up the DagBag from /home/samuel/dev/airflow_learning/venv/lib/python3.10/site-packages/airflow/example_dags/example_branch_datetime_operator.py
[2023-08-24T15:52:47.854+0100] {processor.py:839} INFO - DAG(s) dict_keys(['example_branch_datetime_operator_3', 'example_branch_datetime_operator', 'example_branch_datetime_operator_2']) retrieved from /home/samuel/dev/airflow_learning/venv/lib/python3.10/site-packages/airflow/example_dags/example_branch_datetime_operator.py
[2023-08-24T15:52:47.876+0100] {logging_mixin.py:151} INFO - [2023-08-24T15:52:47.876+0100] {dag.py:2907} INFO - Sync 3 DAGs
[2023-08-24T15:52:47.897+0100] {logging_mixin.py:151} INFO - [2023-08-24T15:52:47.897+0100] {dag.py:3677} INFO - Setting next_dagrun for example_branch_datetime_operator to 2023-08-23T00:00:00+00:00, run_after=2023-08-24T00:00:00+00:00
[2023-08-24T15:52:47.902+0100] {logging_mixin.py:151} INFO - [2023-08-24T15:52:47.901+0100] {dag.py:3677} INFO - Setting next_dagrun for example_branch_datetime_operator_2 to 2023-08-23T00:00:00+00:00, run_after=2023-08-24T00:00:00+00:00
[2023-08-24T15:52:47.904+0100] {logging_mixin.py:151} INFO - [2023-08-24T15:52:47.904+0100] {dag.py:3677} INFO - Setting next_dagrun for example_branch_datetime_operator_3 to 2023-08-23T00:00:00+00:00, run_after=2023-08-24T00:00:00+00:00
[2023-08-24T15:52:48.040+0100] {processor.py:179} INFO - Processing /home/samuel/dev/airflow_learning/venv/lib/python3.10/site-packages/airflow/example_dags/example_branch_datetime_operator.py took 0.206 seconds
[2023-08-24T15:54:16.135+0100] {processor.py:157} INFO - Started process (PID=7560) to work on /home/samuel/dev/airflow_learning/venv/lib/python3.10/site-packages/airflow/example_dags/example_branch_datetime_operator.py
[2023-08-24T15:54:16.185+0100] {processor.py:829} INFO - Processing file /home/samuel/dev/airflow_learning/venv/lib/python3.10/site-packages/airflow/example_dags/example_branch_datetime_operator.py for tasks to queue
[2023-08-24T15:54:16.186+0100] {logging_mixin.py:151} INFO - [2023-08-24T15:54:16.186+0100] {dagbag.py:539} INFO - Filling up the DagBag from /home/samuel/dev/airflow_learning/venv/lib/python3.10/site-packages/airflow/example_dags/example_branch_datetime_operator.py
[2023-08-24T15:54:16.198+0100] {processor.py:839} INFO - DAG(s) dict_keys(['example_branch_datetime_operator_2', 'example_branch_datetime_operator', 'example_branch_datetime_operator_3']) retrieved from /home/samuel/dev/airflow_learning/venv/lib/python3.10/site-packages/airflow/example_dags/example_branch_datetime_operator.py
[2023-08-24T15:54:16.228+0100] {logging_mixin.py:151} INFO - [2023-08-24T15:54:16.228+0100] {dag.py:2907} INFO - Sync 3 DAGs
[2023-08-24T15:54:16.254+0100] {logging_mixin.py:151} INFO - [2023-08-24T15:54:16.254+0100] {dag.py:3677} INFO - Setting next_dagrun for example_branch_datetime_operator to 2023-08-23T00:00:00+00:00, run_after=2023-08-24T00:00:00+00:00
[2023-08-24T15:54:16.261+0100] {logging_mixin.py:151} INFO - [2023-08-24T15:54:16.260+0100] {dag.py:3677} INFO - Setting next_dagrun for example_branch_datetime_operator_2 to 2023-08-23T00:00:00+00:00, run_after=2023-08-24T00:00:00+00:00
[2023-08-24T15:54:16.264+0100] {logging_mixin.py:151} INFO - [2023-08-24T15:54:16.264+0100] {dag.py:3677} INFO - Setting next_dagrun for example_branch_datetime_operator_3 to 2023-08-23T00:00:00+00:00, run_after=2023-08-24T00:00:00+00:00
[2023-08-24T15:54:16.388+0100] {processor.py:179} INFO - Processing /home/samuel/dev/airflow_learning/venv/lib/python3.10/site-packages/airflow/example_dags/example_branch_datetime_operator.py took 0.256 seconds
[2023-08-24T15:55:16.418+0100] {processor.py:157} INFO - Started process (PID=7624) to work on /home/samuel/dev/airflow_learning/venv/lib/python3.10/site-packages/airflow/example_dags/example_branch_datetime_operator.py
[2023-08-24T15:55:16.424+0100] {processor.py:829} INFO - Processing file /home/samuel/dev/airflow_learning/venv/lib/python3.10/site-packages/airflow/example_dags/example_branch_datetime_operator.py for tasks to queue
[2023-08-24T15:55:16.425+0100] {logging_mixin.py:151} INFO - [2023-08-24T15:55:16.425+0100] {dagbag.py:539} INFO - Filling up the DagBag from /home/samuel/dev/airflow_learning/venv/lib/python3.10/site-packages/airflow/example_dags/example_branch_datetime_operator.py
[2023-08-24T15:55:16.438+0100] {processor.py:839} INFO - DAG(s) dict_keys(['example_branch_datetime_operator_2', 'example_branch_datetime_operator', 'example_branch_datetime_operator_3']) retrieved from /home/samuel/dev/airflow_learning/venv/lib/python3.10/site-packages/airflow/example_dags/example_branch_datetime_operator.py
[2023-08-24T15:55:16.473+0100] {logging_mixin.py:151} INFO - [2023-08-24T15:55:16.473+0100] {dag.py:2907} INFO - Sync 3 DAGs
[2023-08-24T15:55:16.498+0100] {logging_mixin.py:151} INFO - [2023-08-24T15:55:16.498+0100] {dag.py:3677} INFO - Setting next_dagrun for example_branch_datetime_operator to 2023-08-23T00:00:00+00:00, run_after=2023-08-24T00:00:00+00:00
[2023-08-24T15:55:16.503+0100] {logging_mixin.py:151} INFO - [2023-08-24T15:55:16.502+0100] {dag.py:3677} INFO - Setting next_dagrun for example_branch_datetime_operator_2 to 2023-08-23T00:00:00+00:00, run_after=2023-08-24T00:00:00+00:00
[2023-08-24T15:55:16.505+0100] {logging_mixin.py:151} INFO - [2023-08-24T15:55:16.505+0100] {dag.py:3677} INFO - Setting next_dagrun for example_branch_datetime_operator_3 to 2023-08-23T00:00:00+00:00, run_after=2023-08-24T00:00:00+00:00
[2023-08-24T15:55:16.627+0100] {processor.py:179} INFO - Processing /home/samuel/dev/airflow_learning/venv/lib/python3.10/site-packages/airflow/example_dags/example_branch_datetime_operator.py took 0.213 seconds
[2023-08-24T15:56:14.271+0100] {processor.py:157} INFO - Started process (PID=7785) to work on /home/samuel/dev/airflow_learning/venv/lib/python3.10/site-packages/airflow/example_dags/example_branch_datetime_operator.py
[2023-08-24T15:56:14.301+0100] {processor.py:829} INFO - Processing file /home/samuel/dev/airflow_learning/venv/lib/python3.10/site-packages/airflow/example_dags/example_branch_datetime_operator.py for tasks to queue
[2023-08-24T15:56:14.303+0100] {logging_mixin.py:151} INFO - [2023-08-24T15:56:14.302+0100] {dagbag.py:539} INFO - Filling up the DagBag from /home/samuel/dev/airflow_learning/venv/lib/python3.10/site-packages/airflow/example_dags/example_branch_datetime_operator.py
[2023-08-24T15:56:14.316+0100] {processor.py:839} INFO - DAG(s) dict_keys(['example_branch_datetime_operator_3', 'example_branch_datetime_operator', 'example_branch_datetime_operator_2']) retrieved from /home/samuel/dev/airflow_learning/venv/lib/python3.10/site-packages/airflow/example_dags/example_branch_datetime_operator.py
[2023-08-24T15:56:14.345+0100] {logging_mixin.py:151} INFO - [2023-08-24T15:56:14.345+0100] {dag.py:2907} INFO - Sync 3 DAGs
[2023-08-24T15:56:14.367+0100] {logging_mixin.py:151} INFO - [2023-08-24T15:56:14.367+0100] {dag.py:3677} INFO - Setting next_dagrun for example_branch_datetime_operator to 2023-08-23T00:00:00+00:00, run_after=2023-08-24T00:00:00+00:00
[2023-08-24T15:56:14.372+0100] {logging_mixin.py:151} INFO - [2023-08-24T15:56:14.372+0100] {dag.py:3677} INFO - Setting next_dagrun for example_branch_datetime_operator_2 to 2023-08-23T00:00:00+00:00, run_after=2023-08-24T00:00:00+00:00
[2023-08-24T15:56:14.374+0100] {logging_mixin.py:151} INFO - [2023-08-24T15:56:14.374+0100] {dag.py:3677} INFO - Setting next_dagrun for example_branch_datetime_operator_3 to 2023-08-23T00:00:00+00:00, run_after=2023-08-24T00:00:00+00:00
[2023-08-24T15:56:14.476+0100] {processor.py:179} INFO - Processing /home/samuel/dev/airflow_learning/venv/lib/python3.10/site-packages/airflow/example_dags/example_branch_datetime_operator.py took 0.209 seconds
[2023-08-24T15:57:30.031+0100] {processor.py:157} INFO - Started process (PID=7885) to work on /home/samuel/dev/airflow_learning/venv/lib/python3.10/site-packages/airflow/example_dags/example_branch_datetime_operator.py
[2023-08-24T15:57:30.050+0100] {processor.py:829} INFO - Processing file /home/samuel/dev/airflow_learning/venv/lib/python3.10/site-packages/airflow/example_dags/example_branch_datetime_operator.py for tasks to queue
[2023-08-24T15:57:30.051+0100] {logging_mixin.py:151} INFO - [2023-08-24T15:57:30.051+0100] {dagbag.py:539} INFO - Filling up the DagBag from /home/samuel/dev/airflow_learning/venv/lib/python3.10/site-packages/airflow/example_dags/example_branch_datetime_operator.py
[2023-08-24T15:57:30.070+0100] {processor.py:839} INFO - DAG(s) dict_keys(['example_branch_datetime_operator', 'example_branch_datetime_operator_2', 'example_branch_datetime_operator_3']) retrieved from /home/samuel/dev/airflow_learning/venv/lib/python3.10/site-packages/airflow/example_dags/example_branch_datetime_operator.py
[2023-08-24T15:57:30.103+0100] {logging_mixin.py:151} INFO - [2023-08-24T15:57:30.103+0100] {dag.py:2907} INFO - Sync 3 DAGs
[2023-08-24T15:57:30.124+0100] {logging_mixin.py:151} INFO - [2023-08-24T15:57:30.123+0100] {dag.py:3677} INFO - Setting next_dagrun for example_branch_datetime_operator to 2023-08-23T00:00:00+00:00, run_after=2023-08-24T00:00:00+00:00
[2023-08-24T15:57:30.128+0100] {logging_mixin.py:151} INFO - [2023-08-24T15:57:30.128+0100] {dag.py:3677} INFO - Setting next_dagrun for example_branch_datetime_operator_2 to 2023-08-23T00:00:00+00:00, run_after=2023-08-24T00:00:00+00:00
[2023-08-24T15:57:30.131+0100] {logging_mixin.py:151} INFO - [2023-08-24T15:57:30.130+0100] {dag.py:3677} INFO - Setting next_dagrun for example_branch_datetime_operator_3 to 2023-08-23T00:00:00+00:00, run_after=2023-08-24T00:00:00+00:00
[2023-08-24T15:57:30.250+0100] {processor.py:179} INFO - Processing /home/samuel/dev/airflow_learning/venv/lib/python3.10/site-packages/airflow/example_dags/example_branch_datetime_operator.py took 0.223 seconds
[2023-08-24T15:58:47.543+0100] {processor.py:157} INFO - Started process (PID=7969) to work on /home/samuel/dev/airflow_learning/venv/lib/python3.10/site-packages/airflow/example_dags/example_branch_datetime_operator.py
[2023-08-24T15:58:47.544+0100] {processor.py:829} INFO - Processing file /home/samuel/dev/airflow_learning/venv/lib/python3.10/site-packages/airflow/example_dags/example_branch_datetime_operator.py for tasks to queue
[2023-08-24T15:58:47.545+0100] {logging_mixin.py:151} INFO - [2023-08-24T15:58:47.545+0100] {dagbag.py:539} INFO - Filling up the DagBag from /home/samuel/dev/airflow_learning/venv/lib/python3.10/site-packages/airflow/example_dags/example_branch_datetime_operator.py
[2023-08-24T15:58:47.558+0100] {processor.py:839} INFO - DAG(s) dict_keys(['example_branch_datetime_operator_2', 'example_branch_datetime_operator_3', 'example_branch_datetime_operator']) retrieved from /home/samuel/dev/airflow_learning/venv/lib/python3.10/site-packages/airflow/example_dags/example_branch_datetime_operator.py
[2023-08-24T15:58:47.583+0100] {logging_mixin.py:151} INFO - [2023-08-24T15:58:47.582+0100] {dag.py:2907} INFO - Sync 3 DAGs
[2023-08-24T15:58:47.603+0100] {logging_mixin.py:151} INFO - [2023-08-24T15:58:47.603+0100] {dag.py:3677} INFO - Setting next_dagrun for example_branch_datetime_operator to 2023-08-23T00:00:00+00:00, run_after=2023-08-24T00:00:00+00:00
[2023-08-24T15:58:47.607+0100] {logging_mixin.py:151} INFO - [2023-08-24T15:58:47.607+0100] {dag.py:3677} INFO - Setting next_dagrun for example_branch_datetime_operator_2 to 2023-08-23T00:00:00+00:00, run_after=2023-08-24T00:00:00+00:00
[2023-08-24T15:58:47.610+0100] {logging_mixin.py:151} INFO - [2023-08-24T15:58:47.609+0100] {dag.py:3677} INFO - Setting next_dagrun for example_branch_datetime_operator_3 to 2023-08-23T00:00:00+00:00, run_after=2023-08-24T00:00:00+00:00
[2023-08-24T15:58:47.748+0100] {processor.py:179} INFO - Processing /home/samuel/dev/airflow_learning/venv/lib/python3.10/site-packages/airflow/example_dags/example_branch_datetime_operator.py took 0.209 seconds
[2023-08-24T15:59:45.323+0100] {processor.py:157} INFO - Started process (PID=8155) to work on /home/samuel/dev/airflow_learning/venv/lib/python3.10/site-packages/airflow/example_dags/example_branch_datetime_operator.py
[2023-08-24T15:59:45.603+0100] {processor.py:829} INFO - Processing file /home/samuel/dev/airflow_learning/venv/lib/python3.10/site-packages/airflow/example_dags/example_branch_datetime_operator.py for tasks to queue
[2023-08-24T15:59:45.604+0100] {logging_mixin.py:151} INFO - [2023-08-24T15:59:45.603+0100] {dagbag.py:539} INFO - Filling up the DagBag from /home/samuel/dev/airflow_learning/venv/lib/python3.10/site-packages/airflow/example_dags/example_branch_datetime_operator.py
[2023-08-24T15:59:45.617+0100] {processor.py:839} INFO - DAG(s) dict_keys(['example_branch_datetime_operator_2', 'example_branch_datetime_operator_3', 'example_branch_datetime_operator']) retrieved from /home/samuel/dev/airflow_learning/venv/lib/python3.10/site-packages/airflow/example_dags/example_branch_datetime_operator.py
[2023-08-24T15:59:45.646+0100] {logging_mixin.py:151} INFO - [2023-08-24T15:59:45.646+0100] {dag.py:2907} INFO - Sync 3 DAGs
[2023-08-24T15:59:45.676+0100] {logging_mixin.py:151} INFO - [2023-08-24T15:59:45.676+0100] {dag.py:3677} INFO - Setting next_dagrun for example_branch_datetime_operator to 2023-08-23T00:00:00+00:00, run_after=2023-08-24T00:00:00+00:00
[2023-08-24T15:59:45.682+0100] {logging_mixin.py:151} INFO - [2023-08-24T15:59:45.682+0100] {dag.py:3677} INFO - Setting next_dagrun for example_branch_datetime_operator_2 to 2023-08-23T00:00:00+00:00, run_after=2023-08-24T00:00:00+00:00
[2023-08-24T15:59:45.687+0100] {logging_mixin.py:151} INFO - [2023-08-24T15:59:45.687+0100] {dag.py:3677} INFO - Setting next_dagrun for example_branch_datetime_operator_3 to 2023-08-23T00:00:00+00:00, run_after=2023-08-24T00:00:00+00:00
[2023-08-24T15:59:46.214+0100] {processor.py:179} INFO - Processing /home/samuel/dev/airflow_learning/venv/lib/python3.10/site-packages/airflow/example_dags/example_branch_datetime_operator.py took 0.896 seconds
[2023-08-24T16:01:08.309+0100] {processor.py:157} INFO - Started process (PID=8344) to work on /home/samuel/dev/airflow_learning/venv/lib/python3.10/site-packages/airflow/example_dags/example_branch_datetime_operator.py
[2023-08-24T16:01:08.343+0100] {processor.py:829} INFO - Processing file /home/samuel/dev/airflow_learning/venv/lib/python3.10/site-packages/airflow/example_dags/example_branch_datetime_operator.py for tasks to queue
[2023-08-24T16:01:08.345+0100] {logging_mixin.py:151} INFO - [2023-08-24T16:01:08.344+0100] {dagbag.py:539} INFO - Filling up the DagBag from /home/samuel/dev/airflow_learning/venv/lib/python3.10/site-packages/airflow/example_dags/example_branch_datetime_operator.py
[2023-08-24T16:01:08.361+0100] {processor.py:839} INFO - DAG(s) dict_keys(['example_branch_datetime_operator_3', 'example_branch_datetime_operator', 'example_branch_datetime_operator_2']) retrieved from /home/samuel/dev/airflow_learning/venv/lib/python3.10/site-packages/airflow/example_dags/example_branch_datetime_operator.py
[2023-08-24T16:01:08.390+0100] {logging_mixin.py:151} INFO - [2023-08-24T16:01:08.390+0100] {dag.py:2907} INFO - Sync 3 DAGs
[2023-08-24T16:01:08.412+0100] {logging_mixin.py:151} INFO - [2023-08-24T16:01:08.412+0100] {dag.py:3677} INFO - Setting next_dagrun for example_branch_datetime_operator to 2023-08-23T00:00:00+00:00, run_after=2023-08-24T00:00:00+00:00
[2023-08-24T16:01:08.416+0100] {logging_mixin.py:151} INFO - [2023-08-24T16:01:08.416+0100] {dag.py:3677} INFO - Setting next_dagrun for example_branch_datetime_operator_2 to 2023-08-23T00:00:00+00:00, run_after=2023-08-24T00:00:00+00:00
[2023-08-24T16:01:08.419+0100] {logging_mixin.py:151} INFO - [2023-08-24T16:01:08.419+0100] {dag.py:3677} INFO - Setting next_dagrun for example_branch_datetime_operator_3 to 2023-08-23T00:00:00+00:00, run_after=2023-08-24T00:00:00+00:00
[2023-08-24T16:01:08.573+0100] {processor.py:179} INFO - Processing /home/samuel/dev/airflow_learning/venv/lib/python3.10/site-packages/airflow/example_dags/example_branch_datetime_operator.py took 0.269 seconds
[2023-08-24T16:02:27.922+0100] {processor.py:157} INFO - Started process (PID=8462) to work on /home/samuel/dev/airflow_learning/venv/lib/python3.10/site-packages/airflow/example_dags/example_branch_datetime_operator.py
[2023-08-24T16:02:27.948+0100] {processor.py:829} INFO - Processing file /home/samuel/dev/airflow_learning/venv/lib/python3.10/site-packages/airflow/example_dags/example_branch_datetime_operator.py for tasks to queue
[2023-08-24T16:02:27.949+0100] {logging_mixin.py:151} INFO - [2023-08-24T16:02:27.949+0100] {dagbag.py:539} INFO - Filling up the DagBag from /home/samuel/dev/airflow_learning/venv/lib/python3.10/site-packages/airflow/example_dags/example_branch_datetime_operator.py
[2023-08-24T16:02:27.966+0100] {processor.py:839} INFO - DAG(s) dict_keys(['example_branch_datetime_operator_3', 'example_branch_datetime_operator_2', 'example_branch_datetime_operator']) retrieved from /home/samuel/dev/airflow_learning/venv/lib/python3.10/site-packages/airflow/example_dags/example_branch_datetime_operator.py
[2023-08-24T16:02:27.995+0100] {logging_mixin.py:151} INFO - [2023-08-24T16:02:27.995+0100] {dag.py:2907} INFO - Sync 3 DAGs
[2023-08-24T16:02:28.017+0100] {logging_mixin.py:151} INFO - [2023-08-24T16:02:28.017+0100] {dag.py:3677} INFO - Setting next_dagrun for example_branch_datetime_operator to 2023-08-23T00:00:00+00:00, run_after=2023-08-24T00:00:00+00:00
[2023-08-24T16:02:28.022+0100] {logging_mixin.py:151} INFO - [2023-08-24T16:02:28.022+0100] {dag.py:3677} INFO - Setting next_dagrun for example_branch_datetime_operator_2 to 2023-08-23T00:00:00+00:00, run_after=2023-08-24T00:00:00+00:00
[2023-08-24T16:02:28.025+0100] {logging_mixin.py:151} INFO - [2023-08-24T16:02:28.024+0100] {dag.py:3677} INFO - Setting next_dagrun for example_branch_datetime_operator_3 to 2023-08-23T00:00:00+00:00, run_after=2023-08-24T00:00:00+00:00
[2023-08-24T16:02:28.154+0100] {processor.py:179} INFO - Processing /home/samuel/dev/airflow_learning/venv/lib/python3.10/site-packages/airflow/example_dags/example_branch_datetime_operator.py took 0.236 seconds
[2023-08-24T16:03:47.478+0100] {processor.py:157} INFO - Started process (PID=8563) to work on /home/samuel/dev/airflow_learning/venv/lib/python3.10/site-packages/airflow/example_dags/example_branch_datetime_operator.py
[2023-08-24T16:03:47.488+0100] {processor.py:829} INFO - Processing file /home/samuel/dev/airflow_learning/venv/lib/python3.10/site-packages/airflow/example_dags/example_branch_datetime_operator.py for tasks to queue
[2023-08-24T16:03:47.489+0100] {logging_mixin.py:151} INFO - [2023-08-24T16:03:47.489+0100] {dagbag.py:539} INFO - Filling up the DagBag from /home/samuel/dev/airflow_learning/venv/lib/python3.10/site-packages/airflow/example_dags/example_branch_datetime_operator.py
[2023-08-24T16:03:47.505+0100] {processor.py:839} INFO - DAG(s) dict_keys(['example_branch_datetime_operator_2', 'example_branch_datetime_operator', 'example_branch_datetime_operator_3']) retrieved from /home/samuel/dev/airflow_learning/venv/lib/python3.10/site-packages/airflow/example_dags/example_branch_datetime_operator.py
[2023-08-24T16:03:47.534+0100] {logging_mixin.py:151} INFO - [2023-08-24T16:03:47.533+0100] {dag.py:2907} INFO - Sync 3 DAGs
[2023-08-24T16:03:47.555+0100] {logging_mixin.py:151} INFO - [2023-08-24T16:03:47.554+0100] {dag.py:3677} INFO - Setting next_dagrun for example_branch_datetime_operator to 2023-08-23T00:00:00+00:00, run_after=2023-08-24T00:00:00+00:00
[2023-08-24T16:03:47.559+0100] {logging_mixin.py:151} INFO - [2023-08-24T16:03:47.559+0100] {dag.py:3677} INFO - Setting next_dagrun for example_branch_datetime_operator_2 to 2023-08-23T00:00:00+00:00, run_after=2023-08-24T00:00:00+00:00
[2023-08-24T16:03:47.562+0100] {logging_mixin.py:151} INFO - [2023-08-24T16:03:47.562+0100] {dag.py:3677} INFO - Setting next_dagrun for example_branch_datetime_operator_3 to 2023-08-23T00:00:00+00:00, run_after=2023-08-24T00:00:00+00:00
[2023-08-24T16:03:47.670+0100] {processor.py:179} INFO - Processing /home/samuel/dev/airflow_learning/venv/lib/python3.10/site-packages/airflow/example_dags/example_branch_datetime_operator.py took 0.196 seconds
