[2023-08-24T15:22:59.807+0100] {processor.py:157} INFO - Started process (PID=5376) to work on /home/samuel/dev/airflow_learning/venv/lib/python3.10/site-packages/airflow/example_dags/example_kubernetes_executor.py
[2023-08-24T15:22:59.808+0100] {processor.py:829} INFO - Processing file /home/samuel/dev/airflow_learning/venv/lib/python3.10/site-packages/airflow/example_dags/example_kubernetes_executor.py for tasks to queue
[2023-08-24T15:22:59.809+0100] {logging_mixin.py:151} INFO - [2023-08-24T15:22:59.808+0100] {dagbag.py:539} INFO - Filling up the DagBag from /home/samuel/dev/airflow_learning/venv/lib/python3.10/site-packages/airflow/example_dags/example_kubernetes_executor.py
[2023-08-24T15:22:59.812+0100] {logging_mixin.py:151} INFO - [2023-08-24T15:22:59.812+0100] {example_kubernetes_executor.py:38} WARNING - The example_kubernetes_executor example DAG requires the kubernetes provider. Please install it with: pip install apache-airflow[cncf.kubernetes]
[2023-08-24T15:22:59.813+0100] {processor.py:841} WARNING - No viable dags retrieved from /home/samuel/dev/airflow_learning/venv/lib/python3.10/site-packages/airflow/example_dags/example_kubernetes_executor.py
[2023-08-24T15:22:59.824+0100] {processor.py:179} INFO - Processing /home/samuel/dev/airflow_learning/venv/lib/python3.10/site-packages/airflow/example_dags/example_kubernetes_executor.py took 0.021 seconds
[2023-08-24T15:24:11.078+0100] {processor.py:157} INFO - Started process (PID=5452) to work on /home/samuel/dev/airflow_learning/venv/lib/python3.10/site-packages/airflow/example_dags/example_kubernetes_executor.py
[2023-08-24T15:24:11.107+0100] {processor.py:829} INFO - Processing file /home/samuel/dev/airflow_learning/venv/lib/python3.10/site-packages/airflow/example_dags/example_kubernetes_executor.py for tasks to queue
[2023-08-24T15:24:11.108+0100] {logging_mixin.py:151} INFO - [2023-08-24T15:24:11.108+0100] {dagbag.py:539} INFO - Filling up the DagBag from /home/samuel/dev/airflow_learning/venv/lib/python3.10/site-packages/airflow/example_dags/example_kubernetes_executor.py
[2023-08-24T15:24:11.112+0100] {logging_mixin.py:151} INFO - [2023-08-24T15:24:11.112+0100] {example_kubernetes_executor.py:38} WARNING - The example_kubernetes_executor example DAG requires the kubernetes provider. Please install it with: pip install apache-airflow[cncf.kubernetes]
[2023-08-24T15:24:11.112+0100] {processor.py:841} WARNING - No viable dags retrieved from /home/samuel/dev/airflow_learning/venv/lib/python3.10/site-packages/airflow/example_dags/example_kubernetes_executor.py
[2023-08-24T15:24:11.125+0100] {processor.py:179} INFO - Processing /home/samuel/dev/airflow_learning/venv/lib/python3.10/site-packages/airflow/example_dags/example_kubernetes_executor.py took 0.051 seconds
[2023-08-24T15:25:05.983+0100] {processor.py:157} INFO - Started process (PID=5508) to work on /home/samuel/dev/airflow_learning/venv/lib/python3.10/site-packages/airflow/example_dags/example_kubernetes_executor.py
[2023-08-24T15:25:06.000+0100] {processor.py:829} INFO - Processing file /home/samuel/dev/airflow_learning/venv/lib/python3.10/site-packages/airflow/example_dags/example_kubernetes_executor.py for tasks to queue
[2023-08-24T15:25:06.001+0100] {logging_mixin.py:151} INFO - [2023-08-24T15:25:06.001+0100] {dagbag.py:539} INFO - Filling up the DagBag from /home/samuel/dev/airflow_learning/venv/lib/python3.10/site-packages/airflow/example_dags/example_kubernetes_executor.py
[2023-08-24T15:25:06.005+0100] {logging_mixin.py:151} INFO - [2023-08-24T15:25:06.004+0100] {example_kubernetes_executor.py:38} WARNING - The example_kubernetes_executor example DAG requires the kubernetes provider. Please install it with: pip install apache-airflow[cncf.kubernetes]
[2023-08-24T15:25:06.005+0100] {processor.py:841} WARNING - No viable dags retrieved from /home/samuel/dev/airflow_learning/venv/lib/python3.10/site-packages/airflow/example_dags/example_kubernetes_executor.py
[2023-08-24T15:25:06.017+0100] {processor.py:179} INFO - Processing /home/samuel/dev/airflow_learning/venv/lib/python3.10/site-packages/airflow/example_dags/example_kubernetes_executor.py took 0.038 seconds
[2023-08-24T15:26:01.841+0100] {processor.py:157} INFO - Started process (PID=5561) to work on /home/samuel/dev/airflow_learning/venv/lib/python3.10/site-packages/airflow/example_dags/example_kubernetes_executor.py
[2023-08-24T15:26:01.860+0100] {processor.py:829} INFO - Processing file /home/samuel/dev/airflow_learning/venv/lib/python3.10/site-packages/airflow/example_dags/example_kubernetes_executor.py for tasks to queue
[2023-08-24T15:26:01.861+0100] {logging_mixin.py:151} INFO - [2023-08-24T15:26:01.861+0100] {dagbag.py:539} INFO - Filling up the DagBag from /home/samuel/dev/airflow_learning/venv/lib/python3.10/site-packages/airflow/example_dags/example_kubernetes_executor.py
[2023-08-24T15:26:01.866+0100] {logging_mixin.py:151} INFO - [2023-08-24T15:26:01.866+0100] {example_kubernetes_executor.py:38} WARNING - The example_kubernetes_executor example DAG requires the kubernetes provider. Please install it with: pip install apache-airflow[cncf.kubernetes]
[2023-08-24T15:26:01.867+0100] {processor.py:841} WARNING - No viable dags retrieved from /home/samuel/dev/airflow_learning/venv/lib/python3.10/site-packages/airflow/example_dags/example_kubernetes_executor.py
[2023-08-24T15:26:01.881+0100] {processor.py:179} INFO - Processing /home/samuel/dev/airflow_learning/venv/lib/python3.10/site-packages/airflow/example_dags/example_kubernetes_executor.py took 0.044 seconds
[2023-08-24T15:26:55.676+0100] {processor.py:157} INFO - Started process (PID=5612) to work on /home/samuel/dev/airflow_learning/venv/lib/python3.10/site-packages/airflow/example_dags/example_kubernetes_executor.py
[2023-08-24T15:26:55.687+0100] {processor.py:829} INFO - Processing file /home/samuel/dev/airflow_learning/venv/lib/python3.10/site-packages/airflow/example_dags/example_kubernetes_executor.py for tasks to queue
[2023-08-24T15:26:55.688+0100] {logging_mixin.py:151} INFO - [2023-08-24T15:26:55.687+0100] {dagbag.py:539} INFO - Filling up the DagBag from /home/samuel/dev/airflow_learning/venv/lib/python3.10/site-packages/airflow/example_dags/example_kubernetes_executor.py
[2023-08-24T15:26:55.692+0100] {logging_mixin.py:151} INFO - [2023-08-24T15:26:55.691+0100] {example_kubernetes_executor.py:38} WARNING - The example_kubernetes_executor example DAG requires the kubernetes provider. Please install it with: pip install apache-airflow[cncf.kubernetes]
[2023-08-24T15:26:55.692+0100] {processor.py:841} WARNING - No viable dags retrieved from /home/samuel/dev/airflow_learning/venv/lib/python3.10/site-packages/airflow/example_dags/example_kubernetes_executor.py
[2023-08-24T15:26:55.704+0100] {processor.py:179} INFO - Processing /home/samuel/dev/airflow_learning/venv/lib/python3.10/site-packages/airflow/example_dags/example_kubernetes_executor.py took 0.032 seconds
[2023-08-24T15:27:50.660+0100] {processor.py:157} INFO - Started process (PID=5664) to work on /home/samuel/dev/airflow_learning/venv/lib/python3.10/site-packages/airflow/example_dags/example_kubernetes_executor.py
[2023-08-24T15:27:50.662+0100] {processor.py:829} INFO - Processing file /home/samuel/dev/airflow_learning/venv/lib/python3.10/site-packages/airflow/example_dags/example_kubernetes_executor.py for tasks to queue
[2023-08-24T15:27:50.663+0100] {logging_mixin.py:151} INFO - [2023-08-24T15:27:50.663+0100] {dagbag.py:539} INFO - Filling up the DagBag from /home/samuel/dev/airflow_learning/venv/lib/python3.10/site-packages/airflow/example_dags/example_kubernetes_executor.py
[2023-08-24T15:27:50.666+0100] {logging_mixin.py:151} INFO - [2023-08-24T15:27:50.666+0100] {example_kubernetes_executor.py:38} WARNING - The example_kubernetes_executor example DAG requires the kubernetes provider. Please install it with: pip install apache-airflow[cncf.kubernetes]
[2023-08-24T15:27:50.666+0100] {processor.py:841} WARNING - No viable dags retrieved from /home/samuel/dev/airflow_learning/venv/lib/python3.10/site-packages/airflow/example_dags/example_kubernetes_executor.py
[2023-08-24T15:27:50.676+0100] {processor.py:179} INFO - Processing /home/samuel/dev/airflow_learning/venv/lib/python3.10/site-packages/airflow/example_dags/example_kubernetes_executor.py took 0.019 seconds
[2023-08-24T15:28:46.106+0100] {processor.py:157} INFO - Started process (PID=5724) to work on /home/samuel/dev/airflow_learning/venv/lib/python3.10/site-packages/airflow/example_dags/example_kubernetes_executor.py
[2023-08-24T15:28:46.118+0100] {processor.py:829} INFO - Processing file /home/samuel/dev/airflow_learning/venv/lib/python3.10/site-packages/airflow/example_dags/example_kubernetes_executor.py for tasks to queue
[2023-08-24T15:28:46.119+0100] {logging_mixin.py:151} INFO - [2023-08-24T15:28:46.119+0100] {dagbag.py:539} INFO - Filling up the DagBag from /home/samuel/dev/airflow_learning/venv/lib/python3.10/site-packages/airflow/example_dags/example_kubernetes_executor.py
[2023-08-24T15:28:46.122+0100] {logging_mixin.py:151} INFO - [2023-08-24T15:28:46.122+0100] {example_kubernetes_executor.py:38} WARNING - The example_kubernetes_executor example DAG requires the kubernetes provider. Please install it with: pip install apache-airflow[cncf.kubernetes]
[2023-08-24T15:28:46.123+0100] {processor.py:841} WARNING - No viable dags retrieved from /home/samuel/dev/airflow_learning/venv/lib/python3.10/site-packages/airflow/example_dags/example_kubernetes_executor.py
[2023-08-24T15:28:46.134+0100] {processor.py:179} INFO - Processing /home/samuel/dev/airflow_learning/venv/lib/python3.10/site-packages/airflow/example_dags/example_kubernetes_executor.py took 0.031 seconds
[2023-08-24T15:29:39.097+0100] {processor.py:157} INFO - Started process (PID=5791) to work on /home/samuel/dev/airflow_learning/venv/lib/python3.10/site-packages/airflow/example_dags/example_kubernetes_executor.py
[2023-08-24T15:29:39.133+0100] {processor.py:829} INFO - Processing file /home/samuel/dev/airflow_learning/venv/lib/python3.10/site-packages/airflow/example_dags/example_kubernetes_executor.py for tasks to queue
[2023-08-24T15:29:39.134+0100] {logging_mixin.py:151} INFO - [2023-08-24T15:29:39.134+0100] {dagbag.py:539} INFO - Filling up the DagBag from /home/samuel/dev/airflow_learning/venv/lib/python3.10/site-packages/airflow/example_dags/example_kubernetes_executor.py
[2023-08-24T15:29:39.138+0100] {logging_mixin.py:151} INFO - [2023-08-24T15:29:39.138+0100] {example_kubernetes_executor.py:38} WARNING - The example_kubernetes_executor example DAG requires the kubernetes provider. Please install it with: pip install apache-airflow[cncf.kubernetes]
[2023-08-24T15:29:39.138+0100] {processor.py:841} WARNING - No viable dags retrieved from /home/samuel/dev/airflow_learning/venv/lib/python3.10/site-packages/airflow/example_dags/example_kubernetes_executor.py
[2023-08-24T15:29:39.151+0100] {processor.py:179} INFO - Processing /home/samuel/dev/airflow_learning/venv/lib/python3.10/site-packages/airflow/example_dags/example_kubernetes_executor.py took 0.057 seconds
[2023-08-24T15:31:25.486+0100] {processor.py:157} INFO - Started process (PID=6034) to work on /home/samuel/dev/airflow_learning/venv/lib/python3.10/site-packages/airflow/example_dags/example_kubernetes_executor.py
[2023-08-24T15:31:25.507+0100] {processor.py:829} INFO - Processing file /home/samuel/dev/airflow_learning/venv/lib/python3.10/site-packages/airflow/example_dags/example_kubernetes_executor.py for tasks to queue
[2023-08-24T15:31:25.509+0100] {logging_mixin.py:151} INFO - [2023-08-24T15:31:25.508+0100] {dagbag.py:539} INFO - Filling up the DagBag from /home/samuel/dev/airflow_learning/venv/lib/python3.10/site-packages/airflow/example_dags/example_kubernetes_executor.py
[2023-08-24T15:31:25.512+0100] {logging_mixin.py:151} INFO - [2023-08-24T15:31:25.512+0100] {example_kubernetes_executor.py:38} WARNING - The example_kubernetes_executor example DAG requires the kubernetes provider. Please install it with: pip install apache-airflow[cncf.kubernetes]
[2023-08-24T15:31:25.513+0100] {processor.py:841} WARNING - No viable dags retrieved from /home/samuel/dev/airflow_learning/venv/lib/python3.10/site-packages/airflow/example_dags/example_kubernetes_executor.py
[2023-08-24T15:31:25.525+0100] {processor.py:179} INFO - Processing /home/samuel/dev/airflow_learning/venv/lib/python3.10/site-packages/airflow/example_dags/example_kubernetes_executor.py took 0.044 seconds
[2023-08-24T15:32:26.598+0100] {processor.py:157} INFO - Started process (PID=6091) to work on /home/samuel/dev/airflow_learning/venv/lib/python3.10/site-packages/airflow/example_dags/example_kubernetes_executor.py
[2023-08-24T15:32:26.617+0100] {processor.py:829} INFO - Processing file /home/samuel/dev/airflow_learning/venv/lib/python3.10/site-packages/airflow/example_dags/example_kubernetes_executor.py for tasks to queue
[2023-08-24T15:32:26.618+0100] {logging_mixin.py:151} INFO - [2023-08-24T15:32:26.618+0100] {dagbag.py:539} INFO - Filling up the DagBag from /home/samuel/dev/airflow_learning/venv/lib/python3.10/site-packages/airflow/example_dags/example_kubernetes_executor.py
[2023-08-24T15:32:26.622+0100] {logging_mixin.py:151} INFO - [2023-08-24T15:32:26.621+0100] {example_kubernetes_executor.py:38} WARNING - The example_kubernetes_executor example DAG requires the kubernetes provider. Please install it with: pip install apache-airflow[cncf.kubernetes]
[2023-08-24T15:32:26.622+0100] {processor.py:841} WARNING - No viable dags retrieved from /home/samuel/dev/airflow_learning/venv/lib/python3.10/site-packages/airflow/example_dags/example_kubernetes_executor.py
[2023-08-24T15:32:26.636+0100] {processor.py:179} INFO - Processing /home/samuel/dev/airflow_learning/venv/lib/python3.10/site-packages/airflow/example_dags/example_kubernetes_executor.py took 0.043 seconds
[2023-08-24T15:33:18.790+0100] {processor.py:157} INFO - Started process (PID=6154) to work on /home/samuel/dev/airflow_learning/venv/lib/python3.10/site-packages/airflow/example_dags/example_kubernetes_executor.py
[2023-08-24T15:33:18.807+0100] {processor.py:829} INFO - Processing file /home/samuel/dev/airflow_learning/venv/lib/python3.10/site-packages/airflow/example_dags/example_kubernetes_executor.py for tasks to queue
[2023-08-24T15:33:18.808+0100] {logging_mixin.py:151} INFO - [2023-08-24T15:33:18.807+0100] {dagbag.py:539} INFO - Filling up the DagBag from /home/samuel/dev/airflow_learning/venv/lib/python3.10/site-packages/airflow/example_dags/example_kubernetes_executor.py
[2023-08-24T15:33:18.812+0100] {logging_mixin.py:151} INFO - [2023-08-24T15:33:18.811+0100] {example_kubernetes_executor.py:38} WARNING - The example_kubernetes_executor example DAG requires the kubernetes provider. Please install it with: pip install apache-airflow[cncf.kubernetes]
[2023-08-24T15:33:18.812+0100] {processor.py:841} WARNING - No viable dags retrieved from /home/samuel/dev/airflow_learning/venv/lib/python3.10/site-packages/airflow/example_dags/example_kubernetes_executor.py
[2023-08-24T15:33:18.824+0100] {processor.py:179} INFO - Processing /home/samuel/dev/airflow_learning/venv/lib/python3.10/site-packages/airflow/example_dags/example_kubernetes_executor.py took 0.038 seconds
[2023-08-24T15:34:16.334+0100] {processor.py:157} INFO - Started process (PID=6214) to work on /home/samuel/dev/airflow_learning/venv/lib/python3.10/site-packages/airflow/example_dags/example_kubernetes_executor.py
[2023-08-24T15:34:16.359+0100] {processor.py:829} INFO - Processing file /home/samuel/dev/airflow_learning/venv/lib/python3.10/site-packages/airflow/example_dags/example_kubernetes_executor.py for tasks to queue
[2023-08-24T15:34:16.360+0100] {logging_mixin.py:151} INFO - [2023-08-24T15:34:16.359+0100] {dagbag.py:539} INFO - Filling up the DagBag from /home/samuel/dev/airflow_learning/venv/lib/python3.10/site-packages/airflow/example_dags/example_kubernetes_executor.py
[2023-08-24T15:34:16.364+0100] {logging_mixin.py:151} INFO - [2023-08-24T15:34:16.363+0100] {example_kubernetes_executor.py:38} WARNING - The example_kubernetes_executor example DAG requires the kubernetes provider. Please install it with: pip install apache-airflow[cncf.kubernetes]
[2023-08-24T15:34:16.364+0100] {processor.py:841} WARNING - No viable dags retrieved from /home/samuel/dev/airflow_learning/venv/lib/python3.10/site-packages/airflow/example_dags/example_kubernetes_executor.py
[2023-08-24T15:34:16.380+0100] {processor.py:179} INFO - Processing /home/samuel/dev/airflow_learning/venv/lib/python3.10/site-packages/airflow/example_dags/example_kubernetes_executor.py took 0.049 seconds
[2023-08-24T15:35:27.362+0100] {processor.py:157} INFO - Started process (PID=6291) to work on /home/samuel/dev/airflow_learning/venv/lib/python3.10/site-packages/airflow/example_dags/example_kubernetes_executor.py
[2023-08-24T15:35:27.363+0100] {processor.py:829} INFO - Processing file /home/samuel/dev/airflow_learning/venv/lib/python3.10/site-packages/airflow/example_dags/example_kubernetes_executor.py for tasks to queue
[2023-08-24T15:35:27.364+0100] {logging_mixin.py:151} INFO - [2023-08-24T15:35:27.364+0100] {dagbag.py:539} INFO - Filling up the DagBag from /home/samuel/dev/airflow_learning/venv/lib/python3.10/site-packages/airflow/example_dags/example_kubernetes_executor.py
[2023-08-24T15:35:27.368+0100] {logging_mixin.py:151} INFO - [2023-08-24T15:35:27.367+0100] {example_kubernetes_executor.py:38} WARNING - The example_kubernetes_executor example DAG requires the kubernetes provider. Please install it with: pip install apache-airflow[cncf.kubernetes]
[2023-08-24T15:35:27.368+0100] {processor.py:841} WARNING - No viable dags retrieved from /home/samuel/dev/airflow_learning/venv/lib/python3.10/site-packages/airflow/example_dags/example_kubernetes_executor.py
[2023-08-24T15:35:27.380+0100] {processor.py:179} INFO - Processing /home/samuel/dev/airflow_learning/venv/lib/python3.10/site-packages/airflow/example_dags/example_kubernetes_executor.py took 0.022 seconds
[2023-08-24T15:36:22.895+0100] {processor.py:157} INFO - Started process (PID=6346) to work on /home/samuel/dev/airflow_learning/venv/lib/python3.10/site-packages/airflow/example_dags/example_kubernetes_executor.py
[2023-08-24T15:36:22.898+0100] {processor.py:829} INFO - Processing file /home/samuel/dev/airflow_learning/venv/lib/python3.10/site-packages/airflow/example_dags/example_kubernetes_executor.py for tasks to queue
[2023-08-24T15:36:22.899+0100] {logging_mixin.py:151} INFO - [2023-08-24T15:36:22.898+0100] {dagbag.py:539} INFO - Filling up the DagBag from /home/samuel/dev/airflow_learning/venv/lib/python3.10/site-packages/airflow/example_dags/example_kubernetes_executor.py
[2023-08-24T15:36:22.904+0100] {logging_mixin.py:151} INFO - [2023-08-24T15:36:22.904+0100] {example_kubernetes_executor.py:38} WARNING - The example_kubernetes_executor example DAG requires the kubernetes provider. Please install it with: pip install apache-airflow[cncf.kubernetes]
[2023-08-24T15:36:22.905+0100] {processor.py:841} WARNING - No viable dags retrieved from /home/samuel/dev/airflow_learning/venv/lib/python3.10/site-packages/airflow/example_dags/example_kubernetes_executor.py
[2023-08-24T15:36:22.918+0100] {processor.py:179} INFO - Processing /home/samuel/dev/airflow_learning/venv/lib/python3.10/site-packages/airflow/example_dags/example_kubernetes_executor.py took 0.027 seconds
[2023-08-24T15:37:26.921+0100] {processor.py:157} INFO - Started process (PID=6401) to work on /home/samuel/dev/airflow_learning/venv/lib/python3.10/site-packages/airflow/example_dags/example_kubernetes_executor.py
[2023-08-24T15:37:26.965+0100] {processor.py:829} INFO - Processing file /home/samuel/dev/airflow_learning/venv/lib/python3.10/site-packages/airflow/example_dags/example_kubernetes_executor.py for tasks to queue
[2023-08-24T15:37:26.966+0100] {logging_mixin.py:151} INFO - [2023-08-24T15:37:26.966+0100] {dagbag.py:539} INFO - Filling up the DagBag from /home/samuel/dev/airflow_learning/venv/lib/python3.10/site-packages/airflow/example_dags/example_kubernetes_executor.py
[2023-08-24T15:37:26.970+0100] {logging_mixin.py:151} INFO - [2023-08-24T15:37:26.969+0100] {example_kubernetes_executor.py:38} WARNING - The example_kubernetes_executor example DAG requires the kubernetes provider. Please install it with: pip install apache-airflow[cncf.kubernetes]
[2023-08-24T15:37:26.970+0100] {processor.py:841} WARNING - No viable dags retrieved from /home/samuel/dev/airflow_learning/venv/lib/python3.10/site-packages/airflow/example_dags/example_kubernetes_executor.py
[2023-08-24T15:37:26.983+0100] {processor.py:179} INFO - Processing /home/samuel/dev/airflow_learning/venv/lib/python3.10/site-packages/airflow/example_dags/example_kubernetes_executor.py took 0.067 seconds
[2023-08-24T15:38:31.186+0100] {processor.py:157} INFO - Started process (PID=6464) to work on /home/samuel/dev/airflow_learning/venv/lib/python3.10/site-packages/airflow/example_dags/example_kubernetes_executor.py
[2023-08-24T15:38:31.215+0100] {processor.py:829} INFO - Processing file /home/samuel/dev/airflow_learning/venv/lib/python3.10/site-packages/airflow/example_dags/example_kubernetes_executor.py for tasks to queue
[2023-08-24T15:38:31.217+0100] {logging_mixin.py:151} INFO - [2023-08-24T15:38:31.216+0100] {dagbag.py:539} INFO - Filling up the DagBag from /home/samuel/dev/airflow_learning/venv/lib/python3.10/site-packages/airflow/example_dags/example_kubernetes_executor.py
[2023-08-24T15:38:31.220+0100] {logging_mixin.py:151} INFO - [2023-08-24T15:38:31.220+0100] {example_kubernetes_executor.py:38} WARNING - The example_kubernetes_executor example DAG requires the kubernetes provider. Please install it with: pip install apache-airflow[cncf.kubernetes]
[2023-08-24T15:38:31.221+0100] {processor.py:841} WARNING - No viable dags retrieved from /home/samuel/dev/airflow_learning/venv/lib/python3.10/site-packages/airflow/example_dags/example_kubernetes_executor.py
[2023-08-24T15:38:31.233+0100] {processor.py:179} INFO - Processing /home/samuel/dev/airflow_learning/venv/lib/python3.10/site-packages/airflow/example_dags/example_kubernetes_executor.py took 0.051 seconds
[2023-08-24T15:39:27.185+0100] {processor.py:157} INFO - Started process (PID=6517) to work on /home/samuel/dev/airflow_learning/venv/lib/python3.10/site-packages/airflow/example_dags/example_kubernetes_executor.py
[2023-08-24T15:39:27.202+0100] {processor.py:829} INFO - Processing file /home/samuel/dev/airflow_learning/venv/lib/python3.10/site-packages/airflow/example_dags/example_kubernetes_executor.py for tasks to queue
[2023-08-24T15:39:27.203+0100] {logging_mixin.py:151} INFO - [2023-08-24T15:39:27.203+0100] {dagbag.py:539} INFO - Filling up the DagBag from /home/samuel/dev/airflow_learning/venv/lib/python3.10/site-packages/airflow/example_dags/example_kubernetes_executor.py
[2023-08-24T15:39:27.206+0100] {logging_mixin.py:151} INFO - [2023-08-24T15:39:27.206+0100] {example_kubernetes_executor.py:38} WARNING - The example_kubernetes_executor example DAG requires the kubernetes provider. Please install it with: pip install apache-airflow[cncf.kubernetes]
[2023-08-24T15:39:27.206+0100] {processor.py:841} WARNING - No viable dags retrieved from /home/samuel/dev/airflow_learning/venv/lib/python3.10/site-packages/airflow/example_dags/example_kubernetes_executor.py
[2023-08-24T15:39:27.216+0100] {processor.py:179} INFO - Processing /home/samuel/dev/airflow_learning/venv/lib/python3.10/site-packages/airflow/example_dags/example_kubernetes_executor.py took 0.034 seconds
[2023-08-24T15:40:35.961+0100] {processor.py:157} INFO - Started process (PID=6602) to work on /home/samuel/dev/airflow_learning/venv/lib/python3.10/site-packages/airflow/example_dags/example_kubernetes_executor.py
[2023-08-24T15:40:35.996+0100] {processor.py:829} INFO - Processing file /home/samuel/dev/airflow_learning/venv/lib/python3.10/site-packages/airflow/example_dags/example_kubernetes_executor.py for tasks to queue
[2023-08-24T15:40:35.998+0100] {logging_mixin.py:151} INFO - [2023-08-24T15:40:35.997+0100] {dagbag.py:539} INFO - Filling up the DagBag from /home/samuel/dev/airflow_learning/venv/lib/python3.10/site-packages/airflow/example_dags/example_kubernetes_executor.py
[2023-08-24T15:40:36.001+0100] {logging_mixin.py:151} INFO - [2023-08-24T15:40:36.001+0100] {example_kubernetes_executor.py:38} WARNING - The example_kubernetes_executor example DAG requires the kubernetes provider. Please install it with: pip install apache-airflow[cncf.kubernetes]
[2023-08-24T15:40:36.002+0100] {processor.py:841} WARNING - No viable dags retrieved from /home/samuel/dev/airflow_learning/venv/lib/python3.10/site-packages/airflow/example_dags/example_kubernetes_executor.py
[2023-08-24T15:40:36.015+0100] {processor.py:179} INFO - Processing /home/samuel/dev/airflow_learning/venv/lib/python3.10/site-packages/airflow/example_dags/example_kubernetes_executor.py took 0.057 seconds
[2023-08-24T15:41:30.351+0100] {processor.py:157} INFO - Started process (PID=6654) to work on /home/samuel/dev/airflow_learning/venv/lib/python3.10/site-packages/airflow/example_dags/example_kubernetes_executor.py
[2023-08-24T15:41:30.403+0100] {processor.py:829} INFO - Processing file /home/samuel/dev/airflow_learning/venv/lib/python3.10/site-packages/airflow/example_dags/example_kubernetes_executor.py for tasks to queue
[2023-08-24T15:41:30.404+0100] {logging_mixin.py:151} INFO - [2023-08-24T15:41:30.404+0100] {dagbag.py:539} INFO - Filling up the DagBag from /home/samuel/dev/airflow_learning/venv/lib/python3.10/site-packages/airflow/example_dags/example_kubernetes_executor.py
[2023-08-24T15:41:30.408+0100] {logging_mixin.py:151} INFO - [2023-08-24T15:41:30.407+0100] {example_kubernetes_executor.py:38} WARNING - The example_kubernetes_executor example DAG requires the kubernetes provider. Please install it with: pip install apache-airflow[cncf.kubernetes]
[2023-08-24T15:41:30.408+0100] {processor.py:841} WARNING - No viable dags retrieved from /home/samuel/dev/airflow_learning/venv/lib/python3.10/site-packages/airflow/example_dags/example_kubernetes_executor.py
[2023-08-24T15:41:30.420+0100] {processor.py:179} INFO - Processing /home/samuel/dev/airflow_learning/venv/lib/python3.10/site-packages/airflow/example_dags/example_kubernetes_executor.py took 0.073 seconds
[2023-08-24T15:42:22.288+0100] {processor.py:157} INFO - Started process (PID=6755) to work on /home/samuel/dev/airflow_learning/venv/lib/python3.10/site-packages/airflow/example_dags/example_kubernetes_executor.py
[2023-08-24T15:42:22.318+0100] {processor.py:829} INFO - Processing file /home/samuel/dev/airflow_learning/venv/lib/python3.10/site-packages/airflow/example_dags/example_kubernetes_executor.py for tasks to queue
[2023-08-24T15:42:22.320+0100] {logging_mixin.py:151} INFO - [2023-08-24T15:42:22.319+0100] {dagbag.py:539} INFO - Filling up the DagBag from /home/samuel/dev/airflow_learning/venv/lib/python3.10/site-packages/airflow/example_dags/example_kubernetes_executor.py
[2023-08-24T15:42:22.323+0100] {logging_mixin.py:151} INFO - [2023-08-24T15:42:22.323+0100] {example_kubernetes_executor.py:38} WARNING - The example_kubernetes_executor example DAG requires the kubernetes provider. Please install it with: pip install apache-airflow[cncf.kubernetes]
[2023-08-24T15:42:22.324+0100] {processor.py:841} WARNING - No viable dags retrieved from /home/samuel/dev/airflow_learning/venv/lib/python3.10/site-packages/airflow/example_dags/example_kubernetes_executor.py
[2023-08-24T15:42:22.337+0100] {processor.py:179} INFO - Processing /home/samuel/dev/airflow_learning/venv/lib/python3.10/site-packages/airflow/example_dags/example_kubernetes_executor.py took 0.052 seconds
[2023-08-24T15:43:18.363+0100] {processor.py:157} INFO - Started process (PID=6819) to work on /home/samuel/dev/airflow_learning/venv/lib/python3.10/site-packages/airflow/example_dags/example_kubernetes_executor.py
[2023-08-24T15:43:18.390+0100] {processor.py:829} INFO - Processing file /home/samuel/dev/airflow_learning/venv/lib/python3.10/site-packages/airflow/example_dags/example_kubernetes_executor.py for tasks to queue
[2023-08-24T15:43:18.391+0100] {logging_mixin.py:151} INFO - [2023-08-24T15:43:18.391+0100] {dagbag.py:539} INFO - Filling up the DagBag from /home/samuel/dev/airflow_learning/venv/lib/python3.10/site-packages/airflow/example_dags/example_kubernetes_executor.py
[2023-08-24T15:43:18.395+0100] {logging_mixin.py:151} INFO - [2023-08-24T15:43:18.394+0100] {example_kubernetes_executor.py:38} WARNING - The example_kubernetes_executor example DAG requires the kubernetes provider. Please install it with: pip install apache-airflow[cncf.kubernetes]
[2023-08-24T15:43:18.395+0100] {processor.py:841} WARNING - No viable dags retrieved from /home/samuel/dev/airflow_learning/venv/lib/python3.10/site-packages/airflow/example_dags/example_kubernetes_executor.py
[2023-08-24T15:43:18.405+0100] {processor.py:179} INFO - Processing /home/samuel/dev/airflow_learning/venv/lib/python3.10/site-packages/airflow/example_dags/example_kubernetes_executor.py took 0.046 seconds
[2023-08-24T15:44:10.954+0100] {processor.py:157} INFO - Started process (PID=6870) to work on /home/samuel/dev/airflow_learning/venv/lib/python3.10/site-packages/airflow/example_dags/example_kubernetes_executor.py
[2023-08-24T15:44:10.955+0100] {processor.py:829} INFO - Processing file /home/samuel/dev/airflow_learning/venv/lib/python3.10/site-packages/airflow/example_dags/example_kubernetes_executor.py for tasks to queue
[2023-08-24T15:44:10.956+0100] {logging_mixin.py:151} INFO - [2023-08-24T15:44:10.956+0100] {dagbag.py:539} INFO - Filling up the DagBag from /home/samuel/dev/airflow_learning/venv/lib/python3.10/site-packages/airflow/example_dags/example_kubernetes_executor.py
[2023-08-24T15:44:10.960+0100] {logging_mixin.py:151} INFO - [2023-08-24T15:44:10.959+0100] {example_kubernetes_executor.py:38} WARNING - The example_kubernetes_executor example DAG requires the kubernetes provider. Please install it with: pip install apache-airflow[cncf.kubernetes]
[2023-08-24T15:44:10.960+0100] {processor.py:841} WARNING - No viable dags retrieved from /home/samuel/dev/airflow_learning/venv/lib/python3.10/site-packages/airflow/example_dags/example_kubernetes_executor.py
[2023-08-24T15:44:10.971+0100] {processor.py:179} INFO - Processing /home/samuel/dev/airflow_learning/venv/lib/python3.10/site-packages/airflow/example_dags/example_kubernetes_executor.py took 0.021 seconds
[2023-08-24T15:45:27.350+0100] {processor.py:157} INFO - Started process (PID=6945) to work on /home/samuel/dev/airflow_learning/venv/lib/python3.10/site-packages/airflow/example_dags/example_kubernetes_executor.py
[2023-08-24T15:45:27.381+0100] {processor.py:829} INFO - Processing file /home/samuel/dev/airflow_learning/venv/lib/python3.10/site-packages/airflow/example_dags/example_kubernetes_executor.py for tasks to queue
[2023-08-24T15:45:27.383+0100] {logging_mixin.py:151} INFO - [2023-08-24T15:45:27.382+0100] {dagbag.py:539} INFO - Filling up the DagBag from /home/samuel/dev/airflow_learning/venv/lib/python3.10/site-packages/airflow/example_dags/example_kubernetes_executor.py
[2023-08-24T15:45:27.386+0100] {logging_mixin.py:151} INFO - [2023-08-24T15:45:27.386+0100] {example_kubernetes_executor.py:38} WARNING - The example_kubernetes_executor example DAG requires the kubernetes provider. Please install it with: pip install apache-airflow[cncf.kubernetes]
[2023-08-24T15:45:27.386+0100] {processor.py:841} WARNING - No viable dags retrieved from /home/samuel/dev/airflow_learning/venv/lib/python3.10/site-packages/airflow/example_dags/example_kubernetes_executor.py
[2023-08-24T15:45:27.399+0100] {processor.py:179} INFO - Processing /home/samuel/dev/airflow_learning/venv/lib/python3.10/site-packages/airflow/example_dags/example_kubernetes_executor.py took 0.053 seconds
[2023-08-24T15:46:46.402+0100] {processor.py:157} INFO - Started process (PID=7017) to work on /home/samuel/dev/airflow_learning/venv/lib/python3.10/site-packages/airflow/example_dags/example_kubernetes_executor.py
[2023-08-24T15:46:46.433+0100] {processor.py:829} INFO - Processing file /home/samuel/dev/airflow_learning/venv/lib/python3.10/site-packages/airflow/example_dags/example_kubernetes_executor.py for tasks to queue
[2023-08-24T15:46:46.434+0100] {logging_mixin.py:151} INFO - [2023-08-24T15:46:46.434+0100] {dagbag.py:539} INFO - Filling up the DagBag from /home/samuel/dev/airflow_learning/venv/lib/python3.10/site-packages/airflow/example_dags/example_kubernetes_executor.py
[2023-08-24T15:46:46.438+0100] {logging_mixin.py:151} INFO - [2023-08-24T15:46:46.437+0100] {example_kubernetes_executor.py:38} WARNING - The example_kubernetes_executor example DAG requires the kubernetes provider. Please install it with: pip install apache-airflow[cncf.kubernetes]
[2023-08-24T15:46:46.438+0100] {processor.py:841} WARNING - No viable dags retrieved from /home/samuel/dev/airflow_learning/venv/lib/python3.10/site-packages/airflow/example_dags/example_kubernetes_executor.py
[2023-08-24T15:46:46.450+0100] {processor.py:179} INFO - Processing /home/samuel/dev/airflow_learning/venv/lib/python3.10/site-packages/airflow/example_dags/example_kubernetes_executor.py took 0.052 seconds
[2023-08-24T15:47:40.627+0100] {processor.py:157} INFO - Started process (PID=7068) to work on /home/samuel/dev/airflow_learning/venv/lib/python3.10/site-packages/airflow/example_dags/example_kubernetes_executor.py
[2023-08-24T15:47:40.641+0100] {processor.py:829} INFO - Processing file /home/samuel/dev/airflow_learning/venv/lib/python3.10/site-packages/airflow/example_dags/example_kubernetes_executor.py for tasks to queue
[2023-08-24T15:47:40.642+0100] {logging_mixin.py:151} INFO - [2023-08-24T15:47:40.641+0100] {dagbag.py:539} INFO - Filling up the DagBag from /home/samuel/dev/airflow_learning/venv/lib/python3.10/site-packages/airflow/example_dags/example_kubernetes_executor.py
[2023-08-24T15:47:40.645+0100] {logging_mixin.py:151} INFO - [2023-08-24T15:47:40.644+0100] {example_kubernetes_executor.py:38} WARNING - The example_kubernetes_executor example DAG requires the kubernetes provider. Please install it with: pip install apache-airflow[cncf.kubernetes]
[2023-08-24T15:47:40.645+0100] {processor.py:841} WARNING - No viable dags retrieved from /home/samuel/dev/airflow_learning/venv/lib/python3.10/site-packages/airflow/example_dags/example_kubernetes_executor.py
[2023-08-24T15:47:40.655+0100] {processor.py:179} INFO - Processing /home/samuel/dev/airflow_learning/venv/lib/python3.10/site-packages/airflow/example_dags/example_kubernetes_executor.py took 0.030 seconds
[2023-08-24T15:48:35.103+0100] {processor.py:157} INFO - Started process (PID=7136) to work on /home/samuel/dev/airflow_learning/venv/lib/python3.10/site-packages/airflow/example_dags/example_kubernetes_executor.py
[2023-08-24T15:48:35.115+0100] {processor.py:829} INFO - Processing file /home/samuel/dev/airflow_learning/venv/lib/python3.10/site-packages/airflow/example_dags/example_kubernetes_executor.py for tasks to queue
[2023-08-24T15:48:35.117+0100] {logging_mixin.py:151} INFO - [2023-08-24T15:48:35.116+0100] {dagbag.py:539} INFO - Filling up the DagBag from /home/samuel/dev/airflow_learning/venv/lib/python3.10/site-packages/airflow/example_dags/example_kubernetes_executor.py
[2023-08-24T15:48:35.120+0100] {logging_mixin.py:151} INFO - [2023-08-24T15:48:35.120+0100] {example_kubernetes_executor.py:38} WARNING - The example_kubernetes_executor example DAG requires the kubernetes provider. Please install it with: pip install apache-airflow[cncf.kubernetes]
[2023-08-24T15:48:35.120+0100] {processor.py:841} WARNING - No viable dags retrieved from /home/samuel/dev/airflow_learning/venv/lib/python3.10/site-packages/airflow/example_dags/example_kubernetes_executor.py
[2023-08-24T15:48:35.132+0100] {processor.py:179} INFO - Processing /home/samuel/dev/airflow_learning/venv/lib/python3.10/site-packages/airflow/example_dags/example_kubernetes_executor.py took 0.033 seconds
[2023-08-24T15:49:25.906+0100] {processor.py:157} INFO - Started process (PID=7185) to work on /home/samuel/dev/airflow_learning/venv/lib/python3.10/site-packages/airflow/example_dags/example_kubernetes_executor.py
[2023-08-24T15:49:25.908+0100] {processor.py:829} INFO - Processing file /home/samuel/dev/airflow_learning/venv/lib/python3.10/site-packages/airflow/example_dags/example_kubernetes_executor.py for tasks to queue
[2023-08-24T15:49:25.909+0100] {logging_mixin.py:151} INFO - [2023-08-24T15:49:25.908+0100] {dagbag.py:539} INFO - Filling up the DagBag from /home/samuel/dev/airflow_learning/venv/lib/python3.10/site-packages/airflow/example_dags/example_kubernetes_executor.py
[2023-08-24T15:49:25.912+0100] {logging_mixin.py:151} INFO - [2023-08-24T15:49:25.912+0100] {example_kubernetes_executor.py:38} WARNING - The example_kubernetes_executor example DAG requires the kubernetes provider. Please install it with: pip install apache-airflow[cncf.kubernetes]
[2023-08-24T15:49:25.913+0100] {processor.py:841} WARNING - No viable dags retrieved from /home/samuel/dev/airflow_learning/venv/lib/python3.10/site-packages/airflow/example_dags/example_kubernetes_executor.py
[2023-08-24T15:49:25.925+0100] {processor.py:179} INFO - Processing /home/samuel/dev/airflow_learning/venv/lib/python3.10/site-packages/airflow/example_dags/example_kubernetes_executor.py took 0.022 seconds
[2023-08-24T15:50:39.879+0100] {processor.py:157} INFO - Started process (PID=7257) to work on /home/samuel/dev/airflow_learning/venv/lib/python3.10/site-packages/airflow/example_dags/example_kubernetes_executor.py
[2023-08-24T15:50:39.896+0100] {processor.py:829} INFO - Processing file /home/samuel/dev/airflow_learning/venv/lib/python3.10/site-packages/airflow/example_dags/example_kubernetes_executor.py for tasks to queue
[2023-08-24T15:50:39.897+0100] {logging_mixin.py:151} INFO - [2023-08-24T15:50:39.897+0100] {dagbag.py:539} INFO - Filling up the DagBag from /home/samuel/dev/airflow_learning/venv/lib/python3.10/site-packages/airflow/example_dags/example_kubernetes_executor.py
[2023-08-24T15:50:39.901+0100] {logging_mixin.py:151} INFO - [2023-08-24T15:50:39.901+0100] {example_kubernetes_executor.py:38} WARNING - The example_kubernetes_executor example DAG requires the kubernetes provider. Please install it with: pip install apache-airflow[cncf.kubernetes]
[2023-08-24T15:50:39.901+0100] {processor.py:841} WARNING - No viable dags retrieved from /home/samuel/dev/airflow_learning/venv/lib/python3.10/site-packages/airflow/example_dags/example_kubernetes_executor.py
[2023-08-24T15:50:39.914+0100] {processor.py:179} INFO - Processing /home/samuel/dev/airflow_learning/venv/lib/python3.10/site-packages/airflow/example_dags/example_kubernetes_executor.py took 0.039 seconds
[2023-08-24T15:51:31.911+0100] {processor.py:157} INFO - Started process (PID=7312) to work on /home/samuel/dev/airflow_learning/venv/lib/python3.10/site-packages/airflow/example_dags/example_kubernetes_executor.py
[2023-08-24T15:51:31.914+0100] {processor.py:829} INFO - Processing file /home/samuel/dev/airflow_learning/venv/lib/python3.10/site-packages/airflow/example_dags/example_kubernetes_executor.py for tasks to queue
[2023-08-24T15:51:31.915+0100] {logging_mixin.py:151} INFO - [2023-08-24T15:51:31.914+0100] {dagbag.py:539} INFO - Filling up the DagBag from /home/samuel/dev/airflow_learning/venv/lib/python3.10/site-packages/airflow/example_dags/example_kubernetes_executor.py
[2023-08-24T15:51:31.918+0100] {logging_mixin.py:151} INFO - [2023-08-24T15:51:31.918+0100] {example_kubernetes_executor.py:38} WARNING - The example_kubernetes_executor example DAG requires the kubernetes provider. Please install it with: pip install apache-airflow[cncf.kubernetes]
[2023-08-24T15:51:31.919+0100] {processor.py:841} WARNING - No viable dags retrieved from /home/samuel/dev/airflow_learning/venv/lib/python3.10/site-packages/airflow/example_dags/example_kubernetes_executor.py
[2023-08-24T15:51:31.931+0100] {processor.py:179} INFO - Processing /home/samuel/dev/airflow_learning/venv/lib/python3.10/site-packages/airflow/example_dags/example_kubernetes_executor.py took 0.024 seconds
[2023-08-24T15:52:21.353+0100] {processor.py:157} INFO - Started process (PID=7363) to work on /home/samuel/dev/airflow_learning/venv/lib/python3.10/site-packages/airflow/example_dags/example_kubernetes_executor.py
[2023-08-24T15:52:21.354+0100] {processor.py:829} INFO - Processing file /home/samuel/dev/airflow_learning/venv/lib/python3.10/site-packages/airflow/example_dags/example_kubernetes_executor.py for tasks to queue
[2023-08-24T15:52:21.356+0100] {logging_mixin.py:151} INFO - [2023-08-24T15:52:21.355+0100] {dagbag.py:539} INFO - Filling up the DagBag from /home/samuel/dev/airflow_learning/venv/lib/python3.10/site-packages/airflow/example_dags/example_kubernetes_executor.py
[2023-08-24T15:52:21.361+0100] {logging_mixin.py:151} INFO - [2023-08-24T15:52:21.361+0100] {example_kubernetes_executor.py:38} WARNING - The example_kubernetes_executor example DAG requires the kubernetes provider. Please install it with: pip install apache-airflow[cncf.kubernetes]
[2023-08-24T15:52:21.362+0100] {processor.py:841} WARNING - No viable dags retrieved from /home/samuel/dev/airflow_learning/venv/lib/python3.10/site-packages/airflow/example_dags/example_kubernetes_executor.py
[2023-08-24T15:52:21.375+0100] {processor.py:179} INFO - Processing /home/samuel/dev/airflow_learning/venv/lib/python3.10/site-packages/airflow/example_dags/example_kubernetes_executor.py took 0.025 seconds
[2023-08-24T15:53:38.961+0100] {processor.py:157} INFO - Started process (PID=7504) to work on /home/samuel/dev/airflow_learning/venv/lib/python3.10/site-packages/airflow/example_dags/example_kubernetes_executor.py
[2023-08-24T15:53:39.006+0100] {processor.py:829} INFO - Processing file /home/samuel/dev/airflow_learning/venv/lib/python3.10/site-packages/airflow/example_dags/example_kubernetes_executor.py for tasks to queue
[2023-08-24T15:53:39.007+0100] {logging_mixin.py:151} INFO - [2023-08-24T15:53:39.007+0100] {dagbag.py:539} INFO - Filling up the DagBag from /home/samuel/dev/airflow_learning/venv/lib/python3.10/site-packages/airflow/example_dags/example_kubernetes_executor.py
[2023-08-24T15:53:39.011+0100] {logging_mixin.py:151} INFO - [2023-08-24T15:53:39.011+0100] {example_kubernetes_executor.py:38} WARNING - The example_kubernetes_executor example DAG requires the kubernetes provider. Please install it with: pip install apache-airflow[cncf.kubernetes]
[2023-08-24T15:53:39.012+0100] {processor.py:841} WARNING - No viable dags retrieved from /home/samuel/dev/airflow_learning/venv/lib/python3.10/site-packages/airflow/example_dags/example_kubernetes_executor.py
[2023-08-24T15:53:39.024+0100] {processor.py:179} INFO - Processing /home/samuel/dev/airflow_learning/venv/lib/python3.10/site-packages/airflow/example_dags/example_kubernetes_executor.py took 0.067 seconds
[2023-08-24T15:54:45.753+0100] {processor.py:157} INFO - Started process (PID=7594) to work on /home/samuel/dev/airflow_learning/venv/lib/python3.10/site-packages/airflow/example_dags/example_kubernetes_executor.py
[2023-08-24T15:54:45.767+0100] {processor.py:829} INFO - Processing file /home/samuel/dev/airflow_learning/venv/lib/python3.10/site-packages/airflow/example_dags/example_kubernetes_executor.py for tasks to queue
[2023-08-24T15:54:45.769+0100] {logging_mixin.py:151} INFO - [2023-08-24T15:54:45.768+0100] {dagbag.py:539} INFO - Filling up the DagBag from /home/samuel/dev/airflow_learning/venv/lib/python3.10/site-packages/airflow/example_dags/example_kubernetes_executor.py
[2023-08-24T15:54:45.772+0100] {logging_mixin.py:151} INFO - [2023-08-24T15:54:45.772+0100] {example_kubernetes_executor.py:38} WARNING - The example_kubernetes_executor example DAG requires the kubernetes provider. Please install it with: pip install apache-airflow[cncf.kubernetes]
[2023-08-24T15:54:45.772+0100] {processor.py:841} WARNING - No viable dags retrieved from /home/samuel/dev/airflow_learning/venv/lib/python3.10/site-packages/airflow/example_dags/example_kubernetes_executor.py
[2023-08-24T15:54:45.787+0100] {processor.py:179} INFO - Processing /home/samuel/dev/airflow_learning/venv/lib/python3.10/site-packages/airflow/example_dags/example_kubernetes_executor.py took 0.038 seconds
[2023-08-24T15:55:45.797+0100] {processor.py:157} INFO - Started process (PID=7645) to work on /home/samuel/dev/airflow_learning/venv/lib/python3.10/site-packages/airflow/example_dags/example_kubernetes_executor.py
[2023-08-24T15:55:45.817+0100] {processor.py:829} INFO - Processing file /home/samuel/dev/airflow_learning/venv/lib/python3.10/site-packages/airflow/example_dags/example_kubernetes_executor.py for tasks to queue
[2023-08-24T15:55:45.818+0100] {logging_mixin.py:151} INFO - [2023-08-24T15:55:45.818+0100] {dagbag.py:539} INFO - Filling up the DagBag from /home/samuel/dev/airflow_learning/venv/lib/python3.10/site-packages/airflow/example_dags/example_kubernetes_executor.py
[2023-08-24T15:55:45.822+0100] {logging_mixin.py:151} INFO - [2023-08-24T15:55:45.822+0100] {example_kubernetes_executor.py:38} WARNING - The example_kubernetes_executor example DAG requires the kubernetes provider. Please install it with: pip install apache-airflow[cncf.kubernetes]
[2023-08-24T15:55:45.823+0100] {processor.py:841} WARNING - No viable dags retrieved from /home/samuel/dev/airflow_learning/venv/lib/python3.10/site-packages/airflow/example_dags/example_kubernetes_executor.py
[2023-08-24T15:55:45.835+0100] {processor.py:179} INFO - Processing /home/samuel/dev/airflow_learning/venv/lib/python3.10/site-packages/airflow/example_dags/example_kubernetes_executor.py took 0.041 seconds
[2023-08-24T15:56:58.866+0100] {processor.py:157} INFO - Started process (PID=7860) to work on /home/samuel/dev/airflow_learning/venv/lib/python3.10/site-packages/airflow/example_dags/example_kubernetes_executor.py
[2023-08-24T15:56:58.909+0100] {processor.py:829} INFO - Processing file /home/samuel/dev/airflow_learning/venv/lib/python3.10/site-packages/airflow/example_dags/example_kubernetes_executor.py for tasks to queue
[2023-08-24T15:56:58.910+0100] {logging_mixin.py:151} INFO - [2023-08-24T15:56:58.910+0100] {dagbag.py:539} INFO - Filling up the DagBag from /home/samuel/dev/airflow_learning/venv/lib/python3.10/site-packages/airflow/example_dags/example_kubernetes_executor.py
[2023-08-24T15:56:58.914+0100] {logging_mixin.py:151} INFO - [2023-08-24T15:56:58.914+0100] {example_kubernetes_executor.py:38} WARNING - The example_kubernetes_executor example DAG requires the kubernetes provider. Please install it with: pip install apache-airflow[cncf.kubernetes]
[2023-08-24T15:56:58.914+0100] {processor.py:841} WARNING - No viable dags retrieved from /home/samuel/dev/airflow_learning/venv/lib/python3.10/site-packages/airflow/example_dags/example_kubernetes_executor.py
[2023-08-24T15:56:58.927+0100] {processor.py:179} INFO - Processing /home/samuel/dev/airflow_learning/venv/lib/python3.10/site-packages/airflow/example_dags/example_kubernetes_executor.py took 0.064 seconds
[2023-08-24T15:57:56.463+0100] {processor.py:157} INFO - Started process (PID=7915) to work on /home/samuel/dev/airflow_learning/venv/lib/python3.10/site-packages/airflow/example_dags/example_kubernetes_executor.py
[2023-08-24T15:57:56.503+0100] {processor.py:829} INFO - Processing file /home/samuel/dev/airflow_learning/venv/lib/python3.10/site-packages/airflow/example_dags/example_kubernetes_executor.py for tasks to queue
[2023-08-24T15:57:56.504+0100] {logging_mixin.py:151} INFO - [2023-08-24T15:57:56.504+0100] {dagbag.py:539} INFO - Filling up the DagBag from /home/samuel/dev/airflow_learning/venv/lib/python3.10/site-packages/airflow/example_dags/example_kubernetes_executor.py
[2023-08-24T15:57:56.508+0100] {logging_mixin.py:151} INFO - [2023-08-24T15:57:56.507+0100] {example_kubernetes_executor.py:38} WARNING - The example_kubernetes_executor example DAG requires the kubernetes provider. Please install it with: pip install apache-airflow[cncf.kubernetes]
[2023-08-24T15:57:56.508+0100] {processor.py:841} WARNING - No viable dags retrieved from /home/samuel/dev/airflow_learning/venv/lib/python3.10/site-packages/airflow/example_dags/example_kubernetes_executor.py
[2023-08-24T15:57:56.520+0100] {processor.py:179} INFO - Processing /home/samuel/dev/airflow_learning/venv/lib/python3.10/site-packages/airflow/example_dags/example_kubernetes_executor.py took 0.062 seconds
[2023-08-24T15:59:12.394+0100] {processor.py:157} INFO - Started process (PID=8010) to work on /home/samuel/dev/airflow_learning/venv/lib/python3.10/site-packages/airflow/example_dags/example_kubernetes_executor.py
[2023-08-24T15:59:12.420+0100] {processor.py:829} INFO - Processing file /home/samuel/dev/airflow_learning/venv/lib/python3.10/site-packages/airflow/example_dags/example_kubernetes_executor.py for tasks to queue
[2023-08-24T15:59:12.422+0100] {logging_mixin.py:151} INFO - [2023-08-24T15:59:12.421+0100] {dagbag.py:539} INFO - Filling up the DagBag from /home/samuel/dev/airflow_learning/venv/lib/python3.10/site-packages/airflow/example_dags/example_kubernetes_executor.py
[2023-08-24T15:59:12.425+0100] {logging_mixin.py:151} INFO - [2023-08-24T15:59:12.425+0100] {example_kubernetes_executor.py:38} WARNING - The example_kubernetes_executor example DAG requires the kubernetes provider. Please install it with: pip install apache-airflow[cncf.kubernetes]
[2023-08-24T15:59:12.425+0100] {processor.py:841} WARNING - No viable dags retrieved from /home/samuel/dev/airflow_learning/venv/lib/python3.10/site-packages/airflow/example_dags/example_kubernetes_executor.py
[2023-08-24T15:59:12.438+0100] {processor.py:179} INFO - Processing /home/samuel/dev/airflow_learning/venv/lib/python3.10/site-packages/airflow/example_dags/example_kubernetes_executor.py took 0.048 seconds
[2023-08-24T16:00:10.249+0100] {processor.py:157} INFO - Started process (PID=8244) to work on /home/samuel/dev/airflow_learning/venv/lib/python3.10/site-packages/airflow/example_dags/example_kubernetes_executor.py
[2023-08-24T16:00:10.283+0100] {processor.py:829} INFO - Processing file /home/samuel/dev/airflow_learning/venv/lib/python3.10/site-packages/airflow/example_dags/example_kubernetes_executor.py for tasks to queue
[2023-08-24T16:00:10.284+0100] {logging_mixin.py:151} INFO - [2023-08-24T16:00:10.284+0100] {dagbag.py:539} INFO - Filling up the DagBag from /home/samuel/dev/airflow_learning/venv/lib/python3.10/site-packages/airflow/example_dags/example_kubernetes_executor.py
[2023-08-24T16:00:10.288+0100] {logging_mixin.py:151} INFO - [2023-08-24T16:00:10.288+0100] {example_kubernetes_executor.py:38} WARNING - The example_kubernetes_executor example DAG requires the kubernetes provider. Please install it with: pip install apache-airflow[cncf.kubernetes]
[2023-08-24T16:00:10.288+0100] {processor.py:841} WARNING - No viable dags retrieved from /home/samuel/dev/airflow_learning/venv/lib/python3.10/site-packages/airflow/example_dags/example_kubernetes_executor.py
[2023-08-24T16:00:10.301+0100] {processor.py:179} INFO - Processing /home/samuel/dev/airflow_learning/venv/lib/python3.10/site-packages/airflow/example_dags/example_kubernetes_executor.py took 0.056 seconds
[2023-08-24T16:01:05.174+0100] {processor.py:157} INFO - Started process (PID=8341) to work on /home/samuel/dev/airflow_learning/venv/lib/python3.10/site-packages/airflow/example_dags/example_kubernetes_executor.py
[2023-08-24T16:01:05.199+0100] {processor.py:829} INFO - Processing file /home/samuel/dev/airflow_learning/venv/lib/python3.10/site-packages/airflow/example_dags/example_kubernetes_executor.py for tasks to queue
[2023-08-24T16:01:05.200+0100] {logging_mixin.py:151} INFO - [2023-08-24T16:01:05.199+0100] {dagbag.py:539} INFO - Filling up the DagBag from /home/samuel/dev/airflow_learning/venv/lib/python3.10/site-packages/airflow/example_dags/example_kubernetes_executor.py
[2023-08-24T16:01:05.203+0100] {logging_mixin.py:151} INFO - [2023-08-24T16:01:05.203+0100] {example_kubernetes_executor.py:38} WARNING - The example_kubernetes_executor example DAG requires the kubernetes provider. Please install it with: pip install apache-airflow[cncf.kubernetes]
[2023-08-24T16:01:05.204+0100] {processor.py:841} WARNING - No viable dags retrieved from /home/samuel/dev/airflow_learning/venv/lib/python3.10/site-packages/airflow/example_dags/example_kubernetes_executor.py
[2023-08-24T16:01:05.216+0100] {processor.py:179} INFO - Processing /home/samuel/dev/airflow_learning/venv/lib/python3.10/site-packages/airflow/example_dags/example_kubernetes_executor.py took 0.046 seconds
[2023-08-24T16:01:58.615+0100] {processor.py:157} INFO - Started process (PID=8421) to work on /home/samuel/dev/airflow_learning/venv/lib/python3.10/site-packages/airflow/example_dags/example_kubernetes_executor.py
[2023-08-24T16:01:58.637+0100] {processor.py:829} INFO - Processing file /home/samuel/dev/airflow_learning/venv/lib/python3.10/site-packages/airflow/example_dags/example_kubernetes_executor.py for tasks to queue
[2023-08-24T16:01:58.638+0100] {logging_mixin.py:151} INFO - [2023-08-24T16:01:58.637+0100] {dagbag.py:539} INFO - Filling up the DagBag from /home/samuel/dev/airflow_learning/venv/lib/python3.10/site-packages/airflow/example_dags/example_kubernetes_executor.py
[2023-08-24T16:01:58.641+0100] {logging_mixin.py:151} INFO - [2023-08-24T16:01:58.641+0100] {example_kubernetes_executor.py:38} WARNING - The example_kubernetes_executor example DAG requires the kubernetes provider. Please install it with: pip install apache-airflow[cncf.kubernetes]
[2023-08-24T16:01:58.642+0100] {processor.py:841} WARNING - No viable dags retrieved from /home/samuel/dev/airflow_learning/venv/lib/python3.10/site-packages/airflow/example_dags/example_kubernetes_executor.py
[2023-08-24T16:01:58.654+0100] {processor.py:179} INFO - Processing /home/samuel/dev/airflow_learning/venv/lib/python3.10/site-packages/airflow/example_dags/example_kubernetes_executor.py took 0.043 seconds
[2023-08-24T16:02:50.651+0100] {processor.py:157} INFO - Started process (PID=8485) to work on /home/samuel/dev/airflow_learning/venv/lib/python3.10/site-packages/airflow/example_dags/example_kubernetes_executor.py
[2023-08-24T16:02:50.655+0100] {processor.py:829} INFO - Processing file /home/samuel/dev/airflow_learning/venv/lib/python3.10/site-packages/airflow/example_dags/example_kubernetes_executor.py for tasks to queue
[2023-08-24T16:02:50.656+0100] {logging_mixin.py:151} INFO - [2023-08-24T16:02:50.656+0100] {dagbag.py:539} INFO - Filling up the DagBag from /home/samuel/dev/airflow_learning/venv/lib/python3.10/site-packages/airflow/example_dags/example_kubernetes_executor.py
[2023-08-24T16:02:50.660+0100] {logging_mixin.py:151} INFO - [2023-08-24T16:02:50.659+0100] {example_kubernetes_executor.py:38} WARNING - The example_kubernetes_executor example DAG requires the kubernetes provider. Please install it with: pip install apache-airflow[cncf.kubernetes]
[2023-08-24T16:02:50.660+0100] {processor.py:841} WARNING - No viable dags retrieved from /home/samuel/dev/airflow_learning/venv/lib/python3.10/site-packages/airflow/example_dags/example_kubernetes_executor.py
[2023-08-24T16:02:50.671+0100] {processor.py:179} INFO - Processing /home/samuel/dev/airflow_learning/venv/lib/python3.10/site-packages/airflow/example_dags/example_kubernetes_executor.py took 0.023 seconds
[2023-08-24T16:03:42.170+0100] {processor.py:157} INFO - Started process (PID=8558) to work on /home/samuel/dev/airflow_learning/venv/lib/python3.10/site-packages/airflow/example_dags/example_kubernetes_executor.py
[2023-08-24T16:03:42.171+0100] {processor.py:829} INFO - Processing file /home/samuel/dev/airflow_learning/venv/lib/python3.10/site-packages/airflow/example_dags/example_kubernetes_executor.py for tasks to queue
[2023-08-24T16:03:42.172+0100] {logging_mixin.py:151} INFO - [2023-08-24T16:03:42.172+0100] {dagbag.py:539} INFO - Filling up the DagBag from /home/samuel/dev/airflow_learning/venv/lib/python3.10/site-packages/airflow/example_dags/example_kubernetes_executor.py
[2023-08-24T16:03:42.176+0100] {logging_mixin.py:151} INFO - [2023-08-24T16:03:42.175+0100] {example_kubernetes_executor.py:38} WARNING - The example_kubernetes_executor example DAG requires the kubernetes provider. Please install it with: pip install apache-airflow[cncf.kubernetes]
[2023-08-24T16:03:42.176+0100] {processor.py:841} WARNING - No viable dags retrieved from /home/samuel/dev/airflow_learning/venv/lib/python3.10/site-packages/airflow/example_dags/example_kubernetes_executor.py
[2023-08-24T16:03:42.187+0100] {processor.py:179} INFO - Processing /home/samuel/dev/airflow_learning/venv/lib/python3.10/site-packages/airflow/example_dags/example_kubernetes_executor.py took 0.022 seconds
