[2023-08-24T15:22:55.949+0100] {processor.py:157} INFO - Started process (PID=5374) to work on /home/samuel/dev/airflow_learning/venv/lib/python3.10/site-packages/airflow/example_dags/example_nested_branch_dag.py
[2023-08-24T15:22:55.950+0100] {processor.py:829} INFO - Processing file /home/samuel/dev/airflow_learning/venv/lib/python3.10/site-packages/airflow/example_dags/example_nested_branch_dag.py for tasks to queue
[2023-08-24T15:22:55.951+0100] {logging_mixin.py:151} INFO - [2023-08-24T15:22:55.950+0100] {dagbag.py:539} INFO - Filling up the DagBag from /home/samuel/dev/airflow_learning/venv/lib/python3.10/site-packages/airflow/example_dags/example_nested_branch_dag.py
[2023-08-24T15:22:55.962+0100] {processor.py:839} INFO - DAG(s) dict_keys(['example_nested_branch_dag']) retrieved from /home/samuel/dev/airflow_learning/venv/lib/python3.10/site-packages/airflow/example_dags/example_nested_branch_dag.py
[2023-08-24T15:22:56.302+0100] {logging_mixin.py:151} INFO - [2023-08-24T15:22:56.302+0100] {manager.py:501} INFO - Created Permission View: can edit on DAG:example_nested_branch_dag
[2023-08-24T15:22:56.424+0100] {logging_mixin.py:151} INFO - [2023-08-24T15:22:56.424+0100] {manager.py:501} INFO - Created Permission View: can delete on DAG:example_nested_branch_dag
[2023-08-24T15:22:56.547+0100] {logging_mixin.py:151} INFO - [2023-08-24T15:22:56.546+0100] {manager.py:501} INFO - Created Permission View: can read on DAG:example_nested_branch_dag
[2023-08-24T15:22:56.571+0100] {logging_mixin.py:151} INFO - [2023-08-24T15:22:56.570+0100] {dag.py:2907} INFO - Sync 1 DAGs
[2023-08-24T15:22:56.593+0100] {logging_mixin.py:151} INFO - [2023-08-24T15:22:56.593+0100] {dag.py:2929} INFO - Creating ORM DAG for example_nested_branch_dag
[2023-08-24T15:22:56.612+0100] {logging_mixin.py:151} INFO - [2023-08-24T15:22:56.611+0100] {dag.py:3677} INFO - Setting next_dagrun for example_nested_branch_dag to 2023-08-23T00:00:00+00:00, run_after=2023-08-24T00:00:00+00:00
[2023-08-24T15:22:56.814+0100] {processor.py:179} INFO - Processing /home/samuel/dev/airflow_learning/venv/lib/python3.10/site-packages/airflow/example_dags/example_nested_branch_dag.py took 0.869 seconds
[2023-08-24T15:24:08.653+0100] {processor.py:157} INFO - Started process (PID=5450) to work on /home/samuel/dev/airflow_learning/venv/lib/python3.10/site-packages/airflow/example_dags/example_nested_branch_dag.py
[2023-08-24T15:24:08.673+0100] {processor.py:829} INFO - Processing file /home/samuel/dev/airflow_learning/venv/lib/python3.10/site-packages/airflow/example_dags/example_nested_branch_dag.py for tasks to queue
[2023-08-24T15:24:08.674+0100] {logging_mixin.py:151} INFO - [2023-08-24T15:24:08.674+0100] {dagbag.py:539} INFO - Filling up the DagBag from /home/samuel/dev/airflow_learning/venv/lib/python3.10/site-packages/airflow/example_dags/example_nested_branch_dag.py
[2023-08-24T15:24:08.689+0100] {processor.py:839} INFO - DAG(s) dict_keys(['example_nested_branch_dag']) retrieved from /home/samuel/dev/airflow_learning/venv/lib/python3.10/site-packages/airflow/example_dags/example_nested_branch_dag.py
[2023-08-24T15:24:08.714+0100] {logging_mixin.py:151} INFO - [2023-08-24T15:24:08.713+0100] {dag.py:2907} INFO - Sync 1 DAGs
[2023-08-24T15:24:08.739+0100] {logging_mixin.py:151} INFO - [2023-08-24T15:24:08.738+0100] {dag.py:3677} INFO - Setting next_dagrun for example_nested_branch_dag to 2023-08-23T00:00:00+00:00, run_after=2023-08-24T00:00:00+00:00
[2023-08-24T15:24:08.860+0100] {processor.py:179} INFO - Processing /home/samuel/dev/airflow_learning/venv/lib/python3.10/site-packages/airflow/example_dags/example_nested_branch_dag.py took 0.211 seconds
[2023-08-24T15:25:03.209+0100] {processor.py:157} INFO - Started process (PID=5506) to work on /home/samuel/dev/airflow_learning/venv/lib/python3.10/site-packages/airflow/example_dags/example_nested_branch_dag.py
[2023-08-24T15:25:03.212+0100] {processor.py:829} INFO - Processing file /home/samuel/dev/airflow_learning/venv/lib/python3.10/site-packages/airflow/example_dags/example_nested_branch_dag.py for tasks to queue
[2023-08-24T15:25:03.213+0100] {logging_mixin.py:151} INFO - [2023-08-24T15:25:03.213+0100] {dagbag.py:539} INFO - Filling up the DagBag from /home/samuel/dev/airflow_learning/venv/lib/python3.10/site-packages/airflow/example_dags/example_nested_branch_dag.py
[2023-08-24T15:25:03.224+0100] {processor.py:839} INFO - DAG(s) dict_keys(['example_nested_branch_dag']) retrieved from /home/samuel/dev/airflow_learning/venv/lib/python3.10/site-packages/airflow/example_dags/example_nested_branch_dag.py
[2023-08-24T15:25:03.241+0100] {logging_mixin.py:151} INFO - [2023-08-24T15:25:03.241+0100] {dag.py:2907} INFO - Sync 1 DAGs
[2023-08-24T15:25:03.262+0100] {logging_mixin.py:151} INFO - [2023-08-24T15:25:03.261+0100] {dag.py:3677} INFO - Setting next_dagrun for example_nested_branch_dag to 2023-08-23T00:00:00+00:00, run_after=2023-08-24T00:00:00+00:00
[2023-08-24T15:25:03.384+0100] {processor.py:179} INFO - Processing /home/samuel/dev/airflow_learning/venv/lib/python3.10/site-packages/airflow/example_dags/example_nested_branch_dag.py took 0.179 seconds
[2023-08-24T15:25:59.320+0100] {processor.py:157} INFO - Started process (PID=5559) to work on /home/samuel/dev/airflow_learning/venv/lib/python3.10/site-packages/airflow/example_dags/example_nested_branch_dag.py
[2023-08-24T15:25:59.328+0100] {processor.py:829} INFO - Processing file /home/samuel/dev/airflow_learning/venv/lib/python3.10/site-packages/airflow/example_dags/example_nested_branch_dag.py for tasks to queue
[2023-08-24T15:25:59.328+0100] {logging_mixin.py:151} INFO - [2023-08-24T15:25:59.328+0100] {dagbag.py:539} INFO - Filling up the DagBag from /home/samuel/dev/airflow_learning/venv/lib/python3.10/site-packages/airflow/example_dags/example_nested_branch_dag.py
[2023-08-24T15:25:59.338+0100] {processor.py:839} INFO - DAG(s) dict_keys(['example_nested_branch_dag']) retrieved from /home/samuel/dev/airflow_learning/venv/lib/python3.10/site-packages/airflow/example_dags/example_nested_branch_dag.py
[2023-08-24T15:25:59.356+0100] {logging_mixin.py:151} INFO - [2023-08-24T15:25:59.356+0100] {dag.py:2907} INFO - Sync 1 DAGs
[2023-08-24T15:25:59.376+0100] {logging_mixin.py:151} INFO - [2023-08-24T15:25:59.376+0100] {dag.py:3677} INFO - Setting next_dagrun for example_nested_branch_dag to 2023-08-23T00:00:00+00:00, run_after=2023-08-24T00:00:00+00:00
[2023-08-24T15:25:59.489+0100] {processor.py:179} INFO - Processing /home/samuel/dev/airflow_learning/venv/lib/python3.10/site-packages/airflow/example_dags/example_nested_branch_dag.py took 0.172 seconds
[2023-08-24T15:26:54.278+0100] {processor.py:157} INFO - Started process (PID=5610) to work on /home/samuel/dev/airflow_learning/venv/lib/python3.10/site-packages/airflow/example_dags/example_nested_branch_dag.py
[2023-08-24T15:26:54.281+0100] {processor.py:829} INFO - Processing file /home/samuel/dev/airflow_learning/venv/lib/python3.10/site-packages/airflow/example_dags/example_nested_branch_dag.py for tasks to queue
[2023-08-24T15:26:54.282+0100] {logging_mixin.py:151} INFO - [2023-08-24T15:26:54.281+0100] {dagbag.py:539} INFO - Filling up the DagBag from /home/samuel/dev/airflow_learning/venv/lib/python3.10/site-packages/airflow/example_dags/example_nested_branch_dag.py
[2023-08-24T15:26:54.294+0100] {processor.py:839} INFO - DAG(s) dict_keys(['example_nested_branch_dag']) retrieved from /home/samuel/dev/airflow_learning/venv/lib/python3.10/site-packages/airflow/example_dags/example_nested_branch_dag.py
[2023-08-24T15:26:54.314+0100] {logging_mixin.py:151} INFO - [2023-08-24T15:26:54.314+0100] {dag.py:2907} INFO - Sync 1 DAGs
[2023-08-24T15:26:54.336+0100] {logging_mixin.py:151} INFO - [2023-08-24T15:26:54.335+0100] {dag.py:3677} INFO - Setting next_dagrun for example_nested_branch_dag to 2023-08-23T00:00:00+00:00, run_after=2023-08-24T00:00:00+00:00
[2023-08-24T15:26:54.472+0100] {processor.py:179} INFO - Processing /home/samuel/dev/airflow_learning/venv/lib/python3.10/site-packages/airflow/example_dags/example_nested_branch_dag.py took 0.198 seconds
[2023-08-24T15:27:47.909+0100] {processor.py:157} INFO - Started process (PID=5662) to work on /home/samuel/dev/airflow_learning/venv/lib/python3.10/site-packages/airflow/example_dags/example_nested_branch_dag.py
[2023-08-24T15:27:47.944+0100] {processor.py:829} INFO - Processing file /home/samuel/dev/airflow_learning/venv/lib/python3.10/site-packages/airflow/example_dags/example_nested_branch_dag.py for tasks to queue
[2023-08-24T15:27:47.946+0100] {logging_mixin.py:151} INFO - [2023-08-24T15:27:47.945+0100] {dagbag.py:539} INFO - Filling up the DagBag from /home/samuel/dev/airflow_learning/venv/lib/python3.10/site-packages/airflow/example_dags/example_nested_branch_dag.py
[2023-08-24T15:27:47.959+0100] {processor.py:839} INFO - DAG(s) dict_keys(['example_nested_branch_dag']) retrieved from /home/samuel/dev/airflow_learning/venv/lib/python3.10/site-packages/airflow/example_dags/example_nested_branch_dag.py
[2023-08-24T15:27:47.980+0100] {logging_mixin.py:151} INFO - [2023-08-24T15:27:47.980+0100] {dag.py:2907} INFO - Sync 1 DAGs
[2023-08-24T15:27:48.003+0100] {logging_mixin.py:151} INFO - [2023-08-24T15:27:48.003+0100] {dag.py:3677} INFO - Setting next_dagrun for example_nested_branch_dag to 2023-08-23T00:00:00+00:00, run_after=2023-08-24T00:00:00+00:00
[2023-08-24T15:27:48.112+0100] {processor.py:179} INFO - Processing /home/samuel/dev/airflow_learning/venv/lib/python3.10/site-packages/airflow/example_dags/example_nested_branch_dag.py took 0.207 seconds
[2023-08-24T15:28:43.461+0100] {processor.py:157} INFO - Started process (PID=5722) to work on /home/samuel/dev/airflow_learning/venv/lib/python3.10/site-packages/airflow/example_dags/example_nested_branch_dag.py
[2023-08-24T15:28:43.484+0100] {processor.py:829} INFO - Processing file /home/samuel/dev/airflow_learning/venv/lib/python3.10/site-packages/airflow/example_dags/example_nested_branch_dag.py for tasks to queue
[2023-08-24T15:28:43.485+0100] {logging_mixin.py:151} INFO - [2023-08-24T15:28:43.485+0100] {dagbag.py:539} INFO - Filling up the DagBag from /home/samuel/dev/airflow_learning/venv/lib/python3.10/site-packages/airflow/example_dags/example_nested_branch_dag.py
[2023-08-24T15:28:43.499+0100] {processor.py:839} INFO - DAG(s) dict_keys(['example_nested_branch_dag']) retrieved from /home/samuel/dev/airflow_learning/venv/lib/python3.10/site-packages/airflow/example_dags/example_nested_branch_dag.py
[2023-08-24T15:28:43.521+0100] {logging_mixin.py:151} INFO - [2023-08-24T15:28:43.521+0100] {dag.py:2907} INFO - Sync 1 DAGs
[2023-08-24T15:28:43.544+0100] {logging_mixin.py:151} INFO - [2023-08-24T15:28:43.544+0100] {dag.py:3677} INFO - Setting next_dagrun for example_nested_branch_dag to 2023-08-23T00:00:00+00:00, run_after=2023-08-24T00:00:00+00:00
[2023-08-24T15:28:43.663+0100] {processor.py:179} INFO - Processing /home/samuel/dev/airflow_learning/venv/lib/python3.10/site-packages/airflow/example_dags/example_nested_branch_dag.py took 0.205 seconds
[2023-08-24T15:29:36.449+0100] {processor.py:157} INFO - Started process (PID=5789) to work on /home/samuel/dev/airflow_learning/venv/lib/python3.10/site-packages/airflow/example_dags/example_nested_branch_dag.py
[2023-08-24T15:29:36.450+0100] {processor.py:829} INFO - Processing file /home/samuel/dev/airflow_learning/venv/lib/python3.10/site-packages/airflow/example_dags/example_nested_branch_dag.py for tasks to queue
[2023-08-24T15:29:36.451+0100] {logging_mixin.py:151} INFO - [2023-08-24T15:29:36.451+0100] {dagbag.py:539} INFO - Filling up the DagBag from /home/samuel/dev/airflow_learning/venv/lib/python3.10/site-packages/airflow/example_dags/example_nested_branch_dag.py
[2023-08-24T15:29:36.461+0100] {processor.py:839} INFO - DAG(s) dict_keys(['example_nested_branch_dag']) retrieved from /home/samuel/dev/airflow_learning/venv/lib/python3.10/site-packages/airflow/example_dags/example_nested_branch_dag.py
[2023-08-24T15:29:36.478+0100] {logging_mixin.py:151} INFO - [2023-08-24T15:29:36.478+0100] {dag.py:2907} INFO - Sync 1 DAGs
[2023-08-24T15:29:36.499+0100] {logging_mixin.py:151} INFO - [2023-08-24T15:29:36.499+0100] {dag.py:3677} INFO - Setting next_dagrun for example_nested_branch_dag to 2023-08-23T00:00:00+00:00, run_after=2023-08-24T00:00:00+00:00
[2023-08-24T15:29:36.620+0100] {processor.py:179} INFO - Processing /home/samuel/dev/airflow_learning/venv/lib/python3.10/site-packages/airflow/example_dags/example_nested_branch_dag.py took 0.174 seconds
[2023-08-24T15:31:23.550+0100] {processor.py:157} INFO - Started process (PID=6032) to work on /home/samuel/dev/airflow_learning/venv/lib/python3.10/site-packages/airflow/example_dags/example_nested_branch_dag.py
[2023-08-24T15:31:23.570+0100] {processor.py:829} INFO - Processing file /home/samuel/dev/airflow_learning/venv/lib/python3.10/site-packages/airflow/example_dags/example_nested_branch_dag.py for tasks to queue
[2023-08-24T15:31:23.572+0100] {logging_mixin.py:151} INFO - [2023-08-24T15:31:23.571+0100] {dagbag.py:539} INFO - Filling up the DagBag from /home/samuel/dev/airflow_learning/venv/lib/python3.10/site-packages/airflow/example_dags/example_nested_branch_dag.py
[2023-08-24T15:31:23.585+0100] {processor.py:839} INFO - DAG(s) dict_keys(['example_nested_branch_dag']) retrieved from /home/samuel/dev/airflow_learning/venv/lib/python3.10/site-packages/airflow/example_dags/example_nested_branch_dag.py
[2023-08-24T15:31:23.607+0100] {logging_mixin.py:151} INFO - [2023-08-24T15:31:23.607+0100] {dag.py:2907} INFO - Sync 1 DAGs
[2023-08-24T15:31:23.629+0100] {logging_mixin.py:151} INFO - [2023-08-24T15:31:23.629+0100] {dag.py:3677} INFO - Setting next_dagrun for example_nested_branch_dag to 2023-08-23T00:00:00+00:00, run_after=2023-08-24T00:00:00+00:00
[2023-08-24T15:31:23.740+0100] {processor.py:179} INFO - Processing /home/samuel/dev/airflow_learning/venv/lib/python3.10/site-packages/airflow/example_dags/example_nested_branch_dag.py took 0.194 seconds
[2023-08-24T15:32:24.827+0100] {processor.py:157} INFO - Started process (PID=6089) to work on /home/samuel/dev/airflow_learning/venv/lib/python3.10/site-packages/airflow/example_dags/example_nested_branch_dag.py
[2023-08-24T15:32:24.864+0100] {processor.py:829} INFO - Processing file /home/samuel/dev/airflow_learning/venv/lib/python3.10/site-packages/airflow/example_dags/example_nested_branch_dag.py for tasks to queue
[2023-08-24T15:32:24.866+0100] {logging_mixin.py:151} INFO - [2023-08-24T15:32:24.865+0100] {dagbag.py:539} INFO - Filling up the DagBag from /home/samuel/dev/airflow_learning/venv/lib/python3.10/site-packages/airflow/example_dags/example_nested_branch_dag.py
[2023-08-24T15:32:24.879+0100] {processor.py:839} INFO - DAG(s) dict_keys(['example_nested_branch_dag']) retrieved from /home/samuel/dev/airflow_learning/venv/lib/python3.10/site-packages/airflow/example_dags/example_nested_branch_dag.py
[2023-08-24T15:32:24.901+0100] {logging_mixin.py:151} INFO - [2023-08-24T15:32:24.901+0100] {dag.py:2907} INFO - Sync 1 DAGs
[2023-08-24T15:32:24.925+0100] {logging_mixin.py:151} INFO - [2023-08-24T15:32:24.925+0100] {dag.py:3677} INFO - Setting next_dagrun for example_nested_branch_dag to 2023-08-23T00:00:00+00:00, run_after=2023-08-24T00:00:00+00:00
[2023-08-24T15:32:25.036+0100] {processor.py:179} INFO - Processing /home/samuel/dev/airflow_learning/venv/lib/python3.10/site-packages/airflow/example_dags/example_nested_branch_dag.py took 0.213 seconds
[2023-08-24T15:33:16.233+0100] {processor.py:157} INFO - Started process (PID=6150) to work on /home/samuel/dev/airflow_learning/venv/lib/python3.10/site-packages/airflow/example_dags/example_nested_branch_dag.py
[2023-08-24T15:33:16.247+0100] {processor.py:829} INFO - Processing file /home/samuel/dev/airflow_learning/venv/lib/python3.10/site-packages/airflow/example_dags/example_nested_branch_dag.py for tasks to queue
[2023-08-24T15:33:16.248+0100] {logging_mixin.py:151} INFO - [2023-08-24T15:33:16.247+0100] {dagbag.py:539} INFO - Filling up the DagBag from /home/samuel/dev/airflow_learning/venv/lib/python3.10/site-packages/airflow/example_dags/example_nested_branch_dag.py
[2023-08-24T15:33:16.260+0100] {processor.py:839} INFO - DAG(s) dict_keys(['example_nested_branch_dag']) retrieved from /home/samuel/dev/airflow_learning/venv/lib/python3.10/site-packages/airflow/example_dags/example_nested_branch_dag.py
[2023-08-24T15:33:16.283+0100] {logging_mixin.py:151} INFO - [2023-08-24T15:33:16.282+0100] {dag.py:2907} INFO - Sync 1 DAGs
[2023-08-24T15:33:16.304+0100] {logging_mixin.py:151} INFO - [2023-08-24T15:33:16.304+0100] {dag.py:3677} INFO - Setting next_dagrun for example_nested_branch_dag to 2023-08-23T00:00:00+00:00, run_after=2023-08-24T00:00:00+00:00
[2023-08-24T15:33:16.416+0100] {processor.py:179} INFO - Processing /home/samuel/dev/airflow_learning/venv/lib/python3.10/site-packages/airflow/example_dags/example_nested_branch_dag.py took 0.186 seconds
[2023-08-24T15:34:13.032+0100] {processor.py:157} INFO - Started process (PID=6209) to work on /home/samuel/dev/airflow_learning/venv/lib/python3.10/site-packages/airflow/example_dags/example_nested_branch_dag.py
[2023-08-24T15:34:13.059+0100] {processor.py:829} INFO - Processing file /home/samuel/dev/airflow_learning/venv/lib/python3.10/site-packages/airflow/example_dags/example_nested_branch_dag.py for tasks to queue
[2023-08-24T15:34:13.060+0100] {logging_mixin.py:151} INFO - [2023-08-24T15:34:13.060+0100] {dagbag.py:539} INFO - Filling up the DagBag from /home/samuel/dev/airflow_learning/venv/lib/python3.10/site-packages/airflow/example_dags/example_nested_branch_dag.py
[2023-08-24T15:34:13.073+0100] {processor.py:839} INFO - DAG(s) dict_keys(['example_nested_branch_dag']) retrieved from /home/samuel/dev/airflow_learning/venv/lib/python3.10/site-packages/airflow/example_dags/example_nested_branch_dag.py
[2023-08-24T15:34:13.095+0100] {logging_mixin.py:151} INFO - [2023-08-24T15:34:13.095+0100] {dag.py:2907} INFO - Sync 1 DAGs
[2023-08-24T15:34:13.118+0100] {logging_mixin.py:151} INFO - [2023-08-24T15:34:13.118+0100] {dag.py:3677} INFO - Setting next_dagrun for example_nested_branch_dag to 2023-08-23T00:00:00+00:00, run_after=2023-08-24T00:00:00+00:00
[2023-08-24T15:34:13.241+0100] {processor.py:179} INFO - Processing /home/samuel/dev/airflow_learning/venv/lib/python3.10/site-packages/airflow/example_dags/example_nested_branch_dag.py took 0.213 seconds
[2023-08-24T15:35:24.651+0100] {processor.py:157} INFO - Started process (PID=6289) to work on /home/samuel/dev/airflow_learning/venv/lib/python3.10/site-packages/airflow/example_dags/example_nested_branch_dag.py
[2023-08-24T15:35:24.691+0100] {processor.py:829} INFO - Processing file /home/samuel/dev/airflow_learning/venv/lib/python3.10/site-packages/airflow/example_dags/example_nested_branch_dag.py for tasks to queue
[2023-08-24T15:35:24.693+0100] {logging_mixin.py:151} INFO - [2023-08-24T15:35:24.692+0100] {dagbag.py:539} INFO - Filling up the DagBag from /home/samuel/dev/airflow_learning/venv/lib/python3.10/site-packages/airflow/example_dags/example_nested_branch_dag.py
[2023-08-24T15:35:24.710+0100] {processor.py:839} INFO - DAG(s) dict_keys(['example_nested_branch_dag']) retrieved from /home/samuel/dev/airflow_learning/venv/lib/python3.10/site-packages/airflow/example_dags/example_nested_branch_dag.py
[2023-08-24T15:35:24.739+0100] {logging_mixin.py:151} INFO - [2023-08-24T15:35:24.739+0100] {dag.py:2907} INFO - Sync 1 DAGs
[2023-08-24T15:35:24.775+0100] {logging_mixin.py:151} INFO - [2023-08-24T15:35:24.774+0100] {dag.py:3677} INFO - Setting next_dagrun for example_nested_branch_dag to 2023-08-23T00:00:00+00:00, run_after=2023-08-24T00:00:00+00:00
[2023-08-24T15:35:24.892+0100] {processor.py:179} INFO - Processing /home/samuel/dev/airflow_learning/venv/lib/python3.10/site-packages/airflow/example_dags/example_nested_branch_dag.py took 0.245 seconds
[2023-08-24T15:36:20.159+0100] {processor.py:157} INFO - Started process (PID=6344) to work on /home/samuel/dev/airflow_learning/venv/lib/python3.10/site-packages/airflow/example_dags/example_nested_branch_dag.py
[2023-08-24T15:36:20.193+0100] {processor.py:829} INFO - Processing file /home/samuel/dev/airflow_learning/venv/lib/python3.10/site-packages/airflow/example_dags/example_nested_branch_dag.py for tasks to queue
[2023-08-24T15:36:20.194+0100] {logging_mixin.py:151} INFO - [2023-08-24T15:36:20.193+0100] {dagbag.py:539} INFO - Filling up the DagBag from /home/samuel/dev/airflow_learning/venv/lib/python3.10/site-packages/airflow/example_dags/example_nested_branch_dag.py
[2023-08-24T15:36:20.204+0100] {processor.py:839} INFO - DAG(s) dict_keys(['example_nested_branch_dag']) retrieved from /home/samuel/dev/airflow_learning/venv/lib/python3.10/site-packages/airflow/example_dags/example_nested_branch_dag.py
[2023-08-24T15:36:20.228+0100] {logging_mixin.py:151} INFO - [2023-08-24T15:36:20.227+0100] {dag.py:2907} INFO - Sync 1 DAGs
[2023-08-24T15:36:20.255+0100] {logging_mixin.py:151} INFO - [2023-08-24T15:36:20.254+0100] {dag.py:3677} INFO - Setting next_dagrun for example_nested_branch_dag to 2023-08-23T00:00:00+00:00, run_after=2023-08-24T00:00:00+00:00
[2023-08-24T15:36:20.361+0100] {processor.py:179} INFO - Processing /home/samuel/dev/airflow_learning/venv/lib/python3.10/site-packages/airflow/example_dags/example_nested_branch_dag.py took 0.206 seconds
[2023-08-24T15:37:24.220+0100] {processor.py:157} INFO - Started process (PID=6399) to work on /home/samuel/dev/airflow_learning/venv/lib/python3.10/site-packages/airflow/example_dags/example_nested_branch_dag.py
[2023-08-24T15:37:24.239+0100] {processor.py:829} INFO - Processing file /home/samuel/dev/airflow_learning/venv/lib/python3.10/site-packages/airflow/example_dags/example_nested_branch_dag.py for tasks to queue
[2023-08-24T15:37:24.240+0100] {logging_mixin.py:151} INFO - [2023-08-24T15:37:24.240+0100] {dagbag.py:539} INFO - Filling up the DagBag from /home/samuel/dev/airflow_learning/venv/lib/python3.10/site-packages/airflow/example_dags/example_nested_branch_dag.py
[2023-08-24T15:37:24.255+0100] {processor.py:839} INFO - DAG(s) dict_keys(['example_nested_branch_dag']) retrieved from /home/samuel/dev/airflow_learning/venv/lib/python3.10/site-packages/airflow/example_dags/example_nested_branch_dag.py
[2023-08-24T15:37:24.280+0100] {logging_mixin.py:151} INFO - [2023-08-24T15:37:24.280+0100] {dag.py:2907} INFO - Sync 1 DAGs
[2023-08-24T15:37:24.316+0100] {logging_mixin.py:151} INFO - [2023-08-24T15:37:24.315+0100] {dag.py:3677} INFO - Setting next_dagrun for example_nested_branch_dag to 2023-08-23T00:00:00+00:00, run_after=2023-08-24T00:00:00+00:00
[2023-08-24T15:37:24.454+0100] {processor.py:179} INFO - Processing /home/samuel/dev/airflow_learning/venv/lib/python3.10/site-packages/airflow/example_dags/example_nested_branch_dag.py took 0.238 seconds
[2023-08-24T15:38:28.624+0100] {processor.py:157} INFO - Started process (PID=6462) to work on /home/samuel/dev/airflow_learning/venv/lib/python3.10/site-packages/airflow/example_dags/example_nested_branch_dag.py
[2023-08-24T15:38:28.627+0100] {processor.py:829} INFO - Processing file /home/samuel/dev/airflow_learning/venv/lib/python3.10/site-packages/airflow/example_dags/example_nested_branch_dag.py for tasks to queue
[2023-08-24T15:38:28.628+0100] {logging_mixin.py:151} INFO - [2023-08-24T15:38:28.627+0100] {dagbag.py:539} INFO - Filling up the DagBag from /home/samuel/dev/airflow_learning/venv/lib/python3.10/site-packages/airflow/example_dags/example_nested_branch_dag.py
[2023-08-24T15:38:28.641+0100] {processor.py:839} INFO - DAG(s) dict_keys(['example_nested_branch_dag']) retrieved from /home/samuel/dev/airflow_learning/venv/lib/python3.10/site-packages/airflow/example_dags/example_nested_branch_dag.py
[2023-08-24T15:38:28.660+0100] {logging_mixin.py:151} INFO - [2023-08-24T15:38:28.660+0100] {dag.py:2907} INFO - Sync 1 DAGs
[2023-08-24T15:38:28.681+0100] {logging_mixin.py:151} INFO - [2023-08-24T15:38:28.681+0100] {dag.py:3677} INFO - Setting next_dagrun for example_nested_branch_dag to 2023-08-23T00:00:00+00:00, run_after=2023-08-24T00:00:00+00:00
[2023-08-24T15:38:28.813+0100] {processor.py:179} INFO - Processing /home/samuel/dev/airflow_learning/venv/lib/python3.10/site-packages/airflow/example_dags/example_nested_branch_dag.py took 0.193 seconds
[2023-08-24T15:39:24.453+0100] {processor.py:157} INFO - Started process (PID=6515) to work on /home/samuel/dev/airflow_learning/venv/lib/python3.10/site-packages/airflow/example_dags/example_nested_branch_dag.py
[2023-08-24T15:39:24.490+0100] {processor.py:829} INFO - Processing file /home/samuel/dev/airflow_learning/venv/lib/python3.10/site-packages/airflow/example_dags/example_nested_branch_dag.py for tasks to queue
[2023-08-24T15:39:24.491+0100] {logging_mixin.py:151} INFO - [2023-08-24T15:39:24.490+0100] {dagbag.py:539} INFO - Filling up the DagBag from /home/samuel/dev/airflow_learning/venv/lib/python3.10/site-packages/airflow/example_dags/example_nested_branch_dag.py
[2023-08-24T15:39:24.504+0100] {processor.py:839} INFO - DAG(s) dict_keys(['example_nested_branch_dag']) retrieved from /home/samuel/dev/airflow_learning/venv/lib/python3.10/site-packages/airflow/example_dags/example_nested_branch_dag.py
[2023-08-24T15:39:24.527+0100] {logging_mixin.py:151} INFO - [2023-08-24T15:39:24.527+0100] {dag.py:2907} INFO - Sync 1 DAGs
[2023-08-24T15:39:24.551+0100] {logging_mixin.py:151} INFO - [2023-08-24T15:39:24.551+0100] {dag.py:3677} INFO - Setting next_dagrun for example_nested_branch_dag to 2023-08-23T00:00:00+00:00, run_after=2023-08-24T00:00:00+00:00
[2023-08-24T15:39:24.680+0100] {processor.py:179} INFO - Processing /home/samuel/dev/airflow_learning/venv/lib/python3.10/site-packages/airflow/example_dags/example_nested_branch_dag.py took 0.231 seconds
[2023-08-24T15:40:33.345+0100] {processor.py:157} INFO - Started process (PID=6600) to work on /home/samuel/dev/airflow_learning/venv/lib/python3.10/site-packages/airflow/example_dags/example_nested_branch_dag.py
[2023-08-24T15:40:33.376+0100] {processor.py:829} INFO - Processing file /home/samuel/dev/airflow_learning/venv/lib/python3.10/site-packages/airflow/example_dags/example_nested_branch_dag.py for tasks to queue
[2023-08-24T15:40:33.378+0100] {logging_mixin.py:151} INFO - [2023-08-24T15:40:33.377+0100] {dagbag.py:539} INFO - Filling up the DagBag from /home/samuel/dev/airflow_learning/venv/lib/python3.10/site-packages/airflow/example_dags/example_nested_branch_dag.py
[2023-08-24T15:40:33.391+0100] {processor.py:839} INFO - DAG(s) dict_keys(['example_nested_branch_dag']) retrieved from /home/samuel/dev/airflow_learning/venv/lib/python3.10/site-packages/airflow/example_dags/example_nested_branch_dag.py
[2023-08-24T15:40:33.413+0100] {logging_mixin.py:151} INFO - [2023-08-24T15:40:33.413+0100] {dag.py:2907} INFO - Sync 1 DAGs
[2023-08-24T15:40:33.437+0100] {logging_mixin.py:151} INFO - [2023-08-24T15:40:33.436+0100] {dag.py:3677} INFO - Setting next_dagrun for example_nested_branch_dag to 2023-08-23T00:00:00+00:00, run_after=2023-08-24T00:00:00+00:00
[2023-08-24T15:40:33.563+0100] {processor.py:179} INFO - Processing /home/samuel/dev/airflow_learning/venv/lib/python3.10/site-packages/airflow/example_dags/example_nested_branch_dag.py took 0.222 seconds
[2023-08-24T15:41:28.224+0100] {processor.py:157} INFO - Started process (PID=6652) to work on /home/samuel/dev/airflow_learning/venv/lib/python3.10/site-packages/airflow/example_dags/example_nested_branch_dag.py
[2023-08-24T15:41:28.225+0100] {processor.py:829} INFO - Processing file /home/samuel/dev/airflow_learning/venv/lib/python3.10/site-packages/airflow/example_dags/example_nested_branch_dag.py for tasks to queue
[2023-08-24T15:41:28.226+0100] {logging_mixin.py:151} INFO - [2023-08-24T15:41:28.226+0100] {dagbag.py:539} INFO - Filling up the DagBag from /home/samuel/dev/airflow_learning/venv/lib/python3.10/site-packages/airflow/example_dags/example_nested_branch_dag.py
[2023-08-24T15:41:28.239+0100] {processor.py:839} INFO - DAG(s) dict_keys(['example_nested_branch_dag']) retrieved from /home/samuel/dev/airflow_learning/venv/lib/python3.10/site-packages/airflow/example_dags/example_nested_branch_dag.py
[2023-08-24T15:41:28.258+0100] {logging_mixin.py:151} INFO - [2023-08-24T15:41:28.258+0100] {dag.py:2907} INFO - Sync 1 DAGs
[2023-08-24T15:41:28.279+0100] {logging_mixin.py:151} INFO - [2023-08-24T15:41:28.278+0100] {dag.py:3677} INFO - Setting next_dagrun for example_nested_branch_dag to 2023-08-23T00:00:00+00:00, run_after=2023-08-24T00:00:00+00:00
[2023-08-24T15:41:28.410+0100] {processor.py:179} INFO - Processing /home/samuel/dev/airflow_learning/venv/lib/python3.10/site-packages/airflow/example_dags/example_nested_branch_dag.py took 0.190 seconds
[2023-08-24T15:42:19.630+0100] {processor.py:157} INFO - Started process (PID=6753) to work on /home/samuel/dev/airflow_learning/venv/lib/python3.10/site-packages/airflow/example_dags/example_nested_branch_dag.py
[2023-08-24T15:42:19.668+0100] {processor.py:829} INFO - Processing file /home/samuel/dev/airflow_learning/venv/lib/python3.10/site-packages/airflow/example_dags/example_nested_branch_dag.py for tasks to queue
[2023-08-24T15:42:19.669+0100] {logging_mixin.py:151} INFO - [2023-08-24T15:42:19.669+0100] {dagbag.py:539} INFO - Filling up the DagBag from /home/samuel/dev/airflow_learning/venv/lib/python3.10/site-packages/airflow/example_dags/example_nested_branch_dag.py
[2023-08-24T15:42:19.683+0100] {processor.py:839} INFO - DAG(s) dict_keys(['example_nested_branch_dag']) retrieved from /home/samuel/dev/airflow_learning/venv/lib/python3.10/site-packages/airflow/example_dags/example_nested_branch_dag.py
[2023-08-24T15:42:19.707+0100] {logging_mixin.py:151} INFO - [2023-08-24T15:42:19.706+0100] {dag.py:2907} INFO - Sync 1 DAGs
[2023-08-24T15:42:19.735+0100] {logging_mixin.py:151} INFO - [2023-08-24T15:42:19.734+0100] {dag.py:3677} INFO - Setting next_dagrun for example_nested_branch_dag to 2023-08-23T00:00:00+00:00, run_after=2023-08-24T00:00:00+00:00
[2023-08-24T15:42:19.868+0100] {processor.py:179} INFO - Processing /home/samuel/dev/airflow_learning/venv/lib/python3.10/site-packages/airflow/example_dags/example_nested_branch_dag.py took 0.242 seconds
[2023-08-24T15:43:15.718+0100] {processor.py:157} INFO - Started process (PID=6817) to work on /home/samuel/dev/airflow_learning/venv/lib/python3.10/site-packages/airflow/example_dags/example_nested_branch_dag.py
[2023-08-24T15:43:15.719+0100] {processor.py:829} INFO - Processing file /home/samuel/dev/airflow_learning/venv/lib/python3.10/site-packages/airflow/example_dags/example_nested_branch_dag.py for tasks to queue
[2023-08-24T15:43:15.720+0100] {logging_mixin.py:151} INFO - [2023-08-24T15:43:15.720+0100] {dagbag.py:539} INFO - Filling up the DagBag from /home/samuel/dev/airflow_learning/venv/lib/python3.10/site-packages/airflow/example_dags/example_nested_branch_dag.py
[2023-08-24T15:43:15.733+0100] {processor.py:839} INFO - DAG(s) dict_keys(['example_nested_branch_dag']) retrieved from /home/samuel/dev/airflow_learning/venv/lib/python3.10/site-packages/airflow/example_dags/example_nested_branch_dag.py
[2023-08-24T15:43:15.753+0100] {logging_mixin.py:151} INFO - [2023-08-24T15:43:15.753+0100] {dag.py:2907} INFO - Sync 1 DAGs
[2023-08-24T15:43:15.775+0100] {logging_mixin.py:151} INFO - [2023-08-24T15:43:15.774+0100] {dag.py:3677} INFO - Setting next_dagrun for example_nested_branch_dag to 2023-08-23T00:00:00+00:00, run_after=2023-08-24T00:00:00+00:00
[2023-08-24T15:43:15.885+0100] {processor.py:179} INFO - Processing /home/samuel/dev/airflow_learning/venv/lib/python3.10/site-packages/airflow/example_dags/example_nested_branch_dag.py took 0.172 seconds
[2023-08-24T15:44:10.066+0100] {processor.py:157} INFO - Started process (PID=6868) to work on /home/samuel/dev/airflow_learning/venv/lib/python3.10/site-packages/airflow/example_dags/example_nested_branch_dag.py
[2023-08-24T15:44:10.081+0100] {processor.py:829} INFO - Processing file /home/samuel/dev/airflow_learning/venv/lib/python3.10/site-packages/airflow/example_dags/example_nested_branch_dag.py for tasks to queue
[2023-08-24T15:44:10.082+0100] {logging_mixin.py:151} INFO - [2023-08-24T15:44:10.082+0100] {dagbag.py:539} INFO - Filling up the DagBag from /home/samuel/dev/airflow_learning/venv/lib/python3.10/site-packages/airflow/example_dags/example_nested_branch_dag.py
[2023-08-24T15:44:10.095+0100] {processor.py:839} INFO - DAG(s) dict_keys(['example_nested_branch_dag']) retrieved from /home/samuel/dev/airflow_learning/venv/lib/python3.10/site-packages/airflow/example_dags/example_nested_branch_dag.py
[2023-08-24T15:44:10.116+0100] {logging_mixin.py:151} INFO - [2023-08-24T15:44:10.116+0100] {dag.py:2907} INFO - Sync 1 DAGs
[2023-08-24T15:44:10.137+0100] {logging_mixin.py:151} INFO - [2023-08-24T15:44:10.137+0100] {dag.py:3677} INFO - Setting next_dagrun for example_nested_branch_dag to 2023-08-23T00:00:00+00:00, run_after=2023-08-24T00:00:00+00:00
[2023-08-24T15:44:10.258+0100] {processor.py:179} INFO - Processing /home/samuel/dev/airflow_learning/venv/lib/python3.10/site-packages/airflow/example_dags/example_nested_branch_dag.py took 0.196 seconds
[2023-08-24T15:44:59.493+0100] {processor.py:157} INFO - Started process (PID=6915) to work on /home/samuel/dev/airflow_learning/venv/lib/python3.10/site-packages/airflow/example_dags/example_nested_branch_dag.py
[2023-08-24T15:44:59.496+0100] {processor.py:829} INFO - Processing file /home/samuel/dev/airflow_learning/venv/lib/python3.10/site-packages/airflow/example_dags/example_nested_branch_dag.py for tasks to queue
[2023-08-24T15:44:59.497+0100] {logging_mixin.py:151} INFO - [2023-08-24T15:44:59.497+0100] {dagbag.py:539} INFO - Filling up the DagBag from /home/samuel/dev/airflow_learning/venv/lib/python3.10/site-packages/airflow/example_dags/example_nested_branch_dag.py
[2023-08-24T15:44:59.510+0100] {processor.py:839} INFO - DAG(s) dict_keys(['example_nested_branch_dag']) retrieved from /home/samuel/dev/airflow_learning/venv/lib/python3.10/site-packages/airflow/example_dags/example_nested_branch_dag.py
[2023-08-24T15:44:59.530+0100] {logging_mixin.py:151} INFO - [2023-08-24T15:44:59.530+0100] {dag.py:2907} INFO - Sync 1 DAGs
[2023-08-24T15:44:59.551+0100] {logging_mixin.py:151} INFO - [2023-08-24T15:44:59.551+0100] {dag.py:3677} INFO - Setting next_dagrun for example_nested_branch_dag to 2023-08-23T00:00:00+00:00, run_after=2023-08-24T00:00:00+00:00
[2023-08-24T15:44:59.699+0100] {processor.py:179} INFO - Processing /home/samuel/dev/airflow_learning/venv/lib/python3.10/site-packages/airflow/example_dags/example_nested_branch_dag.py took 0.209 seconds
[2023-08-24T15:45:52.037+0100] {processor.py:157} INFO - Started process (PID=6967) to work on /home/samuel/dev/airflow_learning/venv/lib/python3.10/site-packages/airflow/example_dags/example_nested_branch_dag.py
[2023-08-24T15:45:52.060+0100] {processor.py:829} INFO - Processing file /home/samuel/dev/airflow_learning/venv/lib/python3.10/site-packages/airflow/example_dags/example_nested_branch_dag.py for tasks to queue
[2023-08-24T15:45:52.061+0100] {logging_mixin.py:151} INFO - [2023-08-24T15:45:52.060+0100] {dagbag.py:539} INFO - Filling up the DagBag from /home/samuel/dev/airflow_learning/venv/lib/python3.10/site-packages/airflow/example_dags/example_nested_branch_dag.py
[2023-08-24T15:45:52.074+0100] {processor.py:839} INFO - DAG(s) dict_keys(['example_nested_branch_dag']) retrieved from /home/samuel/dev/airflow_learning/venv/lib/python3.10/site-packages/airflow/example_dags/example_nested_branch_dag.py
[2023-08-24T15:45:52.096+0100] {logging_mixin.py:151} INFO - [2023-08-24T15:45:52.096+0100] {dag.py:2907} INFO - Sync 1 DAGs
[2023-08-24T15:45:52.117+0100] {logging_mixin.py:151} INFO - [2023-08-24T15:45:52.117+0100] {dag.py:3677} INFO - Setting next_dagrun for example_nested_branch_dag to 2023-08-23T00:00:00+00:00, run_after=2023-08-24T00:00:00+00:00
[2023-08-24T15:45:52.237+0100] {processor.py:179} INFO - Processing /home/samuel/dev/airflow_learning/venv/lib/python3.10/site-packages/airflow/example_dags/example_nested_branch_dag.py took 0.204 seconds
[2023-08-24T15:46:45.053+0100] {processor.py:157} INFO - Started process (PID=7016) to work on /home/samuel/dev/airflow_learning/venv/lib/python3.10/site-packages/airflow/example_dags/example_nested_branch_dag.py
[2023-08-24T15:46:45.067+0100] {processor.py:829} INFO - Processing file /home/samuel/dev/airflow_learning/venv/lib/python3.10/site-packages/airflow/example_dags/example_nested_branch_dag.py for tasks to queue
[2023-08-24T15:46:45.069+0100] {logging_mixin.py:151} INFO - [2023-08-24T15:46:45.068+0100] {dagbag.py:539} INFO - Filling up the DagBag from /home/samuel/dev/airflow_learning/venv/lib/python3.10/site-packages/airflow/example_dags/example_nested_branch_dag.py
[2023-08-24T15:46:45.081+0100] {processor.py:839} INFO - DAG(s) dict_keys(['example_nested_branch_dag']) retrieved from /home/samuel/dev/airflow_learning/venv/lib/python3.10/site-packages/airflow/example_dags/example_nested_branch_dag.py
[2023-08-24T15:46:45.103+0100] {logging_mixin.py:151} INFO - [2023-08-24T15:46:45.103+0100] {dag.py:2907} INFO - Sync 1 DAGs
[2023-08-24T15:46:45.125+0100] {logging_mixin.py:151} INFO - [2023-08-24T15:46:45.124+0100] {dag.py:3677} INFO - Setting next_dagrun for example_nested_branch_dag to 2023-08-23T00:00:00+00:00, run_after=2023-08-24T00:00:00+00:00
[2023-08-24T15:46:45.226+0100] {processor.py:179} INFO - Processing /home/samuel/dev/airflow_learning/venv/lib/python3.10/site-packages/airflow/example_dags/example_nested_branch_dag.py took 0.177 seconds
[2023-08-24T15:47:39.266+0100] {processor.py:157} INFO - Started process (PID=7067) to work on /home/samuel/dev/airflow_learning/venv/lib/python3.10/site-packages/airflow/example_dags/example_nested_branch_dag.py
[2023-08-24T15:47:39.268+0100] {processor.py:829} INFO - Processing file /home/samuel/dev/airflow_learning/venv/lib/python3.10/site-packages/airflow/example_dags/example_nested_branch_dag.py for tasks to queue
[2023-08-24T15:47:39.269+0100] {logging_mixin.py:151} INFO - [2023-08-24T15:47:39.269+0100] {dagbag.py:539} INFO - Filling up the DagBag from /home/samuel/dev/airflow_learning/venv/lib/python3.10/site-packages/airflow/example_dags/example_nested_branch_dag.py
[2023-08-24T15:47:39.282+0100] {processor.py:839} INFO - DAG(s) dict_keys(['example_nested_branch_dag']) retrieved from /home/samuel/dev/airflow_learning/venv/lib/python3.10/site-packages/airflow/example_dags/example_nested_branch_dag.py
[2023-08-24T15:47:39.301+0100] {logging_mixin.py:151} INFO - [2023-08-24T15:47:39.301+0100] {dag.py:2907} INFO - Sync 1 DAGs
[2023-08-24T15:47:39.321+0100] {logging_mixin.py:151} INFO - [2023-08-24T15:47:39.321+0100] {dag.py:3677} INFO - Setting next_dagrun for example_nested_branch_dag to 2023-08-23T00:00:00+00:00, run_after=2023-08-24T00:00:00+00:00
[2023-08-24T15:47:39.468+0100] {processor.py:179} INFO - Processing /home/samuel/dev/airflow_learning/venv/lib/python3.10/site-packages/airflow/example_dags/example_nested_branch_dag.py took 0.206 seconds
[2023-08-24T15:48:33.723+0100] {processor.py:157} INFO - Started process (PID=7135) to work on /home/samuel/dev/airflow_learning/venv/lib/python3.10/site-packages/airflow/example_dags/example_nested_branch_dag.py
[2023-08-24T15:48:33.738+0100] {processor.py:829} INFO - Processing file /home/samuel/dev/airflow_learning/venv/lib/python3.10/site-packages/airflow/example_dags/example_nested_branch_dag.py for tasks to queue
[2023-08-24T15:48:33.739+0100] {logging_mixin.py:151} INFO - [2023-08-24T15:48:33.738+0100] {dagbag.py:539} INFO - Filling up the DagBag from /home/samuel/dev/airflow_learning/venv/lib/python3.10/site-packages/airflow/example_dags/example_nested_branch_dag.py
[2023-08-24T15:48:33.752+0100] {processor.py:839} INFO - DAG(s) dict_keys(['example_nested_branch_dag']) retrieved from /home/samuel/dev/airflow_learning/venv/lib/python3.10/site-packages/airflow/example_dags/example_nested_branch_dag.py
[2023-08-24T15:48:33.774+0100] {logging_mixin.py:151} INFO - [2023-08-24T15:48:33.774+0100] {dag.py:2907} INFO - Sync 1 DAGs
[2023-08-24T15:48:33.796+0100] {logging_mixin.py:151} INFO - [2023-08-24T15:48:33.795+0100] {dag.py:3677} INFO - Setting next_dagrun for example_nested_branch_dag to 2023-08-23T00:00:00+00:00, run_after=2023-08-24T00:00:00+00:00
[2023-08-24T15:48:33.921+0100] {processor.py:179} INFO - Processing /home/samuel/dev/airflow_learning/venv/lib/python3.10/site-packages/airflow/example_dags/example_nested_branch_dag.py took 0.202 seconds
[2023-08-24T15:49:24.425+0100] {processor.py:157} INFO - Started process (PID=7184) to work on /home/samuel/dev/airflow_learning/venv/lib/python3.10/site-packages/airflow/example_dags/example_nested_branch_dag.py
[2023-08-24T15:49:24.451+0100] {processor.py:829} INFO - Processing file /home/samuel/dev/airflow_learning/venv/lib/python3.10/site-packages/airflow/example_dags/example_nested_branch_dag.py for tasks to queue
[2023-08-24T15:49:24.453+0100] {logging_mixin.py:151} INFO - [2023-08-24T15:49:24.452+0100] {dagbag.py:539} INFO - Filling up the DagBag from /home/samuel/dev/airflow_learning/venv/lib/python3.10/site-packages/airflow/example_dags/example_nested_branch_dag.py
[2023-08-24T15:49:24.466+0100] {processor.py:839} INFO - DAG(s) dict_keys(['example_nested_branch_dag']) retrieved from /home/samuel/dev/airflow_learning/venv/lib/python3.10/site-packages/airflow/example_dags/example_nested_branch_dag.py
[2023-08-24T15:49:24.488+0100] {logging_mixin.py:151} INFO - [2023-08-24T15:49:24.488+0100] {dag.py:2907} INFO - Sync 1 DAGs
[2023-08-24T15:49:24.511+0100] {logging_mixin.py:151} INFO - [2023-08-24T15:49:24.511+0100] {dag.py:3677} INFO - Setting next_dagrun for example_nested_branch_dag to 2023-08-23T00:00:00+00:00, run_after=2023-08-24T00:00:00+00:00
[2023-08-24T15:49:24.621+0100] {processor.py:179} INFO - Processing /home/samuel/dev/airflow_learning/venv/lib/python3.10/site-packages/airflow/example_dags/example_nested_branch_dag.py took 0.200 seconds
[2023-08-24T15:50:38.390+0100] {processor.py:157} INFO - Started process (PID=7256) to work on /home/samuel/dev/airflow_learning/venv/lib/python3.10/site-packages/airflow/example_dags/example_nested_branch_dag.py
[2023-08-24T15:50:38.416+0100] {processor.py:829} INFO - Processing file /home/samuel/dev/airflow_learning/venv/lib/python3.10/site-packages/airflow/example_dags/example_nested_branch_dag.py for tasks to queue
[2023-08-24T15:50:38.417+0100] {logging_mixin.py:151} INFO - [2023-08-24T15:50:38.417+0100] {dagbag.py:539} INFO - Filling up the DagBag from /home/samuel/dev/airflow_learning/venv/lib/python3.10/site-packages/airflow/example_dags/example_nested_branch_dag.py
[2023-08-24T15:50:38.428+0100] {processor.py:839} INFO - DAG(s) dict_keys(['example_nested_branch_dag']) retrieved from /home/samuel/dev/airflow_learning/venv/lib/python3.10/site-packages/airflow/example_dags/example_nested_branch_dag.py
[2023-08-24T15:50:38.446+0100] {logging_mixin.py:151} INFO - [2023-08-24T15:50:38.446+0100] {dag.py:2907} INFO - Sync 1 DAGs
[2023-08-24T15:50:38.466+0100] {logging_mixin.py:151} INFO - [2023-08-24T15:50:38.465+0100] {dag.py:3677} INFO - Setting next_dagrun for example_nested_branch_dag to 2023-08-23T00:00:00+00:00, run_after=2023-08-24T00:00:00+00:00
[2023-08-24T15:50:38.606+0100] {processor.py:179} INFO - Processing /home/samuel/dev/airflow_learning/venv/lib/python3.10/site-packages/airflow/example_dags/example_nested_branch_dag.py took 0.220 seconds
[2023-08-24T15:51:30.649+0100] {processor.py:157} INFO - Started process (PID=7311) to work on /home/samuel/dev/airflow_learning/venv/lib/python3.10/site-packages/airflow/example_dags/example_nested_branch_dag.py
[2023-08-24T15:51:30.676+0100] {processor.py:829} INFO - Processing file /home/samuel/dev/airflow_learning/venv/lib/python3.10/site-packages/airflow/example_dags/example_nested_branch_dag.py for tasks to queue
[2023-08-24T15:51:30.677+0100] {logging_mixin.py:151} INFO - [2023-08-24T15:51:30.677+0100] {dagbag.py:539} INFO - Filling up the DagBag from /home/samuel/dev/airflow_learning/venv/lib/python3.10/site-packages/airflow/example_dags/example_nested_branch_dag.py
[2023-08-24T15:51:30.690+0100] {processor.py:839} INFO - DAG(s) dict_keys(['example_nested_branch_dag']) retrieved from /home/samuel/dev/airflow_learning/venv/lib/python3.10/site-packages/airflow/example_dags/example_nested_branch_dag.py
[2023-08-24T15:51:30.714+0100] {logging_mixin.py:151} INFO - [2023-08-24T15:51:30.713+0100] {dag.py:2907} INFO - Sync 1 DAGs
[2023-08-24T15:51:30.737+0100] {logging_mixin.py:151} INFO - [2023-08-24T15:51:30.737+0100] {dag.py:3677} INFO - Setting next_dagrun for example_nested_branch_dag to 2023-08-23T00:00:00+00:00, run_after=2023-08-24T00:00:00+00:00
[2023-08-24T15:51:30.851+0100] {processor.py:179} INFO - Processing /home/samuel/dev/airflow_learning/venv/lib/python3.10/site-packages/airflow/example_dags/example_nested_branch_dag.py took 0.205 seconds
[2023-08-24T15:52:19.901+0100] {processor.py:157} INFO - Started process (PID=7362) to work on /home/samuel/dev/airflow_learning/venv/lib/python3.10/site-packages/airflow/example_dags/example_nested_branch_dag.py
[2023-08-24T15:52:19.924+0100] {processor.py:829} INFO - Processing file /home/samuel/dev/airflow_learning/venv/lib/python3.10/site-packages/airflow/example_dags/example_nested_branch_dag.py for tasks to queue
[2023-08-24T15:52:19.926+0100] {logging_mixin.py:151} INFO - [2023-08-24T15:52:19.925+0100] {dagbag.py:539} INFO - Filling up the DagBag from /home/samuel/dev/airflow_learning/venv/lib/python3.10/site-packages/airflow/example_dags/example_nested_branch_dag.py
[2023-08-24T15:52:19.940+0100] {processor.py:839} INFO - DAG(s) dict_keys(['example_nested_branch_dag']) retrieved from /home/samuel/dev/airflow_learning/venv/lib/python3.10/site-packages/airflow/example_dags/example_nested_branch_dag.py
[2023-08-24T15:52:19.962+0100] {logging_mixin.py:151} INFO - [2023-08-24T15:52:19.962+0100] {dag.py:2907} INFO - Sync 1 DAGs
[2023-08-24T15:52:19.984+0100] {logging_mixin.py:151} INFO - [2023-08-24T15:52:19.984+0100] {dag.py:3677} INFO - Setting next_dagrun for example_nested_branch_dag to 2023-08-23T00:00:00+00:00, run_after=2023-08-24T00:00:00+00:00
[2023-08-24T15:52:20.099+0100] {processor.py:179} INFO - Processing /home/samuel/dev/airflow_learning/venv/lib/python3.10/site-packages/airflow/example_dags/example_nested_branch_dag.py took 0.202 seconds
[2023-08-24T15:53:38.163+0100] {processor.py:157} INFO - Started process (PID=7502) to work on /home/samuel/dev/airflow_learning/venv/lib/python3.10/site-packages/airflow/example_dags/example_nested_branch_dag.py
[2023-08-24T15:53:38.167+0100] {processor.py:829} INFO - Processing file /home/samuel/dev/airflow_learning/venv/lib/python3.10/site-packages/airflow/example_dags/example_nested_branch_dag.py for tasks to queue
[2023-08-24T15:53:38.168+0100] {logging_mixin.py:151} INFO - [2023-08-24T15:53:38.168+0100] {dagbag.py:539} INFO - Filling up the DagBag from /home/samuel/dev/airflow_learning/venv/lib/python3.10/site-packages/airflow/example_dags/example_nested_branch_dag.py
[2023-08-24T15:53:38.181+0100] {processor.py:839} INFO - DAG(s) dict_keys(['example_nested_branch_dag']) retrieved from /home/samuel/dev/airflow_learning/venv/lib/python3.10/site-packages/airflow/example_dags/example_nested_branch_dag.py
[2023-08-24T15:53:38.201+0100] {logging_mixin.py:151} INFO - [2023-08-24T15:53:38.201+0100] {dag.py:2907} INFO - Sync 1 DAGs
[2023-08-24T15:53:38.223+0100] {logging_mixin.py:151} INFO - [2023-08-24T15:53:38.223+0100] {dag.py:3677} INFO - Setting next_dagrun for example_nested_branch_dag to 2023-08-23T00:00:00+00:00, run_after=2023-08-24T00:00:00+00:00
[2023-08-24T15:53:38.467+0100] {processor.py:179} INFO - Processing /home/samuel/dev/airflow_learning/venv/lib/python3.10/site-packages/airflow/example_dags/example_nested_branch_dag.py took 0.308 seconds
[2023-08-24T15:54:44.374+0100] {processor.py:157} INFO - Started process (PID=7593) to work on /home/samuel/dev/airflow_learning/venv/lib/python3.10/site-packages/airflow/example_dags/example_nested_branch_dag.py
[2023-08-24T15:54:44.412+0100] {processor.py:829} INFO - Processing file /home/samuel/dev/airflow_learning/venv/lib/python3.10/site-packages/airflow/example_dags/example_nested_branch_dag.py for tasks to queue
[2023-08-24T15:54:44.413+0100] {logging_mixin.py:151} INFO - [2023-08-24T15:54:44.413+0100] {dagbag.py:539} INFO - Filling up the DagBag from /home/samuel/dev/airflow_learning/venv/lib/python3.10/site-packages/airflow/example_dags/example_nested_branch_dag.py
[2023-08-24T15:54:44.426+0100] {processor.py:839} INFO - DAG(s) dict_keys(['example_nested_branch_dag']) retrieved from /home/samuel/dev/airflow_learning/venv/lib/python3.10/site-packages/airflow/example_dags/example_nested_branch_dag.py
[2023-08-24T15:54:44.448+0100] {logging_mixin.py:151} INFO - [2023-08-24T15:54:44.448+0100] {dag.py:2907} INFO - Sync 1 DAGs
[2023-08-24T15:54:44.472+0100] {logging_mixin.py:151} INFO - [2023-08-24T15:54:44.471+0100] {dag.py:3677} INFO - Setting next_dagrun for example_nested_branch_dag to 2023-08-23T00:00:00+00:00, run_after=2023-08-24T00:00:00+00:00
[2023-08-24T15:54:44.581+0100] {processor.py:179} INFO - Processing /home/samuel/dev/airflow_learning/venv/lib/python3.10/site-packages/airflow/example_dags/example_nested_branch_dag.py took 0.211 seconds
[2023-08-24T15:55:44.223+0100] {processor.py:157} INFO - Started process (PID=7644) to work on /home/samuel/dev/airflow_learning/venv/lib/python3.10/site-packages/airflow/example_dags/example_nested_branch_dag.py
[2023-08-24T15:55:44.249+0100] {processor.py:829} INFO - Processing file /home/samuel/dev/airflow_learning/venv/lib/python3.10/site-packages/airflow/example_dags/example_nested_branch_dag.py for tasks to queue
[2023-08-24T15:55:44.250+0100] {logging_mixin.py:151} INFO - [2023-08-24T15:55:44.249+0100] {dagbag.py:539} INFO - Filling up the DagBag from /home/samuel/dev/airflow_learning/venv/lib/python3.10/site-packages/airflow/example_dags/example_nested_branch_dag.py
[2023-08-24T15:55:44.263+0100] {processor.py:839} INFO - DAG(s) dict_keys(['example_nested_branch_dag']) retrieved from /home/samuel/dev/airflow_learning/venv/lib/python3.10/site-packages/airflow/example_dags/example_nested_branch_dag.py
[2023-08-24T15:55:44.286+0100] {logging_mixin.py:151} INFO - [2023-08-24T15:55:44.285+0100] {dag.py:2907} INFO - Sync 1 DAGs
[2023-08-24T15:55:44.308+0100] {logging_mixin.py:151} INFO - [2023-08-24T15:55:44.308+0100] {dag.py:3677} INFO - Setting next_dagrun for example_nested_branch_dag to 2023-08-23T00:00:00+00:00, run_after=2023-08-24T00:00:00+00:00
[2023-08-24T15:55:44.430+0100] {processor.py:179} INFO - Processing /home/samuel/dev/airflow_learning/venv/lib/python3.10/site-packages/airflow/example_dags/example_nested_branch_dag.py took 0.211 seconds
[2023-08-24T15:56:38.334+0100] {processor.py:157} INFO - Started process (PID=7830) to work on /home/samuel/dev/airflow_learning/venv/lib/python3.10/site-packages/airflow/example_dags/example_nested_branch_dag.py
[2023-08-24T15:56:38.353+0100] {processor.py:829} INFO - Processing file /home/samuel/dev/airflow_learning/venv/lib/python3.10/site-packages/airflow/example_dags/example_nested_branch_dag.py for tasks to queue
[2023-08-24T15:56:38.355+0100] {logging_mixin.py:151} INFO - [2023-08-24T15:56:38.354+0100] {dagbag.py:539} INFO - Filling up the DagBag from /home/samuel/dev/airflow_learning/venv/lib/python3.10/site-packages/airflow/example_dags/example_nested_branch_dag.py
[2023-08-24T15:56:38.368+0100] {processor.py:839} INFO - DAG(s) dict_keys(['example_nested_branch_dag']) retrieved from /home/samuel/dev/airflow_learning/venv/lib/python3.10/site-packages/airflow/example_dags/example_nested_branch_dag.py
[2023-08-24T15:56:38.390+0100] {logging_mixin.py:151} INFO - [2023-08-24T15:56:38.390+0100] {dag.py:2907} INFO - Sync 1 DAGs
[2023-08-24T15:56:38.411+0100] {logging_mixin.py:151} INFO - [2023-08-24T15:56:38.411+0100] {dag.py:3677} INFO - Setting next_dagrun for example_nested_branch_dag to 2023-08-23T00:00:00+00:00, run_after=2023-08-24T00:00:00+00:00
[2023-08-24T15:56:38.510+0100] {processor.py:179} INFO - Processing /home/samuel/dev/airflow_learning/venv/lib/python3.10/site-packages/airflow/example_dags/example_nested_branch_dag.py took 0.180 seconds
[2023-08-24T15:57:53.722+0100] {processor.py:157} INFO - Started process (PID=7912) to work on /home/samuel/dev/airflow_learning/venv/lib/python3.10/site-packages/airflow/example_dags/example_nested_branch_dag.py
[2023-08-24T15:57:53.737+0100] {processor.py:829} INFO - Processing file /home/samuel/dev/airflow_learning/venv/lib/python3.10/site-packages/airflow/example_dags/example_nested_branch_dag.py for tasks to queue
[2023-08-24T15:57:53.738+0100] {logging_mixin.py:151} INFO - [2023-08-24T15:57:53.738+0100] {dagbag.py:539} INFO - Filling up the DagBag from /home/samuel/dev/airflow_learning/venv/lib/python3.10/site-packages/airflow/example_dags/example_nested_branch_dag.py
[2023-08-24T15:57:53.748+0100] {processor.py:839} INFO - DAG(s) dict_keys(['example_nested_branch_dag']) retrieved from /home/samuel/dev/airflow_learning/venv/lib/python3.10/site-packages/airflow/example_dags/example_nested_branch_dag.py
[2023-08-24T15:57:53.766+0100] {logging_mixin.py:151} INFO - [2023-08-24T15:57:53.766+0100] {dag.py:2907} INFO - Sync 1 DAGs
[2023-08-24T15:57:53.787+0100] {logging_mixin.py:151} INFO - [2023-08-24T15:57:53.787+0100] {dag.py:3677} INFO - Setting next_dagrun for example_nested_branch_dag to 2023-08-23T00:00:00+00:00, run_after=2023-08-24T00:00:00+00:00
[2023-08-24T15:57:53.893+0100] {processor.py:179} INFO - Processing /home/samuel/dev/airflow_learning/venv/lib/python3.10/site-packages/airflow/example_dags/example_nested_branch_dag.py took 0.175 seconds
[2023-08-24T15:59:09.639+0100] {processor.py:157} INFO - Started process (PID=8008) to work on /home/samuel/dev/airflow_learning/venv/lib/python3.10/site-packages/airflow/example_dags/example_nested_branch_dag.py
[2023-08-24T15:59:09.677+0100] {processor.py:829} INFO - Processing file /home/samuel/dev/airflow_learning/venv/lib/python3.10/site-packages/airflow/example_dags/example_nested_branch_dag.py for tasks to queue
[2023-08-24T15:59:09.678+0100] {logging_mixin.py:151} INFO - [2023-08-24T15:59:09.678+0100] {dagbag.py:539} INFO - Filling up the DagBag from /home/samuel/dev/airflow_learning/venv/lib/python3.10/site-packages/airflow/example_dags/example_nested_branch_dag.py
[2023-08-24T15:59:09.689+0100] {processor.py:839} INFO - DAG(s) dict_keys(['example_nested_branch_dag']) retrieved from /home/samuel/dev/airflow_learning/venv/lib/python3.10/site-packages/airflow/example_dags/example_nested_branch_dag.py
[2023-08-24T15:59:09.708+0100] {logging_mixin.py:151} INFO - [2023-08-24T15:59:09.707+0100] {dag.py:2907} INFO - Sync 1 DAGs
[2023-08-24T15:59:09.728+0100] {logging_mixin.py:151} INFO - [2023-08-24T15:59:09.728+0100] {dag.py:3677} INFO - Setting next_dagrun for example_nested_branch_dag to 2023-08-23T00:00:00+00:00, run_after=2023-08-24T00:00:00+00:00
[2023-08-24T15:59:09.830+0100] {processor.py:179} INFO - Processing /home/samuel/dev/airflow_learning/venv/lib/python3.10/site-packages/airflow/example_dags/example_nested_branch_dag.py took 0.195 seconds
[2023-08-24T16:00:06.704+0100] {processor.py:157} INFO - Started process (PID=8225) to work on /home/samuel/dev/airflow_learning/venv/lib/python3.10/site-packages/airflow/example_dags/example_nested_branch_dag.py
[2023-08-24T16:00:06.749+0100] {processor.py:829} INFO - Processing file /home/samuel/dev/airflow_learning/venv/lib/python3.10/site-packages/airflow/example_dags/example_nested_branch_dag.py for tasks to queue
[2023-08-24T16:00:06.750+0100] {logging_mixin.py:151} INFO - [2023-08-24T16:00:06.750+0100] {dagbag.py:539} INFO - Filling up the DagBag from /home/samuel/dev/airflow_learning/venv/lib/python3.10/site-packages/airflow/example_dags/example_nested_branch_dag.py
[2023-08-24T16:00:06.764+0100] {processor.py:839} INFO - DAG(s) dict_keys(['example_nested_branch_dag']) retrieved from /home/samuel/dev/airflow_learning/venv/lib/python3.10/site-packages/airflow/example_dags/example_nested_branch_dag.py
[2023-08-24T16:00:06.784+0100] {logging_mixin.py:151} INFO - [2023-08-24T16:00:06.784+0100] {dag.py:2907} INFO - Sync 1 DAGs
[2023-08-24T16:00:06.805+0100] {logging_mixin.py:151} INFO - [2023-08-24T16:00:06.805+0100] {dag.py:3677} INFO - Setting next_dagrun for example_nested_branch_dag to 2023-08-23T00:00:00+00:00, run_after=2023-08-24T00:00:00+00:00
[2023-08-24T16:00:07.520+0100] {processor.py:179} INFO - Processing /home/samuel/dev/airflow_learning/venv/lib/python3.10/site-packages/airflow/example_dags/example_nested_branch_dag.py took 0.819 seconds
[2023-08-24T16:01:02.897+0100] {processor.py:157} INFO - Started process (PID=8336) to work on /home/samuel/dev/airflow_learning/venv/lib/python3.10/site-packages/airflow/example_dags/example_nested_branch_dag.py
[2023-08-24T16:01:02.909+0100] {processor.py:829} INFO - Processing file /home/samuel/dev/airflow_learning/venv/lib/python3.10/site-packages/airflow/example_dags/example_nested_branch_dag.py for tasks to queue
[2023-08-24T16:01:02.910+0100] {logging_mixin.py:151} INFO - [2023-08-24T16:01:02.910+0100] {dagbag.py:539} INFO - Filling up the DagBag from /home/samuel/dev/airflow_learning/venv/lib/python3.10/site-packages/airflow/example_dags/example_nested_branch_dag.py
[2023-08-24T16:01:02.923+0100] {processor.py:839} INFO - DAG(s) dict_keys(['example_nested_branch_dag']) retrieved from /home/samuel/dev/airflow_learning/venv/lib/python3.10/site-packages/airflow/example_dags/example_nested_branch_dag.py
[2023-08-24T16:01:02.943+0100] {logging_mixin.py:151} INFO - [2023-08-24T16:01:02.943+0100] {dag.py:2907} INFO - Sync 1 DAGs
[2023-08-24T16:01:02.964+0100] {logging_mixin.py:151} INFO - [2023-08-24T16:01:02.964+0100] {dag.py:3677} INFO - Setting next_dagrun for example_nested_branch_dag to 2023-08-23T00:00:00+00:00, run_after=2023-08-24T00:00:00+00:00
[2023-08-24T16:01:03.312+0100] {processor.py:179} INFO - Processing /home/samuel/dev/airflow_learning/venv/lib/python3.10/site-packages/airflow/example_dags/example_nested_branch_dag.py took 0.418 seconds
[2023-08-24T16:01:55.871+0100] {processor.py:157} INFO - Started process (PID=8419) to work on /home/samuel/dev/airflow_learning/venv/lib/python3.10/site-packages/airflow/example_dags/example_nested_branch_dag.py
[2023-08-24T16:01:55.906+0100] {processor.py:829} INFO - Processing file /home/samuel/dev/airflow_learning/venv/lib/python3.10/site-packages/airflow/example_dags/example_nested_branch_dag.py for tasks to queue
[2023-08-24T16:01:55.907+0100] {logging_mixin.py:151} INFO - [2023-08-24T16:01:55.907+0100] {dagbag.py:539} INFO - Filling up the DagBag from /home/samuel/dev/airflow_learning/venv/lib/python3.10/site-packages/airflow/example_dags/example_nested_branch_dag.py
[2023-08-24T16:01:55.920+0100] {processor.py:839} INFO - DAG(s) dict_keys(['example_nested_branch_dag']) retrieved from /home/samuel/dev/airflow_learning/venv/lib/python3.10/site-packages/airflow/example_dags/example_nested_branch_dag.py
[2023-08-24T16:01:55.943+0100] {logging_mixin.py:151} INFO - [2023-08-24T16:01:55.943+0100] {dag.py:2907} INFO - Sync 1 DAGs
[2023-08-24T16:01:55.967+0100] {logging_mixin.py:151} INFO - [2023-08-24T16:01:55.967+0100] {dag.py:3677} INFO - Setting next_dagrun for example_nested_branch_dag to 2023-08-23T00:00:00+00:00, run_after=2023-08-24T00:00:00+00:00
[2023-08-24T16:01:56.083+0100] {processor.py:179} INFO - Processing /home/samuel/dev/airflow_learning/venv/lib/python3.10/site-packages/airflow/example_dags/example_nested_branch_dag.py took 0.215 seconds
[2023-08-24T16:02:48.558+0100] {processor.py:157} INFO - Started process (PID=8483) to work on /home/samuel/dev/airflow_learning/venv/lib/python3.10/site-packages/airflow/example_dags/example_nested_branch_dag.py
[2023-08-24T16:02:48.587+0100] {processor.py:829} INFO - Processing file /home/samuel/dev/airflow_learning/venv/lib/python3.10/site-packages/airflow/example_dags/example_nested_branch_dag.py for tasks to queue
[2023-08-24T16:02:48.588+0100] {logging_mixin.py:151} INFO - [2023-08-24T16:02:48.588+0100] {dagbag.py:539} INFO - Filling up the DagBag from /home/samuel/dev/airflow_learning/venv/lib/python3.10/site-packages/airflow/example_dags/example_nested_branch_dag.py
[2023-08-24T16:02:48.601+0100] {processor.py:839} INFO - DAG(s) dict_keys(['example_nested_branch_dag']) retrieved from /home/samuel/dev/airflow_learning/venv/lib/python3.10/site-packages/airflow/example_dags/example_nested_branch_dag.py
[2023-08-24T16:02:48.623+0100] {logging_mixin.py:151} INFO - [2023-08-24T16:02:48.623+0100] {dag.py:2907} INFO - Sync 1 DAGs
[2023-08-24T16:02:48.649+0100] {logging_mixin.py:151} INFO - [2023-08-24T16:02:48.649+0100] {dag.py:3677} INFO - Setting next_dagrun for example_nested_branch_dag to 2023-08-23T00:00:00+00:00, run_after=2023-08-24T00:00:00+00:00
[2023-08-24T16:02:48.762+0100] {processor.py:179} INFO - Processing /home/samuel/dev/airflow_learning/venv/lib/python3.10/site-packages/airflow/example_dags/example_nested_branch_dag.py took 0.208 seconds
[2023-08-24T16:03:40.010+0100] {processor.py:157} INFO - Started process (PID=8556) to work on /home/samuel/dev/airflow_learning/venv/lib/python3.10/site-packages/airflow/example_dags/example_nested_branch_dag.py
[2023-08-24T16:03:40.058+0100] {processor.py:829} INFO - Processing file /home/samuel/dev/airflow_learning/venv/lib/python3.10/site-packages/airflow/example_dags/example_nested_branch_dag.py for tasks to queue
[2023-08-24T16:03:40.059+0100] {logging_mixin.py:151} INFO - [2023-08-24T16:03:40.059+0100] {dagbag.py:539} INFO - Filling up the DagBag from /home/samuel/dev/airflow_learning/venv/lib/python3.10/site-packages/airflow/example_dags/example_nested_branch_dag.py
[2023-08-24T16:03:40.072+0100] {processor.py:839} INFO - DAG(s) dict_keys(['example_nested_branch_dag']) retrieved from /home/samuel/dev/airflow_learning/venv/lib/python3.10/site-packages/airflow/example_dags/example_nested_branch_dag.py
[2023-08-24T16:03:40.095+0100] {logging_mixin.py:151} INFO - [2023-08-24T16:03:40.095+0100] {dag.py:2907} INFO - Sync 1 DAGs
[2023-08-24T16:03:40.119+0100] {logging_mixin.py:151} INFO - [2023-08-24T16:03:40.119+0100] {dag.py:3677} INFO - Setting next_dagrun for example_nested_branch_dag to 2023-08-23T00:00:00+00:00, run_after=2023-08-24T00:00:00+00:00
[2023-08-24T16:03:40.226+0100] {processor.py:179} INFO - Processing /home/samuel/dev/airflow_learning/venv/lib/python3.10/site-packages/airflow/example_dags/example_nested_branch_dag.py took 0.219 seconds
