[2023-08-24T15:22:01.499+0100] {processor.py:157} INFO - Started process (PID=5340) to work on /home/samuel/dev/airflow_learning/venv/lib/python3.10/site-packages/airflow/example_dags/example_short_circuit_decorator.py
[2023-08-24T15:22:01.500+0100] {processor.py:829} INFO - Processing file /home/samuel/dev/airflow_learning/venv/lib/python3.10/site-packages/airflow/example_dags/example_short_circuit_decorator.py for tasks to queue
[2023-08-24T15:22:01.501+0100] {logging_mixin.py:151} INFO - [2023-08-24T15:22:01.500+0100] {dagbag.py:539} INFO - Filling up the DagBag from /home/samuel/dev/airflow_learning/venv/lib/python3.10/site-packages/airflow/example_dags/example_short_circuit_decorator.py
[2023-08-24T15:22:01.512+0100] {processor.py:839} INFO - DAG(s) dict_keys(['example_short_circuit_decorator']) retrieved from /home/samuel/dev/airflow_learning/venv/lib/python3.10/site-packages/airflow/example_dags/example_short_circuit_decorator.py
[2023-08-24T15:22:01.820+0100] {logging_mixin.py:151} INFO - [2023-08-24T15:22:01.819+0100] {manager.py:501} INFO - Created Permission View: can edit on DAG:example_short_circuit_decorator
[2023-08-24T15:22:01.931+0100] {logging_mixin.py:151} INFO - [2023-08-24T15:22:01.931+0100] {manager.py:501} INFO - Created Permission View: can delete on DAG:example_short_circuit_decorator
[2023-08-24T15:22:02.042+0100] {logging_mixin.py:151} INFO - [2023-08-24T15:22:02.042+0100] {manager.py:501} INFO - Created Permission View: can read on DAG:example_short_circuit_decorator
[2023-08-24T15:22:02.079+0100] {logging_mixin.py:151} INFO - [2023-08-24T15:22:02.078+0100] {dag.py:2907} INFO - Sync 1 DAGs
[2023-08-24T15:22:02.104+0100] {logging_mixin.py:151} INFO - [2023-08-24T15:22:02.104+0100] {dag.py:2929} INFO - Creating ORM DAG for example_short_circuit_decorator
[2023-08-24T15:22:02.117+0100] {logging_mixin.py:151} INFO - [2023-08-24T15:22:02.117+0100] {dag.py:3677} INFO - Setting next_dagrun for example_short_circuit_decorator to 2023-08-23T14:22:02.116799+00:00, run_after=2023-08-24T14:22:02.116799+00:00
[2023-08-24T15:22:02.289+0100] {processor.py:179} INFO - Processing /home/samuel/dev/airflow_learning/venv/lib/python3.10/site-packages/airflow/example_dags/example_short_circuit_decorator.py took 0.794 seconds
[2023-08-24T15:23:26.676+0100] {processor.py:157} INFO - Started process (PID=5403) to work on /home/samuel/dev/airflow_learning/venv/lib/python3.10/site-packages/airflow/example_dags/example_short_circuit_decorator.py
[2023-08-24T15:23:26.692+0100] {processor.py:829} INFO - Processing file /home/samuel/dev/airflow_learning/venv/lib/python3.10/site-packages/airflow/example_dags/example_short_circuit_decorator.py for tasks to queue
[2023-08-24T15:23:26.693+0100] {logging_mixin.py:151} INFO - [2023-08-24T15:23:26.692+0100] {dagbag.py:539} INFO - Filling up the DagBag from /home/samuel/dev/airflow_learning/venv/lib/python3.10/site-packages/airflow/example_dags/example_short_circuit_decorator.py
[2023-08-24T15:23:26.706+0100] {processor.py:839} INFO - DAG(s) dict_keys(['example_short_circuit_decorator']) retrieved from /home/samuel/dev/airflow_learning/venv/lib/python3.10/site-packages/airflow/example_dags/example_short_circuit_decorator.py
[2023-08-24T15:23:26.727+0100] {logging_mixin.py:151} INFO - [2023-08-24T15:23:26.726+0100] {dag.py:2907} INFO - Sync 1 DAGs
[2023-08-24T15:23:26.748+0100] {logging_mixin.py:151} INFO - [2023-08-24T15:23:26.747+0100] {dag.py:3677} INFO - Setting next_dagrun for example_short_circuit_decorator to 2023-08-23T14:23:26.747735+00:00, run_after=2023-08-24T14:23:26.747735+00:00
[2023-08-24T15:23:26.865+0100] {processor.py:179} INFO - Processing /home/samuel/dev/airflow_learning/venv/lib/python3.10/site-packages/airflow/example_dags/example_short_circuit_decorator.py took 0.193 seconds
[2023-08-24T15:24:04.577+0100] {processor.py:157} INFO - Started process (PID=5447) to work on /home/samuel/dev/airflow_learning/venv/lib/python3.10/site-packages/airflow/example_dags/example_short_circuit_decorator.py
[2023-08-24T15:24:04.592+0100] {processor.py:829} INFO - Processing file /home/samuel/dev/airflow_learning/venv/lib/python3.10/site-packages/airflow/example_dags/example_short_circuit_decorator.py for tasks to queue
[2023-08-24T15:24:04.593+0100] {logging_mixin.py:151} INFO - [2023-08-24T15:24:04.592+0100] {dagbag.py:539} INFO - Filling up the DagBag from /home/samuel/dev/airflow_learning/venv/lib/python3.10/site-packages/airflow/example_dags/example_short_circuit_decorator.py
[2023-08-24T15:24:04.606+0100] {processor.py:839} INFO - DAG(s) dict_keys(['example_short_circuit_decorator']) retrieved from /home/samuel/dev/airflow_learning/venv/lib/python3.10/site-packages/airflow/example_dags/example_short_circuit_decorator.py
[2023-08-24T15:24:04.628+0100] {logging_mixin.py:151} INFO - [2023-08-24T15:24:04.628+0100] {dag.py:2907} INFO - Sync 1 DAGs
[2023-08-24T15:24:04.650+0100] {logging_mixin.py:151} INFO - [2023-08-24T15:24:04.649+0100] {dag.py:3677} INFO - Setting next_dagrun for example_short_circuit_decorator to 2023-08-23T14:24:04.649671+00:00, run_after=2023-08-24T14:24:04.649671+00:00
[2023-08-24T15:24:04.754+0100] {processor.py:179} INFO - Processing /home/samuel/dev/airflow_learning/venv/lib/python3.10/site-packages/airflow/example_dags/example_short_circuit_decorator.py took 0.181 seconds
[2023-08-24T15:24:56.381+0100] {processor.py:157} INFO - Started process (PID=5499) to work on /home/samuel/dev/airflow_learning/venv/lib/python3.10/site-packages/airflow/example_dags/example_short_circuit_decorator.py
[2023-08-24T15:24:56.383+0100] {processor.py:829} INFO - Processing file /home/samuel/dev/airflow_learning/venv/lib/python3.10/site-packages/airflow/example_dags/example_short_circuit_decorator.py for tasks to queue
[2023-08-24T15:24:56.384+0100] {logging_mixin.py:151} INFO - [2023-08-24T15:24:56.384+0100] {dagbag.py:539} INFO - Filling up the DagBag from /home/samuel/dev/airflow_learning/venv/lib/python3.10/site-packages/airflow/example_dags/example_short_circuit_decorator.py
[2023-08-24T15:24:56.396+0100] {processor.py:839} INFO - DAG(s) dict_keys(['example_short_circuit_decorator']) retrieved from /home/samuel/dev/airflow_learning/venv/lib/python3.10/site-packages/airflow/example_dags/example_short_circuit_decorator.py
[2023-08-24T15:24:56.416+0100] {logging_mixin.py:151} INFO - [2023-08-24T15:24:56.416+0100] {dag.py:2907} INFO - Sync 1 DAGs
[2023-08-24T15:24:56.435+0100] {logging_mixin.py:151} INFO - [2023-08-24T15:24:56.435+0100] {dag.py:3677} INFO - Setting next_dagrun for example_short_circuit_decorator to 2023-08-23T14:24:56.434964+00:00, run_after=2023-08-24T14:24:56.434964+00:00
[2023-08-24T15:24:56.561+0100] {processor.py:179} INFO - Processing /home/samuel/dev/airflow_learning/venv/lib/python3.10/site-packages/airflow/example_dags/example_short_circuit_decorator.py took 0.184 seconds
[2023-08-24T15:25:46.450+0100] {processor.py:157} INFO - Started process (PID=5548) to work on /home/samuel/dev/airflow_learning/venv/lib/python3.10/site-packages/airflow/example_dags/example_short_circuit_decorator.py
[2023-08-24T15:25:46.453+0100] {processor.py:829} INFO - Processing file /home/samuel/dev/airflow_learning/venv/lib/python3.10/site-packages/airflow/example_dags/example_short_circuit_decorator.py for tasks to queue
[2023-08-24T15:25:46.454+0100] {logging_mixin.py:151} INFO - [2023-08-24T15:25:46.453+0100] {dagbag.py:539} INFO - Filling up the DagBag from /home/samuel/dev/airflow_learning/venv/lib/python3.10/site-packages/airflow/example_dags/example_short_circuit_decorator.py
[2023-08-24T15:25:46.466+0100] {processor.py:839} INFO - DAG(s) dict_keys(['example_short_circuit_decorator']) retrieved from /home/samuel/dev/airflow_learning/venv/lib/python3.10/site-packages/airflow/example_dags/example_short_circuit_decorator.py
[2023-08-24T15:25:46.486+0100] {logging_mixin.py:151} INFO - [2023-08-24T15:25:46.486+0100] {dag.py:2907} INFO - Sync 1 DAGs
[2023-08-24T15:25:46.506+0100] {logging_mixin.py:151} INFO - [2023-08-24T15:25:46.506+0100] {dag.py:3677} INFO - Setting next_dagrun for example_short_circuit_decorator to 2023-08-23T14:25:46.505775+00:00, run_after=2023-08-24T14:25:46.505775+00:00
[2023-08-24T15:25:46.642+0100] {processor.py:179} INFO - Processing /home/samuel/dev/airflow_learning/venv/lib/python3.10/site-packages/airflow/example_dags/example_short_circuit_decorator.py took 0.195 seconds
[2023-08-24T15:26:43.366+0100] {processor.py:157} INFO - Started process (PID=5599) to work on /home/samuel/dev/airflow_learning/venv/lib/python3.10/site-packages/airflow/example_dags/example_short_circuit_decorator.py
[2023-08-24T15:26:43.401+0100] {processor.py:829} INFO - Processing file /home/samuel/dev/airflow_learning/venv/lib/python3.10/site-packages/airflow/example_dags/example_short_circuit_decorator.py for tasks to queue
[2023-08-24T15:26:43.402+0100] {logging_mixin.py:151} INFO - [2023-08-24T15:26:43.401+0100] {dagbag.py:539} INFO - Filling up the DagBag from /home/samuel/dev/airflow_learning/venv/lib/python3.10/site-packages/airflow/example_dags/example_short_circuit_decorator.py
[2023-08-24T15:26:43.415+0100] {processor.py:839} INFO - DAG(s) dict_keys(['example_short_circuit_decorator']) retrieved from /home/samuel/dev/airflow_learning/venv/lib/python3.10/site-packages/airflow/example_dags/example_short_circuit_decorator.py
[2023-08-24T15:26:43.438+0100] {logging_mixin.py:151} INFO - [2023-08-24T15:26:43.437+0100] {dag.py:2907} INFO - Sync 1 DAGs
[2023-08-24T15:26:43.460+0100] {logging_mixin.py:151} INFO - [2023-08-24T15:26:43.459+0100] {dag.py:3677} INFO - Setting next_dagrun for example_short_circuit_decorator to 2023-08-23T14:26:43.459667+00:00, run_after=2023-08-24T14:26:43.459667+00:00
[2023-08-24T15:26:43.569+0100] {processor.py:179} INFO - Processing /home/samuel/dev/airflow_learning/venv/lib/python3.10/site-packages/airflow/example_dags/example_short_circuit_decorator.py took 0.207 seconds
[2023-08-24T15:27:35.190+0100] {processor.py:157} INFO - Started process (PID=5650) to work on /home/samuel/dev/airflow_learning/venv/lib/python3.10/site-packages/airflow/example_dags/example_short_circuit_decorator.py
[2023-08-24T15:27:35.216+0100] {processor.py:829} INFO - Processing file /home/samuel/dev/airflow_learning/venv/lib/python3.10/site-packages/airflow/example_dags/example_short_circuit_decorator.py for tasks to queue
[2023-08-24T15:27:35.217+0100] {logging_mixin.py:151} INFO - [2023-08-24T15:27:35.216+0100] {dagbag.py:539} INFO - Filling up the DagBag from /home/samuel/dev/airflow_learning/venv/lib/python3.10/site-packages/airflow/example_dags/example_short_circuit_decorator.py
[2023-08-24T15:27:35.229+0100] {processor.py:839} INFO - DAG(s) dict_keys(['example_short_circuit_decorator']) retrieved from /home/samuel/dev/airflow_learning/venv/lib/python3.10/site-packages/airflow/example_dags/example_short_circuit_decorator.py
[2023-08-24T15:27:35.248+0100] {logging_mixin.py:151} INFO - [2023-08-24T15:27:35.247+0100] {dag.py:2907} INFO - Sync 1 DAGs
[2023-08-24T15:27:35.267+0100] {logging_mixin.py:151} INFO - [2023-08-24T15:27:35.266+0100] {dag.py:3677} INFO - Setting next_dagrun for example_short_circuit_decorator to 2023-08-23T14:27:35.266666+00:00, run_after=2023-08-24T14:27:35.266666+00:00
[2023-08-24T15:27:35.383+0100] {processor.py:179} INFO - Processing /home/samuel/dev/airflow_learning/venv/lib/python3.10/site-packages/airflow/example_dags/example_short_circuit_decorator.py took 0.198 seconds
[2023-08-24T15:28:30.942+0100] {processor.py:157} INFO - Started process (PID=5712) to work on /home/samuel/dev/airflow_learning/venv/lib/python3.10/site-packages/airflow/example_dags/example_short_circuit_decorator.py
[2023-08-24T15:28:30.976+0100] {processor.py:829} INFO - Processing file /home/samuel/dev/airflow_learning/venv/lib/python3.10/site-packages/airflow/example_dags/example_short_circuit_decorator.py for tasks to queue
[2023-08-24T15:28:30.977+0100] {logging_mixin.py:151} INFO - [2023-08-24T15:28:30.977+0100] {dagbag.py:539} INFO - Filling up the DagBag from /home/samuel/dev/airflow_learning/venv/lib/python3.10/site-packages/airflow/example_dags/example_short_circuit_decorator.py
[2023-08-24T15:28:30.991+0100] {processor.py:839} INFO - DAG(s) dict_keys(['example_short_circuit_decorator']) retrieved from /home/samuel/dev/airflow_learning/venv/lib/python3.10/site-packages/airflow/example_dags/example_short_circuit_decorator.py
[2023-08-24T15:28:31.010+0100] {logging_mixin.py:151} INFO - [2023-08-24T15:28:31.009+0100] {dag.py:2907} INFO - Sync 1 DAGs
[2023-08-24T15:28:31.029+0100] {logging_mixin.py:151} INFO - [2023-08-24T15:28:31.029+0100] {dag.py:3677} INFO - Setting next_dagrun for example_short_circuit_decorator to 2023-08-23T14:28:31.029124+00:00, run_after=2023-08-24T14:28:31.029124+00:00
[2023-08-24T15:28:31.144+0100] {processor.py:179} INFO - Processing /home/samuel/dev/airflow_learning/venv/lib/python3.10/site-packages/airflow/example_dags/example_short_circuit_decorator.py took 0.205 seconds
[2023-08-24T15:29:24.341+0100] {processor.py:157} INFO - Started process (PID=5777) to work on /home/samuel/dev/airflow_learning/venv/lib/python3.10/site-packages/airflow/example_dags/example_short_circuit_decorator.py
[2023-08-24T15:29:24.343+0100] {processor.py:829} INFO - Processing file /home/samuel/dev/airflow_learning/venv/lib/python3.10/site-packages/airflow/example_dags/example_short_circuit_decorator.py for tasks to queue
[2023-08-24T15:29:24.344+0100] {logging_mixin.py:151} INFO - [2023-08-24T15:29:24.344+0100] {dagbag.py:539} INFO - Filling up the DagBag from /home/samuel/dev/airflow_learning/venv/lib/python3.10/site-packages/airflow/example_dags/example_short_circuit_decorator.py
[2023-08-24T15:29:24.356+0100] {processor.py:839} INFO - DAG(s) dict_keys(['example_short_circuit_decorator']) retrieved from /home/samuel/dev/airflow_learning/venv/lib/python3.10/site-packages/airflow/example_dags/example_short_circuit_decorator.py
[2023-08-24T15:29:24.377+0100] {logging_mixin.py:151} INFO - [2023-08-24T15:29:24.377+0100] {dag.py:2907} INFO - Sync 1 DAGs
[2023-08-24T15:29:24.395+0100] {logging_mixin.py:151} INFO - [2023-08-24T15:29:24.395+0100] {dag.py:3677} INFO - Setting next_dagrun for example_short_circuit_decorator to 2023-08-23T14:29:24.395536+00:00, run_after=2023-08-24T14:29:24.395536+00:00
[2023-08-24T15:29:24.516+0100] {processor.py:179} INFO - Processing /home/samuel/dev/airflow_learning/venv/lib/python3.10/site-packages/airflow/example_dags/example_short_circuit_decorator.py took 0.179 seconds
[2023-08-24T15:30:53.402+0100] {processor.py:157} INFO - Started process (PID=5954) to work on /home/samuel/dev/airflow_learning/venv/lib/python3.10/site-packages/airflow/example_dags/example_short_circuit_decorator.py
[2023-08-24T15:30:53.436+0100] {processor.py:829} INFO - Processing file /home/samuel/dev/airflow_learning/venv/lib/python3.10/site-packages/airflow/example_dags/example_short_circuit_decorator.py for tasks to queue
[2023-08-24T15:30:53.437+0100] {logging_mixin.py:151} INFO - [2023-08-24T15:30:53.437+0100] {dagbag.py:539} INFO - Filling up the DagBag from /home/samuel/dev/airflow_learning/venv/lib/python3.10/site-packages/airflow/example_dags/example_short_circuit_decorator.py
[2023-08-24T15:30:53.447+0100] {processor.py:839} INFO - DAG(s) dict_keys(['example_short_circuit_decorator']) retrieved from /home/samuel/dev/airflow_learning/venv/lib/python3.10/site-packages/airflow/example_dags/example_short_circuit_decorator.py
[2023-08-24T15:30:53.464+0100] {logging_mixin.py:151} INFO - [2023-08-24T15:30:53.464+0100] {dag.py:2907} INFO - Sync 1 DAGs
[2023-08-24T15:30:53.483+0100] {logging_mixin.py:151} INFO - [2023-08-24T15:30:53.483+0100] {dag.py:3677} INFO - Setting next_dagrun for example_short_circuit_decorator to 2023-08-23T14:30:53.482739+00:00, run_after=2023-08-24T14:30:53.482739+00:00
[2023-08-24T15:30:53.724+0100] {processor.py:179} INFO - Processing /home/samuel/dev/airflow_learning/venv/lib/python3.10/site-packages/airflow/example_dags/example_short_circuit_decorator.py took 0.326 seconds
[2023-08-24T15:31:46.422+0100] {processor.py:157} INFO - Started process (PID=6053) to work on /home/samuel/dev/airflow_learning/venv/lib/python3.10/site-packages/airflow/example_dags/example_short_circuit_decorator.py
[2023-08-24T15:31:46.440+0100] {processor.py:829} INFO - Processing file /home/samuel/dev/airflow_learning/venv/lib/python3.10/site-packages/airflow/example_dags/example_short_circuit_decorator.py for tasks to queue
[2023-08-24T15:31:46.441+0100] {logging_mixin.py:151} INFO - [2023-08-24T15:31:46.441+0100] {dagbag.py:539} INFO - Filling up the DagBag from /home/samuel/dev/airflow_learning/venv/lib/python3.10/site-packages/airflow/example_dags/example_short_circuit_decorator.py
[2023-08-24T15:31:46.454+0100] {processor.py:839} INFO - DAG(s) dict_keys(['example_short_circuit_decorator']) retrieved from /home/samuel/dev/airflow_learning/venv/lib/python3.10/site-packages/airflow/example_dags/example_short_circuit_decorator.py
[2023-08-24T15:31:46.477+0100] {logging_mixin.py:151} INFO - [2023-08-24T15:31:46.476+0100] {dag.py:2907} INFO - Sync 1 DAGs
[2023-08-24T15:31:46.497+0100] {logging_mixin.py:151} INFO - [2023-08-24T15:31:46.496+0100] {dag.py:3677} INFO - Setting next_dagrun for example_short_circuit_decorator to 2023-08-23T14:31:46.496601+00:00, run_after=2023-08-24T14:31:46.496601+00:00
[2023-08-24T15:31:46.609+0100] {processor.py:179} INFO - Processing /home/samuel/dev/airflow_learning/venv/lib/python3.10/site-packages/airflow/example_dags/example_short_circuit_decorator.py took 0.191 seconds
[2023-08-24T15:32:40.106+0100] {processor.py:157} INFO - Started process (PID=6113) to work on /home/samuel/dev/airflow_learning/venv/lib/python3.10/site-packages/airflow/example_dags/example_short_circuit_decorator.py
[2023-08-24T15:32:40.130+0100] {processor.py:829} INFO - Processing file /home/samuel/dev/airflow_learning/venv/lib/python3.10/site-packages/airflow/example_dags/example_short_circuit_decorator.py for tasks to queue
[2023-08-24T15:32:40.131+0100] {logging_mixin.py:151} INFO - [2023-08-24T15:32:40.130+0100] {dagbag.py:539} INFO - Filling up the DagBag from /home/samuel/dev/airflow_learning/venv/lib/python3.10/site-packages/airflow/example_dags/example_short_circuit_decorator.py
[2023-08-24T15:32:40.144+0100] {processor.py:839} INFO - DAG(s) dict_keys(['example_short_circuit_decorator']) retrieved from /home/samuel/dev/airflow_learning/venv/lib/python3.10/site-packages/airflow/example_dags/example_short_circuit_decorator.py
[2023-08-24T15:32:40.172+0100] {logging_mixin.py:151} INFO - [2023-08-24T15:32:40.171+0100] {dag.py:2907} INFO - Sync 1 DAGs
[2023-08-24T15:32:40.198+0100] {logging_mixin.py:151} INFO - [2023-08-24T15:32:40.198+0100] {dag.py:3677} INFO - Setting next_dagrun for example_short_circuit_decorator to 2023-08-23T14:32:40.198424+00:00, run_after=2023-08-24T14:32:40.198424+00:00
[2023-08-24T15:32:40.306+0100] {processor.py:179} INFO - Processing /home/samuel/dev/airflow_learning/venv/lib/python3.10/site-packages/airflow/example_dags/example_short_circuit_decorator.py took 0.206 seconds
[2023-08-24T15:33:33.274+0100] {processor.py:157} INFO - Started process (PID=6170) to work on /home/samuel/dev/airflow_learning/venv/lib/python3.10/site-packages/airflow/example_dags/example_short_circuit_decorator.py
[2023-08-24T15:33:33.282+0100] {processor.py:829} INFO - Processing file /home/samuel/dev/airflow_learning/venv/lib/python3.10/site-packages/airflow/example_dags/example_short_circuit_decorator.py for tasks to queue
[2023-08-24T15:33:33.283+0100] {logging_mixin.py:151} INFO - [2023-08-24T15:33:33.283+0100] {dagbag.py:539} INFO - Filling up the DagBag from /home/samuel/dev/airflow_learning/venv/lib/python3.10/site-packages/airflow/example_dags/example_short_circuit_decorator.py
[2023-08-24T15:33:33.295+0100] {processor.py:839} INFO - DAG(s) dict_keys(['example_short_circuit_decorator']) retrieved from /home/samuel/dev/airflow_learning/venv/lib/python3.10/site-packages/airflow/example_dags/example_short_circuit_decorator.py
[2023-08-24T15:33:33.318+0100] {logging_mixin.py:151} INFO - [2023-08-24T15:33:33.318+0100] {dag.py:2907} INFO - Sync 1 DAGs
[2023-08-24T15:33:33.340+0100] {logging_mixin.py:151} INFO - [2023-08-24T15:33:33.340+0100] {dag.py:3677} INFO - Setting next_dagrun for example_short_circuit_decorator to 2023-08-23T14:33:33.340213+00:00, run_after=2023-08-24T14:33:33.340213+00:00
[2023-08-24T15:33:33.455+0100] {processor.py:179} INFO - Processing /home/samuel/dev/airflow_learning/venv/lib/python3.10/site-packages/airflow/example_dags/example_short_circuit_decorator.py took 0.186 seconds
[2023-08-24T15:34:37.927+0100] {processor.py:157} INFO - Started process (PID=6233) to work on /home/samuel/dev/airflow_learning/venv/lib/python3.10/site-packages/airflow/example_dags/example_short_circuit_decorator.py
[2023-08-24T15:34:37.930+0100] {processor.py:829} INFO - Processing file /home/samuel/dev/airflow_learning/venv/lib/python3.10/site-packages/airflow/example_dags/example_short_circuit_decorator.py for tasks to queue
[2023-08-24T15:34:37.931+0100] {logging_mixin.py:151} INFO - [2023-08-24T15:34:37.931+0100] {dagbag.py:539} INFO - Filling up the DagBag from /home/samuel/dev/airflow_learning/venv/lib/python3.10/site-packages/airflow/example_dags/example_short_circuit_decorator.py
[2023-08-24T15:34:37.944+0100] {processor.py:839} INFO - DAG(s) dict_keys(['example_short_circuit_decorator']) retrieved from /home/samuel/dev/airflow_learning/venv/lib/python3.10/site-packages/airflow/example_dags/example_short_circuit_decorator.py
[2023-08-24T15:34:37.964+0100] {logging_mixin.py:151} INFO - [2023-08-24T15:34:37.964+0100] {dag.py:2907} INFO - Sync 1 DAGs
[2023-08-24T15:34:37.983+0100] {logging_mixin.py:151} INFO - [2023-08-24T15:34:37.983+0100] {dag.py:3677} INFO - Setting next_dagrun for example_short_circuit_decorator to 2023-08-23T14:34:37.983112+00:00, run_after=2023-08-24T14:34:37.983112+00:00
[2023-08-24T15:34:38.097+0100] {processor.py:179} INFO - Processing /home/samuel/dev/airflow_learning/venv/lib/python3.10/site-packages/airflow/example_dags/example_short_circuit_decorator.py took 0.174 seconds
[2023-08-24T15:35:39.461+0100] {processor.py:157} INFO - Started process (PID=6301) to work on /home/samuel/dev/airflow_learning/venv/lib/python3.10/site-packages/airflow/example_dags/example_short_circuit_decorator.py
[2023-08-24T15:35:39.470+0100] {processor.py:829} INFO - Processing file /home/samuel/dev/airflow_learning/venv/lib/python3.10/site-packages/airflow/example_dags/example_short_circuit_decorator.py for tasks to queue
[2023-08-24T15:35:39.472+0100] {logging_mixin.py:151} INFO - [2023-08-24T15:35:39.471+0100] {dagbag.py:539} INFO - Filling up the DagBag from /home/samuel/dev/airflow_learning/venv/lib/python3.10/site-packages/airflow/example_dags/example_short_circuit_decorator.py
[2023-08-24T15:35:39.484+0100] {processor.py:839} INFO - DAG(s) dict_keys(['example_short_circuit_decorator']) retrieved from /home/samuel/dev/airflow_learning/venv/lib/python3.10/site-packages/airflow/example_dags/example_short_circuit_decorator.py
[2023-08-24T15:35:39.506+0100] {logging_mixin.py:151} INFO - [2023-08-24T15:35:39.506+0100] {dag.py:2907} INFO - Sync 1 DAGs
[2023-08-24T15:35:39.527+0100] {logging_mixin.py:151} INFO - [2023-08-24T15:35:39.527+0100] {dag.py:3677} INFO - Setting next_dagrun for example_short_circuit_decorator to 2023-08-23T14:35:39.526782+00:00, run_after=2023-08-24T14:35:39.526782+00:00
[2023-08-24T15:35:39.632+0100] {processor.py:179} INFO - Processing /home/samuel/dev/airflow_learning/venv/lib/python3.10/site-packages/airflow/example_dags/example_short_circuit_decorator.py took 0.174 seconds
[2023-08-24T15:36:34.815+0100] {processor.py:157} INFO - Started process (PID=6360) to work on /home/samuel/dev/airflow_learning/venv/lib/python3.10/site-packages/airflow/example_dags/example_short_circuit_decorator.py
[2023-08-24T15:36:34.845+0100] {processor.py:829} INFO - Processing file /home/samuel/dev/airflow_learning/venv/lib/python3.10/site-packages/airflow/example_dags/example_short_circuit_decorator.py for tasks to queue
[2023-08-24T15:36:34.846+0100] {logging_mixin.py:151} INFO - [2023-08-24T15:36:34.846+0100] {dagbag.py:539} INFO - Filling up the DagBag from /home/samuel/dev/airflow_learning/venv/lib/python3.10/site-packages/airflow/example_dags/example_short_circuit_decorator.py
[2023-08-24T15:36:34.860+0100] {processor.py:839} INFO - DAG(s) dict_keys(['example_short_circuit_decorator']) retrieved from /home/samuel/dev/airflow_learning/venv/lib/python3.10/site-packages/airflow/example_dags/example_short_circuit_decorator.py
[2023-08-24T15:36:34.886+0100] {logging_mixin.py:151} INFO - [2023-08-24T15:36:34.886+0100] {dag.py:2907} INFO - Sync 1 DAGs
[2023-08-24T15:36:34.909+0100] {logging_mixin.py:151} INFO - [2023-08-24T15:36:34.908+0100] {dag.py:3677} INFO - Setting next_dagrun for example_short_circuit_decorator to 2023-08-23T14:36:34.908715+00:00, run_after=2023-08-24T14:36:34.908715+00:00
[2023-08-24T15:36:35.014+0100] {processor.py:179} INFO - Processing /home/samuel/dev/airflow_learning/venv/lib/python3.10/site-packages/airflow/example_dags/example_short_circuit_decorator.py took 0.203 seconds
[2023-08-24T15:37:46.266+0100] {processor.py:157} INFO - Started process (PID=6421) to work on /home/samuel/dev/airflow_learning/venv/lib/python3.10/site-packages/airflow/example_dags/example_short_circuit_decorator.py
[2023-08-24T15:37:46.306+0100] {processor.py:829} INFO - Processing file /home/samuel/dev/airflow_learning/venv/lib/python3.10/site-packages/airflow/example_dags/example_short_circuit_decorator.py for tasks to queue
[2023-08-24T15:37:46.308+0100] {logging_mixin.py:151} INFO - [2023-08-24T15:37:46.307+0100] {dagbag.py:539} INFO - Filling up the DagBag from /home/samuel/dev/airflow_learning/venv/lib/python3.10/site-packages/airflow/example_dags/example_short_circuit_decorator.py
[2023-08-24T15:37:46.318+0100] {processor.py:839} INFO - DAG(s) dict_keys(['example_short_circuit_decorator']) retrieved from /home/samuel/dev/airflow_learning/venv/lib/python3.10/site-packages/airflow/example_dags/example_short_circuit_decorator.py
[2023-08-24T15:37:46.337+0100] {logging_mixin.py:151} INFO - [2023-08-24T15:37:46.337+0100] {dag.py:2907} INFO - Sync 1 DAGs
[2023-08-24T15:37:46.356+0100] {logging_mixin.py:151} INFO - [2023-08-24T15:37:46.356+0100] {dag.py:3677} INFO - Setting next_dagrun for example_short_circuit_decorator to 2023-08-23T14:37:46.355845+00:00, run_after=2023-08-24T14:37:46.355845+00:00
[2023-08-24T15:37:46.512+0100] {processor.py:179} INFO - Processing /home/samuel/dev/airflow_learning/venv/lib/python3.10/site-packages/airflow/example_dags/example_short_circuit_decorator.py took 0.250 seconds
[2023-08-24T15:38:44.515+0100] {processor.py:157} INFO - Started process (PID=6474) to work on /home/samuel/dev/airflow_learning/venv/lib/python3.10/site-packages/airflow/example_dags/example_short_circuit_decorator.py
[2023-08-24T15:38:44.545+0100] {processor.py:829} INFO - Processing file /home/samuel/dev/airflow_learning/venv/lib/python3.10/site-packages/airflow/example_dags/example_short_circuit_decorator.py for tasks to queue
[2023-08-24T15:38:44.546+0100] {logging_mixin.py:151} INFO - [2023-08-24T15:38:44.546+0100] {dagbag.py:539} INFO - Filling up the DagBag from /home/samuel/dev/airflow_learning/venv/lib/python3.10/site-packages/airflow/example_dags/example_short_circuit_decorator.py
[2023-08-24T15:38:44.559+0100] {processor.py:839} INFO - DAG(s) dict_keys(['example_short_circuit_decorator']) retrieved from /home/samuel/dev/airflow_learning/venv/lib/python3.10/site-packages/airflow/example_dags/example_short_circuit_decorator.py
[2023-08-24T15:38:44.581+0100] {logging_mixin.py:151} INFO - [2023-08-24T15:38:44.581+0100] {dag.py:2907} INFO - Sync 1 DAGs
[2023-08-24T15:38:44.603+0100] {logging_mixin.py:151} INFO - [2023-08-24T15:38:44.603+0100] {dag.py:3677} INFO - Setting next_dagrun for example_short_circuit_decorator to 2023-08-23T14:38:44.602846+00:00, run_after=2023-08-24T14:38:44.602846+00:00
[2023-08-24T15:38:44.729+0100] {processor.py:179} INFO - Processing /home/samuel/dev/airflow_learning/venv/lib/python3.10/site-packages/airflow/example_dags/example_short_circuit_decorator.py took 0.218 seconds
[2023-08-24T15:39:36.173+0100] {processor.py:157} INFO - Started process (PID=6527) to work on /home/samuel/dev/airflow_learning/venv/lib/python3.10/site-packages/airflow/example_dags/example_short_circuit_decorator.py
[2023-08-24T15:39:36.193+0100] {processor.py:829} INFO - Processing file /home/samuel/dev/airflow_learning/venv/lib/python3.10/site-packages/airflow/example_dags/example_short_circuit_decorator.py for tasks to queue
[2023-08-24T15:39:36.195+0100] {logging_mixin.py:151} INFO - [2023-08-24T15:39:36.194+0100] {dagbag.py:539} INFO - Filling up the DagBag from /home/samuel/dev/airflow_learning/venv/lib/python3.10/site-packages/airflow/example_dags/example_short_circuit_decorator.py
[2023-08-24T15:39:36.208+0100] {processor.py:839} INFO - DAG(s) dict_keys(['example_short_circuit_decorator']) retrieved from /home/samuel/dev/airflow_learning/venv/lib/python3.10/site-packages/airflow/example_dags/example_short_circuit_decorator.py
[2023-08-24T15:39:36.231+0100] {logging_mixin.py:151} INFO - [2023-08-24T15:39:36.231+0100] {dag.py:2907} INFO - Sync 1 DAGs
[2023-08-24T15:39:36.251+0100] {logging_mixin.py:151} INFO - [2023-08-24T15:39:36.251+0100] {dag.py:3677} INFO - Setting next_dagrun for example_short_circuit_decorator to 2023-08-23T14:39:36.251245+00:00, run_after=2023-08-24T14:39:36.251245+00:00
[2023-08-24T15:39:36.351+0100] {processor.py:179} INFO - Processing /home/samuel/dev/airflow_learning/venv/lib/python3.10/site-packages/airflow/example_dags/example_short_circuit_decorator.py took 0.181 seconds
[2023-08-24T15:40:17.578+0100] {processor.py:157} INFO - Started process (PID=6584) to work on /home/samuel/dev/airflow_learning/venv/lib/python3.10/site-packages/airflow/example_dags/example_short_circuit_decorator.py
[2023-08-24T15:40:17.605+0100] {processor.py:829} INFO - Processing file /home/samuel/dev/airflow_learning/venv/lib/python3.10/site-packages/airflow/example_dags/example_short_circuit_decorator.py for tasks to queue
[2023-08-24T15:40:17.606+0100] {logging_mixin.py:151} INFO - [2023-08-24T15:40:17.606+0100] {dagbag.py:539} INFO - Filling up the DagBag from /home/samuel/dev/airflow_learning/venv/lib/python3.10/site-packages/airflow/example_dags/example_short_circuit_decorator.py
[2023-08-24T15:40:17.620+0100] {processor.py:839} INFO - DAG(s) dict_keys(['example_short_circuit_decorator']) retrieved from /home/samuel/dev/airflow_learning/venv/lib/python3.10/site-packages/airflow/example_dags/example_short_circuit_decorator.py
[2023-08-24T15:40:17.642+0100] {logging_mixin.py:151} INFO - [2023-08-24T15:40:17.642+0100] {dag.py:2907} INFO - Sync 1 DAGs
[2023-08-24T15:40:17.663+0100] {logging_mixin.py:151} INFO - [2023-08-24T15:40:17.662+0100] {dag.py:3677} INFO - Setting next_dagrun for example_short_circuit_decorator to 2023-08-23T14:40:17.662631+00:00, run_after=2023-08-24T14:40:17.662631+00:00
[2023-08-24T15:40:17.778+0100] {processor.py:179} INFO - Processing /home/samuel/dev/airflow_learning/venv/lib/python3.10/site-packages/airflow/example_dags/example_short_circuit_decorator.py took 0.204 seconds
[2023-08-24T15:41:14.414+0100] {processor.py:157} INFO - Started process (PID=6640) to work on /home/samuel/dev/airflow_learning/venv/lib/python3.10/site-packages/airflow/example_dags/example_short_circuit_decorator.py
[2023-08-24T15:41:14.416+0100] {processor.py:829} INFO - Processing file /home/samuel/dev/airflow_learning/venv/lib/python3.10/site-packages/airflow/example_dags/example_short_circuit_decorator.py for tasks to queue
[2023-08-24T15:41:14.417+0100] {logging_mixin.py:151} INFO - [2023-08-24T15:41:14.417+0100] {dagbag.py:539} INFO - Filling up the DagBag from /home/samuel/dev/airflow_learning/venv/lib/python3.10/site-packages/airflow/example_dags/example_short_circuit_decorator.py
[2023-08-24T15:41:14.430+0100] {processor.py:839} INFO - DAG(s) dict_keys(['example_short_circuit_decorator']) retrieved from /home/samuel/dev/airflow_learning/venv/lib/python3.10/site-packages/airflow/example_dags/example_short_circuit_decorator.py
[2023-08-24T15:41:14.450+0100] {logging_mixin.py:151} INFO - [2023-08-24T15:41:14.450+0100] {dag.py:2907} INFO - Sync 1 DAGs
[2023-08-24T15:41:14.469+0100] {logging_mixin.py:151} INFO - [2023-08-24T15:41:14.469+0100] {dag.py:3677} INFO - Setting next_dagrun for example_short_circuit_decorator to 2023-08-23T14:41:14.469123+00:00, run_after=2023-08-24T14:41:14.469123+00:00
[2023-08-24T15:41:14.583+0100] {processor.py:179} INFO - Processing /home/samuel/dev/airflow_learning/venv/lib/python3.10/site-packages/airflow/example_dags/example_short_circuit_decorator.py took 0.172 seconds
[2023-08-24T15:42:04.927+0100] {processor.py:157} INFO - Started process (PID=6692) to work on /home/samuel/dev/airflow_learning/venv/lib/python3.10/site-packages/airflow/example_dags/example_short_circuit_decorator.py
[2023-08-24T15:42:04.970+0100] {processor.py:829} INFO - Processing file /home/samuel/dev/airflow_learning/venv/lib/python3.10/site-packages/airflow/example_dags/example_short_circuit_decorator.py for tasks to queue
[2023-08-24T15:42:04.971+0100] {logging_mixin.py:151} INFO - [2023-08-24T15:42:04.970+0100] {dagbag.py:539} INFO - Filling up the DagBag from /home/samuel/dev/airflow_learning/venv/lib/python3.10/site-packages/airflow/example_dags/example_short_circuit_decorator.py
[2023-08-24T15:42:04.986+0100] {processor.py:839} INFO - DAG(s) dict_keys(['example_short_circuit_decorator']) retrieved from /home/samuel/dev/airflow_learning/venv/lib/python3.10/site-packages/airflow/example_dags/example_short_circuit_decorator.py
[2023-08-24T15:42:05.006+0100] {logging_mixin.py:151} INFO - [2023-08-24T15:42:05.006+0100] {dag.py:2907} INFO - Sync 1 DAGs
[2023-08-24T15:42:05.027+0100] {logging_mixin.py:151} INFO - [2023-08-24T15:42:05.027+0100] {dag.py:3677} INFO - Setting next_dagrun for example_short_circuit_decorator to 2023-08-23T14:42:05.027300+00:00, run_after=2023-08-24T14:42:05.027300+00:00
[2023-08-24T15:42:05.130+0100] {processor.py:179} INFO - Processing /home/samuel/dev/airflow_learning/venv/lib/python3.10/site-packages/airflow/example_dags/example_short_circuit_decorator.py took 0.207 seconds
[2023-08-24T15:42:56.667+0100] {processor.py:157} INFO - Started process (PID=6799) to work on /home/samuel/dev/airflow_learning/venv/lib/python3.10/site-packages/airflow/example_dags/example_short_circuit_decorator.py
[2023-08-24T15:42:56.701+0100] {processor.py:829} INFO - Processing file /home/samuel/dev/airflow_learning/venv/lib/python3.10/site-packages/airflow/example_dags/example_short_circuit_decorator.py for tasks to queue
[2023-08-24T15:42:56.703+0100] {logging_mixin.py:151} INFO - [2023-08-24T15:42:56.702+0100] {dagbag.py:539} INFO - Filling up the DagBag from /home/samuel/dev/airflow_learning/venv/lib/python3.10/site-packages/airflow/example_dags/example_short_circuit_decorator.py
[2023-08-24T15:42:56.716+0100] {processor.py:839} INFO - DAG(s) dict_keys(['example_short_circuit_decorator']) retrieved from /home/samuel/dev/airflow_learning/venv/lib/python3.10/site-packages/airflow/example_dags/example_short_circuit_decorator.py
[2023-08-24T15:42:56.739+0100] {logging_mixin.py:151} INFO - [2023-08-24T15:42:56.739+0100] {dag.py:2907} INFO - Sync 1 DAGs
[2023-08-24T15:42:56.761+0100] {logging_mixin.py:151} INFO - [2023-08-24T15:42:56.761+0100] {dag.py:3677} INFO - Setting next_dagrun for example_short_circuit_decorator to 2023-08-23T14:42:56.761322+00:00, run_after=2023-08-24T14:42:56.761322+00:00
[2023-08-24T15:42:56.868+0100] {processor.py:179} INFO - Processing /home/samuel/dev/airflow_learning/venv/lib/python3.10/site-packages/airflow/example_dags/example_short_circuit_decorator.py took 0.205 seconds
[2023-08-24T15:43:52.975+0100] {processor.py:157} INFO - Started process (PID=6851) to work on /home/samuel/dev/airflow_learning/venv/lib/python3.10/site-packages/airflow/example_dags/example_short_circuit_decorator.py
[2023-08-24T15:43:52.982+0100] {processor.py:829} INFO - Processing file /home/samuel/dev/airflow_learning/venv/lib/python3.10/site-packages/airflow/example_dags/example_short_circuit_decorator.py for tasks to queue
[2023-08-24T15:43:52.983+0100] {logging_mixin.py:151} INFO - [2023-08-24T15:43:52.983+0100] {dagbag.py:539} INFO - Filling up the DagBag from /home/samuel/dev/airflow_learning/venv/lib/python3.10/site-packages/airflow/example_dags/example_short_circuit_decorator.py
[2023-08-24T15:43:52.996+0100] {processor.py:839} INFO - DAG(s) dict_keys(['example_short_circuit_decorator']) retrieved from /home/samuel/dev/airflow_learning/venv/lib/python3.10/site-packages/airflow/example_dags/example_short_circuit_decorator.py
[2023-08-24T15:43:53.019+0100] {logging_mixin.py:151} INFO - [2023-08-24T15:43:53.019+0100] {dag.py:2907} INFO - Sync 1 DAGs
[2023-08-24T15:43:53.039+0100] {logging_mixin.py:151} INFO - [2023-08-24T15:43:53.039+0100] {dag.py:3677} INFO - Setting next_dagrun for example_short_circuit_decorator to 2023-08-23T14:43:53.038955+00:00, run_after=2023-08-24T14:43:53.038955+00:00
[2023-08-24T15:43:53.181+0100] {processor.py:179} INFO - Processing /home/samuel/dev/airflow_learning/venv/lib/python3.10/site-packages/airflow/example_dags/example_short_circuit_decorator.py took 0.210 seconds
[2023-08-24T15:44:41.957+0100] {processor.py:157} INFO - Started process (PID=6900) to work on /home/samuel/dev/airflow_learning/venv/lib/python3.10/site-packages/airflow/example_dags/example_short_circuit_decorator.py
[2023-08-24T15:44:41.961+0100] {processor.py:829} INFO - Processing file /home/samuel/dev/airflow_learning/venv/lib/python3.10/site-packages/airflow/example_dags/example_short_circuit_decorator.py for tasks to queue
[2023-08-24T15:44:41.961+0100] {logging_mixin.py:151} INFO - [2023-08-24T15:44:41.961+0100] {dagbag.py:539} INFO - Filling up the DagBag from /home/samuel/dev/airflow_learning/venv/lib/python3.10/site-packages/airflow/example_dags/example_short_circuit_decorator.py
[2023-08-24T15:44:41.972+0100] {processor.py:839} INFO - DAG(s) dict_keys(['example_short_circuit_decorator']) retrieved from /home/samuel/dev/airflow_learning/venv/lib/python3.10/site-packages/airflow/example_dags/example_short_circuit_decorator.py
[2023-08-24T15:44:41.990+0100] {logging_mixin.py:151} INFO - [2023-08-24T15:44:41.989+0100] {dag.py:2907} INFO - Sync 1 DAGs
[2023-08-24T15:44:42.009+0100] {logging_mixin.py:151} INFO - [2023-08-24T15:44:42.009+0100] {dag.py:3677} INFO - Setting next_dagrun for example_short_circuit_decorator to 2023-08-23T14:44:42.009225+00:00, run_after=2023-08-24T14:44:42.009225+00:00
[2023-08-24T15:44:42.134+0100] {processor.py:179} INFO - Processing /home/samuel/dev/airflow_learning/venv/lib/python3.10/site-packages/airflow/example_dags/example_short_circuit_decorator.py took 0.181 seconds
[2023-08-24T15:45:33.322+0100] {processor.py:157} INFO - Started process (PID=6950) to work on /home/samuel/dev/airflow_learning/venv/lib/python3.10/site-packages/airflow/example_dags/example_short_circuit_decorator.py
[2023-08-24T15:45:33.366+0100] {processor.py:829} INFO - Processing file /home/samuel/dev/airflow_learning/venv/lib/python3.10/site-packages/airflow/example_dags/example_short_circuit_decorator.py for tasks to queue
[2023-08-24T15:45:33.367+0100] {logging_mixin.py:151} INFO - [2023-08-24T15:45:33.367+0100] {dagbag.py:539} INFO - Filling up the DagBag from /home/samuel/dev/airflow_learning/venv/lib/python3.10/site-packages/airflow/example_dags/example_short_circuit_decorator.py
[2023-08-24T15:45:33.379+0100] {processor.py:839} INFO - DAG(s) dict_keys(['example_short_circuit_decorator']) retrieved from /home/samuel/dev/airflow_learning/venv/lib/python3.10/site-packages/airflow/example_dags/example_short_circuit_decorator.py
[2023-08-24T15:45:33.396+0100] {logging_mixin.py:151} INFO - [2023-08-24T15:45:33.396+0100] {dag.py:2907} INFO - Sync 1 DAGs
[2023-08-24T15:45:33.415+0100] {logging_mixin.py:151} INFO - [2023-08-24T15:45:33.415+0100] {dag.py:3677} INFO - Setting next_dagrun for example_short_circuit_decorator to 2023-08-23T14:45:33.415062+00:00, run_after=2023-08-24T14:45:33.415062+00:00
[2023-08-24T15:45:33.513+0100] {processor.py:179} INFO - Processing /home/samuel/dev/airflow_learning/venv/lib/python3.10/site-packages/airflow/example_dags/example_short_circuit_decorator.py took 0.194 seconds
[2023-08-24T15:46:27.158+0100] {processor.py:157} INFO - Started process (PID=7001) to work on /home/samuel/dev/airflow_learning/venv/lib/python3.10/site-packages/airflow/example_dags/example_short_circuit_decorator.py
[2023-08-24T15:46:27.160+0100] {processor.py:829} INFO - Processing file /home/samuel/dev/airflow_learning/venv/lib/python3.10/site-packages/airflow/example_dags/example_short_circuit_decorator.py for tasks to queue
[2023-08-24T15:46:27.162+0100] {logging_mixin.py:151} INFO - [2023-08-24T15:46:27.161+0100] {dagbag.py:539} INFO - Filling up the DagBag from /home/samuel/dev/airflow_learning/venv/lib/python3.10/site-packages/airflow/example_dags/example_short_circuit_decorator.py
[2023-08-24T15:46:27.174+0100] {processor.py:839} INFO - DAG(s) dict_keys(['example_short_circuit_decorator']) retrieved from /home/samuel/dev/airflow_learning/venv/lib/python3.10/site-packages/airflow/example_dags/example_short_circuit_decorator.py
[2023-08-24T15:46:27.193+0100] {logging_mixin.py:151} INFO - [2023-08-24T15:46:27.193+0100] {dag.py:2907} INFO - Sync 1 DAGs
[2023-08-24T15:46:27.212+0100] {logging_mixin.py:151} INFO - [2023-08-24T15:46:27.212+0100] {dag.py:3677} INFO - Setting next_dagrun for example_short_circuit_decorator to 2023-08-23T14:46:27.211790+00:00, run_after=2023-08-24T14:46:27.211790+00:00
[2023-08-24T15:46:27.330+0100] {processor.py:179} INFO - Processing /home/samuel/dev/airflow_learning/venv/lib/python3.10/site-packages/airflow/example_dags/example_short_circuit_decorator.py took 0.177 seconds
[2023-08-24T15:47:21.047+0100] {processor.py:157} INFO - Started process (PID=7050) to work on /home/samuel/dev/airflow_learning/venv/lib/python3.10/site-packages/airflow/example_dags/example_short_circuit_decorator.py
[2023-08-24T15:47:21.048+0100] {processor.py:829} INFO - Processing file /home/samuel/dev/airflow_learning/venv/lib/python3.10/site-packages/airflow/example_dags/example_short_circuit_decorator.py for tasks to queue
[2023-08-24T15:47:21.049+0100] {logging_mixin.py:151} INFO - [2023-08-24T15:47:21.049+0100] {dagbag.py:539} INFO - Filling up the DagBag from /home/samuel/dev/airflow_learning/venv/lib/python3.10/site-packages/airflow/example_dags/example_short_circuit_decorator.py
[2023-08-24T15:47:21.062+0100] {processor.py:839} INFO - DAG(s) dict_keys(['example_short_circuit_decorator']) retrieved from /home/samuel/dev/airflow_learning/venv/lib/python3.10/site-packages/airflow/example_dags/example_short_circuit_decorator.py
[2023-08-24T15:47:21.082+0100] {logging_mixin.py:151} INFO - [2023-08-24T15:47:21.082+0100] {dag.py:2907} INFO - Sync 1 DAGs
[2023-08-24T15:47:21.101+0100] {logging_mixin.py:151} INFO - [2023-08-24T15:47:21.100+0100] {dag.py:3677} INFO - Setting next_dagrun for example_short_circuit_decorator to 2023-08-23T14:47:21.100630+00:00, run_after=2023-08-24T14:47:21.100630+00:00
[2023-08-24T15:47:21.211+0100] {processor.py:179} INFO - Processing /home/samuel/dev/airflow_learning/venv/lib/python3.10/site-packages/airflow/example_dags/example_short_circuit_decorator.py took 0.168 seconds
[2023-08-24T15:48:14.511+0100] {processor.py:157} INFO - Started process (PID=7118) to work on /home/samuel/dev/airflow_learning/venv/lib/python3.10/site-packages/airflow/example_dags/example_short_circuit_decorator.py
[2023-08-24T15:48:14.539+0100] {processor.py:829} INFO - Processing file /home/samuel/dev/airflow_learning/venv/lib/python3.10/site-packages/airflow/example_dags/example_short_circuit_decorator.py for tasks to queue
[2023-08-24T15:48:14.540+0100] {logging_mixin.py:151} INFO - [2023-08-24T15:48:14.540+0100] {dagbag.py:539} INFO - Filling up the DagBag from /home/samuel/dev/airflow_learning/venv/lib/python3.10/site-packages/airflow/example_dags/example_short_circuit_decorator.py
[2023-08-24T15:48:14.553+0100] {processor.py:839} INFO - DAG(s) dict_keys(['example_short_circuit_decorator']) retrieved from /home/samuel/dev/airflow_learning/venv/lib/python3.10/site-packages/airflow/example_dags/example_short_circuit_decorator.py
[2023-08-24T15:48:14.576+0100] {logging_mixin.py:151} INFO - [2023-08-24T15:48:14.576+0100] {dag.py:2907} INFO - Sync 1 DAGs
[2023-08-24T15:48:14.597+0100] {logging_mixin.py:151} INFO - [2023-08-24T15:48:14.597+0100] {dag.py:3677} INFO - Setting next_dagrun for example_short_circuit_decorator to 2023-08-23T14:48:14.596997+00:00, run_after=2023-08-24T14:48:14.596997+00:00
[2023-08-24T15:48:14.733+0100] {processor.py:179} INFO - Processing /home/samuel/dev/airflow_learning/venv/lib/python3.10/site-packages/airflow/example_dags/example_short_circuit_decorator.py took 0.226 seconds
[2023-08-24T15:49:08.150+0100] {processor.py:157} INFO - Started process (PID=7169) to work on /home/samuel/dev/airflow_learning/venv/lib/python3.10/site-packages/airflow/example_dags/example_short_circuit_decorator.py
[2023-08-24T15:49:08.153+0100] {processor.py:829} INFO - Processing file /home/samuel/dev/airflow_learning/venv/lib/python3.10/site-packages/airflow/example_dags/example_short_circuit_decorator.py for tasks to queue
[2023-08-24T15:49:08.154+0100] {logging_mixin.py:151} INFO - [2023-08-24T15:49:08.154+0100] {dagbag.py:539} INFO - Filling up the DagBag from /home/samuel/dev/airflow_learning/venv/lib/python3.10/site-packages/airflow/example_dags/example_short_circuit_decorator.py
[2023-08-24T15:49:08.167+0100] {processor.py:839} INFO - DAG(s) dict_keys(['example_short_circuit_decorator']) retrieved from /home/samuel/dev/airflow_learning/venv/lib/python3.10/site-packages/airflow/example_dags/example_short_circuit_decorator.py
[2023-08-24T15:49:08.188+0100] {logging_mixin.py:151} INFO - [2023-08-24T15:49:08.187+0100] {dag.py:2907} INFO - Sync 1 DAGs
[2023-08-24T15:49:08.206+0100] {logging_mixin.py:151} INFO - [2023-08-24T15:49:08.206+0100] {dag.py:3677} INFO - Setting next_dagrun for example_short_circuit_decorator to 2023-08-23T14:49:08.206279+00:00, run_after=2023-08-24T14:49:08.206279+00:00
[2023-08-24T15:49:08.324+0100] {processor.py:179} INFO - Processing /home/samuel/dev/airflow_learning/venv/lib/python3.10/site-packages/airflow/example_dags/example_short_circuit_decorator.py took 0.178 seconds
[2023-08-24T15:49:55.442+0100] {processor.py:157} INFO - Started process (PID=7215) to work on /home/samuel/dev/airflow_learning/venv/lib/python3.10/site-packages/airflow/example_dags/example_short_circuit_decorator.py
[2023-08-24T15:49:55.445+0100] {processor.py:829} INFO - Processing file /home/samuel/dev/airflow_learning/venv/lib/python3.10/site-packages/airflow/example_dags/example_short_circuit_decorator.py for tasks to queue
[2023-08-24T15:49:55.446+0100] {logging_mixin.py:151} INFO - [2023-08-24T15:49:55.445+0100] {dagbag.py:539} INFO - Filling up the DagBag from /home/samuel/dev/airflow_learning/venv/lib/python3.10/site-packages/airflow/example_dags/example_short_circuit_decorator.py
[2023-08-24T15:49:55.458+0100] {processor.py:839} INFO - DAG(s) dict_keys(['example_short_circuit_decorator']) retrieved from /home/samuel/dev/airflow_learning/venv/lib/python3.10/site-packages/airflow/example_dags/example_short_circuit_decorator.py
[2023-08-24T15:49:55.479+0100] {logging_mixin.py:151} INFO - [2023-08-24T15:49:55.478+0100] {dag.py:2907} INFO - Sync 1 DAGs
[2023-08-24T15:49:55.498+0100] {logging_mixin.py:151} INFO - [2023-08-24T15:49:55.498+0100] {dag.py:3677} INFO - Setting next_dagrun for example_short_circuit_decorator to 2023-08-23T14:49:55.497981+00:00, run_after=2023-08-24T14:49:55.497981+00:00
[2023-08-24T15:49:55.626+0100] {processor.py:179} INFO - Processing /home/samuel/dev/airflow_learning/venv/lib/python3.10/site-packages/airflow/example_dags/example_short_circuit_decorator.py took 0.188 seconds
[2023-08-24T15:50:45.242+0100] {processor.py:157} INFO - Started process (PID=7262) to work on /home/samuel/dev/airflow_learning/venv/lib/python3.10/site-packages/airflow/example_dags/example_short_circuit_decorator.py
[2023-08-24T15:50:45.260+0100] {processor.py:829} INFO - Processing file /home/samuel/dev/airflow_learning/venv/lib/python3.10/site-packages/airflow/example_dags/example_short_circuit_decorator.py for tasks to queue
[2023-08-24T15:50:45.261+0100] {logging_mixin.py:151} INFO - [2023-08-24T15:50:45.260+0100] {dagbag.py:539} INFO - Filling up the DagBag from /home/samuel/dev/airflow_learning/venv/lib/python3.10/site-packages/airflow/example_dags/example_short_circuit_decorator.py
[2023-08-24T15:50:45.273+0100] {processor.py:839} INFO - DAG(s) dict_keys(['example_short_circuit_decorator']) retrieved from /home/samuel/dev/airflow_learning/venv/lib/python3.10/site-packages/airflow/example_dags/example_short_circuit_decorator.py
[2023-08-24T15:50:45.295+0100] {logging_mixin.py:151} INFO - [2023-08-24T15:50:45.295+0100] {dag.py:2907} INFO - Sync 1 DAGs
[2023-08-24T15:50:45.315+0100] {logging_mixin.py:151} INFO - [2023-08-24T15:50:45.315+0100] {dag.py:3677} INFO - Setting next_dagrun for example_short_circuit_decorator to 2023-08-23T14:50:45.315320+00:00, run_after=2023-08-24T14:50:45.315320+00:00
[2023-08-24T15:50:45.421+0100] {processor.py:179} INFO - Processing /home/samuel/dev/airflow_learning/venv/lib/python3.10/site-packages/airflow/example_dags/example_short_circuit_decorator.py took 0.183 seconds
[2023-08-24T15:51:39.614+0100] {processor.py:157} INFO - Started process (PID=7319) to work on /home/samuel/dev/airflow_learning/venv/lib/python3.10/site-packages/airflow/example_dags/example_short_circuit_decorator.py
[2023-08-24T15:51:39.617+0100] {processor.py:829} INFO - Processing file /home/samuel/dev/airflow_learning/venv/lib/python3.10/site-packages/airflow/example_dags/example_short_circuit_decorator.py for tasks to queue
[2023-08-24T15:51:39.618+0100] {logging_mixin.py:151} INFO - [2023-08-24T15:51:39.618+0100] {dagbag.py:539} INFO - Filling up the DagBag from /home/samuel/dev/airflow_learning/venv/lib/python3.10/site-packages/airflow/example_dags/example_short_circuit_decorator.py
[2023-08-24T15:51:39.631+0100] {processor.py:839} INFO - DAG(s) dict_keys(['example_short_circuit_decorator']) retrieved from /home/samuel/dev/airflow_learning/venv/lib/python3.10/site-packages/airflow/example_dags/example_short_circuit_decorator.py
[2023-08-24T15:51:39.651+0100] {logging_mixin.py:151} INFO - [2023-08-24T15:51:39.651+0100] {dag.py:2907} INFO - Sync 1 DAGs
[2023-08-24T15:51:39.670+0100] {logging_mixin.py:151} INFO - [2023-08-24T15:51:39.670+0100] {dag.py:3677} INFO - Setting next_dagrun for example_short_circuit_decorator to 2023-08-23T14:51:39.669964+00:00, run_after=2023-08-24T14:51:39.669964+00:00
[2023-08-24T15:51:39.802+0100] {processor.py:179} INFO - Processing /home/samuel/dev/airflow_learning/venv/lib/python3.10/site-packages/airflow/example_dags/example_short_circuit_decorator.py took 0.192 seconds
[2023-08-24T15:52:26.989+0100] {processor.py:157} INFO - Started process (PID=7368) to work on /home/samuel/dev/airflow_learning/venv/lib/python3.10/site-packages/airflow/example_dags/example_short_circuit_decorator.py
[2023-08-24T15:52:26.990+0100] {processor.py:829} INFO - Processing file /home/samuel/dev/airflow_learning/venv/lib/python3.10/site-packages/airflow/example_dags/example_short_circuit_decorator.py for tasks to queue
[2023-08-24T15:52:26.991+0100] {logging_mixin.py:151} INFO - [2023-08-24T15:52:26.991+0100] {dagbag.py:539} INFO - Filling up the DagBag from /home/samuel/dev/airflow_learning/venv/lib/python3.10/site-packages/airflow/example_dags/example_short_circuit_decorator.py
[2023-08-24T15:52:27.004+0100] {processor.py:839} INFO - DAG(s) dict_keys(['example_short_circuit_decorator']) retrieved from /home/samuel/dev/airflow_learning/venv/lib/python3.10/site-packages/airflow/example_dags/example_short_circuit_decorator.py
[2023-08-24T15:52:27.025+0100] {logging_mixin.py:151} INFO - [2023-08-24T15:52:27.025+0100] {dag.py:2907} INFO - Sync 1 DAGs
[2023-08-24T15:52:27.045+0100] {logging_mixin.py:151} INFO - [2023-08-24T15:52:27.045+0100] {dag.py:3677} INFO - Setting next_dagrun for example_short_circuit_decorator to 2023-08-23T14:52:27.044775+00:00, run_after=2023-08-24T14:52:27.044775+00:00
[2023-08-24T15:52:27.161+0100] {processor.py:179} INFO - Processing /home/samuel/dev/airflow_learning/venv/lib/python3.10/site-packages/airflow/example_dags/example_short_circuit_decorator.py took 0.176 seconds
[2023-08-24T15:53:17.567+0100] {processor.py:157} INFO - Started process (PID=7434) to work on /home/samuel/dev/airflow_learning/venv/lib/python3.10/site-packages/airflow/example_dags/example_short_circuit_decorator.py
[2023-08-24T15:53:17.589+0100] {processor.py:829} INFO - Processing file /home/samuel/dev/airflow_learning/venv/lib/python3.10/site-packages/airflow/example_dags/example_short_circuit_decorator.py for tasks to queue
[2023-08-24T15:53:17.590+0100] {logging_mixin.py:151} INFO - [2023-08-24T15:53:17.590+0100] {dagbag.py:539} INFO - Filling up the DagBag from /home/samuel/dev/airflow_learning/venv/lib/python3.10/site-packages/airflow/example_dags/example_short_circuit_decorator.py
[2023-08-24T15:53:17.605+0100] {processor.py:839} INFO - DAG(s) dict_keys(['example_short_circuit_decorator']) retrieved from /home/samuel/dev/airflow_learning/venv/lib/python3.10/site-packages/airflow/example_dags/example_short_circuit_decorator.py
[2023-08-24T15:53:17.631+0100] {logging_mixin.py:151} INFO - [2023-08-24T15:53:17.631+0100] {dag.py:2907} INFO - Sync 1 DAGs
[2023-08-24T15:53:17.656+0100] {logging_mixin.py:151} INFO - [2023-08-24T15:53:17.656+0100] {dag.py:3677} INFO - Setting next_dagrun for example_short_circuit_decorator to 2023-08-23T14:53:17.655763+00:00, run_after=2023-08-24T14:53:17.655763+00:00
[2023-08-24T15:53:17.778+0100] {processor.py:179} INFO - Processing /home/samuel/dev/airflow_learning/venv/lib/python3.10/site-packages/airflow/example_dags/example_short_circuit_decorator.py took 0.214 seconds
[2023-08-24T15:54:24.416+0100] {processor.py:157} INFO - Started process (PID=7574) to work on /home/samuel/dev/airflow_learning/venv/lib/python3.10/site-packages/airflow/example_dags/example_short_circuit_decorator.py
[2023-08-24T15:54:24.434+0100] {processor.py:829} INFO - Processing file /home/samuel/dev/airflow_learning/venv/lib/python3.10/site-packages/airflow/example_dags/example_short_circuit_decorator.py for tasks to queue
[2023-08-24T15:54:24.435+0100] {logging_mixin.py:151} INFO - [2023-08-24T15:54:24.435+0100] {dagbag.py:539} INFO - Filling up the DagBag from /home/samuel/dev/airflow_learning/venv/lib/python3.10/site-packages/airflow/example_dags/example_short_circuit_decorator.py
[2023-08-24T15:54:24.445+0100] {processor.py:839} INFO - DAG(s) dict_keys(['example_short_circuit_decorator']) retrieved from /home/samuel/dev/airflow_learning/venv/lib/python3.10/site-packages/airflow/example_dags/example_short_circuit_decorator.py
[2023-08-24T15:54:24.467+0100] {logging_mixin.py:151} INFO - [2023-08-24T15:54:24.467+0100] {dag.py:2907} INFO - Sync 1 DAGs
[2023-08-24T15:54:24.490+0100] {logging_mixin.py:151} INFO - [2023-08-24T15:54:24.490+0100] {dag.py:3677} INFO - Setting next_dagrun for example_short_circuit_decorator to 2023-08-23T14:54:24.490218+00:00, run_after=2023-08-24T14:54:24.490218+00:00
[2023-08-24T15:54:24.606+0100] {processor.py:179} INFO - Processing /home/samuel/dev/airflow_learning/venv/lib/python3.10/site-packages/airflow/example_dags/example_short_circuit_decorator.py took 0.192 seconds
[2023-08-24T15:55:21.889+0100] {processor.py:157} INFO - Started process (PID=7628) to work on /home/samuel/dev/airflow_learning/venv/lib/python3.10/site-packages/airflow/example_dags/example_short_circuit_decorator.py
[2023-08-24T15:55:21.899+0100] {processor.py:829} INFO - Processing file /home/samuel/dev/airflow_learning/venv/lib/python3.10/site-packages/airflow/example_dags/example_short_circuit_decorator.py for tasks to queue
[2023-08-24T15:55:21.900+0100] {logging_mixin.py:151} INFO - [2023-08-24T15:55:21.900+0100] {dagbag.py:539} INFO - Filling up the DagBag from /home/samuel/dev/airflow_learning/venv/lib/python3.10/site-packages/airflow/example_dags/example_short_circuit_decorator.py
[2023-08-24T15:55:21.916+0100] {processor.py:839} INFO - DAG(s) dict_keys(['example_short_circuit_decorator']) retrieved from /home/samuel/dev/airflow_learning/venv/lib/python3.10/site-packages/airflow/example_dags/example_short_circuit_decorator.py
[2023-08-24T15:55:21.938+0100] {logging_mixin.py:151} INFO - [2023-08-24T15:55:21.938+0100] {dag.py:2907} INFO - Sync 1 DAGs
[2023-08-24T15:55:21.957+0100] {logging_mixin.py:151} INFO - [2023-08-24T15:55:21.957+0100] {dag.py:3677} INFO - Setting next_dagrun for example_short_circuit_decorator to 2023-08-23T14:55:21.956832+00:00, run_after=2023-08-24T14:55:21.956832+00:00
[2023-08-24T15:55:22.077+0100] {processor.py:179} INFO - Processing /home/samuel/dev/airflow_learning/venv/lib/python3.10/site-packages/airflow/example_dags/example_short_circuit_decorator.py took 0.192 seconds
[2023-08-24T15:56:17.625+0100] {processor.py:157} INFO - Started process (PID=7793) to work on /home/samuel/dev/airflow_learning/venv/lib/python3.10/site-packages/airflow/example_dags/example_short_circuit_decorator.py
[2023-08-24T15:56:17.637+0100] {processor.py:829} INFO - Processing file /home/samuel/dev/airflow_learning/venv/lib/python3.10/site-packages/airflow/example_dags/example_short_circuit_decorator.py for tasks to queue
[2023-08-24T15:56:17.638+0100] {logging_mixin.py:151} INFO - [2023-08-24T15:56:17.637+0100] {dagbag.py:539} INFO - Filling up the DagBag from /home/samuel/dev/airflow_learning/venv/lib/python3.10/site-packages/airflow/example_dags/example_short_circuit_decorator.py
[2023-08-24T15:56:17.651+0100] {processor.py:839} INFO - DAG(s) dict_keys(['example_short_circuit_decorator']) retrieved from /home/samuel/dev/airflow_learning/venv/lib/python3.10/site-packages/airflow/example_dags/example_short_circuit_decorator.py
[2023-08-24T15:56:17.673+0100] {logging_mixin.py:151} INFO - [2023-08-24T15:56:17.673+0100] {dag.py:2907} INFO - Sync 1 DAGs
[2023-08-24T15:56:17.694+0100] {logging_mixin.py:151} INFO - [2023-08-24T15:56:17.694+0100] {dag.py:3677} INFO - Setting next_dagrun for example_short_circuit_decorator to 2023-08-23T14:56:17.694008+00:00, run_after=2023-08-24T14:56:17.694008+00:00
[2023-08-24T15:56:17.844+0100] {processor.py:179} INFO - Processing /home/samuel/dev/airflow_learning/venv/lib/python3.10/site-packages/airflow/example_dags/example_short_circuit_decorator.py took 0.223 seconds
[2023-08-24T15:57:06.993+0100] {processor.py:157} INFO - Started process (PID=7867) to work on /home/samuel/dev/airflow_learning/venv/lib/python3.10/site-packages/airflow/example_dags/example_short_circuit_decorator.py
[2023-08-24T15:57:07.019+0100] {processor.py:829} INFO - Processing file /home/samuel/dev/airflow_learning/venv/lib/python3.10/site-packages/airflow/example_dags/example_short_circuit_decorator.py for tasks to queue
[2023-08-24T15:57:07.020+0100] {logging_mixin.py:151} INFO - [2023-08-24T15:57:07.020+0100] {dagbag.py:539} INFO - Filling up the DagBag from /home/samuel/dev/airflow_learning/venv/lib/python3.10/site-packages/airflow/example_dags/example_short_circuit_decorator.py
[2023-08-24T15:57:07.033+0100] {processor.py:839} INFO - DAG(s) dict_keys(['example_short_circuit_decorator']) retrieved from /home/samuel/dev/airflow_learning/venv/lib/python3.10/site-packages/airflow/example_dags/example_short_circuit_decorator.py
[2023-08-24T15:57:07.059+0100] {logging_mixin.py:151} INFO - [2023-08-24T15:57:07.059+0100] {dag.py:2907} INFO - Sync 1 DAGs
[2023-08-24T15:57:07.081+0100] {logging_mixin.py:151} INFO - [2023-08-24T15:57:07.080+0100] {dag.py:3677} INFO - Setting next_dagrun for example_short_circuit_decorator to 2023-08-23T14:57:07.080530+00:00, run_after=2023-08-24T14:57:07.080530+00:00
[2023-08-24T15:57:07.200+0100] {processor.py:179} INFO - Processing /home/samuel/dev/airflow_learning/venv/lib/python3.10/site-packages/airflow/example_dags/example_short_circuit_decorator.py took 0.210 seconds
[2023-08-24T15:58:00.457+0100] {processor.py:157} INFO - Started process (PID=7919) to work on /home/samuel/dev/airflow_learning/venv/lib/python3.10/site-packages/airflow/example_dags/example_short_circuit_decorator.py
[2023-08-24T15:58:00.490+0100] {processor.py:829} INFO - Processing file /home/samuel/dev/airflow_learning/venv/lib/python3.10/site-packages/airflow/example_dags/example_short_circuit_decorator.py for tasks to queue
[2023-08-24T15:58:00.491+0100] {logging_mixin.py:151} INFO - [2023-08-24T15:58:00.491+0100] {dagbag.py:539} INFO - Filling up the DagBag from /home/samuel/dev/airflow_learning/venv/lib/python3.10/site-packages/airflow/example_dags/example_short_circuit_decorator.py
[2023-08-24T15:58:00.502+0100] {processor.py:839} INFO - DAG(s) dict_keys(['example_short_circuit_decorator']) retrieved from /home/samuel/dev/airflow_learning/venv/lib/python3.10/site-packages/airflow/example_dags/example_short_circuit_decorator.py
[2023-08-24T15:58:00.520+0100] {logging_mixin.py:151} INFO - [2023-08-24T15:58:00.520+0100] {dag.py:2907} INFO - Sync 1 DAGs
[2023-08-24T15:58:00.540+0100] {logging_mixin.py:151} INFO - [2023-08-24T15:58:00.539+0100] {dag.py:3677} INFO - Setting next_dagrun for example_short_circuit_decorator to 2023-08-23T14:58:00.539665+00:00, run_after=2023-08-24T14:58:00.539665+00:00
[2023-08-24T15:58:00.660+0100] {processor.py:179} INFO - Processing /home/samuel/dev/airflow_learning/venv/lib/python3.10/site-packages/airflow/example_dags/example_short_circuit_decorator.py took 0.207 seconds
[2023-08-24T15:58:50.407+0100] {processor.py:157} INFO - Started process (PID=7972) to work on /home/samuel/dev/airflow_learning/venv/lib/python3.10/site-packages/airflow/example_dags/example_short_circuit_decorator.py
[2023-08-24T15:58:50.409+0100] {processor.py:829} INFO - Processing file /home/samuel/dev/airflow_learning/venv/lib/python3.10/site-packages/airflow/example_dags/example_short_circuit_decorator.py for tasks to queue
[2023-08-24T15:58:50.410+0100] {logging_mixin.py:151} INFO - [2023-08-24T15:58:50.410+0100] {dagbag.py:539} INFO - Filling up the DagBag from /home/samuel/dev/airflow_learning/venv/lib/python3.10/site-packages/airflow/example_dags/example_short_circuit_decorator.py
[2023-08-24T15:58:50.423+0100] {processor.py:839} INFO - DAG(s) dict_keys(['example_short_circuit_decorator']) retrieved from /home/samuel/dev/airflow_learning/venv/lib/python3.10/site-packages/airflow/example_dags/example_short_circuit_decorator.py
[2023-08-24T15:58:50.443+0100] {logging_mixin.py:151} INFO - [2023-08-24T15:58:50.443+0100] {dag.py:2907} INFO - Sync 1 DAGs
[2023-08-24T15:58:50.463+0100] {logging_mixin.py:151} INFO - [2023-08-24T15:58:50.462+0100] {dag.py:3677} INFO - Setting next_dagrun for example_short_circuit_decorator to 2023-08-23T14:58:50.462566+00:00, run_after=2023-08-24T14:58:50.462566+00:00
[2023-08-24T15:58:50.597+0100] {processor.py:179} INFO - Processing /home/samuel/dev/airflow_learning/venv/lib/python3.10/site-packages/airflow/example_dags/example_short_circuit_decorator.py took 0.194 seconds
[2023-08-24T15:59:50.346+0100] {processor.py:157} INFO - Started process (PID=8210) to work on /home/samuel/dev/airflow_learning/venv/lib/python3.10/site-packages/airflow/example_dags/example_short_circuit_decorator.py
[2023-08-24T15:59:50.400+0100] {processor.py:829} INFO - Processing file /home/samuel/dev/airflow_learning/venv/lib/python3.10/site-packages/airflow/example_dags/example_short_circuit_decorator.py for tasks to queue
[2023-08-24T15:59:50.401+0100] {logging_mixin.py:151} INFO - [2023-08-24T15:59:50.400+0100] {dagbag.py:539} INFO - Filling up the DagBag from /home/samuel/dev/airflow_learning/venv/lib/python3.10/site-packages/airflow/example_dags/example_short_circuit_decorator.py
[2023-08-24T15:59:50.415+0100] {processor.py:839} INFO - DAG(s) dict_keys(['example_short_circuit_decorator']) retrieved from /home/samuel/dev/airflow_learning/venv/lib/python3.10/site-packages/airflow/example_dags/example_short_circuit_decorator.py
[2023-08-24T15:59:50.440+0100] {logging_mixin.py:151} INFO - [2023-08-24T15:59:50.440+0100] {dag.py:2907} INFO - Sync 1 DAGs
[2023-08-24T15:59:50.463+0100] {logging_mixin.py:151} INFO - [2023-08-24T15:59:50.463+0100] {dag.py:3677} INFO - Setting next_dagrun for example_short_circuit_decorator to 2023-08-23T14:59:50.463057+00:00, run_after=2023-08-24T14:59:50.463057+00:00
[2023-08-24T15:59:50.571+0100] {processor.py:179} INFO - Processing /home/samuel/dev/airflow_learning/venv/lib/python3.10/site-packages/airflow/example_dags/example_short_circuit_decorator.py took 0.229 seconds
[2023-08-24T16:00:44.392+0100] {processor.py:157} INFO - Started process (PID=8310) to work on /home/samuel/dev/airflow_learning/venv/lib/python3.10/site-packages/airflow/example_dags/example_short_circuit_decorator.py
[2023-08-24T16:00:44.393+0100] {processor.py:829} INFO - Processing file /home/samuel/dev/airflow_learning/venv/lib/python3.10/site-packages/airflow/example_dags/example_short_circuit_decorator.py for tasks to queue
[2023-08-24T16:00:44.394+0100] {logging_mixin.py:151} INFO - [2023-08-24T16:00:44.394+0100] {dagbag.py:539} INFO - Filling up the DagBag from /home/samuel/dev/airflow_learning/venv/lib/python3.10/site-packages/airflow/example_dags/example_short_circuit_decorator.py
[2023-08-24T16:00:44.408+0100] {processor.py:839} INFO - DAG(s) dict_keys(['example_short_circuit_decorator']) retrieved from /home/samuel/dev/airflow_learning/venv/lib/python3.10/site-packages/airflow/example_dags/example_short_circuit_decorator.py
[2023-08-24T16:00:44.428+0100] {logging_mixin.py:151} INFO - [2023-08-24T16:00:44.428+0100] {dag.py:2907} INFO - Sync 1 DAGs
[2023-08-24T16:00:44.447+0100] {logging_mixin.py:151} INFO - [2023-08-24T16:00:44.447+0100] {dag.py:3677} INFO - Setting next_dagrun for example_short_circuit_decorator to 2023-08-23T15:00:44.447046+00:00, run_after=2023-08-24T15:00:44.447046+00:00
[2023-08-24T16:00:44.550+0100] {processor.py:179} INFO - Processing /home/samuel/dev/airflow_learning/venv/lib/python3.10/site-packages/airflow/example_dags/example_short_circuit_decorator.py took 0.164 seconds
[2023-08-24T16:01:38.953+0100] {processor.py:157} INFO - Started process (PID=8390) to work on /home/samuel/dev/airflow_learning/venv/lib/python3.10/site-packages/airflow/example_dags/example_short_circuit_decorator.py
[2023-08-24T16:01:38.967+0100] {processor.py:829} INFO - Processing file /home/samuel/dev/airflow_learning/venv/lib/python3.10/site-packages/airflow/example_dags/example_short_circuit_decorator.py for tasks to queue
[2023-08-24T16:01:38.968+0100] {logging_mixin.py:151} INFO - [2023-08-24T16:01:38.967+0100] {dagbag.py:539} INFO - Filling up the DagBag from /home/samuel/dev/airflow_learning/venv/lib/python3.10/site-packages/airflow/example_dags/example_short_circuit_decorator.py
[2023-08-24T16:01:38.981+0100] {processor.py:839} INFO - DAG(s) dict_keys(['example_short_circuit_decorator']) retrieved from /home/samuel/dev/airflow_learning/venv/lib/python3.10/site-packages/airflow/example_dags/example_short_circuit_decorator.py
[2023-08-24T16:01:39.003+0100] {logging_mixin.py:151} INFO - [2023-08-24T16:01:39.002+0100] {dag.py:2907} INFO - Sync 1 DAGs
[2023-08-24T16:01:39.023+0100] {logging_mixin.py:151} INFO - [2023-08-24T16:01:39.023+0100] {dag.py:3677} INFO - Setting next_dagrun for example_short_circuit_decorator to 2023-08-23T15:01:39.023227+00:00, run_after=2023-08-24T15:01:39.023227+00:00
[2023-08-24T16:01:39.242+0100] {processor.py:179} INFO - Processing /home/samuel/dev/airflow_learning/venv/lib/python3.10/site-packages/airflow/example_dags/example_short_circuit_decorator.py took 0.293 seconds
[2023-08-24T16:02:32.077+0100] {processor.py:157} INFO - Started process (PID=8466) to work on /home/samuel/dev/airflow_learning/venv/lib/python3.10/site-packages/airflow/example_dags/example_short_circuit_decorator.py
[2023-08-24T16:02:32.093+0100] {processor.py:829} INFO - Processing file /home/samuel/dev/airflow_learning/venv/lib/python3.10/site-packages/airflow/example_dags/example_short_circuit_decorator.py for tasks to queue
[2023-08-24T16:02:32.094+0100] {logging_mixin.py:151} INFO - [2023-08-24T16:02:32.094+0100] {dagbag.py:539} INFO - Filling up the DagBag from /home/samuel/dev/airflow_learning/venv/lib/python3.10/site-packages/airflow/example_dags/example_short_circuit_decorator.py
[2023-08-24T16:02:32.108+0100] {processor.py:839} INFO - DAG(s) dict_keys(['example_short_circuit_decorator']) retrieved from /home/samuel/dev/airflow_learning/venv/lib/python3.10/site-packages/airflow/example_dags/example_short_circuit_decorator.py
[2023-08-24T16:02:32.130+0100] {logging_mixin.py:151} INFO - [2023-08-24T16:02:32.130+0100] {dag.py:2907} INFO - Sync 1 DAGs
[2023-08-24T16:02:32.153+0100] {logging_mixin.py:151} INFO - [2023-08-24T16:02:32.153+0100] {dag.py:3677} INFO - Setting next_dagrun for example_short_circuit_decorator to 2023-08-23T15:02:32.152968+00:00, run_after=2023-08-24T15:02:32.152968+00:00
[2023-08-24T16:02:32.761+0100] {processor.py:179} INFO - Processing /home/samuel/dev/airflow_learning/venv/lib/python3.10/site-packages/airflow/example_dags/example_short_circuit_decorator.py took 0.687 seconds
[2023-08-24T16:03:23.335+0100] {processor.py:157} INFO - Started process (PID=8534) to work on /home/samuel/dev/airflow_learning/venv/lib/python3.10/site-packages/airflow/example_dags/example_short_circuit_decorator.py
[2023-08-24T16:03:23.338+0100] {processor.py:829} INFO - Processing file /home/samuel/dev/airflow_learning/venv/lib/python3.10/site-packages/airflow/example_dags/example_short_circuit_decorator.py for tasks to queue
[2023-08-24T16:03:23.339+0100] {logging_mixin.py:151} INFO - [2023-08-24T16:03:23.339+0100] {dagbag.py:539} INFO - Filling up the DagBag from /home/samuel/dev/airflow_learning/venv/lib/python3.10/site-packages/airflow/example_dags/example_short_circuit_decorator.py
[2023-08-24T16:03:23.354+0100] {processor.py:839} INFO - DAG(s) dict_keys(['example_short_circuit_decorator']) retrieved from /home/samuel/dev/airflow_learning/venv/lib/python3.10/site-packages/airflow/example_dags/example_short_circuit_decorator.py
[2023-08-24T16:03:23.375+0100] {logging_mixin.py:151} INFO - [2023-08-24T16:03:23.374+0100] {dag.py:2907} INFO - Sync 1 DAGs
[2023-08-24T16:03:23.394+0100] {logging_mixin.py:151} INFO - [2023-08-24T16:03:23.394+0100] {dag.py:3677} INFO - Setting next_dagrun for example_short_circuit_decorator to 2023-08-23T15:03:23.394092+00:00, run_after=2023-08-24T15:03:23.394092+00:00
[2023-08-24T16:03:23.507+0100] {processor.py:179} INFO - Processing /home/samuel/dev/airflow_learning/venv/lib/python3.10/site-packages/airflow/example_dags/example_short_circuit_decorator.py took 0.177 seconds
[2023-08-24T16:04:16.939+0100] {processor.py:157} INFO - Started process (PID=8606) to work on /home/samuel/dev/airflow_learning/venv/lib/python3.10/site-packages/airflow/example_dags/example_short_circuit_decorator.py
[2023-08-24T16:04:16.941+0100] {processor.py:829} INFO - Processing file /home/samuel/dev/airflow_learning/venv/lib/python3.10/site-packages/airflow/example_dags/example_short_circuit_decorator.py for tasks to queue
[2023-08-24T16:04:16.942+0100] {logging_mixin.py:151} INFO - [2023-08-24T16:04:16.942+0100] {dagbag.py:539} INFO - Filling up the DagBag from /home/samuel/dev/airflow_learning/venv/lib/python3.10/site-packages/airflow/example_dags/example_short_circuit_decorator.py
[2023-08-24T16:04:16.955+0100] {processor.py:839} INFO - DAG(s) dict_keys(['example_short_circuit_decorator']) retrieved from /home/samuel/dev/airflow_learning/venv/lib/python3.10/site-packages/airflow/example_dags/example_short_circuit_decorator.py
[2023-08-24T16:04:16.975+0100] {logging_mixin.py:151} INFO - [2023-08-24T16:04:16.975+0100] {dag.py:2907} INFO - Sync 1 DAGs
[2023-08-24T16:04:16.994+0100] {logging_mixin.py:151} INFO - [2023-08-24T16:04:16.994+0100] {dag.py:3677} INFO - Setting next_dagrun for example_short_circuit_decorator to 2023-08-23T15:04:16.994373+00:00, run_after=2023-08-24T15:04:16.994373+00:00
[2023-08-24T16:04:17.114+0100] {processor.py:179} INFO - Processing /home/samuel/dev/airflow_learning/venv/lib/python3.10/site-packages/airflow/example_dags/example_short_circuit_decorator.py took 0.179 seconds
