[2023-08-24T15:21:59.856+0100] {processor.py:157} INFO - Started process (PID=5339) to work on /home/samuel/dev/airflow_learning/venv/lib/python3.10/site-packages/airflow/example_dags/example_trigger_target_dag.py
[2023-08-24T15:21:59.857+0100] {processor.py:829} INFO - Processing file /home/samuel/dev/airflow_learning/venv/lib/python3.10/site-packages/airflow/example_dags/example_trigger_target_dag.py for tasks to queue
[2023-08-24T15:21:59.858+0100] {logging_mixin.py:151} INFO - [2023-08-24T15:21:59.857+0100] {dagbag.py:539} INFO - Filling up the DagBag from /home/samuel/dev/airflow_learning/venv/lib/python3.10/site-packages/airflow/example_dags/example_trigger_target_dag.py
[2023-08-24T15:21:59.863+0100] {processor.py:839} INFO - DAG(s) dict_keys(['example_trigger_target_dag']) retrieved from /home/samuel/dev/airflow_learning/venv/lib/python3.10/site-packages/airflow/example_dags/example_trigger_target_dag.py
[2023-08-24T15:22:00.221+0100] {logging_mixin.py:151} INFO - [2023-08-24T15:22:00.220+0100] {manager.py:501} INFO - Created Permission View: can edit on DAG:example_trigger_target_dag
[2023-08-24T15:22:00.341+0100] {logging_mixin.py:151} INFO - [2023-08-24T15:22:00.341+0100] {manager.py:501} INFO - Created Permission View: can delete on DAG:example_trigger_target_dag
[2023-08-24T15:22:00.431+0100] {logging_mixin.py:151} INFO - [2023-08-24T15:22:00.430+0100] {manager.py:501} INFO - Created Permission View: can read on DAG:example_trigger_target_dag
[2023-08-24T15:22:00.463+0100] {logging_mixin.py:151} INFO - [2023-08-24T15:22:00.462+0100] {dag.py:2907} INFO - Sync 1 DAGs
[2023-08-24T15:22:00.487+0100] {logging_mixin.py:151} INFO - [2023-08-24T15:22:00.486+0100] {dag.py:2929} INFO - Creating ORM DAG for example_trigger_target_dag
[2023-08-24T15:22:00.488+0100] {logging_mixin.py:151} INFO - [2023-08-24T15:22:00.487+0100] {dag.py:3677} INFO - Setting next_dagrun for example_trigger_target_dag to None, run_after=None
[2023-08-24T15:22:00.658+0100] {processor.py:179} INFO - Processing /home/samuel/dev/airflow_learning/venv/lib/python3.10/site-packages/airflow/example_dags/example_trigger_target_dag.py took 0.805 seconds
[2023-08-24T15:23:25.314+0100] {processor.py:157} INFO - Started process (PID=5402) to work on /home/samuel/dev/airflow_learning/venv/lib/python3.10/site-packages/airflow/example_dags/example_trigger_target_dag.py
[2023-08-24T15:23:25.347+0100] {processor.py:829} INFO - Processing file /home/samuel/dev/airflow_learning/venv/lib/python3.10/site-packages/airflow/example_dags/example_trigger_target_dag.py for tasks to queue
[2023-08-24T15:23:25.349+0100] {logging_mixin.py:151} INFO - [2023-08-24T15:23:25.348+0100] {dagbag.py:539} INFO - Filling up the DagBag from /home/samuel/dev/airflow_learning/venv/lib/python3.10/site-packages/airflow/example_dags/example_trigger_target_dag.py
[2023-08-24T15:23:25.356+0100] {processor.py:839} INFO - DAG(s) dict_keys(['example_trigger_target_dag']) retrieved from /home/samuel/dev/airflow_learning/venv/lib/python3.10/site-packages/airflow/example_dags/example_trigger_target_dag.py
[2023-08-24T15:23:25.377+0100] {logging_mixin.py:151} INFO - [2023-08-24T15:23:25.377+0100] {dag.py:2907} INFO - Sync 1 DAGs
[2023-08-24T15:23:25.391+0100] {logging_mixin.py:151} INFO - [2023-08-24T15:23:25.391+0100] {dag.py:3677} INFO - Setting next_dagrun for example_trigger_target_dag to None, run_after=None
[2023-08-24T15:23:25.511+0100] {processor.py:179} INFO - Processing /home/samuel/dev/airflow_learning/venv/lib/python3.10/site-packages/airflow/example_dags/example_trigger_target_dag.py took 0.201 seconds
[2023-08-24T15:24:03.318+0100] {processor.py:157} INFO - Started process (PID=5446) to work on /home/samuel/dev/airflow_learning/venv/lib/python3.10/site-packages/airflow/example_dags/example_trigger_target_dag.py
[2023-08-24T15:24:03.328+0100] {processor.py:829} INFO - Processing file /home/samuel/dev/airflow_learning/venv/lib/python3.10/site-packages/airflow/example_dags/example_trigger_target_dag.py for tasks to queue
[2023-08-24T15:24:03.329+0100] {logging_mixin.py:151} INFO - [2023-08-24T15:24:03.329+0100] {dagbag.py:539} INFO - Filling up the DagBag from /home/samuel/dev/airflow_learning/venv/lib/python3.10/site-packages/airflow/example_dags/example_trigger_target_dag.py
[2023-08-24T15:24:03.336+0100] {processor.py:839} INFO - DAG(s) dict_keys(['example_trigger_target_dag']) retrieved from /home/samuel/dev/airflow_learning/venv/lib/python3.10/site-packages/airflow/example_dags/example_trigger_target_dag.py
[2023-08-24T15:24:03.356+0100] {logging_mixin.py:151} INFO - [2023-08-24T15:24:03.356+0100] {dag.py:2907} INFO - Sync 1 DAGs
[2023-08-24T15:24:03.368+0100] {logging_mixin.py:151} INFO - [2023-08-24T15:24:03.368+0100] {dag.py:3677} INFO - Setting next_dagrun for example_trigger_target_dag to None, run_after=None
[2023-08-24T15:24:03.489+0100] {processor.py:179} INFO - Processing /home/samuel/dev/airflow_learning/venv/lib/python3.10/site-packages/airflow/example_dags/example_trigger_target_dag.py took 0.174 seconds
[2023-08-24T15:24:55.105+0100] {processor.py:157} INFO - Started process (PID=5498) to work on /home/samuel/dev/airflow_learning/venv/lib/python3.10/site-packages/airflow/example_dags/example_trigger_target_dag.py
[2023-08-24T15:24:55.108+0100] {processor.py:829} INFO - Processing file /home/samuel/dev/airflow_learning/venv/lib/python3.10/site-packages/airflow/example_dags/example_trigger_target_dag.py for tasks to queue
[2023-08-24T15:24:55.108+0100] {logging_mixin.py:151} INFO - [2023-08-24T15:24:55.108+0100] {dagbag.py:539} INFO - Filling up the DagBag from /home/samuel/dev/airflow_learning/venv/lib/python3.10/site-packages/airflow/example_dags/example_trigger_target_dag.py
[2023-08-24T15:24:55.116+0100] {processor.py:839} INFO - DAG(s) dict_keys(['example_trigger_target_dag']) retrieved from /home/samuel/dev/airflow_learning/venv/lib/python3.10/site-packages/airflow/example_dags/example_trigger_target_dag.py
[2023-08-24T15:24:55.135+0100] {logging_mixin.py:151} INFO - [2023-08-24T15:24:55.135+0100] {dag.py:2907} INFO - Sync 1 DAGs
[2023-08-24T15:24:55.148+0100] {logging_mixin.py:151} INFO - [2023-08-24T15:24:55.147+0100] {dag.py:3677} INFO - Setting next_dagrun for example_trigger_target_dag to None, run_after=None
[2023-08-24T15:24:55.272+0100] {processor.py:179} INFO - Processing /home/samuel/dev/airflow_learning/venv/lib/python3.10/site-packages/airflow/example_dags/example_trigger_target_dag.py took 0.170 seconds
[2023-08-24T15:25:45.203+0100] {processor.py:157} INFO - Started process (PID=5547) to work on /home/samuel/dev/airflow_learning/venv/lib/python3.10/site-packages/airflow/example_dags/example_trigger_target_dag.py
[2023-08-24T15:25:45.205+0100] {processor.py:829} INFO - Processing file /home/samuel/dev/airflow_learning/venv/lib/python3.10/site-packages/airflow/example_dags/example_trigger_target_dag.py for tasks to queue
[2023-08-24T15:25:45.206+0100] {logging_mixin.py:151} INFO - [2023-08-24T15:25:45.206+0100] {dagbag.py:539} INFO - Filling up the DagBag from /home/samuel/dev/airflow_learning/venv/lib/python3.10/site-packages/airflow/example_dags/example_trigger_target_dag.py
[2023-08-24T15:25:45.213+0100] {processor.py:839} INFO - DAG(s) dict_keys(['example_trigger_target_dag']) retrieved from /home/samuel/dev/airflow_learning/venv/lib/python3.10/site-packages/airflow/example_dags/example_trigger_target_dag.py
[2023-08-24T15:25:45.231+0100] {logging_mixin.py:151} INFO - [2023-08-24T15:25:45.231+0100] {dag.py:2907} INFO - Sync 1 DAGs
[2023-08-24T15:25:45.244+0100] {logging_mixin.py:151} INFO - [2023-08-24T15:25:45.243+0100] {dag.py:3677} INFO - Setting next_dagrun for example_trigger_target_dag to None, run_after=None
[2023-08-24T15:25:45.388+0100] {processor.py:179} INFO - Processing /home/samuel/dev/airflow_learning/venv/lib/python3.10/site-packages/airflow/example_dags/example_trigger_target_dag.py took 0.188 seconds
[2023-08-24T15:26:42.091+0100] {processor.py:157} INFO - Started process (PID=5598) to work on /home/samuel/dev/airflow_learning/venv/lib/python3.10/site-packages/airflow/example_dags/example_trigger_target_dag.py
[2023-08-24T15:26:42.126+0100] {processor.py:829} INFO - Processing file /home/samuel/dev/airflow_learning/venv/lib/python3.10/site-packages/airflow/example_dags/example_trigger_target_dag.py for tasks to queue
[2023-08-24T15:26:42.127+0100] {logging_mixin.py:151} INFO - [2023-08-24T15:26:42.126+0100] {dagbag.py:539} INFO - Filling up the DagBag from /home/samuel/dev/airflow_learning/venv/lib/python3.10/site-packages/airflow/example_dags/example_trigger_target_dag.py
[2023-08-24T15:26:42.134+0100] {processor.py:839} INFO - DAG(s) dict_keys(['example_trigger_target_dag']) retrieved from /home/samuel/dev/airflow_learning/venv/lib/python3.10/site-packages/airflow/example_dags/example_trigger_target_dag.py
[2023-08-24T15:26:42.152+0100] {logging_mixin.py:151} INFO - [2023-08-24T15:26:42.151+0100] {dag.py:2907} INFO - Sync 1 DAGs
[2023-08-24T15:26:42.163+0100] {logging_mixin.py:151} INFO - [2023-08-24T15:26:42.163+0100] {dag.py:3677} INFO - Setting next_dagrun for example_trigger_target_dag to None, run_after=None
[2023-08-24T15:26:42.265+0100] {processor.py:179} INFO - Processing /home/samuel/dev/airflow_learning/venv/lib/python3.10/site-packages/airflow/example_dags/example_trigger_target_dag.py took 0.177 seconds
[2023-08-24T15:27:33.916+0100] {processor.py:157} INFO - Started process (PID=5649) to work on /home/samuel/dev/airflow_learning/venv/lib/python3.10/site-packages/airflow/example_dags/example_trigger_target_dag.py
[2023-08-24T15:27:33.917+0100] {processor.py:829} INFO - Processing file /home/samuel/dev/airflow_learning/venv/lib/python3.10/site-packages/airflow/example_dags/example_trigger_target_dag.py for tasks to queue
[2023-08-24T15:27:33.918+0100] {logging_mixin.py:151} INFO - [2023-08-24T15:27:33.918+0100] {dagbag.py:539} INFO - Filling up the DagBag from /home/samuel/dev/airflow_learning/venv/lib/python3.10/site-packages/airflow/example_dags/example_trigger_target_dag.py
[2023-08-24T15:27:33.927+0100] {processor.py:839} INFO - DAG(s) dict_keys(['example_trigger_target_dag']) retrieved from /home/samuel/dev/airflow_learning/venv/lib/python3.10/site-packages/airflow/example_dags/example_trigger_target_dag.py
[2023-08-24T15:27:33.950+0100] {logging_mixin.py:151} INFO - [2023-08-24T15:27:33.950+0100] {dag.py:2907} INFO - Sync 1 DAGs
[2023-08-24T15:27:33.965+0100] {logging_mixin.py:151} INFO - [2023-08-24T15:27:33.964+0100] {dag.py:3677} INFO - Setting next_dagrun for example_trigger_target_dag to None, run_after=None
[2023-08-24T15:27:34.070+0100] {processor.py:179} INFO - Processing /home/samuel/dev/airflow_learning/venv/lib/python3.10/site-packages/airflow/example_dags/example_trigger_target_dag.py took 0.159 seconds
[2023-08-24T15:28:30.148+0100] {processor.py:157} INFO - Started process (PID=5711) to work on /home/samuel/dev/airflow_learning/venv/lib/python3.10/site-packages/airflow/example_dags/example_trigger_target_dag.py
[2023-08-24T15:28:30.214+0100] {processor.py:829} INFO - Processing file /home/samuel/dev/airflow_learning/venv/lib/python3.10/site-packages/airflow/example_dags/example_trigger_target_dag.py for tasks to queue
[2023-08-24T15:28:30.215+0100] {logging_mixin.py:151} INFO - [2023-08-24T15:28:30.215+0100] {dagbag.py:539} INFO - Filling up the DagBag from /home/samuel/dev/airflow_learning/venv/lib/python3.10/site-packages/airflow/example_dags/example_trigger_target_dag.py
[2023-08-24T15:28:30.223+0100] {processor.py:839} INFO - DAG(s) dict_keys(['example_trigger_target_dag']) retrieved from /home/samuel/dev/airflow_learning/venv/lib/python3.10/site-packages/airflow/example_dags/example_trigger_target_dag.py
[2023-08-24T15:28:30.244+0100] {logging_mixin.py:151} INFO - [2023-08-24T15:28:30.243+0100] {dag.py:2907} INFO - Sync 1 DAGs
[2023-08-24T15:28:30.258+0100] {logging_mixin.py:151} INFO - [2023-08-24T15:28:30.258+0100] {dag.py:3677} INFO - Setting next_dagrun for example_trigger_target_dag to None, run_after=None
[2023-08-24T15:28:30.367+0100] {processor.py:179} INFO - Processing /home/samuel/dev/airflow_learning/venv/lib/python3.10/site-packages/airflow/example_dags/example_trigger_target_dag.py took 0.222 seconds
[2023-08-24T15:29:22.956+0100] {processor.py:157} INFO - Started process (PID=5776) to work on /home/samuel/dev/airflow_learning/venv/lib/python3.10/site-packages/airflow/example_dags/example_trigger_target_dag.py
[2023-08-24T15:29:22.985+0100] {processor.py:829} INFO - Processing file /home/samuel/dev/airflow_learning/venv/lib/python3.10/site-packages/airflow/example_dags/example_trigger_target_dag.py for tasks to queue
[2023-08-24T15:29:22.986+0100] {logging_mixin.py:151} INFO - [2023-08-24T15:29:22.986+0100] {dagbag.py:539} INFO - Filling up the DagBag from /home/samuel/dev/airflow_learning/venv/lib/python3.10/site-packages/airflow/example_dags/example_trigger_target_dag.py
[2023-08-24T15:29:22.993+0100] {processor.py:839} INFO - DAG(s) dict_keys(['example_trigger_target_dag']) retrieved from /home/samuel/dev/airflow_learning/venv/lib/python3.10/site-packages/airflow/example_dags/example_trigger_target_dag.py
[2023-08-24T15:29:23.014+0100] {logging_mixin.py:151} INFO - [2023-08-24T15:29:23.014+0100] {dag.py:2907} INFO - Sync 1 DAGs
[2023-08-24T15:29:23.028+0100] {logging_mixin.py:151} INFO - [2023-08-24T15:29:23.027+0100] {dag.py:3677} INFO - Setting next_dagrun for example_trigger_target_dag to None, run_after=None
[2023-08-24T15:29:23.127+0100] {processor.py:179} INFO - Processing /home/samuel/dev/airflow_learning/venv/lib/python3.10/site-packages/airflow/example_dags/example_trigger_target_dag.py took 0.174 seconds
[2023-08-24T15:30:51.923+0100] {processor.py:157} INFO - Started process (PID=5953) to work on /home/samuel/dev/airflow_learning/venv/lib/python3.10/site-packages/airflow/example_dags/example_trigger_target_dag.py
[2023-08-24T15:30:51.950+0100] {processor.py:829} INFO - Processing file /home/samuel/dev/airflow_learning/venv/lib/python3.10/site-packages/airflow/example_dags/example_trigger_target_dag.py for tasks to queue
[2023-08-24T15:30:51.952+0100] {logging_mixin.py:151} INFO - [2023-08-24T15:30:51.951+0100] {dagbag.py:539} INFO - Filling up the DagBag from /home/samuel/dev/airflow_learning/venv/lib/python3.10/site-packages/airflow/example_dags/example_trigger_target_dag.py
[2023-08-24T15:30:51.959+0100] {processor.py:839} INFO - DAG(s) dict_keys(['example_trigger_target_dag']) retrieved from /home/samuel/dev/airflow_learning/venv/lib/python3.10/site-packages/airflow/example_dags/example_trigger_target_dag.py
[2023-08-24T15:30:51.979+0100] {logging_mixin.py:151} INFO - [2023-08-24T15:30:51.979+0100] {dag.py:2907} INFO - Sync 1 DAGs
[2023-08-24T15:30:51.994+0100] {logging_mixin.py:151} INFO - [2023-08-24T15:30:51.994+0100] {dag.py:3677} INFO - Setting next_dagrun for example_trigger_target_dag to None, run_after=None
[2023-08-24T15:30:52.241+0100] {processor.py:179} INFO - Processing /home/samuel/dev/airflow_learning/venv/lib/python3.10/site-packages/airflow/example_dags/example_trigger_target_dag.py took 0.322 seconds
[2023-08-24T15:31:45.071+0100] {processor.py:157} INFO - Started process (PID=6052) to work on /home/samuel/dev/airflow_learning/venv/lib/python3.10/site-packages/airflow/example_dags/example_trigger_target_dag.py
[2023-08-24T15:31:45.110+0100] {processor.py:829} INFO - Processing file /home/samuel/dev/airflow_learning/venv/lib/python3.10/site-packages/airflow/example_dags/example_trigger_target_dag.py for tasks to queue
[2023-08-24T15:31:45.111+0100] {logging_mixin.py:151} INFO - [2023-08-24T15:31:45.111+0100] {dagbag.py:539} INFO - Filling up the DagBag from /home/samuel/dev/airflow_learning/venv/lib/python3.10/site-packages/airflow/example_dags/example_trigger_target_dag.py
[2023-08-24T15:31:45.118+0100] {processor.py:839} INFO - DAG(s) dict_keys(['example_trigger_target_dag']) retrieved from /home/samuel/dev/airflow_learning/venv/lib/python3.10/site-packages/airflow/example_dags/example_trigger_target_dag.py
[2023-08-24T15:31:45.138+0100] {logging_mixin.py:151} INFO - [2023-08-24T15:31:45.137+0100] {dag.py:2907} INFO - Sync 1 DAGs
[2023-08-24T15:31:45.150+0100] {logging_mixin.py:151} INFO - [2023-08-24T15:31:45.150+0100] {dag.py:3677} INFO - Setting next_dagrun for example_trigger_target_dag to None, run_after=None
[2023-08-24T15:31:45.303+0100] {processor.py:179} INFO - Processing /home/samuel/dev/airflow_learning/venv/lib/python3.10/site-packages/airflow/example_dags/example_trigger_target_dag.py took 0.236 seconds
[2023-08-24T15:32:38.815+0100] {processor.py:157} INFO - Started process (PID=6109) to work on /home/samuel/dev/airflow_learning/venv/lib/python3.10/site-packages/airflow/example_dags/example_trigger_target_dag.py
[2023-08-24T15:32:38.837+0100] {processor.py:829} INFO - Processing file /home/samuel/dev/airflow_learning/venv/lib/python3.10/site-packages/airflow/example_dags/example_trigger_target_dag.py for tasks to queue
[2023-08-24T15:32:38.838+0100] {logging_mixin.py:151} INFO - [2023-08-24T15:32:38.837+0100] {dagbag.py:539} INFO - Filling up the DagBag from /home/samuel/dev/airflow_learning/venv/lib/python3.10/site-packages/airflow/example_dags/example_trigger_target_dag.py
[2023-08-24T15:32:38.843+0100] {processor.py:839} INFO - DAG(s) dict_keys(['example_trigger_target_dag']) retrieved from /home/samuel/dev/airflow_learning/venv/lib/python3.10/site-packages/airflow/example_dags/example_trigger_target_dag.py
[2023-08-24T15:32:38.860+0100] {logging_mixin.py:151} INFO - [2023-08-24T15:32:38.860+0100] {dag.py:2907} INFO - Sync 1 DAGs
[2023-08-24T15:32:38.872+0100] {logging_mixin.py:151} INFO - [2023-08-24T15:32:38.872+0100] {dag.py:3677} INFO - Setting next_dagrun for example_trigger_target_dag to None, run_after=None
[2023-08-24T15:32:38.989+0100] {processor.py:179} INFO - Processing /home/samuel/dev/airflow_learning/venv/lib/python3.10/site-packages/airflow/example_dags/example_trigger_target_dag.py took 0.178 seconds
[2023-08-24T15:33:32.002+0100] {processor.py:157} INFO - Started process (PID=6169) to work on /home/samuel/dev/airflow_learning/venv/lib/python3.10/site-packages/airflow/example_dags/example_trigger_target_dag.py
[2023-08-24T15:33:32.030+0100] {processor.py:829} INFO - Processing file /home/samuel/dev/airflow_learning/venv/lib/python3.10/site-packages/airflow/example_dags/example_trigger_target_dag.py for tasks to queue
[2023-08-24T15:33:32.031+0100] {logging_mixin.py:151} INFO - [2023-08-24T15:33:32.031+0100] {dagbag.py:539} INFO - Filling up the DagBag from /home/samuel/dev/airflow_learning/venv/lib/python3.10/site-packages/airflow/example_dags/example_trigger_target_dag.py
[2023-08-24T15:33:32.039+0100] {processor.py:839} INFO - DAG(s) dict_keys(['example_trigger_target_dag']) retrieved from /home/samuel/dev/airflow_learning/venv/lib/python3.10/site-packages/airflow/example_dags/example_trigger_target_dag.py
[2023-08-24T15:33:32.059+0100] {logging_mixin.py:151} INFO - [2023-08-24T15:33:32.059+0100] {dag.py:2907} INFO - Sync 1 DAGs
[2023-08-24T15:33:32.072+0100] {logging_mixin.py:151} INFO - [2023-08-24T15:33:32.072+0100] {dag.py:3677} INFO - Setting next_dagrun for example_trigger_target_dag to None, run_after=None
[2023-08-24T15:33:32.189+0100] {processor.py:179} INFO - Processing /home/samuel/dev/airflow_learning/venv/lib/python3.10/site-packages/airflow/example_dags/example_trigger_target_dag.py took 0.191 seconds
[2023-08-24T15:34:36.674+0100] {processor.py:157} INFO - Started process (PID=6232) to work on /home/samuel/dev/airflow_learning/venv/lib/python3.10/site-packages/airflow/example_dags/example_trigger_target_dag.py
[2023-08-24T15:34:36.702+0100] {processor.py:829} INFO - Processing file /home/samuel/dev/airflow_learning/venv/lib/python3.10/site-packages/airflow/example_dags/example_trigger_target_dag.py for tasks to queue
[2023-08-24T15:34:36.703+0100] {logging_mixin.py:151} INFO - [2023-08-24T15:34:36.702+0100] {dagbag.py:539} INFO - Filling up the DagBag from /home/samuel/dev/airflow_learning/venv/lib/python3.10/site-packages/airflow/example_dags/example_trigger_target_dag.py
[2023-08-24T15:34:36.710+0100] {processor.py:839} INFO - DAG(s) dict_keys(['example_trigger_target_dag']) retrieved from /home/samuel/dev/airflow_learning/venv/lib/python3.10/site-packages/airflow/example_dags/example_trigger_target_dag.py
[2023-08-24T15:34:36.733+0100] {logging_mixin.py:151} INFO - [2023-08-24T15:34:36.732+0100] {dag.py:2907} INFO - Sync 1 DAGs
[2023-08-24T15:34:36.746+0100] {logging_mixin.py:151} INFO - [2023-08-24T15:34:36.746+0100] {dag.py:3677} INFO - Setting next_dagrun for example_trigger_target_dag to None, run_after=None
[2023-08-24T15:34:36.863+0100] {processor.py:179} INFO - Processing /home/samuel/dev/airflow_learning/venv/lib/python3.10/site-packages/airflow/example_dags/example_trigger_target_dag.py took 0.192 seconds
[2023-08-24T15:35:38.186+0100] {processor.py:157} INFO - Started process (PID=6300) to work on /home/samuel/dev/airflow_learning/venv/lib/python3.10/site-packages/airflow/example_dags/example_trigger_target_dag.py
[2023-08-24T15:35:38.204+0100] {processor.py:829} INFO - Processing file /home/samuel/dev/airflow_learning/venv/lib/python3.10/site-packages/airflow/example_dags/example_trigger_target_dag.py for tasks to queue
[2023-08-24T15:35:38.205+0100] {logging_mixin.py:151} INFO - [2023-08-24T15:35:38.204+0100] {dagbag.py:539} INFO - Filling up the DagBag from /home/samuel/dev/airflow_learning/venv/lib/python3.10/site-packages/airflow/example_dags/example_trigger_target_dag.py
[2023-08-24T15:35:38.212+0100] {processor.py:839} INFO - DAG(s) dict_keys(['example_trigger_target_dag']) retrieved from /home/samuel/dev/airflow_learning/venv/lib/python3.10/site-packages/airflow/example_dags/example_trigger_target_dag.py
[2023-08-24T15:35:38.233+0100] {logging_mixin.py:151} INFO - [2023-08-24T15:35:38.233+0100] {dag.py:2907} INFO - Sync 1 DAGs
[2023-08-24T15:35:38.247+0100] {logging_mixin.py:151} INFO - [2023-08-24T15:35:38.247+0100] {dag.py:3677} INFO - Setting next_dagrun for example_trigger_target_dag to None, run_after=None
[2023-08-24T15:35:38.355+0100] {processor.py:179} INFO - Processing /home/samuel/dev/airflow_learning/venv/lib/python3.10/site-packages/airflow/example_dags/example_trigger_target_dag.py took 0.173 seconds
[2023-08-24T15:36:33.542+0100] {processor.py:157} INFO - Started process (PID=6359) to work on /home/samuel/dev/airflow_learning/venv/lib/python3.10/site-packages/airflow/example_dags/example_trigger_target_dag.py
[2023-08-24T15:36:33.543+0100] {processor.py:829} INFO - Processing file /home/samuel/dev/airflow_learning/venv/lib/python3.10/site-packages/airflow/example_dags/example_trigger_target_dag.py for tasks to queue
[2023-08-24T15:36:33.544+0100] {logging_mixin.py:151} INFO - [2023-08-24T15:36:33.544+0100] {dagbag.py:539} INFO - Filling up the DagBag from /home/samuel/dev/airflow_learning/venv/lib/python3.10/site-packages/airflow/example_dags/example_trigger_target_dag.py
[2023-08-24T15:36:33.552+0100] {processor.py:839} INFO - DAG(s) dict_keys(['example_trigger_target_dag']) retrieved from /home/samuel/dev/airflow_learning/venv/lib/python3.10/site-packages/airflow/example_dags/example_trigger_target_dag.py
[2023-08-24T15:36:33.570+0100] {logging_mixin.py:151} INFO - [2023-08-24T15:36:33.570+0100] {dag.py:2907} INFO - Sync 1 DAGs
[2023-08-24T15:36:33.582+0100] {logging_mixin.py:151} INFO - [2023-08-24T15:36:33.582+0100] {dag.py:3677} INFO - Setting next_dagrun for example_trigger_target_dag to None, run_after=None
[2023-08-24T15:36:33.698+0100] {processor.py:179} INFO - Processing /home/samuel/dev/airflow_learning/venv/lib/python3.10/site-packages/airflow/example_dags/example_trigger_target_dag.py took 0.160 seconds
[2023-08-24T15:37:45.634+0100] {processor.py:157} INFO - Started process (PID=6420) to work on /home/samuel/dev/airflow_learning/venv/lib/python3.10/site-packages/airflow/example_dags/example_trigger_target_dag.py
[2023-08-24T15:37:45.676+0100] {processor.py:829} INFO - Processing file /home/samuel/dev/airflow_learning/venv/lib/python3.10/site-packages/airflow/example_dags/example_trigger_target_dag.py for tasks to queue
[2023-08-24T15:37:45.677+0100] {logging_mixin.py:151} INFO - [2023-08-24T15:37:45.677+0100] {dagbag.py:539} INFO - Filling up the DagBag from /home/samuel/dev/airflow_learning/venv/lib/python3.10/site-packages/airflow/example_dags/example_trigger_target_dag.py
[2023-08-24T15:37:45.684+0100] {processor.py:839} INFO - DAG(s) dict_keys(['example_trigger_target_dag']) retrieved from /home/samuel/dev/airflow_learning/venv/lib/python3.10/site-packages/airflow/example_dags/example_trigger_target_dag.py
[2023-08-24T15:37:45.704+0100] {logging_mixin.py:151} INFO - [2023-08-24T15:37:45.704+0100] {dag.py:2907} INFO - Sync 1 DAGs
[2023-08-24T15:37:45.718+0100] {logging_mixin.py:151} INFO - [2023-08-24T15:37:45.718+0100] {dag.py:3677} INFO - Setting next_dagrun for example_trigger_target_dag to None, run_after=None
[2023-08-24T15:37:45.825+0100] {processor.py:179} INFO - Processing /home/samuel/dev/airflow_learning/venv/lib/python3.10/site-packages/airflow/example_dags/example_trigger_target_dag.py took 0.194 seconds
[2023-08-24T15:38:21.666+0100] {processor.py:157} INFO - Started process (PID=6457) to work on /home/samuel/dev/airflow_learning/venv/lib/python3.10/site-packages/airflow/example_dags/example_trigger_target_dag.py
[2023-08-24T15:38:21.667+0100] {processor.py:829} INFO - Processing file /home/samuel/dev/airflow_learning/venv/lib/python3.10/site-packages/airflow/example_dags/example_trigger_target_dag.py for tasks to queue
[2023-08-24T15:38:21.668+0100] {logging_mixin.py:151} INFO - [2023-08-24T15:38:21.668+0100] {dagbag.py:539} INFO - Filling up the DagBag from /home/samuel/dev/airflow_learning/venv/lib/python3.10/site-packages/airflow/example_dags/example_trigger_target_dag.py
[2023-08-24T15:38:21.675+0100] {processor.py:839} INFO - DAG(s) dict_keys(['example_trigger_target_dag']) retrieved from /home/samuel/dev/airflow_learning/venv/lib/python3.10/site-packages/airflow/example_dags/example_trigger_target_dag.py
[2023-08-24T15:38:21.694+0100] {logging_mixin.py:151} INFO - [2023-08-24T15:38:21.693+0100] {dag.py:2907} INFO - Sync 1 DAGs
[2023-08-24T15:38:21.705+0100] {logging_mixin.py:151} INFO - [2023-08-24T15:38:21.705+0100] {dag.py:3677} INFO - Setting next_dagrun for example_trigger_target_dag to None, run_after=None
[2023-08-24T15:38:21.916+0100] {processor.py:179} INFO - Processing /home/samuel/dev/airflow_learning/venv/lib/python3.10/site-packages/airflow/example_dags/example_trigger_target_dag.py took 0.254 seconds
[2023-08-24T15:39:17.849+0100] {processor.py:157} INFO - Started process (PID=6509) to work on /home/samuel/dev/airflow_learning/venv/lib/python3.10/site-packages/airflow/example_dags/example_trigger_target_dag.py
[2023-08-24T15:39:17.851+0100] {processor.py:829} INFO - Processing file /home/samuel/dev/airflow_learning/venv/lib/python3.10/site-packages/airflow/example_dags/example_trigger_target_dag.py for tasks to queue
[2023-08-24T15:39:17.852+0100] {logging_mixin.py:151} INFO - [2023-08-24T15:39:17.851+0100] {dagbag.py:539} INFO - Filling up the DagBag from /home/samuel/dev/airflow_learning/venv/lib/python3.10/site-packages/airflow/example_dags/example_trigger_target_dag.py
[2023-08-24T15:39:17.859+0100] {processor.py:839} INFO - DAG(s) dict_keys(['example_trigger_target_dag']) retrieved from /home/samuel/dev/airflow_learning/venv/lib/python3.10/site-packages/airflow/example_dags/example_trigger_target_dag.py
[2023-08-24T15:39:17.878+0100] {logging_mixin.py:151} INFO - [2023-08-24T15:39:17.878+0100] {dag.py:2907} INFO - Sync 1 DAGs
[2023-08-24T15:39:17.891+0100] {logging_mixin.py:151} INFO - [2023-08-24T15:39:17.891+0100] {dag.py:3677} INFO - Setting next_dagrun for example_trigger_target_dag to None, run_after=None
[2023-08-24T15:39:18.046+0100] {processor.py:179} INFO - Processing /home/samuel/dev/airflow_learning/venv/lib/python3.10/site-packages/airflow/example_dags/example_trigger_target_dag.py took 0.201 seconds
[2023-08-24T15:40:16.075+0100] {processor.py:157} INFO - Started process (PID=6583) to work on /home/samuel/dev/airflow_learning/venv/lib/python3.10/site-packages/airflow/example_dags/example_trigger_target_dag.py
[2023-08-24T15:40:16.118+0100] {processor.py:829} INFO - Processing file /home/samuel/dev/airflow_learning/venv/lib/python3.10/site-packages/airflow/example_dags/example_trigger_target_dag.py for tasks to queue
[2023-08-24T15:40:16.119+0100] {logging_mixin.py:151} INFO - [2023-08-24T15:40:16.119+0100] {dagbag.py:539} INFO - Filling up the DagBag from /home/samuel/dev/airflow_learning/venv/lib/python3.10/site-packages/airflow/example_dags/example_trigger_target_dag.py
[2023-08-24T15:40:16.126+0100] {processor.py:839} INFO - DAG(s) dict_keys(['example_trigger_target_dag']) retrieved from /home/samuel/dev/airflow_learning/venv/lib/python3.10/site-packages/airflow/example_dags/example_trigger_target_dag.py
[2023-08-24T15:40:16.144+0100] {logging_mixin.py:151} INFO - [2023-08-24T15:40:16.144+0100] {dag.py:2907} INFO - Sync 1 DAGs
[2023-08-24T15:40:16.157+0100] {logging_mixin.py:151} INFO - [2023-08-24T15:40:16.157+0100] {dag.py:3677} INFO - Setting next_dagrun for example_trigger_target_dag to None, run_after=None
[2023-08-24T15:40:16.277+0100] {processor.py:179} INFO - Processing /home/samuel/dev/airflow_learning/venv/lib/python3.10/site-packages/airflow/example_dags/example_trigger_target_dag.py took 0.206 seconds
[2023-08-24T15:41:13.155+0100] {processor.py:157} INFO - Started process (PID=6639) to work on /home/samuel/dev/airflow_learning/venv/lib/python3.10/site-packages/airflow/example_dags/example_trigger_target_dag.py
[2023-08-24T15:41:13.158+0100] {processor.py:829} INFO - Processing file /home/samuel/dev/airflow_learning/venv/lib/python3.10/site-packages/airflow/example_dags/example_trigger_target_dag.py for tasks to queue
[2023-08-24T15:41:13.159+0100] {logging_mixin.py:151} INFO - [2023-08-24T15:41:13.158+0100] {dagbag.py:539} INFO - Filling up the DagBag from /home/samuel/dev/airflow_learning/venv/lib/python3.10/site-packages/airflow/example_dags/example_trigger_target_dag.py
[2023-08-24T15:41:13.166+0100] {processor.py:839} INFO - DAG(s) dict_keys(['example_trigger_target_dag']) retrieved from /home/samuel/dev/airflow_learning/venv/lib/python3.10/site-packages/airflow/example_dags/example_trigger_target_dag.py
[2023-08-24T15:41:13.184+0100] {logging_mixin.py:151} INFO - [2023-08-24T15:41:13.184+0100] {dag.py:2907} INFO - Sync 1 DAGs
[2023-08-24T15:41:13.196+0100] {logging_mixin.py:151} INFO - [2023-08-24T15:41:13.196+0100] {dag.py:3677} INFO - Setting next_dagrun for example_trigger_target_dag to None, run_after=None
[2023-08-24T15:41:13.316+0100] {processor.py:179} INFO - Processing /home/samuel/dev/airflow_learning/venv/lib/python3.10/site-packages/airflow/example_dags/example_trigger_target_dag.py took 0.165 seconds
[2023-08-24T15:42:03.653+0100] {processor.py:157} INFO - Started process (PID=6691) to work on /home/samuel/dev/airflow_learning/venv/lib/python3.10/site-packages/airflow/example_dags/example_trigger_target_dag.py
[2023-08-24T15:42:03.655+0100] {processor.py:829} INFO - Processing file /home/samuel/dev/airflow_learning/venv/lib/python3.10/site-packages/airflow/example_dags/example_trigger_target_dag.py for tasks to queue
[2023-08-24T15:42:03.656+0100] {logging_mixin.py:151} INFO - [2023-08-24T15:42:03.655+0100] {dagbag.py:539} INFO - Filling up the DagBag from /home/samuel/dev/airflow_learning/venv/lib/python3.10/site-packages/airflow/example_dags/example_trigger_target_dag.py
[2023-08-24T15:42:03.663+0100] {processor.py:839} INFO - DAG(s) dict_keys(['example_trigger_target_dag']) retrieved from /home/samuel/dev/airflow_learning/venv/lib/python3.10/site-packages/airflow/example_dags/example_trigger_target_dag.py
[2023-08-24T15:42:03.681+0100] {logging_mixin.py:151} INFO - [2023-08-24T15:42:03.681+0100] {dag.py:2907} INFO - Sync 1 DAGs
[2023-08-24T15:42:03.694+0100] {logging_mixin.py:151} INFO - [2023-08-24T15:42:03.694+0100] {dag.py:3677} INFO - Setting next_dagrun for example_trigger_target_dag to None, run_after=None
[2023-08-24T15:42:03.808+0100] {processor.py:179} INFO - Processing /home/samuel/dev/airflow_learning/venv/lib/python3.10/site-packages/airflow/example_dags/example_trigger_target_dag.py took 0.159 seconds
[2023-08-24T15:42:55.289+0100] {processor.py:157} INFO - Started process (PID=6798) to work on /home/samuel/dev/airflow_learning/venv/lib/python3.10/site-packages/airflow/example_dags/example_trigger_target_dag.py
[2023-08-24T15:42:55.291+0100] {processor.py:829} INFO - Processing file /home/samuel/dev/airflow_learning/venv/lib/python3.10/site-packages/airflow/example_dags/example_trigger_target_dag.py for tasks to queue
[2023-08-24T15:42:55.292+0100] {logging_mixin.py:151} INFO - [2023-08-24T15:42:55.292+0100] {dagbag.py:539} INFO - Filling up the DagBag from /home/samuel/dev/airflow_learning/venv/lib/python3.10/site-packages/airflow/example_dags/example_trigger_target_dag.py
[2023-08-24T15:42:55.300+0100] {processor.py:839} INFO - DAG(s) dict_keys(['example_trigger_target_dag']) retrieved from /home/samuel/dev/airflow_learning/venv/lib/python3.10/site-packages/airflow/example_dags/example_trigger_target_dag.py
[2023-08-24T15:42:55.318+0100] {logging_mixin.py:151} INFO - [2023-08-24T15:42:55.318+0100] {dag.py:2907} INFO - Sync 1 DAGs
[2023-08-24T15:42:55.330+0100] {logging_mixin.py:151} INFO - [2023-08-24T15:42:55.329+0100] {dag.py:3677} INFO - Setting next_dagrun for example_trigger_target_dag to None, run_after=None
[2023-08-24T15:42:55.454+0100] {processor.py:179} INFO - Processing /home/samuel/dev/airflow_learning/venv/lib/python3.10/site-packages/airflow/example_dags/example_trigger_target_dag.py took 0.169 seconds
[2023-08-24T15:43:51.694+0100] {processor.py:157} INFO - Started process (PID=6850) to work on /home/samuel/dev/airflow_learning/venv/lib/python3.10/site-packages/airflow/example_dags/example_trigger_target_dag.py
[2023-08-24T15:43:51.712+0100] {processor.py:829} INFO - Processing file /home/samuel/dev/airflow_learning/venv/lib/python3.10/site-packages/airflow/example_dags/example_trigger_target_dag.py for tasks to queue
[2023-08-24T15:43:51.714+0100] {logging_mixin.py:151} INFO - [2023-08-24T15:43:51.713+0100] {dagbag.py:539} INFO - Filling up the DagBag from /home/samuel/dev/airflow_learning/venv/lib/python3.10/site-packages/airflow/example_dags/example_trigger_target_dag.py
[2023-08-24T15:43:51.721+0100] {processor.py:839} INFO - DAG(s) dict_keys(['example_trigger_target_dag']) retrieved from /home/samuel/dev/airflow_learning/venv/lib/python3.10/site-packages/airflow/example_dags/example_trigger_target_dag.py
[2023-08-24T15:43:51.741+0100] {logging_mixin.py:151} INFO - [2023-08-24T15:43:51.741+0100] {dag.py:2907} INFO - Sync 1 DAGs
[2023-08-24T15:43:51.754+0100] {logging_mixin.py:151} INFO - [2023-08-24T15:43:51.754+0100] {dag.py:3677} INFO - Setting next_dagrun for example_trigger_target_dag to None, run_after=None
[2023-08-24T15:43:51.876+0100] {processor.py:179} INFO - Processing /home/samuel/dev/airflow_learning/venv/lib/python3.10/site-packages/airflow/example_dags/example_trigger_target_dag.py took 0.186 seconds
[2023-08-24T15:44:41.534+0100] {processor.py:157} INFO - Started process (PID=6899) to work on /home/samuel/dev/airflow_learning/venv/lib/python3.10/site-packages/airflow/example_dags/example_trigger_target_dag.py
[2023-08-24T15:44:41.537+0100] {processor.py:829} INFO - Processing file /home/samuel/dev/airflow_learning/venv/lib/python3.10/site-packages/airflow/example_dags/example_trigger_target_dag.py for tasks to queue
[2023-08-24T15:44:41.538+0100] {logging_mixin.py:151} INFO - [2023-08-24T15:44:41.538+0100] {dagbag.py:539} INFO - Filling up the DagBag from /home/samuel/dev/airflow_learning/venv/lib/python3.10/site-packages/airflow/example_dags/example_trigger_target_dag.py
[2023-08-24T15:44:41.545+0100] {processor.py:839} INFO - DAG(s) dict_keys(['example_trigger_target_dag']) retrieved from /home/samuel/dev/airflow_learning/venv/lib/python3.10/site-packages/airflow/example_dags/example_trigger_target_dag.py
[2023-08-24T15:44:41.563+0100] {logging_mixin.py:151} INFO - [2023-08-24T15:44:41.563+0100] {dag.py:2907} INFO - Sync 1 DAGs
[2023-08-24T15:44:41.576+0100] {logging_mixin.py:151} INFO - [2023-08-24T15:44:41.575+0100] {dag.py:3677} INFO - Setting next_dagrun for example_trigger_target_dag to None, run_after=None
[2023-08-24T15:44:41.702+0100] {processor.py:179} INFO - Processing /home/samuel/dev/airflow_learning/venv/lib/python3.10/site-packages/airflow/example_dags/example_trigger_target_dag.py took 0.172 seconds
[2023-08-24T15:45:32.049+0100] {processor.py:157} INFO - Started process (PID=6949) to work on /home/samuel/dev/airflow_learning/venv/lib/python3.10/site-packages/airflow/example_dags/example_trigger_target_dag.py
[2023-08-24T15:45:32.066+0100] {processor.py:829} INFO - Processing file /home/samuel/dev/airflow_learning/venv/lib/python3.10/site-packages/airflow/example_dags/example_trigger_target_dag.py for tasks to queue
[2023-08-24T15:45:32.067+0100] {logging_mixin.py:151} INFO - [2023-08-24T15:45:32.067+0100] {dagbag.py:539} INFO - Filling up the DagBag from /home/samuel/dev/airflow_learning/venv/lib/python3.10/site-packages/airflow/example_dags/example_trigger_target_dag.py
[2023-08-24T15:45:32.074+0100] {processor.py:839} INFO - DAG(s) dict_keys(['example_trigger_target_dag']) retrieved from /home/samuel/dev/airflow_learning/venv/lib/python3.10/site-packages/airflow/example_dags/example_trigger_target_dag.py
[2023-08-24T15:45:32.093+0100] {logging_mixin.py:151} INFO - [2023-08-24T15:45:32.093+0100] {dag.py:2907} INFO - Sync 1 DAGs
[2023-08-24T15:45:32.106+0100] {logging_mixin.py:151} INFO - [2023-08-24T15:45:32.106+0100] {dag.py:3677} INFO - Setting next_dagrun for example_trigger_target_dag to None, run_after=None
[2023-08-24T15:45:32.205+0100] {processor.py:179} INFO - Processing /home/samuel/dev/airflow_learning/venv/lib/python3.10/site-packages/airflow/example_dags/example_trigger_target_dag.py took 0.159 seconds
[2023-08-24T15:46:25.906+0100] {processor.py:157} INFO - Started process (PID=7000) to work on /home/samuel/dev/airflow_learning/venv/lib/python3.10/site-packages/airflow/example_dags/example_trigger_target_dag.py
[2023-08-24T15:46:25.936+0100] {processor.py:829} INFO - Processing file /home/samuel/dev/airflow_learning/venv/lib/python3.10/site-packages/airflow/example_dags/example_trigger_target_dag.py for tasks to queue
[2023-08-24T15:46:25.937+0100] {logging_mixin.py:151} INFO - [2023-08-24T15:46:25.937+0100] {dagbag.py:539} INFO - Filling up the DagBag from /home/samuel/dev/airflow_learning/venv/lib/python3.10/site-packages/airflow/example_dags/example_trigger_target_dag.py
[2023-08-24T15:46:25.945+0100] {processor.py:839} INFO - DAG(s) dict_keys(['example_trigger_target_dag']) retrieved from /home/samuel/dev/airflow_learning/venv/lib/python3.10/site-packages/airflow/example_dags/example_trigger_target_dag.py
[2023-08-24T15:46:25.964+0100] {logging_mixin.py:151} INFO - [2023-08-24T15:46:25.964+0100] {dag.py:2907} INFO - Sync 1 DAGs
[2023-08-24T15:46:25.978+0100] {logging_mixin.py:151} INFO - [2023-08-24T15:46:25.978+0100] {dag.py:3677} INFO - Setting next_dagrun for example_trigger_target_dag to None, run_after=None
[2023-08-24T15:46:26.088+0100] {processor.py:179} INFO - Processing /home/samuel/dev/airflow_learning/venv/lib/python3.10/site-packages/airflow/example_dags/example_trigger_target_dag.py took 0.186 seconds
[2023-08-24T15:47:19.770+0100] {processor.py:157} INFO - Started process (PID=7049) to work on /home/samuel/dev/airflow_learning/venv/lib/python3.10/site-packages/airflow/example_dags/example_trigger_target_dag.py
[2023-08-24T15:47:19.796+0100] {processor.py:829} INFO - Processing file /home/samuel/dev/airflow_learning/venv/lib/python3.10/site-packages/airflow/example_dags/example_trigger_target_dag.py for tasks to queue
[2023-08-24T15:47:19.798+0100] {logging_mixin.py:151} INFO - [2023-08-24T15:47:19.797+0100] {dagbag.py:539} INFO - Filling up the DagBag from /home/samuel/dev/airflow_learning/venv/lib/python3.10/site-packages/airflow/example_dags/example_trigger_target_dag.py
[2023-08-24T15:47:19.805+0100] {processor.py:839} INFO - DAG(s) dict_keys(['example_trigger_target_dag']) retrieved from /home/samuel/dev/airflow_learning/venv/lib/python3.10/site-packages/airflow/example_dags/example_trigger_target_dag.py
[2023-08-24T15:47:19.825+0100] {logging_mixin.py:151} INFO - [2023-08-24T15:47:19.825+0100] {dag.py:2907} INFO - Sync 1 DAGs
[2023-08-24T15:47:19.839+0100] {logging_mixin.py:151} INFO - [2023-08-24T15:47:19.838+0100] {dag.py:3677} INFO - Setting next_dagrun for example_trigger_target_dag to None, run_after=None
[2023-08-24T15:47:19.959+0100] {processor.py:179} INFO - Processing /home/samuel/dev/airflow_learning/venv/lib/python3.10/site-packages/airflow/example_dags/example_trigger_target_dag.py took 0.193 seconds
[2023-08-24T15:48:13.238+0100] {processor.py:157} INFO - Started process (PID=7117) to work on /home/samuel/dev/airflow_learning/venv/lib/python3.10/site-packages/airflow/example_dags/example_trigger_target_dag.py
[2023-08-24T15:48:13.239+0100] {processor.py:829} INFO - Processing file /home/samuel/dev/airflow_learning/venv/lib/python3.10/site-packages/airflow/example_dags/example_trigger_target_dag.py for tasks to queue
[2023-08-24T15:48:13.240+0100] {logging_mixin.py:151} INFO - [2023-08-24T15:48:13.239+0100] {dagbag.py:539} INFO - Filling up the DagBag from /home/samuel/dev/airflow_learning/venv/lib/python3.10/site-packages/airflow/example_dags/example_trigger_target_dag.py
[2023-08-24T15:48:13.247+0100] {processor.py:839} INFO - DAG(s) dict_keys(['example_trigger_target_dag']) retrieved from /home/samuel/dev/airflow_learning/venv/lib/python3.10/site-packages/airflow/example_dags/example_trigger_target_dag.py
[2023-08-24T15:48:13.265+0100] {logging_mixin.py:151} INFO - [2023-08-24T15:48:13.265+0100] {dag.py:2907} INFO - Sync 1 DAGs
[2023-08-24T15:48:13.277+0100] {logging_mixin.py:151} INFO - [2023-08-24T15:48:13.277+0100] {dag.py:3677} INFO - Setting next_dagrun for example_trigger_target_dag to None, run_after=None
[2023-08-24T15:48:13.394+0100] {processor.py:179} INFO - Processing /home/samuel/dev/airflow_learning/venv/lib/python3.10/site-packages/airflow/example_dags/example_trigger_target_dag.py took 0.160 seconds
[2023-08-24T15:49:06.891+0100] {processor.py:157} INFO - Started process (PID=7168) to work on /home/samuel/dev/airflow_learning/venv/lib/python3.10/site-packages/airflow/example_dags/example_trigger_target_dag.py
[2023-08-24T15:49:06.923+0100] {processor.py:829} INFO - Processing file /home/samuel/dev/airflow_learning/venv/lib/python3.10/site-packages/airflow/example_dags/example_trigger_target_dag.py for tasks to queue
[2023-08-24T15:49:06.924+0100] {logging_mixin.py:151} INFO - [2023-08-24T15:49:06.923+0100] {dagbag.py:539} INFO - Filling up the DagBag from /home/samuel/dev/airflow_learning/venv/lib/python3.10/site-packages/airflow/example_dags/example_trigger_target_dag.py
[2023-08-24T15:49:06.931+0100] {processor.py:839} INFO - DAG(s) dict_keys(['example_trigger_target_dag']) retrieved from /home/samuel/dev/airflow_learning/venv/lib/python3.10/site-packages/airflow/example_dags/example_trigger_target_dag.py
[2023-08-24T15:49:06.952+0100] {logging_mixin.py:151} INFO - [2023-08-24T15:49:06.952+0100] {dag.py:2907} INFO - Sync 1 DAGs
[2023-08-24T15:49:06.966+0100] {logging_mixin.py:151} INFO - [2023-08-24T15:49:06.966+0100] {dag.py:3677} INFO - Setting next_dagrun for example_trigger_target_dag to None, run_after=None
[2023-08-24T15:49:07.080+0100] {processor.py:179} INFO - Processing /home/samuel/dev/airflow_learning/venv/lib/python3.10/site-packages/airflow/example_dags/example_trigger_target_dag.py took 0.191 seconds
[2023-08-24T15:49:54.191+0100] {processor.py:157} INFO - Started process (PID=7214) to work on /home/samuel/dev/airflow_learning/venv/lib/python3.10/site-packages/airflow/example_dags/example_trigger_target_dag.py
[2023-08-24T15:49:54.211+0100] {processor.py:829} INFO - Processing file /home/samuel/dev/airflow_learning/venv/lib/python3.10/site-packages/airflow/example_dags/example_trigger_target_dag.py for tasks to queue
[2023-08-24T15:49:54.212+0100] {logging_mixin.py:151} INFO - [2023-08-24T15:49:54.212+0100] {dagbag.py:539} INFO - Filling up the DagBag from /home/samuel/dev/airflow_learning/venv/lib/python3.10/site-packages/airflow/example_dags/example_trigger_target_dag.py
[2023-08-24T15:49:54.219+0100] {processor.py:839} INFO - DAG(s) dict_keys(['example_trigger_target_dag']) retrieved from /home/samuel/dev/airflow_learning/venv/lib/python3.10/site-packages/airflow/example_dags/example_trigger_target_dag.py
[2023-08-24T15:49:54.239+0100] {logging_mixin.py:151} INFO - [2023-08-24T15:49:54.239+0100] {dag.py:2907} INFO - Sync 1 DAGs
[2023-08-24T15:49:54.253+0100] {logging_mixin.py:151} INFO - [2023-08-24T15:49:54.253+0100] {dag.py:3677} INFO - Setting next_dagrun for example_trigger_target_dag to None, run_after=None
[2023-08-24T15:49:54.374+0100] {processor.py:179} INFO - Processing /home/samuel/dev/airflow_learning/venv/lib/python3.10/site-packages/airflow/example_dags/example_trigger_target_dag.py took 0.188 seconds
[2023-08-24T15:50:43.872+0100] {processor.py:157} INFO - Started process (PID=7261) to work on /home/samuel/dev/airflow_learning/venv/lib/python3.10/site-packages/airflow/example_dags/example_trigger_target_dag.py
[2023-08-24T15:50:43.897+0100] {processor.py:829} INFO - Processing file /home/samuel/dev/airflow_learning/venv/lib/python3.10/site-packages/airflow/example_dags/example_trigger_target_dag.py for tasks to queue
[2023-08-24T15:50:43.898+0100] {logging_mixin.py:151} INFO - [2023-08-24T15:50:43.897+0100] {dagbag.py:539} INFO - Filling up the DagBag from /home/samuel/dev/airflow_learning/venv/lib/python3.10/site-packages/airflow/example_dags/example_trigger_target_dag.py
[2023-08-24T15:50:43.903+0100] {processor.py:839} INFO - DAG(s) dict_keys(['example_trigger_target_dag']) retrieved from /home/samuel/dev/airflow_learning/venv/lib/python3.10/site-packages/airflow/example_dags/example_trigger_target_dag.py
[2023-08-24T15:50:43.919+0100] {logging_mixin.py:151} INFO - [2023-08-24T15:50:43.919+0100] {dag.py:2907} INFO - Sync 1 DAGs
[2023-08-24T15:50:43.930+0100] {logging_mixin.py:151} INFO - [2023-08-24T15:50:43.930+0100] {dag.py:3677} INFO - Setting next_dagrun for example_trigger_target_dag to None, run_after=None
[2023-08-24T15:50:44.045+0100] {processor.py:179} INFO - Processing /home/samuel/dev/airflow_learning/venv/lib/python3.10/site-packages/airflow/example_dags/example_trigger_target_dag.py took 0.176 seconds
[2023-08-24T15:51:38.333+0100] {processor.py:157} INFO - Started process (PID=7318) to work on /home/samuel/dev/airflow_learning/venv/lib/python3.10/site-packages/airflow/example_dags/example_trigger_target_dag.py
[2023-08-24T15:51:38.368+0100] {processor.py:829} INFO - Processing file /home/samuel/dev/airflow_learning/venv/lib/python3.10/site-packages/airflow/example_dags/example_trigger_target_dag.py for tasks to queue
[2023-08-24T15:51:38.369+0100] {logging_mixin.py:151} INFO - [2023-08-24T15:51:38.369+0100] {dagbag.py:539} INFO - Filling up the DagBag from /home/samuel/dev/airflow_learning/venv/lib/python3.10/site-packages/airflow/example_dags/example_trigger_target_dag.py
[2023-08-24T15:51:38.377+0100] {processor.py:839} INFO - DAG(s) dict_keys(['example_trigger_target_dag']) retrieved from /home/samuel/dev/airflow_learning/venv/lib/python3.10/site-packages/airflow/example_dags/example_trigger_target_dag.py
[2023-08-24T15:51:38.397+0100] {logging_mixin.py:151} INFO - [2023-08-24T15:51:38.397+0100] {dag.py:2907} INFO - Sync 1 DAGs
[2023-08-24T15:51:38.411+0100] {logging_mixin.py:151} INFO - [2023-08-24T15:51:38.411+0100] {dag.py:3677} INFO - Setting next_dagrun for example_trigger_target_dag to None, run_after=None
[2023-08-24T15:51:38.527+0100] {processor.py:179} INFO - Processing /home/samuel/dev/airflow_learning/venv/lib/python3.10/site-packages/airflow/example_dags/example_trigger_target_dag.py took 0.197 seconds
[2023-08-24T15:52:25.716+0100] {processor.py:157} INFO - Started process (PID=7367) to work on /home/samuel/dev/airflow_learning/venv/lib/python3.10/site-packages/airflow/example_dags/example_trigger_target_dag.py
[2023-08-24T15:52:25.717+0100] {processor.py:829} INFO - Processing file /home/samuel/dev/airflow_learning/venv/lib/python3.10/site-packages/airflow/example_dags/example_trigger_target_dag.py for tasks to queue
[2023-08-24T15:52:25.718+0100] {logging_mixin.py:151} INFO - [2023-08-24T15:52:25.718+0100] {dagbag.py:539} INFO - Filling up the DagBag from /home/samuel/dev/airflow_learning/venv/lib/python3.10/site-packages/airflow/example_dags/example_trigger_target_dag.py
[2023-08-24T15:52:25.726+0100] {processor.py:839} INFO - DAG(s) dict_keys(['example_trigger_target_dag']) retrieved from /home/samuel/dev/airflow_learning/venv/lib/python3.10/site-packages/airflow/example_dags/example_trigger_target_dag.py
[2023-08-24T15:52:25.744+0100] {logging_mixin.py:151} INFO - [2023-08-24T15:52:25.744+0100] {dag.py:2907} INFO - Sync 1 DAGs
[2023-08-24T15:52:25.755+0100] {logging_mixin.py:151} INFO - [2023-08-24T15:52:25.755+0100] {dag.py:3677} INFO - Setting next_dagrun for example_trigger_target_dag to None, run_after=None
[2023-08-24T15:52:25.874+0100] {processor.py:179} INFO - Processing /home/samuel/dev/airflow_learning/venv/lib/python3.10/site-packages/airflow/example_dags/example_trigger_target_dag.py took 0.163 seconds
[2023-08-24T15:53:16.502+0100] {processor.py:157} INFO - Started process (PID=7418) to work on /home/samuel/dev/airflow_learning/venv/lib/python3.10/site-packages/airflow/example_dags/example_trigger_target_dag.py
[2023-08-24T15:53:16.527+0100] {processor.py:829} INFO - Processing file /home/samuel/dev/airflow_learning/venv/lib/python3.10/site-packages/airflow/example_dags/example_trigger_target_dag.py for tasks to queue
[2023-08-24T15:53:16.528+0100] {logging_mixin.py:151} INFO - [2023-08-24T15:53:16.527+0100] {dagbag.py:539} INFO - Filling up the DagBag from /home/samuel/dev/airflow_learning/venv/lib/python3.10/site-packages/airflow/example_dags/example_trigger_target_dag.py
[2023-08-24T15:53:16.535+0100] {processor.py:839} INFO - DAG(s) dict_keys(['example_trigger_target_dag']) retrieved from /home/samuel/dev/airflow_learning/venv/lib/python3.10/site-packages/airflow/example_dags/example_trigger_target_dag.py
[2023-08-24T15:53:16.556+0100] {logging_mixin.py:151} INFO - [2023-08-24T15:53:16.555+0100] {dag.py:2907} INFO - Sync 1 DAGs
[2023-08-24T15:53:16.569+0100] {logging_mixin.py:151} INFO - [2023-08-24T15:53:16.569+0100] {dag.py:3677} INFO - Setting next_dagrun for example_trigger_target_dag to None, run_after=None
[2023-08-24T15:53:16.681+0100] {processor.py:179} INFO - Processing /home/samuel/dev/airflow_learning/venv/lib/python3.10/site-packages/airflow/example_dags/example_trigger_target_dag.py took 0.183 seconds
[2023-08-24T15:54:23.170+0100] {processor.py:157} INFO - Started process (PID=7573) to work on /home/samuel/dev/airflow_learning/venv/lib/python3.10/site-packages/airflow/example_dags/example_trigger_target_dag.py
[2023-08-24T15:54:23.199+0100] {processor.py:829} INFO - Processing file /home/samuel/dev/airflow_learning/venv/lib/python3.10/site-packages/airflow/example_dags/example_trigger_target_dag.py for tasks to queue
[2023-08-24T15:54:23.200+0100] {logging_mixin.py:151} INFO - [2023-08-24T15:54:23.199+0100] {dagbag.py:539} INFO - Filling up the DagBag from /home/samuel/dev/airflow_learning/venv/lib/python3.10/site-packages/airflow/example_dags/example_trigger_target_dag.py
[2023-08-24T15:54:23.206+0100] {processor.py:839} INFO - DAG(s) dict_keys(['example_trigger_target_dag']) retrieved from /home/samuel/dev/airflow_learning/venv/lib/python3.10/site-packages/airflow/example_dags/example_trigger_target_dag.py
[2023-08-24T15:54:23.221+0100] {logging_mixin.py:151} INFO - [2023-08-24T15:54:23.221+0100] {dag.py:2907} INFO - Sync 1 DAGs
[2023-08-24T15:54:23.233+0100] {logging_mixin.py:151} INFO - [2023-08-24T15:54:23.233+0100] {dag.py:3677} INFO - Setting next_dagrun for example_trigger_target_dag to None, run_after=None
[2023-08-24T15:54:23.341+0100] {processor.py:179} INFO - Processing /home/samuel/dev/airflow_learning/venv/lib/python3.10/site-packages/airflow/example_dags/example_trigger_target_dag.py took 0.175 seconds
[2023-08-24T15:55:20.406+0100] {processor.py:157} INFO - Started process (PID=7627) to work on /home/samuel/dev/airflow_learning/venv/lib/python3.10/site-packages/airflow/example_dags/example_trigger_target_dag.py
[2023-08-24T15:55:20.407+0100] {processor.py:829} INFO - Processing file /home/samuel/dev/airflow_learning/venv/lib/python3.10/site-packages/airflow/example_dags/example_trigger_target_dag.py for tasks to queue
[2023-08-24T15:55:20.408+0100] {logging_mixin.py:151} INFO - [2023-08-24T15:55:20.408+0100] {dagbag.py:539} INFO - Filling up the DagBag from /home/samuel/dev/airflow_learning/venv/lib/python3.10/site-packages/airflow/example_dags/example_trigger_target_dag.py
[2023-08-24T15:55:20.415+0100] {processor.py:839} INFO - DAG(s) dict_keys(['example_trigger_target_dag']) retrieved from /home/samuel/dev/airflow_learning/venv/lib/python3.10/site-packages/airflow/example_dags/example_trigger_target_dag.py
[2023-08-24T15:55:20.434+0100] {logging_mixin.py:151} INFO - [2023-08-24T15:55:20.434+0100] {dag.py:2907} INFO - Sync 1 DAGs
[2023-08-24T15:55:20.446+0100] {logging_mixin.py:151} INFO - [2023-08-24T15:55:20.446+0100] {dag.py:3677} INFO - Setting next_dagrun for example_trigger_target_dag to None, run_after=None
[2023-08-24T15:55:20.629+0100] {processor.py:179} INFO - Processing /home/samuel/dev/airflow_learning/venv/lib/python3.10/site-packages/airflow/example_dags/example_trigger_target_dag.py took 0.227 seconds
[2023-08-24T15:56:17.129+0100] {processor.py:157} INFO - Started process (PID=7792) to work on /home/samuel/dev/airflow_learning/venv/lib/python3.10/site-packages/airflow/example_dags/example_trigger_target_dag.py
[2023-08-24T15:56:17.152+0100] {processor.py:829} INFO - Processing file /home/samuel/dev/airflow_learning/venv/lib/python3.10/site-packages/airflow/example_dags/example_trigger_target_dag.py for tasks to queue
[2023-08-24T15:56:17.153+0100] {logging_mixin.py:151} INFO - [2023-08-24T15:56:17.153+0100] {dagbag.py:539} INFO - Filling up the DagBag from /home/samuel/dev/airflow_learning/venv/lib/python3.10/site-packages/airflow/example_dags/example_trigger_target_dag.py
[2023-08-24T15:56:17.161+0100] {processor.py:839} INFO - DAG(s) dict_keys(['example_trigger_target_dag']) retrieved from /home/samuel/dev/airflow_learning/venv/lib/python3.10/site-packages/airflow/example_dags/example_trigger_target_dag.py
[2023-08-24T15:56:17.180+0100] {logging_mixin.py:151} INFO - [2023-08-24T15:56:17.180+0100] {dag.py:2907} INFO - Sync 1 DAGs
[2023-08-24T15:56:17.194+0100] {logging_mixin.py:151} INFO - [2023-08-24T15:56:17.194+0100] {dag.py:3677} INFO - Setting next_dagrun for example_trigger_target_dag to None, run_after=None
[2023-08-24T15:56:17.316+0100] {processor.py:179} INFO - Processing /home/samuel/dev/airflow_learning/venv/lib/python3.10/site-packages/airflow/example_dags/example_trigger_target_dag.py took 0.191 seconds
[2023-08-24T15:57:05.207+0100] {processor.py:157} INFO - Started process (PID=7866) to work on /home/samuel/dev/airflow_learning/venv/lib/python3.10/site-packages/airflow/example_dags/example_trigger_target_dag.py
[2023-08-24T15:57:05.256+0100] {processor.py:829} INFO - Processing file /home/samuel/dev/airflow_learning/venv/lib/python3.10/site-packages/airflow/example_dags/example_trigger_target_dag.py for tasks to queue
[2023-08-24T15:57:05.258+0100] {logging_mixin.py:151} INFO - [2023-08-24T15:57:05.257+0100] {dagbag.py:539} INFO - Filling up the DagBag from /home/samuel/dev/airflow_learning/venv/lib/python3.10/site-packages/airflow/example_dags/example_trigger_target_dag.py
[2023-08-24T15:57:05.265+0100] {processor.py:839} INFO - DAG(s) dict_keys(['example_trigger_target_dag']) retrieved from /home/samuel/dev/airflow_learning/venv/lib/python3.10/site-packages/airflow/example_dags/example_trigger_target_dag.py
[2023-08-24T15:57:05.285+0100] {logging_mixin.py:151} INFO - [2023-08-24T15:57:05.285+0100] {dag.py:2907} INFO - Sync 1 DAGs
[2023-08-24T15:57:05.300+0100] {logging_mixin.py:151} INFO - [2023-08-24T15:57:05.300+0100] {dag.py:3677} INFO - Setting next_dagrun for example_trigger_target_dag to None, run_after=None
[2023-08-24T15:57:05.731+0100] {processor.py:179} INFO - Processing /home/samuel/dev/airflow_learning/venv/lib/python3.10/site-packages/airflow/example_dags/example_trigger_target_dag.py took 0.529 seconds
[2023-08-24T15:57:59.414+0100] {processor.py:157} INFO - Started process (PID=7918) to work on /home/samuel/dev/airflow_learning/venv/lib/python3.10/site-packages/airflow/example_dags/example_trigger_target_dag.py
[2023-08-24T15:57:59.450+0100] {processor.py:829} INFO - Processing file /home/samuel/dev/airflow_learning/venv/lib/python3.10/site-packages/airflow/example_dags/example_trigger_target_dag.py for tasks to queue
[2023-08-24T15:57:59.451+0100] {logging_mixin.py:151} INFO - [2023-08-24T15:57:59.451+0100] {dagbag.py:539} INFO - Filling up the DagBag from /home/samuel/dev/airflow_learning/venv/lib/python3.10/site-packages/airflow/example_dags/example_trigger_target_dag.py
[2023-08-24T15:57:59.460+0100] {processor.py:839} INFO - DAG(s) dict_keys(['example_trigger_target_dag']) retrieved from /home/samuel/dev/airflow_learning/venv/lib/python3.10/site-packages/airflow/example_dags/example_trigger_target_dag.py
[2023-08-24T15:57:59.479+0100] {logging_mixin.py:151} INFO - [2023-08-24T15:57:59.479+0100] {dag.py:2907} INFO - Sync 1 DAGs
[2023-08-24T15:57:59.491+0100] {logging_mixin.py:151} INFO - [2023-08-24T15:57:59.490+0100] {dag.py:3677} INFO - Setting next_dagrun for example_trigger_target_dag to None, run_after=None
[2023-08-24T15:57:59.601+0100] {processor.py:179} INFO - Processing /home/samuel/dev/airflow_learning/venv/lib/python3.10/site-packages/airflow/example_dags/example_trigger_target_dag.py took 0.191 seconds
[2023-08-24T15:58:48.781+0100] {processor.py:157} INFO - Started process (PID=7971) to work on /home/samuel/dev/airflow_learning/venv/lib/python3.10/site-packages/airflow/example_dags/example_trigger_target_dag.py
[2023-08-24T15:58:48.816+0100] {processor.py:829} INFO - Processing file /home/samuel/dev/airflow_learning/venv/lib/python3.10/site-packages/airflow/example_dags/example_trigger_target_dag.py for tasks to queue
[2023-08-24T15:58:48.818+0100] {logging_mixin.py:151} INFO - [2023-08-24T15:58:48.817+0100] {dagbag.py:539} INFO - Filling up the DagBag from /home/samuel/dev/airflow_learning/venv/lib/python3.10/site-packages/airflow/example_dags/example_trigger_target_dag.py
[2023-08-24T15:58:48.825+0100] {processor.py:839} INFO - DAG(s) dict_keys(['example_trigger_target_dag']) retrieved from /home/samuel/dev/airflow_learning/venv/lib/python3.10/site-packages/airflow/example_dags/example_trigger_target_dag.py
[2023-08-24T15:58:48.845+0100] {logging_mixin.py:151} INFO - [2023-08-24T15:58:48.845+0100] {dag.py:2907} INFO - Sync 1 DAGs
[2023-08-24T15:58:48.860+0100] {logging_mixin.py:151} INFO - [2023-08-24T15:58:48.859+0100] {dag.py:3677} INFO - Setting next_dagrun for example_trigger_target_dag to None, run_after=None
[2023-08-24T15:58:48.975+0100] {processor.py:179} INFO - Processing /home/samuel/dev/airflow_learning/venv/lib/python3.10/site-packages/airflow/example_dags/example_trigger_target_dag.py took 0.197 seconds
[2023-08-24T15:59:48.773+0100] {processor.py:157} INFO - Started process (PID=8188) to work on /home/samuel/dev/airflow_learning/venv/lib/python3.10/site-packages/airflow/example_dags/example_trigger_target_dag.py
[2023-08-24T15:59:48.788+0100] {processor.py:829} INFO - Processing file /home/samuel/dev/airflow_learning/venv/lib/python3.10/site-packages/airflow/example_dags/example_trigger_target_dag.py for tasks to queue
[2023-08-24T15:59:48.790+0100] {logging_mixin.py:151} INFO - [2023-08-24T15:59:48.789+0100] {dagbag.py:539} INFO - Filling up the DagBag from /home/samuel/dev/airflow_learning/venv/lib/python3.10/site-packages/airflow/example_dags/example_trigger_target_dag.py
[2023-08-24T15:59:48.797+0100] {processor.py:839} INFO - DAG(s) dict_keys(['example_trigger_target_dag']) retrieved from /home/samuel/dev/airflow_learning/venv/lib/python3.10/site-packages/airflow/example_dags/example_trigger_target_dag.py
[2023-08-24T15:59:48.818+0100] {logging_mixin.py:151} INFO - [2023-08-24T15:59:48.818+0100] {dag.py:2907} INFO - Sync 1 DAGs
[2023-08-24T15:59:48.831+0100] {logging_mixin.py:151} INFO - [2023-08-24T15:59:48.831+0100] {dag.py:3677} INFO - Setting next_dagrun for example_trigger_target_dag to None, run_after=None
[2023-08-24T15:59:49.075+0100] {processor.py:179} INFO - Processing /home/samuel/dev/airflow_learning/venv/lib/python3.10/site-packages/airflow/example_dags/example_trigger_target_dag.py took 0.306 seconds
[2023-08-24T16:00:43.117+0100] {processor.py:157} INFO - Started process (PID=8309) to work on /home/samuel/dev/airflow_learning/venv/lib/python3.10/site-packages/airflow/example_dags/example_trigger_target_dag.py
[2023-08-24T16:00:43.137+0100] {processor.py:829} INFO - Processing file /home/samuel/dev/airflow_learning/venv/lib/python3.10/site-packages/airflow/example_dags/example_trigger_target_dag.py for tasks to queue
[2023-08-24T16:00:43.139+0100] {logging_mixin.py:151} INFO - [2023-08-24T16:00:43.138+0100] {dagbag.py:539} INFO - Filling up the DagBag from /home/samuel/dev/airflow_learning/venv/lib/python3.10/site-packages/airflow/example_dags/example_trigger_target_dag.py
[2023-08-24T16:00:43.147+0100] {processor.py:839} INFO - DAG(s) dict_keys(['example_trigger_target_dag']) retrieved from /home/samuel/dev/airflow_learning/venv/lib/python3.10/site-packages/airflow/example_dags/example_trigger_target_dag.py
[2023-08-24T16:00:43.167+0100] {logging_mixin.py:151} INFO - [2023-08-24T16:00:43.167+0100] {dag.py:2907} INFO - Sync 1 DAGs
[2023-08-24T16:00:43.180+0100] {logging_mixin.py:151} INFO - [2023-08-24T16:00:43.179+0100] {dag.py:3677} INFO - Setting next_dagrun for example_trigger_target_dag to None, run_after=None
[2023-08-24T16:00:43.293+0100] {processor.py:179} INFO - Processing /home/samuel/dev/airflow_learning/venv/lib/python3.10/site-packages/airflow/example_dags/example_trigger_target_dag.py took 0.180 seconds
[2023-08-24T16:01:37.575+0100] {processor.py:157} INFO - Started process (PID=8389) to work on /home/samuel/dev/airflow_learning/venv/lib/python3.10/site-packages/airflow/example_dags/example_trigger_target_dag.py
[2023-08-24T16:01:37.576+0100] {processor.py:829} INFO - Processing file /home/samuel/dev/airflow_learning/venv/lib/python3.10/site-packages/airflow/example_dags/example_trigger_target_dag.py for tasks to queue
[2023-08-24T16:01:37.577+0100] {logging_mixin.py:151} INFO - [2023-08-24T16:01:37.577+0100] {dagbag.py:539} INFO - Filling up the DagBag from /home/samuel/dev/airflow_learning/venv/lib/python3.10/site-packages/airflow/example_dags/example_trigger_target_dag.py
[2023-08-24T16:01:37.584+0100] {processor.py:839} INFO - DAG(s) dict_keys(['example_trigger_target_dag']) retrieved from /home/samuel/dev/airflow_learning/venv/lib/python3.10/site-packages/airflow/example_dags/example_trigger_target_dag.py
[2023-08-24T16:01:37.602+0100] {logging_mixin.py:151} INFO - [2023-08-24T16:01:37.601+0100] {dag.py:2907} INFO - Sync 1 DAGs
[2023-08-24T16:01:37.614+0100] {logging_mixin.py:151} INFO - [2023-08-24T16:01:37.613+0100] {dag.py:3677} INFO - Setting next_dagrun for example_trigger_target_dag to None, run_after=None
[2023-08-24T16:01:37.780+0100] {processor.py:179} INFO - Processing /home/samuel/dev/airflow_learning/venv/lib/python3.10/site-packages/airflow/example_dags/example_trigger_target_dag.py took 0.208 seconds
[2023-08-24T16:02:30.802+0100] {processor.py:157} INFO - Started process (PID=8464) to work on /home/samuel/dev/airflow_learning/venv/lib/python3.10/site-packages/airflow/example_dags/example_trigger_target_dag.py
[2023-08-24T16:02:30.823+0100] {processor.py:829} INFO - Processing file /home/samuel/dev/airflow_learning/venv/lib/python3.10/site-packages/airflow/example_dags/example_trigger_target_dag.py for tasks to queue
[2023-08-24T16:02:30.824+0100] {logging_mixin.py:151} INFO - [2023-08-24T16:02:30.824+0100] {dagbag.py:539} INFO - Filling up the DagBag from /home/samuel/dev/airflow_learning/venv/lib/python3.10/site-packages/airflow/example_dags/example_trigger_target_dag.py
[2023-08-24T16:02:30.832+0100] {processor.py:839} INFO - DAG(s) dict_keys(['example_trigger_target_dag']) retrieved from /home/samuel/dev/airflow_learning/venv/lib/python3.10/site-packages/airflow/example_dags/example_trigger_target_dag.py
[2023-08-24T16:02:30.853+0100] {logging_mixin.py:151} INFO - [2023-08-24T16:02:30.853+0100] {dag.py:2907} INFO - Sync 1 DAGs
[2023-08-24T16:02:30.866+0100] {logging_mixin.py:151} INFO - [2023-08-24T16:02:30.866+0100] {dag.py:3677} INFO - Setting next_dagrun for example_trigger_target_dag to None, run_after=None
[2023-08-24T16:02:30.970+0100] {processor.py:179} INFO - Processing /home/samuel/dev/airflow_learning/venv/lib/python3.10/site-packages/airflow/example_dags/example_trigger_target_dag.py took 0.172 seconds
[2023-08-24T16:03:22.430+0100] {processor.py:157} INFO - Started process (PID=8531) to work on /home/samuel/dev/airflow_learning/venv/lib/python3.10/site-packages/airflow/example_dags/example_trigger_target_dag.py
[2023-08-24T16:03:22.453+0100] {processor.py:829} INFO - Processing file /home/samuel/dev/airflow_learning/venv/lib/python3.10/site-packages/airflow/example_dags/example_trigger_target_dag.py for tasks to queue
[2023-08-24T16:03:22.454+0100] {logging_mixin.py:151} INFO - [2023-08-24T16:03:22.454+0100] {dagbag.py:539} INFO - Filling up the DagBag from /home/samuel/dev/airflow_learning/venv/lib/python3.10/site-packages/airflow/example_dags/example_trigger_target_dag.py
[2023-08-24T16:03:22.463+0100] {processor.py:839} INFO - DAG(s) dict_keys(['example_trigger_target_dag']) retrieved from /home/samuel/dev/airflow_learning/venv/lib/python3.10/site-packages/airflow/example_dags/example_trigger_target_dag.py
[2023-08-24T16:03:22.485+0100] {logging_mixin.py:151} INFO - [2023-08-24T16:03:22.485+0100] {dag.py:2907} INFO - Sync 1 DAGs
[2023-08-24T16:03:22.503+0100] {logging_mixin.py:151} INFO - [2023-08-24T16:03:22.502+0100] {dag.py:3677} INFO - Setting next_dagrun for example_trigger_target_dag to None, run_after=None
[2023-08-24T16:03:22.641+0100] {processor.py:179} INFO - Processing /home/samuel/dev/airflow_learning/venv/lib/python3.10/site-packages/airflow/example_dags/example_trigger_target_dag.py took 0.214 seconds
[2023-08-24T16:04:15.666+0100] {processor.py:157} INFO - Started process (PID=8605) to work on /home/samuel/dev/airflow_learning/venv/lib/python3.10/site-packages/airflow/example_dags/example_trigger_target_dag.py
[2023-08-24T16:04:15.680+0100] {processor.py:829} INFO - Processing file /home/samuel/dev/airflow_learning/venv/lib/python3.10/site-packages/airflow/example_dags/example_trigger_target_dag.py for tasks to queue
[2023-08-24T16:04:15.681+0100] {logging_mixin.py:151} INFO - [2023-08-24T16:04:15.680+0100] {dagbag.py:539} INFO - Filling up the DagBag from /home/samuel/dev/airflow_learning/venv/lib/python3.10/site-packages/airflow/example_dags/example_trigger_target_dag.py
[2023-08-24T16:04:15.688+0100] {processor.py:839} INFO - DAG(s) dict_keys(['example_trigger_target_dag']) retrieved from /home/samuel/dev/airflow_learning/venv/lib/python3.10/site-packages/airflow/example_dags/example_trigger_target_dag.py
[2023-08-24T16:04:15.708+0100] {logging_mixin.py:151} INFO - [2023-08-24T16:04:15.708+0100] {dag.py:2907} INFO - Sync 1 DAGs
[2023-08-24T16:04:15.720+0100] {logging_mixin.py:151} INFO - [2023-08-24T16:04:15.720+0100] {dag.py:3677} INFO - Setting next_dagrun for example_trigger_target_dag to None, run_after=None
[2023-08-24T16:04:15.825+0100] {processor.py:179} INFO - Processing /home/samuel/dev/airflow_learning/venv/lib/python3.10/site-packages/airflow/example_dags/example_trigger_target_dag.py took 0.162 seconds
