[2023-08-24T15:22:35.182+0100] {processor.py:157} INFO - Started process (PID=5361) to work on /home/samuel/dev/airflow_learning/venv/lib/python3.10/site-packages/airflow/example_dags/example_latest_only_with_trigger.py
[2023-08-24T15:22:35.183+0100] {processor.py:829} INFO - Processing file /home/samuel/dev/airflow_learning/venv/lib/python3.10/site-packages/airflow/example_dags/example_latest_only_with_trigger.py for tasks to queue
[2023-08-24T15:22:35.184+0100] {logging_mixin.py:151} INFO - [2023-08-24T15:22:35.183+0100] {dagbag.py:539} INFO - Filling up the DagBag from /home/samuel/dev/airflow_learning/venv/lib/python3.10/site-packages/airflow/example_dags/example_latest_only_with_trigger.py
[2023-08-24T15:22:35.192+0100] {processor.py:839} INFO - DAG(s) dict_keys(['latest_only_with_trigger']) retrieved from /home/samuel/dev/airflow_learning/venv/lib/python3.10/site-packages/airflow/example_dags/example_latest_only_with_trigger.py
[2023-08-24T15:22:35.523+0100] {logging_mixin.py:151} INFO - [2023-08-24T15:22:35.522+0100] {manager.py:501} INFO - Created Permission View: can edit on DAG:latest_only_with_trigger
[2023-08-24T15:22:35.656+0100] {logging_mixin.py:151} INFO - [2023-08-24T15:22:35.656+0100] {manager.py:501} INFO - Created Permission View: can delete on DAG:latest_only_with_trigger
[2023-08-24T15:22:35.778+0100] {logging_mixin.py:151} INFO - [2023-08-24T15:22:35.778+0100] {manager.py:501} INFO - Created Permission View: can read on DAG:latest_only_with_trigger
[2023-08-24T15:22:35.809+0100] {logging_mixin.py:151} INFO - [2023-08-24T15:22:35.808+0100] {dag.py:2907} INFO - Sync 1 DAGs
[2023-08-24T15:22:35.830+0100] {logging_mixin.py:151} INFO - [2023-08-24T15:22:35.829+0100] {dag.py:2929} INFO - Creating ORM DAG for latest_only_with_trigger
[2023-08-24T15:22:35.844+0100] {logging_mixin.py:151} INFO - [2023-08-24T15:22:35.844+0100] {dag.py:3677} INFO - Setting next_dagrun for latest_only_with_trigger to 2023-08-24T10:22:35.844329+00:00, run_after=2023-08-24T14:22:35.844329+00:00
[2023-08-24T15:22:36.016+0100] {processor.py:179} INFO - Processing /home/samuel/dev/airflow_learning/venv/lib/python3.10/site-packages/airflow/example_dags/example_latest_only_with_trigger.py took 0.838 seconds
[2023-08-24T15:23:49.397+0100] {processor.py:157} INFO - Started process (PID=5426) to work on /home/samuel/dev/airflow_learning/venv/lib/python3.10/site-packages/airflow/example_dags/example_latest_only_with_trigger.py
[2023-08-24T15:23:49.416+0100] {processor.py:829} INFO - Processing file /home/samuel/dev/airflow_learning/venv/lib/python3.10/site-packages/airflow/example_dags/example_latest_only_with_trigger.py for tasks to queue
[2023-08-24T15:23:49.417+0100] {logging_mixin.py:151} INFO - [2023-08-24T15:23:49.417+0100] {dagbag.py:539} INFO - Filling up the DagBag from /home/samuel/dev/airflow_learning/venv/lib/python3.10/site-packages/airflow/example_dags/example_latest_only_with_trigger.py
[2023-08-24T15:23:49.426+0100] {processor.py:839} INFO - DAG(s) dict_keys(['latest_only_with_trigger']) retrieved from /home/samuel/dev/airflow_learning/venv/lib/python3.10/site-packages/airflow/example_dags/example_latest_only_with_trigger.py
[2023-08-24T15:23:49.447+0100] {logging_mixin.py:151} INFO - [2023-08-24T15:23:49.447+0100] {dag.py:2907} INFO - Sync 1 DAGs
[2023-08-24T15:23:49.470+0100] {logging_mixin.py:151} INFO - [2023-08-24T15:23:49.469+0100] {dag.py:3677} INFO - Setting next_dagrun for latest_only_with_trigger to 2023-08-24T10:23:49.469547+00:00, run_after=2023-08-24T14:23:49.469547+00:00
[2023-08-24T15:23:49.573+0100] {processor.py:179} INFO - Processing /home/samuel/dev/airflow_learning/venv/lib/python3.10/site-packages/airflow/example_dags/example_latest_only_with_trigger.py took 0.180 seconds
[2023-08-24T15:24:42.990+0100] {processor.py:157} INFO - Started process (PID=5483) to work on /home/samuel/dev/airflow_learning/venv/lib/python3.10/site-packages/airflow/example_dags/example_latest_only_with_trigger.py
[2023-08-24T15:24:43.009+0100] {processor.py:829} INFO - Processing file /home/samuel/dev/airflow_learning/venv/lib/python3.10/site-packages/airflow/example_dags/example_latest_only_with_trigger.py for tasks to queue
[2023-08-24T15:24:43.010+0100] {logging_mixin.py:151} INFO - [2023-08-24T15:24:43.010+0100] {dagbag.py:539} INFO - Filling up the DagBag from /home/samuel/dev/airflow_learning/venv/lib/python3.10/site-packages/airflow/example_dags/example_latest_only_with_trigger.py
[2023-08-24T15:24:43.019+0100] {processor.py:839} INFO - DAG(s) dict_keys(['latest_only_with_trigger']) retrieved from /home/samuel/dev/airflow_learning/venv/lib/python3.10/site-packages/airflow/example_dags/example_latest_only_with_trigger.py
[2023-08-24T15:24:43.043+0100] {logging_mixin.py:151} INFO - [2023-08-24T15:24:43.043+0100] {dag.py:2907} INFO - Sync 1 DAGs
[2023-08-24T15:24:43.066+0100] {logging_mixin.py:151} INFO - [2023-08-24T15:24:43.066+0100] {dag.py:3677} INFO - Setting next_dagrun for latest_only_with_trigger to 2023-08-24T10:24:43.066072+00:00, run_after=2023-08-24T14:24:43.066072+00:00
[2023-08-24T15:24:43.171+0100] {processor.py:179} INFO - Processing /home/samuel/dev/airflow_learning/venv/lib/python3.10/site-packages/airflow/example_dags/example_latest_only_with_trigger.py took 0.185 seconds
[2023-08-24T15:25:32.438+0100] {processor.py:157} INFO - Started process (PID=5532) to work on /home/samuel/dev/airflow_learning/venv/lib/python3.10/site-packages/airflow/example_dags/example_latest_only_with_trigger.py
[2023-08-24T15:25:32.441+0100] {processor.py:829} INFO - Processing file /home/samuel/dev/airflow_learning/venv/lib/python3.10/site-packages/airflow/example_dags/example_latest_only_with_trigger.py for tasks to queue
[2023-08-24T15:25:32.442+0100] {logging_mixin.py:151} INFO - [2023-08-24T15:25:32.442+0100] {dagbag.py:539} INFO - Filling up the DagBag from /home/samuel/dev/airflow_learning/venv/lib/python3.10/site-packages/airflow/example_dags/example_latest_only_with_trigger.py
[2023-08-24T15:25:32.451+0100] {processor.py:839} INFO - DAG(s) dict_keys(['latest_only_with_trigger']) retrieved from /home/samuel/dev/airflow_learning/venv/lib/python3.10/site-packages/airflow/example_dags/example_latest_only_with_trigger.py
[2023-08-24T15:25:32.469+0100] {logging_mixin.py:151} INFO - [2023-08-24T15:25:32.469+0100] {dag.py:2907} INFO - Sync 1 DAGs
[2023-08-24T15:25:32.489+0100] {logging_mixin.py:151} INFO - [2023-08-24T15:25:32.489+0100] {dag.py:3677} INFO - Setting next_dagrun for latest_only_with_trigger to 2023-08-24T10:25:32.488963+00:00, run_after=2023-08-24T14:25:32.488963+00:00
[2023-08-24T15:25:32.617+0100] {processor.py:179} INFO - Processing /home/samuel/dev/airflow_learning/venv/lib/python3.10/site-packages/airflow/example_dags/example_latest_only_with_trigger.py took 0.183 seconds
[2023-08-24T15:26:27.800+0100] {processor.py:157} INFO - Started process (PID=5583) to work on /home/samuel/dev/airflow_learning/venv/lib/python3.10/site-packages/airflow/example_dags/example_latest_only_with_trigger.py
[2023-08-24T15:26:27.803+0100] {processor.py:829} INFO - Processing file /home/samuel/dev/airflow_learning/venv/lib/python3.10/site-packages/airflow/example_dags/example_latest_only_with_trigger.py for tasks to queue
[2023-08-24T15:26:27.804+0100] {logging_mixin.py:151} INFO - [2023-08-24T15:26:27.804+0100] {dagbag.py:539} INFO - Filling up the DagBag from /home/samuel/dev/airflow_learning/venv/lib/python3.10/site-packages/airflow/example_dags/example_latest_only_with_trigger.py
[2023-08-24T15:26:27.813+0100] {processor.py:839} INFO - DAG(s) dict_keys(['latest_only_with_trigger']) retrieved from /home/samuel/dev/airflow_learning/venv/lib/python3.10/site-packages/airflow/example_dags/example_latest_only_with_trigger.py
[2023-08-24T15:26:27.833+0100] {logging_mixin.py:151} INFO - [2023-08-24T15:26:27.832+0100] {dag.py:2907} INFO - Sync 1 DAGs
[2023-08-24T15:26:27.854+0100] {logging_mixin.py:151} INFO - [2023-08-24T15:26:27.853+0100] {dag.py:3677} INFO - Setting next_dagrun for latest_only_with_trigger to 2023-08-24T10:26:27.853599+00:00, run_after=2023-08-24T14:26:27.853599+00:00
[2023-08-24T15:26:27.987+0100] {processor.py:179} INFO - Processing /home/samuel/dev/airflow_learning/venv/lib/python3.10/site-packages/airflow/example_dags/example_latest_only_with_trigger.py took 0.191 seconds
[2023-08-24T15:27:21.919+0100] {processor.py:157} INFO - Started process (PID=5636) to work on /home/samuel/dev/airflow_learning/venv/lib/python3.10/site-packages/airflow/example_dags/example_latest_only_with_trigger.py
[2023-08-24T15:27:21.927+0100] {processor.py:829} INFO - Processing file /home/samuel/dev/airflow_learning/venv/lib/python3.10/site-packages/airflow/example_dags/example_latest_only_with_trigger.py for tasks to queue
[2023-08-24T15:27:21.928+0100] {logging_mixin.py:151} INFO - [2023-08-24T15:27:21.928+0100] {dagbag.py:539} INFO - Filling up the DagBag from /home/samuel/dev/airflow_learning/venv/lib/python3.10/site-packages/airflow/example_dags/example_latest_only_with_trigger.py
[2023-08-24T15:27:21.935+0100] {processor.py:839} INFO - DAG(s) dict_keys(['latest_only_with_trigger']) retrieved from /home/samuel/dev/airflow_learning/venv/lib/python3.10/site-packages/airflow/example_dags/example_latest_only_with_trigger.py
[2023-08-24T15:27:21.952+0100] {logging_mixin.py:151} INFO - [2023-08-24T15:27:21.951+0100] {dag.py:2907} INFO - Sync 1 DAGs
[2023-08-24T15:27:21.971+0100] {logging_mixin.py:151} INFO - [2023-08-24T15:27:21.970+0100] {dag.py:3677} INFO - Setting next_dagrun for latest_only_with_trigger to 2023-08-24T10:27:21.970583+00:00, run_after=2023-08-24T14:27:21.970583+00:00
[2023-08-24T15:27:22.081+0100] {processor.py:179} INFO - Processing /home/samuel/dev/airflow_learning/venv/lib/python3.10/site-packages/airflow/example_dags/example_latest_only_with_trigger.py took 0.166 seconds
[2023-08-24T15:28:16.929+0100] {processor.py:157} INFO - Started process (PID=5690) to work on /home/samuel/dev/airflow_learning/venv/lib/python3.10/site-packages/airflow/example_dags/example_latest_only_with_trigger.py
[2023-08-24T15:28:16.930+0100] {processor.py:829} INFO - Processing file /home/samuel/dev/airflow_learning/venv/lib/python3.10/site-packages/airflow/example_dags/example_latest_only_with_trigger.py for tasks to queue
[2023-08-24T15:28:16.931+0100] {logging_mixin.py:151} INFO - [2023-08-24T15:28:16.931+0100] {dagbag.py:539} INFO - Filling up the DagBag from /home/samuel/dev/airflow_learning/venv/lib/python3.10/site-packages/airflow/example_dags/example_latest_only_with_trigger.py
[2023-08-24T15:28:16.938+0100] {processor.py:839} INFO - DAG(s) dict_keys(['latest_only_with_trigger']) retrieved from /home/samuel/dev/airflow_learning/venv/lib/python3.10/site-packages/airflow/example_dags/example_latest_only_with_trigger.py
[2023-08-24T15:28:16.955+0100] {logging_mixin.py:151} INFO - [2023-08-24T15:28:16.955+0100] {dag.py:2907} INFO - Sync 1 DAGs
[2023-08-24T15:28:16.977+0100] {logging_mixin.py:151} INFO - [2023-08-24T15:28:16.977+0100] {dag.py:3677} INFO - Setting next_dagrun for latest_only_with_trigger to 2023-08-24T10:28:16.976976+00:00, run_after=2023-08-24T14:28:16.976976+00:00
[2023-08-24T15:28:17.097+0100] {processor.py:179} INFO - Processing /home/samuel/dev/airflow_learning/venv/lib/python3.10/site-packages/airflow/example_dags/example_latest_only_with_trigger.py took 0.171 seconds
[2023-08-24T15:29:12.270+0100] {processor.py:157} INFO - Started process (PID=5762) to work on /home/samuel/dev/airflow_learning/venv/lib/python3.10/site-packages/airflow/example_dags/example_latest_only_with_trigger.py
[2023-08-24T15:29:12.298+0100] {processor.py:829} INFO - Processing file /home/samuel/dev/airflow_learning/venv/lib/python3.10/site-packages/airflow/example_dags/example_latest_only_with_trigger.py for tasks to queue
[2023-08-24T15:29:12.299+0100] {logging_mixin.py:151} INFO - [2023-08-24T15:29:12.299+0100] {dagbag.py:539} INFO - Filling up the DagBag from /home/samuel/dev/airflow_learning/venv/lib/python3.10/site-packages/airflow/example_dags/example_latest_only_with_trigger.py
[2023-08-24T15:29:12.308+0100] {processor.py:839} INFO - DAG(s) dict_keys(['latest_only_with_trigger']) retrieved from /home/samuel/dev/airflow_learning/venv/lib/python3.10/site-packages/airflow/example_dags/example_latest_only_with_trigger.py
[2023-08-24T15:29:12.329+0100] {logging_mixin.py:151} INFO - [2023-08-24T15:29:12.329+0100] {dag.py:2907} INFO - Sync 1 DAGs
[2023-08-24T15:29:12.357+0100] {logging_mixin.py:151} INFO - [2023-08-24T15:29:12.357+0100] {dag.py:3677} INFO - Setting next_dagrun for latest_only_with_trigger to 2023-08-24T10:29:12.356915+00:00, run_after=2023-08-24T14:29:12.356915+00:00
[2023-08-24T15:29:12.483+0100] {processor.py:179} INFO - Processing /home/samuel/dev/airflow_learning/venv/lib/python3.10/site-packages/airflow/example_dags/example_latest_only_with_trigger.py took 0.218 seconds
[2023-08-24T15:30:40.205+0100] {processor.py:157} INFO - Started process (PID=5940) to work on /home/samuel/dev/airflow_learning/venv/lib/python3.10/site-packages/airflow/example_dags/example_latest_only_with_trigger.py
[2023-08-24T15:30:40.228+0100] {processor.py:829} INFO - Processing file /home/samuel/dev/airflow_learning/venv/lib/python3.10/site-packages/airflow/example_dags/example_latest_only_with_trigger.py for tasks to queue
[2023-08-24T15:30:40.229+0100] {logging_mixin.py:151} INFO - [2023-08-24T15:30:40.228+0100] {dagbag.py:539} INFO - Filling up the DagBag from /home/samuel/dev/airflow_learning/venv/lib/python3.10/site-packages/airflow/example_dags/example_latest_only_with_trigger.py
[2023-08-24T15:30:40.237+0100] {processor.py:839} INFO - DAG(s) dict_keys(['latest_only_with_trigger']) retrieved from /home/samuel/dev/airflow_learning/venv/lib/python3.10/site-packages/airflow/example_dags/example_latest_only_with_trigger.py
[2023-08-24T15:30:40.252+0100] {logging_mixin.py:151} INFO - [2023-08-24T15:30:40.252+0100] {dag.py:2907} INFO - Sync 1 DAGs
[2023-08-24T15:30:40.272+0100] {logging_mixin.py:151} INFO - [2023-08-24T15:30:40.271+0100] {dag.py:3677} INFO - Setting next_dagrun for latest_only_with_trigger to 2023-08-24T10:30:40.271703+00:00, run_after=2023-08-24T14:30:40.271703+00:00
[2023-08-24T15:30:40.523+0100] {processor.py:179} INFO - Processing /home/samuel/dev/airflow_learning/venv/lib/python3.10/site-packages/airflow/example_dags/example_latest_only_with_trigger.py took 0.322 seconds
[2023-08-24T15:32:05.146+0100] {processor.py:157} INFO - Started process (PID=6073) to work on /home/samuel/dev/airflow_learning/venv/lib/python3.10/site-packages/airflow/example_dags/example_latest_only_with_trigger.py
[2023-08-24T15:32:05.179+0100] {processor.py:829} INFO - Processing file /home/samuel/dev/airflow_learning/venv/lib/python3.10/site-packages/airflow/example_dags/example_latest_only_with_trigger.py for tasks to queue
[2023-08-24T15:32:05.180+0100] {logging_mixin.py:151} INFO - [2023-08-24T15:32:05.179+0100] {dagbag.py:539} INFO - Filling up the DagBag from /home/samuel/dev/airflow_learning/venv/lib/python3.10/site-packages/airflow/example_dags/example_latest_only_with_trigger.py
[2023-08-24T15:32:05.188+0100] {processor.py:839} INFO - DAG(s) dict_keys(['latest_only_with_trigger']) retrieved from /home/samuel/dev/airflow_learning/venv/lib/python3.10/site-packages/airflow/example_dags/example_latest_only_with_trigger.py
[2023-08-24T15:32:05.209+0100] {logging_mixin.py:151} INFO - [2023-08-24T15:32:05.208+0100] {dag.py:2907} INFO - Sync 1 DAGs
[2023-08-24T15:32:05.233+0100] {logging_mixin.py:151} INFO - [2023-08-24T15:32:05.233+0100] {dag.py:3677} INFO - Setting next_dagrun for latest_only_with_trigger to 2023-08-24T10:32:05.232895+00:00, run_after=2023-08-24T14:32:05.232895+00:00
[2023-08-24T15:32:05.352+0100] {processor.py:179} INFO - Processing /home/samuel/dev/airflow_learning/venv/lib/python3.10/site-packages/airflow/example_dags/example_latest_only_with_trigger.py took 0.210 seconds
[2023-08-24T15:33:04.060+0100] {processor.py:157} INFO - Started process (PID=6139) to work on /home/samuel/dev/airflow_learning/venv/lib/python3.10/site-packages/airflow/example_dags/example_latest_only_with_trigger.py
[2023-08-24T15:33:04.091+0100] {processor.py:829} INFO - Processing file /home/samuel/dev/airflow_learning/venv/lib/python3.10/site-packages/airflow/example_dags/example_latest_only_with_trigger.py for tasks to queue
[2023-08-24T15:33:04.092+0100] {logging_mixin.py:151} INFO - [2023-08-24T15:33:04.092+0100] {dagbag.py:539} INFO - Filling up the DagBag from /home/samuel/dev/airflow_learning/venv/lib/python3.10/site-packages/airflow/example_dags/example_latest_only_with_trigger.py
[2023-08-24T15:33:04.100+0100] {processor.py:839} INFO - DAG(s) dict_keys(['latest_only_with_trigger']) retrieved from /home/samuel/dev/airflow_learning/venv/lib/python3.10/site-packages/airflow/example_dags/example_latest_only_with_trigger.py
[2023-08-24T15:33:04.121+0100] {logging_mixin.py:151} INFO - [2023-08-24T15:33:04.120+0100] {dag.py:2907} INFO - Sync 1 DAGs
[2023-08-24T15:33:04.143+0100] {logging_mixin.py:151} INFO - [2023-08-24T15:33:04.143+0100] {dag.py:3677} INFO - Setting next_dagrun for latest_only_with_trigger to 2023-08-24T10:33:04.142754+00:00, run_after=2023-08-24T14:33:04.142754+00:00
[2023-08-24T15:33:04.251+0100] {processor.py:179} INFO - Processing /home/samuel/dev/airflow_learning/venv/lib/python3.10/site-packages/airflow/example_dags/example_latest_only_with_trigger.py took 0.196 seconds
[2023-08-24T15:34:01.502+0100] {processor.py:157} INFO - Started process (PID=6199) to work on /home/samuel/dev/airflow_learning/venv/lib/python3.10/site-packages/airflow/example_dags/example_latest_only_with_trigger.py
[2023-08-24T15:34:01.504+0100] {processor.py:829} INFO - Processing file /home/samuel/dev/airflow_learning/venv/lib/python3.10/site-packages/airflow/example_dags/example_latest_only_with_trigger.py for tasks to queue
[2023-08-24T15:34:01.506+0100] {logging_mixin.py:151} INFO - [2023-08-24T15:34:01.505+0100] {dagbag.py:539} INFO - Filling up the DagBag from /home/samuel/dev/airflow_learning/venv/lib/python3.10/site-packages/airflow/example_dags/example_latest_only_with_trigger.py
[2023-08-24T15:34:01.514+0100] {processor.py:839} INFO - DAG(s) dict_keys(['latest_only_with_trigger']) retrieved from /home/samuel/dev/airflow_learning/venv/lib/python3.10/site-packages/airflow/example_dags/example_latest_only_with_trigger.py
[2023-08-24T15:34:01.533+0100] {logging_mixin.py:151} INFO - [2023-08-24T15:34:01.533+0100] {dag.py:2907} INFO - Sync 1 DAGs
[2023-08-24T15:34:01.553+0100] {logging_mixin.py:151} INFO - [2023-08-24T15:34:01.553+0100] {dag.py:3677} INFO - Setting next_dagrun for latest_only_with_trigger to 2023-08-24T10:34:01.553214+00:00, run_after=2023-08-24T14:34:01.553214+00:00
[2023-08-24T15:34:01.837+0100] {processor.py:179} INFO - Processing /home/samuel/dev/airflow_learning/venv/lib/python3.10/site-packages/airflow/example_dags/example_latest_only_with_trigger.py took 0.339 seconds
[2023-08-24T15:35:08.353+0100] {processor.py:157} INFO - Started process (PID=6262) to work on /home/samuel/dev/airflow_learning/venv/lib/python3.10/site-packages/airflow/example_dags/example_latest_only_with_trigger.py
[2023-08-24T15:35:08.354+0100] {processor.py:829} INFO - Processing file /home/samuel/dev/airflow_learning/venv/lib/python3.10/site-packages/airflow/example_dags/example_latest_only_with_trigger.py for tasks to queue
[2023-08-24T15:35:08.355+0100] {logging_mixin.py:151} INFO - [2023-08-24T15:35:08.355+0100] {dagbag.py:539} INFO - Filling up the DagBag from /home/samuel/dev/airflow_learning/venv/lib/python3.10/site-packages/airflow/example_dags/example_latest_only_with_trigger.py
[2023-08-24T15:35:08.364+0100] {processor.py:839} INFO - DAG(s) dict_keys(['latest_only_with_trigger']) retrieved from /home/samuel/dev/airflow_learning/venv/lib/python3.10/site-packages/airflow/example_dags/example_latest_only_with_trigger.py
[2023-08-24T15:35:08.383+0100] {logging_mixin.py:151} INFO - [2023-08-24T15:35:08.383+0100] {dag.py:2907} INFO - Sync 1 DAGs
[2023-08-24T15:35:08.402+0100] {logging_mixin.py:151} INFO - [2023-08-24T15:35:08.402+0100] {dag.py:3677} INFO - Setting next_dagrun for latest_only_with_trigger to 2023-08-24T10:35:08.402500+00:00, run_after=2023-08-24T14:35:08.402500+00:00
[2023-08-24T15:35:08.530+0100] {processor.py:179} INFO - Processing /home/samuel/dev/airflow_learning/venv/lib/python3.10/site-packages/airflow/example_dags/example_latest_only_with_trigger.py took 0.181 seconds
[2023-08-24T15:36:07.413+0100] {processor.py:157} INFO - Started process (PID=6333) to work on /home/samuel/dev/airflow_learning/venv/lib/python3.10/site-packages/airflow/example_dags/example_latest_only_with_trigger.py
[2023-08-24T15:36:07.417+0100] {processor.py:829} INFO - Processing file /home/samuel/dev/airflow_learning/venv/lib/python3.10/site-packages/airflow/example_dags/example_latest_only_with_trigger.py for tasks to queue
[2023-08-24T15:36:07.418+0100] {logging_mixin.py:151} INFO - [2023-08-24T15:36:07.417+0100] {dagbag.py:539} INFO - Filling up the DagBag from /home/samuel/dev/airflow_learning/venv/lib/python3.10/site-packages/airflow/example_dags/example_latest_only_with_trigger.py
[2023-08-24T15:36:07.426+0100] {processor.py:839} INFO - DAG(s) dict_keys(['latest_only_with_trigger']) retrieved from /home/samuel/dev/airflow_learning/venv/lib/python3.10/site-packages/airflow/example_dags/example_latest_only_with_trigger.py
[2023-08-24T15:36:07.444+0100] {logging_mixin.py:151} INFO - [2023-08-24T15:36:07.443+0100] {dag.py:2907} INFO - Sync 1 DAGs
[2023-08-24T15:36:07.462+0100] {logging_mixin.py:151} INFO - [2023-08-24T15:36:07.462+0100] {dag.py:3677} INFO - Setting next_dagrun for latest_only_with_trigger to 2023-08-24T10:36:07.462183+00:00, run_after=2023-08-24T14:36:07.462183+00:00
[2023-08-24T15:36:07.578+0100] {processor.py:179} INFO - Processing /home/samuel/dev/airflow_learning/venv/lib/python3.10/site-packages/airflow/example_dags/example_latest_only_with_trigger.py took 0.168 seconds
[2023-08-24T15:37:03.936+0100] {processor.py:157} INFO - Started process (PID=6387) to work on /home/samuel/dev/airflow_learning/venv/lib/python3.10/site-packages/airflow/example_dags/example_latest_only_with_trigger.py
[2023-08-24T15:37:03.937+0100] {processor.py:829} INFO - Processing file /home/samuel/dev/airflow_learning/venv/lib/python3.10/site-packages/airflow/example_dags/example_latest_only_with_trigger.py for tasks to queue
[2023-08-24T15:37:03.938+0100] {logging_mixin.py:151} INFO - [2023-08-24T15:37:03.938+0100] {dagbag.py:539} INFO - Filling up the DagBag from /home/samuel/dev/airflow_learning/venv/lib/python3.10/site-packages/airflow/example_dags/example_latest_only_with_trigger.py
[2023-08-24T15:37:03.946+0100] {processor.py:839} INFO - DAG(s) dict_keys(['latest_only_with_trigger']) retrieved from /home/samuel/dev/airflow_learning/venv/lib/python3.10/site-packages/airflow/example_dags/example_latest_only_with_trigger.py
[2023-08-24T15:37:03.967+0100] {logging_mixin.py:151} INFO - [2023-08-24T15:37:03.967+0100] {dag.py:2907} INFO - Sync 1 DAGs
[2023-08-24T15:37:03.990+0100] {logging_mixin.py:151} INFO - [2023-08-24T15:37:03.989+0100] {dag.py:3677} INFO - Setting next_dagrun for latest_only_with_trigger to 2023-08-24T10:37:03.989694+00:00, run_after=2023-08-24T14:37:03.989694+00:00
[2023-08-24T15:37:04.108+0100] {processor.py:179} INFO - Processing /home/samuel/dev/airflow_learning/venv/lib/python3.10/site-packages/airflow/example_dags/example_latest_only_with_trigger.py took 0.176 seconds
[2023-08-24T15:38:08.451+0100] {processor.py:157} INFO - Started process (PID=6439) to work on /home/samuel/dev/airflow_learning/venv/lib/python3.10/site-packages/airflow/example_dags/example_latest_only_with_trigger.py
[2023-08-24T15:38:08.460+0100] {processor.py:829} INFO - Processing file /home/samuel/dev/airflow_learning/venv/lib/python3.10/site-packages/airflow/example_dags/example_latest_only_with_trigger.py for tasks to queue
[2023-08-24T15:38:08.461+0100] {logging_mixin.py:151} INFO - [2023-08-24T15:38:08.461+0100] {dagbag.py:539} INFO - Filling up the DagBag from /home/samuel/dev/airflow_learning/venv/lib/python3.10/site-packages/airflow/example_dags/example_latest_only_with_trigger.py
[2023-08-24T15:38:08.469+0100] {processor.py:839} INFO - DAG(s) dict_keys(['latest_only_with_trigger']) retrieved from /home/samuel/dev/airflow_learning/venv/lib/python3.10/site-packages/airflow/example_dags/example_latest_only_with_trigger.py
[2023-08-24T15:38:08.488+0100] {logging_mixin.py:151} INFO - [2023-08-24T15:38:08.488+0100] {dag.py:2907} INFO - Sync 1 DAGs
[2023-08-24T15:38:08.509+0100] {logging_mixin.py:151} INFO - [2023-08-24T15:38:08.509+0100] {dag.py:3677} INFO - Setting next_dagrun for latest_only_with_trigger to 2023-08-24T10:38:08.508869+00:00, run_after=2023-08-24T14:38:08.508869+00:00
[2023-08-24T15:38:08.613+0100] {processor.py:179} INFO - Processing /home/samuel/dev/airflow_learning/venv/lib/python3.10/site-packages/airflow/example_dags/example_latest_only_with_trigger.py took 0.166 seconds
[2023-08-24T15:39:04.330+0100] {processor.py:157} INFO - Started process (PID=6494) to work on /home/samuel/dev/airflow_learning/venv/lib/python3.10/site-packages/airflow/example_dags/example_latest_only_with_trigger.py
[2023-08-24T15:39:04.363+0100] {processor.py:829} INFO - Processing file /home/samuel/dev/airflow_learning/venv/lib/python3.10/site-packages/airflow/example_dags/example_latest_only_with_trigger.py for tasks to queue
[2023-08-24T15:39:04.364+0100] {logging_mixin.py:151} INFO - [2023-08-24T15:39:04.364+0100] {dagbag.py:539} INFO - Filling up the DagBag from /home/samuel/dev/airflow_learning/venv/lib/python3.10/site-packages/airflow/example_dags/example_latest_only_with_trigger.py
[2023-08-24T15:39:04.373+0100] {processor.py:839} INFO - DAG(s) dict_keys(['latest_only_with_trigger']) retrieved from /home/samuel/dev/airflow_learning/venv/lib/python3.10/site-packages/airflow/example_dags/example_latest_only_with_trigger.py
[2023-08-24T15:39:04.393+0100] {logging_mixin.py:151} INFO - [2023-08-24T15:39:04.393+0100] {dag.py:2907} INFO - Sync 1 DAGs
[2023-08-24T15:39:04.417+0100] {logging_mixin.py:151} INFO - [2023-08-24T15:39:04.417+0100] {dag.py:3677} INFO - Setting next_dagrun for latest_only_with_trigger to 2023-08-24T10:39:04.417152+00:00, run_after=2023-08-24T14:39:04.417152+00:00
[2023-08-24T15:39:04.590+0100] {processor.py:179} INFO - Processing /home/samuel/dev/airflow_learning/venv/lib/python3.10/site-packages/airflow/example_dags/example_latest_only_with_trigger.py took 0.264 seconds
[2023-08-24T15:39:57.090+0100] {processor.py:157} INFO - Started process (PID=6556) to work on /home/samuel/dev/airflow_learning/venv/lib/python3.10/site-packages/airflow/example_dags/example_latest_only_with_trigger.py
[2023-08-24T15:39:57.156+0100] {processor.py:829} INFO - Processing file /home/samuel/dev/airflow_learning/venv/lib/python3.10/site-packages/airflow/example_dags/example_latest_only_with_trigger.py for tasks to queue
[2023-08-24T15:39:57.158+0100] {logging_mixin.py:151} INFO - [2023-08-24T15:39:57.157+0100] {dagbag.py:539} INFO - Filling up the DagBag from /home/samuel/dev/airflow_learning/venv/lib/python3.10/site-packages/airflow/example_dags/example_latest_only_with_trigger.py
[2023-08-24T15:39:57.167+0100] {processor.py:839} INFO - DAG(s) dict_keys(['latest_only_with_trigger']) retrieved from /home/samuel/dev/airflow_learning/venv/lib/python3.10/site-packages/airflow/example_dags/example_latest_only_with_trigger.py
[2023-08-24T15:39:57.395+0100] {logging_mixin.py:151} INFO - [2023-08-24T15:39:57.395+0100] {dag.py:2907} INFO - Sync 1 DAGs
[2023-08-24T15:39:57.665+0100] {logging_mixin.py:151} INFO - [2023-08-24T15:39:57.664+0100] {dag.py:3677} INFO - Setting next_dagrun for latest_only_with_trigger to 2023-08-24T10:39:57.664080+00:00, run_after=2023-08-24T14:39:57.664080+00:00
[2023-08-24T15:39:59.577+0100] {processor.py:179} INFO - Processing /home/samuel/dev/airflow_learning/venv/lib/python3.10/site-packages/airflow/example_dags/example_latest_only_with_trigger.py took 2.491 seconds
[2023-08-24T15:41:07.275+0100] {processor.py:157} INFO - Started process (PID=6633) to work on /home/samuel/dev/airflow_learning/venv/lib/python3.10/site-packages/airflow/example_dags/example_latest_only_with_trigger.py
[2023-08-24T15:41:07.307+0100] {processor.py:829} INFO - Processing file /home/samuel/dev/airflow_learning/venv/lib/python3.10/site-packages/airflow/example_dags/example_latest_only_with_trigger.py for tasks to queue
[2023-08-24T15:41:07.308+0100] {logging_mixin.py:151} INFO - [2023-08-24T15:41:07.307+0100] {dagbag.py:539} INFO - Filling up the DagBag from /home/samuel/dev/airflow_learning/venv/lib/python3.10/site-packages/airflow/example_dags/example_latest_only_with_trigger.py
[2023-08-24T15:41:07.317+0100] {processor.py:839} INFO - DAG(s) dict_keys(['latest_only_with_trigger']) retrieved from /home/samuel/dev/airflow_learning/venv/lib/python3.10/site-packages/airflow/example_dags/example_latest_only_with_trigger.py
[2023-08-24T15:41:07.338+0100] {logging_mixin.py:151} INFO - [2023-08-24T15:41:07.338+0100] {dag.py:2907} INFO - Sync 1 DAGs
[2023-08-24T15:41:07.360+0100] {logging_mixin.py:151} INFO - [2023-08-24T15:41:07.360+0100] {dag.py:3677} INFO - Setting next_dagrun for latest_only_with_trigger to 2023-08-24T10:41:07.360037+00:00, run_after=2023-08-24T14:41:07.360037+00:00
[2023-08-24T15:41:07.506+0100] {processor.py:179} INFO - Processing /home/samuel/dev/airflow_learning/venv/lib/python3.10/site-packages/airflow/example_dags/example_latest_only_with_trigger.py took 0.235 seconds
[2023-08-24T15:41:58.966+0100] {processor.py:157} INFO - Started process (PID=6685) to work on /home/samuel/dev/airflow_learning/venv/lib/python3.10/site-packages/airflow/example_dags/example_latest_only_with_trigger.py
[2023-08-24T15:41:59.001+0100] {processor.py:829} INFO - Processing file /home/samuel/dev/airflow_learning/venv/lib/python3.10/site-packages/airflow/example_dags/example_latest_only_with_trigger.py for tasks to queue
[2023-08-24T15:41:59.003+0100] {logging_mixin.py:151} INFO - [2023-08-24T15:41:59.002+0100] {dagbag.py:539} INFO - Filling up the DagBag from /home/samuel/dev/airflow_learning/venv/lib/python3.10/site-packages/airflow/example_dags/example_latest_only_with_trigger.py
[2023-08-24T15:41:59.012+0100] {processor.py:839} INFO - DAG(s) dict_keys(['latest_only_with_trigger']) retrieved from /home/samuel/dev/airflow_learning/venv/lib/python3.10/site-packages/airflow/example_dags/example_latest_only_with_trigger.py
[2023-08-24T15:41:59.033+0100] {logging_mixin.py:151} INFO - [2023-08-24T15:41:59.033+0100] {dag.py:2907} INFO - Sync 1 DAGs
[2023-08-24T15:41:59.057+0100] {logging_mixin.py:151} INFO - [2023-08-24T15:41:59.057+0100] {dag.py:3677} INFO - Setting next_dagrun for latest_only_with_trigger to 2023-08-24T10:41:59.057435+00:00, run_after=2023-08-24T14:41:59.057435+00:00
[2023-08-24T15:41:59.168+0100] {processor.py:179} INFO - Processing /home/samuel/dev/airflow_learning/venv/lib/python3.10/site-packages/airflow/example_dags/example_latest_only_with_trigger.py took 0.206 seconds
[2023-08-24T15:43:03.457+0100] {processor.py:157} INFO - Started process (PID=6804) to work on /home/samuel/dev/airflow_learning/venv/lib/python3.10/site-packages/airflow/example_dags/example_latest_only_with_trigger.py
[2023-08-24T15:43:03.484+0100] {processor.py:829} INFO - Processing file /home/samuel/dev/airflow_learning/venv/lib/python3.10/site-packages/airflow/example_dags/example_latest_only_with_trigger.py for tasks to queue
[2023-08-24T15:43:03.486+0100] {logging_mixin.py:151} INFO - [2023-08-24T15:43:03.485+0100] {dagbag.py:539} INFO - Filling up the DagBag from /home/samuel/dev/airflow_learning/venv/lib/python3.10/site-packages/airflow/example_dags/example_latest_only_with_trigger.py
[2023-08-24T15:43:03.495+0100] {processor.py:839} INFO - DAG(s) dict_keys(['latest_only_with_trigger']) retrieved from /home/samuel/dev/airflow_learning/venv/lib/python3.10/site-packages/airflow/example_dags/example_latest_only_with_trigger.py
[2023-08-24T15:43:03.515+0100] {logging_mixin.py:151} INFO - [2023-08-24T15:43:03.515+0100] {dag.py:2907} INFO - Sync 1 DAGs
[2023-08-24T15:43:03.537+0100] {logging_mixin.py:151} INFO - [2023-08-24T15:43:03.537+0100] {dag.py:3677} INFO - Setting next_dagrun for latest_only_with_trigger to 2023-08-24T10:43:03.537256+00:00, run_after=2023-08-24T14:43:03.537256+00:00
[2023-08-24T15:43:03.651+0100] {processor.py:179} INFO - Processing /home/samuel/dev/airflow_learning/venv/lib/python3.10/site-packages/airflow/example_dags/example_latest_only_with_trigger.py took 0.197 seconds
[2023-08-24T15:43:59.590+0100] {processor.py:157} INFO - Started process (PID=6858) to work on /home/samuel/dev/airflow_learning/venv/lib/python3.10/site-packages/airflow/example_dags/example_latest_only_with_trigger.py
[2023-08-24T15:43:59.630+0100] {processor.py:829} INFO - Processing file /home/samuel/dev/airflow_learning/venv/lib/python3.10/site-packages/airflow/example_dags/example_latest_only_with_trigger.py for tasks to queue
[2023-08-24T15:43:59.631+0100] {logging_mixin.py:151} INFO - [2023-08-24T15:43:59.631+0100] {dagbag.py:539} INFO - Filling up the DagBag from /home/samuel/dev/airflow_learning/venv/lib/python3.10/site-packages/airflow/example_dags/example_latest_only_with_trigger.py
[2023-08-24T15:43:59.640+0100] {processor.py:839} INFO - DAG(s) dict_keys(['latest_only_with_trigger']) retrieved from /home/samuel/dev/airflow_learning/venv/lib/python3.10/site-packages/airflow/example_dags/example_latest_only_with_trigger.py
[2023-08-24T15:43:59.661+0100] {logging_mixin.py:151} INFO - [2023-08-24T15:43:59.661+0100] {dag.py:2907} INFO - Sync 1 DAGs
[2023-08-24T15:43:59.681+0100] {logging_mixin.py:151} INFO - [2023-08-24T15:43:59.681+0100] {dag.py:3677} INFO - Setting next_dagrun for latest_only_with_trigger to 2023-08-24T10:43:59.681303+00:00, run_after=2023-08-24T14:43:59.681303+00:00
[2023-08-24T15:43:59.784+0100] {processor.py:179} INFO - Processing /home/samuel/dev/airflow_learning/venv/lib/python3.10/site-packages/airflow/example_dags/example_latest_only_with_trigger.py took 0.198 seconds
[2023-08-24T15:44:47.306+0100] {processor.py:157} INFO - Started process (PID=6905) to work on /home/samuel/dev/airflow_learning/venv/lib/python3.10/site-packages/airflow/example_dags/example_latest_only_with_trigger.py
[2023-08-24T15:44:47.309+0100] {processor.py:829} INFO - Processing file /home/samuel/dev/airflow_learning/venv/lib/python3.10/site-packages/airflow/example_dags/example_latest_only_with_trigger.py for tasks to queue
[2023-08-24T15:44:47.310+0100] {logging_mixin.py:151} INFO - [2023-08-24T15:44:47.309+0100] {dagbag.py:539} INFO - Filling up the DagBag from /home/samuel/dev/airflow_learning/venv/lib/python3.10/site-packages/airflow/example_dags/example_latest_only_with_trigger.py
[2023-08-24T15:44:47.318+0100] {processor.py:839} INFO - DAG(s) dict_keys(['latest_only_with_trigger']) retrieved from /home/samuel/dev/airflow_learning/venv/lib/python3.10/site-packages/airflow/example_dags/example_latest_only_with_trigger.py
[2023-08-24T15:44:47.337+0100] {logging_mixin.py:151} INFO - [2023-08-24T15:44:47.337+0100] {dag.py:2907} INFO - Sync 1 DAGs
[2023-08-24T15:44:47.357+0100] {logging_mixin.py:151} INFO - [2023-08-24T15:44:47.357+0100] {dag.py:3677} INFO - Setting next_dagrun for latest_only_with_trigger to 2023-08-24T10:44:47.356861+00:00, run_after=2023-08-24T14:44:47.356861+00:00
[2023-08-24T15:44:47.479+0100] {processor.py:179} INFO - Processing /home/samuel/dev/airflow_learning/venv/lib/python3.10/site-packages/airflow/example_dags/example_latest_only_with_trigger.py took 0.177 seconds
[2023-08-24T15:45:40.040+0100] {processor.py:157} INFO - Started process (PID=6956) to work on /home/samuel/dev/airflow_learning/venv/lib/python3.10/site-packages/airflow/example_dags/example_latest_only_with_trigger.py
[2023-08-24T15:45:40.050+0100] {processor.py:829} INFO - Processing file /home/samuel/dev/airflow_learning/venv/lib/python3.10/site-packages/airflow/example_dags/example_latest_only_with_trigger.py for tasks to queue
[2023-08-24T15:45:40.051+0100] {logging_mixin.py:151} INFO - [2023-08-24T15:45:40.051+0100] {dagbag.py:539} INFO - Filling up the DagBag from /home/samuel/dev/airflow_learning/venv/lib/python3.10/site-packages/airflow/example_dags/example_latest_only_with_trigger.py
[2023-08-24T15:45:40.058+0100] {processor.py:839} INFO - DAG(s) dict_keys(['latest_only_with_trigger']) retrieved from /home/samuel/dev/airflow_learning/venv/lib/python3.10/site-packages/airflow/example_dags/example_latest_only_with_trigger.py
[2023-08-24T15:45:40.074+0100] {logging_mixin.py:151} INFO - [2023-08-24T15:45:40.074+0100] {dag.py:2907} INFO - Sync 1 DAGs
[2023-08-24T15:45:40.092+0100] {logging_mixin.py:151} INFO - [2023-08-24T15:45:40.092+0100] {dag.py:3677} INFO - Setting next_dagrun for latest_only_with_trigger to 2023-08-24T10:45:40.092439+00:00, run_after=2023-08-24T14:45:40.092439+00:00
[2023-08-24T15:45:40.195+0100] {processor.py:179} INFO - Processing /home/samuel/dev/airflow_learning/venv/lib/python3.10/site-packages/airflow/example_dags/example_latest_only_with_trigger.py took 0.158 seconds
[2023-08-24T15:46:33.066+0100] {processor.py:157} INFO - Started process (PID=7006) to work on /home/samuel/dev/airflow_learning/venv/lib/python3.10/site-packages/airflow/example_dags/example_latest_only_with_trigger.py
[2023-08-24T15:46:33.068+0100] {processor.py:829} INFO - Processing file /home/samuel/dev/airflow_learning/venv/lib/python3.10/site-packages/airflow/example_dags/example_latest_only_with_trigger.py for tasks to queue
[2023-08-24T15:46:33.069+0100] {logging_mixin.py:151} INFO - [2023-08-24T15:46:33.069+0100] {dagbag.py:539} INFO - Filling up the DagBag from /home/samuel/dev/airflow_learning/venv/lib/python3.10/site-packages/airflow/example_dags/example_latest_only_with_trigger.py
[2023-08-24T15:46:33.078+0100] {processor.py:839} INFO - DAG(s) dict_keys(['latest_only_with_trigger']) retrieved from /home/samuel/dev/airflow_learning/venv/lib/python3.10/site-packages/airflow/example_dags/example_latest_only_with_trigger.py
[2023-08-24T15:46:33.096+0100] {logging_mixin.py:151} INFO - [2023-08-24T15:46:33.096+0100] {dag.py:2907} INFO - Sync 1 DAGs
[2023-08-24T15:46:33.115+0100] {logging_mixin.py:151} INFO - [2023-08-24T15:46:33.114+0100] {dag.py:3677} INFO - Setting next_dagrun for latest_only_with_trigger to 2023-08-24T10:46:33.114681+00:00, run_after=2023-08-24T14:46:33.114681+00:00
[2023-08-24T15:46:33.244+0100] {processor.py:179} INFO - Processing /home/samuel/dev/airflow_learning/venv/lib/python3.10/site-packages/airflow/example_dags/example_latest_only_with_trigger.py took 0.182 seconds
[2023-08-24T15:47:27.397+0100] {processor.py:157} INFO - Started process (PID=7056) to work on /home/samuel/dev/airflow_learning/venv/lib/python3.10/site-packages/airflow/example_dags/example_latest_only_with_trigger.py
[2023-08-24T15:47:27.400+0100] {processor.py:829} INFO - Processing file /home/samuel/dev/airflow_learning/venv/lib/python3.10/site-packages/airflow/example_dags/example_latest_only_with_trigger.py for tasks to queue
[2023-08-24T15:47:27.401+0100] {logging_mixin.py:151} INFO - [2023-08-24T15:47:27.401+0100] {dagbag.py:539} INFO - Filling up the DagBag from /home/samuel/dev/airflow_learning/venv/lib/python3.10/site-packages/airflow/example_dags/example_latest_only_with_trigger.py
[2023-08-24T15:47:27.409+0100] {processor.py:839} INFO - DAG(s) dict_keys(['latest_only_with_trigger']) retrieved from /home/samuel/dev/airflow_learning/venv/lib/python3.10/site-packages/airflow/example_dags/example_latest_only_with_trigger.py
[2023-08-24T15:47:27.428+0100] {logging_mixin.py:151} INFO - [2023-08-24T15:47:27.428+0100] {dag.py:2907} INFO - Sync 1 DAGs
[2023-08-24T15:47:27.448+0100] {logging_mixin.py:151} INFO - [2023-08-24T15:47:27.447+0100] {dag.py:3677} INFO - Setting next_dagrun for latest_only_with_trigger to 2023-08-24T10:47:27.447688+00:00, run_after=2023-08-24T14:47:27.447688+00:00
[2023-08-24T15:47:27.570+0100] {processor.py:179} INFO - Processing /home/samuel/dev/airflow_learning/venv/lib/python3.10/site-packages/airflow/example_dags/example_latest_only_with_trigger.py took 0.176 seconds
[2023-08-24T15:48:19.987+0100] {processor.py:157} INFO - Started process (PID=7125) to work on /home/samuel/dev/airflow_learning/venv/lib/python3.10/site-packages/airflow/example_dags/example_latest_only_with_trigger.py
[2023-08-24T15:48:20.060+0100] {processor.py:829} INFO - Processing file /home/samuel/dev/airflow_learning/venv/lib/python3.10/site-packages/airflow/example_dags/example_latest_only_with_trigger.py for tasks to queue
[2023-08-24T15:48:20.062+0100] {logging_mixin.py:151} INFO - [2023-08-24T15:48:20.061+0100] {dagbag.py:539} INFO - Filling up the DagBag from /home/samuel/dev/airflow_learning/venv/lib/python3.10/site-packages/airflow/example_dags/example_latest_only_with_trigger.py
[2023-08-24T15:48:20.070+0100] {processor.py:839} INFO - DAG(s) dict_keys(['latest_only_with_trigger']) retrieved from /home/samuel/dev/airflow_learning/venv/lib/python3.10/site-packages/airflow/example_dags/example_latest_only_with_trigger.py
[2023-08-24T15:48:20.090+0100] {logging_mixin.py:151} INFO - [2023-08-24T15:48:20.090+0100] {dag.py:2907} INFO - Sync 1 DAGs
[2023-08-24T15:48:20.114+0100] {logging_mixin.py:151} INFO - [2023-08-24T15:48:20.114+0100] {dag.py:3677} INFO - Setting next_dagrun for latest_only_with_trigger to 2023-08-24T10:48:20.114315+00:00, run_after=2023-08-24T14:48:20.114315+00:00
[2023-08-24T15:48:20.391+0100] {processor.py:179} INFO - Processing /home/samuel/dev/airflow_learning/venv/lib/python3.10/site-packages/airflow/example_dags/example_latest_only_with_trigger.py took 0.408 seconds
[2023-08-24T15:49:13.073+0100] {processor.py:157} INFO - Started process (PID=7174) to work on /home/samuel/dev/airflow_learning/venv/lib/python3.10/site-packages/airflow/example_dags/example_latest_only_with_trigger.py
[2023-08-24T15:49:13.098+0100] {processor.py:829} INFO - Processing file /home/samuel/dev/airflow_learning/venv/lib/python3.10/site-packages/airflow/example_dags/example_latest_only_with_trigger.py for tasks to queue
[2023-08-24T15:49:13.099+0100] {logging_mixin.py:151} INFO - [2023-08-24T15:49:13.098+0100] {dagbag.py:539} INFO - Filling up the DagBag from /home/samuel/dev/airflow_learning/venv/lib/python3.10/site-packages/airflow/example_dags/example_latest_only_with_trigger.py
[2023-08-24T15:49:13.107+0100] {processor.py:839} INFO - DAG(s) dict_keys(['latest_only_with_trigger']) retrieved from /home/samuel/dev/airflow_learning/venv/lib/python3.10/site-packages/airflow/example_dags/example_latest_only_with_trigger.py
[2023-08-24T15:49:13.128+0100] {logging_mixin.py:151} INFO - [2023-08-24T15:49:13.127+0100] {dag.py:2907} INFO - Sync 1 DAGs
[2023-08-24T15:49:13.150+0100] {logging_mixin.py:151} INFO - [2023-08-24T15:49:13.150+0100] {dag.py:3677} INFO - Setting next_dagrun for latest_only_with_trigger to 2023-08-24T10:49:13.150074+00:00, run_after=2023-08-24T14:49:13.150074+00:00
[2023-08-24T15:49:13.257+0100] {processor.py:179} INFO - Processing /home/samuel/dev/airflow_learning/venv/lib/python3.10/site-packages/airflow/example_dags/example_latest_only_with_trigger.py took 0.188 seconds
[2023-08-24T15:50:01.810+0100] {processor.py:157} INFO - Started process (PID=7220) to work on /home/samuel/dev/airflow_learning/venv/lib/python3.10/site-packages/airflow/example_dags/example_latest_only_with_trigger.py
[2023-08-24T15:50:01.846+0100] {processor.py:829} INFO - Processing file /home/samuel/dev/airflow_learning/venv/lib/python3.10/site-packages/airflow/example_dags/example_latest_only_with_trigger.py for tasks to queue
[2023-08-24T15:50:01.847+0100] {logging_mixin.py:151} INFO - [2023-08-24T15:50:01.847+0100] {dagbag.py:539} INFO - Filling up the DagBag from /home/samuel/dev/airflow_learning/venv/lib/python3.10/site-packages/airflow/example_dags/example_latest_only_with_trigger.py
[2023-08-24T15:50:01.856+0100] {processor.py:839} INFO - DAG(s) dict_keys(['latest_only_with_trigger']) retrieved from /home/samuel/dev/airflow_learning/venv/lib/python3.10/site-packages/airflow/example_dags/example_latest_only_with_trigger.py
[2023-08-24T15:50:01.876+0100] {logging_mixin.py:151} INFO - [2023-08-24T15:50:01.876+0100] {dag.py:2907} INFO - Sync 1 DAGs
[2023-08-24T15:50:01.900+0100] {logging_mixin.py:151} INFO - [2023-08-24T15:50:01.899+0100] {dag.py:3677} INFO - Setting next_dagrun for latest_only_with_trigger to 2023-08-24T10:50:01.899687+00:00, run_after=2023-08-24T14:50:01.899687+00:00
[2023-08-24T15:50:01.996+0100] {processor.py:179} INFO - Processing /home/samuel/dev/airflow_learning/venv/lib/python3.10/site-packages/airflow/example_dags/example_latest_only_with_trigger.py took 0.190 seconds
[2023-08-24T15:50:51.985+0100] {processor.py:157} INFO - Started process (PID=7268) to work on /home/samuel/dev/airflow_learning/venv/lib/python3.10/site-packages/airflow/example_dags/example_latest_only_with_trigger.py
[2023-08-24T15:50:52.016+0100] {processor.py:829} INFO - Processing file /home/samuel/dev/airflow_learning/venv/lib/python3.10/site-packages/airflow/example_dags/example_latest_only_with_trigger.py for tasks to queue
[2023-08-24T15:50:52.017+0100] {logging_mixin.py:151} INFO - [2023-08-24T15:50:52.017+0100] {dagbag.py:539} INFO - Filling up the DagBag from /home/samuel/dev/airflow_learning/venv/lib/python3.10/site-packages/airflow/example_dags/example_latest_only_with_trigger.py
[2023-08-24T15:50:52.026+0100] {processor.py:839} INFO - DAG(s) dict_keys(['latest_only_with_trigger']) retrieved from /home/samuel/dev/airflow_learning/venv/lib/python3.10/site-packages/airflow/example_dags/example_latest_only_with_trigger.py
[2023-08-24T15:50:52.046+0100] {logging_mixin.py:151} INFO - [2023-08-24T15:50:52.046+0100] {dag.py:2907} INFO - Sync 1 DAGs
[2023-08-24T15:50:52.069+0100] {logging_mixin.py:151} INFO - [2023-08-24T15:50:52.068+0100] {dag.py:3677} INFO - Setting next_dagrun for latest_only_with_trigger to 2023-08-24T10:50:52.068644+00:00, run_after=2023-08-24T14:50:52.068644+00:00
[2023-08-24T15:50:52.208+0100] {processor.py:179} INFO - Processing /home/samuel/dev/airflow_learning/venv/lib/python3.10/site-packages/airflow/example_dags/example_latest_only_with_trigger.py took 0.226 seconds
[2023-08-24T15:51:47.173+0100] {processor.py:157} INFO - Started process (PID=7325) to work on /home/samuel/dev/airflow_learning/venv/lib/python3.10/site-packages/airflow/example_dags/example_latest_only_with_trigger.py
[2023-08-24T15:51:47.176+0100] {processor.py:829} INFO - Processing file /home/samuel/dev/airflow_learning/venv/lib/python3.10/site-packages/airflow/example_dags/example_latest_only_with_trigger.py for tasks to queue
[2023-08-24T15:51:47.177+0100] {logging_mixin.py:151} INFO - [2023-08-24T15:51:47.177+0100] {dagbag.py:539} INFO - Filling up the DagBag from /home/samuel/dev/airflow_learning/venv/lib/python3.10/site-packages/airflow/example_dags/example_latest_only_with_trigger.py
[2023-08-24T15:51:47.185+0100] {processor.py:839} INFO - DAG(s) dict_keys(['latest_only_with_trigger']) retrieved from /home/samuel/dev/airflow_learning/venv/lib/python3.10/site-packages/airflow/example_dags/example_latest_only_with_trigger.py
[2023-08-24T15:51:47.204+0100] {logging_mixin.py:151} INFO - [2023-08-24T15:51:47.204+0100] {dag.py:2907} INFO - Sync 1 DAGs
[2023-08-24T15:51:47.224+0100] {logging_mixin.py:151} INFO - [2023-08-24T15:51:47.224+0100] {dag.py:3677} INFO - Setting next_dagrun for latest_only_with_trigger to 2023-08-24T10:51:47.223663+00:00, run_after=2023-08-24T14:51:47.223663+00:00
[2023-08-24T15:51:47.362+0100] {processor.py:179} INFO - Processing /home/samuel/dev/airflow_learning/venv/lib/python3.10/site-packages/airflow/example_dags/example_latest_only_with_trigger.py took 0.192 seconds
[2023-08-24T15:52:34.661+0100] {processor.py:157} INFO - Started process (PID=7374) to work on /home/samuel/dev/airflow_learning/venv/lib/python3.10/site-packages/airflow/example_dags/example_latest_only_with_trigger.py
[2023-08-24T15:52:34.664+0100] {processor.py:829} INFO - Processing file /home/samuel/dev/airflow_learning/venv/lib/python3.10/site-packages/airflow/example_dags/example_latest_only_with_trigger.py for tasks to queue
[2023-08-24T15:52:34.665+0100] {logging_mixin.py:151} INFO - [2023-08-24T15:52:34.665+0100] {dagbag.py:539} INFO - Filling up the DagBag from /home/samuel/dev/airflow_learning/venv/lib/python3.10/site-packages/airflow/example_dags/example_latest_only_with_trigger.py
[2023-08-24T15:52:34.673+0100] {processor.py:839} INFO - DAG(s) dict_keys(['latest_only_with_trigger']) retrieved from /home/samuel/dev/airflow_learning/venv/lib/python3.10/site-packages/airflow/example_dags/example_latest_only_with_trigger.py
[2023-08-24T15:52:34.692+0100] {logging_mixin.py:151} INFO - [2023-08-24T15:52:34.692+0100] {dag.py:2907} INFO - Sync 1 DAGs
[2023-08-24T15:52:34.712+0100] {logging_mixin.py:151} INFO - [2023-08-24T15:52:34.712+0100] {dag.py:3677} INFO - Setting next_dagrun for latest_only_with_trigger to 2023-08-24T10:52:34.711931+00:00, run_after=2023-08-24T14:52:34.711931+00:00
[2023-08-24T15:52:34.829+0100] {processor.py:179} INFO - Processing /home/samuel/dev/airflow_learning/venv/lib/python3.10/site-packages/airflow/example_dags/example_latest_only_with_trigger.py took 0.172 seconds
[2023-08-24T15:53:25.714+0100] {processor.py:157} INFO - Started process (PID=7488) to work on /home/samuel/dev/airflow_learning/venv/lib/python3.10/site-packages/airflow/example_dags/example_latest_only_with_trigger.py
[2023-08-24T15:53:25.729+0100] {processor.py:829} INFO - Processing file /home/samuel/dev/airflow_learning/venv/lib/python3.10/site-packages/airflow/example_dags/example_latest_only_with_trigger.py for tasks to queue
[2023-08-24T15:53:25.730+0100] {logging_mixin.py:151} INFO - [2023-08-24T15:53:25.730+0100] {dagbag.py:539} INFO - Filling up the DagBag from /home/samuel/dev/airflow_learning/venv/lib/python3.10/site-packages/airflow/example_dags/example_latest_only_with_trigger.py
[2023-08-24T15:53:25.738+0100] {processor.py:839} INFO - DAG(s) dict_keys(['latest_only_with_trigger']) retrieved from /home/samuel/dev/airflow_learning/venv/lib/python3.10/site-packages/airflow/example_dags/example_latest_only_with_trigger.py
[2023-08-24T15:53:25.758+0100] {logging_mixin.py:151} INFO - [2023-08-24T15:53:25.758+0100] {dag.py:2907} INFO - Sync 1 DAGs
[2023-08-24T15:53:25.781+0100] {logging_mixin.py:151} INFO - [2023-08-24T15:53:25.781+0100] {dag.py:3677} INFO - Setting next_dagrun for latest_only_with_trigger to 2023-08-24T10:53:25.781190+00:00, run_after=2023-08-24T14:53:25.781190+00:00
[2023-08-24T15:53:25.898+0100] {processor.py:179} INFO - Processing /home/samuel/dev/airflow_learning/venv/lib/python3.10/site-packages/airflow/example_dags/example_latest_only_with_trigger.py took 0.188 seconds
[2023-08-24T15:54:31.308+0100] {processor.py:157} INFO - Started process (PID=7581) to work on /home/samuel/dev/airflow_learning/venv/lib/python3.10/site-packages/airflow/example_dags/example_latest_only_with_trigger.py
[2023-08-24T15:54:31.346+0100] {processor.py:829} INFO - Processing file /home/samuel/dev/airflow_learning/venv/lib/python3.10/site-packages/airflow/example_dags/example_latest_only_with_trigger.py for tasks to queue
[2023-08-24T15:54:31.347+0100] {logging_mixin.py:151} INFO - [2023-08-24T15:54:31.347+0100] {dagbag.py:539} INFO - Filling up the DagBag from /home/samuel/dev/airflow_learning/venv/lib/python3.10/site-packages/airflow/example_dags/example_latest_only_with_trigger.py
[2023-08-24T15:54:31.356+0100] {processor.py:839} INFO - DAG(s) dict_keys(['latest_only_with_trigger']) retrieved from /home/samuel/dev/airflow_learning/venv/lib/python3.10/site-packages/airflow/example_dags/example_latest_only_with_trigger.py
[2023-08-24T15:54:31.379+0100] {logging_mixin.py:151} INFO - [2023-08-24T15:54:31.378+0100] {dag.py:2907} INFO - Sync 1 DAGs
[2023-08-24T15:54:31.403+0100] {logging_mixin.py:151} INFO - [2023-08-24T15:54:31.402+0100] {dag.py:3677} INFO - Setting next_dagrun for latest_only_with_trigger to 2023-08-24T10:54:31.402606+00:00, run_after=2023-08-24T14:54:31.402606+00:00
[2023-08-24T15:54:31.529+0100] {processor.py:179} INFO - Processing /home/samuel/dev/airflow_learning/venv/lib/python3.10/site-packages/airflow/example_dags/example_latest_only_with_trigger.py took 0.224 seconds
[2023-08-24T15:55:32.777+0100] {processor.py:157} INFO - Started process (PID=7634) to work on /home/samuel/dev/airflow_learning/venv/lib/python3.10/site-packages/airflow/example_dags/example_latest_only_with_trigger.py
[2023-08-24T15:55:32.781+0100] {processor.py:829} INFO - Processing file /home/samuel/dev/airflow_learning/venv/lib/python3.10/site-packages/airflow/example_dags/example_latest_only_with_trigger.py for tasks to queue
[2023-08-24T15:55:32.782+0100] {logging_mixin.py:151} INFO - [2023-08-24T15:55:32.782+0100] {dagbag.py:539} INFO - Filling up the DagBag from /home/samuel/dev/airflow_learning/venv/lib/python3.10/site-packages/airflow/example_dags/example_latest_only_with_trigger.py
[2023-08-24T15:55:32.791+0100] {processor.py:839} INFO - DAG(s) dict_keys(['latest_only_with_trigger']) retrieved from /home/samuel/dev/airflow_learning/venv/lib/python3.10/site-packages/airflow/example_dags/example_latest_only_with_trigger.py
[2023-08-24T15:55:32.810+0100] {logging_mixin.py:151} INFO - [2023-08-24T15:55:32.810+0100] {dag.py:2907} INFO - Sync 1 DAGs
[2023-08-24T15:55:32.830+0100] {logging_mixin.py:151} INFO - [2023-08-24T15:55:32.830+0100] {dag.py:3677} INFO - Setting next_dagrun for latest_only_with_trigger to 2023-08-24T10:55:32.830243+00:00, run_after=2023-08-24T14:55:32.830243+00:00
[2023-08-24T15:55:32.946+0100] {processor.py:179} INFO - Processing /home/samuel/dev/airflow_learning/venv/lib/python3.10/site-packages/airflow/example_dags/example_latest_only_with_trigger.py took 0.173 seconds
[2023-08-24T15:56:25.333+0100] {processor.py:157} INFO - Started process (PID=7819) to work on /home/samuel/dev/airflow_learning/venv/lib/python3.10/site-packages/airflow/example_dags/example_latest_only_with_trigger.py
[2023-08-24T15:56:25.384+0100] {processor.py:829} INFO - Processing file /home/samuel/dev/airflow_learning/venv/lib/python3.10/site-packages/airflow/example_dags/example_latest_only_with_trigger.py for tasks to queue
[2023-08-24T15:56:25.385+0100] {logging_mixin.py:151} INFO - [2023-08-24T15:56:25.385+0100] {dagbag.py:539} INFO - Filling up the DagBag from /home/samuel/dev/airflow_learning/venv/lib/python3.10/site-packages/airflow/example_dags/example_latest_only_with_trigger.py
[2023-08-24T15:56:25.394+0100] {processor.py:839} INFO - DAG(s) dict_keys(['latest_only_with_trigger']) retrieved from /home/samuel/dev/airflow_learning/venv/lib/python3.10/site-packages/airflow/example_dags/example_latest_only_with_trigger.py
[2023-08-24T15:56:25.415+0100] {logging_mixin.py:151} INFO - [2023-08-24T15:56:25.415+0100] {dag.py:2907} INFO - Sync 1 DAGs
[2023-08-24T15:56:25.439+0100] {logging_mixin.py:151} INFO - [2023-08-24T15:56:25.439+0100] {dag.py:3677} INFO - Setting next_dagrun for latest_only_with_trigger to 2023-08-24T10:56:25.438791+00:00, run_after=2023-08-24T14:56:25.438791+00:00
[2023-08-24T15:56:25.641+0100] {processor.py:179} INFO - Processing /home/samuel/dev/airflow_learning/venv/lib/python3.10/site-packages/airflow/example_dags/example_latest_only_with_trigger.py took 0.312 seconds
[2023-08-24T15:57:15.046+0100] {processor.py:157} INFO - Started process (PID=7873) to work on /home/samuel/dev/airflow_learning/venv/lib/python3.10/site-packages/airflow/example_dags/example_latest_only_with_trigger.py
[2023-08-24T15:57:15.077+0100] {processor.py:829} INFO - Processing file /home/samuel/dev/airflow_learning/venv/lib/python3.10/site-packages/airflow/example_dags/example_latest_only_with_trigger.py for tasks to queue
[2023-08-24T15:57:15.079+0100] {logging_mixin.py:151} INFO - [2023-08-24T15:57:15.079+0100] {dagbag.py:539} INFO - Filling up the DagBag from /home/samuel/dev/airflow_learning/venv/lib/python3.10/site-packages/airflow/example_dags/example_latest_only_with_trigger.py
[2023-08-24T15:57:15.088+0100] {processor.py:839} INFO - DAG(s) dict_keys(['latest_only_with_trigger']) retrieved from /home/samuel/dev/airflow_learning/venv/lib/python3.10/site-packages/airflow/example_dags/example_latest_only_with_trigger.py
[2023-08-24T15:57:15.109+0100] {logging_mixin.py:151} INFO - [2023-08-24T15:57:15.108+0100] {dag.py:2907} INFO - Sync 1 DAGs
[2023-08-24T15:57:15.130+0100] {logging_mixin.py:151} INFO - [2023-08-24T15:57:15.130+0100] {dag.py:3677} INFO - Setting next_dagrun for latest_only_with_trigger to 2023-08-24T10:57:15.130026+00:00, run_after=2023-08-24T14:57:15.130026+00:00
[2023-08-24T15:57:15.240+0100] {processor.py:179} INFO - Processing /home/samuel/dev/airflow_learning/venv/lib/python3.10/site-packages/airflow/example_dags/example_latest_only_with_trigger.py took 0.198 seconds
[2023-08-24T15:58:07.034+0100] {processor.py:157} INFO - Started process (PID=7926) to work on /home/samuel/dev/airflow_learning/venv/lib/python3.10/site-packages/airflow/example_dags/example_latest_only_with_trigger.py
[2023-08-24T15:58:07.049+0100] {processor.py:829} INFO - Processing file /home/samuel/dev/airflow_learning/venv/lib/python3.10/site-packages/airflow/example_dags/example_latest_only_with_trigger.py for tasks to queue
[2023-08-24T15:58:07.050+0100] {logging_mixin.py:151} INFO - [2023-08-24T15:58:07.049+0100] {dagbag.py:539} INFO - Filling up the DagBag from /home/samuel/dev/airflow_learning/venv/lib/python3.10/site-packages/airflow/example_dags/example_latest_only_with_trigger.py
[2023-08-24T15:58:07.059+0100] {processor.py:839} INFO - DAG(s) dict_keys(['latest_only_with_trigger']) retrieved from /home/samuel/dev/airflow_learning/venv/lib/python3.10/site-packages/airflow/example_dags/example_latest_only_with_trigger.py
[2023-08-24T15:58:07.079+0100] {logging_mixin.py:151} INFO - [2023-08-24T15:58:07.079+0100] {dag.py:2907} INFO - Sync 1 DAGs
[2023-08-24T15:58:07.100+0100] {logging_mixin.py:151} INFO - [2023-08-24T15:58:07.100+0100] {dag.py:3677} INFO - Setting next_dagrun for latest_only_with_trigger to 2023-08-24T10:58:07.100137+00:00, run_after=2023-08-24T14:58:07.100137+00:00
[2023-08-24T15:58:07.216+0100] {processor.py:179} INFO - Processing /home/samuel/dev/airflow_learning/venv/lib/python3.10/site-packages/airflow/example_dags/example_latest_only_with_trigger.py took 0.186 seconds
[2023-08-24T15:58:58.381+0100] {processor.py:157} INFO - Started process (PID=7983) to work on /home/samuel/dev/airflow_learning/venv/lib/python3.10/site-packages/airflow/example_dags/example_latest_only_with_trigger.py
[2023-08-24T15:58:58.472+0100] {processor.py:829} INFO - Processing file /home/samuel/dev/airflow_learning/venv/lib/python3.10/site-packages/airflow/example_dags/example_latest_only_with_trigger.py for tasks to queue
[2023-08-24T15:58:58.473+0100] {logging_mixin.py:151} INFO - [2023-08-24T15:58:58.472+0100] {dagbag.py:539} INFO - Filling up the DagBag from /home/samuel/dev/airflow_learning/venv/lib/python3.10/site-packages/airflow/example_dags/example_latest_only_with_trigger.py
[2023-08-24T15:58:58.481+0100] {processor.py:839} INFO - DAG(s) dict_keys(['latest_only_with_trigger']) retrieved from /home/samuel/dev/airflow_learning/venv/lib/python3.10/site-packages/airflow/example_dags/example_latest_only_with_trigger.py
[2023-08-24T15:58:58.501+0100] {logging_mixin.py:151} INFO - [2023-08-24T15:58:58.501+0100] {dag.py:2907} INFO - Sync 1 DAGs
[2023-08-24T15:58:58.525+0100] {logging_mixin.py:151} INFO - [2023-08-24T15:58:58.525+0100] {dag.py:3677} INFO - Setting next_dagrun for latest_only_with_trigger to 2023-08-24T10:58:58.524724+00:00, run_after=2023-08-24T14:58:58.524724+00:00
[2023-08-24T15:58:59.513+0100] {processor.py:179} INFO - Processing /home/samuel/dev/airflow_learning/venv/lib/python3.10/site-packages/airflow/example_dags/example_latest_only_with_trigger.py took 1.136 seconds
[2023-08-24T15:59:58.391+0100] {processor.py:157} INFO - Started process (PID=8216) to work on /home/samuel/dev/airflow_learning/venv/lib/python3.10/site-packages/airflow/example_dags/example_latest_only_with_trigger.py
[2023-08-24T15:59:58.407+0100] {processor.py:829} INFO - Processing file /home/samuel/dev/airflow_learning/venv/lib/python3.10/site-packages/airflow/example_dags/example_latest_only_with_trigger.py for tasks to queue
[2023-08-24T15:59:58.408+0100] {logging_mixin.py:151} INFO - [2023-08-24T15:59:58.408+0100] {dagbag.py:539} INFO - Filling up the DagBag from /home/samuel/dev/airflow_learning/venv/lib/python3.10/site-packages/airflow/example_dags/example_latest_only_with_trigger.py
[2023-08-24T15:59:58.417+0100] {processor.py:839} INFO - DAG(s) dict_keys(['latest_only_with_trigger']) retrieved from /home/samuel/dev/airflow_learning/venv/lib/python3.10/site-packages/airflow/example_dags/example_latest_only_with_trigger.py
[2023-08-24T15:59:58.436+0100] {logging_mixin.py:151} INFO - [2023-08-24T15:59:58.436+0100] {dag.py:2907} INFO - Sync 1 DAGs
[2023-08-24T15:59:58.457+0100] {logging_mixin.py:151} INFO - [2023-08-24T15:59:58.457+0100] {dag.py:3677} INFO - Setting next_dagrun for latest_only_with_trigger to 2023-08-24T10:59:58.457467+00:00, run_after=2023-08-24T14:59:58.457467+00:00
[2023-08-24T15:59:58.555+0100] {processor.py:179} INFO - Processing /home/samuel/dev/airflow_learning/venv/lib/python3.10/site-packages/airflow/example_dags/example_latest_only_with_trigger.py took 0.167 seconds
[2023-08-24T16:00:51.661+0100] {processor.py:157} INFO - Started process (PID=8322) to work on /home/samuel/dev/airflow_learning/venv/lib/python3.10/site-packages/airflow/example_dags/example_latest_only_with_trigger.py
[2023-08-24T16:00:51.705+0100] {processor.py:829} INFO - Processing file /home/samuel/dev/airflow_learning/venv/lib/python3.10/site-packages/airflow/example_dags/example_latest_only_with_trigger.py for tasks to queue
[2023-08-24T16:00:51.707+0100] {logging_mixin.py:151} INFO - [2023-08-24T16:00:51.706+0100] {dagbag.py:539} INFO - Filling up the DagBag from /home/samuel/dev/airflow_learning/venv/lib/python3.10/site-packages/airflow/example_dags/example_latest_only_with_trigger.py
[2023-08-24T16:00:51.715+0100] {processor.py:839} INFO - DAG(s) dict_keys(['latest_only_with_trigger']) retrieved from /home/samuel/dev/airflow_learning/venv/lib/python3.10/site-packages/airflow/example_dags/example_latest_only_with_trigger.py
[2023-08-24T16:00:51.737+0100] {logging_mixin.py:151} INFO - [2023-08-24T16:00:51.737+0100] {dag.py:2907} INFO - Sync 1 DAGs
[2023-08-24T16:00:51.777+0100] {logging_mixin.py:151} INFO - [2023-08-24T16:00:51.777+0100] {dag.py:3677} INFO - Setting next_dagrun for latest_only_with_trigger to 2023-08-24T11:00:51.776872+00:00, run_after=2023-08-24T15:00:51.776872+00:00
[2023-08-24T16:00:51.905+0100] {processor.py:179} INFO - Processing /home/samuel/dev/airflow_learning/venv/lib/python3.10/site-packages/airflow/example_dags/example_latest_only_with_trigger.py took 0.247 seconds
[2023-08-24T16:01:46.819+0100] {processor.py:157} INFO - Started process (PID=8401) to work on /home/samuel/dev/airflow_learning/venv/lib/python3.10/site-packages/airflow/example_dags/example_latest_only_with_trigger.py
[2023-08-24T16:01:46.832+0100] {processor.py:829} INFO - Processing file /home/samuel/dev/airflow_learning/venv/lib/python3.10/site-packages/airflow/example_dags/example_latest_only_with_trigger.py for tasks to queue
[2023-08-24T16:01:46.834+0100] {logging_mixin.py:151} INFO - [2023-08-24T16:01:46.833+0100] {dagbag.py:539} INFO - Filling up the DagBag from /home/samuel/dev/airflow_learning/venv/lib/python3.10/site-packages/airflow/example_dags/example_latest_only_with_trigger.py
[2023-08-24T16:01:46.843+0100] {processor.py:839} INFO - DAG(s) dict_keys(['latest_only_with_trigger']) retrieved from /home/samuel/dev/airflow_learning/venv/lib/python3.10/site-packages/airflow/example_dags/example_latest_only_with_trigger.py
[2023-08-24T16:01:46.865+0100] {logging_mixin.py:151} INFO - [2023-08-24T16:01:46.865+0100] {dag.py:2907} INFO - Sync 1 DAGs
[2023-08-24T16:01:46.889+0100] {logging_mixin.py:151} INFO - [2023-08-24T16:01:46.888+0100] {dag.py:3677} INFO - Setting next_dagrun for latest_only_with_trigger to 2023-08-24T11:01:46.888555+00:00, run_after=2023-08-24T15:01:46.888555+00:00
[2023-08-24T16:01:46.988+0100] {processor.py:179} INFO - Processing /home/samuel/dev/airflow_learning/venv/lib/python3.10/site-packages/airflow/example_dags/example_latest_only_with_trigger.py took 0.174 seconds
[2023-08-24T16:02:38.865+0100] {processor.py:157} INFO - Started process (PID=8475) to work on /home/samuel/dev/airflow_learning/venv/lib/python3.10/site-packages/airflow/example_dags/example_latest_only_with_trigger.py
[2023-08-24T16:02:38.892+0100] {processor.py:829} INFO - Processing file /home/samuel/dev/airflow_learning/venv/lib/python3.10/site-packages/airflow/example_dags/example_latest_only_with_trigger.py for tasks to queue
[2023-08-24T16:02:38.893+0100] {logging_mixin.py:151} INFO - [2023-08-24T16:02:38.893+0100] {dagbag.py:539} INFO - Filling up the DagBag from /home/samuel/dev/airflow_learning/venv/lib/python3.10/site-packages/airflow/example_dags/example_latest_only_with_trigger.py
[2023-08-24T16:02:38.901+0100] {processor.py:839} INFO - DAG(s) dict_keys(['latest_only_with_trigger']) retrieved from /home/samuel/dev/airflow_learning/venv/lib/python3.10/site-packages/airflow/example_dags/example_latest_only_with_trigger.py
[2023-08-24T16:02:38.918+0100] {logging_mixin.py:151} INFO - [2023-08-24T16:02:38.918+0100] {dag.py:2907} INFO - Sync 1 DAGs
[2023-08-24T16:02:38.938+0100] {logging_mixin.py:151} INFO - [2023-08-24T16:02:38.937+0100] {dag.py:3677} INFO - Setting next_dagrun for latest_only_with_trigger to 2023-08-24T11:02:38.937538+00:00, run_after=2023-08-24T15:02:38.937538+00:00
[2023-08-24T16:02:39.036+0100] {processor.py:179} INFO - Processing /home/samuel/dev/airflow_learning/venv/lib/python3.10/site-packages/airflow/example_dags/example_latest_only_with_trigger.py took 0.174 seconds
[2023-08-24T16:03:29.274+0100] {processor.py:157} INFO - Started process (PID=8540) to work on /home/samuel/dev/airflow_learning/venv/lib/python3.10/site-packages/airflow/example_dags/example_latest_only_with_trigger.py
[2023-08-24T16:03:29.306+0100] {processor.py:829} INFO - Processing file /home/samuel/dev/airflow_learning/venv/lib/python3.10/site-packages/airflow/example_dags/example_latest_only_with_trigger.py for tasks to queue
[2023-08-24T16:03:29.307+0100] {logging_mixin.py:151} INFO - [2023-08-24T16:03:29.307+0100] {dagbag.py:539} INFO - Filling up the DagBag from /home/samuel/dev/airflow_learning/venv/lib/python3.10/site-packages/airflow/example_dags/example_latest_only_with_trigger.py
[2023-08-24T16:03:29.316+0100] {processor.py:839} INFO - DAG(s) dict_keys(['latest_only_with_trigger']) retrieved from /home/samuel/dev/airflow_learning/venv/lib/python3.10/site-packages/airflow/example_dags/example_latest_only_with_trigger.py
[2023-08-24T16:03:29.336+0100] {logging_mixin.py:151} INFO - [2023-08-24T16:03:29.336+0100] {dag.py:2907} INFO - Sync 1 DAGs
[2023-08-24T16:03:29.363+0100] {logging_mixin.py:151} INFO - [2023-08-24T16:03:29.363+0100] {dag.py:3677} INFO - Setting next_dagrun for latest_only_with_trigger to 2023-08-24T11:03:29.363140+00:00, run_after=2023-08-24T15:03:29.363140+00:00
[2023-08-24T16:03:29.538+0100] {processor.py:179} INFO - Processing /home/samuel/dev/airflow_learning/venv/lib/python3.10/site-packages/airflow/example_dags/example_latest_only_with_trigger.py took 0.268 seconds
[2023-08-24T16:04:24.656+0100] {processor.py:157} INFO - Started process (PID=8615) to work on /home/samuel/dev/airflow_learning/venv/lib/python3.10/site-packages/airflow/example_dags/example_latest_only_with_trigger.py
[2023-08-24T16:04:24.699+0100] {processor.py:829} INFO - Processing file /home/samuel/dev/airflow_learning/venv/lib/python3.10/site-packages/airflow/example_dags/example_latest_only_with_trigger.py for tasks to queue
[2023-08-24T16:04:24.700+0100] {logging_mixin.py:151} INFO - [2023-08-24T16:04:24.700+0100] {dagbag.py:539} INFO - Filling up the DagBag from /home/samuel/dev/airflow_learning/venv/lib/python3.10/site-packages/airflow/example_dags/example_latest_only_with_trigger.py
[2023-08-24T16:04:24.709+0100] {processor.py:839} INFO - DAG(s) dict_keys(['latest_only_with_trigger']) retrieved from /home/samuel/dev/airflow_learning/venv/lib/python3.10/site-packages/airflow/example_dags/example_latest_only_with_trigger.py
[2023-08-24T16:04:24.730+0100] {logging_mixin.py:151} INFO - [2023-08-24T16:04:24.730+0100] {dag.py:2907} INFO - Sync 1 DAGs
[2023-08-24T16:04:24.754+0100] {logging_mixin.py:151} INFO - [2023-08-24T16:04:24.753+0100] {dag.py:3677} INFO - Setting next_dagrun for latest_only_with_trigger to 2023-08-24T11:04:24.753628+00:00, run_after=2023-08-24T15:04:24.753628+00:00
[2023-08-24T16:04:24.864+0100] {processor.py:179} INFO - Processing /home/samuel/dev/airflow_learning/venv/lib/python3.10/site-packages/airflow/example_dags/example_latest_only_with_trigger.py took 0.211 seconds
