[2023-08-24T15:23:11.308+0100] {processor.py:157} INFO - Started process (PID=5383) to work on /home/samuel/dev/airflow_learning/venv/lib/python3.10/site-packages/airflow/example_dags/example_branch_operator.py
[2023-08-24T15:23:11.309+0100] {processor.py:829} INFO - Processing file /home/samuel/dev/airflow_learning/venv/lib/python3.10/site-packages/airflow/example_dags/example_branch_operator.py for tasks to queue
[2023-08-24T15:23:11.310+0100] {logging_mixin.py:151} INFO - [2023-08-24T15:23:11.310+0100] {dagbag.py:539} INFO - Filling up the DagBag from /home/samuel/dev/airflow_learning/venv/lib/python3.10/site-packages/airflow/example_dags/example_branch_operator.py
[2023-08-24T15:23:11.320+0100] {processor.py:839} INFO - DAG(s) dict_keys(['example_branch_operator']) retrieved from /home/samuel/dev/airflow_learning/venv/lib/python3.10/site-packages/airflow/example_dags/example_branch_operator.py
[2023-08-24T15:23:11.659+0100] {logging_mixin.py:151} INFO - [2023-08-24T15:23:11.659+0100] {manager.py:501} INFO - Created Permission View: can edit on DAG:example_branch_operator
[2023-08-24T15:23:11.770+0100] {logging_mixin.py:151} INFO - [2023-08-24T15:23:11.770+0100] {manager.py:501} INFO - Created Permission View: can delete on DAG:example_branch_operator
[2023-08-24T15:23:11.881+0100] {logging_mixin.py:151} INFO - [2023-08-24T15:23:11.881+0100] {manager.py:501} INFO - Created Permission View: can read on DAG:example_branch_operator
[2023-08-24T15:23:11.910+0100] {logging_mixin.py:151} INFO - [2023-08-24T15:23:11.909+0100] {dag.py:2907} INFO - Sync 1 DAGs
[2023-08-24T15:23:11.919+0100] {logging_mixin.py:151} INFO - [2023-08-24T15:23:11.919+0100] {dag.py:2929} INFO - Creating ORM DAG for example_branch_operator
[2023-08-24T15:23:11.929+0100] {logging_mixin.py:151} INFO - [2023-08-24T15:23:11.929+0100] {dag.py:3677} INFO - Setting next_dagrun for example_branch_operator to 2023-08-23T00:00:00+00:00, run_after=2023-08-24T00:00:00+00:00
[2023-08-24T15:23:12.095+0100] {processor.py:179} INFO - Processing /home/samuel/dev/airflow_learning/venv/lib/python3.10/site-packages/airflow/example_dags/example_branch_operator.py took 0.790 seconds
[2023-08-24T15:24:19.058+0100] {processor.py:157} INFO - Started process (PID=5459) to work on /home/samuel/dev/airflow_learning/venv/lib/python3.10/site-packages/airflow/example_dags/example_branch_operator.py
[2023-08-24T15:24:19.085+0100] {processor.py:829} INFO - Processing file /home/samuel/dev/airflow_learning/venv/lib/python3.10/site-packages/airflow/example_dags/example_branch_operator.py for tasks to queue
[2023-08-24T15:24:19.086+0100] {logging_mixin.py:151} INFO - [2023-08-24T15:24:19.086+0100] {dagbag.py:539} INFO - Filling up the DagBag from /home/samuel/dev/airflow_learning/venv/lib/python3.10/site-packages/airflow/example_dags/example_branch_operator.py
[2023-08-24T15:24:19.099+0100] {processor.py:839} INFO - DAG(s) dict_keys(['example_branch_operator']) retrieved from /home/samuel/dev/airflow_learning/venv/lib/python3.10/site-packages/airflow/example_dags/example_branch_operator.py
[2023-08-24T15:24:19.124+0100] {logging_mixin.py:151} INFO - [2023-08-24T15:24:19.124+0100] {dag.py:2907} INFO - Sync 1 DAGs
[2023-08-24T15:24:19.148+0100] {logging_mixin.py:151} INFO - [2023-08-24T15:24:19.147+0100] {dag.py:3677} INFO - Setting next_dagrun for example_branch_operator to 2023-08-23T00:00:00+00:00, run_after=2023-08-24T00:00:00+00:00
[2023-08-24T15:24:19.260+0100] {processor.py:179} INFO - Processing /home/samuel/dev/airflow_learning/venv/lib/python3.10/site-packages/airflow/example_dags/example_branch_operator.py took 0.205 seconds
[2023-08-24T15:25:33.723+0100] {processor.py:157} INFO - Started process (PID=5533) to work on /home/samuel/dev/airflow_learning/venv/lib/python3.10/site-packages/airflow/example_dags/example_branch_operator.py
[2023-08-24T15:25:33.726+0100] {processor.py:829} INFO - Processing file /home/samuel/dev/airflow_learning/venv/lib/python3.10/site-packages/airflow/example_dags/example_branch_operator.py for tasks to queue
[2023-08-24T15:25:33.727+0100] {logging_mixin.py:151} INFO - [2023-08-24T15:25:33.727+0100] {dagbag.py:539} INFO - Filling up the DagBag from /home/samuel/dev/airflow_learning/venv/lib/python3.10/site-packages/airflow/example_dags/example_branch_operator.py
[2023-08-24T15:25:33.737+0100] {processor.py:839} INFO - DAG(s) dict_keys(['example_branch_operator']) retrieved from /home/samuel/dev/airflow_learning/venv/lib/python3.10/site-packages/airflow/example_dags/example_branch_operator.py
[2023-08-24T15:25:33.756+0100] {logging_mixin.py:151} INFO - [2023-08-24T15:25:33.756+0100] {dag.py:2907} INFO - Sync 1 DAGs
[2023-08-24T15:25:33.777+0100] {logging_mixin.py:151} INFO - [2023-08-24T15:25:33.776+0100] {dag.py:3677} INFO - Setting next_dagrun for example_branch_operator to 2023-08-23T00:00:00+00:00, run_after=2023-08-24T00:00:00+00:00
[2023-08-24T15:25:33.925+0100] {processor.py:179} INFO - Processing /home/samuel/dev/airflow_learning/venv/lib/python3.10/site-packages/airflow/example_dags/example_branch_operator.py took 0.207 seconds
[2023-08-24T15:26:32.905+0100] {processor.py:157} INFO - Started process (PID=5587) to work on /home/samuel/dev/airflow_learning/venv/lib/python3.10/site-packages/airflow/example_dags/example_branch_operator.py
[2023-08-24T15:26:32.908+0100] {processor.py:829} INFO - Processing file /home/samuel/dev/airflow_learning/venv/lib/python3.10/site-packages/airflow/example_dags/example_branch_operator.py for tasks to queue
[2023-08-24T15:26:32.909+0100] {logging_mixin.py:151} INFO - [2023-08-24T15:26:32.909+0100] {dagbag.py:539} INFO - Filling up the DagBag from /home/samuel/dev/airflow_learning/venv/lib/python3.10/site-packages/airflow/example_dags/example_branch_operator.py
[2023-08-24T15:26:32.920+0100] {processor.py:839} INFO - DAG(s) dict_keys(['example_branch_operator']) retrieved from /home/samuel/dev/airflow_learning/venv/lib/python3.10/site-packages/airflow/example_dags/example_branch_operator.py
[2023-08-24T15:26:32.941+0100] {logging_mixin.py:151} INFO - [2023-08-24T15:26:32.941+0100] {dag.py:2907} INFO - Sync 1 DAGs
[2023-08-24T15:26:32.962+0100] {logging_mixin.py:151} INFO - [2023-08-24T15:26:32.962+0100] {dag.py:3677} INFO - Setting next_dagrun for example_branch_operator to 2023-08-23T00:00:00+00:00, run_after=2023-08-24T00:00:00+00:00
[2023-08-24T15:26:33.086+0100] {processor.py:179} INFO - Processing /home/samuel/dev/airflow_learning/venv/lib/python3.10/site-packages/airflow/example_dags/example_branch_operator.py took 0.184 seconds
[2023-08-24T15:27:53.170+0100] {processor.py:157} INFO - Started process (PID=5666) to work on /home/samuel/dev/airflow_learning/venv/lib/python3.10/site-packages/airflow/example_dags/example_branch_operator.py
[2023-08-24T15:27:53.171+0100] {processor.py:829} INFO - Processing file /home/samuel/dev/airflow_learning/venv/lib/python3.10/site-packages/airflow/example_dags/example_branch_operator.py for tasks to queue
[2023-08-24T15:27:53.172+0100] {logging_mixin.py:151} INFO - [2023-08-24T15:27:53.172+0100] {dagbag.py:539} INFO - Filling up the DagBag from /home/samuel/dev/airflow_learning/venv/lib/python3.10/site-packages/airflow/example_dags/example_branch_operator.py
[2023-08-24T15:27:53.183+0100] {processor.py:839} INFO - DAG(s) dict_keys(['example_branch_operator']) retrieved from /home/samuel/dev/airflow_learning/venv/lib/python3.10/site-packages/airflow/example_dags/example_branch_operator.py
[2023-08-24T15:27:53.205+0100] {logging_mixin.py:151} INFO - [2023-08-24T15:27:53.204+0100] {dag.py:2907} INFO - Sync 1 DAGs
[2023-08-24T15:27:53.228+0100] {logging_mixin.py:151} INFO - [2023-08-24T15:27:53.228+0100] {dag.py:3677} INFO - Setting next_dagrun for example_branch_operator to 2023-08-23T00:00:00+00:00, run_after=2023-08-24T00:00:00+00:00
[2023-08-24T15:27:53.349+0100] {processor.py:179} INFO - Processing /home/samuel/dev/airflow_learning/venv/lib/python3.10/site-packages/airflow/example_dags/example_branch_operator.py took 0.183 seconds
[2023-08-24T15:28:49.734+0100] {processor.py:157} INFO - Started process (PID=5727) to work on /home/samuel/dev/airflow_learning/venv/lib/python3.10/site-packages/airflow/example_dags/example_branch_operator.py
[2023-08-24T15:28:49.735+0100] {processor.py:829} INFO - Processing file /home/samuel/dev/airflow_learning/venv/lib/python3.10/site-packages/airflow/example_dags/example_branch_operator.py for tasks to queue
[2023-08-24T15:28:49.736+0100] {logging_mixin.py:151} INFO - [2023-08-24T15:28:49.736+0100] {dagbag.py:539} INFO - Filling up the DagBag from /home/samuel/dev/airflow_learning/venv/lib/python3.10/site-packages/airflow/example_dags/example_branch_operator.py
[2023-08-24T15:28:49.747+0100] {processor.py:839} INFO - DAG(s) dict_keys(['example_branch_operator']) retrieved from /home/samuel/dev/airflow_learning/venv/lib/python3.10/site-packages/airflow/example_dags/example_branch_operator.py
[2023-08-24T15:28:49.768+0100] {logging_mixin.py:151} INFO - [2023-08-24T15:28:49.768+0100] {dag.py:2907} INFO - Sync 1 DAGs
[2023-08-24T15:28:49.789+0100] {logging_mixin.py:151} INFO - [2023-08-24T15:28:49.789+0100] {dag.py:3677} INFO - Setting next_dagrun for example_branch_operator to 2023-08-23T00:00:00+00:00, run_after=2023-08-24T00:00:00+00:00
[2023-08-24T15:28:49.906+0100] {processor.py:179} INFO - Processing /home/samuel/dev/airflow_learning/venv/lib/python3.10/site-packages/airflow/example_dags/example_branch_operator.py took 0.176 seconds
[2023-08-24T15:30:43.849+0100] {processor.py:157} INFO - Started process (PID=5943) to work on /home/samuel/dev/airflow_learning/venv/lib/python3.10/site-packages/airflow/example_dags/example_branch_operator.py
[2023-08-24T15:30:43.861+0100] {processor.py:829} INFO - Processing file /home/samuel/dev/airflow_learning/venv/lib/python3.10/site-packages/airflow/example_dags/example_branch_operator.py for tasks to queue
[2023-08-24T15:30:43.862+0100] {logging_mixin.py:151} INFO - [2023-08-24T15:30:43.861+0100] {dagbag.py:539} INFO - Filling up the DagBag from /home/samuel/dev/airflow_learning/venv/lib/python3.10/site-packages/airflow/example_dags/example_branch_operator.py
[2023-08-24T15:30:43.874+0100] {processor.py:839} INFO - DAG(s) dict_keys(['example_branch_operator']) retrieved from /home/samuel/dev/airflow_learning/venv/lib/python3.10/site-packages/airflow/example_dags/example_branch_operator.py
[2023-08-24T15:30:43.896+0100] {logging_mixin.py:151} INFO - [2023-08-24T15:30:43.896+0100] {dag.py:2907} INFO - Sync 1 DAGs
[2023-08-24T15:30:43.918+0100] {logging_mixin.py:151} INFO - [2023-08-24T15:30:43.918+0100] {dag.py:3677} INFO - Setting next_dagrun for example_branch_operator to 2023-08-23T00:00:00+00:00, run_after=2023-08-24T00:00:00+00:00
[2023-08-24T15:30:44.026+0100] {processor.py:179} INFO - Processing /home/samuel/dev/airflow_learning/venv/lib/python3.10/site-packages/airflow/example_dags/example_branch_operator.py took 0.180 seconds
[2023-08-24T15:32:09.282+0100] {processor.py:157} INFO - Started process (PID=6076) to work on /home/samuel/dev/airflow_learning/venv/lib/python3.10/site-packages/airflow/example_dags/example_branch_operator.py
[2023-08-24T15:32:09.312+0100] {processor.py:829} INFO - Processing file /home/samuel/dev/airflow_learning/venv/lib/python3.10/site-packages/airflow/example_dags/example_branch_operator.py for tasks to queue
[2023-08-24T15:32:09.313+0100] {logging_mixin.py:151} INFO - [2023-08-24T15:32:09.313+0100] {dagbag.py:539} INFO - Filling up the DagBag from /home/samuel/dev/airflow_learning/venv/lib/python3.10/site-packages/airflow/example_dags/example_branch_operator.py
[2023-08-24T15:32:09.326+0100] {processor.py:839} INFO - DAG(s) dict_keys(['example_branch_operator']) retrieved from /home/samuel/dev/airflow_learning/venv/lib/python3.10/site-packages/airflow/example_dags/example_branch_operator.py
[2023-08-24T15:32:09.349+0100] {logging_mixin.py:151} INFO - [2023-08-24T15:32:09.348+0100] {dag.py:2907} INFO - Sync 1 DAGs
[2023-08-24T15:32:09.371+0100] {logging_mixin.py:151} INFO - [2023-08-24T15:32:09.371+0100] {dag.py:3677} INFO - Setting next_dagrun for example_branch_operator to 2023-08-23T00:00:00+00:00, run_after=2023-08-24T00:00:00+00:00
[2023-08-24T15:32:09.494+0100] {processor.py:179} INFO - Processing /home/samuel/dev/airflow_learning/venv/lib/python3.10/site-packages/airflow/example_dags/example_branch_operator.py took 0.215 seconds
[2023-08-24T15:33:26.514+0100] {processor.py:157} INFO - Started process (PID=6161) to work on /home/samuel/dev/airflow_learning/venv/lib/python3.10/site-packages/airflow/example_dags/example_branch_operator.py
[2023-08-24T15:33:26.516+0100] {processor.py:829} INFO - Processing file /home/samuel/dev/airflow_learning/venv/lib/python3.10/site-packages/airflow/example_dags/example_branch_operator.py for tasks to queue
[2023-08-24T15:33:26.517+0100] {logging_mixin.py:151} INFO - [2023-08-24T15:33:26.516+0100] {dagbag.py:539} INFO - Filling up the DagBag from /home/samuel/dev/airflow_learning/venv/lib/python3.10/site-packages/airflow/example_dags/example_branch_operator.py
[2023-08-24T15:33:26.529+0100] {processor.py:839} INFO - DAG(s) dict_keys(['example_branch_operator']) retrieved from /home/samuel/dev/airflow_learning/venv/lib/python3.10/site-packages/airflow/example_dags/example_branch_operator.py
[2023-08-24T15:33:26.550+0100] {logging_mixin.py:151} INFO - [2023-08-24T15:33:26.550+0100] {dag.py:2907} INFO - Sync 1 DAGs
[2023-08-24T15:33:26.570+0100] {logging_mixin.py:151} INFO - [2023-08-24T15:33:26.570+0100] {dag.py:3677} INFO - Setting next_dagrun for example_branch_operator to 2023-08-23T00:00:00+00:00, run_after=2023-08-24T00:00:00+00:00
[2023-08-24T15:33:26.696+0100] {processor.py:179} INFO - Processing /home/samuel/dev/airflow_learning/venv/lib/python3.10/site-packages/airflow/example_dags/example_branch_operator.py took 0.185 seconds
[2023-08-24T15:34:59.318+0100] {processor.py:157} INFO - Started process (PID=6251) to work on /home/samuel/dev/airflow_learning/venv/lib/python3.10/site-packages/airflow/example_dags/example_branch_operator.py
[2023-08-24T15:34:59.350+0100] {processor.py:829} INFO - Processing file /home/samuel/dev/airflow_learning/venv/lib/python3.10/site-packages/airflow/example_dags/example_branch_operator.py for tasks to queue
[2023-08-24T15:34:59.352+0100] {logging_mixin.py:151} INFO - [2023-08-24T15:34:59.351+0100] {dagbag.py:539} INFO - Filling up the DagBag from /home/samuel/dev/airflow_learning/venv/lib/python3.10/site-packages/airflow/example_dags/example_branch_operator.py
[2023-08-24T15:34:59.366+0100] {processor.py:839} INFO - DAG(s) dict_keys(['example_branch_operator']) retrieved from /home/samuel/dev/airflow_learning/venv/lib/python3.10/site-packages/airflow/example_dags/example_branch_operator.py
[2023-08-24T15:34:59.390+0100] {logging_mixin.py:151} INFO - [2023-08-24T15:34:59.389+0100] {dag.py:2907} INFO - Sync 1 DAGs
[2023-08-24T15:34:59.412+0100] {logging_mixin.py:151} INFO - [2023-08-24T15:34:59.412+0100] {dag.py:3677} INFO - Setting next_dagrun for example_branch_operator to 2023-08-23T00:00:00+00:00, run_after=2023-08-24T00:00:00+00:00
[2023-08-24T15:34:59.526+0100] {processor.py:179} INFO - Processing /home/samuel/dev/airflow_learning/venv/lib/python3.10/site-packages/airflow/example_dags/example_branch_operator.py took 0.212 seconds
[2023-08-24T15:35:59.856+0100] {processor.py:157} INFO - Started process (PID=6321) to work on /home/samuel/dev/airflow_learning/venv/lib/python3.10/site-packages/airflow/example_dags/example_branch_operator.py
[2023-08-24T15:35:59.885+0100] {processor.py:829} INFO - Processing file /home/samuel/dev/airflow_learning/venv/lib/python3.10/site-packages/airflow/example_dags/example_branch_operator.py for tasks to queue
[2023-08-24T15:35:59.886+0100] {logging_mixin.py:151} INFO - [2023-08-24T15:35:59.886+0100] {dagbag.py:539} INFO - Filling up the DagBag from /home/samuel/dev/airflow_learning/venv/lib/python3.10/site-packages/airflow/example_dags/example_branch_operator.py
[2023-08-24T15:35:59.900+0100] {processor.py:839} INFO - DAG(s) dict_keys(['example_branch_operator']) retrieved from /home/samuel/dev/airflow_learning/venv/lib/python3.10/site-packages/airflow/example_dags/example_branch_operator.py
[2023-08-24T15:35:59.925+0100] {logging_mixin.py:151} INFO - [2023-08-24T15:35:59.925+0100] {dag.py:2907} INFO - Sync 1 DAGs
[2023-08-24T15:35:59.948+0100] {logging_mixin.py:151} INFO - [2023-08-24T15:35:59.948+0100] {dag.py:3677} INFO - Setting next_dagrun for example_branch_operator to 2023-08-23T00:00:00+00:00, run_after=2023-08-24T00:00:00+00:00
[2023-08-24T15:36:00.061+0100] {processor.py:179} INFO - Processing /home/samuel/dev/airflow_learning/venv/lib/python3.10/site-packages/airflow/example_dags/example_branch_operator.py took 0.209 seconds
[2023-08-24T15:37:33.617+0100] {processor.py:157} INFO - Started process (PID=6407) to work on /home/samuel/dev/airflow_learning/venv/lib/python3.10/site-packages/airflow/example_dags/example_branch_operator.py
[2023-08-24T15:37:33.637+0100] {processor.py:829} INFO - Processing file /home/samuel/dev/airflow_learning/venv/lib/python3.10/site-packages/airflow/example_dags/example_branch_operator.py for tasks to queue
[2023-08-24T15:37:33.638+0100] {logging_mixin.py:151} INFO - [2023-08-24T15:37:33.638+0100] {dagbag.py:539} INFO - Filling up the DagBag from /home/samuel/dev/airflow_learning/venv/lib/python3.10/site-packages/airflow/example_dags/example_branch_operator.py
[2023-08-24T15:37:33.647+0100] {processor.py:839} INFO - DAG(s) dict_keys(['example_branch_operator']) retrieved from /home/samuel/dev/airflow_learning/venv/lib/python3.10/site-packages/airflow/example_dags/example_branch_operator.py
[2023-08-24T15:37:33.665+0100] {logging_mixin.py:151} INFO - [2023-08-24T15:37:33.665+0100] {dag.py:2907} INFO - Sync 1 DAGs
[2023-08-24T15:37:33.685+0100] {logging_mixin.py:151} INFO - [2023-08-24T15:37:33.684+0100] {dag.py:3677} INFO - Setting next_dagrun for example_branch_operator to 2023-08-23T00:00:00+00:00, run_after=2023-08-24T00:00:00+00:00
[2023-08-24T15:37:33.804+0100] {processor.py:179} INFO - Processing /home/samuel/dev/airflow_learning/venv/lib/python3.10/site-packages/airflow/example_dags/example_branch_operator.py took 0.190 seconds
[2023-08-24T15:38:38.909+0100] {processor.py:157} INFO - Started process (PID=6470) to work on /home/samuel/dev/airflow_learning/venv/lib/python3.10/site-packages/airflow/example_dags/example_branch_operator.py
[2023-08-24T15:38:38.932+0100] {processor.py:829} INFO - Processing file /home/samuel/dev/airflow_learning/venv/lib/python3.10/site-packages/airflow/example_dags/example_branch_operator.py for tasks to queue
[2023-08-24T15:38:38.933+0100] {logging_mixin.py:151} INFO - [2023-08-24T15:38:38.932+0100] {dagbag.py:539} INFO - Filling up the DagBag from /home/samuel/dev/airflow_learning/venv/lib/python3.10/site-packages/airflow/example_dags/example_branch_operator.py
[2023-08-24T15:38:38.944+0100] {processor.py:839} INFO - DAG(s) dict_keys(['example_branch_operator']) retrieved from /home/samuel/dev/airflow_learning/venv/lib/python3.10/site-packages/airflow/example_dags/example_branch_operator.py
[2023-08-24T15:38:38.967+0100] {logging_mixin.py:151} INFO - [2023-08-24T15:38:38.967+0100] {dag.py:2907} INFO - Sync 1 DAGs
[2023-08-24T15:38:38.990+0100] {logging_mixin.py:151} INFO - [2023-08-24T15:38:38.990+0100] {dag.py:3677} INFO - Setting next_dagrun for example_branch_operator to 2023-08-23T00:00:00+00:00, run_after=2023-08-24T00:00:00+00:00
[2023-08-24T15:38:39.131+0100] {processor.py:179} INFO - Processing /home/samuel/dev/airflow_learning/venv/lib/python3.10/site-packages/airflow/example_dags/example_branch_operator.py took 0.226 seconds
[2023-08-24T15:39:33.514+0100] {processor.py:157} INFO - Started process (PID=6525) to work on /home/samuel/dev/airflow_learning/venv/lib/python3.10/site-packages/airflow/example_dags/example_branch_operator.py
[2023-08-24T15:39:33.547+0100] {processor.py:829} INFO - Processing file /home/samuel/dev/airflow_learning/venv/lib/python3.10/site-packages/airflow/example_dags/example_branch_operator.py for tasks to queue
[2023-08-24T15:39:33.548+0100] {logging_mixin.py:151} INFO - [2023-08-24T15:39:33.548+0100] {dagbag.py:539} INFO - Filling up the DagBag from /home/samuel/dev/airflow_learning/venv/lib/python3.10/site-packages/airflow/example_dags/example_branch_operator.py
[2023-08-24T15:39:33.561+0100] {processor.py:839} INFO - DAG(s) dict_keys(['example_branch_operator']) retrieved from /home/samuel/dev/airflow_learning/venv/lib/python3.10/site-packages/airflow/example_dags/example_branch_operator.py
[2023-08-24T15:39:33.585+0100] {logging_mixin.py:151} INFO - [2023-08-24T15:39:33.584+0100] {dag.py:2907} INFO - Sync 1 DAGs
[2023-08-24T15:39:33.610+0100] {logging_mixin.py:151} INFO - [2023-08-24T15:39:33.610+0100] {dag.py:3677} INFO - Setting next_dagrun for example_branch_operator to 2023-08-23T00:00:00+00:00, run_after=2023-08-24T00:00:00+00:00
[2023-08-24T15:39:33.725+0100] {processor.py:179} INFO - Processing /home/samuel/dev/airflow_learning/venv/lib/python3.10/site-packages/airflow/example_dags/example_branch_operator.py took 0.215 seconds
[2023-08-24T15:40:42.686+0100] {processor.py:157} INFO - Started process (PID=6608) to work on /home/samuel/dev/airflow_learning/venv/lib/python3.10/site-packages/airflow/example_dags/example_branch_operator.py
[2023-08-24T15:40:42.711+0100] {processor.py:829} INFO - Processing file /home/samuel/dev/airflow_learning/venv/lib/python3.10/site-packages/airflow/example_dags/example_branch_operator.py for tasks to queue
[2023-08-24T15:40:42.712+0100] {logging_mixin.py:151} INFO - [2023-08-24T15:40:42.712+0100] {dagbag.py:539} INFO - Filling up the DagBag from /home/samuel/dev/airflow_learning/venv/lib/python3.10/site-packages/airflow/example_dags/example_branch_operator.py
[2023-08-24T15:40:42.724+0100] {processor.py:839} INFO - DAG(s) dict_keys(['example_branch_operator']) retrieved from /home/samuel/dev/airflow_learning/venv/lib/python3.10/site-packages/airflow/example_dags/example_branch_operator.py
[2023-08-24T15:40:42.748+0100] {logging_mixin.py:151} INFO - [2023-08-24T15:40:42.748+0100] {dag.py:2907} INFO - Sync 1 DAGs
[2023-08-24T15:40:42.770+0100] {logging_mixin.py:151} INFO - [2023-08-24T15:40:42.770+0100] {dag.py:3677} INFO - Setting next_dagrun for example_branch_operator to 2023-08-23T00:00:00+00:00, run_after=2023-08-24T00:00:00+00:00
[2023-08-24T15:40:42.886+0100] {processor.py:179} INFO - Processing /home/samuel/dev/airflow_learning/venv/lib/python3.10/site-packages/airflow/example_dags/example_branch_operator.py took 0.204 seconds
[2023-08-24T15:42:00.347+0100] {processor.py:157} INFO - Started process (PID=6686) to work on /home/samuel/dev/airflow_learning/venv/lib/python3.10/site-packages/airflow/example_dags/example_branch_operator.py
[2023-08-24T15:42:00.349+0100] {processor.py:829} INFO - Processing file /home/samuel/dev/airflow_learning/venv/lib/python3.10/site-packages/airflow/example_dags/example_branch_operator.py for tasks to queue
[2023-08-24T15:42:00.351+0100] {logging_mixin.py:151} INFO - [2023-08-24T15:42:00.350+0100] {dagbag.py:539} INFO - Filling up the DagBag from /home/samuel/dev/airflow_learning/venv/lib/python3.10/site-packages/airflow/example_dags/example_branch_operator.py
[2023-08-24T15:42:00.363+0100] {processor.py:839} INFO - DAG(s) dict_keys(['example_branch_operator']) retrieved from /home/samuel/dev/airflow_learning/venv/lib/python3.10/site-packages/airflow/example_dags/example_branch_operator.py
[2023-08-24T15:42:00.383+0100] {logging_mixin.py:151} INFO - [2023-08-24T15:42:00.383+0100] {dag.py:2907} INFO - Sync 1 DAGs
[2023-08-24T15:42:00.404+0100] {logging_mixin.py:151} INFO - [2023-08-24T15:42:00.404+0100] {dag.py:3677} INFO - Setting next_dagrun for example_branch_operator to 2023-08-23T00:00:00+00:00, run_after=2023-08-24T00:00:00+00:00
[2023-08-24T15:42:00.541+0100] {processor.py:179} INFO - Processing /home/samuel/dev/airflow_learning/venv/lib/python3.10/site-packages/airflow/example_dags/example_branch_operator.py took 0.198 seconds
[2023-08-24T15:43:20.894+0100] {processor.py:157} INFO - Started process (PID=6821) to work on /home/samuel/dev/airflow_learning/venv/lib/python3.10/site-packages/airflow/example_dags/example_branch_operator.py
[2023-08-24T15:43:20.914+0100] {processor.py:829} INFO - Processing file /home/samuel/dev/airflow_learning/venv/lib/python3.10/site-packages/airflow/example_dags/example_branch_operator.py for tasks to queue
[2023-08-24T15:43:20.916+0100] {logging_mixin.py:151} INFO - [2023-08-24T15:43:20.915+0100] {dagbag.py:539} INFO - Filling up the DagBag from /home/samuel/dev/airflow_learning/venv/lib/python3.10/site-packages/airflow/example_dags/example_branch_operator.py
[2023-08-24T15:43:20.927+0100] {processor.py:839} INFO - DAG(s) dict_keys(['example_branch_operator']) retrieved from /home/samuel/dev/airflow_learning/venv/lib/python3.10/site-packages/airflow/example_dags/example_branch_operator.py
[2023-08-24T15:43:20.950+0100] {logging_mixin.py:151} INFO - [2023-08-24T15:43:20.950+0100] {dag.py:2907} INFO - Sync 1 DAGs
[2023-08-24T15:43:20.973+0100] {logging_mixin.py:151} INFO - [2023-08-24T15:43:20.973+0100] {dag.py:3677} INFO - Setting next_dagrun for example_branch_operator to 2023-08-23T00:00:00+00:00, run_after=2023-08-24T00:00:00+00:00
[2023-08-24T15:43:21.086+0100] {processor.py:179} INFO - Processing /home/samuel/dev/airflow_learning/venv/lib/python3.10/site-packages/airflow/example_dags/example_branch_operator.py took 0.195 seconds
[2023-08-24T15:44:37.957+0100] {processor.py:157} INFO - Started process (PID=6895) to work on /home/samuel/dev/airflow_learning/venv/lib/python3.10/site-packages/airflow/example_dags/example_branch_operator.py
[2023-08-24T15:44:37.977+0100] {processor.py:829} INFO - Processing file /home/samuel/dev/airflow_learning/venv/lib/python3.10/site-packages/airflow/example_dags/example_branch_operator.py for tasks to queue
[2023-08-24T15:44:37.978+0100] {logging_mixin.py:151} INFO - [2023-08-24T15:44:37.978+0100] {dagbag.py:539} INFO - Filling up the DagBag from /home/samuel/dev/airflow_learning/venv/lib/python3.10/site-packages/airflow/example_dags/example_branch_operator.py
[2023-08-24T15:44:37.990+0100] {processor.py:839} INFO - DAG(s) dict_keys(['example_branch_operator']) retrieved from /home/samuel/dev/airflow_learning/venv/lib/python3.10/site-packages/airflow/example_dags/example_branch_operator.py
[2023-08-24T15:44:38.014+0100] {logging_mixin.py:151} INFO - [2023-08-24T15:44:38.014+0100] {dag.py:2907} INFO - Sync 1 DAGs
[2023-08-24T15:44:38.037+0100] {logging_mixin.py:151} INFO - [2023-08-24T15:44:38.036+0100] {dag.py:3677} INFO - Setting next_dagrun for example_branch_operator to 2023-08-23T00:00:00+00:00, run_after=2023-08-24T00:00:00+00:00
[2023-08-24T15:44:38.152+0100] {processor.py:179} INFO - Processing /home/samuel/dev/airflow_learning/venv/lib/python3.10/site-packages/airflow/example_dags/example_branch_operator.py took 0.198 seconds
[2023-08-24T15:45:54.787+0100] {processor.py:157} INFO - Started process (PID=6969) to work on /home/samuel/dev/airflow_learning/venv/lib/python3.10/site-packages/airflow/example_dags/example_branch_operator.py
[2023-08-24T15:45:54.790+0100] {processor.py:829} INFO - Processing file /home/samuel/dev/airflow_learning/venv/lib/python3.10/site-packages/airflow/example_dags/example_branch_operator.py for tasks to queue
[2023-08-24T15:45:54.791+0100] {logging_mixin.py:151} INFO - [2023-08-24T15:45:54.790+0100] {dagbag.py:539} INFO - Filling up the DagBag from /home/samuel/dev/airflow_learning/venv/lib/python3.10/site-packages/airflow/example_dags/example_branch_operator.py
[2023-08-24T15:45:54.803+0100] {processor.py:839} INFO - DAG(s) dict_keys(['example_branch_operator']) retrieved from /home/samuel/dev/airflow_learning/venv/lib/python3.10/site-packages/airflow/example_dags/example_branch_operator.py
[2023-08-24T15:45:54.823+0100] {logging_mixin.py:151} INFO - [2023-08-24T15:45:54.823+0100] {dag.py:2907} INFO - Sync 1 DAGs
[2023-08-24T15:45:54.844+0100] {logging_mixin.py:151} INFO - [2023-08-24T15:45:54.844+0100] {dag.py:3677} INFO - Setting next_dagrun for example_branch_operator to 2023-08-23T00:00:00+00:00, run_after=2023-08-24T00:00:00+00:00
[2023-08-24T15:45:54.968+0100] {processor.py:179} INFO - Processing /home/samuel/dev/airflow_learning/venv/lib/python3.10/site-packages/airflow/example_dags/example_branch_operator.py took 0.185 seconds
[2023-08-24T15:46:51.578+0100] {processor.py:157} INFO - Started process (PID=7021) to work on /home/samuel/dev/airflow_learning/venv/lib/python3.10/site-packages/airflow/example_dags/example_branch_operator.py
[2023-08-24T15:46:51.581+0100] {processor.py:829} INFO - Processing file /home/samuel/dev/airflow_learning/venv/lib/python3.10/site-packages/airflow/example_dags/example_branch_operator.py for tasks to queue
[2023-08-24T15:46:51.582+0100] {logging_mixin.py:151} INFO - [2023-08-24T15:46:51.582+0100] {dagbag.py:539} INFO - Filling up the DagBag from /home/samuel/dev/airflow_learning/venv/lib/python3.10/site-packages/airflow/example_dags/example_branch_operator.py
[2023-08-24T15:46:51.594+0100] {processor.py:839} INFO - DAG(s) dict_keys(['example_branch_operator']) retrieved from /home/samuel/dev/airflow_learning/venv/lib/python3.10/site-packages/airflow/example_dags/example_branch_operator.py
[2023-08-24T15:46:51.615+0100] {logging_mixin.py:151} INFO - [2023-08-24T15:46:51.615+0100] {dag.py:2907} INFO - Sync 1 DAGs
[2023-08-24T15:46:51.635+0100] {logging_mixin.py:151} INFO - [2023-08-24T15:46:51.635+0100] {dag.py:3677} INFO - Setting next_dagrun for example_branch_operator to 2023-08-23T00:00:00+00:00, run_after=2023-08-24T00:00:00+00:00
[2023-08-24T15:46:51.772+0100] {processor.py:179} INFO - Processing /home/samuel/dev/airflow_learning/venv/lib/python3.10/site-packages/airflow/example_dags/example_branch_operator.py took 0.198 seconds
[2023-08-24T15:48:10.591+0100] {processor.py:157} INFO - Started process (PID=7115) to work on /home/samuel/dev/airflow_learning/venv/lib/python3.10/site-packages/airflow/example_dags/example_branch_operator.py
[2023-08-24T15:48:10.602+0100] {processor.py:829} INFO - Processing file /home/samuel/dev/airflow_learning/venv/lib/python3.10/site-packages/airflow/example_dags/example_branch_operator.py for tasks to queue
[2023-08-24T15:48:10.603+0100] {logging_mixin.py:151} INFO - [2023-08-24T15:48:10.603+0100] {dagbag.py:539} INFO - Filling up the DagBag from /home/samuel/dev/airflow_learning/venv/lib/python3.10/site-packages/airflow/example_dags/example_branch_operator.py
[2023-08-24T15:48:10.615+0100] {processor.py:839} INFO - DAG(s) dict_keys(['example_branch_operator']) retrieved from /home/samuel/dev/airflow_learning/venv/lib/python3.10/site-packages/airflow/example_dags/example_branch_operator.py
[2023-08-24T15:48:10.637+0100] {logging_mixin.py:151} INFO - [2023-08-24T15:48:10.636+0100] {dag.py:2907} INFO - Sync 1 DAGs
[2023-08-24T15:48:10.663+0100] {logging_mixin.py:151} INFO - [2023-08-24T15:48:10.662+0100] {dag.py:3677} INFO - Setting next_dagrun for example_branch_operator to 2023-08-23T00:00:00+00:00, run_after=2023-08-24T00:00:00+00:00
[2023-08-24T15:48:10.781+0100] {processor.py:179} INFO - Processing /home/samuel/dev/airflow_learning/venv/lib/python3.10/site-packages/airflow/example_dags/example_branch_operator.py took 0.194 seconds
[2023-08-24T15:49:28.343+0100] {processor.py:157} INFO - Started process (PID=7187) to work on /home/samuel/dev/airflow_learning/venv/lib/python3.10/site-packages/airflow/example_dags/example_branch_operator.py
[2023-08-24T15:49:28.344+0100] {processor.py:829} INFO - Processing file /home/samuel/dev/airflow_learning/venv/lib/python3.10/site-packages/airflow/example_dags/example_branch_operator.py for tasks to queue
[2023-08-24T15:49:28.345+0100] {logging_mixin.py:151} INFO - [2023-08-24T15:49:28.345+0100] {dagbag.py:539} INFO - Filling up the DagBag from /home/samuel/dev/airflow_learning/venv/lib/python3.10/site-packages/airflow/example_dags/example_branch_operator.py
[2023-08-24T15:49:28.357+0100] {processor.py:839} INFO - DAG(s) dict_keys(['example_branch_operator']) retrieved from /home/samuel/dev/airflow_learning/venv/lib/python3.10/site-packages/airflow/example_dags/example_branch_operator.py
[2023-08-24T15:49:28.378+0100] {logging_mixin.py:151} INFO - [2023-08-24T15:49:28.378+0100] {dag.py:2907} INFO - Sync 1 DAGs
[2023-08-24T15:49:28.399+0100] {logging_mixin.py:151} INFO - [2023-08-24T15:49:28.399+0100] {dag.py:3677} INFO - Setting next_dagrun for example_branch_operator to 2023-08-23T00:00:00+00:00, run_after=2023-08-24T00:00:00+00:00
[2023-08-24T15:49:28.521+0100] {processor.py:179} INFO - Processing /home/samuel/dev/airflow_learning/venv/lib/python3.10/site-packages/airflow/example_dags/example_branch_operator.py took 0.182 seconds
[2023-08-24T15:50:42.342+0100] {processor.py:157} INFO - Started process (PID=7259) to work on /home/samuel/dev/airflow_learning/venv/lib/python3.10/site-packages/airflow/example_dags/example_branch_operator.py
[2023-08-24T15:50:42.360+0100] {processor.py:829} INFO - Processing file /home/samuel/dev/airflow_learning/venv/lib/python3.10/site-packages/airflow/example_dags/example_branch_operator.py for tasks to queue
[2023-08-24T15:50:42.361+0100] {logging_mixin.py:151} INFO - [2023-08-24T15:50:42.360+0100] {dagbag.py:539} INFO - Filling up the DagBag from /home/samuel/dev/airflow_learning/venv/lib/python3.10/site-packages/airflow/example_dags/example_branch_operator.py
[2023-08-24T15:50:42.373+0100] {processor.py:839} INFO - DAG(s) dict_keys(['example_branch_operator']) retrieved from /home/samuel/dev/airflow_learning/venv/lib/python3.10/site-packages/airflow/example_dags/example_branch_operator.py
[2023-08-24T15:50:42.396+0100] {logging_mixin.py:151} INFO - [2023-08-24T15:50:42.396+0100] {dag.py:2907} INFO - Sync 1 DAGs
[2023-08-24T15:50:42.417+0100] {logging_mixin.py:151} INFO - [2023-08-24T15:50:42.417+0100] {dag.py:3677} INFO - Setting next_dagrun for example_branch_operator to 2023-08-23T00:00:00+00:00, run_after=2023-08-24T00:00:00+00:00
[2023-08-24T15:50:42.551+0100] {processor.py:179} INFO - Processing /home/samuel/dev/airflow_learning/venv/lib/python3.10/site-packages/airflow/example_dags/example_branch_operator.py took 0.213 seconds
[2023-08-24T15:52:01.046+0100] {processor.py:157} INFO - Started process (PID=7340) to work on /home/samuel/dev/airflow_learning/venv/lib/python3.10/site-packages/airflow/example_dags/example_branch_operator.py
[2023-08-24T15:52:01.048+0100] {processor.py:829} INFO - Processing file /home/samuel/dev/airflow_learning/venv/lib/python3.10/site-packages/airflow/example_dags/example_branch_operator.py for tasks to queue
[2023-08-24T15:52:01.049+0100] {logging_mixin.py:151} INFO - [2023-08-24T15:52:01.049+0100] {dagbag.py:539} INFO - Filling up the DagBag from /home/samuel/dev/airflow_learning/venv/lib/python3.10/site-packages/airflow/example_dags/example_branch_operator.py
[2023-08-24T15:52:01.062+0100] {processor.py:839} INFO - DAG(s) dict_keys(['example_branch_operator']) retrieved from /home/samuel/dev/airflow_learning/venv/lib/python3.10/site-packages/airflow/example_dags/example_branch_operator.py
[2023-08-24T15:52:01.083+0100] {logging_mixin.py:151} INFO - [2023-08-24T15:52:01.083+0100] {dag.py:2907} INFO - Sync 1 DAGs
[2023-08-24T15:52:01.104+0100] {logging_mixin.py:151} INFO - [2023-08-24T15:52:01.104+0100] {dag.py:3677} INFO - Setting next_dagrun for example_branch_operator to 2023-08-23T00:00:00+00:00, run_after=2023-08-24T00:00:00+00:00
[2023-08-24T15:52:01.245+0100] {processor.py:179} INFO - Processing /home/samuel/dev/airflow_learning/venv/lib/python3.10/site-packages/airflow/example_dags/example_branch_operator.py took 0.204 seconds
[2023-08-24T15:53:13.851+0100] {processor.py:157} INFO - Started process (PID=7414) to work on /home/samuel/dev/airflow_learning/venv/lib/python3.10/site-packages/airflow/example_dags/example_branch_operator.py
[2023-08-24T15:53:13.885+0100] {processor.py:829} INFO - Processing file /home/samuel/dev/airflow_learning/venv/lib/python3.10/site-packages/airflow/example_dags/example_branch_operator.py for tasks to queue
[2023-08-24T15:53:13.886+0100] {logging_mixin.py:151} INFO - [2023-08-24T15:53:13.885+0100] {dagbag.py:539} INFO - Filling up the DagBag from /home/samuel/dev/airflow_learning/venv/lib/python3.10/site-packages/airflow/example_dags/example_branch_operator.py
[2023-08-24T15:53:13.898+0100] {processor.py:839} INFO - DAG(s) dict_keys(['example_branch_operator']) retrieved from /home/samuel/dev/airflow_learning/venv/lib/python3.10/site-packages/airflow/example_dags/example_branch_operator.py
[2023-08-24T15:53:13.922+0100] {logging_mixin.py:151} INFO - [2023-08-24T15:53:13.921+0100] {dag.py:2907} INFO - Sync 1 DAGs
[2023-08-24T15:53:13.945+0100] {logging_mixin.py:151} INFO - [2023-08-24T15:53:13.945+0100] {dag.py:3677} INFO - Setting next_dagrun for example_branch_operator to 2023-08-23T00:00:00+00:00, run_after=2023-08-24T00:00:00+00:00
[2023-08-24T15:53:14.051+0100] {processor.py:179} INFO - Processing /home/samuel/dev/airflow_learning/venv/lib/python3.10/site-packages/airflow/example_dags/example_branch_operator.py took 0.204 seconds
[2023-08-24T15:54:46.932+0100] {processor.py:157} INFO - Started process (PID=7595) to work on /home/samuel/dev/airflow_learning/venv/lib/python3.10/site-packages/airflow/example_dags/example_branch_operator.py
[2023-08-24T15:54:46.936+0100] {processor.py:829} INFO - Processing file /home/samuel/dev/airflow_learning/venv/lib/python3.10/site-packages/airflow/example_dags/example_branch_operator.py for tasks to queue
[2023-08-24T15:54:46.937+0100] {logging_mixin.py:151} INFO - [2023-08-24T15:54:46.937+0100] {dagbag.py:539} INFO - Filling up the DagBag from /home/samuel/dev/airflow_learning/venv/lib/python3.10/site-packages/airflow/example_dags/example_branch_operator.py
[2023-08-24T15:54:46.949+0100] {processor.py:839} INFO - DAG(s) dict_keys(['example_branch_operator']) retrieved from /home/samuel/dev/airflow_learning/venv/lib/python3.10/site-packages/airflow/example_dags/example_branch_operator.py
[2023-08-24T15:54:46.971+0100] {logging_mixin.py:151} INFO - [2023-08-24T15:54:46.971+0100] {dag.py:2907} INFO - Sync 1 DAGs
[2023-08-24T15:54:46.993+0100] {logging_mixin.py:151} INFO - [2023-08-24T15:54:46.993+0100] {dag.py:3677} INFO - Setting next_dagrun for example_branch_operator to 2023-08-23T00:00:00+00:00, run_after=2023-08-24T00:00:00+00:00
[2023-08-24T15:54:47.102+0100] {processor.py:179} INFO - Processing /home/samuel/dev/airflow_learning/venv/lib/python3.10/site-packages/airflow/example_dags/example_branch_operator.py took 0.174 seconds
[2023-08-24T15:55:46.950+0100] {processor.py:157} INFO - Started process (PID=7646) to work on /home/samuel/dev/airflow_learning/venv/lib/python3.10/site-packages/airflow/example_dags/example_branch_operator.py
[2023-08-24T15:55:46.963+0100] {processor.py:829} INFO - Processing file /home/samuel/dev/airflow_learning/venv/lib/python3.10/site-packages/airflow/example_dags/example_branch_operator.py for tasks to queue
[2023-08-24T15:55:46.964+0100] {logging_mixin.py:151} INFO - [2023-08-24T15:55:46.964+0100] {dagbag.py:539} INFO - Filling up the DagBag from /home/samuel/dev/airflow_learning/venv/lib/python3.10/site-packages/airflow/example_dags/example_branch_operator.py
[2023-08-24T15:55:46.976+0100] {processor.py:839} INFO - DAG(s) dict_keys(['example_branch_operator']) retrieved from /home/samuel/dev/airflow_learning/venv/lib/python3.10/site-packages/airflow/example_dags/example_branch_operator.py
[2023-08-24T15:55:46.999+0100] {logging_mixin.py:151} INFO - [2023-08-24T15:55:46.998+0100] {dag.py:2907} INFO - Sync 1 DAGs
[2023-08-24T15:55:47.020+0100] {logging_mixin.py:151} INFO - [2023-08-24T15:55:47.019+0100] {dag.py:3677} INFO - Setting next_dagrun for example_branch_operator to 2023-08-23T00:00:00+00:00, run_after=2023-08-24T00:00:00+00:00
[2023-08-24T15:55:47.142+0100] {processor.py:179} INFO - Processing /home/samuel/dev/airflow_learning/venv/lib/python3.10/site-packages/airflow/example_dags/example_branch_operator.py took 0.196 seconds
[2023-08-24T15:57:03.094+0100] {processor.py:157} INFO - Started process (PID=7864) to work on /home/samuel/dev/airflow_learning/venv/lib/python3.10/site-packages/airflow/example_dags/example_branch_operator.py
[2023-08-24T15:57:03.125+0100] {processor.py:829} INFO - Processing file /home/samuel/dev/airflow_learning/venv/lib/python3.10/site-packages/airflow/example_dags/example_branch_operator.py for tasks to queue
[2023-08-24T15:57:03.127+0100] {logging_mixin.py:151} INFO - [2023-08-24T15:57:03.126+0100] {dagbag.py:539} INFO - Filling up the DagBag from /home/samuel/dev/airflow_learning/venv/lib/python3.10/site-packages/airflow/example_dags/example_branch_operator.py
[2023-08-24T15:57:03.143+0100] {processor.py:839} INFO - DAG(s) dict_keys(['example_branch_operator']) retrieved from /home/samuel/dev/airflow_learning/venv/lib/python3.10/site-packages/airflow/example_dags/example_branch_operator.py
[2023-08-24T15:57:03.165+0100] {logging_mixin.py:151} INFO - [2023-08-24T15:57:03.165+0100] {dag.py:2907} INFO - Sync 1 DAGs
[2023-08-24T15:57:03.185+0100] {logging_mixin.py:151} INFO - [2023-08-24T15:57:03.185+0100] {dag.py:3677} INFO - Setting next_dagrun for example_branch_operator to 2023-08-23T00:00:00+00:00, run_after=2023-08-24T00:00:00+00:00
[2023-08-24T15:57:03.301+0100] {processor.py:179} INFO - Processing /home/samuel/dev/airflow_learning/venv/lib/python3.10/site-packages/airflow/example_dags/example_branch_operator.py took 0.212 seconds
[2023-08-24T15:58:19.835+0100] {processor.py:157} INFO - Started process (PID=7942) to work on /home/samuel/dev/airflow_learning/venv/lib/python3.10/site-packages/airflow/example_dags/example_branch_operator.py
[2023-08-24T15:58:19.860+0100] {processor.py:829} INFO - Processing file /home/samuel/dev/airflow_learning/venv/lib/python3.10/site-packages/airflow/example_dags/example_branch_operator.py for tasks to queue
[2023-08-24T15:58:19.862+0100] {logging_mixin.py:151} INFO - [2023-08-24T15:58:19.861+0100] {dagbag.py:539} INFO - Filling up the DagBag from /home/samuel/dev/airflow_learning/venv/lib/python3.10/site-packages/airflow/example_dags/example_branch_operator.py
[2023-08-24T15:58:19.874+0100] {processor.py:839} INFO - DAG(s) dict_keys(['example_branch_operator']) retrieved from /home/samuel/dev/airflow_learning/venv/lib/python3.10/site-packages/airflow/example_dags/example_branch_operator.py
[2023-08-24T15:58:19.898+0100] {logging_mixin.py:151} INFO - [2023-08-24T15:58:19.898+0100] {dag.py:2907} INFO - Sync 1 DAGs
[2023-08-24T15:58:19.921+0100] {logging_mixin.py:151} INFO - [2023-08-24T15:58:19.920+0100] {dag.py:3677} INFO - Setting next_dagrun for example_branch_operator to 2023-08-23T00:00:00+00:00, run_after=2023-08-24T00:00:00+00:00
[2023-08-24T15:58:20.023+0100] {processor.py:179} INFO - Processing /home/samuel/dev/airflow_learning/venv/lib/python3.10/site-packages/airflow/example_dags/example_branch_operator.py took 0.192 seconds
[2023-08-24T15:59:40.839+0100] {processor.py:157} INFO - Started process (PID=8144) to work on /home/samuel/dev/airflow_learning/venv/lib/python3.10/site-packages/airflow/example_dags/example_branch_operator.py
[2023-08-24T15:59:40.890+0100] {processor.py:829} INFO - Processing file /home/samuel/dev/airflow_learning/venv/lib/python3.10/site-packages/airflow/example_dags/example_branch_operator.py for tasks to queue
[2023-08-24T15:59:40.891+0100] {logging_mixin.py:151} INFO - [2023-08-24T15:59:40.890+0100] {dagbag.py:539} INFO - Filling up the DagBag from /home/samuel/dev/airflow_learning/venv/lib/python3.10/site-packages/airflow/example_dags/example_branch_operator.py
[2023-08-24T15:59:40.903+0100] {processor.py:839} INFO - DAG(s) dict_keys(['example_branch_operator']) retrieved from /home/samuel/dev/airflow_learning/venv/lib/python3.10/site-packages/airflow/example_dags/example_branch_operator.py
[2023-08-24T15:59:40.926+0100] {logging_mixin.py:151} INFO - [2023-08-24T15:59:40.926+0100] {dag.py:2907} INFO - Sync 1 DAGs
[2023-08-24T15:59:40.950+0100] {logging_mixin.py:151} INFO - [2023-08-24T15:59:40.950+0100] {dag.py:3677} INFO - Setting next_dagrun for example_branch_operator to 2023-08-23T00:00:00+00:00, run_after=2023-08-24T00:00:00+00:00
[2023-08-24T15:59:41.153+0100] {processor.py:179} INFO - Processing /home/samuel/dev/airflow_learning/venv/lib/python3.10/site-packages/airflow/example_dags/example_branch_operator.py took 0.317 seconds
[2023-08-24T16:00:38.482+0100] {processor.py:157} INFO - Started process (PID=8303) to work on /home/samuel/dev/airflow_learning/venv/lib/python3.10/site-packages/airflow/example_dags/example_branch_operator.py
[2023-08-24T16:00:38.517+0100] {processor.py:829} INFO - Processing file /home/samuel/dev/airflow_learning/venv/lib/python3.10/site-packages/airflow/example_dags/example_branch_operator.py for tasks to queue
[2023-08-24T16:00:38.518+0100] {logging_mixin.py:151} INFO - [2023-08-24T16:00:38.518+0100] {dagbag.py:539} INFO - Filling up the DagBag from /home/samuel/dev/airflow_learning/venv/lib/python3.10/site-packages/airflow/example_dags/example_branch_operator.py
[2023-08-24T16:00:38.530+0100] {processor.py:839} INFO - DAG(s) dict_keys(['example_branch_operator']) retrieved from /home/samuel/dev/airflow_learning/venv/lib/python3.10/site-packages/airflow/example_dags/example_branch_operator.py
[2023-08-24T16:00:38.555+0100] {logging_mixin.py:151} INFO - [2023-08-24T16:00:38.555+0100] {dag.py:2907} INFO - Sync 1 DAGs
[2023-08-24T16:00:38.578+0100] {logging_mixin.py:151} INFO - [2023-08-24T16:00:38.578+0100] {dag.py:3677} INFO - Setting next_dagrun for example_branch_operator to 2023-08-23T00:00:00+00:00, run_after=2023-08-24T00:00:00+00:00
[2023-08-24T16:00:38.707+0100] {processor.py:179} INFO - Processing /home/samuel/dev/airflow_learning/venv/lib/python3.10/site-packages/airflow/example_dags/example_branch_operator.py took 0.229 seconds
[2023-08-24T16:01:35.178+0100] {processor.py:157} INFO - Started process (PID=8387) to work on /home/samuel/dev/airflow_learning/venv/lib/python3.10/site-packages/airflow/example_dags/example_branch_operator.py
[2023-08-24T16:01:35.212+0100] {processor.py:829} INFO - Processing file /home/samuel/dev/airflow_learning/venv/lib/python3.10/site-packages/airflow/example_dags/example_branch_operator.py for tasks to queue
[2023-08-24T16:01:35.213+0100] {logging_mixin.py:151} INFO - [2023-08-24T16:01:35.213+0100] {dagbag.py:539} INFO - Filling up the DagBag from /home/samuel/dev/airflow_learning/venv/lib/python3.10/site-packages/airflow/example_dags/example_branch_operator.py
[2023-08-24T16:01:35.226+0100] {processor.py:839} INFO - DAG(s) dict_keys(['example_branch_operator']) retrieved from /home/samuel/dev/airflow_learning/venv/lib/python3.10/site-packages/airflow/example_dags/example_branch_operator.py
[2023-08-24T16:01:35.252+0100] {logging_mixin.py:151} INFO - [2023-08-24T16:01:35.251+0100] {dag.py:2907} INFO - Sync 1 DAGs
[2023-08-24T16:01:35.278+0100] {logging_mixin.py:151} INFO - [2023-08-24T16:01:35.278+0100] {dag.py:3677} INFO - Setting next_dagrun for example_branch_operator to 2023-08-23T00:00:00+00:00, run_after=2023-08-24T00:00:00+00:00
[2023-08-24T16:01:35.402+0100] {processor.py:179} INFO - Processing /home/samuel/dev/airflow_learning/venv/lib/python3.10/site-packages/airflow/example_dags/example_branch_operator.py took 0.227 seconds
[2023-08-24T16:02:52.860+0100] {processor.py:157} INFO - Started process (PID=8487) to work on /home/samuel/dev/airflow_learning/venv/lib/python3.10/site-packages/airflow/example_dags/example_branch_operator.py
[2023-08-24T16:02:52.907+0100] {processor.py:829} INFO - Processing file /home/samuel/dev/airflow_learning/venv/lib/python3.10/site-packages/airflow/example_dags/example_branch_operator.py for tasks to queue
[2023-08-24T16:02:52.908+0100] {logging_mixin.py:151} INFO - [2023-08-24T16:02:52.908+0100] {dagbag.py:539} INFO - Filling up the DagBag from /home/samuel/dev/airflow_learning/venv/lib/python3.10/site-packages/airflow/example_dags/example_branch_operator.py
[2023-08-24T16:02:52.926+0100] {processor.py:839} INFO - DAG(s) dict_keys(['example_branch_operator']) retrieved from /home/samuel/dev/airflow_learning/venv/lib/python3.10/site-packages/airflow/example_dags/example_branch_operator.py
[2023-08-24T16:02:52.951+0100] {logging_mixin.py:151} INFO - [2023-08-24T16:02:52.951+0100] {dag.py:2907} INFO - Sync 1 DAGs
[2023-08-24T16:02:52.972+0100] {logging_mixin.py:151} INFO - [2023-08-24T16:02:52.971+0100] {dag.py:3677} INFO - Setting next_dagrun for example_branch_operator to 2023-08-23T00:00:00+00:00, run_after=2023-08-24T00:00:00+00:00
[2023-08-24T16:02:53.093+0100] {processor.py:179} INFO - Processing /home/samuel/dev/airflow_learning/venv/lib/python3.10/site-packages/airflow/example_dags/example_branch_operator.py took 0.236 seconds
[2023-08-24T16:04:13.380+0100] {processor.py:157} INFO - Started process (PID=8601) to work on /home/samuel/dev/airflow_learning/venv/lib/python3.10/site-packages/airflow/example_dags/example_branch_operator.py
[2023-08-24T16:04:13.403+0100] {processor.py:829} INFO - Processing file /home/samuel/dev/airflow_learning/venv/lib/python3.10/site-packages/airflow/example_dags/example_branch_operator.py for tasks to queue
[2023-08-24T16:04:13.404+0100] {logging_mixin.py:151} INFO - [2023-08-24T16:04:13.404+0100] {dagbag.py:539} INFO - Filling up the DagBag from /home/samuel/dev/airflow_learning/venv/lib/python3.10/site-packages/airflow/example_dags/example_branch_operator.py
[2023-08-24T16:04:13.415+0100] {processor.py:839} INFO - DAG(s) dict_keys(['example_branch_operator']) retrieved from /home/samuel/dev/airflow_learning/venv/lib/python3.10/site-packages/airflow/example_dags/example_branch_operator.py
[2023-08-24T16:04:13.436+0100] {logging_mixin.py:151} INFO - [2023-08-24T16:04:13.436+0100] {dag.py:2907} INFO - Sync 1 DAGs
[2023-08-24T16:04:13.458+0100] {logging_mixin.py:151} INFO - [2023-08-24T16:04:13.457+0100] {dag.py:3677} INFO - Setting next_dagrun for example_branch_operator to 2023-08-23T00:00:00+00:00, run_after=2023-08-24T00:00:00+00:00
[2023-08-24T16:04:13.633+0100] {processor.py:179} INFO - Processing /home/samuel/dev/airflow_learning/venv/lib/python3.10/site-packages/airflow/example_dags/example_branch_operator.py took 0.255 seconds
