[2023-08-24T15:22:20.158+0100] {processor.py:157} INFO - Started process (PID=5353) to work on /home/samuel/dev/airflow_learning/venv/lib/python3.10/site-packages/airflow/example_dags/example_setup_teardown.py
[2023-08-24T15:22:20.159+0100] {processor.py:829} INFO - Processing file /home/samuel/dev/airflow_learning/venv/lib/python3.10/site-packages/airflow/example_dags/example_setup_teardown.py for tasks to queue
[2023-08-24T15:22:20.160+0100] {logging_mixin.py:151} INFO - [2023-08-24T15:22:20.160+0100] {dagbag.py:539} INFO - Filling up the DagBag from /home/samuel/dev/airflow_learning/venv/lib/python3.10/site-packages/airflow/example_dags/example_setup_teardown.py
[2023-08-24T15:22:20.169+0100] {processor.py:839} INFO - DAG(s) dict_keys(['example_setup_teardown']) retrieved from /home/samuel/dev/airflow_learning/venv/lib/python3.10/site-packages/airflow/example_dags/example_setup_teardown.py
[2023-08-24T15:22:20.534+0100] {logging_mixin.py:151} INFO - [2023-08-24T15:22:20.534+0100] {manager.py:501} INFO - Created Permission View: can edit on DAG:example_setup_teardown
[2023-08-24T15:22:20.900+0100] {logging_mixin.py:151} INFO - [2023-08-24T15:22:20.899+0100] {manager.py:501} INFO - Created Permission View: can delete on DAG:example_setup_teardown
[2023-08-24T15:22:21.011+0100] {logging_mixin.py:151} INFO - [2023-08-24T15:22:21.010+0100] {manager.py:501} INFO - Created Permission View: can read on DAG:example_setup_teardown
[2023-08-24T15:22:21.040+0100] {logging_mixin.py:151} INFO - [2023-08-24T15:22:21.039+0100] {dag.py:2907} INFO - Sync 1 DAGs
[2023-08-24T15:22:21.063+0100] {logging_mixin.py:151} INFO - [2023-08-24T15:22:21.062+0100] {dag.py:2929} INFO - Creating ORM DAG for example_setup_teardown
[2023-08-24T15:22:21.077+0100] {logging_mixin.py:151} INFO - [2023-08-24T15:22:21.076+0100] {dag.py:3677} INFO - Setting next_dagrun for example_setup_teardown to 2023-08-23T14:22:21.076613+00:00, run_after=2023-08-24T14:22:21.076613+00:00
[2023-08-24T15:22:21.234+0100] {processor.py:179} INFO - Processing /home/samuel/dev/airflow_learning/venv/lib/python3.10/site-packages/airflow/example_dags/example_setup_teardown.py took 1.079 seconds
[2023-08-24T15:23:39.010+0100] {processor.py:157} INFO - Started process (PID=5416) to work on /home/samuel/dev/airflow_learning/venv/lib/python3.10/site-packages/airflow/example_dags/example_setup_teardown.py
[2023-08-24T15:23:39.012+0100] {processor.py:829} INFO - Processing file /home/samuel/dev/airflow_learning/venv/lib/python3.10/site-packages/airflow/example_dags/example_setup_teardown.py for tasks to queue
[2023-08-24T15:23:39.012+0100] {logging_mixin.py:151} INFO - [2023-08-24T15:23:39.012+0100] {dagbag.py:539} INFO - Filling up the DagBag from /home/samuel/dev/airflow_learning/venv/lib/python3.10/site-packages/airflow/example_dags/example_setup_teardown.py
[2023-08-24T15:23:39.022+0100] {processor.py:839} INFO - DAG(s) dict_keys(['example_setup_teardown']) retrieved from /home/samuel/dev/airflow_learning/venv/lib/python3.10/site-packages/airflow/example_dags/example_setup_teardown.py
[2023-08-24T15:23:39.040+0100] {logging_mixin.py:151} INFO - [2023-08-24T15:23:39.040+0100] {dag.py:2907} INFO - Sync 1 DAGs
[2023-08-24T15:23:39.059+0100] {logging_mixin.py:151} INFO - [2023-08-24T15:23:39.059+0100] {dag.py:3677} INFO - Setting next_dagrun for example_setup_teardown to 2023-08-23T14:23:39.059373+00:00, run_after=2023-08-24T14:23:39.059373+00:00
[2023-08-24T15:23:39.175+0100] {processor.py:179} INFO - Processing /home/samuel/dev/airflow_learning/venv/lib/python3.10/site-packages/airflow/example_dags/example_setup_teardown.py took 0.168 seconds
[2023-08-24T15:24:34.081+0100] {processor.py:157} INFO - Started process (PID=5474) to work on /home/samuel/dev/airflow_learning/venv/lib/python3.10/site-packages/airflow/example_dags/example_setup_teardown.py
[2023-08-24T15:24:34.083+0100] {processor.py:829} INFO - Processing file /home/samuel/dev/airflow_learning/venv/lib/python3.10/site-packages/airflow/example_dags/example_setup_teardown.py for tasks to queue
[2023-08-24T15:24:34.084+0100] {logging_mixin.py:151} INFO - [2023-08-24T15:24:34.083+0100] {dagbag.py:539} INFO - Filling up the DagBag from /home/samuel/dev/airflow_learning/venv/lib/python3.10/site-packages/airflow/example_dags/example_setup_teardown.py
[2023-08-24T15:24:34.093+0100] {processor.py:839} INFO - DAG(s) dict_keys(['example_setup_teardown']) retrieved from /home/samuel/dev/airflow_learning/venv/lib/python3.10/site-packages/airflow/example_dags/example_setup_teardown.py
[2023-08-24T15:24:34.112+0100] {logging_mixin.py:151} INFO - [2023-08-24T15:24:34.112+0100] {dag.py:2907} INFO - Sync 1 DAGs
[2023-08-24T15:24:34.136+0100] {logging_mixin.py:151} INFO - [2023-08-24T15:24:34.136+0100] {dag.py:3677} INFO - Setting next_dagrun for example_setup_teardown to 2023-08-23T14:24:34.135635+00:00, run_after=2023-08-24T14:24:34.135635+00:00
[2023-08-24T15:24:34.267+0100] {processor.py:179} INFO - Processing /home/samuel/dev/airflow_learning/venv/lib/python3.10/site-packages/airflow/example_dags/example_setup_teardown.py took 0.190 seconds
[2023-08-24T15:25:23.697+0100] {processor.py:157} INFO - Started process (PID=5523) to work on /home/samuel/dev/airflow_learning/venv/lib/python3.10/site-packages/airflow/example_dags/example_setup_teardown.py
[2023-08-24T15:25:23.699+0100] {processor.py:829} INFO - Processing file /home/samuel/dev/airflow_learning/venv/lib/python3.10/site-packages/airflow/example_dags/example_setup_teardown.py for tasks to queue
[2023-08-24T15:25:23.700+0100] {logging_mixin.py:151} INFO - [2023-08-24T15:25:23.700+0100] {dagbag.py:539} INFO - Filling up the DagBag from /home/samuel/dev/airflow_learning/venv/lib/python3.10/site-packages/airflow/example_dags/example_setup_teardown.py
[2023-08-24T15:25:23.708+0100] {processor.py:839} INFO - DAG(s) dict_keys(['example_setup_teardown']) retrieved from /home/samuel/dev/airflow_learning/venv/lib/python3.10/site-packages/airflow/example_dags/example_setup_teardown.py
[2023-08-24T15:25:23.723+0100] {logging_mixin.py:151} INFO - [2023-08-24T15:25:23.723+0100] {dag.py:2907} INFO - Sync 1 DAGs
[2023-08-24T15:25:23.743+0100] {logging_mixin.py:151} INFO - [2023-08-24T15:25:23.742+0100] {dag.py:3677} INFO - Setting next_dagrun for example_setup_teardown to 2023-08-23T14:25:23.742576+00:00, run_after=2023-08-24T14:25:23.742576+00:00
[2023-08-24T15:25:23.878+0100] {processor.py:179} INFO - Processing /home/samuel/dev/airflow_learning/venv/lib/python3.10/site-packages/airflow/example_dags/example_setup_teardown.py took 0.185 seconds
[2023-08-24T15:26:17.342+0100] {processor.py:157} INFO - Started process (PID=5575) to work on /home/samuel/dev/airflow_learning/venv/lib/python3.10/site-packages/airflow/example_dags/example_setup_teardown.py
[2023-08-24T15:26:17.344+0100] {processor.py:829} INFO - Processing file /home/samuel/dev/airflow_learning/venv/lib/python3.10/site-packages/airflow/example_dags/example_setup_teardown.py for tasks to queue
[2023-08-24T15:26:17.345+0100] {logging_mixin.py:151} INFO - [2023-08-24T15:26:17.344+0100] {dagbag.py:539} INFO - Filling up the DagBag from /home/samuel/dev/airflow_learning/venv/lib/python3.10/site-packages/airflow/example_dags/example_setup_teardown.py
[2023-08-24T15:26:17.354+0100] {processor.py:839} INFO - DAG(s) dict_keys(['example_setup_teardown']) retrieved from /home/samuel/dev/airflow_learning/venv/lib/python3.10/site-packages/airflow/example_dags/example_setup_teardown.py
[2023-08-24T15:26:17.373+0100] {logging_mixin.py:151} INFO - [2023-08-24T15:26:17.372+0100] {dag.py:2907} INFO - Sync 1 DAGs
[2023-08-24T15:26:17.394+0100] {logging_mixin.py:151} INFO - [2023-08-24T15:26:17.393+0100] {dag.py:3677} INFO - Setting next_dagrun for example_setup_teardown to 2023-08-23T14:26:17.393588+00:00, run_after=2023-08-24T14:26:17.393588+00:00
[2023-08-24T15:26:17.558+0100] {processor.py:179} INFO - Processing /home/samuel/dev/airflow_learning/venv/lib/python3.10/site-packages/airflow/example_dags/example_setup_teardown.py took 0.219 seconds
[2023-08-24T15:27:12.578+0100] {processor.py:157} INFO - Started process (PID=5626) to work on /home/samuel/dev/airflow_learning/venv/lib/python3.10/site-packages/airflow/example_dags/example_setup_teardown.py
[2023-08-24T15:27:12.581+0100] {processor.py:829} INFO - Processing file /home/samuel/dev/airflow_learning/venv/lib/python3.10/site-packages/airflow/example_dags/example_setup_teardown.py for tasks to queue
[2023-08-24T15:27:12.582+0100] {logging_mixin.py:151} INFO - [2023-08-24T15:27:12.582+0100] {dagbag.py:539} INFO - Filling up the DagBag from /home/samuel/dev/airflow_learning/venv/lib/python3.10/site-packages/airflow/example_dags/example_setup_teardown.py
[2023-08-24T15:27:12.592+0100] {processor.py:839} INFO - DAG(s) dict_keys(['example_setup_teardown']) retrieved from /home/samuel/dev/airflow_learning/venv/lib/python3.10/site-packages/airflow/example_dags/example_setup_teardown.py
[2023-08-24T15:27:12.610+0100] {logging_mixin.py:151} INFO - [2023-08-24T15:27:12.610+0100] {dag.py:2907} INFO - Sync 1 DAGs
[2023-08-24T15:27:12.630+0100] {logging_mixin.py:151} INFO - [2023-08-24T15:27:12.630+0100] {dag.py:3677} INFO - Setting next_dagrun for example_setup_teardown to 2023-08-23T14:27:12.629790+00:00, run_after=2023-08-24T14:27:12.629790+00:00
[2023-08-24T15:27:12.785+0100] {processor.py:179} INFO - Processing /home/samuel/dev/airflow_learning/venv/lib/python3.10/site-packages/airflow/example_dags/example_setup_teardown.py took 0.210 seconds
[2023-08-24T15:28:06.265+0100] {processor.py:157} INFO - Started process (PID=5680) to work on /home/samuel/dev/airflow_learning/venv/lib/python3.10/site-packages/airflow/example_dags/example_setup_teardown.py
[2023-08-24T15:28:06.281+0100] {processor.py:829} INFO - Processing file /home/samuel/dev/airflow_learning/venv/lib/python3.10/site-packages/airflow/example_dags/example_setup_teardown.py for tasks to queue
[2023-08-24T15:28:06.282+0100] {logging_mixin.py:151} INFO - [2023-08-24T15:28:06.282+0100] {dagbag.py:539} INFO - Filling up the DagBag from /home/samuel/dev/airflow_learning/venv/lib/python3.10/site-packages/airflow/example_dags/example_setup_teardown.py
[2023-08-24T15:28:06.291+0100] {processor.py:839} INFO - DAG(s) dict_keys(['example_setup_teardown']) retrieved from /home/samuel/dev/airflow_learning/venv/lib/python3.10/site-packages/airflow/example_dags/example_setup_teardown.py
[2023-08-24T15:28:06.308+0100] {logging_mixin.py:151} INFO - [2023-08-24T15:28:06.308+0100] {dag.py:2907} INFO - Sync 1 DAGs
[2023-08-24T15:28:06.328+0100] {logging_mixin.py:151} INFO - [2023-08-24T15:28:06.328+0100] {dag.py:3677} INFO - Setting next_dagrun for example_setup_teardown to 2023-08-23T14:28:06.328328+00:00, run_after=2023-08-24T14:28:06.328328+00:00
[2023-08-24T15:28:06.428+0100] {processor.py:179} INFO - Processing /home/samuel/dev/airflow_learning/venv/lib/python3.10/site-packages/airflow/example_dags/example_setup_teardown.py took 0.165 seconds
[2023-08-24T15:29:02.963+0100] {processor.py:157} INFO - Started process (PID=5752) to work on /home/samuel/dev/airflow_learning/venv/lib/python3.10/site-packages/airflow/example_dags/example_setup_teardown.py
[2023-08-24T15:29:02.973+0100] {processor.py:829} INFO - Processing file /home/samuel/dev/airflow_learning/venv/lib/python3.10/site-packages/airflow/example_dags/example_setup_teardown.py for tasks to queue
[2023-08-24T15:29:02.974+0100] {logging_mixin.py:151} INFO - [2023-08-24T15:29:02.973+0100] {dagbag.py:539} INFO - Filling up the DagBag from /home/samuel/dev/airflow_learning/venv/lib/python3.10/site-packages/airflow/example_dags/example_setup_teardown.py
[2023-08-24T15:29:02.983+0100] {processor.py:839} INFO - DAG(s) dict_keys(['example_setup_teardown']) retrieved from /home/samuel/dev/airflow_learning/venv/lib/python3.10/site-packages/airflow/example_dags/example_setup_teardown.py
[2023-08-24T15:29:03.001+0100] {logging_mixin.py:151} INFO - [2023-08-24T15:29:03.001+0100] {dag.py:2907} INFO - Sync 1 DAGs
[2023-08-24T15:29:03.020+0100] {logging_mixin.py:151} INFO - [2023-08-24T15:29:03.020+0100] {dag.py:3677} INFO - Setting next_dagrun for example_setup_teardown to 2023-08-23T14:29:03.020302+00:00, run_after=2023-08-24T14:29:03.020302+00:00
[2023-08-24T15:29:03.200+0100] {processor.py:179} INFO - Processing /home/samuel/dev/airflow_learning/venv/lib/python3.10/site-packages/airflow/example_dags/example_setup_teardown.py took 0.241 seconds
[2023-08-24T15:30:29.836+0100] {processor.py:157} INFO - Started process (PID=5923) to work on /home/samuel/dev/airflow_learning/venv/lib/python3.10/site-packages/airflow/example_dags/example_setup_teardown.py
[2023-08-24T15:30:29.846+0100] {processor.py:829} INFO - Processing file /home/samuel/dev/airflow_learning/venv/lib/python3.10/site-packages/airflow/example_dags/example_setup_teardown.py for tasks to queue
[2023-08-24T15:30:29.847+0100] {logging_mixin.py:151} INFO - [2023-08-24T15:30:29.847+0100] {dagbag.py:539} INFO - Filling up the DagBag from /home/samuel/dev/airflow_learning/venv/lib/python3.10/site-packages/airflow/example_dags/example_setup_teardown.py
[2023-08-24T15:30:29.858+0100] {processor.py:839} INFO - DAG(s) dict_keys(['example_setup_teardown']) retrieved from /home/samuel/dev/airflow_learning/venv/lib/python3.10/site-packages/airflow/example_dags/example_setup_teardown.py
[2023-08-24T15:30:29.877+0100] {logging_mixin.py:151} INFO - [2023-08-24T15:30:29.877+0100] {dag.py:2907} INFO - Sync 1 DAGs
[2023-08-24T15:30:29.907+0100] {logging_mixin.py:151} INFO - [2023-08-24T15:30:29.907+0100] {dag.py:3677} INFO - Setting next_dagrun for example_setup_teardown to 2023-08-23T14:30:29.906699+00:00, run_after=2023-08-24T14:30:29.906699+00:00
[2023-08-24T15:30:30.315+0100] {processor.py:179} INFO - Processing /home/samuel/dev/airflow_learning/venv/lib/python3.10/site-packages/airflow/example_dags/example_setup_teardown.py took 0.482 seconds
[2023-08-24T15:31:55.935+0100] {processor.py:157} INFO - Started process (PID=6063) to work on /home/samuel/dev/airflow_learning/venv/lib/python3.10/site-packages/airflow/example_dags/example_setup_teardown.py
[2023-08-24T15:31:55.953+0100] {processor.py:829} INFO - Processing file /home/samuel/dev/airflow_learning/venv/lib/python3.10/site-packages/airflow/example_dags/example_setup_teardown.py for tasks to queue
[2023-08-24T15:31:55.954+0100] {logging_mixin.py:151} INFO - [2023-08-24T15:31:55.954+0100] {dagbag.py:539} INFO - Filling up the DagBag from /home/samuel/dev/airflow_learning/venv/lib/python3.10/site-packages/airflow/example_dags/example_setup_teardown.py
[2023-08-24T15:31:55.964+0100] {processor.py:839} INFO - DAG(s) dict_keys(['example_setup_teardown']) retrieved from /home/samuel/dev/airflow_learning/venv/lib/python3.10/site-packages/airflow/example_dags/example_setup_teardown.py
[2023-08-24T15:31:55.986+0100] {logging_mixin.py:151} INFO - [2023-08-24T15:31:55.985+0100] {dag.py:2907} INFO - Sync 1 DAGs
[2023-08-24T15:31:56.009+0100] {logging_mixin.py:151} INFO - [2023-08-24T15:31:56.009+0100] {dag.py:3677} INFO - Setting next_dagrun for example_setup_teardown to 2023-08-23T14:31:56.008949+00:00, run_after=2023-08-24T14:31:56.008949+00:00
[2023-08-24T15:31:56.129+0100] {processor.py:179} INFO - Processing /home/samuel/dev/airflow_learning/venv/lib/python3.10/site-packages/airflow/example_dags/example_setup_teardown.py took 0.198 seconds
[2023-08-24T15:32:50.841+0100] {processor.py:157} INFO - Started process (PID=6128) to work on /home/samuel/dev/airflow_learning/venv/lib/python3.10/site-packages/airflow/example_dags/example_setup_teardown.py
[2023-08-24T15:32:50.857+0100] {processor.py:829} INFO - Processing file /home/samuel/dev/airflow_learning/venv/lib/python3.10/site-packages/airflow/example_dags/example_setup_teardown.py for tasks to queue
[2023-08-24T15:32:50.859+0100] {logging_mixin.py:151} INFO - [2023-08-24T15:32:50.858+0100] {dagbag.py:539} INFO - Filling up the DagBag from /home/samuel/dev/airflow_learning/venv/lib/python3.10/site-packages/airflow/example_dags/example_setup_teardown.py
[2023-08-24T15:32:50.869+0100] {processor.py:839} INFO - DAG(s) dict_keys(['example_setup_teardown']) retrieved from /home/samuel/dev/airflow_learning/venv/lib/python3.10/site-packages/airflow/example_dags/example_setup_teardown.py
[2023-08-24T15:32:50.892+0100] {logging_mixin.py:151} INFO - [2023-08-24T15:32:50.892+0100] {dag.py:2907} INFO - Sync 1 DAGs
[2023-08-24T15:32:50.915+0100] {logging_mixin.py:151} INFO - [2023-08-24T15:32:50.915+0100] {dag.py:3677} INFO - Setting next_dagrun for example_setup_teardown to 2023-08-23T14:32:50.914929+00:00, run_after=2023-08-24T14:32:50.914929+00:00
[2023-08-24T15:32:51.031+0100] {processor.py:179} INFO - Processing /home/samuel/dev/airflow_learning/venv/lib/python3.10/site-packages/airflow/example_dags/example_setup_teardown.py took 0.194 seconds
[2023-08-24T15:33:44.041+0100] {processor.py:157} INFO - Started process (PID=6179) to work on /home/samuel/dev/airflow_learning/venv/lib/python3.10/site-packages/airflow/example_dags/example_setup_teardown.py
[2023-08-24T15:33:44.042+0100] {processor.py:829} INFO - Processing file /home/samuel/dev/airflow_learning/venv/lib/python3.10/site-packages/airflow/example_dags/example_setup_teardown.py for tasks to queue
[2023-08-24T15:33:44.043+0100] {logging_mixin.py:151} INFO - [2023-08-24T15:33:44.043+0100] {dagbag.py:539} INFO - Filling up the DagBag from /home/samuel/dev/airflow_learning/venv/lib/python3.10/site-packages/airflow/example_dags/example_setup_teardown.py
[2023-08-24T15:33:44.052+0100] {processor.py:839} INFO - DAG(s) dict_keys(['example_setup_teardown']) retrieved from /home/samuel/dev/airflow_learning/venv/lib/python3.10/site-packages/airflow/example_dags/example_setup_teardown.py
[2023-08-24T15:33:44.069+0100] {logging_mixin.py:151} INFO - [2023-08-24T15:33:44.069+0100] {dag.py:2907} INFO - Sync 1 DAGs
[2023-08-24T15:33:44.088+0100] {logging_mixin.py:151} INFO - [2023-08-24T15:33:44.088+0100] {dag.py:3677} INFO - Setting next_dagrun for example_setup_teardown to 2023-08-23T14:33:44.087982+00:00, run_after=2023-08-24T14:33:44.087982+00:00
[2023-08-24T15:33:44.217+0100] {processor.py:179} INFO - Processing /home/samuel/dev/airflow_learning/venv/lib/python3.10/site-packages/airflow/example_dags/example_setup_teardown.py took 0.180 seconds
[2023-08-24T15:34:48.888+0100] {processor.py:157} INFO - Started process (PID=6243) to work on /home/samuel/dev/airflow_learning/venv/lib/python3.10/site-packages/airflow/example_dags/example_setup_teardown.py
[2023-08-24T15:34:48.889+0100] {processor.py:829} INFO - Processing file /home/samuel/dev/airflow_learning/venv/lib/python3.10/site-packages/airflow/example_dags/example_setup_teardown.py for tasks to queue
[2023-08-24T15:34:48.890+0100] {logging_mixin.py:151} INFO - [2023-08-24T15:34:48.890+0100] {dagbag.py:539} INFO - Filling up the DagBag from /home/samuel/dev/airflow_learning/venv/lib/python3.10/site-packages/airflow/example_dags/example_setup_teardown.py
[2023-08-24T15:34:48.898+0100] {processor.py:839} INFO - DAG(s) dict_keys(['example_setup_teardown']) retrieved from /home/samuel/dev/airflow_learning/venv/lib/python3.10/site-packages/airflow/example_dags/example_setup_teardown.py
[2023-08-24T15:34:48.913+0100] {logging_mixin.py:151} INFO - [2023-08-24T15:34:48.913+0100] {dag.py:2907} INFO - Sync 1 DAGs
[2023-08-24T15:34:48.931+0100] {logging_mixin.py:151} INFO - [2023-08-24T15:34:48.931+0100] {dag.py:3677} INFO - Setting next_dagrun for example_setup_teardown to 2023-08-23T14:34:48.931545+00:00, run_after=2023-08-24T14:34:48.931545+00:00
[2023-08-24T15:34:49.054+0100] {processor.py:179} INFO - Processing /home/samuel/dev/airflow_learning/venv/lib/python3.10/site-packages/airflow/example_dags/example_setup_teardown.py took 0.169 seconds
[2023-08-24T15:35:50.425+0100] {processor.py:157} INFO - Started process (PID=6311) to work on /home/samuel/dev/airflow_learning/venv/lib/python3.10/site-packages/airflow/example_dags/example_setup_teardown.py
[2023-08-24T15:35:50.435+0100] {processor.py:829} INFO - Processing file /home/samuel/dev/airflow_learning/venv/lib/python3.10/site-packages/airflow/example_dags/example_setup_teardown.py for tasks to queue
[2023-08-24T15:35:50.436+0100] {logging_mixin.py:151} INFO - [2023-08-24T15:35:50.436+0100] {dagbag.py:539} INFO - Filling up the DagBag from /home/samuel/dev/airflow_learning/venv/lib/python3.10/site-packages/airflow/example_dags/example_setup_teardown.py
[2023-08-24T15:35:50.446+0100] {processor.py:839} INFO - DAG(s) dict_keys(['example_setup_teardown']) retrieved from /home/samuel/dev/airflow_learning/venv/lib/python3.10/site-packages/airflow/example_dags/example_setup_teardown.py
[2023-08-24T15:35:50.466+0100] {logging_mixin.py:151} INFO - [2023-08-24T15:35:50.465+0100] {dag.py:2907} INFO - Sync 1 DAGs
[2023-08-24T15:35:50.486+0100] {logging_mixin.py:151} INFO - [2023-08-24T15:35:50.486+0100] {dag.py:3677} INFO - Setting next_dagrun for example_setup_teardown to 2023-08-23T14:35:50.486229+00:00, run_after=2023-08-24T14:35:50.486229+00:00
[2023-08-24T15:35:50.602+0100] {processor.py:179} INFO - Processing /home/samuel/dev/airflow_learning/venv/lib/python3.10/site-packages/airflow/example_dags/example_setup_teardown.py took 0.181 seconds
[2023-08-24T15:36:50.170+0100] {processor.py:157} INFO - Started process (PID=6372) to work on /home/samuel/dev/airflow_learning/venv/lib/python3.10/site-packages/airflow/example_dags/example_setup_teardown.py
[2023-08-24T15:36:50.198+0100] {processor.py:829} INFO - Processing file /home/samuel/dev/airflow_learning/venv/lib/python3.10/site-packages/airflow/example_dags/example_setup_teardown.py for tasks to queue
[2023-08-24T15:36:50.200+0100] {logging_mixin.py:151} INFO - [2023-08-24T15:36:50.199+0100] {dagbag.py:539} INFO - Filling up the DagBag from /home/samuel/dev/airflow_learning/venv/lib/python3.10/site-packages/airflow/example_dags/example_setup_teardown.py
[2023-08-24T15:36:50.215+0100] {processor.py:839} INFO - DAG(s) dict_keys(['example_setup_teardown']) retrieved from /home/samuel/dev/airflow_learning/venv/lib/python3.10/site-packages/airflow/example_dags/example_setup_teardown.py
[2023-08-24T15:36:50.241+0100] {logging_mixin.py:151} INFO - [2023-08-24T15:36:50.240+0100] {dag.py:2907} INFO - Sync 1 DAGs
[2023-08-24T15:36:50.262+0100] {logging_mixin.py:151} INFO - [2023-08-24T15:36:50.261+0100] {dag.py:3677} INFO - Setting next_dagrun for example_setup_teardown to 2023-08-23T14:36:50.261522+00:00, run_after=2023-08-24T14:36:50.261522+00:00
[2023-08-24T15:36:50.372+0100] {processor.py:179} INFO - Processing /home/samuel/dev/airflow_learning/venv/lib/python3.10/site-packages/airflow/example_dags/example_setup_teardown.py took 0.205 seconds
[2023-08-24T15:37:58.287+0100] {processor.py:157} INFO - Started process (PID=6431) to work on /home/samuel/dev/airflow_learning/venv/lib/python3.10/site-packages/airflow/example_dags/example_setup_teardown.py
[2023-08-24T15:37:58.312+0100] {processor.py:829} INFO - Processing file /home/samuel/dev/airflow_learning/venv/lib/python3.10/site-packages/airflow/example_dags/example_setup_teardown.py for tasks to queue
[2023-08-24T15:37:58.314+0100] {logging_mixin.py:151} INFO - [2023-08-24T15:37:58.313+0100] {dagbag.py:539} INFO - Filling up the DagBag from /home/samuel/dev/airflow_learning/venv/lib/python3.10/site-packages/airflow/example_dags/example_setup_teardown.py
[2023-08-24T15:37:58.324+0100] {processor.py:839} INFO - DAG(s) dict_keys(['example_setup_teardown']) retrieved from /home/samuel/dev/airflow_learning/venv/lib/python3.10/site-packages/airflow/example_dags/example_setup_teardown.py
[2023-08-24T15:37:58.344+0100] {logging_mixin.py:151} INFO - [2023-08-24T15:37:58.344+0100] {dag.py:2907} INFO - Sync 1 DAGs
[2023-08-24T15:37:58.366+0100] {logging_mixin.py:151} INFO - [2023-08-24T15:37:58.365+0100] {dag.py:3677} INFO - Setting next_dagrun for example_setup_teardown to 2023-08-23T14:37:58.365522+00:00, run_after=2023-08-24T14:37:58.365522+00:00
[2023-08-24T15:37:58.487+0100] {processor.py:179} INFO - Processing /home/samuel/dev/airflow_learning/venv/lib/python3.10/site-packages/airflow/example_dags/example_setup_teardown.py took 0.204 seconds
[2023-08-24T15:38:55.237+0100] {processor.py:157} INFO - Started process (PID=6486) to work on /home/samuel/dev/airflow_learning/venv/lib/python3.10/site-packages/airflow/example_dags/example_setup_teardown.py
[2023-08-24T15:38:55.240+0100] {processor.py:829} INFO - Processing file /home/samuel/dev/airflow_learning/venv/lib/python3.10/site-packages/airflow/example_dags/example_setup_teardown.py for tasks to queue
[2023-08-24T15:38:55.241+0100] {logging_mixin.py:151} INFO - [2023-08-24T15:38:55.241+0100] {dagbag.py:539} INFO - Filling up the DagBag from /home/samuel/dev/airflow_learning/venv/lib/python3.10/site-packages/airflow/example_dags/example_setup_teardown.py
[2023-08-24T15:38:55.250+0100] {processor.py:839} INFO - DAG(s) dict_keys(['example_setup_teardown']) retrieved from /home/samuel/dev/airflow_learning/venv/lib/python3.10/site-packages/airflow/example_dags/example_setup_teardown.py
[2023-08-24T15:38:55.269+0100] {logging_mixin.py:151} INFO - [2023-08-24T15:38:55.269+0100] {dag.py:2907} INFO - Sync 1 DAGs
[2023-08-24T15:38:55.289+0100] {logging_mixin.py:151} INFO - [2023-08-24T15:38:55.289+0100] {dag.py:3677} INFO - Setting next_dagrun for example_setup_teardown to 2023-08-23T14:38:55.288952+00:00, run_after=2023-08-24T14:38:55.288952+00:00
[2023-08-24T15:38:55.429+0100] {processor.py:179} INFO - Processing /home/samuel/dev/airflow_learning/venv/lib/python3.10/site-packages/airflow/example_dags/example_setup_teardown.py took 0.196 seconds
[2023-08-24T15:39:47.427+0100] {processor.py:157} INFO - Started process (PID=6539) to work on /home/samuel/dev/airflow_learning/venv/lib/python3.10/site-packages/airflow/example_dags/example_setup_teardown.py
[2023-08-24T15:39:47.436+0100] {processor.py:829} INFO - Processing file /home/samuel/dev/airflow_learning/venv/lib/python3.10/site-packages/airflow/example_dags/example_setup_teardown.py for tasks to queue
[2023-08-24T15:39:47.438+0100] {logging_mixin.py:151} INFO - [2023-08-24T15:39:47.437+0100] {dagbag.py:539} INFO - Filling up the DagBag from /home/samuel/dev/airflow_learning/venv/lib/python3.10/site-packages/airflow/example_dags/example_setup_teardown.py
[2023-08-24T15:39:47.452+0100] {processor.py:839} INFO - DAG(s) dict_keys(['example_setup_teardown']) retrieved from /home/samuel/dev/airflow_learning/venv/lib/python3.10/site-packages/airflow/example_dags/example_setup_teardown.py
[2023-08-24T15:39:47.473+0100] {logging_mixin.py:151} INFO - [2023-08-24T15:39:47.473+0100] {dag.py:2907} INFO - Sync 1 DAGs
[2023-08-24T15:39:47.500+0100] {logging_mixin.py:151} INFO - [2023-08-24T15:39:47.500+0100] {dag.py:3677} INFO - Setting next_dagrun for example_setup_teardown to 2023-08-23T14:39:47.499963+00:00, run_after=2023-08-24T14:39:47.499963+00:00
[2023-08-24T15:39:47.617+0100] {processor.py:179} INFO - Processing /home/samuel/dev/airflow_learning/venv/lib/python3.10/site-packages/airflow/example_dags/example_setup_teardown.py took 0.193 seconds
[2023-08-24T15:40:57.273+0100] {processor.py:157} INFO - Started process (PID=6624) to work on /home/samuel/dev/airflow_learning/venv/lib/python3.10/site-packages/airflow/example_dags/example_setup_teardown.py
[2023-08-24T15:40:57.311+0100] {processor.py:829} INFO - Processing file /home/samuel/dev/airflow_learning/venv/lib/python3.10/site-packages/airflow/example_dags/example_setup_teardown.py for tasks to queue
[2023-08-24T15:40:57.312+0100] {logging_mixin.py:151} INFO - [2023-08-24T15:40:57.312+0100] {dagbag.py:539} INFO - Filling up the DagBag from /home/samuel/dev/airflow_learning/venv/lib/python3.10/site-packages/airflow/example_dags/example_setup_teardown.py
[2023-08-24T15:40:57.321+0100] {processor.py:839} INFO - DAG(s) dict_keys(['example_setup_teardown']) retrieved from /home/samuel/dev/airflow_learning/venv/lib/python3.10/site-packages/airflow/example_dags/example_setup_teardown.py
[2023-08-24T15:40:57.340+0100] {logging_mixin.py:151} INFO - [2023-08-24T15:40:57.340+0100] {dag.py:2907} INFO - Sync 1 DAGs
[2023-08-24T15:40:57.362+0100] {logging_mixin.py:151} INFO - [2023-08-24T15:40:57.362+0100] {dag.py:3677} INFO - Setting next_dagrun for example_setup_teardown to 2023-08-23T14:40:57.362211+00:00, run_after=2023-08-24T14:40:57.362211+00:00
[2023-08-24T15:40:57.470+0100] {processor.py:179} INFO - Processing /home/samuel/dev/airflow_learning/venv/lib/python3.10/site-packages/airflow/example_dags/example_setup_teardown.py took 0.200 seconds
[2023-08-24T15:41:49.967+0100] {processor.py:157} INFO - Started process (PID=6674) to work on /home/samuel/dev/airflow_learning/venv/lib/python3.10/site-packages/airflow/example_dags/example_setup_teardown.py
[2023-08-24T15:41:49.970+0100] {processor.py:829} INFO - Processing file /home/samuel/dev/airflow_learning/venv/lib/python3.10/site-packages/airflow/example_dags/example_setup_teardown.py for tasks to queue
[2023-08-24T15:41:49.971+0100] {logging_mixin.py:151} INFO - [2023-08-24T15:41:49.970+0100] {dagbag.py:539} INFO - Filling up the DagBag from /home/samuel/dev/airflow_learning/venv/lib/python3.10/site-packages/airflow/example_dags/example_setup_teardown.py
[2023-08-24T15:41:49.983+0100] {processor.py:839} INFO - DAG(s) dict_keys(['example_setup_teardown']) retrieved from /home/samuel/dev/airflow_learning/venv/lib/python3.10/site-packages/airflow/example_dags/example_setup_teardown.py
[2023-08-24T15:41:50.002+0100] {logging_mixin.py:151} INFO - [2023-08-24T15:41:50.001+0100] {dag.py:2907} INFO - Sync 1 DAGs
[2023-08-24T15:41:50.023+0100] {logging_mixin.py:151} INFO - [2023-08-24T15:41:50.022+0100] {dag.py:3677} INFO - Setting next_dagrun for example_setup_teardown to 2023-08-23T14:41:50.022705+00:00, run_after=2023-08-24T14:41:50.022705+00:00
[2023-08-24T15:41:50.167+0100] {processor.py:179} INFO - Processing /home/samuel/dev/airflow_learning/venv/lib/python3.10/site-packages/airflow/example_dags/example_setup_teardown.py took 0.204 seconds
[2023-08-24T15:42:40.416+0100] {processor.py:157} INFO - Started process (PID=6785) to work on /home/samuel/dev/airflow_learning/venv/lib/python3.10/site-packages/airflow/example_dags/example_setup_teardown.py
[2023-08-24T15:42:40.439+0100] {processor.py:829} INFO - Processing file /home/samuel/dev/airflow_learning/venv/lib/python3.10/site-packages/airflow/example_dags/example_setup_teardown.py for tasks to queue
[2023-08-24T15:42:40.441+0100] {logging_mixin.py:151} INFO - [2023-08-24T15:42:40.440+0100] {dagbag.py:539} INFO - Filling up the DagBag from /home/samuel/dev/airflow_learning/venv/lib/python3.10/site-packages/airflow/example_dags/example_setup_teardown.py
[2023-08-24T15:42:40.451+0100] {processor.py:839} INFO - DAG(s) dict_keys(['example_setup_teardown']) retrieved from /home/samuel/dev/airflow_learning/venv/lib/python3.10/site-packages/airflow/example_dags/example_setup_teardown.py
[2023-08-24T15:42:40.472+0100] {logging_mixin.py:151} INFO - [2023-08-24T15:42:40.472+0100] {dag.py:2907} INFO - Sync 1 DAGs
[2023-08-24T15:42:40.497+0100] {logging_mixin.py:151} INFO - [2023-08-24T15:42:40.496+0100] {dag.py:3677} INFO - Setting next_dagrun for example_setup_teardown to 2023-08-23T14:42:40.496701+00:00, run_after=2023-08-24T14:42:40.496701+00:00
[2023-08-24T15:42:40.598+0100] {processor.py:179} INFO - Processing /home/samuel/dev/airflow_learning/venv/lib/python3.10/site-packages/airflow/example_dags/example_setup_teardown.py took 0.186 seconds
[2023-08-24T15:43:35.411+0100] {processor.py:157} INFO - Started process (PID=6837) to work on /home/samuel/dev/airflow_learning/venv/lib/python3.10/site-packages/airflow/example_dags/example_setup_teardown.py
[2023-08-24T15:43:35.414+0100] {processor.py:829} INFO - Processing file /home/samuel/dev/airflow_learning/venv/lib/python3.10/site-packages/airflow/example_dags/example_setup_teardown.py for tasks to queue
[2023-08-24T15:43:35.415+0100] {logging_mixin.py:151} INFO - [2023-08-24T15:43:35.415+0100] {dagbag.py:539} INFO - Filling up the DagBag from /home/samuel/dev/airflow_learning/venv/lib/python3.10/site-packages/airflow/example_dags/example_setup_teardown.py
[2023-08-24T15:43:35.423+0100] {processor.py:839} INFO - DAG(s) dict_keys(['example_setup_teardown']) retrieved from /home/samuel/dev/airflow_learning/venv/lib/python3.10/site-packages/airflow/example_dags/example_setup_teardown.py
[2023-08-24T15:43:35.439+0100] {logging_mixin.py:151} INFO - [2023-08-24T15:43:35.438+0100] {dag.py:2907} INFO - Sync 1 DAGs
[2023-08-24T15:43:35.458+0100] {logging_mixin.py:151} INFO - [2023-08-24T15:43:35.457+0100] {dag.py:3677} INFO - Setting next_dagrun for example_setup_teardown to 2023-08-23T14:43:35.457663+00:00, run_after=2023-08-24T14:43:35.457663+00:00
[2023-08-24T15:43:35.591+0100] {processor.py:179} INFO - Processing /home/samuel/dev/airflow_learning/venv/lib/python3.10/site-packages/airflow/example_dags/example_setup_teardown.py took 0.182 seconds
[2023-08-24T15:44:27.538+0100] {processor.py:157} INFO - Started process (PID=6887) to work on /home/samuel/dev/airflow_learning/venv/lib/python3.10/site-packages/airflow/example_dags/example_setup_teardown.py
[2023-08-24T15:44:27.571+0100] {processor.py:829} INFO - Processing file /home/samuel/dev/airflow_learning/venv/lib/python3.10/site-packages/airflow/example_dags/example_setup_teardown.py for tasks to queue
[2023-08-24T15:44:27.572+0100] {logging_mixin.py:151} INFO - [2023-08-24T15:44:27.572+0100] {dagbag.py:539} INFO - Filling up the DagBag from /home/samuel/dev/airflow_learning/venv/lib/python3.10/site-packages/airflow/example_dags/example_setup_teardown.py
[2023-08-24T15:44:27.582+0100] {processor.py:839} INFO - DAG(s) dict_keys(['example_setup_teardown']) retrieved from /home/samuel/dev/airflow_learning/venv/lib/python3.10/site-packages/airflow/example_dags/example_setup_teardown.py
[2023-08-24T15:44:27.602+0100] {logging_mixin.py:151} INFO - [2023-08-24T15:44:27.602+0100] {dag.py:2907} INFO - Sync 1 DAGs
[2023-08-24T15:44:27.625+0100] {logging_mixin.py:151} INFO - [2023-08-24T15:44:27.625+0100] {dag.py:3677} INFO - Setting next_dagrun for example_setup_teardown to 2023-08-23T14:44:27.625323+00:00, run_after=2023-08-24T14:44:27.625323+00:00
[2023-08-24T15:44:27.749+0100] {processor.py:179} INFO - Processing /home/samuel/dev/airflow_learning/venv/lib/python3.10/site-packages/airflow/example_dags/example_setup_teardown.py took 0.215 seconds
[2023-08-24T15:45:17.059+0100] {processor.py:157} INFO - Started process (PID=6937) to work on /home/samuel/dev/airflow_learning/venv/lib/python3.10/site-packages/airflow/example_dags/example_setup_teardown.py
[2023-08-24T15:45:17.076+0100] {processor.py:829} INFO - Processing file /home/samuel/dev/airflow_learning/venv/lib/python3.10/site-packages/airflow/example_dags/example_setup_teardown.py for tasks to queue
[2023-08-24T15:45:17.077+0100] {logging_mixin.py:151} INFO - [2023-08-24T15:45:17.077+0100] {dagbag.py:539} INFO - Filling up the DagBag from /home/samuel/dev/airflow_learning/venv/lib/python3.10/site-packages/airflow/example_dags/example_setup_teardown.py
[2023-08-24T15:45:17.086+0100] {processor.py:839} INFO - DAG(s) dict_keys(['example_setup_teardown']) retrieved from /home/samuel/dev/airflow_learning/venv/lib/python3.10/site-packages/airflow/example_dags/example_setup_teardown.py
[2023-08-24T15:45:17.102+0100] {logging_mixin.py:151} INFO - [2023-08-24T15:45:17.101+0100] {dag.py:2907} INFO - Sync 1 DAGs
[2023-08-24T15:45:17.120+0100] {logging_mixin.py:151} INFO - [2023-08-24T15:45:17.120+0100] {dag.py:3677} INFO - Setting next_dagrun for example_setup_teardown to 2023-08-23T14:45:17.120025+00:00, run_after=2023-08-24T14:45:17.120025+00:00
[2023-08-24T15:45:17.228+0100] {processor.py:179} INFO - Processing /home/samuel/dev/airflow_learning/venv/lib/python3.10/site-packages/airflow/example_dags/example_setup_teardown.py took 0.173 seconds
[2023-08-24T15:46:09.213+0100] {processor.py:157} INFO - Started process (PID=6986) to work on /home/samuel/dev/airflow_learning/venv/lib/python3.10/site-packages/airflow/example_dags/example_setup_teardown.py
[2023-08-24T15:46:09.225+0100] {processor.py:829} INFO - Processing file /home/samuel/dev/airflow_learning/venv/lib/python3.10/site-packages/airflow/example_dags/example_setup_teardown.py for tasks to queue
[2023-08-24T15:46:09.226+0100] {logging_mixin.py:151} INFO - [2023-08-24T15:46:09.226+0100] {dagbag.py:539} INFO - Filling up the DagBag from /home/samuel/dev/airflow_learning/venv/lib/python3.10/site-packages/airflow/example_dags/example_setup_teardown.py
[2023-08-24T15:46:09.235+0100] {processor.py:839} INFO - DAG(s) dict_keys(['example_setup_teardown']) retrieved from /home/samuel/dev/airflow_learning/venv/lib/python3.10/site-packages/airflow/example_dags/example_setup_teardown.py
[2023-08-24T15:46:09.255+0100] {logging_mixin.py:151} INFO - [2023-08-24T15:46:09.254+0100] {dag.py:2907} INFO - Sync 1 DAGs
[2023-08-24T15:46:09.275+0100] {logging_mixin.py:151} INFO - [2023-08-24T15:46:09.275+0100] {dag.py:3677} INFO - Setting next_dagrun for example_setup_teardown to 2023-08-23T14:46:09.275164+00:00, run_after=2023-08-24T14:46:09.275164+00:00
[2023-08-24T15:46:09.395+0100] {processor.py:179} INFO - Processing /home/samuel/dev/airflow_learning/venv/lib/python3.10/site-packages/airflow/example_dags/example_setup_teardown.py took 0.186 seconds
[2023-08-24T15:47:03.593+0100] {processor.py:157} INFO - Started process (PID=7036) to work on /home/samuel/dev/airflow_learning/venv/lib/python3.10/site-packages/airflow/example_dags/example_setup_teardown.py
[2023-08-24T15:47:03.596+0100] {processor.py:829} INFO - Processing file /home/samuel/dev/airflow_learning/venv/lib/python3.10/site-packages/airflow/example_dags/example_setup_teardown.py for tasks to queue
[2023-08-24T15:47:03.597+0100] {logging_mixin.py:151} INFO - [2023-08-24T15:47:03.597+0100] {dagbag.py:539} INFO - Filling up the DagBag from /home/samuel/dev/airflow_learning/venv/lib/python3.10/site-packages/airflow/example_dags/example_setup_teardown.py
[2023-08-24T15:47:03.606+0100] {processor.py:839} INFO - DAG(s) dict_keys(['example_setup_teardown']) retrieved from /home/samuel/dev/airflow_learning/venv/lib/python3.10/site-packages/airflow/example_dags/example_setup_teardown.py
[2023-08-24T15:47:03.624+0100] {logging_mixin.py:151} INFO - [2023-08-24T15:47:03.624+0100] {dag.py:2907} INFO - Sync 1 DAGs
[2023-08-24T15:47:03.643+0100] {logging_mixin.py:151} INFO - [2023-08-24T15:47:03.643+0100] {dag.py:3677} INFO - Setting next_dagrun for example_setup_teardown to 2023-08-23T14:47:03.643109+00:00, run_after=2023-08-24T14:47:03.643109+00:00
[2023-08-24T15:47:03.781+0100] {processor.py:179} INFO - Processing /home/samuel/dev/airflow_learning/venv/lib/python3.10/site-packages/airflow/example_dags/example_setup_teardown.py took 0.191 seconds
[2023-08-24T15:47:56.024+0100] {processor.py:157} INFO - Started process (PID=7091) to work on /home/samuel/dev/airflow_learning/venv/lib/python3.10/site-packages/airflow/example_dags/example_setup_teardown.py
[2023-08-24T15:47:56.048+0100] {processor.py:829} INFO - Processing file /home/samuel/dev/airflow_learning/venv/lib/python3.10/site-packages/airflow/example_dags/example_setup_teardown.py for tasks to queue
[2023-08-24T15:47:56.049+0100] {logging_mixin.py:151} INFO - [2023-08-24T15:47:56.049+0100] {dagbag.py:539} INFO - Filling up the DagBag from /home/samuel/dev/airflow_learning/venv/lib/python3.10/site-packages/airflow/example_dags/example_setup_teardown.py
[2023-08-24T15:47:56.058+0100] {processor.py:839} INFO - DAG(s) dict_keys(['example_setup_teardown']) retrieved from /home/samuel/dev/airflow_learning/venv/lib/python3.10/site-packages/airflow/example_dags/example_setup_teardown.py
[2023-08-24T15:47:56.075+0100] {logging_mixin.py:151} INFO - [2023-08-24T15:47:56.075+0100] {dag.py:2907} INFO - Sync 1 DAGs
[2023-08-24T15:47:56.095+0100] {logging_mixin.py:151} INFO - [2023-08-24T15:47:56.095+0100] {dag.py:3677} INFO - Setting next_dagrun for example_setup_teardown to 2023-08-23T14:47:56.095408+00:00, run_after=2023-08-24T14:47:56.095408+00:00
[2023-08-24T15:47:56.216+0100] {processor.py:179} INFO - Processing /home/samuel/dev/airflow_learning/venv/lib/python3.10/site-packages/airflow/example_dags/example_setup_teardown.py took 0.196 seconds
[2023-08-24T15:48:50.065+0100] {processor.py:157} INFO - Started process (PID=7154) to work on /home/samuel/dev/airflow_learning/venv/lib/python3.10/site-packages/airflow/example_dags/example_setup_teardown.py
[2023-08-24T15:48:50.094+0100] {processor.py:829} INFO - Processing file /home/samuel/dev/airflow_learning/venv/lib/python3.10/site-packages/airflow/example_dags/example_setup_teardown.py for tasks to queue
[2023-08-24T15:48:50.095+0100] {logging_mixin.py:151} INFO - [2023-08-24T15:48:50.095+0100] {dagbag.py:539} INFO - Filling up the DagBag from /home/samuel/dev/airflow_learning/venv/lib/python3.10/site-packages/airflow/example_dags/example_setup_teardown.py
[2023-08-24T15:48:50.105+0100] {processor.py:839} INFO - DAG(s) dict_keys(['example_setup_teardown']) retrieved from /home/samuel/dev/airflow_learning/venv/lib/python3.10/site-packages/airflow/example_dags/example_setup_teardown.py
[2023-08-24T15:48:50.125+0100] {logging_mixin.py:151} INFO - [2023-08-24T15:48:50.124+0100] {dag.py:2907} INFO - Sync 1 DAGs
[2023-08-24T15:48:50.149+0100] {logging_mixin.py:151} INFO - [2023-08-24T15:48:50.149+0100] {dag.py:3677} INFO - Setting next_dagrun for example_setup_teardown to 2023-08-23T14:48:50.149290+00:00, run_after=2023-08-24T14:48:50.149290+00:00
[2023-08-24T15:48:50.252+0100] {processor.py:179} INFO - Processing /home/samuel/dev/airflow_learning/venv/lib/python3.10/site-packages/airflow/example_dags/example_setup_teardown.py took 0.191 seconds
[2023-08-24T15:49:40.422+0100] {processor.py:157} INFO - Started process (PID=7202) to work on /home/samuel/dev/airflow_learning/venv/lib/python3.10/site-packages/airflow/example_dags/example_setup_teardown.py
[2023-08-24T15:49:40.454+0100] {processor.py:829} INFO - Processing file /home/samuel/dev/airflow_learning/venv/lib/python3.10/site-packages/airflow/example_dags/example_setup_teardown.py for tasks to queue
[2023-08-24T15:49:40.456+0100] {logging_mixin.py:151} INFO - [2023-08-24T15:49:40.455+0100] {dagbag.py:539} INFO - Filling up the DagBag from /home/samuel/dev/airflow_learning/venv/lib/python3.10/site-packages/airflow/example_dags/example_setup_teardown.py
[2023-08-24T15:49:40.465+0100] {processor.py:839} INFO - DAG(s) dict_keys(['example_setup_teardown']) retrieved from /home/samuel/dev/airflow_learning/venv/lib/python3.10/site-packages/airflow/example_dags/example_setup_teardown.py
[2023-08-24T15:49:40.485+0100] {logging_mixin.py:151} INFO - [2023-08-24T15:49:40.485+0100] {dag.py:2907} INFO - Sync 1 DAGs
[2023-08-24T15:49:40.508+0100] {logging_mixin.py:151} INFO - [2023-08-24T15:49:40.508+0100] {dag.py:3677} INFO - Setting next_dagrun for example_setup_teardown to 2023-08-23T14:49:40.508338+00:00, run_after=2023-08-24T14:49:40.508338+00:00
[2023-08-24T15:49:40.618+0100] {processor.py:179} INFO - Processing /home/samuel/dev/airflow_learning/venv/lib/python3.10/site-packages/airflow/example_dags/example_setup_teardown.py took 0.200 seconds
[2023-08-24T15:50:29.066+0100] {processor.py:157} INFO - Started process (PID=7248) to work on /home/samuel/dev/airflow_learning/venv/lib/python3.10/site-packages/airflow/example_dags/example_setup_teardown.py
[2023-08-24T15:50:29.072+0100] {processor.py:829} INFO - Processing file /home/samuel/dev/airflow_learning/venv/lib/python3.10/site-packages/airflow/example_dags/example_setup_teardown.py for tasks to queue
[2023-08-24T15:50:29.073+0100] {logging_mixin.py:151} INFO - [2023-08-24T15:50:29.073+0100] {dagbag.py:539} INFO - Filling up the DagBag from /home/samuel/dev/airflow_learning/venv/lib/python3.10/site-packages/airflow/example_dags/example_setup_teardown.py
[2023-08-24T15:50:29.083+0100] {processor.py:839} INFO - DAG(s) dict_keys(['example_setup_teardown']) retrieved from /home/samuel/dev/airflow_learning/venv/lib/python3.10/site-packages/airflow/example_dags/example_setup_teardown.py
[2023-08-24T15:50:29.102+0100] {logging_mixin.py:151} INFO - [2023-08-24T15:50:29.101+0100] {dag.py:2907} INFO - Sync 1 DAGs
[2023-08-24T15:50:29.121+0100] {logging_mixin.py:151} INFO - [2023-08-24T15:50:29.121+0100] {dag.py:3677} INFO - Setting next_dagrun for example_setup_teardown to 2023-08-23T14:50:29.120955+00:00, run_after=2023-08-24T14:50:29.120955+00:00
[2023-08-24T15:50:29.240+0100] {processor.py:179} INFO - Processing /home/samuel/dev/airflow_learning/venv/lib/python3.10/site-packages/airflow/example_dags/example_setup_teardown.py took 0.178 seconds
[2023-08-24T15:51:21.025+0100] {processor.py:157} INFO - Started process (PID=7297) to work on /home/samuel/dev/airflow_learning/venv/lib/python3.10/site-packages/airflow/example_dags/example_setup_teardown.py
[2023-08-24T15:51:21.052+0100] {processor.py:829} INFO - Processing file /home/samuel/dev/airflow_learning/venv/lib/python3.10/site-packages/airflow/example_dags/example_setup_teardown.py for tasks to queue
[2023-08-24T15:51:21.053+0100] {logging_mixin.py:151} INFO - [2023-08-24T15:51:21.053+0100] {dagbag.py:539} INFO - Filling up the DagBag from /home/samuel/dev/airflow_learning/venv/lib/python3.10/site-packages/airflow/example_dags/example_setup_teardown.py
[2023-08-24T15:51:21.063+0100] {processor.py:839} INFO - DAG(s) dict_keys(['example_setup_teardown']) retrieved from /home/samuel/dev/airflow_learning/venv/lib/python3.10/site-packages/airflow/example_dags/example_setup_teardown.py
[2023-08-24T15:51:21.083+0100] {logging_mixin.py:151} INFO - [2023-08-24T15:51:21.083+0100] {dag.py:2907} INFO - Sync 1 DAGs
[2023-08-24T15:51:21.105+0100] {logging_mixin.py:151} INFO - [2023-08-24T15:51:21.105+0100] {dag.py:3677} INFO - Setting next_dagrun for example_setup_teardown to 2023-08-23T14:51:21.105112+00:00, run_after=2023-08-24T14:51:21.105112+00:00
[2023-08-24T15:51:21.224+0100] {processor.py:179} INFO - Processing /home/samuel/dev/airflow_learning/venv/lib/python3.10/site-packages/airflow/example_dags/example_setup_teardown.py took 0.203 seconds
[2023-08-24T15:52:12.139+0100] {processor.py:157} INFO - Started process (PID=7355) to work on /home/samuel/dev/airflow_learning/venv/lib/python3.10/site-packages/airflow/example_dags/example_setup_teardown.py
[2023-08-24T15:52:12.165+0100] {processor.py:829} INFO - Processing file /home/samuel/dev/airflow_learning/venv/lib/python3.10/site-packages/airflow/example_dags/example_setup_teardown.py for tasks to queue
[2023-08-24T15:52:12.167+0100] {logging_mixin.py:151} INFO - [2023-08-24T15:52:12.166+0100] {dagbag.py:539} INFO - Filling up the DagBag from /home/samuel/dev/airflow_learning/venv/lib/python3.10/site-packages/airflow/example_dags/example_setup_teardown.py
[2023-08-24T15:52:12.176+0100] {processor.py:839} INFO - DAG(s) dict_keys(['example_setup_teardown']) retrieved from /home/samuel/dev/airflow_learning/venv/lib/python3.10/site-packages/airflow/example_dags/example_setup_teardown.py
[2023-08-24T15:52:12.196+0100] {logging_mixin.py:151} INFO - [2023-08-24T15:52:12.195+0100] {dag.py:2907} INFO - Sync 1 DAGs
[2023-08-24T15:52:12.227+0100] {logging_mixin.py:151} INFO - [2023-08-24T15:52:12.226+0100] {dag.py:3677} INFO - Setting next_dagrun for example_setup_teardown to 2023-08-23T14:52:12.226356+00:00, run_after=2023-08-24T14:52:12.226356+00:00
[2023-08-24T15:52:12.340+0100] {processor.py:179} INFO - Processing /home/samuel/dev/airflow_learning/venv/lib/python3.10/site-packages/airflow/example_dags/example_setup_teardown.py took 0.204 seconds
[2023-08-24T15:53:00.765+0100] {processor.py:157} INFO - Started process (PID=7404) to work on /home/samuel/dev/airflow_learning/venv/lib/python3.10/site-packages/airflow/example_dags/example_setup_teardown.py
[2023-08-24T15:53:00.768+0100] {processor.py:829} INFO - Processing file /home/samuel/dev/airflow_learning/venv/lib/python3.10/site-packages/airflow/example_dags/example_setup_teardown.py for tasks to queue
[2023-08-24T15:53:00.769+0100] {logging_mixin.py:151} INFO - [2023-08-24T15:53:00.769+0100] {dagbag.py:539} INFO - Filling up the DagBag from /home/samuel/dev/airflow_learning/venv/lib/python3.10/site-packages/airflow/example_dags/example_setup_teardown.py
[2023-08-24T15:53:00.777+0100] {processor.py:839} INFO - DAG(s) dict_keys(['example_setup_teardown']) retrieved from /home/samuel/dev/airflow_learning/venv/lib/python3.10/site-packages/airflow/example_dags/example_setup_teardown.py
[2023-08-24T15:53:00.793+0100] {logging_mixin.py:151} INFO - [2023-08-24T15:53:00.792+0100] {dag.py:2907} INFO - Sync 1 DAGs
[2023-08-24T15:53:00.811+0100] {logging_mixin.py:151} INFO - [2023-08-24T15:53:00.811+0100] {dag.py:3677} INFO - Setting next_dagrun for example_setup_teardown to 2023-08-23T14:53:00.811104+00:00, run_after=2023-08-24T14:53:00.811104+00:00
[2023-08-24T15:53:00.946+0100] {processor.py:179} INFO - Processing /home/samuel/dev/airflow_learning/venv/lib/python3.10/site-packages/airflow/example_dags/example_setup_teardown.py took 0.183 seconds
[2023-08-24T15:53:54.514+0100] {processor.py:157} INFO - Started process (PID=7525) to work on /home/samuel/dev/airflow_learning/venv/lib/python3.10/site-packages/airflow/example_dags/example_setup_teardown.py
[2023-08-24T15:53:54.532+0100] {processor.py:829} INFO - Processing file /home/samuel/dev/airflow_learning/venv/lib/python3.10/site-packages/airflow/example_dags/example_setup_teardown.py for tasks to queue
[2023-08-24T15:53:54.533+0100] {logging_mixin.py:151} INFO - [2023-08-24T15:53:54.532+0100] {dagbag.py:539} INFO - Filling up the DagBag from /home/samuel/dev/airflow_learning/venv/lib/python3.10/site-packages/airflow/example_dags/example_setup_teardown.py
[2023-08-24T15:53:54.543+0100] {processor.py:839} INFO - DAG(s) dict_keys(['example_setup_teardown']) retrieved from /home/samuel/dev/airflow_learning/venv/lib/python3.10/site-packages/airflow/example_dags/example_setup_teardown.py
[2023-08-24T15:53:54.563+0100] {logging_mixin.py:151} INFO - [2023-08-24T15:53:54.562+0100] {dag.py:2907} INFO - Sync 1 DAGs
[2023-08-24T15:53:54.584+0100] {logging_mixin.py:151} INFO - [2023-08-24T15:53:54.583+0100] {dag.py:3677} INFO - Setting next_dagrun for example_setup_teardown to 2023-08-23T14:53:54.583579+00:00, run_after=2023-08-24T14:53:54.583579+00:00
[2023-08-24T15:53:54.695+0100] {processor.py:179} INFO - Processing /home/samuel/dev/airflow_learning/venv/lib/python3.10/site-packages/airflow/example_dags/example_setup_teardown.py took 0.185 seconds
[2023-08-24T15:55:00.615+0100] {processor.py:157} INFO - Started process (PID=7611) to work on /home/samuel/dev/airflow_learning/venv/lib/python3.10/site-packages/airflow/example_dags/example_setup_teardown.py
[2023-08-24T15:55:00.616+0100] {processor.py:829} INFO - Processing file /home/samuel/dev/airflow_learning/venv/lib/python3.10/site-packages/airflow/example_dags/example_setup_teardown.py for tasks to queue
[2023-08-24T15:55:00.618+0100] {logging_mixin.py:151} INFO - [2023-08-24T15:55:00.617+0100] {dagbag.py:539} INFO - Filling up the DagBag from /home/samuel/dev/airflow_learning/venv/lib/python3.10/site-packages/airflow/example_dags/example_setup_teardown.py
[2023-08-24T15:55:00.632+0100] {processor.py:839} INFO - DAG(s) dict_keys(['example_setup_teardown']) retrieved from /home/samuel/dev/airflow_learning/venv/lib/python3.10/site-packages/airflow/example_dags/example_setup_teardown.py
[2023-08-24T15:55:00.651+0100] {logging_mixin.py:151} INFO - [2023-08-24T15:55:00.651+0100] {dag.py:2907} INFO - Sync 1 DAGs
[2023-08-24T15:55:00.672+0100] {logging_mixin.py:151} INFO - [2023-08-24T15:55:00.672+0100] {dag.py:3677} INFO - Setting next_dagrun for example_setup_teardown to 2023-08-23T14:55:00.672019+00:00, run_after=2023-08-24T14:55:00.672019+00:00
[2023-08-24T15:55:00.801+0100] {processor.py:179} INFO - Processing /home/samuel/dev/airflow_learning/venv/lib/python3.10/site-packages/airflow/example_dags/example_setup_teardown.py took 0.191 seconds
[2023-08-24T15:55:58.989+0100] {processor.py:157} INFO - Started process (PID=7703) to work on /home/samuel/dev/airflow_learning/venv/lib/python3.10/site-packages/airflow/example_dags/example_setup_teardown.py
[2023-08-24T15:55:58.992+0100] {processor.py:829} INFO - Processing file /home/samuel/dev/airflow_learning/venv/lib/python3.10/site-packages/airflow/example_dags/example_setup_teardown.py for tasks to queue
[2023-08-24T15:55:58.993+0100] {logging_mixin.py:151} INFO - [2023-08-24T15:55:58.993+0100] {dagbag.py:539} INFO - Filling up the DagBag from /home/samuel/dev/airflow_learning/venv/lib/python3.10/site-packages/airflow/example_dags/example_setup_teardown.py
[2023-08-24T15:55:59.003+0100] {processor.py:839} INFO - DAG(s) dict_keys(['example_setup_teardown']) retrieved from /home/samuel/dev/airflow_learning/venv/lib/python3.10/site-packages/airflow/example_dags/example_setup_teardown.py
[2023-08-24T15:55:59.022+0100] {logging_mixin.py:151} INFO - [2023-08-24T15:55:59.021+0100] {dag.py:2907} INFO - Sync 1 DAGs
[2023-08-24T15:55:59.042+0100] {logging_mixin.py:151} INFO - [2023-08-24T15:55:59.042+0100] {dag.py:3677} INFO - Setting next_dagrun for example_setup_teardown to 2023-08-23T14:55:59.041826+00:00, run_after=2023-08-24T14:55:59.041826+00:00
[2023-08-24T15:55:59.162+0100] {processor.py:179} INFO - Processing /home/samuel/dev/airflow_learning/venv/lib/python3.10/site-packages/airflow/example_dags/example_setup_teardown.py took 0.176 seconds
[2023-08-24T15:56:51.209+0100] {processor.py:157} INFO - Started process (PID=7851) to work on /home/samuel/dev/airflow_learning/venv/lib/python3.10/site-packages/airflow/example_dags/example_setup_teardown.py
[2023-08-24T15:56:51.215+0100] {processor.py:829} INFO - Processing file /home/samuel/dev/airflow_learning/venv/lib/python3.10/site-packages/airflow/example_dags/example_setup_teardown.py for tasks to queue
[2023-08-24T15:56:51.216+0100] {logging_mixin.py:151} INFO - [2023-08-24T15:56:51.216+0100] {dagbag.py:539} INFO - Filling up the DagBag from /home/samuel/dev/airflow_learning/venv/lib/python3.10/site-packages/airflow/example_dags/example_setup_teardown.py
[2023-08-24T15:56:51.226+0100] {processor.py:839} INFO - DAG(s) dict_keys(['example_setup_teardown']) retrieved from /home/samuel/dev/airflow_learning/venv/lib/python3.10/site-packages/airflow/example_dags/example_setup_teardown.py
[2023-08-24T15:56:51.243+0100] {logging_mixin.py:151} INFO - [2023-08-24T15:56:51.243+0100] {dag.py:2907} INFO - Sync 1 DAGs
[2023-08-24T15:56:51.262+0100] {logging_mixin.py:151} INFO - [2023-08-24T15:56:51.262+0100] {dag.py:3677} INFO - Setting next_dagrun for example_setup_teardown to 2023-08-23T14:56:51.262476+00:00, run_after=2023-08-24T14:56:51.262476+00:00
[2023-08-24T15:56:51.393+0100] {processor.py:179} INFO - Processing /home/samuel/dev/airflow_learning/venv/lib/python3.10/site-packages/airflow/example_dags/example_setup_teardown.py took 0.188 seconds
[2023-08-24T15:57:42.466+0100] {processor.py:157} INFO - Started process (PID=7900) to work on /home/samuel/dev/airflow_learning/venv/lib/python3.10/site-packages/airflow/example_dags/example_setup_teardown.py
[2023-08-24T15:57:42.487+0100] {processor.py:829} INFO - Processing file /home/samuel/dev/airflow_learning/venv/lib/python3.10/site-packages/airflow/example_dags/example_setup_teardown.py for tasks to queue
[2023-08-24T15:57:42.489+0100] {logging_mixin.py:151} INFO - [2023-08-24T15:57:42.488+0100] {dagbag.py:539} INFO - Filling up the DagBag from /home/samuel/dev/airflow_learning/venv/lib/python3.10/site-packages/airflow/example_dags/example_setup_teardown.py
[2023-08-24T15:57:42.499+0100] {processor.py:839} INFO - DAG(s) dict_keys(['example_setup_teardown']) retrieved from /home/samuel/dev/airflow_learning/venv/lib/python3.10/site-packages/airflow/example_dags/example_setup_teardown.py
[2023-08-24T15:57:42.519+0100] {logging_mixin.py:151} INFO - [2023-08-24T15:57:42.519+0100] {dag.py:2907} INFO - Sync 1 DAGs
[2023-08-24T15:57:42.540+0100] {logging_mixin.py:151} INFO - [2023-08-24T15:57:42.540+0100] {dag.py:3677} INFO - Setting next_dagrun for example_setup_teardown to 2023-08-23T14:57:42.540385+00:00, run_after=2023-08-24T14:57:42.540385+00:00
[2023-08-24T15:57:42.672+0100] {processor.py:179} INFO - Processing /home/samuel/dev/airflow_learning/venv/lib/python3.10/site-packages/airflow/example_dags/example_setup_teardown.py took 0.210 seconds
[2023-08-24T15:58:35.370+0100] {processor.py:157} INFO - Started process (PID=7960) to work on /home/samuel/dev/airflow_learning/venv/lib/python3.10/site-packages/airflow/example_dags/example_setup_teardown.py
[2023-08-24T15:58:35.372+0100] {processor.py:829} INFO - Processing file /home/samuel/dev/airflow_learning/venv/lib/python3.10/site-packages/airflow/example_dags/example_setup_teardown.py for tasks to queue
[2023-08-24T15:58:35.373+0100] {logging_mixin.py:151} INFO - [2023-08-24T15:58:35.373+0100] {dagbag.py:539} INFO - Filling up the DagBag from /home/samuel/dev/airflow_learning/venv/lib/python3.10/site-packages/airflow/example_dags/example_setup_teardown.py
[2023-08-24T15:58:35.383+0100] {processor.py:839} INFO - DAG(s) dict_keys(['example_setup_teardown']) retrieved from /home/samuel/dev/airflow_learning/venv/lib/python3.10/site-packages/airflow/example_dags/example_setup_teardown.py
[2023-08-24T15:58:35.401+0100] {logging_mixin.py:151} INFO - [2023-08-24T15:58:35.400+0100] {dag.py:2907} INFO - Sync 1 DAGs
[2023-08-24T15:58:35.420+0100] {logging_mixin.py:151} INFO - [2023-08-24T15:58:35.420+0100] {dag.py:3677} INFO - Setting next_dagrun for example_setup_teardown to 2023-08-23T14:58:35.420123+00:00, run_after=2023-08-24T14:58:35.420123+00:00
[2023-08-24T15:58:35.551+0100] {processor.py:179} INFO - Processing /home/samuel/dev/airflow_learning/venv/lib/python3.10/site-packages/airflow/example_dags/example_setup_teardown.py took 0.185 seconds
[2023-08-24T15:59:29.973+0100] {processor.py:157} INFO - Started process (PID=8045) to work on /home/samuel/dev/airflow_learning/venv/lib/python3.10/site-packages/airflow/example_dags/example_setup_teardown.py
[2023-08-24T15:59:29.990+0100] {processor.py:829} INFO - Processing file /home/samuel/dev/airflow_learning/venv/lib/python3.10/site-packages/airflow/example_dags/example_setup_teardown.py for tasks to queue
[2023-08-24T15:59:29.991+0100] {logging_mixin.py:151} INFO - [2023-08-24T15:59:29.991+0100] {dagbag.py:539} INFO - Filling up the DagBag from /home/samuel/dev/airflow_learning/venv/lib/python3.10/site-packages/airflow/example_dags/example_setup_teardown.py
[2023-08-24T15:59:30.002+0100] {processor.py:839} INFO - DAG(s) dict_keys(['example_setup_teardown']) retrieved from /home/samuel/dev/airflow_learning/venv/lib/python3.10/site-packages/airflow/example_dags/example_setup_teardown.py
[2023-08-24T15:59:30.024+0100] {logging_mixin.py:151} INFO - [2023-08-24T15:59:30.024+0100] {dag.py:2907} INFO - Sync 1 DAGs
[2023-08-24T15:59:30.044+0100] {logging_mixin.py:151} INFO - [2023-08-24T15:59:30.043+0100] {dag.py:3677} INFO - Setting next_dagrun for example_setup_teardown to 2023-08-23T14:59:30.043726+00:00, run_after=2023-08-24T14:59:30.043726+00:00
[2023-08-24T15:59:30.143+0100] {processor.py:179} INFO - Processing /home/samuel/dev/airflow_learning/venv/lib/python3.10/site-packages/airflow/example_dags/example_setup_teardown.py took 0.174 seconds
[2023-08-24T16:00:27.838+0100] {processor.py:157} INFO - Started process (PID=8290) to work on /home/samuel/dev/airflow_learning/venv/lib/python3.10/site-packages/airflow/example_dags/example_setup_teardown.py
[2023-08-24T16:00:27.884+0100] {processor.py:829} INFO - Processing file /home/samuel/dev/airflow_learning/venv/lib/python3.10/site-packages/airflow/example_dags/example_setup_teardown.py for tasks to queue
[2023-08-24T16:00:27.885+0100] {logging_mixin.py:151} INFO - [2023-08-24T16:00:27.885+0100] {dagbag.py:539} INFO - Filling up the DagBag from /home/samuel/dev/airflow_learning/venv/lib/python3.10/site-packages/airflow/example_dags/example_setup_teardown.py
[2023-08-24T16:00:27.895+0100] {processor.py:839} INFO - DAG(s) dict_keys(['example_setup_teardown']) retrieved from /home/samuel/dev/airflow_learning/venv/lib/python3.10/site-packages/airflow/example_dags/example_setup_teardown.py
[2023-08-24T16:00:27.916+0100] {logging_mixin.py:151} INFO - [2023-08-24T16:00:27.916+0100] {dag.py:2907} INFO - Sync 1 DAGs
[2023-08-24T16:00:27.940+0100] {logging_mixin.py:151} INFO - [2023-08-24T16:00:27.940+0100] {dag.py:3677} INFO - Setting next_dagrun for example_setup_teardown to 2023-08-23T15:00:27.940292+00:00, run_after=2023-08-24T15:00:27.940292+00:00
[2023-08-24T16:00:28.052+0100] {processor.py:179} INFO - Processing /home/samuel/dev/airflow_learning/venv/lib/python3.10/site-packages/airflow/example_dags/example_setup_teardown.py took 0.218 seconds
[2023-08-24T16:01:21.030+0100] {processor.py:157} INFO - Started process (PID=8359) to work on /home/samuel/dev/airflow_learning/venv/lib/python3.10/site-packages/airflow/example_dags/example_setup_teardown.py
[2023-08-24T16:01:21.048+0100] {processor.py:829} INFO - Processing file /home/samuel/dev/airflow_learning/venv/lib/python3.10/site-packages/airflow/example_dags/example_setup_teardown.py for tasks to queue
[2023-08-24T16:01:21.049+0100] {logging_mixin.py:151} INFO - [2023-08-24T16:01:21.048+0100] {dagbag.py:539} INFO - Filling up the DagBag from /home/samuel/dev/airflow_learning/venv/lib/python3.10/site-packages/airflow/example_dags/example_setup_teardown.py
[2023-08-24T16:01:21.058+0100] {processor.py:839} INFO - DAG(s) dict_keys(['example_setup_teardown']) retrieved from /home/samuel/dev/airflow_learning/venv/lib/python3.10/site-packages/airflow/example_dags/example_setup_teardown.py
[2023-08-24T16:01:21.082+0100] {logging_mixin.py:151} INFO - [2023-08-24T16:01:21.081+0100] {dag.py:2907} INFO - Sync 1 DAGs
[2023-08-24T16:01:21.110+0100] {logging_mixin.py:151} INFO - [2023-08-24T16:01:21.110+0100] {dag.py:3677} INFO - Setting next_dagrun for example_setup_teardown to 2023-08-23T15:01:21.109837+00:00, run_after=2023-08-24T15:01:21.109837+00:00
[2023-08-24T16:01:21.218+0100] {processor.py:179} INFO - Processing /home/samuel/dev/airflow_learning/venv/lib/python3.10/site-packages/airflow/example_dags/example_setup_teardown.py took 0.192 seconds
[2023-08-24T16:02:14.992+0100] {processor.py:157} INFO - Started process (PID=8449) to work on /home/samuel/dev/airflow_learning/venv/lib/python3.10/site-packages/airflow/example_dags/example_setup_teardown.py
[2023-08-24T16:02:15.030+0100] {processor.py:829} INFO - Processing file /home/samuel/dev/airflow_learning/venv/lib/python3.10/site-packages/airflow/example_dags/example_setup_teardown.py for tasks to queue
[2023-08-24T16:02:15.031+0100] {logging_mixin.py:151} INFO - [2023-08-24T16:02:15.031+0100] {dagbag.py:539} INFO - Filling up the DagBag from /home/samuel/dev/airflow_learning/venv/lib/python3.10/site-packages/airflow/example_dags/example_setup_teardown.py
[2023-08-24T16:02:15.041+0100] {processor.py:839} INFO - DAG(s) dict_keys(['example_setup_teardown']) retrieved from /home/samuel/dev/airflow_learning/venv/lib/python3.10/site-packages/airflow/example_dags/example_setup_teardown.py
[2023-08-24T16:02:15.061+0100] {logging_mixin.py:151} INFO - [2023-08-24T16:02:15.061+0100] {dag.py:2907} INFO - Sync 1 DAGs
[2023-08-24T16:02:15.083+0100] {logging_mixin.py:151} INFO - [2023-08-24T16:02:15.083+0100] {dag.py:3677} INFO - Setting next_dagrun for example_setup_teardown to 2023-08-23T15:02:15.083257+00:00, run_after=2023-08-24T15:02:15.083257+00:00
[2023-08-24T16:02:15.183+0100] {processor.py:179} INFO - Processing /home/samuel/dev/airflow_learning/venv/lib/python3.10/site-packages/airflow/example_dags/example_setup_teardown.py took 0.194 seconds
[2023-08-24T16:03:07.984+0100] {processor.py:157} INFO - Started process (PID=8512) to work on /home/samuel/dev/airflow_learning/venv/lib/python3.10/site-packages/airflow/example_dags/example_setup_teardown.py
[2023-08-24T16:03:08.002+0100] {processor.py:829} INFO - Processing file /home/samuel/dev/airflow_learning/venv/lib/python3.10/site-packages/airflow/example_dags/example_setup_teardown.py for tasks to queue
[2023-08-24T16:03:08.002+0100] {logging_mixin.py:151} INFO - [2023-08-24T16:03:08.002+0100] {dagbag.py:539} INFO - Filling up the DagBag from /home/samuel/dev/airflow_learning/venv/lib/python3.10/site-packages/airflow/example_dags/example_setup_teardown.py
[2023-08-24T16:03:08.011+0100] {processor.py:839} INFO - DAG(s) dict_keys(['example_setup_teardown']) retrieved from /home/samuel/dev/airflow_learning/venv/lib/python3.10/site-packages/airflow/example_dags/example_setup_teardown.py
[2023-08-24T16:03:08.029+0100] {logging_mixin.py:151} INFO - [2023-08-24T16:03:08.029+0100] {dag.py:2907} INFO - Sync 1 DAGs
[2023-08-24T16:03:08.052+0100] {logging_mixin.py:151} INFO - [2023-08-24T16:03:08.052+0100] {dag.py:3677} INFO - Setting next_dagrun for example_setup_teardown to 2023-08-23T15:03:08.051814+00:00, run_after=2023-08-24T15:03:08.051814+00:00
[2023-08-24T16:03:08.158+0100] {processor.py:179} INFO - Processing /home/samuel/dev/airflow_learning/venv/lib/python3.10/site-packages/airflow/example_dags/example_setup_teardown.py took 0.177 seconds
[2023-08-24T16:04:00.706+0100] {processor.py:157} INFO - Started process (PID=8586) to work on /home/samuel/dev/airflow_learning/venv/lib/python3.10/site-packages/airflow/example_dags/example_setup_teardown.py
[2023-08-24T16:04:00.751+0100] {processor.py:829} INFO - Processing file /home/samuel/dev/airflow_learning/venv/lib/python3.10/site-packages/airflow/example_dags/example_setup_teardown.py for tasks to queue
[2023-08-24T16:04:00.752+0100] {logging_mixin.py:151} INFO - [2023-08-24T16:04:00.752+0100] {dagbag.py:539} INFO - Filling up the DagBag from /home/samuel/dev/airflow_learning/venv/lib/python3.10/site-packages/airflow/example_dags/example_setup_teardown.py
[2023-08-24T16:04:00.762+0100] {processor.py:839} INFO - DAG(s) dict_keys(['example_setup_teardown']) retrieved from /home/samuel/dev/airflow_learning/venv/lib/python3.10/site-packages/airflow/example_dags/example_setup_teardown.py
[2023-08-24T16:04:00.782+0100] {logging_mixin.py:151} INFO - [2023-08-24T16:04:00.782+0100] {dag.py:2907} INFO - Sync 1 DAGs
[2023-08-24T16:04:00.805+0100] {logging_mixin.py:151} INFO - [2023-08-24T16:04:00.805+0100] {dag.py:3677} INFO - Setting next_dagrun for example_setup_teardown to 2023-08-23T15:04:00.804900+00:00, run_after=2023-08-24T15:04:00.804900+00:00
[2023-08-24T16:04:00.923+0100] {processor.py:179} INFO - Processing /home/samuel/dev/airflow_learning/venv/lib/python3.10/site-packages/airflow/example_dags/example_setup_teardown.py took 0.221 seconds
