[2023-08-24T15:22:16.131+0100] {processor.py:157} INFO - Started process (PID=5351) to work on /home/samuel/dev/airflow_learning/venv/lib/python3.10/site-packages/airflow/example_dags/example_task_group.py
[2023-08-24T15:22:16.132+0100] {processor.py:829} INFO - Processing file /home/samuel/dev/airflow_learning/venv/lib/python3.10/site-packages/airflow/example_dags/example_task_group.py for tasks to queue
[2023-08-24T15:22:16.133+0100] {logging_mixin.py:151} INFO - [2023-08-24T15:22:16.133+0100] {dagbag.py:539} INFO - Filling up the DagBag from /home/samuel/dev/airflow_learning/venv/lib/python3.10/site-packages/airflow/example_dags/example_task_group.py
[2023-08-24T15:22:16.143+0100] {processor.py:839} INFO - DAG(s) dict_keys(['example_task_group']) retrieved from /home/samuel/dev/airflow_learning/venv/lib/python3.10/site-packages/airflow/example_dags/example_task_group.py
[2023-08-24T15:22:16.488+0100] {logging_mixin.py:151} INFO - [2023-08-24T15:22:16.487+0100] {manager.py:501} INFO - Created Permission View: can edit on DAG:example_task_group
[2023-08-24T15:22:16.610+0100] {logging_mixin.py:151} INFO - [2023-08-24T15:22:16.609+0100] {manager.py:501} INFO - Created Permission View: can delete on DAG:example_task_group
[2023-08-24T15:22:16.721+0100] {logging_mixin.py:151} INFO - [2023-08-24T15:22:16.721+0100] {manager.py:501} INFO - Created Permission View: can read on DAG:example_task_group
[2023-08-24T15:22:16.749+0100] {logging_mixin.py:151} INFO - [2023-08-24T15:22:16.748+0100] {dag.py:2907} INFO - Sync 1 DAGs
[2023-08-24T15:22:16.773+0100] {logging_mixin.py:151} INFO - [2023-08-24T15:22:16.773+0100] {dag.py:2929} INFO - Creating ORM DAG for example_task_group
[2023-08-24T15:22:16.788+0100] {logging_mixin.py:151} INFO - [2023-08-24T15:22:16.788+0100] {dag.py:3677} INFO - Setting next_dagrun for example_task_group to 2023-08-23T14:22:16.787966+00:00, run_after=2023-08-24T14:22:16.787966+00:00
[2023-08-24T15:22:16.958+0100] {processor.py:179} INFO - Processing /home/samuel/dev/airflow_learning/venv/lib/python3.10/site-packages/airflow/example_dags/example_task_group.py took 0.831 seconds
[2023-08-24T15:23:36.701+0100] {processor.py:157} INFO - Started process (PID=5412) to work on /home/samuel/dev/airflow_learning/venv/lib/python3.10/site-packages/airflow/example_dags/example_task_group.py
[2023-08-24T15:23:36.715+0100] {processor.py:829} INFO - Processing file /home/samuel/dev/airflow_learning/venv/lib/python3.10/site-packages/airflow/example_dags/example_task_group.py for tasks to queue
[2023-08-24T15:23:36.716+0100] {logging_mixin.py:151} INFO - [2023-08-24T15:23:36.716+0100] {dagbag.py:539} INFO - Filling up the DagBag from /home/samuel/dev/airflow_learning/venv/lib/python3.10/site-packages/airflow/example_dags/example_task_group.py
[2023-08-24T15:23:36.727+0100] {processor.py:839} INFO - DAG(s) dict_keys(['example_task_group']) retrieved from /home/samuel/dev/airflow_learning/venv/lib/python3.10/site-packages/airflow/example_dags/example_task_group.py
[2023-08-24T15:23:36.748+0100] {logging_mixin.py:151} INFO - [2023-08-24T15:23:36.748+0100] {dag.py:2907} INFO - Sync 1 DAGs
[2023-08-24T15:23:36.772+0100] {logging_mixin.py:151} INFO - [2023-08-24T15:23:36.772+0100] {dag.py:3677} INFO - Setting next_dagrun for example_task_group to 2023-08-23T14:23:36.771992+00:00, run_after=2023-08-24T14:23:36.771992+00:00
[2023-08-24T15:23:36.875+0100] {processor.py:179} INFO - Processing /home/samuel/dev/airflow_learning/venv/lib/python3.10/site-packages/airflow/example_dags/example_task_group.py took 0.178 seconds
[2023-08-24T15:24:31.997+0100] {processor.py:157} INFO - Started process (PID=5472) to work on /home/samuel/dev/airflow_learning/venv/lib/python3.10/site-packages/airflow/example_dags/example_task_group.py
[2023-08-24T15:24:31.999+0100] {processor.py:829} INFO - Processing file /home/samuel/dev/airflow_learning/venv/lib/python3.10/site-packages/airflow/example_dags/example_task_group.py for tasks to queue
[2023-08-24T15:24:32.000+0100] {logging_mixin.py:151} INFO - [2023-08-24T15:24:31.999+0100] {dagbag.py:539} INFO - Filling up the DagBag from /home/samuel/dev/airflow_learning/venv/lib/python3.10/site-packages/airflow/example_dags/example_task_group.py
[2023-08-24T15:24:32.010+0100] {processor.py:839} INFO - DAG(s) dict_keys(['example_task_group']) retrieved from /home/samuel/dev/airflow_learning/venv/lib/python3.10/site-packages/airflow/example_dags/example_task_group.py
[2023-08-24T15:24:32.031+0100] {logging_mixin.py:151} INFO - [2023-08-24T15:24:32.030+0100] {dag.py:2907} INFO - Sync 1 DAGs
[2023-08-24T15:24:32.050+0100] {logging_mixin.py:151} INFO - [2023-08-24T15:24:32.050+0100] {dag.py:3677} INFO - Setting next_dagrun for example_task_group to 2023-08-23T14:24:32.049959+00:00, run_after=2023-08-24T14:24:32.049959+00:00
[2023-08-24T15:24:32.181+0100] {processor.py:179} INFO - Processing /home/samuel/dev/airflow_learning/venv/lib/python3.10/site-packages/airflow/example_dags/example_task_group.py took 0.188 seconds
[2023-08-24T15:25:21.583+0100] {processor.py:157} INFO - Started process (PID=5521) to work on /home/samuel/dev/airflow_learning/venv/lib/python3.10/site-packages/airflow/example_dags/example_task_group.py
[2023-08-24T15:25:21.585+0100] {processor.py:829} INFO - Processing file /home/samuel/dev/airflow_learning/venv/lib/python3.10/site-packages/airflow/example_dags/example_task_group.py for tasks to queue
[2023-08-24T15:25:21.586+0100] {logging_mixin.py:151} INFO - [2023-08-24T15:25:21.586+0100] {dagbag.py:539} INFO - Filling up the DagBag from /home/samuel/dev/airflow_learning/venv/lib/python3.10/site-packages/airflow/example_dags/example_task_group.py
[2023-08-24T15:25:21.596+0100] {processor.py:839} INFO - DAG(s) dict_keys(['example_task_group']) retrieved from /home/samuel/dev/airflow_learning/venv/lib/python3.10/site-packages/airflow/example_dags/example_task_group.py
[2023-08-24T15:25:21.616+0100] {logging_mixin.py:151} INFO - [2023-08-24T15:25:21.616+0100] {dag.py:2907} INFO - Sync 1 DAGs
[2023-08-24T15:25:21.638+0100] {logging_mixin.py:151} INFO - [2023-08-24T15:25:21.638+0100] {dag.py:3677} INFO - Setting next_dagrun for example_task_group to 2023-08-23T14:25:21.638277+00:00, run_after=2023-08-24T14:25:21.638277+00:00
[2023-08-24T15:25:21.759+0100] {processor.py:179} INFO - Processing /home/samuel/dev/airflow_learning/venv/lib/python3.10/site-packages/airflow/example_dags/example_task_group.py took 0.180 seconds
[2023-08-24T15:26:14.802+0100] {processor.py:157} INFO - Started process (PID=5573) to work on /home/samuel/dev/airflow_learning/venv/lib/python3.10/site-packages/airflow/example_dags/example_task_group.py
[2023-08-24T15:26:14.804+0100] {processor.py:829} INFO - Processing file /home/samuel/dev/airflow_learning/venv/lib/python3.10/site-packages/airflow/example_dags/example_task_group.py for tasks to queue
[2023-08-24T15:26:14.805+0100] {logging_mixin.py:151} INFO - [2023-08-24T15:26:14.805+0100] {dagbag.py:539} INFO - Filling up the DagBag from /home/samuel/dev/airflow_learning/venv/lib/python3.10/site-packages/airflow/example_dags/example_task_group.py
[2023-08-24T15:26:14.816+0100] {processor.py:839} INFO - DAG(s) dict_keys(['example_task_group']) retrieved from /home/samuel/dev/airflow_learning/venv/lib/python3.10/site-packages/airflow/example_dags/example_task_group.py
[2023-08-24T15:26:14.836+0100] {logging_mixin.py:151} INFO - [2023-08-24T15:26:14.835+0100] {dag.py:2907} INFO - Sync 1 DAGs
[2023-08-24T15:26:14.855+0100] {logging_mixin.py:151} INFO - [2023-08-24T15:26:14.854+0100] {dag.py:3677} INFO - Setting next_dagrun for example_task_group to 2023-08-23T14:26:14.854741+00:00, run_after=2023-08-24T14:26:14.854741+00:00
[2023-08-24T15:26:14.990+0100] {processor.py:179} INFO - Processing /home/samuel/dev/airflow_learning/venv/lib/python3.10/site-packages/airflow/example_dags/example_task_group.py took 0.192 seconds
[2023-08-24T15:27:09.853+0100] {processor.py:157} INFO - Started process (PID=5624) to work on /home/samuel/dev/airflow_learning/venv/lib/python3.10/site-packages/airflow/example_dags/example_task_group.py
[2023-08-24T15:27:09.888+0100] {processor.py:829} INFO - Processing file /home/samuel/dev/airflow_learning/venv/lib/python3.10/site-packages/airflow/example_dags/example_task_group.py for tasks to queue
[2023-08-24T15:27:09.889+0100] {logging_mixin.py:151} INFO - [2023-08-24T15:27:09.889+0100] {dagbag.py:539} INFO - Filling up the DagBag from /home/samuel/dev/airflow_learning/venv/lib/python3.10/site-packages/airflow/example_dags/example_task_group.py
[2023-08-24T15:27:09.900+0100] {processor.py:839} INFO - DAG(s) dict_keys(['example_task_group']) retrieved from /home/samuel/dev/airflow_learning/venv/lib/python3.10/site-packages/airflow/example_dags/example_task_group.py
[2023-08-24T15:27:09.923+0100] {logging_mixin.py:151} INFO - [2023-08-24T15:27:09.922+0100] {dag.py:2907} INFO - Sync 1 DAGs
[2023-08-24T15:27:09.946+0100] {logging_mixin.py:151} INFO - [2023-08-24T15:27:09.946+0100] {dag.py:3677} INFO - Setting next_dagrun for example_task_group to 2023-08-23T14:27:09.945940+00:00, run_after=2023-08-24T14:27:09.945940+00:00
[2023-08-24T15:27:10.059+0100] {processor.py:179} INFO - Processing /home/samuel/dev/airflow_learning/venv/lib/python3.10/site-packages/airflow/example_dags/example_task_group.py took 0.209 seconds
[2023-08-24T15:28:03.661+0100] {processor.py:157} INFO - Started process (PID=5678) to work on /home/samuel/dev/airflow_learning/venv/lib/python3.10/site-packages/airflow/example_dags/example_task_group.py
[2023-08-24T15:28:03.681+0100] {processor.py:829} INFO - Processing file /home/samuel/dev/airflow_learning/venv/lib/python3.10/site-packages/airflow/example_dags/example_task_group.py for tasks to queue
[2023-08-24T15:28:03.682+0100] {logging_mixin.py:151} INFO - [2023-08-24T15:28:03.682+0100] {dagbag.py:539} INFO - Filling up the DagBag from /home/samuel/dev/airflow_learning/venv/lib/python3.10/site-packages/airflow/example_dags/example_task_group.py
[2023-08-24T15:28:03.693+0100] {processor.py:839} INFO - DAG(s) dict_keys(['example_task_group']) retrieved from /home/samuel/dev/airflow_learning/venv/lib/python3.10/site-packages/airflow/example_dags/example_task_group.py
[2023-08-24T15:28:03.714+0100] {logging_mixin.py:151} INFO - [2023-08-24T15:28:03.714+0100] {dag.py:2907} INFO - Sync 1 DAGs
[2023-08-24T15:28:03.735+0100] {logging_mixin.py:151} INFO - [2023-08-24T15:28:03.735+0100] {dag.py:3677} INFO - Setting next_dagrun for example_task_group to 2023-08-23T14:28:03.735480+00:00, run_after=2023-08-24T14:28:03.735480+00:00
[2023-08-24T15:28:03.852+0100] {processor.py:179} INFO - Processing /home/samuel/dev/airflow_learning/venv/lib/python3.10/site-packages/airflow/example_dags/example_task_group.py took 0.194 seconds
[2023-08-24T15:29:00.204+0100] {processor.py:157} INFO - Started process (PID=5750) to work on /home/samuel/dev/airflow_learning/venv/lib/python3.10/site-packages/airflow/example_dags/example_task_group.py
[2023-08-24T15:29:00.244+0100] {processor.py:829} INFO - Processing file /home/samuel/dev/airflow_learning/venv/lib/python3.10/site-packages/airflow/example_dags/example_task_group.py for tasks to queue
[2023-08-24T15:29:00.245+0100] {logging_mixin.py:151} INFO - [2023-08-24T15:29:00.244+0100] {dagbag.py:539} INFO - Filling up the DagBag from /home/samuel/dev/airflow_learning/venv/lib/python3.10/site-packages/airflow/example_dags/example_task_group.py
[2023-08-24T15:29:00.256+0100] {processor.py:839} INFO - DAG(s) dict_keys(['example_task_group']) retrieved from /home/samuel/dev/airflow_learning/venv/lib/python3.10/site-packages/airflow/example_dags/example_task_group.py
[2023-08-24T15:29:00.277+0100] {logging_mixin.py:151} INFO - [2023-08-24T15:29:00.277+0100] {dag.py:2907} INFO - Sync 1 DAGs
[2023-08-24T15:29:00.302+0100] {logging_mixin.py:151} INFO - [2023-08-24T15:29:00.302+0100] {dag.py:3677} INFO - Setting next_dagrun for example_task_group to 2023-08-23T14:29:00.302453+00:00, run_after=2023-08-24T14:29:00.302453+00:00
[2023-08-24T15:29:00.410+0100] {processor.py:179} INFO - Processing /home/samuel/dev/airflow_learning/venv/lib/python3.10/site-packages/airflow/example_dags/example_task_group.py took 0.209 seconds
[2023-08-24T15:30:07.882+0100] {processor.py:157} INFO - Started process (PID=5872) to work on /home/samuel/dev/airflow_learning/venv/lib/python3.10/site-packages/airflow/example_dags/example_task_group.py
[2023-08-24T15:30:07.904+0100] {processor.py:829} INFO - Processing file /home/samuel/dev/airflow_learning/venv/lib/python3.10/site-packages/airflow/example_dags/example_task_group.py for tasks to queue
[2023-08-24T15:30:07.905+0100] {logging_mixin.py:151} INFO - [2023-08-24T15:30:07.905+0100] {dagbag.py:539} INFO - Filling up the DagBag from /home/samuel/dev/airflow_learning/venv/lib/python3.10/site-packages/airflow/example_dags/example_task_group.py
[2023-08-24T15:30:07.915+0100] {processor.py:839} INFO - DAG(s) dict_keys(['example_task_group']) retrieved from /home/samuel/dev/airflow_learning/venv/lib/python3.10/site-packages/airflow/example_dags/example_task_group.py
[2023-08-24T15:30:07.933+0100] {logging_mixin.py:151} INFO - [2023-08-24T15:30:07.933+0100] {dag.py:2907} INFO - Sync 1 DAGs
[2023-08-24T15:30:07.953+0100] {logging_mixin.py:151} INFO - [2023-08-24T15:30:07.953+0100] {dag.py:3677} INFO - Setting next_dagrun for example_task_group to 2023-08-23T14:30:07.953460+00:00, run_after=2023-08-24T14:30:07.953460+00:00
[2023-08-24T15:30:08.088+0100] {processor.py:179} INFO - Processing /home/samuel/dev/airflow_learning/venv/lib/python3.10/site-packages/airflow/example_dags/example_task_group.py took 0.210 seconds
[2023-08-24T15:31:08.397+0100] {processor.py:157} INFO - Started process (PID=6008) to work on /home/samuel/dev/airflow_learning/venv/lib/python3.10/site-packages/airflow/example_dags/example_task_group.py
[2023-08-24T15:31:08.433+0100] {processor.py:829} INFO - Processing file /home/samuel/dev/airflow_learning/venv/lib/python3.10/site-packages/airflow/example_dags/example_task_group.py for tasks to queue
[2023-08-24T15:31:08.435+0100] {logging_mixin.py:151} INFO - [2023-08-24T15:31:08.434+0100] {dagbag.py:539} INFO - Filling up the DagBag from /home/samuel/dev/airflow_learning/venv/lib/python3.10/site-packages/airflow/example_dags/example_task_group.py
[2023-08-24T15:31:08.448+0100] {processor.py:839} INFO - DAG(s) dict_keys(['example_task_group']) retrieved from /home/samuel/dev/airflow_learning/venv/lib/python3.10/site-packages/airflow/example_dags/example_task_group.py
[2023-08-24T15:31:08.474+0100] {logging_mixin.py:151} INFO - [2023-08-24T15:31:08.474+0100] {dag.py:2907} INFO - Sync 1 DAGs
[2023-08-24T15:31:08.504+0100] {logging_mixin.py:151} INFO - [2023-08-24T15:31:08.504+0100] {dag.py:3677} INFO - Setting next_dagrun for example_task_group to 2023-08-23T14:31:08.503860+00:00, run_after=2023-08-24T14:31:08.503860+00:00
[2023-08-24T15:31:08.645+0100] {processor.py:179} INFO - Processing /home/samuel/dev/airflow_learning/venv/lib/python3.10/site-packages/airflow/example_dags/example_task_group.py took 0.251 seconds
[2023-08-24T15:32:13.070+0100] {processor.py:157} INFO - Started process (PID=6079) to work on /home/samuel/dev/airflow_learning/venv/lib/python3.10/site-packages/airflow/example_dags/example_task_group.py
[2023-08-24T15:32:13.083+0100] {processor.py:829} INFO - Processing file /home/samuel/dev/airflow_learning/venv/lib/python3.10/site-packages/airflow/example_dags/example_task_group.py for tasks to queue
[2023-08-24T15:32:13.084+0100] {logging_mixin.py:151} INFO - [2023-08-24T15:32:13.084+0100] {dagbag.py:539} INFO - Filling up the DagBag from /home/samuel/dev/airflow_learning/venv/lib/python3.10/site-packages/airflow/example_dags/example_task_group.py
[2023-08-24T15:32:13.097+0100] {processor.py:839} INFO - DAG(s) dict_keys(['example_task_group']) retrieved from /home/samuel/dev/airflow_learning/venv/lib/python3.10/site-packages/airflow/example_dags/example_task_group.py
[2023-08-24T15:32:13.117+0100] {logging_mixin.py:151} INFO - [2023-08-24T15:32:13.117+0100] {dag.py:2907} INFO - Sync 1 DAGs
[2023-08-24T15:32:13.138+0100] {logging_mixin.py:151} INFO - [2023-08-24T15:32:13.138+0100] {dag.py:3677} INFO - Setting next_dagrun for example_task_group to 2023-08-23T14:32:13.137899+00:00, run_after=2023-08-24T14:32:13.137899+00:00
[2023-08-24T15:32:13.266+0100] {processor.py:179} INFO - Processing /home/samuel/dev/airflow_learning/venv/lib/python3.10/site-packages/airflow/example_dags/example_task_group.py took 0.199 seconds
[2023-08-24T15:33:03.578+0100] {processor.py:157} INFO - Started process (PID=6138) to work on /home/samuel/dev/airflow_learning/venv/lib/python3.10/site-packages/airflow/example_dags/example_task_group.py
[2023-08-24T15:33:03.622+0100] {processor.py:829} INFO - Processing file /home/samuel/dev/airflow_learning/venv/lib/python3.10/site-packages/airflow/example_dags/example_task_group.py for tasks to queue
[2023-08-24T15:33:03.623+0100] {logging_mixin.py:151} INFO - [2023-08-24T15:33:03.623+0100] {dagbag.py:539} INFO - Filling up the DagBag from /home/samuel/dev/airflow_learning/venv/lib/python3.10/site-packages/airflow/example_dags/example_task_group.py
[2023-08-24T15:33:03.634+0100] {processor.py:839} INFO - DAG(s) dict_keys(['example_task_group']) retrieved from /home/samuel/dev/airflow_learning/venv/lib/python3.10/site-packages/airflow/example_dags/example_task_group.py
[2023-08-24T15:33:03.655+0100] {logging_mixin.py:151} INFO - [2023-08-24T15:33:03.655+0100] {dag.py:2907} INFO - Sync 1 DAGs
[2023-08-24T15:33:03.678+0100] {logging_mixin.py:151} INFO - [2023-08-24T15:33:03.678+0100] {dag.py:3677} INFO - Setting next_dagrun for example_task_group to 2023-08-23T14:33:03.678106+00:00, run_after=2023-08-24T14:33:03.678106+00:00
[2023-08-24T15:33:03.791+0100] {processor.py:179} INFO - Processing /home/samuel/dev/airflow_learning/venv/lib/python3.10/site-packages/airflow/example_dags/example_task_group.py took 0.216 seconds
[2023-08-24T15:33:57.553+0100] {processor.py:157} INFO - Started process (PID=6196) to work on /home/samuel/dev/airflow_learning/venv/lib/python3.10/site-packages/airflow/example_dags/example_task_group.py
[2023-08-24T15:33:57.556+0100] {processor.py:829} INFO - Processing file /home/samuel/dev/airflow_learning/venv/lib/python3.10/site-packages/airflow/example_dags/example_task_group.py for tasks to queue
[2023-08-24T15:33:57.557+0100] {logging_mixin.py:151} INFO - [2023-08-24T15:33:57.556+0100] {dagbag.py:539} INFO - Filling up the DagBag from /home/samuel/dev/airflow_learning/venv/lib/python3.10/site-packages/airflow/example_dags/example_task_group.py
[2023-08-24T15:33:57.565+0100] {processor.py:839} INFO - DAG(s) dict_keys(['example_task_group']) retrieved from /home/samuel/dev/airflow_learning/venv/lib/python3.10/site-packages/airflow/example_dags/example_task_group.py
[2023-08-24T15:33:57.582+0100] {logging_mixin.py:151} INFO - [2023-08-24T15:33:57.582+0100] {dag.py:2907} INFO - Sync 1 DAGs
[2023-08-24T15:33:57.602+0100] {logging_mixin.py:151} INFO - [2023-08-24T15:33:57.601+0100] {dag.py:3677} INFO - Setting next_dagrun for example_task_group to 2023-08-23T14:33:57.601684+00:00, run_after=2023-08-24T14:33:57.601684+00:00
[2023-08-24T15:33:57.730+0100] {processor.py:179} INFO - Processing /home/samuel/dev/airflow_learning/venv/lib/python3.10/site-packages/airflow/example_dags/example_task_group.py took 0.180 seconds
[2023-08-24T15:34:46.054+0100] {processor.py:157} INFO - Started process (PID=6241) to work on /home/samuel/dev/airflow_learning/venv/lib/python3.10/site-packages/airflow/example_dags/example_task_group.py
[2023-08-24T15:34:46.097+0100] {processor.py:829} INFO - Processing file /home/samuel/dev/airflow_learning/venv/lib/python3.10/site-packages/airflow/example_dags/example_task_group.py for tasks to queue
[2023-08-24T15:34:46.098+0100] {logging_mixin.py:151} INFO - [2023-08-24T15:34:46.098+0100] {dagbag.py:539} INFO - Filling up the DagBag from /home/samuel/dev/airflow_learning/venv/lib/python3.10/site-packages/airflow/example_dags/example_task_group.py
[2023-08-24T15:34:46.107+0100] {processor.py:839} INFO - DAG(s) dict_keys(['example_task_group']) retrieved from /home/samuel/dev/airflow_learning/venv/lib/python3.10/site-packages/airflow/example_dags/example_task_group.py
[2023-08-24T15:34:46.126+0100] {logging_mixin.py:151} INFO - [2023-08-24T15:34:46.126+0100] {dag.py:2907} INFO - Sync 1 DAGs
[2023-08-24T15:34:46.149+0100] {logging_mixin.py:151} INFO - [2023-08-24T15:34:46.149+0100] {dag.py:3677} INFO - Setting next_dagrun for example_task_group to 2023-08-23T14:34:46.149282+00:00, run_after=2023-08-24T14:34:46.149282+00:00
[2023-08-24T15:34:46.363+0100] {processor.py:179} INFO - Processing /home/samuel/dev/airflow_learning/venv/lib/python3.10/site-packages/airflow/example_dags/example_task_group.py took 0.312 seconds
[2023-08-24T15:35:47.554+0100] {processor.py:157} INFO - Started process (PID=6309) to work on /home/samuel/dev/airflow_learning/venv/lib/python3.10/site-packages/airflow/example_dags/example_task_group.py
[2023-08-24T15:35:47.599+0100] {processor.py:829} INFO - Processing file /home/samuel/dev/airflow_learning/venv/lib/python3.10/site-packages/airflow/example_dags/example_task_group.py for tasks to queue
[2023-08-24T15:35:47.601+0100] {logging_mixin.py:151} INFO - [2023-08-24T15:35:47.601+0100] {dagbag.py:539} INFO - Filling up the DagBag from /home/samuel/dev/airflow_learning/venv/lib/python3.10/site-packages/airflow/example_dags/example_task_group.py
[2023-08-24T15:35:47.612+0100] {processor.py:839} INFO - DAG(s) dict_keys(['example_task_group']) retrieved from /home/samuel/dev/airflow_learning/venv/lib/python3.10/site-packages/airflow/example_dags/example_task_group.py
[2023-08-24T15:35:47.637+0100] {logging_mixin.py:151} INFO - [2023-08-24T15:35:47.637+0100] {dag.py:2907} INFO - Sync 1 DAGs
[2023-08-24T15:35:47.662+0100] {logging_mixin.py:151} INFO - [2023-08-24T15:35:47.661+0100] {dag.py:3677} INFO - Setting next_dagrun for example_task_group to 2023-08-23T14:35:47.661546+00:00, run_after=2023-08-24T14:35:47.661546+00:00
[2023-08-24T15:35:47.792+0100] {processor.py:179} INFO - Processing /home/samuel/dev/airflow_learning/venv/lib/python3.10/site-packages/airflow/example_dags/example_task_group.py took 0.242 seconds
[2023-08-24T15:36:47.578+0100] {processor.py:157} INFO - Started process (PID=6370) to work on /home/samuel/dev/airflow_learning/venv/lib/python3.10/site-packages/airflow/example_dags/example_task_group.py
[2023-08-24T15:36:47.593+0100] {processor.py:829} INFO - Processing file /home/samuel/dev/airflow_learning/venv/lib/python3.10/site-packages/airflow/example_dags/example_task_group.py for tasks to queue
[2023-08-24T15:36:47.594+0100] {logging_mixin.py:151} INFO - [2023-08-24T15:36:47.594+0100] {dagbag.py:539} INFO - Filling up the DagBag from /home/samuel/dev/airflow_learning/venv/lib/python3.10/site-packages/airflow/example_dags/example_task_group.py
[2023-08-24T15:36:47.604+0100] {processor.py:839} INFO - DAG(s) dict_keys(['example_task_group']) retrieved from /home/samuel/dev/airflow_learning/venv/lib/python3.10/site-packages/airflow/example_dags/example_task_group.py
[2023-08-24T15:36:47.623+0100] {logging_mixin.py:151} INFO - [2023-08-24T15:36:47.623+0100] {dag.py:2907} INFO - Sync 1 DAGs
[2023-08-24T15:36:47.642+0100] {logging_mixin.py:151} INFO - [2023-08-24T15:36:47.642+0100] {dag.py:3677} INFO - Setting next_dagrun for example_task_group to 2023-08-23T14:36:47.642211+00:00, run_after=2023-08-24T14:36:47.642211+00:00
[2023-08-24T15:36:47.758+0100] {processor.py:179} INFO - Processing /home/samuel/dev/airflow_learning/venv/lib/python3.10/site-packages/airflow/example_dags/example_task_group.py took 0.184 seconds
[2023-08-24T15:37:56.178+0100] {processor.py:157} INFO - Started process (PID=6429) to work on /home/samuel/dev/airflow_learning/venv/lib/python3.10/site-packages/airflow/example_dags/example_task_group.py
[2023-08-24T15:37:56.211+0100] {processor.py:829} INFO - Processing file /home/samuel/dev/airflow_learning/venv/lib/python3.10/site-packages/airflow/example_dags/example_task_group.py for tasks to queue
[2023-08-24T15:37:56.212+0100] {logging_mixin.py:151} INFO - [2023-08-24T15:37:56.211+0100] {dagbag.py:539} INFO - Filling up the DagBag from /home/samuel/dev/airflow_learning/venv/lib/python3.10/site-packages/airflow/example_dags/example_task_group.py
[2023-08-24T15:37:56.222+0100] {processor.py:839} INFO - DAG(s) dict_keys(['example_task_group']) retrieved from /home/samuel/dev/airflow_learning/venv/lib/python3.10/site-packages/airflow/example_dags/example_task_group.py
[2023-08-24T15:37:56.244+0100] {logging_mixin.py:151} INFO - [2023-08-24T15:37:56.244+0100] {dag.py:2907} INFO - Sync 1 DAGs
[2023-08-24T15:37:56.266+0100] {logging_mixin.py:151} INFO - [2023-08-24T15:37:56.266+0100] {dag.py:3677} INFO - Setting next_dagrun for example_task_group to 2023-08-23T14:37:56.266088+00:00, run_after=2023-08-24T14:37:56.266088+00:00
[2023-08-24T15:37:56.389+0100] {processor.py:179} INFO - Processing /home/samuel/dev/airflow_learning/venv/lib/python3.10/site-packages/airflow/example_dags/example_task_group.py took 0.215 seconds
[2023-08-24T15:38:52.994+0100] {processor.py:157} INFO - Started process (PID=6484) to work on /home/samuel/dev/airflow_learning/venv/lib/python3.10/site-packages/airflow/example_dags/example_task_group.py
[2023-08-24T15:38:52.996+0100] {processor.py:829} INFO - Processing file /home/samuel/dev/airflow_learning/venv/lib/python3.10/site-packages/airflow/example_dags/example_task_group.py for tasks to queue
[2023-08-24T15:38:52.997+0100] {logging_mixin.py:151} INFO - [2023-08-24T15:38:52.997+0100] {dagbag.py:539} INFO - Filling up the DagBag from /home/samuel/dev/airflow_learning/venv/lib/python3.10/site-packages/airflow/example_dags/example_task_group.py
[2023-08-24T15:38:53.007+0100] {processor.py:839} INFO - DAG(s) dict_keys(['example_task_group']) retrieved from /home/samuel/dev/airflow_learning/venv/lib/python3.10/site-packages/airflow/example_dags/example_task_group.py
[2023-08-24T15:38:53.026+0100] {logging_mixin.py:151} INFO - [2023-08-24T15:38:53.026+0100] {dag.py:2907} INFO - Sync 1 DAGs
[2023-08-24T15:38:53.045+0100] {logging_mixin.py:151} INFO - [2023-08-24T15:38:53.045+0100] {dag.py:3677} INFO - Setting next_dagrun for example_task_group to 2023-08-23T14:38:53.045192+00:00, run_after=2023-08-24T14:38:53.045192+00:00
[2023-08-24T15:38:53.171+0100] {processor.py:179} INFO - Processing /home/samuel/dev/airflow_learning/venv/lib/python3.10/site-packages/airflow/example_dags/example_task_group.py took 0.181 seconds
[2023-08-24T15:39:44.802+0100] {processor.py:157} INFO - Started process (PID=6537) to work on /home/samuel/dev/airflow_learning/venv/lib/python3.10/site-packages/airflow/example_dags/example_task_group.py
[2023-08-24T15:39:44.828+0100] {processor.py:829} INFO - Processing file /home/samuel/dev/airflow_learning/venv/lib/python3.10/site-packages/airflow/example_dags/example_task_group.py for tasks to queue
[2023-08-24T15:39:44.829+0100] {logging_mixin.py:151} INFO - [2023-08-24T15:39:44.829+0100] {dagbag.py:539} INFO - Filling up the DagBag from /home/samuel/dev/airflow_learning/venv/lib/python3.10/site-packages/airflow/example_dags/example_task_group.py
[2023-08-24T15:39:44.840+0100] {processor.py:839} INFO - DAG(s) dict_keys(['example_task_group']) retrieved from /home/samuel/dev/airflow_learning/venv/lib/python3.10/site-packages/airflow/example_dags/example_task_group.py
[2023-08-24T15:39:44.861+0100] {logging_mixin.py:151} INFO - [2023-08-24T15:39:44.861+0100] {dag.py:2907} INFO - Sync 1 DAGs
[2023-08-24T15:39:44.884+0100] {logging_mixin.py:151} INFO - [2023-08-24T15:39:44.884+0100] {dag.py:3677} INFO - Setting next_dagrun for example_task_group to 2023-08-23T14:39:44.884279+00:00, run_after=2023-08-24T14:39:44.884279+00:00
[2023-08-24T15:39:45.010+0100] {processor.py:179} INFO - Processing /home/samuel/dev/airflow_learning/venv/lib/python3.10/site-packages/airflow/example_dags/example_task_group.py took 0.212 seconds
[2023-08-24T15:40:54.646+0100] {processor.py:157} INFO - Started process (PID=6622) to work on /home/samuel/dev/airflow_learning/venv/lib/python3.10/site-packages/airflow/example_dags/example_task_group.py
[2023-08-24T15:40:54.663+0100] {processor.py:829} INFO - Processing file /home/samuel/dev/airflow_learning/venv/lib/python3.10/site-packages/airflow/example_dags/example_task_group.py for tasks to queue
[2023-08-24T15:40:54.664+0100] {logging_mixin.py:151} INFO - [2023-08-24T15:40:54.663+0100] {dagbag.py:539} INFO - Filling up the DagBag from /home/samuel/dev/airflow_learning/venv/lib/python3.10/site-packages/airflow/example_dags/example_task_group.py
[2023-08-24T15:40:54.674+0100] {processor.py:839} INFO - DAG(s) dict_keys(['example_task_group']) retrieved from /home/samuel/dev/airflow_learning/venv/lib/python3.10/site-packages/airflow/example_dags/example_task_group.py
[2023-08-24T15:40:54.696+0100] {logging_mixin.py:151} INFO - [2023-08-24T15:40:54.695+0100] {dag.py:2907} INFO - Sync 1 DAGs
[2023-08-24T15:40:54.717+0100] {logging_mixin.py:151} INFO - [2023-08-24T15:40:54.717+0100] {dag.py:3677} INFO - Setting next_dagrun for example_task_group to 2023-08-23T14:40:54.717044+00:00, run_after=2023-08-24T14:40:54.717044+00:00
[2023-08-24T15:40:54.835+0100] {processor.py:179} INFO - Processing /home/samuel/dev/airflow_learning/venv/lib/python3.10/site-packages/airflow/example_dags/example_task_group.py took 0.192 seconds
[2023-08-24T15:41:47.474+0100] {processor.py:157} INFO - Started process (PID=6672) to work on /home/samuel/dev/airflow_learning/venv/lib/python3.10/site-packages/airflow/example_dags/example_task_group.py
[2023-08-24T15:41:47.477+0100] {processor.py:829} INFO - Processing file /home/samuel/dev/airflow_learning/venv/lib/python3.10/site-packages/airflow/example_dags/example_task_group.py for tasks to queue
[2023-08-24T15:41:47.478+0100] {logging_mixin.py:151} INFO - [2023-08-24T15:41:47.478+0100] {dagbag.py:539} INFO - Filling up the DagBag from /home/samuel/dev/airflow_learning/venv/lib/python3.10/site-packages/airflow/example_dags/example_task_group.py
[2023-08-24T15:41:47.488+0100] {processor.py:839} INFO - DAG(s) dict_keys(['example_task_group']) retrieved from /home/samuel/dev/airflow_learning/venv/lib/python3.10/site-packages/airflow/example_dags/example_task_group.py
[2023-08-24T15:41:47.507+0100] {logging_mixin.py:151} INFO - [2023-08-24T15:41:47.507+0100] {dag.py:2907} INFO - Sync 1 DAGs
[2023-08-24T15:41:47.527+0100] {logging_mixin.py:151} INFO - [2023-08-24T15:41:47.527+0100] {dag.py:3677} INFO - Setting next_dagrun for example_task_group to 2023-08-23T14:41:47.527442+00:00, run_after=2023-08-24T14:41:47.527442+00:00
[2023-08-24T15:41:47.664+0100] {processor.py:179} INFO - Processing /home/samuel/dev/airflow_learning/venv/lib/python3.10/site-packages/airflow/example_dags/example_task_group.py took 0.194 seconds
[2023-08-24T15:42:38.003+0100] {processor.py:157} INFO - Started process (PID=6783) to work on /home/samuel/dev/airflow_learning/venv/lib/python3.10/site-packages/airflow/example_dags/example_task_group.py
[2023-08-24T15:42:38.017+0100] {processor.py:829} INFO - Processing file /home/samuel/dev/airflow_learning/venv/lib/python3.10/site-packages/airflow/example_dags/example_task_group.py for tasks to queue
[2023-08-24T15:42:38.018+0100] {logging_mixin.py:151} INFO - [2023-08-24T15:42:38.018+0100] {dagbag.py:539} INFO - Filling up the DagBag from /home/samuel/dev/airflow_learning/venv/lib/python3.10/site-packages/airflow/example_dags/example_task_group.py
[2023-08-24T15:42:38.029+0100] {processor.py:839} INFO - DAG(s) dict_keys(['example_task_group']) retrieved from /home/samuel/dev/airflow_learning/venv/lib/python3.10/site-packages/airflow/example_dags/example_task_group.py
[2023-08-24T15:42:38.049+0100] {logging_mixin.py:151} INFO - [2023-08-24T15:42:38.049+0100] {dag.py:2907} INFO - Sync 1 DAGs
[2023-08-24T15:42:38.069+0100] {logging_mixin.py:151} INFO - [2023-08-24T15:42:38.069+0100] {dag.py:3677} INFO - Setting next_dagrun for example_task_group to 2023-08-23T14:42:38.069032+00:00, run_after=2023-08-24T14:42:38.069032+00:00
[2023-08-24T15:42:38.199+0100] {processor.py:179} INFO - Processing /home/samuel/dev/airflow_learning/venv/lib/python3.10/site-packages/airflow/example_dags/example_task_group.py took 0.200 seconds
[2023-08-24T15:43:32.767+0100] {processor.py:157} INFO - Started process (PID=6835) to work on /home/samuel/dev/airflow_learning/venv/lib/python3.10/site-packages/airflow/example_dags/example_task_group.py
[2023-08-24T15:43:32.769+0100] {processor.py:829} INFO - Processing file /home/samuel/dev/airflow_learning/venv/lib/python3.10/site-packages/airflow/example_dags/example_task_group.py for tasks to queue
[2023-08-24T15:43:32.770+0100] {logging_mixin.py:151} INFO - [2023-08-24T15:43:32.770+0100] {dagbag.py:539} INFO - Filling up the DagBag from /home/samuel/dev/airflow_learning/venv/lib/python3.10/site-packages/airflow/example_dags/example_task_group.py
[2023-08-24T15:43:32.781+0100] {processor.py:839} INFO - DAG(s) dict_keys(['example_task_group']) retrieved from /home/samuel/dev/airflow_learning/venv/lib/python3.10/site-packages/airflow/example_dags/example_task_group.py
[2023-08-24T15:43:32.801+0100] {logging_mixin.py:151} INFO - [2023-08-24T15:43:32.800+0100] {dag.py:2907} INFO - Sync 1 DAGs
[2023-08-24T15:43:32.820+0100] {logging_mixin.py:151} INFO - [2023-08-24T15:43:32.820+0100] {dag.py:3677} INFO - Setting next_dagrun for example_task_group to 2023-08-23T14:43:32.820418+00:00, run_after=2023-08-24T14:43:32.820418+00:00
[2023-08-24T15:43:32.956+0100] {processor.py:179} INFO - Processing /home/samuel/dev/airflow_learning/venv/lib/python3.10/site-packages/airflow/example_dags/example_task_group.py took 0.193 seconds
[2023-08-24T15:44:25.049+0100] {processor.py:157} INFO - Started process (PID=6885) to work on /home/samuel/dev/airflow_learning/venv/lib/python3.10/site-packages/airflow/example_dags/example_task_group.py
[2023-08-24T15:44:25.051+0100] {processor.py:829} INFO - Processing file /home/samuel/dev/airflow_learning/venv/lib/python3.10/site-packages/airflow/example_dags/example_task_group.py for tasks to queue
[2023-08-24T15:44:25.053+0100] {logging_mixin.py:151} INFO - [2023-08-24T15:44:25.052+0100] {dagbag.py:539} INFO - Filling up the DagBag from /home/samuel/dev/airflow_learning/venv/lib/python3.10/site-packages/airflow/example_dags/example_task_group.py
[2023-08-24T15:44:25.063+0100] {processor.py:839} INFO - DAG(s) dict_keys(['example_task_group']) retrieved from /home/samuel/dev/airflow_learning/venv/lib/python3.10/site-packages/airflow/example_dags/example_task_group.py
[2023-08-24T15:44:25.082+0100] {logging_mixin.py:151} INFO - [2023-08-24T15:44:25.082+0100] {dag.py:2907} INFO - Sync 1 DAGs
[2023-08-24T15:44:25.101+0100] {logging_mixin.py:151} INFO - [2023-08-24T15:44:25.101+0100] {dag.py:3677} INFO - Setting next_dagrun for example_task_group to 2023-08-23T14:44:25.101152+00:00, run_after=2023-08-24T14:44:25.101152+00:00
[2023-08-24T15:44:25.255+0100] {processor.py:179} INFO - Processing /home/samuel/dev/airflow_learning/venv/lib/python3.10/site-packages/airflow/example_dags/example_task_group.py took 0.210 seconds
[2023-08-24T15:45:14.413+0100] {processor.py:157} INFO - Started process (PID=6935) to work on /home/samuel/dev/airflow_learning/venv/lib/python3.10/site-packages/airflow/example_dags/example_task_group.py
[2023-08-24T15:45:14.415+0100] {processor.py:829} INFO - Processing file /home/samuel/dev/airflow_learning/venv/lib/python3.10/site-packages/airflow/example_dags/example_task_group.py for tasks to queue
[2023-08-24T15:45:14.416+0100] {logging_mixin.py:151} INFO - [2023-08-24T15:45:14.415+0100] {dagbag.py:539} INFO - Filling up the DagBag from /home/samuel/dev/airflow_learning/venv/lib/python3.10/site-packages/airflow/example_dags/example_task_group.py
[2023-08-24T15:45:14.425+0100] {processor.py:839} INFO - DAG(s) dict_keys(['example_task_group']) retrieved from /home/samuel/dev/airflow_learning/venv/lib/python3.10/site-packages/airflow/example_dags/example_task_group.py
[2023-08-24T15:45:14.441+0100] {logging_mixin.py:151} INFO - [2023-08-24T15:45:14.441+0100] {dag.py:2907} INFO - Sync 1 DAGs
[2023-08-24T15:45:14.459+0100] {logging_mixin.py:151} INFO - [2023-08-24T15:45:14.459+0100] {dag.py:3677} INFO - Setting next_dagrun for example_task_group to 2023-08-23T14:45:14.459097+00:00, run_after=2023-08-24T14:45:14.459097+00:00
[2023-08-24T15:45:14.571+0100] {processor.py:179} INFO - Processing /home/samuel/dev/airflow_learning/venv/lib/python3.10/site-packages/airflow/example_dags/example_task_group.py took 0.162 seconds
[2023-08-24T15:46:06.432+0100] {processor.py:157} INFO - Started process (PID=6984) to work on /home/samuel/dev/airflow_learning/venv/lib/python3.10/site-packages/airflow/example_dags/example_task_group.py
[2023-08-24T15:46:06.434+0100] {processor.py:829} INFO - Processing file /home/samuel/dev/airflow_learning/venv/lib/python3.10/site-packages/airflow/example_dags/example_task_group.py for tasks to queue
[2023-08-24T15:46:06.435+0100] {logging_mixin.py:151} INFO - [2023-08-24T15:46:06.434+0100] {dagbag.py:539} INFO - Filling up the DagBag from /home/samuel/dev/airflow_learning/venv/lib/python3.10/site-packages/airflow/example_dags/example_task_group.py
[2023-08-24T15:46:06.444+0100] {processor.py:839} INFO - DAG(s) dict_keys(['example_task_group']) retrieved from /home/samuel/dev/airflow_learning/venv/lib/python3.10/site-packages/airflow/example_dags/example_task_group.py
[2023-08-24T15:46:06.461+0100] {logging_mixin.py:151} INFO - [2023-08-24T15:46:06.461+0100] {dag.py:2907} INFO - Sync 1 DAGs
[2023-08-24T15:46:06.479+0100] {logging_mixin.py:151} INFO - [2023-08-24T15:46:06.479+0100] {dag.py:3677} INFO - Setting next_dagrun for example_task_group to 2023-08-23T14:46:06.479105+00:00, run_after=2023-08-24T14:46:06.479105+00:00
[2023-08-24T15:46:06.586+0100] {processor.py:179} INFO - Processing /home/samuel/dev/airflow_learning/venv/lib/python3.10/site-packages/airflow/example_dags/example_task_group.py took 0.157 seconds
[2023-08-24T15:47:00.913+0100] {processor.py:157} INFO - Started process (PID=7034) to work on /home/samuel/dev/airflow_learning/venv/lib/python3.10/site-packages/airflow/example_dags/example_task_group.py
[2023-08-24T15:47:00.916+0100] {processor.py:829} INFO - Processing file /home/samuel/dev/airflow_learning/venv/lib/python3.10/site-packages/airflow/example_dags/example_task_group.py for tasks to queue
[2023-08-24T15:47:00.917+0100] {logging_mixin.py:151} INFO - [2023-08-24T15:47:00.916+0100] {dagbag.py:539} INFO - Filling up the DagBag from /home/samuel/dev/airflow_learning/venv/lib/python3.10/site-packages/airflow/example_dags/example_task_group.py
[2023-08-24T15:47:00.927+0100] {processor.py:839} INFO - DAG(s) dict_keys(['example_task_group']) retrieved from /home/samuel/dev/airflow_learning/venv/lib/python3.10/site-packages/airflow/example_dags/example_task_group.py
[2023-08-24T15:47:00.947+0100] {logging_mixin.py:151} INFO - [2023-08-24T15:47:00.946+0100] {dag.py:2907} INFO - Sync 1 DAGs
[2023-08-24T15:47:00.965+0100] {logging_mixin.py:151} INFO - [2023-08-24T15:47:00.965+0100] {dag.py:3677} INFO - Setting next_dagrun for example_task_group to 2023-08-23T14:47:00.965522+00:00, run_after=2023-08-24T14:47:00.965522+00:00
[2023-08-24T15:47:01.089+0100] {processor.py:179} INFO - Processing /home/samuel/dev/airflow_learning/venv/lib/python3.10/site-packages/airflow/example_dags/example_task_group.py took 0.180 seconds
[2023-08-24T15:47:53.389+0100] {processor.py:157} INFO - Started process (PID=7083) to work on /home/samuel/dev/airflow_learning/venv/lib/python3.10/site-packages/airflow/example_dags/example_task_group.py
[2023-08-24T15:47:53.392+0100] {processor.py:829} INFO - Processing file /home/samuel/dev/airflow_learning/venv/lib/python3.10/site-packages/airflow/example_dags/example_task_group.py for tasks to queue
[2023-08-24T15:47:53.393+0100] {logging_mixin.py:151} INFO - [2023-08-24T15:47:53.393+0100] {dagbag.py:539} INFO - Filling up the DagBag from /home/samuel/dev/airflow_learning/venv/lib/python3.10/site-packages/airflow/example_dags/example_task_group.py
[2023-08-24T15:47:53.403+0100] {processor.py:839} INFO - DAG(s) dict_keys(['example_task_group']) retrieved from /home/samuel/dev/airflow_learning/venv/lib/python3.10/site-packages/airflow/example_dags/example_task_group.py
[2023-08-24T15:47:53.423+0100] {logging_mixin.py:151} INFO - [2023-08-24T15:47:53.422+0100] {dag.py:2907} INFO - Sync 1 DAGs
[2023-08-24T15:47:53.442+0100] {logging_mixin.py:151} INFO - [2023-08-24T15:47:53.442+0100] {dag.py:3677} INFO - Setting next_dagrun for example_task_group to 2023-08-23T14:47:53.442503+00:00, run_after=2023-08-24T14:47:53.442503+00:00
[2023-08-24T15:47:53.569+0100] {processor.py:179} INFO - Processing /home/samuel/dev/airflow_learning/venv/lib/python3.10/site-packages/airflow/example_dags/example_task_group.py took 0.184 seconds
[2023-08-24T15:48:48.233+0100] {processor.py:157} INFO - Started process (PID=7152) to work on /home/samuel/dev/airflow_learning/venv/lib/python3.10/site-packages/airflow/example_dags/example_task_group.py
[2023-08-24T15:48:48.264+0100] {processor.py:829} INFO - Processing file /home/samuel/dev/airflow_learning/venv/lib/python3.10/site-packages/airflow/example_dags/example_task_group.py for tasks to queue
[2023-08-24T15:48:48.265+0100] {logging_mixin.py:151} INFO - [2023-08-24T15:48:48.264+0100] {dagbag.py:539} INFO - Filling up the DagBag from /home/samuel/dev/airflow_learning/venv/lib/python3.10/site-packages/airflow/example_dags/example_task_group.py
[2023-08-24T15:48:48.275+0100] {processor.py:839} INFO - DAG(s) dict_keys(['example_task_group']) retrieved from /home/samuel/dev/airflow_learning/venv/lib/python3.10/site-packages/airflow/example_dags/example_task_group.py
[2023-08-24T15:48:48.297+0100] {logging_mixin.py:151} INFO - [2023-08-24T15:48:48.296+0100] {dag.py:2907} INFO - Sync 1 DAGs
[2023-08-24T15:48:48.318+0100] {logging_mixin.py:151} INFO - [2023-08-24T15:48:48.318+0100] {dag.py:3677} INFO - Setting next_dagrun for example_task_group to 2023-08-23T14:48:48.318434+00:00, run_after=2023-08-24T14:48:48.318434+00:00
[2023-08-24T15:48:48.506+0100] {processor.py:179} INFO - Processing /home/samuel/dev/airflow_learning/venv/lib/python3.10/site-packages/airflow/example_dags/example_task_group.py took 0.276 seconds
[2023-08-24T15:49:37.794+0100] {processor.py:157} INFO - Started process (PID=7200) to work on /home/samuel/dev/airflow_learning/venv/lib/python3.10/site-packages/airflow/example_dags/example_task_group.py
[2023-08-24T15:49:37.835+0100] {processor.py:829} INFO - Processing file /home/samuel/dev/airflow_learning/venv/lib/python3.10/site-packages/airflow/example_dags/example_task_group.py for tasks to queue
[2023-08-24T15:49:37.836+0100] {logging_mixin.py:151} INFO - [2023-08-24T15:49:37.836+0100] {dagbag.py:539} INFO - Filling up the DagBag from /home/samuel/dev/airflow_learning/venv/lib/python3.10/site-packages/airflow/example_dags/example_task_group.py
[2023-08-24T15:49:37.847+0100] {processor.py:839} INFO - DAG(s) dict_keys(['example_task_group']) retrieved from /home/samuel/dev/airflow_learning/venv/lib/python3.10/site-packages/airflow/example_dags/example_task_group.py
[2023-08-24T15:49:37.868+0100] {logging_mixin.py:151} INFO - [2023-08-24T15:49:37.868+0100] {dag.py:2907} INFO - Sync 1 DAGs
[2023-08-24T15:49:37.892+0100] {logging_mixin.py:151} INFO - [2023-08-24T15:49:37.891+0100] {dag.py:3677} INFO - Setting next_dagrun for example_task_group to 2023-08-23T14:49:37.891548+00:00, run_after=2023-08-24T14:49:37.891548+00:00
[2023-08-24T15:49:37.996+0100] {processor.py:179} INFO - Processing /home/samuel/dev/airflow_learning/venv/lib/python3.10/site-packages/airflow/example_dags/example_task_group.py took 0.206 seconds
[2023-08-24T15:50:26.407+0100] {processor.py:157} INFO - Started process (PID=7246) to work on /home/samuel/dev/airflow_learning/venv/lib/python3.10/site-packages/airflow/example_dags/example_task_group.py
[2023-08-24T15:50:26.409+0100] {processor.py:829} INFO - Processing file /home/samuel/dev/airflow_learning/venv/lib/python3.10/site-packages/airflow/example_dags/example_task_group.py for tasks to queue
[2023-08-24T15:50:26.410+0100] {logging_mixin.py:151} INFO - [2023-08-24T15:50:26.410+0100] {dagbag.py:539} INFO - Filling up the DagBag from /home/samuel/dev/airflow_learning/venv/lib/python3.10/site-packages/airflow/example_dags/example_task_group.py
[2023-08-24T15:50:26.420+0100] {processor.py:839} INFO - DAG(s) dict_keys(['example_task_group']) retrieved from /home/samuel/dev/airflow_learning/venv/lib/python3.10/site-packages/airflow/example_dags/example_task_group.py
[2023-08-24T15:50:26.439+0100] {logging_mixin.py:151} INFO - [2023-08-24T15:50:26.439+0100] {dag.py:2907} INFO - Sync 1 DAGs
[2023-08-24T15:50:26.458+0100] {logging_mixin.py:151} INFO - [2023-08-24T15:50:26.458+0100] {dag.py:3677} INFO - Setting next_dagrun for example_task_group to 2023-08-23T14:50:26.457882+00:00, run_after=2023-08-24T14:50:26.457882+00:00
[2023-08-24T15:50:26.587+0100] {processor.py:179} INFO - Processing /home/samuel/dev/airflow_learning/venv/lib/python3.10/site-packages/airflow/example_dags/example_task_group.py took 0.184 seconds
[2023-08-24T15:51:18.957+0100] {processor.py:157} INFO - Started process (PID=7295) to work on /home/samuel/dev/airflow_learning/venv/lib/python3.10/site-packages/airflow/example_dags/example_task_group.py
[2023-08-24T15:51:18.996+0100] {processor.py:829} INFO - Processing file /home/samuel/dev/airflow_learning/venv/lib/python3.10/site-packages/airflow/example_dags/example_task_group.py for tasks to queue
[2023-08-24T15:51:18.997+0100] {logging_mixin.py:151} INFO - [2023-08-24T15:51:18.997+0100] {dagbag.py:539} INFO - Filling up the DagBag from /home/samuel/dev/airflow_learning/venv/lib/python3.10/site-packages/airflow/example_dags/example_task_group.py
[2023-08-24T15:51:19.008+0100] {processor.py:839} INFO - DAG(s) dict_keys(['example_task_group']) retrieved from /home/samuel/dev/airflow_learning/venv/lib/python3.10/site-packages/airflow/example_dags/example_task_group.py
[2023-08-24T15:51:19.029+0100] {logging_mixin.py:151} INFO - [2023-08-24T15:51:19.029+0100] {dag.py:2907} INFO - Sync 1 DAGs
[2023-08-24T15:51:19.053+0100] {logging_mixin.py:151} INFO - [2023-08-24T15:51:19.053+0100] {dag.py:3677} INFO - Setting next_dagrun for example_task_group to 2023-08-23T14:51:19.052967+00:00, run_after=2023-08-24T14:51:19.052967+00:00
[2023-08-24T15:51:19.171+0100] {processor.py:179} INFO - Processing /home/samuel/dev/airflow_learning/venv/lib/python3.10/site-packages/airflow/example_dags/example_task_group.py took 0.218 seconds
[2023-08-24T15:52:09.589+0100] {processor.py:157} INFO - Started process (PID=7353) to work on /home/samuel/dev/airflow_learning/venv/lib/python3.10/site-packages/airflow/example_dags/example_task_group.py
[2023-08-24T15:52:09.590+0100] {processor.py:829} INFO - Processing file /home/samuel/dev/airflow_learning/venv/lib/python3.10/site-packages/airflow/example_dags/example_task_group.py for tasks to queue
[2023-08-24T15:52:09.592+0100] {logging_mixin.py:151} INFO - [2023-08-24T15:52:09.591+0100] {dagbag.py:539} INFO - Filling up the DagBag from /home/samuel/dev/airflow_learning/venv/lib/python3.10/site-packages/airflow/example_dags/example_task_group.py
[2023-08-24T15:52:09.602+0100] {processor.py:839} INFO - DAG(s) dict_keys(['example_task_group']) retrieved from /home/samuel/dev/airflow_learning/venv/lib/python3.10/site-packages/airflow/example_dags/example_task_group.py
[2023-08-24T15:52:09.621+0100] {logging_mixin.py:151} INFO - [2023-08-24T15:52:09.621+0100] {dag.py:2907} INFO - Sync 1 DAGs
[2023-08-24T15:52:09.640+0100] {logging_mixin.py:151} INFO - [2023-08-24T15:52:09.640+0100] {dag.py:3677} INFO - Setting next_dagrun for example_task_group to 2023-08-23T14:52:09.640101+00:00, run_after=2023-08-24T14:52:09.640101+00:00
[2023-08-24T15:52:09.751+0100] {processor.py:179} INFO - Processing /home/samuel/dev/airflow_learning/venv/lib/python3.10/site-packages/airflow/example_dags/example_task_group.py took 0.166 seconds
[2023-08-24T15:52:58.227+0100] {processor.py:157} INFO - Started process (PID=7402) to work on /home/samuel/dev/airflow_learning/venv/lib/python3.10/site-packages/airflow/example_dags/example_task_group.py
[2023-08-24T15:52:58.246+0100] {processor.py:829} INFO - Processing file /home/samuel/dev/airflow_learning/venv/lib/python3.10/site-packages/airflow/example_dags/example_task_group.py for tasks to queue
[2023-08-24T15:52:58.248+0100] {logging_mixin.py:151} INFO - [2023-08-24T15:52:58.247+0100] {dagbag.py:539} INFO - Filling up the DagBag from /home/samuel/dev/airflow_learning/venv/lib/python3.10/site-packages/airflow/example_dags/example_task_group.py
[2023-08-24T15:52:58.258+0100] {processor.py:839} INFO - DAG(s) dict_keys(['example_task_group']) retrieved from /home/samuel/dev/airflow_learning/venv/lib/python3.10/site-packages/airflow/example_dags/example_task_group.py
[2023-08-24T15:52:58.279+0100] {logging_mixin.py:151} INFO - [2023-08-24T15:52:58.279+0100] {dag.py:2907} INFO - Sync 1 DAGs
[2023-08-24T15:52:58.299+0100] {logging_mixin.py:151} INFO - [2023-08-24T15:52:58.299+0100] {dag.py:3677} INFO - Setting next_dagrun for example_task_group to 2023-08-23T14:52:58.299109+00:00, run_after=2023-08-24T14:52:58.299109+00:00
[2023-08-24T15:52:58.414+0100] {processor.py:179} INFO - Processing /home/samuel/dev/airflow_learning/venv/lib/python3.10/site-packages/airflow/example_dags/example_task_group.py took 0.191 seconds
[2023-08-24T15:53:51.957+0100] {processor.py:157} INFO - Started process (PID=7523) to work on /home/samuel/dev/airflow_learning/venv/lib/python3.10/site-packages/airflow/example_dags/example_task_group.py
[2023-08-24T15:53:51.987+0100] {processor.py:829} INFO - Processing file /home/samuel/dev/airflow_learning/venv/lib/python3.10/site-packages/airflow/example_dags/example_task_group.py for tasks to queue
[2023-08-24T15:53:51.988+0100] {logging_mixin.py:151} INFO - [2023-08-24T15:53:51.987+0100] {dagbag.py:539} INFO - Filling up the DagBag from /home/samuel/dev/airflow_learning/venv/lib/python3.10/site-packages/airflow/example_dags/example_task_group.py
[2023-08-24T15:53:51.996+0100] {processor.py:839} INFO - DAG(s) dict_keys(['example_task_group']) retrieved from /home/samuel/dev/airflow_learning/venv/lib/python3.10/site-packages/airflow/example_dags/example_task_group.py
[2023-08-24T15:53:52.012+0100] {logging_mixin.py:151} INFO - [2023-08-24T15:53:52.012+0100] {dag.py:2907} INFO - Sync 1 DAGs
[2023-08-24T15:53:52.031+0100] {logging_mixin.py:151} INFO - [2023-08-24T15:53:52.031+0100] {dag.py:3677} INFO - Setting next_dagrun for example_task_group to 2023-08-23T14:53:52.031538+00:00, run_after=2023-08-24T14:53:52.031538+00:00
[2023-08-24T15:53:52.150+0100] {processor.py:179} INFO - Processing /home/samuel/dev/airflow_learning/venv/lib/python3.10/site-packages/airflow/example_dags/example_task_group.py took 0.197 seconds
[2023-08-24T15:54:58.167+0100] {processor.py:157} INFO - Started process (PID=7609) to work on /home/samuel/dev/airflow_learning/venv/lib/python3.10/site-packages/airflow/example_dags/example_task_group.py
[2023-08-24T15:54:58.170+0100] {processor.py:829} INFO - Processing file /home/samuel/dev/airflow_learning/venv/lib/python3.10/site-packages/airflow/example_dags/example_task_group.py for tasks to queue
[2023-08-24T15:54:58.171+0100] {logging_mixin.py:151} INFO - [2023-08-24T15:54:58.171+0100] {dagbag.py:539} INFO - Filling up the DagBag from /home/samuel/dev/airflow_learning/venv/lib/python3.10/site-packages/airflow/example_dags/example_task_group.py
[2023-08-24T15:54:58.181+0100] {processor.py:839} INFO - DAG(s) dict_keys(['example_task_group']) retrieved from /home/samuel/dev/airflow_learning/venv/lib/python3.10/site-packages/airflow/example_dags/example_task_group.py
[2023-08-24T15:54:58.200+0100] {logging_mixin.py:151} INFO - [2023-08-24T15:54:58.200+0100] {dag.py:2907} INFO - Sync 1 DAGs
[2023-08-24T15:54:58.219+0100] {logging_mixin.py:151} INFO - [2023-08-24T15:54:58.219+0100] {dag.py:3677} INFO - Setting next_dagrun for example_task_group to 2023-08-23T14:54:58.218876+00:00, run_after=2023-08-24T14:54:58.218876+00:00
[2023-08-24T15:54:58.324+0100] {processor.py:179} INFO - Processing /home/samuel/dev/airflow_learning/venv/lib/python3.10/site-packages/airflow/example_dags/example_task_group.py took 0.161 seconds
[2023-08-24T15:55:56.925+0100] {processor.py:157} INFO - Started process (PID=7701) to work on /home/samuel/dev/airflow_learning/venv/lib/python3.10/site-packages/airflow/example_dags/example_task_group.py
[2023-08-24T15:55:56.938+0100] {processor.py:829} INFO - Processing file /home/samuel/dev/airflow_learning/venv/lib/python3.10/site-packages/airflow/example_dags/example_task_group.py for tasks to queue
[2023-08-24T15:55:56.939+0100] {logging_mixin.py:151} INFO - [2023-08-24T15:55:56.939+0100] {dagbag.py:539} INFO - Filling up the DagBag from /home/samuel/dev/airflow_learning/venv/lib/python3.10/site-packages/airflow/example_dags/example_task_group.py
[2023-08-24T15:55:56.949+0100] {processor.py:839} INFO - DAG(s) dict_keys(['example_task_group']) retrieved from /home/samuel/dev/airflow_learning/venv/lib/python3.10/site-packages/airflow/example_dags/example_task_group.py
[2023-08-24T15:55:56.970+0100] {logging_mixin.py:151} INFO - [2023-08-24T15:55:56.969+0100] {dag.py:2907} INFO - Sync 1 DAGs
[2023-08-24T15:55:56.991+0100] {logging_mixin.py:151} INFO - [2023-08-24T15:55:56.991+0100] {dag.py:3677} INFO - Setting next_dagrun for example_task_group to 2023-08-23T14:55:56.990809+00:00, run_after=2023-08-24T14:55:56.990809+00:00
[2023-08-24T15:55:57.092+0100] {processor.py:179} INFO - Processing /home/samuel/dev/airflow_learning/venv/lib/python3.10/site-packages/airflow/example_dags/example_task_group.py took 0.171 seconds
[2023-08-24T15:56:48.720+0100] {processor.py:157} INFO - Started process (PID=7849) to work on /home/samuel/dev/airflow_learning/venv/lib/python3.10/site-packages/airflow/example_dags/example_task_group.py
[2023-08-24T15:56:48.753+0100] {processor.py:829} INFO - Processing file /home/samuel/dev/airflow_learning/venv/lib/python3.10/site-packages/airflow/example_dags/example_task_group.py for tasks to queue
[2023-08-24T15:56:48.754+0100] {logging_mixin.py:151} INFO - [2023-08-24T15:56:48.754+0100] {dagbag.py:539} INFO - Filling up the DagBag from /home/samuel/dev/airflow_learning/venv/lib/python3.10/site-packages/airflow/example_dags/example_task_group.py
[2023-08-24T15:56:48.765+0100] {processor.py:839} INFO - DAG(s) dict_keys(['example_task_group']) retrieved from /home/samuel/dev/airflow_learning/venv/lib/python3.10/site-packages/airflow/example_dags/example_task_group.py
[2023-08-24T15:56:48.786+0100] {logging_mixin.py:151} INFO - [2023-08-24T15:56:48.786+0100] {dag.py:2907} INFO - Sync 1 DAGs
[2023-08-24T15:56:48.809+0100] {logging_mixin.py:151} INFO - [2023-08-24T15:56:48.808+0100] {dag.py:3677} INFO - Setting next_dagrun for example_task_group to 2023-08-23T14:56:48.808424+00:00, run_after=2023-08-24T14:56:48.808424+00:00
[2023-08-24T15:56:48.926+0100] {processor.py:179} INFO - Processing /home/samuel/dev/airflow_learning/venv/lib/python3.10/site-packages/airflow/example_dags/example_task_group.py took 0.208 seconds
[2023-08-24T15:57:39.817+0100] {processor.py:157} INFO - Started process (PID=7898) to work on /home/samuel/dev/airflow_learning/venv/lib/python3.10/site-packages/airflow/example_dags/example_task_group.py
[2023-08-24T15:57:39.846+0100] {processor.py:829} INFO - Processing file /home/samuel/dev/airflow_learning/venv/lib/python3.10/site-packages/airflow/example_dags/example_task_group.py for tasks to queue
[2023-08-24T15:57:39.848+0100] {logging_mixin.py:151} INFO - [2023-08-24T15:57:39.847+0100] {dagbag.py:539} INFO - Filling up the DagBag from /home/samuel/dev/airflow_learning/venv/lib/python3.10/site-packages/airflow/example_dags/example_task_group.py
[2023-08-24T15:57:39.858+0100] {processor.py:839} INFO - DAG(s) dict_keys(['example_task_group']) retrieved from /home/samuel/dev/airflow_learning/venv/lib/python3.10/site-packages/airflow/example_dags/example_task_group.py
[2023-08-24T15:57:39.880+0100] {logging_mixin.py:151} INFO - [2023-08-24T15:57:39.880+0100] {dag.py:2907} INFO - Sync 1 DAGs
[2023-08-24T15:57:39.902+0100] {logging_mixin.py:151} INFO - [2023-08-24T15:57:39.901+0100] {dag.py:3677} INFO - Setting next_dagrun for example_task_group to 2023-08-23T14:57:39.901556+00:00, run_after=2023-08-24T14:57:39.901556+00:00
[2023-08-24T15:57:40.025+0100] {processor.py:179} INFO - Processing /home/samuel/dev/airflow_learning/venv/lib/python3.10/site-packages/airflow/example_dags/example_task_group.py took 0.212 seconds
[2023-08-24T15:58:32.445+0100] {processor.py:157} INFO - Started process (PID=7957) to work on /home/samuel/dev/airflow_learning/venv/lib/python3.10/site-packages/airflow/example_dags/example_task_group.py
[2023-08-24T15:58:32.462+0100] {processor.py:829} INFO - Processing file /home/samuel/dev/airflow_learning/venv/lib/python3.10/site-packages/airflow/example_dags/example_task_group.py for tasks to queue
[2023-08-24T15:58:32.463+0100] {logging_mixin.py:151} INFO - [2023-08-24T15:58:32.463+0100] {dagbag.py:539} INFO - Filling up the DagBag from /home/samuel/dev/airflow_learning/venv/lib/python3.10/site-packages/airflow/example_dags/example_task_group.py
[2023-08-24T15:58:32.476+0100] {processor.py:839} INFO - DAG(s) dict_keys(['example_task_group']) retrieved from /home/samuel/dev/airflow_learning/venv/lib/python3.10/site-packages/airflow/example_dags/example_task_group.py
[2023-08-24T15:58:32.497+0100] {logging_mixin.py:151} INFO - [2023-08-24T15:58:32.497+0100] {dag.py:2907} INFO - Sync 1 DAGs
[2023-08-24T15:58:32.518+0100] {logging_mixin.py:151} INFO - [2023-08-24T15:58:32.518+0100] {dag.py:3677} INFO - Setting next_dagrun for example_task_group to 2023-08-23T14:58:32.518158+00:00, run_after=2023-08-24T14:58:32.518158+00:00
[2023-08-24T15:58:32.755+0100] {processor.py:179} INFO - Processing /home/samuel/dev/airflow_learning/venv/lib/python3.10/site-packages/airflow/example_dags/example_task_group.py took 0.313 seconds
[2023-08-24T15:59:27.090+0100] {processor.py:157} INFO - Started process (PID=8043) to work on /home/samuel/dev/airflow_learning/venv/lib/python3.10/site-packages/airflow/example_dags/example_task_group.py
[2023-08-24T15:59:27.116+0100] {processor.py:829} INFO - Processing file /home/samuel/dev/airflow_learning/venv/lib/python3.10/site-packages/airflow/example_dags/example_task_group.py for tasks to queue
[2023-08-24T15:59:27.117+0100] {logging_mixin.py:151} INFO - [2023-08-24T15:59:27.117+0100] {dagbag.py:539} INFO - Filling up the DagBag from /home/samuel/dev/airflow_learning/venv/lib/python3.10/site-packages/airflow/example_dags/example_task_group.py
[2023-08-24T15:59:27.128+0100] {processor.py:839} INFO - DAG(s) dict_keys(['example_task_group']) retrieved from /home/samuel/dev/airflow_learning/venv/lib/python3.10/site-packages/airflow/example_dags/example_task_group.py
[2023-08-24T15:59:27.149+0100] {logging_mixin.py:151} INFO - [2023-08-24T15:59:27.149+0100] {dag.py:2907} INFO - Sync 1 DAGs
[2023-08-24T15:59:27.170+0100] {logging_mixin.py:151} INFO - [2023-08-24T15:59:27.170+0100] {dag.py:3677} INFO - Setting next_dagrun for example_task_group to 2023-08-23T14:59:27.170030+00:00, run_after=2023-08-24T14:59:27.170030+00:00
[2023-08-24T15:59:27.299+0100] {processor.py:179} INFO - Processing /home/samuel/dev/airflow_learning/venv/lib/python3.10/site-packages/airflow/example_dags/example_task_group.py took 0.213 seconds
[2023-08-24T16:00:25.107+0100] {processor.py:157} INFO - Started process (PID=8272) to work on /home/samuel/dev/airflow_learning/venv/lib/python3.10/site-packages/airflow/example_dags/example_task_group.py
[2023-08-24T16:00:25.132+0100] {processor.py:829} INFO - Processing file /home/samuel/dev/airflow_learning/venv/lib/python3.10/site-packages/airflow/example_dags/example_task_group.py for tasks to queue
[2023-08-24T16:00:25.134+0100] {logging_mixin.py:151} INFO - [2023-08-24T16:00:25.133+0100] {dagbag.py:539} INFO - Filling up the DagBag from /home/samuel/dev/airflow_learning/venv/lib/python3.10/site-packages/airflow/example_dags/example_task_group.py
[2023-08-24T16:00:25.144+0100] {processor.py:839} INFO - DAG(s) dict_keys(['example_task_group']) retrieved from /home/samuel/dev/airflow_learning/venv/lib/python3.10/site-packages/airflow/example_dags/example_task_group.py
[2023-08-24T16:00:25.169+0100] {logging_mixin.py:151} INFO - [2023-08-24T16:00:25.169+0100] {dag.py:2907} INFO - Sync 1 DAGs
[2023-08-24T16:00:25.191+0100] {logging_mixin.py:151} INFO - [2023-08-24T16:00:25.190+0100] {dag.py:3677} INFO - Setting next_dagrun for example_task_group to 2023-08-23T15:00:25.190672+00:00, run_after=2023-08-24T15:00:25.190672+00:00
[2023-08-24T16:00:25.305+0100] {processor.py:179} INFO - Processing /home/samuel/dev/airflow_learning/venv/lib/python3.10/site-packages/airflow/example_dags/example_task_group.py took 0.202 seconds
[2023-08-24T16:01:18.355+0100] {processor.py:157} INFO - Started process (PID=8357) to work on /home/samuel/dev/airflow_learning/venv/lib/python3.10/site-packages/airflow/example_dags/example_task_group.py
[2023-08-24T16:01:18.392+0100] {processor.py:829} INFO - Processing file /home/samuel/dev/airflow_learning/venv/lib/python3.10/site-packages/airflow/example_dags/example_task_group.py for tasks to queue
[2023-08-24T16:01:18.393+0100] {logging_mixin.py:151} INFO - [2023-08-24T16:01:18.393+0100] {dagbag.py:539} INFO - Filling up the DagBag from /home/samuel/dev/airflow_learning/venv/lib/python3.10/site-packages/airflow/example_dags/example_task_group.py
[2023-08-24T16:01:18.404+0100] {processor.py:839} INFO - DAG(s) dict_keys(['example_task_group']) retrieved from /home/samuel/dev/airflow_learning/venv/lib/python3.10/site-packages/airflow/example_dags/example_task_group.py
[2023-08-24T16:01:18.426+0100] {logging_mixin.py:151} INFO - [2023-08-24T16:01:18.425+0100] {dag.py:2907} INFO - Sync 1 DAGs
[2023-08-24T16:01:18.447+0100] {logging_mixin.py:151} INFO - [2023-08-24T16:01:18.447+0100] {dag.py:3677} INFO - Setting next_dagrun for example_task_group to 2023-08-23T15:01:18.447230+00:00, run_after=2023-08-24T15:01:18.447230+00:00
[2023-08-24T16:01:18.567+0100] {processor.py:179} INFO - Processing /home/samuel/dev/airflow_learning/venv/lib/python3.10/site-packages/airflow/example_dags/example_task_group.py took 0.215 seconds
[2023-08-24T16:02:13.176+0100] {processor.py:157} INFO - Started process (PID=8447) to work on /home/samuel/dev/airflow_learning/venv/lib/python3.10/site-packages/airflow/example_dags/example_task_group.py
[2023-08-24T16:02:13.197+0100] {processor.py:829} INFO - Processing file /home/samuel/dev/airflow_learning/venv/lib/python3.10/site-packages/airflow/example_dags/example_task_group.py for tasks to queue
[2023-08-24T16:02:13.198+0100] {logging_mixin.py:151} INFO - [2023-08-24T16:02:13.197+0100] {dagbag.py:539} INFO - Filling up the DagBag from /home/samuel/dev/airflow_learning/venv/lib/python3.10/site-packages/airflow/example_dags/example_task_group.py
[2023-08-24T16:02:13.210+0100] {processor.py:839} INFO - DAG(s) dict_keys(['example_task_group']) retrieved from /home/samuel/dev/airflow_learning/venv/lib/python3.10/site-packages/airflow/example_dags/example_task_group.py
[2023-08-24T16:02:13.231+0100] {logging_mixin.py:151} INFO - [2023-08-24T16:02:13.231+0100] {dag.py:2907} INFO - Sync 1 DAGs
[2023-08-24T16:02:13.253+0100] {logging_mixin.py:151} INFO - [2023-08-24T16:02:13.253+0100] {dag.py:3677} INFO - Setting next_dagrun for example_task_group to 2023-08-23T15:02:13.253009+00:00, run_after=2023-08-24T15:02:13.253009+00:00
[2023-08-24T16:02:13.355+0100] {processor.py:179} INFO - Processing /home/samuel/dev/airflow_learning/venv/lib/python3.10/site-packages/airflow/example_dags/example_task_group.py took 0.184 seconds
[2023-08-24T16:03:05.269+0100] {processor.py:157} INFO - Started process (PID=8509) to work on /home/samuel/dev/airflow_learning/venv/lib/python3.10/site-packages/airflow/example_dags/example_task_group.py
[2023-08-24T16:03:05.299+0100] {processor.py:829} INFO - Processing file /home/samuel/dev/airflow_learning/venv/lib/python3.10/site-packages/airflow/example_dags/example_task_group.py for tasks to queue
[2023-08-24T16:03:05.301+0100] {logging_mixin.py:151} INFO - [2023-08-24T16:03:05.300+0100] {dagbag.py:539} INFO - Filling up the DagBag from /home/samuel/dev/airflow_learning/venv/lib/python3.10/site-packages/airflow/example_dags/example_task_group.py
[2023-08-24T16:03:05.314+0100] {processor.py:839} INFO - DAG(s) dict_keys(['example_task_group']) retrieved from /home/samuel/dev/airflow_learning/venv/lib/python3.10/site-packages/airflow/example_dags/example_task_group.py
[2023-08-24T16:03:05.338+0100] {logging_mixin.py:151} INFO - [2023-08-24T16:03:05.338+0100] {dag.py:2907} INFO - Sync 1 DAGs
[2023-08-24T16:03:05.360+0100] {logging_mixin.py:151} INFO - [2023-08-24T16:03:05.360+0100] {dag.py:3677} INFO - Setting next_dagrun for example_task_group to 2023-08-23T15:03:05.360152+00:00, run_after=2023-08-24T15:03:05.360152+00:00
[2023-08-24T16:03:05.464+0100] {processor.py:179} INFO - Processing /home/samuel/dev/airflow_learning/venv/lib/python3.10/site-packages/airflow/example_dags/example_task_group.py took 0.199 seconds
[2023-08-24T16:03:58.077+0100] {processor.py:157} INFO - Started process (PID=8584) to work on /home/samuel/dev/airflow_learning/venv/lib/python3.10/site-packages/airflow/example_dags/example_task_group.py
[2023-08-24T16:03:58.116+0100] {processor.py:829} INFO - Processing file /home/samuel/dev/airflow_learning/venv/lib/python3.10/site-packages/airflow/example_dags/example_task_group.py for tasks to queue
[2023-08-24T16:03:58.117+0100] {logging_mixin.py:151} INFO - [2023-08-24T16:03:58.116+0100] {dagbag.py:539} INFO - Filling up the DagBag from /home/samuel/dev/airflow_learning/venv/lib/python3.10/site-packages/airflow/example_dags/example_task_group.py
[2023-08-24T16:03:58.128+0100] {processor.py:839} INFO - DAG(s) dict_keys(['example_task_group']) retrieved from /home/samuel/dev/airflow_learning/venv/lib/python3.10/site-packages/airflow/example_dags/example_task_group.py
[2023-08-24T16:03:58.150+0100] {logging_mixin.py:151} INFO - [2023-08-24T16:03:58.150+0100] {dag.py:2907} INFO - Sync 1 DAGs
[2023-08-24T16:03:58.173+0100] {logging_mixin.py:151} INFO - [2023-08-24T16:03:58.173+0100] {dag.py:3677} INFO - Setting next_dagrun for example_task_group to 2023-08-23T15:03:58.172936+00:00, run_after=2023-08-24T15:03:58.172936+00:00
[2023-08-24T16:03:58.305+0100] {processor.py:179} INFO - Processing /home/samuel/dev/airflow_learning/venv/lib/python3.10/site-packages/airflow/example_dags/example_task_group.py took 0.232 seconds
