[2023-08-24T15:23:03.185+0100] {processor.py:157} INFO - Started process (PID=5379) to work on /home/samuel/dev/airflow_learning/venv/lib/python3.10/site-packages/airflow/example_dags/example_dynamic_task_mapping_with_no_taskflow_operators.py
[2023-08-24T15:23:03.186+0100] {processor.py:829} INFO - Processing file /home/samuel/dev/airflow_learning/venv/lib/python3.10/site-packages/airflow/example_dags/example_dynamic_task_mapping_with_no_taskflow_operators.py for tasks to queue
[2023-08-24T15:23:03.187+0100] {logging_mixin.py:151} INFO - [2023-08-24T15:23:03.187+0100] {dagbag.py:539} INFO - Filling up the DagBag from /home/samuel/dev/airflow_learning/venv/lib/python3.10/site-packages/airflow/example_dags/example_dynamic_task_mapping_with_no_taskflow_operators.py
[2023-08-24T15:23:03.195+0100] {processor.py:839} INFO - DAG(s) dict_keys(['example_dynamic_task_mapping_with_no_taskflow_operators']) retrieved from /home/samuel/dev/airflow_learning/venv/lib/python3.10/site-packages/airflow/example_dags/example_dynamic_task_mapping_with_no_taskflow_operators.py
[2023-08-24T15:23:03.525+0100] {logging_mixin.py:151} INFO - [2023-08-24T15:23:03.524+0100] {manager.py:501} INFO - Created Permission View: can edit on DAG:example_dynamic_task_mapping_with_no_taskflow_operators
[2023-08-24T15:23:03.636+0100] {logging_mixin.py:151} INFO - [2023-08-24T15:23:03.635+0100] {manager.py:501} INFO - Created Permission View: can delete on DAG:example_dynamic_task_mapping_with_no_taskflow_operators
[2023-08-24T15:23:03.736+0100] {logging_mixin.py:151} INFO - [2023-08-24T15:23:03.735+0100] {manager.py:501} INFO - Created Permission View: can read on DAG:example_dynamic_task_mapping_with_no_taskflow_operators
[2023-08-24T15:23:03.764+0100] {logging_mixin.py:151} INFO - [2023-08-24T15:23:03.763+0100] {dag.py:2907} INFO - Sync 1 DAGs
[2023-08-24T15:23:03.787+0100] {logging_mixin.py:151} INFO - [2023-08-24T15:23:03.786+0100] {dag.py:2929} INFO - Creating ORM DAG for example_dynamic_task_mapping_with_no_taskflow_operators
[2023-08-24T15:23:03.802+0100] {logging_mixin.py:151} INFO - [2023-08-24T15:23:03.802+0100] {dag.py:3677} INFO - Setting next_dagrun for example_dynamic_task_mapping_with_no_taskflow_operators to 2023-08-23T14:23:03.801828+00:00, run_after=2023-08-24T14:23:03.801828+00:00
[2023-08-24T15:23:03.958+0100] {processor.py:179} INFO - Processing /home/samuel/dev/airflow_learning/venv/lib/python3.10/site-packages/airflow/example_dags/example_dynamic_task_mapping_with_no_taskflow_operators.py took 0.776 seconds
[2023-08-24T15:24:13.713+0100] {processor.py:157} INFO - Started process (PID=5454) to work on /home/samuel/dev/airflow_learning/venv/lib/python3.10/site-packages/airflow/example_dags/example_dynamic_task_mapping_with_no_taskflow_operators.py
[2023-08-24T15:24:13.714+0100] {processor.py:829} INFO - Processing file /home/samuel/dev/airflow_learning/venv/lib/python3.10/site-packages/airflow/example_dags/example_dynamic_task_mapping_with_no_taskflow_operators.py for tasks to queue
[2023-08-24T15:24:13.715+0100] {logging_mixin.py:151} INFO - [2023-08-24T15:24:13.715+0100] {dagbag.py:539} INFO - Filling up the DagBag from /home/samuel/dev/airflow_learning/venv/lib/python3.10/site-packages/airflow/example_dags/example_dynamic_task_mapping_with_no_taskflow_operators.py
[2023-08-24T15:24:13.724+0100] {processor.py:839} INFO - DAG(s) dict_keys(['example_dynamic_task_mapping_with_no_taskflow_operators']) retrieved from /home/samuel/dev/airflow_learning/venv/lib/python3.10/site-packages/airflow/example_dags/example_dynamic_task_mapping_with_no_taskflow_operators.py
[2023-08-24T15:24:13.742+0100] {logging_mixin.py:151} INFO - [2023-08-24T15:24:13.742+0100] {dag.py:2907} INFO - Sync 1 DAGs
[2023-08-24T15:24:13.762+0100] {logging_mixin.py:151} INFO - [2023-08-24T15:24:13.762+0100] {dag.py:3677} INFO - Setting next_dagrun for example_dynamic_task_mapping_with_no_taskflow_operators to 2023-08-23T14:24:13.762068+00:00, run_after=2023-08-24T14:24:13.762068+00:00
[2023-08-24T15:24:13.880+0100] {processor.py:179} INFO - Processing /home/samuel/dev/airflow_learning/venv/lib/python3.10/site-packages/airflow/example_dags/example_dynamic_task_mapping_with_no_taskflow_operators.py took 0.171 seconds
[2023-08-24T15:25:08.540+0100] {processor.py:157} INFO - Started process (PID=5510) to work on /home/samuel/dev/airflow_learning/venv/lib/python3.10/site-packages/airflow/example_dags/example_dynamic_task_mapping_with_no_taskflow_operators.py
[2023-08-24T15:25:08.567+0100] {processor.py:829} INFO - Processing file /home/samuel/dev/airflow_learning/venv/lib/python3.10/site-packages/airflow/example_dags/example_dynamic_task_mapping_with_no_taskflow_operators.py for tasks to queue
[2023-08-24T15:25:08.568+0100] {logging_mixin.py:151} INFO - [2023-08-24T15:25:08.568+0100] {dagbag.py:539} INFO - Filling up the DagBag from /home/samuel/dev/airflow_learning/venv/lib/python3.10/site-packages/airflow/example_dags/example_dynamic_task_mapping_with_no_taskflow_operators.py
[2023-08-24T15:25:08.577+0100] {processor.py:839} INFO - DAG(s) dict_keys(['example_dynamic_task_mapping_with_no_taskflow_operators']) retrieved from /home/samuel/dev/airflow_learning/venv/lib/python3.10/site-packages/airflow/example_dags/example_dynamic_task_mapping_with_no_taskflow_operators.py
[2023-08-24T15:25:08.594+0100] {logging_mixin.py:151} INFO - [2023-08-24T15:25:08.594+0100] {dag.py:2907} INFO - Sync 1 DAGs
[2023-08-24T15:25:08.616+0100] {logging_mixin.py:151} INFO - [2023-08-24T15:25:08.615+0100] {dag.py:3677} INFO - Setting next_dagrun for example_dynamic_task_mapping_with_no_taskflow_operators to 2023-08-23T14:25:08.615690+00:00, run_after=2023-08-24T14:25:08.615690+00:00
[2023-08-24T15:25:08.722+0100] {processor.py:179} INFO - Processing /home/samuel/dev/airflow_learning/venv/lib/python3.10/site-packages/airflow/example_dags/example_dynamic_task_mapping_with_no_taskflow_operators.py took 0.186 seconds
[2023-08-24T15:26:04.458+0100] {processor.py:157} INFO - Started process (PID=5565) to work on /home/samuel/dev/airflow_learning/venv/lib/python3.10/site-packages/airflow/example_dags/example_dynamic_task_mapping_with_no_taskflow_operators.py
[2023-08-24T15:26:04.469+0100] {processor.py:829} INFO - Processing file /home/samuel/dev/airflow_learning/venv/lib/python3.10/site-packages/airflow/example_dags/example_dynamic_task_mapping_with_no_taskflow_operators.py for tasks to queue
[2023-08-24T15:26:04.470+0100] {logging_mixin.py:151} INFO - [2023-08-24T15:26:04.470+0100] {dagbag.py:539} INFO - Filling up the DagBag from /home/samuel/dev/airflow_learning/venv/lib/python3.10/site-packages/airflow/example_dags/example_dynamic_task_mapping_with_no_taskflow_operators.py
[2023-08-24T15:26:04.478+0100] {processor.py:839} INFO - DAG(s) dict_keys(['example_dynamic_task_mapping_with_no_taskflow_operators']) retrieved from /home/samuel/dev/airflow_learning/venv/lib/python3.10/site-packages/airflow/example_dags/example_dynamic_task_mapping_with_no_taskflow_operators.py
[2023-08-24T15:26:04.492+0100] {logging_mixin.py:151} INFO - [2023-08-24T15:26:04.492+0100] {dag.py:2907} INFO - Sync 1 DAGs
[2023-08-24T15:26:04.511+0100] {logging_mixin.py:151} INFO - [2023-08-24T15:26:04.511+0100] {dag.py:3677} INFO - Setting next_dagrun for example_dynamic_task_mapping_with_no_taskflow_operators to 2023-08-23T14:26:04.511552+00:00, run_after=2023-08-24T14:26:04.511552+00:00
[2023-08-24T15:26:04.626+0100] {processor.py:179} INFO - Processing /home/samuel/dev/airflow_learning/venv/lib/python3.10/site-packages/airflow/example_dags/example_dynamic_task_mapping_with_no_taskflow_operators.py took 0.171 seconds
[2023-08-24T15:26:58.226+0100] {processor.py:157} INFO - Started process (PID=5614) to work on /home/samuel/dev/airflow_learning/venv/lib/python3.10/site-packages/airflow/example_dags/example_dynamic_task_mapping_with_no_taskflow_operators.py
[2023-08-24T15:26:58.255+0100] {processor.py:829} INFO - Processing file /home/samuel/dev/airflow_learning/venv/lib/python3.10/site-packages/airflow/example_dags/example_dynamic_task_mapping_with_no_taskflow_operators.py for tasks to queue
[2023-08-24T15:26:58.256+0100] {logging_mixin.py:151} INFO - [2023-08-24T15:26:58.255+0100] {dagbag.py:539} INFO - Filling up the DagBag from /home/samuel/dev/airflow_learning/venv/lib/python3.10/site-packages/airflow/example_dags/example_dynamic_task_mapping_with_no_taskflow_operators.py
[2023-08-24T15:26:58.266+0100] {processor.py:839} INFO - DAG(s) dict_keys(['example_dynamic_task_mapping_with_no_taskflow_operators']) retrieved from /home/samuel/dev/airflow_learning/venv/lib/python3.10/site-packages/airflow/example_dags/example_dynamic_task_mapping_with_no_taskflow_operators.py
[2023-08-24T15:26:58.284+0100] {logging_mixin.py:151} INFO - [2023-08-24T15:26:58.284+0100] {dag.py:2907} INFO - Sync 1 DAGs
[2023-08-24T15:26:58.306+0100] {logging_mixin.py:151} INFO - [2023-08-24T15:26:58.306+0100] {dag.py:3677} INFO - Setting next_dagrun for example_dynamic_task_mapping_with_no_taskflow_operators to 2023-08-23T14:26:58.305898+00:00, run_after=2023-08-24T14:26:58.305898+00:00
[2023-08-24T15:26:58.408+0100] {processor.py:179} INFO - Processing /home/samuel/dev/airflow_learning/venv/lib/python3.10/site-packages/airflow/example_dags/example_dynamic_task_mapping_with_no_taskflow_operators.py took 0.186 seconds
[2023-08-24T15:28:17.666+0100] {processor.py:157} INFO - Started process (PID=5691) to work on /home/samuel/dev/airflow_learning/venv/lib/python3.10/site-packages/airflow/example_dags/example_dynamic_task_mapping_with_no_taskflow_operators.py
[2023-08-24T15:28:17.678+0100] {processor.py:829} INFO - Processing file /home/samuel/dev/airflow_learning/venv/lib/python3.10/site-packages/airflow/example_dags/example_dynamic_task_mapping_with_no_taskflow_operators.py for tasks to queue
[2023-08-24T15:28:17.679+0100] {logging_mixin.py:151} INFO - [2023-08-24T15:28:17.679+0100] {dagbag.py:539} INFO - Filling up the DagBag from /home/samuel/dev/airflow_learning/venv/lib/python3.10/site-packages/airflow/example_dags/example_dynamic_task_mapping_with_no_taskflow_operators.py
[2023-08-24T15:28:17.689+0100] {processor.py:839} INFO - DAG(s) dict_keys(['example_dynamic_task_mapping_with_no_taskflow_operators']) retrieved from /home/samuel/dev/airflow_learning/venv/lib/python3.10/site-packages/airflow/example_dags/example_dynamic_task_mapping_with_no_taskflow_operators.py
[2023-08-24T15:28:17.706+0100] {logging_mixin.py:151} INFO - [2023-08-24T15:28:17.706+0100] {dag.py:2907} INFO - Sync 1 DAGs
[2023-08-24T15:28:17.726+0100] {logging_mixin.py:151} INFO - [2023-08-24T15:28:17.726+0100] {dag.py:3677} INFO - Setting next_dagrun for example_dynamic_task_mapping_with_no_taskflow_operators to 2023-08-23T14:28:17.726205+00:00, run_after=2023-08-24T14:28:17.726205+00:00
[2023-08-24T15:28:17.847+0100] {processor.py:179} INFO - Processing /home/samuel/dev/airflow_learning/venv/lib/python3.10/site-packages/airflow/example_dags/example_dynamic_task_mapping_with_no_taskflow_operators.py took 0.185 seconds
[2023-08-24T15:29:13.723+0100] {processor.py:157} INFO - Started process (PID=5763) to work on /home/samuel/dev/airflow_learning/venv/lib/python3.10/site-packages/airflow/example_dags/example_dynamic_task_mapping_with_no_taskflow_operators.py
[2023-08-24T15:29:13.765+0100] {processor.py:829} INFO - Processing file /home/samuel/dev/airflow_learning/venv/lib/python3.10/site-packages/airflow/example_dags/example_dynamic_task_mapping_with_no_taskflow_operators.py for tasks to queue
[2023-08-24T15:29:13.766+0100] {logging_mixin.py:151} INFO - [2023-08-24T15:29:13.766+0100] {dagbag.py:539} INFO - Filling up the DagBag from /home/samuel/dev/airflow_learning/venv/lib/python3.10/site-packages/airflow/example_dags/example_dynamic_task_mapping_with_no_taskflow_operators.py
[2023-08-24T15:29:13.777+0100] {processor.py:839} INFO - DAG(s) dict_keys(['example_dynamic_task_mapping_with_no_taskflow_operators']) retrieved from /home/samuel/dev/airflow_learning/venv/lib/python3.10/site-packages/airflow/example_dags/example_dynamic_task_mapping_with_no_taskflow_operators.py
[2023-08-24T15:29:13.796+0100] {logging_mixin.py:151} INFO - [2023-08-24T15:29:13.796+0100] {dag.py:2907} INFO - Sync 1 DAGs
[2023-08-24T15:29:13.819+0100] {logging_mixin.py:151} INFO - [2023-08-24T15:29:13.819+0100] {dag.py:3677} INFO - Setting next_dagrun for example_dynamic_task_mapping_with_no_taskflow_operators to 2023-08-23T14:29:13.818839+00:00, run_after=2023-08-24T14:29:13.818839+00:00
[2023-08-24T15:29:13.944+0100] {processor.py:179} INFO - Processing /home/samuel/dev/airflow_learning/venv/lib/python3.10/site-packages/airflow/example_dags/example_dynamic_task_mapping_with_no_taskflow_operators.py took 0.225 seconds
[2023-08-24T15:30:41.677+0100] {processor.py:157} INFO - Started process (PID=5941) to work on /home/samuel/dev/airflow_learning/venv/lib/python3.10/site-packages/airflow/example_dags/example_dynamic_task_mapping_with_no_taskflow_operators.py
[2023-08-24T15:30:41.705+0100] {processor.py:829} INFO - Processing file /home/samuel/dev/airflow_learning/venv/lib/python3.10/site-packages/airflow/example_dags/example_dynamic_task_mapping_with_no_taskflow_operators.py for tasks to queue
[2023-08-24T15:30:41.706+0100] {logging_mixin.py:151} INFO - [2023-08-24T15:30:41.706+0100] {dagbag.py:539} INFO - Filling up the DagBag from /home/samuel/dev/airflow_learning/venv/lib/python3.10/site-packages/airflow/example_dags/example_dynamic_task_mapping_with_no_taskflow_operators.py
[2023-08-24T15:30:41.715+0100] {processor.py:839} INFO - DAG(s) dict_keys(['example_dynamic_task_mapping_with_no_taskflow_operators']) retrieved from /home/samuel/dev/airflow_learning/venv/lib/python3.10/site-packages/airflow/example_dags/example_dynamic_task_mapping_with_no_taskflow_operators.py
[2023-08-24T15:30:41.734+0100] {logging_mixin.py:151} INFO - [2023-08-24T15:30:41.734+0100] {dag.py:2907} INFO - Sync 1 DAGs
[2023-08-24T15:30:41.757+0100] {logging_mixin.py:151} INFO - [2023-08-24T15:30:41.756+0100] {dag.py:3677} INFO - Setting next_dagrun for example_dynamic_task_mapping_with_no_taskflow_operators to 2023-08-23T14:30:41.756726+00:00, run_after=2023-08-24T14:30:41.756726+00:00
[2023-08-24T15:30:41.972+0100] {processor.py:179} INFO - Processing /home/samuel/dev/airflow_learning/venv/lib/python3.10/site-packages/airflow/example_dags/example_dynamic_task_mapping_with_no_taskflow_operators.py took 0.298 seconds
[2023-08-24T15:32:06.622+0100] {processor.py:157} INFO - Started process (PID=6074) to work on /home/samuel/dev/airflow_learning/venv/lib/python3.10/site-packages/airflow/example_dags/example_dynamic_task_mapping_with_no_taskflow_operators.py
[2023-08-24T15:32:06.656+0100] {processor.py:829} INFO - Processing file /home/samuel/dev/airflow_learning/venv/lib/python3.10/site-packages/airflow/example_dags/example_dynamic_task_mapping_with_no_taskflow_operators.py for tasks to queue
[2023-08-24T15:32:06.657+0100] {logging_mixin.py:151} INFO - [2023-08-24T15:32:06.657+0100] {dagbag.py:539} INFO - Filling up the DagBag from /home/samuel/dev/airflow_learning/venv/lib/python3.10/site-packages/airflow/example_dags/example_dynamic_task_mapping_with_no_taskflow_operators.py
[2023-08-24T15:32:06.667+0100] {processor.py:839} INFO - DAG(s) dict_keys(['example_dynamic_task_mapping_with_no_taskflow_operators']) retrieved from /home/samuel/dev/airflow_learning/venv/lib/python3.10/site-packages/airflow/example_dags/example_dynamic_task_mapping_with_no_taskflow_operators.py
[2023-08-24T15:32:06.686+0100] {logging_mixin.py:151} INFO - [2023-08-24T15:32:06.685+0100] {dag.py:2907} INFO - Sync 1 DAGs
[2023-08-24T15:32:06.709+0100] {logging_mixin.py:151} INFO - [2023-08-24T15:32:06.709+0100] {dag.py:3677} INFO - Setting next_dagrun for example_dynamic_task_mapping_with_no_taskflow_operators to 2023-08-23T14:32:06.708801+00:00, run_after=2023-08-24T14:32:06.708801+00:00
[2023-08-24T15:32:06.818+0100] {processor.py:179} INFO - Processing /home/samuel/dev/airflow_learning/venv/lib/python3.10/site-packages/airflow/example_dags/example_dynamic_task_mapping_with_no_taskflow_operators.py took 0.199 seconds
[2023-08-24T15:33:21.410+0100] {processor.py:157} INFO - Started process (PID=6156) to work on /home/samuel/dev/airflow_learning/venv/lib/python3.10/site-packages/airflow/example_dags/example_dynamic_task_mapping_with_no_taskflow_operators.py
[2023-08-24T15:33:21.418+0100] {processor.py:829} INFO - Processing file /home/samuel/dev/airflow_learning/venv/lib/python3.10/site-packages/airflow/example_dags/example_dynamic_task_mapping_with_no_taskflow_operators.py for tasks to queue
[2023-08-24T15:33:21.419+0100] {logging_mixin.py:151} INFO - [2023-08-24T15:33:21.419+0100] {dagbag.py:539} INFO - Filling up the DagBag from /home/samuel/dev/airflow_learning/venv/lib/python3.10/site-packages/airflow/example_dags/example_dynamic_task_mapping_with_no_taskflow_operators.py
[2023-08-24T15:33:21.428+0100] {processor.py:839} INFO - DAG(s) dict_keys(['example_dynamic_task_mapping_with_no_taskflow_operators']) retrieved from /home/samuel/dev/airflow_learning/venv/lib/python3.10/site-packages/airflow/example_dags/example_dynamic_task_mapping_with_no_taskflow_operators.py
[2023-08-24T15:33:21.446+0100] {logging_mixin.py:151} INFO - [2023-08-24T15:33:21.446+0100] {dag.py:2907} INFO - Sync 1 DAGs
[2023-08-24T15:33:21.466+0100] {logging_mixin.py:151} INFO - [2023-08-24T15:33:21.466+0100] {dag.py:3677} INFO - Setting next_dagrun for example_dynamic_task_mapping_with_no_taskflow_operators to 2023-08-23T14:33:21.466386+00:00, run_after=2023-08-24T14:33:21.466386+00:00
[2023-08-24T15:33:21.596+0100] {processor.py:179} INFO - Processing /home/samuel/dev/airflow_learning/venv/lib/python3.10/site-packages/airflow/example_dags/example_dynamic_task_mapping_with_no_taskflow_operators.py took 0.190 seconds
[2023-08-24T15:34:22.223+0100] {processor.py:157} INFO - Started process (PID=6216) to work on /home/samuel/dev/airflow_learning/venv/lib/python3.10/site-packages/airflow/example_dags/example_dynamic_task_mapping_with_no_taskflow_operators.py
[2023-08-24T15:34:22.238+0100] {processor.py:829} INFO - Processing file /home/samuel/dev/airflow_learning/venv/lib/python3.10/site-packages/airflow/example_dags/example_dynamic_task_mapping_with_no_taskflow_operators.py for tasks to queue
[2023-08-24T15:34:22.239+0100] {logging_mixin.py:151} INFO - [2023-08-24T15:34:22.239+0100] {dagbag.py:539} INFO - Filling up the DagBag from /home/samuel/dev/airflow_learning/venv/lib/python3.10/site-packages/airflow/example_dags/example_dynamic_task_mapping_with_no_taskflow_operators.py
[2023-08-24T15:34:22.251+0100] {processor.py:839} INFO - DAG(s) dict_keys(['example_dynamic_task_mapping_with_no_taskflow_operators']) retrieved from /home/samuel/dev/airflow_learning/venv/lib/python3.10/site-packages/airflow/example_dags/example_dynamic_task_mapping_with_no_taskflow_operators.py
[2023-08-24T15:34:22.272+0100] {logging_mixin.py:151} INFO - [2023-08-24T15:34:22.271+0100] {dag.py:2907} INFO - Sync 1 DAGs
[2023-08-24T15:34:22.298+0100] {logging_mixin.py:151} INFO - [2023-08-24T15:34:22.297+0100] {dag.py:3677} INFO - Setting next_dagrun for example_dynamic_task_mapping_with_no_taskflow_operators to 2023-08-23T14:34:22.297660+00:00, run_after=2023-08-24T14:34:22.297660+00:00
[2023-08-24T15:34:22.414+0100] {processor.py:179} INFO - Processing /home/samuel/dev/airflow_learning/venv/lib/python3.10/site-packages/airflow/example_dags/example_dynamic_task_mapping_with_no_taskflow_operators.py took 0.197 seconds
[2023-08-24T15:35:29.920+0100] {processor.py:157} INFO - Started process (PID=6293) to work on /home/samuel/dev/airflow_learning/venv/lib/python3.10/site-packages/airflow/example_dags/example_dynamic_task_mapping_with_no_taskflow_operators.py
[2023-08-24T15:35:29.947+0100] {processor.py:829} INFO - Processing file /home/samuel/dev/airflow_learning/venv/lib/python3.10/site-packages/airflow/example_dags/example_dynamic_task_mapping_with_no_taskflow_operators.py for tasks to queue
[2023-08-24T15:35:29.948+0100] {logging_mixin.py:151} INFO - [2023-08-24T15:35:29.948+0100] {dagbag.py:539} INFO - Filling up the DagBag from /home/samuel/dev/airflow_learning/venv/lib/python3.10/site-packages/airflow/example_dags/example_dynamic_task_mapping_with_no_taskflow_operators.py
[2023-08-24T15:35:29.959+0100] {processor.py:839} INFO - DAG(s) dict_keys(['example_dynamic_task_mapping_with_no_taskflow_operators']) retrieved from /home/samuel/dev/airflow_learning/venv/lib/python3.10/site-packages/airflow/example_dags/example_dynamic_task_mapping_with_no_taskflow_operators.py
[2023-08-24T15:35:29.981+0100] {logging_mixin.py:151} INFO - [2023-08-24T15:35:29.980+0100] {dag.py:2907} INFO - Sync 1 DAGs
[2023-08-24T15:35:30.005+0100] {logging_mixin.py:151} INFO - [2023-08-24T15:35:30.005+0100] {dag.py:3677} INFO - Setting next_dagrun for example_dynamic_task_mapping_with_no_taskflow_operators to 2023-08-23T14:35:30.004823+00:00, run_after=2023-08-24T14:35:30.004823+00:00
[2023-08-24T15:35:30.136+0100] {processor.py:179} INFO - Processing /home/samuel/dev/airflow_learning/venv/lib/python3.10/site-packages/airflow/example_dags/example_dynamic_task_mapping_with_no_taskflow_operators.py took 0.220 seconds
[2023-08-24T15:36:25.201+0100] {processor.py:157} INFO - Started process (PID=6350) to work on /home/samuel/dev/airflow_learning/venv/lib/python3.10/site-packages/airflow/example_dags/example_dynamic_task_mapping_with_no_taskflow_operators.py
[2023-08-24T15:36:25.230+0100] {processor.py:829} INFO - Processing file /home/samuel/dev/airflow_learning/venv/lib/python3.10/site-packages/airflow/example_dags/example_dynamic_task_mapping_with_no_taskflow_operators.py for tasks to queue
[2023-08-24T15:36:25.231+0100] {logging_mixin.py:151} INFO - [2023-08-24T15:36:25.230+0100] {dagbag.py:539} INFO - Filling up the DagBag from /home/samuel/dev/airflow_learning/venv/lib/python3.10/site-packages/airflow/example_dags/example_dynamic_task_mapping_with_no_taskflow_operators.py
[2023-08-24T15:36:25.240+0100] {processor.py:839} INFO - DAG(s) dict_keys(['example_dynamic_task_mapping_with_no_taskflow_operators']) retrieved from /home/samuel/dev/airflow_learning/venv/lib/python3.10/site-packages/airflow/example_dags/example_dynamic_task_mapping_with_no_taskflow_operators.py
[2023-08-24T15:36:25.258+0100] {logging_mixin.py:151} INFO - [2023-08-24T15:36:25.258+0100] {dag.py:2907} INFO - Sync 1 DAGs
[2023-08-24T15:36:25.280+0100] {logging_mixin.py:151} INFO - [2023-08-24T15:36:25.280+0100] {dag.py:3677} INFO - Setting next_dagrun for example_dynamic_task_mapping_with_no_taskflow_operators to 2023-08-23T14:36:25.280225+00:00, run_after=2023-08-24T14:36:25.280225+00:00
[2023-08-24T15:36:25.384+0100] {processor.py:179} INFO - Processing /home/samuel/dev/airflow_learning/venv/lib/python3.10/site-packages/airflow/example_dags/example_dynamic_task_mapping_with_no_taskflow_operators.py took 0.187 seconds
[2023-08-24T15:37:28.225+0100] {processor.py:157} INFO - Started process (PID=6403) to work on /home/samuel/dev/airflow_learning/venv/lib/python3.10/site-packages/airflow/example_dags/example_dynamic_task_mapping_with_no_taskflow_operators.py
[2023-08-24T15:37:28.227+0100] {processor.py:829} INFO - Processing file /home/samuel/dev/airflow_learning/venv/lib/python3.10/site-packages/airflow/example_dags/example_dynamic_task_mapping_with_no_taskflow_operators.py for tasks to queue
[2023-08-24T15:37:28.228+0100] {logging_mixin.py:151} INFO - [2023-08-24T15:37:28.227+0100] {dagbag.py:539} INFO - Filling up the DagBag from /home/samuel/dev/airflow_learning/venv/lib/python3.10/site-packages/airflow/example_dags/example_dynamic_task_mapping_with_no_taskflow_operators.py
[2023-08-24T15:37:28.237+0100] {processor.py:839} INFO - DAG(s) dict_keys(['example_dynamic_task_mapping_with_no_taskflow_operators']) retrieved from /home/samuel/dev/airflow_learning/venv/lib/python3.10/site-packages/airflow/example_dags/example_dynamic_task_mapping_with_no_taskflow_operators.py
[2023-08-24T15:37:28.255+0100] {logging_mixin.py:151} INFO - [2023-08-24T15:37:28.254+0100] {dag.py:2907} INFO - Sync 1 DAGs
[2023-08-24T15:37:28.274+0100] {logging_mixin.py:151} INFO - [2023-08-24T15:37:28.274+0100] {dag.py:3677} INFO - Setting next_dagrun for example_dynamic_task_mapping_with_no_taskflow_operators to 2023-08-23T14:37:28.273877+00:00, run_after=2023-08-24T14:37:28.273877+00:00
[2023-08-24T15:37:28.393+0100] {processor.py:179} INFO - Processing /home/samuel/dev/airflow_learning/venv/lib/python3.10/site-packages/airflow/example_dags/example_dynamic_task_mapping_with_no_taskflow_operators.py took 0.171 seconds
[2023-08-24T15:38:33.685+0100] {processor.py:157} INFO - Started process (PID=6466) to work on /home/samuel/dev/airflow_learning/venv/lib/python3.10/site-packages/airflow/example_dags/example_dynamic_task_mapping_with_no_taskflow_operators.py
[2023-08-24T15:38:33.712+0100] {processor.py:829} INFO - Processing file /home/samuel/dev/airflow_learning/venv/lib/python3.10/site-packages/airflow/example_dags/example_dynamic_task_mapping_with_no_taskflow_operators.py for tasks to queue
[2023-08-24T15:38:33.713+0100] {logging_mixin.py:151} INFO - [2023-08-24T15:38:33.712+0100] {dagbag.py:539} INFO - Filling up the DagBag from /home/samuel/dev/airflow_learning/venv/lib/python3.10/site-packages/airflow/example_dags/example_dynamic_task_mapping_with_no_taskflow_operators.py
[2023-08-24T15:38:33.722+0100] {processor.py:839} INFO - DAG(s) dict_keys(['example_dynamic_task_mapping_with_no_taskflow_operators']) retrieved from /home/samuel/dev/airflow_learning/venv/lib/python3.10/site-packages/airflow/example_dags/example_dynamic_task_mapping_with_no_taskflow_operators.py
[2023-08-24T15:38:33.740+0100] {logging_mixin.py:151} INFO - [2023-08-24T15:38:33.740+0100] {dag.py:2907} INFO - Sync 1 DAGs
[2023-08-24T15:38:33.763+0100] {logging_mixin.py:151} INFO - [2023-08-24T15:38:33.763+0100] {dag.py:3677} INFO - Setting next_dagrun for example_dynamic_task_mapping_with_no_taskflow_operators to 2023-08-23T14:38:33.763285+00:00, run_after=2023-08-24T14:38:33.763285+00:00
[2023-08-24T15:38:33.889+0100] {processor.py:179} INFO - Processing /home/samuel/dev/airflow_learning/venv/lib/python3.10/site-packages/airflow/example_dags/example_dynamic_task_mapping_with_no_taskflow_operators.py took 0.208 seconds
[2023-08-24T15:39:29.739+0100] {processor.py:157} INFO - Started process (PID=6521) to work on /home/samuel/dev/airflow_learning/venv/lib/python3.10/site-packages/airflow/example_dags/example_dynamic_task_mapping_with_no_taskflow_operators.py
[2023-08-24T15:39:29.772+0100] {processor.py:829} INFO - Processing file /home/samuel/dev/airflow_learning/venv/lib/python3.10/site-packages/airflow/example_dags/example_dynamic_task_mapping_with_no_taskflow_operators.py for tasks to queue
[2023-08-24T15:39:29.773+0100] {logging_mixin.py:151} INFO - [2023-08-24T15:39:29.772+0100] {dagbag.py:539} INFO - Filling up the DagBag from /home/samuel/dev/airflow_learning/venv/lib/python3.10/site-packages/airflow/example_dags/example_dynamic_task_mapping_with_no_taskflow_operators.py
[2023-08-24T15:39:29.783+0100] {processor.py:839} INFO - DAG(s) dict_keys(['example_dynamic_task_mapping_with_no_taskflow_operators']) retrieved from /home/samuel/dev/airflow_learning/venv/lib/python3.10/site-packages/airflow/example_dags/example_dynamic_task_mapping_with_no_taskflow_operators.py
[2023-08-24T15:39:29.802+0100] {logging_mixin.py:151} INFO - [2023-08-24T15:39:29.802+0100] {dag.py:2907} INFO - Sync 1 DAGs
[2023-08-24T15:39:29.825+0100] {logging_mixin.py:151} INFO - [2023-08-24T15:39:29.825+0100] {dag.py:3677} INFO - Setting next_dagrun for example_dynamic_task_mapping_with_no_taskflow_operators to 2023-08-23T14:39:29.825240+00:00, run_after=2023-08-24T14:39:29.825240+00:00
[2023-08-24T15:39:29.954+0100] {processor.py:179} INFO - Processing /home/samuel/dev/airflow_learning/venv/lib/python3.10/site-packages/airflow/example_dags/example_dynamic_task_mapping_with_no_taskflow_operators.py took 0.219 seconds
[2023-08-24T15:40:37.334+0100] {processor.py:157} INFO - Started process (PID=6604) to work on /home/samuel/dev/airflow_learning/venv/lib/python3.10/site-packages/airflow/example_dags/example_dynamic_task_mapping_with_no_taskflow_operators.py
[2023-08-24T15:40:37.355+0100] {processor.py:829} INFO - Processing file /home/samuel/dev/airflow_learning/venv/lib/python3.10/site-packages/airflow/example_dags/example_dynamic_task_mapping_with_no_taskflow_operators.py for tasks to queue
[2023-08-24T15:40:37.356+0100] {logging_mixin.py:151} INFO - [2023-08-24T15:40:37.356+0100] {dagbag.py:539} INFO - Filling up the DagBag from /home/samuel/dev/airflow_learning/venv/lib/python3.10/site-packages/airflow/example_dags/example_dynamic_task_mapping_with_no_taskflow_operators.py
[2023-08-24T15:40:37.365+0100] {processor.py:839} INFO - DAG(s) dict_keys(['example_dynamic_task_mapping_with_no_taskflow_operators']) retrieved from /home/samuel/dev/airflow_learning/venv/lib/python3.10/site-packages/airflow/example_dags/example_dynamic_task_mapping_with_no_taskflow_operators.py
[2023-08-24T15:40:37.383+0100] {logging_mixin.py:151} INFO - [2023-08-24T15:40:37.383+0100] {dag.py:2907} INFO - Sync 1 DAGs
[2023-08-24T15:40:37.405+0100] {logging_mixin.py:151} INFO - [2023-08-24T15:40:37.404+0100] {dag.py:3677} INFO - Setting next_dagrun for example_dynamic_task_mapping_with_no_taskflow_operators to 2023-08-23T14:40:37.404566+00:00, run_after=2023-08-24T14:40:37.404566+00:00
[2023-08-24T15:40:37.517+0100] {processor.py:179} INFO - Processing /home/samuel/dev/airflow_learning/venv/lib/python3.10/site-packages/airflow/example_dags/example_dynamic_task_mapping_with_no_taskflow_operators.py took 0.186 seconds
[2023-08-24T15:41:32.981+0100] {processor.py:157} INFO - Started process (PID=6656) to work on /home/samuel/dev/airflow_learning/venv/lib/python3.10/site-packages/airflow/example_dags/example_dynamic_task_mapping_with_no_taskflow_operators.py
[2023-08-24T15:41:33.000+0100] {processor.py:829} INFO - Processing file /home/samuel/dev/airflow_learning/venv/lib/python3.10/site-packages/airflow/example_dags/example_dynamic_task_mapping_with_no_taskflow_operators.py for tasks to queue
[2023-08-24T15:41:33.002+0100] {logging_mixin.py:151} INFO - [2023-08-24T15:41:33.001+0100] {dagbag.py:539} INFO - Filling up the DagBag from /home/samuel/dev/airflow_learning/venv/lib/python3.10/site-packages/airflow/example_dags/example_dynamic_task_mapping_with_no_taskflow_operators.py
[2023-08-24T15:41:33.010+0100] {processor.py:839} INFO - DAG(s) dict_keys(['example_dynamic_task_mapping_with_no_taskflow_operators']) retrieved from /home/samuel/dev/airflow_learning/venv/lib/python3.10/site-packages/airflow/example_dags/example_dynamic_task_mapping_with_no_taskflow_operators.py
[2023-08-24T15:41:33.028+0100] {logging_mixin.py:151} INFO - [2023-08-24T15:41:33.028+0100] {dag.py:2907} INFO - Sync 1 DAGs
[2023-08-24T15:41:33.051+0100] {logging_mixin.py:151} INFO - [2023-08-24T15:41:33.050+0100] {dag.py:3677} INFO - Setting next_dagrun for example_dynamic_task_mapping_with_no_taskflow_operators to 2023-08-23T14:41:33.050469+00:00, run_after=2023-08-24T14:41:33.050469+00:00
[2023-08-24T15:41:33.164+0100] {processor.py:179} INFO - Processing /home/samuel/dev/airflow_learning/venv/lib/python3.10/site-packages/airflow/example_dags/example_dynamic_task_mapping_with_no_taskflow_operators.py took 0.187 seconds
[2023-08-24T15:42:49.601+0100] {processor.py:157} INFO - Started process (PID=6793) to work on /home/samuel/dev/airflow_learning/venv/lib/python3.10/site-packages/airflow/example_dags/example_dynamic_task_mapping_with_no_taskflow_operators.py
[2023-08-24T15:42:49.632+0100] {processor.py:829} INFO - Processing file /home/samuel/dev/airflow_learning/venv/lib/python3.10/site-packages/airflow/example_dags/example_dynamic_task_mapping_with_no_taskflow_operators.py for tasks to queue
[2023-08-24T15:42:49.633+0100] {logging_mixin.py:151} INFO - [2023-08-24T15:42:49.632+0100] {dagbag.py:539} INFO - Filling up the DagBag from /home/samuel/dev/airflow_learning/venv/lib/python3.10/site-packages/airflow/example_dags/example_dynamic_task_mapping_with_no_taskflow_operators.py
[2023-08-24T15:42:49.643+0100] {processor.py:839} INFO - DAG(s) dict_keys(['example_dynamic_task_mapping_with_no_taskflow_operators']) retrieved from /home/samuel/dev/airflow_learning/venv/lib/python3.10/site-packages/airflow/example_dags/example_dynamic_task_mapping_with_no_taskflow_operators.py
[2023-08-24T15:42:49.661+0100] {logging_mixin.py:151} INFO - [2023-08-24T15:42:49.661+0100] {dag.py:2907} INFO - Sync 1 DAGs
[2023-08-24T15:42:49.684+0100] {logging_mixin.py:151} INFO - [2023-08-24T15:42:49.684+0100] {dag.py:3677} INFO - Setting next_dagrun for example_dynamic_task_mapping_with_no_taskflow_operators to 2023-08-23T14:42:49.684092+00:00, run_after=2023-08-24T14:42:49.684092+00:00
[2023-08-24T15:42:50.010+0100] {processor.py:179} INFO - Processing /home/samuel/dev/airflow_learning/venv/lib/python3.10/site-packages/airflow/example_dags/example_dynamic_task_mapping_with_no_taskflow_operators.py took 0.413 seconds
[2023-08-24T15:43:43.438+0100] {processor.py:157} INFO - Started process (PID=6844) to work on /home/samuel/dev/airflow_learning/venv/lib/python3.10/site-packages/airflow/example_dags/example_dynamic_task_mapping_with_no_taskflow_operators.py
[2023-08-24T15:43:43.456+0100] {processor.py:829} INFO - Processing file /home/samuel/dev/airflow_learning/venv/lib/python3.10/site-packages/airflow/example_dags/example_dynamic_task_mapping_with_no_taskflow_operators.py for tasks to queue
[2023-08-24T15:43:43.457+0100] {logging_mixin.py:151} INFO - [2023-08-24T15:43:43.457+0100] {dagbag.py:539} INFO - Filling up the DagBag from /home/samuel/dev/airflow_learning/venv/lib/python3.10/site-packages/airflow/example_dags/example_dynamic_task_mapping_with_no_taskflow_operators.py
[2023-08-24T15:43:43.467+0100] {processor.py:839} INFO - DAG(s) dict_keys(['example_dynamic_task_mapping_with_no_taskflow_operators']) retrieved from /home/samuel/dev/airflow_learning/venv/lib/python3.10/site-packages/airflow/example_dags/example_dynamic_task_mapping_with_no_taskflow_operators.py
[2023-08-24T15:43:43.486+0100] {logging_mixin.py:151} INFO - [2023-08-24T15:43:43.486+0100] {dag.py:2907} INFO - Sync 1 DAGs
[2023-08-24T15:43:43.508+0100] {logging_mixin.py:151} INFO - [2023-08-24T15:43:43.507+0100] {dag.py:3677} INFO - Setting next_dagrun for example_dynamic_task_mapping_with_no_taskflow_operators to 2023-08-23T14:43:43.507565+00:00, run_after=2023-08-24T14:43:43.507565+00:00
[2023-08-24T15:43:43.634+0100] {processor.py:179} INFO - Processing /home/samuel/dev/airflow_learning/venv/lib/python3.10/site-packages/airflow/example_dags/example_dynamic_task_mapping_with_no_taskflow_operators.py took 0.200 seconds
[2023-08-24T15:44:36.590+0100] {processor.py:157} INFO - Started process (PID=6894) to work on /home/samuel/dev/airflow_learning/venv/lib/python3.10/site-packages/airflow/example_dags/example_dynamic_task_mapping_with_no_taskflow_operators.py
[2023-08-24T15:44:36.593+0100] {processor.py:829} INFO - Processing file /home/samuel/dev/airflow_learning/venv/lib/python3.10/site-packages/airflow/example_dags/example_dynamic_task_mapping_with_no_taskflow_operators.py for tasks to queue
[2023-08-24T15:44:36.594+0100] {logging_mixin.py:151} INFO - [2023-08-24T15:44:36.593+0100] {dagbag.py:539} INFO - Filling up the DagBag from /home/samuel/dev/airflow_learning/venv/lib/python3.10/site-packages/airflow/example_dags/example_dynamic_task_mapping_with_no_taskflow_operators.py
[2023-08-24T15:44:36.603+0100] {processor.py:839} INFO - DAG(s) dict_keys(['example_dynamic_task_mapping_with_no_taskflow_operators']) retrieved from /home/samuel/dev/airflow_learning/venv/lib/python3.10/site-packages/airflow/example_dags/example_dynamic_task_mapping_with_no_taskflow_operators.py
[2023-08-24T15:44:36.620+0100] {logging_mixin.py:151} INFO - [2023-08-24T15:44:36.620+0100] {dag.py:2907} INFO - Sync 1 DAGs
[2023-08-24T15:44:36.640+0100] {logging_mixin.py:151} INFO - [2023-08-24T15:44:36.640+0100] {dag.py:3677} INFO - Setting next_dagrun for example_dynamic_task_mapping_with_no_taskflow_operators to 2023-08-23T14:44:36.640385+00:00, run_after=2023-08-24T14:44:36.640385+00:00
[2023-08-24T15:44:36.781+0100] {processor.py:179} INFO - Processing /home/samuel/dev/airflow_learning/venv/lib/python3.10/site-packages/airflow/example_dags/example_dynamic_task_mapping_with_no_taskflow_operators.py took 0.195 seconds
[2023-08-24T15:45:53.518+0100] {processor.py:157} INFO - Started process (PID=6968) to work on /home/samuel/dev/airflow_learning/venv/lib/python3.10/site-packages/airflow/example_dags/example_dynamic_task_mapping_with_no_taskflow_operators.py
[2023-08-24T15:45:53.543+0100] {processor.py:829} INFO - Processing file /home/samuel/dev/airflow_learning/venv/lib/python3.10/site-packages/airflow/example_dags/example_dynamic_task_mapping_with_no_taskflow_operators.py for tasks to queue
[2023-08-24T15:45:53.544+0100] {logging_mixin.py:151} INFO - [2023-08-24T15:45:53.544+0100] {dagbag.py:539} INFO - Filling up the DagBag from /home/samuel/dev/airflow_learning/venv/lib/python3.10/site-packages/airflow/example_dags/example_dynamic_task_mapping_with_no_taskflow_operators.py
[2023-08-24T15:45:53.553+0100] {processor.py:839} INFO - DAG(s) dict_keys(['example_dynamic_task_mapping_with_no_taskflow_operators']) retrieved from /home/samuel/dev/airflow_learning/venv/lib/python3.10/site-packages/airflow/example_dags/example_dynamic_task_mapping_with_no_taskflow_operators.py
[2023-08-24T15:45:53.572+0100] {logging_mixin.py:151} INFO - [2023-08-24T15:45:53.572+0100] {dag.py:2907} INFO - Sync 1 DAGs
[2023-08-24T15:45:53.593+0100] {logging_mixin.py:151} INFO - [2023-08-24T15:45:53.593+0100] {dag.py:3677} INFO - Setting next_dagrun for example_dynamic_task_mapping_with_no_taskflow_operators to 2023-08-23T14:45:53.593495+00:00, run_after=2023-08-24T14:45:53.593495+00:00
[2023-08-24T15:45:53.701+0100] {processor.py:179} INFO - Processing /home/samuel/dev/airflow_learning/venv/lib/python3.10/site-packages/airflow/example_dags/example_dynamic_task_mapping_with_no_taskflow_operators.py took 0.187 seconds
[2023-08-24T15:46:48.961+0100] {processor.py:157} INFO - Started process (PID=7019) to work on /home/samuel/dev/airflow_learning/venv/lib/python3.10/site-packages/airflow/example_dags/example_dynamic_task_mapping_with_no_taskflow_operators.py
[2023-08-24T15:46:48.964+0100] {processor.py:829} INFO - Processing file /home/samuel/dev/airflow_learning/venv/lib/python3.10/site-packages/airflow/example_dags/example_dynamic_task_mapping_with_no_taskflow_operators.py for tasks to queue
[2023-08-24T15:46:48.965+0100] {logging_mixin.py:151} INFO - [2023-08-24T15:46:48.964+0100] {dagbag.py:539} INFO - Filling up the DagBag from /home/samuel/dev/airflow_learning/venv/lib/python3.10/site-packages/airflow/example_dags/example_dynamic_task_mapping_with_no_taskflow_operators.py
[2023-08-24T15:46:48.974+0100] {processor.py:839} INFO - DAG(s) dict_keys(['example_dynamic_task_mapping_with_no_taskflow_operators']) retrieved from /home/samuel/dev/airflow_learning/venv/lib/python3.10/site-packages/airflow/example_dags/example_dynamic_task_mapping_with_no_taskflow_operators.py
[2023-08-24T15:46:48.991+0100] {logging_mixin.py:151} INFO - [2023-08-24T15:46:48.991+0100] {dag.py:2907} INFO - Sync 1 DAGs
[2023-08-24T15:46:49.011+0100] {logging_mixin.py:151} INFO - [2023-08-24T15:46:49.011+0100] {dag.py:3677} INFO - Setting next_dagrun for example_dynamic_task_mapping_with_no_taskflow_operators to 2023-08-23T14:46:49.011153+00:00, run_after=2023-08-24T14:46:49.011153+00:00
[2023-08-24T15:46:49.140+0100] {processor.py:179} INFO - Processing /home/samuel/dev/airflow_learning/venv/lib/python3.10/site-packages/airflow/example_dags/example_dynamic_task_mapping_with_no_taskflow_operators.py took 0.182 seconds
[2023-08-24T15:48:05.550+0100] {processor.py:157} INFO - Started process (PID=7111) to work on /home/samuel/dev/airflow_learning/venv/lib/python3.10/site-packages/airflow/example_dags/example_dynamic_task_mapping_with_no_taskflow_operators.py
[2023-08-24T15:48:05.579+0100] {processor.py:829} INFO - Processing file /home/samuel/dev/airflow_learning/venv/lib/python3.10/site-packages/airflow/example_dags/example_dynamic_task_mapping_with_no_taskflow_operators.py for tasks to queue
[2023-08-24T15:48:05.580+0100] {logging_mixin.py:151} INFO - [2023-08-24T15:48:05.580+0100] {dagbag.py:539} INFO - Filling up the DagBag from /home/samuel/dev/airflow_learning/venv/lib/python3.10/site-packages/airflow/example_dags/example_dynamic_task_mapping_with_no_taskflow_operators.py
[2023-08-24T15:48:05.590+0100] {processor.py:839} INFO - DAG(s) dict_keys(['example_dynamic_task_mapping_with_no_taskflow_operators']) retrieved from /home/samuel/dev/airflow_learning/venv/lib/python3.10/site-packages/airflow/example_dags/example_dynamic_task_mapping_with_no_taskflow_operators.py
[2023-08-24T15:48:05.608+0100] {logging_mixin.py:151} INFO - [2023-08-24T15:48:05.608+0100] {dag.py:2907} INFO - Sync 1 DAGs
[2023-08-24T15:48:05.631+0100] {logging_mixin.py:151} INFO - [2023-08-24T15:48:05.631+0100] {dag.py:3677} INFO - Setting next_dagrun for example_dynamic_task_mapping_with_no_taskflow_operators to 2023-08-23T14:48:05.630929+00:00, run_after=2023-08-24T14:48:05.630929+00:00
[2023-08-24T15:48:05.748+0100] {processor.py:179} INFO - Processing /home/samuel/dev/airflow_learning/venv/lib/python3.10/site-packages/airflow/example_dags/example_dynamic_task_mapping_with_no_taskflow_operators.py took 0.201 seconds
[2023-08-24T15:49:01.421+0100] {processor.py:157} INFO - Started process (PID=7163) to work on /home/samuel/dev/airflow_learning/venv/lib/python3.10/site-packages/airflow/example_dags/example_dynamic_task_mapping_with_no_taskflow_operators.py
[2023-08-24T15:49:01.424+0100] {processor.py:829} INFO - Processing file /home/samuel/dev/airflow_learning/venv/lib/python3.10/site-packages/airflow/example_dags/example_dynamic_task_mapping_with_no_taskflow_operators.py for tasks to queue
[2023-08-24T15:49:01.425+0100] {logging_mixin.py:151} INFO - [2023-08-24T15:49:01.425+0100] {dagbag.py:539} INFO - Filling up the DagBag from /home/samuel/dev/airflow_learning/venv/lib/python3.10/site-packages/airflow/example_dags/example_dynamic_task_mapping_with_no_taskflow_operators.py
[2023-08-24T15:49:01.434+0100] {processor.py:839} INFO - DAG(s) dict_keys(['example_dynamic_task_mapping_with_no_taskflow_operators']) retrieved from /home/samuel/dev/airflow_learning/venv/lib/python3.10/site-packages/airflow/example_dags/example_dynamic_task_mapping_with_no_taskflow_operators.py
[2023-08-24T15:49:01.452+0100] {logging_mixin.py:151} INFO - [2023-08-24T15:49:01.452+0100] {dag.py:2907} INFO - Sync 1 DAGs
[2023-08-24T15:49:01.472+0100] {logging_mixin.py:151} INFO - [2023-08-24T15:49:01.472+0100] {dag.py:3677} INFO - Setting next_dagrun for example_dynamic_task_mapping_with_no_taskflow_operators to 2023-08-23T14:49:01.471824+00:00, run_after=2023-08-24T14:49:01.471824+00:00
[2023-08-24T15:49:01.607+0100] {processor.py:179} INFO - Processing /home/samuel/dev/airflow_learning/venv/lib/python3.10/site-packages/airflow/example_dags/example_dynamic_task_mapping_with_no_taskflow_operators.py took 0.189 seconds
[2023-08-24T15:50:12.170+0100] {processor.py:157} INFO - Started process (PID=7230) to work on /home/samuel/dev/airflow_learning/venv/lib/python3.10/site-packages/airflow/example_dags/example_dynamic_task_mapping_with_no_taskflow_operators.py
[2023-08-24T15:50:12.173+0100] {processor.py:829} INFO - Processing file /home/samuel/dev/airflow_learning/venv/lib/python3.10/site-packages/airflow/example_dags/example_dynamic_task_mapping_with_no_taskflow_operators.py for tasks to queue
[2023-08-24T15:50:12.174+0100] {logging_mixin.py:151} INFO - [2023-08-24T15:50:12.173+0100] {dagbag.py:539} INFO - Filling up the DagBag from /home/samuel/dev/airflow_learning/venv/lib/python3.10/site-packages/airflow/example_dags/example_dynamic_task_mapping_with_no_taskflow_operators.py
[2023-08-24T15:50:12.183+0100] {processor.py:839} INFO - DAG(s) dict_keys(['example_dynamic_task_mapping_with_no_taskflow_operators']) retrieved from /home/samuel/dev/airflow_learning/venv/lib/python3.10/site-packages/airflow/example_dags/example_dynamic_task_mapping_with_no_taskflow_operators.py
[2023-08-24T15:50:12.199+0100] {logging_mixin.py:151} INFO - [2023-08-24T15:50:12.199+0100] {dag.py:2907} INFO - Sync 1 DAGs
[2023-08-24T15:50:12.218+0100] {logging_mixin.py:151} INFO - [2023-08-24T15:50:12.218+0100] {dag.py:3677} INFO - Setting next_dagrun for example_dynamic_task_mapping_with_no_taskflow_operators to 2023-08-23T14:50:12.218379+00:00, run_after=2023-08-24T14:50:12.218379+00:00
[2023-08-24T15:50:12.342+0100] {processor.py:179} INFO - Processing /home/samuel/dev/airflow_learning/venv/lib/python3.10/site-packages/airflow/example_dags/example_dynamic_task_mapping_with_no_taskflow_operators.py took 0.176 seconds
[2023-08-24T15:51:06.466+0100] {processor.py:157} INFO - Started process (PID=7279) to work on /home/samuel/dev/airflow_learning/venv/lib/python3.10/site-packages/airflow/example_dags/example_dynamic_task_mapping_with_no_taskflow_operators.py
[2023-08-24T15:51:06.500+0100] {processor.py:829} INFO - Processing file /home/samuel/dev/airflow_learning/venv/lib/python3.10/site-packages/airflow/example_dags/example_dynamic_task_mapping_with_no_taskflow_operators.py for tasks to queue
[2023-08-24T15:51:06.501+0100] {logging_mixin.py:151} INFO - [2023-08-24T15:51:06.500+0100] {dagbag.py:539} INFO - Filling up the DagBag from /home/samuel/dev/airflow_learning/venv/lib/python3.10/site-packages/airflow/example_dags/example_dynamic_task_mapping_with_no_taskflow_operators.py
[2023-08-24T15:51:06.510+0100] {processor.py:839} INFO - DAG(s) dict_keys(['example_dynamic_task_mapping_with_no_taskflow_operators']) retrieved from /home/samuel/dev/airflow_learning/venv/lib/python3.10/site-packages/airflow/example_dags/example_dynamic_task_mapping_with_no_taskflow_operators.py
[2023-08-24T15:51:06.528+0100] {logging_mixin.py:151} INFO - [2023-08-24T15:51:06.528+0100] {dag.py:2907} INFO - Sync 1 DAGs
[2023-08-24T15:51:06.553+0100] {logging_mixin.py:151} INFO - [2023-08-24T15:51:06.552+0100] {dag.py:3677} INFO - Setting next_dagrun for example_dynamic_task_mapping_with_no_taskflow_operators to 2023-08-23T14:51:06.552484+00:00, run_after=2023-08-24T14:51:06.552484+00:00
[2023-08-24T15:51:06.675+0100] {processor.py:179} INFO - Processing /home/samuel/dev/airflow_learning/venv/lib/python3.10/site-packages/airflow/example_dags/example_dynamic_task_mapping_with_no_taskflow_operators.py took 0.212 seconds
[2023-08-24T15:51:58.382+0100] {processor.py:157} INFO - Started process (PID=7336) to work on /home/samuel/dev/airflow_learning/venv/lib/python3.10/site-packages/airflow/example_dags/example_dynamic_task_mapping_with_no_taskflow_operators.py
[2023-08-24T15:51:58.402+0100] {processor.py:829} INFO - Processing file /home/samuel/dev/airflow_learning/venv/lib/python3.10/site-packages/airflow/example_dags/example_dynamic_task_mapping_with_no_taskflow_operators.py for tasks to queue
[2023-08-24T15:51:58.403+0100] {logging_mixin.py:151} INFO - [2023-08-24T15:51:58.402+0100] {dagbag.py:539} INFO - Filling up the DagBag from /home/samuel/dev/airflow_learning/venv/lib/python3.10/site-packages/airflow/example_dags/example_dynamic_task_mapping_with_no_taskflow_operators.py
[2023-08-24T15:51:58.412+0100] {processor.py:839} INFO - DAG(s) dict_keys(['example_dynamic_task_mapping_with_no_taskflow_operators']) retrieved from /home/samuel/dev/airflow_learning/venv/lib/python3.10/site-packages/airflow/example_dags/example_dynamic_task_mapping_with_no_taskflow_operators.py
[2023-08-24T15:51:58.430+0100] {logging_mixin.py:151} INFO - [2023-08-24T15:51:58.429+0100] {dag.py:2907} INFO - Sync 1 DAGs
[2023-08-24T15:51:58.451+0100] {logging_mixin.py:151} INFO - [2023-08-24T15:51:58.450+0100] {dag.py:3677} INFO - Setting next_dagrun for example_dynamic_task_mapping_with_no_taskflow_operators to 2023-08-23T14:51:58.450664+00:00, run_after=2023-08-24T14:51:58.450664+00:00
[2023-08-24T15:51:58.575+0100] {processor.py:179} INFO - Processing /home/samuel/dev/airflow_learning/venv/lib/python3.10/site-packages/airflow/example_dags/example_dynamic_task_mapping_with_no_taskflow_operators.py took 0.197 seconds
[2023-08-24T15:53:11.222+0100] {processor.py:157} INFO - Started process (PID=7412) to work on /home/samuel/dev/airflow_learning/venv/lib/python3.10/site-packages/airflow/example_dags/example_dynamic_task_mapping_with_no_taskflow_operators.py
[2023-08-24T15:53:11.239+0100] {processor.py:829} INFO - Processing file /home/samuel/dev/airflow_learning/venv/lib/python3.10/site-packages/airflow/example_dags/example_dynamic_task_mapping_with_no_taskflow_operators.py for tasks to queue
[2023-08-24T15:53:11.240+0100] {logging_mixin.py:151} INFO - [2023-08-24T15:53:11.240+0100] {dagbag.py:539} INFO - Filling up the DagBag from /home/samuel/dev/airflow_learning/venv/lib/python3.10/site-packages/airflow/example_dags/example_dynamic_task_mapping_with_no_taskflow_operators.py
[2023-08-24T15:53:11.247+0100] {processor.py:839} INFO - DAG(s) dict_keys(['example_dynamic_task_mapping_with_no_taskflow_operators']) retrieved from /home/samuel/dev/airflow_learning/venv/lib/python3.10/site-packages/airflow/example_dags/example_dynamic_task_mapping_with_no_taskflow_operators.py
[2023-08-24T15:53:11.261+0100] {logging_mixin.py:151} INFO - [2023-08-24T15:53:11.261+0100] {dag.py:2907} INFO - Sync 1 DAGs
[2023-08-24T15:53:11.279+0100] {logging_mixin.py:151} INFO - [2023-08-24T15:53:11.279+0100] {dag.py:3677} INFO - Setting next_dagrun for example_dynamic_task_mapping_with_no_taskflow_operators to 2023-08-23T14:53:11.278940+00:00, run_after=2023-08-24T14:53:11.278940+00:00
[2023-08-24T15:53:11.383+0100] {processor.py:179} INFO - Processing /home/samuel/dev/airflow_learning/venv/lib/python3.10/site-packages/airflow/example_dags/example_dynamic_task_mapping_with_no_taskflow_operators.py took 0.163 seconds
[2023-08-24T15:54:07.301+0100] {processor.py:157} INFO - Started process (PID=7547) to work on /home/samuel/dev/airflow_learning/venv/lib/python3.10/site-packages/airflow/example_dags/example_dynamic_task_mapping_with_no_taskflow_operators.py
[2023-08-24T15:54:07.377+0100] {processor.py:829} INFO - Processing file /home/samuel/dev/airflow_learning/venv/lib/python3.10/site-packages/airflow/example_dags/example_dynamic_task_mapping_with_no_taskflow_operators.py for tasks to queue
[2023-08-24T15:54:07.378+0100] {logging_mixin.py:151} INFO - [2023-08-24T15:54:07.377+0100] {dagbag.py:539} INFO - Filling up the DagBag from /home/samuel/dev/airflow_learning/venv/lib/python3.10/site-packages/airflow/example_dags/example_dynamic_task_mapping_with_no_taskflow_operators.py
[2023-08-24T15:54:07.390+0100] {processor.py:839} INFO - DAG(s) dict_keys(['example_dynamic_task_mapping_with_no_taskflow_operators']) retrieved from /home/samuel/dev/airflow_learning/venv/lib/python3.10/site-packages/airflow/example_dags/example_dynamic_task_mapping_with_no_taskflow_operators.py
[2023-08-24T15:54:08.576+0100] {logging_mixin.py:151} INFO - [2023-08-24T15:54:08.575+0100] {dag.py:2907} INFO - Sync 1 DAGs
[2023-08-24T15:54:09.769+0100] {logging_mixin.py:151} INFO - [2023-08-24T15:54:09.768+0100] {dag.py:3677} INFO - Setting next_dagrun for example_dynamic_task_mapping_with_no_taskflow_operators to 2023-08-23T14:54:09.768468+00:00, run_after=2023-08-24T14:54:09.768468+00:00
[2023-08-24T15:54:10.480+0100] {processor.py:179} INFO - Processing /home/samuel/dev/airflow_learning/venv/lib/python3.10/site-packages/airflow/example_dags/example_dynamic_task_mapping_with_no_taskflow_operators.py took 3.185 seconds
[2023-08-24T15:55:11.162+0100] {processor.py:157} INFO - Started process (PID=7620) to work on /home/samuel/dev/airflow_learning/venv/lib/python3.10/site-packages/airflow/example_dags/example_dynamic_task_mapping_with_no_taskflow_operators.py
[2023-08-24T15:55:11.171+0100] {processor.py:829} INFO - Processing file /home/samuel/dev/airflow_learning/venv/lib/python3.10/site-packages/airflow/example_dags/example_dynamic_task_mapping_with_no_taskflow_operators.py for tasks to queue
[2023-08-24T15:55:11.172+0100] {logging_mixin.py:151} INFO - [2023-08-24T15:55:11.172+0100] {dagbag.py:539} INFO - Filling up the DagBag from /home/samuel/dev/airflow_learning/venv/lib/python3.10/site-packages/airflow/example_dags/example_dynamic_task_mapping_with_no_taskflow_operators.py
[2023-08-24T15:55:11.181+0100] {processor.py:839} INFO - DAG(s) dict_keys(['example_dynamic_task_mapping_with_no_taskflow_operators']) retrieved from /home/samuel/dev/airflow_learning/venv/lib/python3.10/site-packages/airflow/example_dags/example_dynamic_task_mapping_with_no_taskflow_operators.py
[2023-08-24T15:55:11.198+0100] {logging_mixin.py:151} INFO - [2023-08-24T15:55:11.198+0100] {dag.py:2907} INFO - Sync 1 DAGs
[2023-08-24T15:55:11.219+0100] {logging_mixin.py:151} INFO - [2023-08-24T15:55:11.218+0100] {dag.py:3677} INFO - Setting next_dagrun for example_dynamic_task_mapping_with_no_taskflow_operators to 2023-08-23T14:55:11.218681+00:00, run_after=2023-08-24T14:55:11.218681+00:00
[2023-08-24T15:55:11.324+0100] {processor.py:179} INFO - Processing /home/samuel/dev/airflow_learning/venv/lib/python3.10/site-packages/airflow/example_dags/example_dynamic_task_mapping_with_no_taskflow_operators.py took 0.166 seconds
[2023-08-24T15:56:08.135+0100] {processor.py:157} INFO - Started process (PID=7752) to work on /home/samuel/dev/airflow_learning/venv/lib/python3.10/site-packages/airflow/example_dags/example_dynamic_task_mapping_with_no_taskflow_operators.py
[2023-08-24T15:56:08.152+0100] {processor.py:829} INFO - Processing file /home/samuel/dev/airflow_learning/venv/lib/python3.10/site-packages/airflow/example_dags/example_dynamic_task_mapping_with_no_taskflow_operators.py for tasks to queue
[2023-08-24T15:56:08.153+0100] {logging_mixin.py:151} INFO - [2023-08-24T15:56:08.153+0100] {dagbag.py:539} INFO - Filling up the DagBag from /home/samuel/dev/airflow_learning/venv/lib/python3.10/site-packages/airflow/example_dags/example_dynamic_task_mapping_with_no_taskflow_operators.py
[2023-08-24T15:56:08.162+0100] {processor.py:839} INFO - DAG(s) dict_keys(['example_dynamic_task_mapping_with_no_taskflow_operators']) retrieved from /home/samuel/dev/airflow_learning/venv/lib/python3.10/site-packages/airflow/example_dags/example_dynamic_task_mapping_with_no_taskflow_operators.py
[2023-08-24T15:56:08.181+0100] {logging_mixin.py:151} INFO - [2023-08-24T15:56:08.181+0100] {dag.py:2907} INFO - Sync 1 DAGs
[2023-08-24T15:56:08.203+0100] {logging_mixin.py:151} INFO - [2023-08-24T15:56:08.203+0100] {dag.py:3677} INFO - Setting next_dagrun for example_dynamic_task_mapping_with_no_taskflow_operators to 2023-08-23T14:56:08.203391+00:00, run_after=2023-08-24T14:56:08.203391+00:00
[2023-08-24T15:56:08.321+0100] {processor.py:179} INFO - Processing /home/samuel/dev/airflow_learning/venv/lib/python3.10/site-packages/airflow/example_dags/example_dynamic_task_mapping_with_no_taskflow_operators.py took 0.190 seconds
[2023-08-24T15:57:01.835+0100] {processor.py:157} INFO - Started process (PID=7863) to work on /home/samuel/dev/airflow_learning/venv/lib/python3.10/site-packages/airflow/example_dags/example_dynamic_task_mapping_with_no_taskflow_operators.py
[2023-08-24T15:57:01.848+0100] {processor.py:829} INFO - Processing file /home/samuel/dev/airflow_learning/venv/lib/python3.10/site-packages/airflow/example_dags/example_dynamic_task_mapping_with_no_taskflow_operators.py for tasks to queue
[2023-08-24T15:57:01.849+0100] {logging_mixin.py:151} INFO - [2023-08-24T15:57:01.848+0100] {dagbag.py:539} INFO - Filling up the DagBag from /home/samuel/dev/airflow_learning/venv/lib/python3.10/site-packages/airflow/example_dags/example_dynamic_task_mapping_with_no_taskflow_operators.py
[2023-08-24T15:57:01.858+0100] {processor.py:839} INFO - DAG(s) dict_keys(['example_dynamic_task_mapping_with_no_taskflow_operators']) retrieved from /home/samuel/dev/airflow_learning/venv/lib/python3.10/site-packages/airflow/example_dags/example_dynamic_task_mapping_with_no_taskflow_operators.py
[2023-08-24T15:57:01.876+0100] {logging_mixin.py:151} INFO - [2023-08-24T15:57:01.876+0100] {dag.py:2907} INFO - Sync 1 DAGs
[2023-08-24T15:57:01.899+0100] {logging_mixin.py:151} INFO - [2023-08-24T15:57:01.899+0100] {dag.py:3677} INFO - Setting next_dagrun for example_dynamic_task_mapping_with_no_taskflow_operators to 2023-08-23T14:57:01.899010+00:00, run_after=2023-08-24T14:57:01.899010+00:00
[2023-08-24T15:57:02.015+0100] {processor.py:179} INFO - Processing /home/samuel/dev/airflow_learning/venv/lib/python3.10/site-packages/airflow/example_dags/example_dynamic_task_mapping_with_no_taskflow_operators.py took 0.184 seconds
[2023-08-24T15:58:15.009+0100] {processor.py:157} INFO - Started process (PID=7935) to work on /home/samuel/dev/airflow_learning/venv/lib/python3.10/site-packages/airflow/example_dags/example_dynamic_task_mapping_with_no_taskflow_operators.py
[2023-08-24T15:58:15.041+0100] {processor.py:829} INFO - Processing file /home/samuel/dev/airflow_learning/venv/lib/python3.10/site-packages/airflow/example_dags/example_dynamic_task_mapping_with_no_taskflow_operators.py for tasks to queue
[2023-08-24T15:58:15.042+0100] {logging_mixin.py:151} INFO - [2023-08-24T15:58:15.042+0100] {dagbag.py:539} INFO - Filling up the DagBag from /home/samuel/dev/airflow_learning/venv/lib/python3.10/site-packages/airflow/example_dags/example_dynamic_task_mapping_with_no_taskflow_operators.py
[2023-08-24T15:58:15.052+0100] {processor.py:839} INFO - DAG(s) dict_keys(['example_dynamic_task_mapping_with_no_taskflow_operators']) retrieved from /home/samuel/dev/airflow_learning/venv/lib/python3.10/site-packages/airflow/example_dags/example_dynamic_task_mapping_with_no_taskflow_operators.py
[2023-08-24T15:58:15.073+0100] {logging_mixin.py:151} INFO - [2023-08-24T15:58:15.073+0100] {dag.py:2907} INFO - Sync 1 DAGs
[2023-08-24T15:58:15.096+0100] {logging_mixin.py:151} INFO - [2023-08-24T15:58:15.096+0100] {dag.py:3677} INFO - Setting next_dagrun for example_dynamic_task_mapping_with_no_taskflow_operators to 2023-08-23T14:58:15.096092+00:00, run_after=2023-08-24T14:58:15.096092+00:00
[2023-08-24T15:58:15.210+0100] {processor.py:179} INFO - Processing /home/samuel/dev/airflow_learning/venv/lib/python3.10/site-packages/airflow/example_dags/example_dynamic_task_mapping_with_no_taskflow_operators.py took 0.205 seconds
[2023-08-24T15:59:14.119+0100] {processor.py:157} INFO - Started process (PID=8012) to work on /home/samuel/dev/airflow_learning/venv/lib/python3.10/site-packages/airflow/example_dags/example_dynamic_task_mapping_with_no_taskflow_operators.py
[2023-08-24T15:59:14.130+0100] {processor.py:829} INFO - Processing file /home/samuel/dev/airflow_learning/venv/lib/python3.10/site-packages/airflow/example_dags/example_dynamic_task_mapping_with_no_taskflow_operators.py for tasks to queue
[2023-08-24T15:59:14.131+0100] {logging_mixin.py:151} INFO - [2023-08-24T15:59:14.130+0100] {dagbag.py:539} INFO - Filling up the DagBag from /home/samuel/dev/airflow_learning/venv/lib/python3.10/site-packages/airflow/example_dags/example_dynamic_task_mapping_with_no_taskflow_operators.py
[2023-08-24T15:59:14.140+0100] {processor.py:839} INFO - DAG(s) dict_keys(['example_dynamic_task_mapping_with_no_taskflow_operators']) retrieved from /home/samuel/dev/airflow_learning/venv/lib/python3.10/site-packages/airflow/example_dags/example_dynamic_task_mapping_with_no_taskflow_operators.py
[2023-08-24T15:59:14.158+0100] {logging_mixin.py:151} INFO - [2023-08-24T15:59:14.158+0100] {dag.py:2907} INFO - Sync 1 DAGs
[2023-08-24T15:59:14.180+0100] {logging_mixin.py:151} INFO - [2023-08-24T15:59:14.180+0100] {dag.py:3677} INFO - Setting next_dagrun for example_dynamic_task_mapping_with_no_taskflow_operators to 2023-08-23T14:59:14.180343+00:00, run_after=2023-08-24T14:59:14.180343+00:00
[2023-08-24T15:59:14.295+0100] {processor.py:179} INFO - Processing /home/samuel/dev/airflow_learning/venv/lib/python3.10/site-packages/airflow/example_dags/example_dynamic_task_mapping_with_no_taskflow_operators.py took 0.179 seconds
[2023-08-24T16:00:12.175+0100] {processor.py:157} INFO - Started process (PID=8246) to work on /home/samuel/dev/airflow_learning/venv/lib/python3.10/site-packages/airflow/example_dags/example_dynamic_task_mapping_with_no_taskflow_operators.py
[2023-08-24T16:00:12.213+0100] {processor.py:829} INFO - Processing file /home/samuel/dev/airflow_learning/venv/lib/python3.10/site-packages/airflow/example_dags/example_dynamic_task_mapping_with_no_taskflow_operators.py for tasks to queue
[2023-08-24T16:00:12.214+0100] {logging_mixin.py:151} INFO - [2023-08-24T16:00:12.214+0100] {dagbag.py:539} INFO - Filling up the DagBag from /home/samuel/dev/airflow_learning/venv/lib/python3.10/site-packages/airflow/example_dags/example_dynamic_task_mapping_with_no_taskflow_operators.py
[2023-08-24T16:00:12.225+0100] {processor.py:839} INFO - DAG(s) dict_keys(['example_dynamic_task_mapping_with_no_taskflow_operators']) retrieved from /home/samuel/dev/airflow_learning/venv/lib/python3.10/site-packages/airflow/example_dags/example_dynamic_task_mapping_with_no_taskflow_operators.py
[2023-08-24T16:00:12.242+0100] {logging_mixin.py:151} INFO - [2023-08-24T16:00:12.242+0100] {dag.py:2907} INFO - Sync 1 DAGs
[2023-08-24T16:00:12.261+0100] {logging_mixin.py:151} INFO - [2023-08-24T16:00:12.261+0100] {dag.py:3677} INFO - Setting next_dagrun for example_dynamic_task_mapping_with_no_taskflow_operators to 2023-08-23T15:00:12.260848+00:00, run_after=2023-08-24T15:00:12.260848+00:00
[2023-08-24T16:00:12.365+0100] {processor.py:179} INFO - Processing /home/samuel/dev/airflow_learning/venv/lib/python3.10/site-packages/airflow/example_dags/example_dynamic_task_mapping_with_no_taskflow_operators.py took 0.194 seconds
[2023-08-24T16:01:07.029+0100] {processor.py:157} INFO - Started process (PID=8343) to work on /home/samuel/dev/airflow_learning/venv/lib/python3.10/site-packages/airflow/example_dags/example_dynamic_task_mapping_with_no_taskflow_operators.py
[2023-08-24T16:01:07.031+0100] {processor.py:829} INFO - Processing file /home/samuel/dev/airflow_learning/venv/lib/python3.10/site-packages/airflow/example_dags/example_dynamic_task_mapping_with_no_taskflow_operators.py for tasks to queue
[2023-08-24T16:01:07.032+0100] {logging_mixin.py:151} INFO - [2023-08-24T16:01:07.031+0100] {dagbag.py:539} INFO - Filling up the DagBag from /home/samuel/dev/airflow_learning/venv/lib/python3.10/site-packages/airflow/example_dags/example_dynamic_task_mapping_with_no_taskflow_operators.py
[2023-08-24T16:01:07.041+0100] {processor.py:839} INFO - DAG(s) dict_keys(['example_dynamic_task_mapping_with_no_taskflow_operators']) retrieved from /home/samuel/dev/airflow_learning/venv/lib/python3.10/site-packages/airflow/example_dags/example_dynamic_task_mapping_with_no_taskflow_operators.py
[2023-08-24T16:01:07.057+0100] {logging_mixin.py:151} INFO - [2023-08-24T16:01:07.057+0100] {dag.py:2907} INFO - Sync 1 DAGs
[2023-08-24T16:01:07.077+0100] {logging_mixin.py:151} INFO - [2023-08-24T16:01:07.077+0100] {dag.py:3677} INFO - Setting next_dagrun for example_dynamic_task_mapping_with_no_taskflow_operators to 2023-08-23T15:01:07.077266+00:00, run_after=2023-08-24T15:01:07.077266+00:00
[2023-08-24T16:01:07.191+0100] {processor.py:179} INFO - Processing /home/samuel/dev/airflow_learning/venv/lib/python3.10/site-packages/airflow/example_dags/example_dynamic_task_mapping_with_no_taskflow_operators.py took 0.165 seconds
[2023-08-24T16:02:23.998+0100] {processor.py:157} INFO - Started process (PID=8457) to work on /home/samuel/dev/airflow_learning/venv/lib/python3.10/site-packages/airflow/example_dags/example_dynamic_task_mapping_with_no_taskflow_operators.py
[2023-08-24T16:02:24.026+0100] {processor.py:829} INFO - Processing file /home/samuel/dev/airflow_learning/venv/lib/python3.10/site-packages/airflow/example_dags/example_dynamic_task_mapping_with_no_taskflow_operators.py for tasks to queue
[2023-08-24T16:02:24.028+0100] {logging_mixin.py:151} INFO - [2023-08-24T16:02:24.027+0100] {dagbag.py:539} INFO - Filling up the DagBag from /home/samuel/dev/airflow_learning/venv/lib/python3.10/site-packages/airflow/example_dags/example_dynamic_task_mapping_with_no_taskflow_operators.py
[2023-08-24T16:02:24.039+0100] {processor.py:839} INFO - DAG(s) dict_keys(['example_dynamic_task_mapping_with_no_taskflow_operators']) retrieved from /home/samuel/dev/airflow_learning/venv/lib/python3.10/site-packages/airflow/example_dags/example_dynamic_task_mapping_with_no_taskflow_operators.py
[2023-08-24T16:02:24.060+0100] {logging_mixin.py:151} INFO - [2023-08-24T16:02:24.060+0100] {dag.py:2907} INFO - Sync 1 DAGs
[2023-08-24T16:02:24.082+0100] {logging_mixin.py:151} INFO - [2023-08-24T16:02:24.082+0100] {dag.py:3677} INFO - Setting next_dagrun for example_dynamic_task_mapping_with_no_taskflow_operators to 2023-08-23T15:02:24.082275+00:00, run_after=2023-08-24T15:02:24.082275+00:00
[2023-08-24T16:02:24.222+0100] {processor.py:179} INFO - Processing /home/samuel/dev/airflow_learning/venv/lib/python3.10/site-packages/airflow/example_dags/example_dynamic_task_mapping_with_no_taskflow_operators.py took 0.227 seconds
[2023-08-24T16:03:43.348+0100] {processor.py:157} INFO - Started process (PID=8560) to work on /home/samuel/dev/airflow_learning/venv/lib/python3.10/site-packages/airflow/example_dags/example_dynamic_task_mapping_with_no_taskflow_operators.py
[2023-08-24T16:03:43.387+0100] {processor.py:829} INFO - Processing file /home/samuel/dev/airflow_learning/venv/lib/python3.10/site-packages/airflow/example_dags/example_dynamic_task_mapping_with_no_taskflow_operators.py for tasks to queue
[2023-08-24T16:03:43.388+0100] {logging_mixin.py:151} INFO - [2023-08-24T16:03:43.388+0100] {dagbag.py:539} INFO - Filling up the DagBag from /home/samuel/dev/airflow_learning/venv/lib/python3.10/site-packages/airflow/example_dags/example_dynamic_task_mapping_with_no_taskflow_operators.py
[2023-08-24T16:03:43.398+0100] {processor.py:839} INFO - DAG(s) dict_keys(['example_dynamic_task_mapping_with_no_taskflow_operators']) retrieved from /home/samuel/dev/airflow_learning/venv/lib/python3.10/site-packages/airflow/example_dags/example_dynamic_task_mapping_with_no_taskflow_operators.py
[2023-08-24T16:03:43.417+0100] {logging_mixin.py:151} INFO - [2023-08-24T16:03:43.416+0100] {dag.py:2907} INFO - Sync 1 DAGs
[2023-08-24T16:03:43.439+0100] {logging_mixin.py:151} INFO - [2023-08-24T16:03:43.439+0100] {dag.py:3677} INFO - Setting next_dagrun for example_dynamic_task_mapping_with_no_taskflow_operators to 2023-08-23T15:03:43.438963+00:00, run_after=2023-08-24T15:03:43.438963+00:00
[2023-08-24T16:03:43.538+0100] {processor.py:179} INFO - Processing /home/samuel/dev/airflow_learning/venv/lib/python3.10/site-packages/airflow/example_dags/example_dynamic_task_mapping_with_no_taskflow_operators.py took 0.195 seconds
