[2023-08-24T15:22:10.634+0100] {processor.py:157} INFO - Started process (PID=5347) to work on /home/samuel/dev/airflow_learning/venv/lib/python3.10/site-packages/airflow/example_dags/tutorial_taskflow_api_virtualenv.py
[2023-08-24T15:22:10.635+0100] {processor.py:829} INFO - Processing file /home/samuel/dev/airflow_learning/venv/lib/python3.10/site-packages/airflow/example_dags/tutorial_taskflow_api_virtualenv.py for tasks to queue
[2023-08-24T15:22:10.636+0100] {logging_mixin.py:151} INFO - [2023-08-24T15:22:10.635+0100] {dagbag.py:539} INFO - Filling up the DagBag from /home/samuel/dev/airflow_learning/venv/lib/python3.10/site-packages/airflow/example_dags/tutorial_taskflow_api_virtualenv.py
[2023-08-24T15:22:10.640+0100] {logging_mixin.py:151} INFO - [2023-08-24T15:22:10.640+0100] {tutorial_taskflow_api_virtualenv.py:29} WARNING - The tutorial_taskflow_api_virtualenv example DAG requires virtualenv, please install it.
[2023-08-24T15:22:10.640+0100] {processor.py:841} WARNING - No viable dags retrieved from /home/samuel/dev/airflow_learning/venv/lib/python3.10/site-packages/airflow/example_dags/tutorial_taskflow_api_virtualenv.py
[2023-08-24T15:22:10.655+0100] {processor.py:179} INFO - Processing /home/samuel/dev/airflow_learning/venv/lib/python3.10/site-packages/airflow/example_dags/tutorial_taskflow_api_virtualenv.py took 0.027 seconds
[2023-08-24T15:23:32.658+0100] {processor.py:157} INFO - Started process (PID=5408) to work on /home/samuel/dev/airflow_learning/venv/lib/python3.10/site-packages/airflow/example_dags/tutorial_taskflow_api_virtualenv.py
[2023-08-24T15:23:32.700+0100] {processor.py:829} INFO - Processing file /home/samuel/dev/airflow_learning/venv/lib/python3.10/site-packages/airflow/example_dags/tutorial_taskflow_api_virtualenv.py for tasks to queue
[2023-08-24T15:23:32.701+0100] {logging_mixin.py:151} INFO - [2023-08-24T15:23:32.701+0100] {dagbag.py:539} INFO - Filling up the DagBag from /home/samuel/dev/airflow_learning/venv/lib/python3.10/site-packages/airflow/example_dags/tutorial_taskflow_api_virtualenv.py
[2023-08-24T15:23:32.705+0100] {logging_mixin.py:151} INFO - [2023-08-24T15:23:32.705+0100] {tutorial_taskflow_api_virtualenv.py:29} WARNING - The tutorial_taskflow_api_virtualenv example DAG requires virtualenv, please install it.
[2023-08-24T15:23:32.705+0100] {processor.py:841} WARNING - No viable dags retrieved from /home/samuel/dev/airflow_learning/venv/lib/python3.10/site-packages/airflow/example_dags/tutorial_taskflow_api_virtualenv.py
[2023-08-24T15:23:32.719+0100] {processor.py:179} INFO - Processing /home/samuel/dev/airflow_learning/venv/lib/python3.10/site-packages/airflow/example_dags/tutorial_taskflow_api_virtualenv.py took 0.065 seconds
[2023-08-24T15:24:28.702+0100] {processor.py:157} INFO - Started process (PID=5469) to work on /home/samuel/dev/airflow_learning/venv/lib/python3.10/site-packages/airflow/example_dags/tutorial_taskflow_api_virtualenv.py
[2023-08-24T15:24:28.705+0100] {processor.py:829} INFO - Processing file /home/samuel/dev/airflow_learning/venv/lib/python3.10/site-packages/airflow/example_dags/tutorial_taskflow_api_virtualenv.py for tasks to queue
[2023-08-24T15:24:28.706+0100] {logging_mixin.py:151} INFO - [2023-08-24T15:24:28.706+0100] {dagbag.py:539} INFO - Filling up the DagBag from /home/samuel/dev/airflow_learning/venv/lib/python3.10/site-packages/airflow/example_dags/tutorial_taskflow_api_virtualenv.py
[2023-08-24T15:24:28.710+0100] {logging_mixin.py:151} INFO - [2023-08-24T15:24:28.709+0100] {tutorial_taskflow_api_virtualenv.py:29} WARNING - The tutorial_taskflow_api_virtualenv example DAG requires virtualenv, please install it.
[2023-08-24T15:24:28.710+0100] {processor.py:841} WARNING - No viable dags retrieved from /home/samuel/dev/airflow_learning/venv/lib/python3.10/site-packages/airflow/example_dags/tutorial_taskflow_api_virtualenv.py
[2023-08-24T15:24:28.720+0100] {processor.py:179} INFO - Processing /home/samuel/dev/airflow_learning/venv/lib/python3.10/site-packages/airflow/example_dags/tutorial_taskflow_api_virtualenv.py took 0.021 seconds
[2023-08-24T15:25:17.805+0100] {processor.py:157} INFO - Started process (PID=5518) to work on /home/samuel/dev/airflow_learning/venv/lib/python3.10/site-packages/airflow/example_dags/tutorial_taskflow_api_virtualenv.py
[2023-08-24T15:25:17.807+0100] {processor.py:829} INFO - Processing file /home/samuel/dev/airflow_learning/venv/lib/python3.10/site-packages/airflow/example_dags/tutorial_taskflow_api_virtualenv.py for tasks to queue
[2023-08-24T15:25:17.808+0100] {logging_mixin.py:151} INFO - [2023-08-24T15:25:17.808+0100] {dagbag.py:539} INFO - Filling up the DagBag from /home/samuel/dev/airflow_learning/venv/lib/python3.10/site-packages/airflow/example_dags/tutorial_taskflow_api_virtualenv.py
[2023-08-24T15:25:17.812+0100] {logging_mixin.py:151} INFO - [2023-08-24T15:25:17.812+0100] {tutorial_taskflow_api_virtualenv.py:29} WARNING - The tutorial_taskflow_api_virtualenv example DAG requires virtualenv, please install it.
[2023-08-24T15:25:17.812+0100] {processor.py:841} WARNING - No viable dags retrieved from /home/samuel/dev/airflow_learning/venv/lib/python3.10/site-packages/airflow/example_dags/tutorial_taskflow_api_virtualenv.py
[2023-08-24T15:25:17.825+0100] {processor.py:179} INFO - Processing /home/samuel/dev/airflow_learning/venv/lib/python3.10/site-packages/airflow/example_dags/tutorial_taskflow_api_virtualenv.py took 0.024 seconds
[2023-08-24T15:26:10.848+0100] {processor.py:157} INFO - Started process (PID=5570) to work on /home/samuel/dev/airflow_learning/venv/lib/python3.10/site-packages/airflow/example_dags/tutorial_taskflow_api_virtualenv.py
[2023-08-24T15:26:10.876+0100] {processor.py:829} INFO - Processing file /home/samuel/dev/airflow_learning/venv/lib/python3.10/site-packages/airflow/example_dags/tutorial_taskflow_api_virtualenv.py for tasks to queue
[2023-08-24T15:26:10.877+0100] {logging_mixin.py:151} INFO - [2023-08-24T15:26:10.877+0100] {dagbag.py:539} INFO - Filling up the DagBag from /home/samuel/dev/airflow_learning/venv/lib/python3.10/site-packages/airflow/example_dags/tutorial_taskflow_api_virtualenv.py
[2023-08-24T15:26:10.880+0100] {logging_mixin.py:151} INFO - [2023-08-24T15:26:10.880+0100] {tutorial_taskflow_api_virtualenv.py:29} WARNING - The tutorial_taskflow_api_virtualenv example DAG requires virtualenv, please install it.
[2023-08-24T15:26:10.881+0100] {processor.py:841} WARNING - No viable dags retrieved from /home/samuel/dev/airflow_learning/venv/lib/python3.10/site-packages/airflow/example_dags/tutorial_taskflow_api_virtualenv.py
[2023-08-24T15:26:10.894+0100] {processor.py:179} INFO - Processing /home/samuel/dev/airflow_learning/venv/lib/python3.10/site-packages/airflow/example_dags/tutorial_taskflow_api_virtualenv.py took 0.049 seconds
[2023-08-24T15:27:05.947+0100] {processor.py:157} INFO - Started process (PID=5621) to work on /home/samuel/dev/airflow_learning/venv/lib/python3.10/site-packages/airflow/example_dags/tutorial_taskflow_api_virtualenv.py
[2023-08-24T15:27:05.949+0100] {processor.py:829} INFO - Processing file /home/samuel/dev/airflow_learning/venv/lib/python3.10/site-packages/airflow/example_dags/tutorial_taskflow_api_virtualenv.py for tasks to queue
[2023-08-24T15:27:05.950+0100] {logging_mixin.py:151} INFO - [2023-08-24T15:27:05.950+0100] {dagbag.py:539} INFO - Filling up the DagBag from /home/samuel/dev/airflow_learning/venv/lib/python3.10/site-packages/airflow/example_dags/tutorial_taskflow_api_virtualenv.py
[2023-08-24T15:27:05.955+0100] {logging_mixin.py:151} INFO - [2023-08-24T15:27:05.955+0100] {tutorial_taskflow_api_virtualenv.py:29} WARNING - The tutorial_taskflow_api_virtualenv example DAG requires virtualenv, please install it.
[2023-08-24T15:27:05.955+0100] {processor.py:841} WARNING - No viable dags retrieved from /home/samuel/dev/airflow_learning/venv/lib/python3.10/site-packages/airflow/example_dags/tutorial_taskflow_api_virtualenv.py
[2023-08-24T15:27:05.969+0100] {processor.py:179} INFO - Processing /home/samuel/dev/airflow_learning/venv/lib/python3.10/site-packages/airflow/example_dags/tutorial_taskflow_api_virtualenv.py took 0.025 seconds
[2023-08-24T15:28:00.577+0100] {processor.py:157} INFO - Started process (PID=5675) to work on /home/samuel/dev/airflow_learning/venv/lib/python3.10/site-packages/airflow/example_dags/tutorial_taskflow_api_virtualenv.py
[2023-08-24T15:28:00.596+0100] {processor.py:829} INFO - Processing file /home/samuel/dev/airflow_learning/venv/lib/python3.10/site-packages/airflow/example_dags/tutorial_taskflow_api_virtualenv.py for tasks to queue
[2023-08-24T15:28:00.597+0100] {logging_mixin.py:151} INFO - [2023-08-24T15:28:00.597+0100] {dagbag.py:539} INFO - Filling up the DagBag from /home/samuel/dev/airflow_learning/venv/lib/python3.10/site-packages/airflow/example_dags/tutorial_taskflow_api_virtualenv.py
[2023-08-24T15:28:00.600+0100] {logging_mixin.py:151} INFO - [2023-08-24T15:28:00.600+0100] {tutorial_taskflow_api_virtualenv.py:29} WARNING - The tutorial_taskflow_api_virtualenv example DAG requires virtualenv, please install it.
[2023-08-24T15:28:00.601+0100] {processor.py:841} WARNING - No viable dags retrieved from /home/samuel/dev/airflow_learning/venv/lib/python3.10/site-packages/airflow/example_dags/tutorial_taskflow_api_virtualenv.py
[2023-08-24T15:28:00.614+0100] {processor.py:179} INFO - Processing /home/samuel/dev/airflow_learning/venv/lib/python3.10/site-packages/airflow/example_dags/tutorial_taskflow_api_virtualenv.py took 0.041 seconds
[2023-08-24T15:28:56.239+0100] {processor.py:157} INFO - Started process (PID=5732) to work on /home/samuel/dev/airflow_learning/venv/lib/python3.10/site-packages/airflow/example_dags/tutorial_taskflow_api_virtualenv.py
[2023-08-24T15:28:56.262+0100] {processor.py:829} INFO - Processing file /home/samuel/dev/airflow_learning/venv/lib/python3.10/site-packages/airflow/example_dags/tutorial_taskflow_api_virtualenv.py for tasks to queue
[2023-08-24T15:28:56.263+0100] {logging_mixin.py:151} INFO - [2023-08-24T15:28:56.263+0100] {dagbag.py:539} INFO - Filling up the DagBag from /home/samuel/dev/airflow_learning/venv/lib/python3.10/site-packages/airflow/example_dags/tutorial_taskflow_api_virtualenv.py
[2023-08-24T15:28:56.266+0100] {logging_mixin.py:151} INFO - [2023-08-24T15:28:56.266+0100] {tutorial_taskflow_api_virtualenv.py:29} WARNING - The tutorial_taskflow_api_virtualenv example DAG requires virtualenv, please install it.
[2023-08-24T15:28:56.267+0100] {processor.py:841} WARNING - No viable dags retrieved from /home/samuel/dev/airflow_learning/venv/lib/python3.10/site-packages/airflow/example_dags/tutorial_taskflow_api_virtualenv.py
[2023-08-24T15:28:56.279+0100] {processor.py:179} INFO - Processing /home/samuel/dev/airflow_learning/venv/lib/python3.10/site-packages/airflow/example_dags/tutorial_taskflow_api_virtualenv.py took 0.043 seconds
[2023-08-24T15:29:52.280+0100] {processor.py:157} INFO - Started process (PID=5802) to work on /home/samuel/dev/airflow_learning/venv/lib/python3.10/site-packages/airflow/example_dags/tutorial_taskflow_api_virtualenv.py
[2023-08-24T15:29:52.300+0100] {processor.py:829} INFO - Processing file /home/samuel/dev/airflow_learning/venv/lib/python3.10/site-packages/airflow/example_dags/tutorial_taskflow_api_virtualenv.py for tasks to queue
[2023-08-24T15:29:52.301+0100] {logging_mixin.py:151} INFO - [2023-08-24T15:29:52.301+0100] {dagbag.py:539} INFO - Filling up the DagBag from /home/samuel/dev/airflow_learning/venv/lib/python3.10/site-packages/airflow/example_dags/tutorial_taskflow_api_virtualenv.py
[2023-08-24T15:29:52.304+0100] {logging_mixin.py:151} INFO - [2023-08-24T15:29:52.304+0100] {tutorial_taskflow_api_virtualenv.py:29} WARNING - The tutorial_taskflow_api_virtualenv example DAG requires virtualenv, please install it.
[2023-08-24T15:29:52.305+0100] {processor.py:841} WARNING - No viable dags retrieved from /home/samuel/dev/airflow_learning/venv/lib/python3.10/site-packages/airflow/example_dags/tutorial_taskflow_api_virtualenv.py
[2023-08-24T15:29:52.526+0100] {processor.py:179} INFO - Processing /home/samuel/dev/airflow_learning/venv/lib/python3.10/site-packages/airflow/example_dags/tutorial_taskflow_api_virtualenv.py took 0.249 seconds
[2023-08-24T15:31:04.661+0100] {processor.py:157} INFO - Started process (PID=5972) to work on /home/samuel/dev/airflow_learning/venv/lib/python3.10/site-packages/airflow/example_dags/tutorial_taskflow_api_virtualenv.py
[2023-08-24T15:31:04.673+0100] {processor.py:829} INFO - Processing file /home/samuel/dev/airflow_learning/venv/lib/python3.10/site-packages/airflow/example_dags/tutorial_taskflow_api_virtualenv.py for tasks to queue
[2023-08-24T15:31:04.674+0100] {logging_mixin.py:151} INFO - [2023-08-24T15:31:04.674+0100] {dagbag.py:539} INFO - Filling up the DagBag from /home/samuel/dev/airflow_learning/venv/lib/python3.10/site-packages/airflow/example_dags/tutorial_taskflow_api_virtualenv.py
[2023-08-24T15:31:04.677+0100] {logging_mixin.py:151} INFO - [2023-08-24T15:31:04.677+0100] {tutorial_taskflow_api_virtualenv.py:29} WARNING - The tutorial_taskflow_api_virtualenv example DAG requires virtualenv, please install it.
[2023-08-24T15:31:04.678+0100] {processor.py:841} WARNING - No viable dags retrieved from /home/samuel/dev/airflow_learning/venv/lib/python3.10/site-packages/airflow/example_dags/tutorial_taskflow_api_virtualenv.py
[2023-08-24T15:31:04.691+0100] {processor.py:179} INFO - Processing /home/samuel/dev/airflow_learning/venv/lib/python3.10/site-packages/airflow/example_dags/tutorial_taskflow_api_virtualenv.py took 0.034 seconds
[2023-08-24T15:31:51.944+0100] {processor.py:157} INFO - Started process (PID=6059) to work on /home/samuel/dev/airflow_learning/venv/lib/python3.10/site-packages/airflow/example_dags/tutorial_taskflow_api_virtualenv.py
[2023-08-24T15:31:51.963+0100] {processor.py:829} INFO - Processing file /home/samuel/dev/airflow_learning/venv/lib/python3.10/site-packages/airflow/example_dags/tutorial_taskflow_api_virtualenv.py for tasks to queue
[2023-08-24T15:31:51.964+0100] {logging_mixin.py:151} INFO - [2023-08-24T15:31:51.963+0100] {dagbag.py:539} INFO - Filling up the DagBag from /home/samuel/dev/airflow_learning/venv/lib/python3.10/site-packages/airflow/example_dags/tutorial_taskflow_api_virtualenv.py
[2023-08-24T15:31:51.966+0100] {logging_mixin.py:151} INFO - [2023-08-24T15:31:51.966+0100] {tutorial_taskflow_api_virtualenv.py:29} WARNING - The tutorial_taskflow_api_virtualenv example DAG requires virtualenv, please install it.
[2023-08-24T15:31:51.967+0100] {processor.py:841} WARNING - No viable dags retrieved from /home/samuel/dev/airflow_learning/venv/lib/python3.10/site-packages/airflow/example_dags/tutorial_taskflow_api_virtualenv.py
[2023-08-24T15:31:51.976+0100] {processor.py:179} INFO - Processing /home/samuel/dev/airflow_learning/venv/lib/python3.10/site-packages/airflow/example_dags/tutorial_taskflow_api_virtualenv.py took 0.036 seconds
[2023-08-24T15:32:45.889+0100] {processor.py:157} INFO - Started process (PID=6118) to work on /home/samuel/dev/airflow_learning/venv/lib/python3.10/site-packages/airflow/example_dags/tutorial_taskflow_api_virtualenv.py
[2023-08-24T15:32:45.934+0100] {processor.py:829} INFO - Processing file /home/samuel/dev/airflow_learning/venv/lib/python3.10/site-packages/airflow/example_dags/tutorial_taskflow_api_virtualenv.py for tasks to queue
[2023-08-24T15:32:45.935+0100] {logging_mixin.py:151} INFO - [2023-08-24T15:32:45.934+0100] {dagbag.py:539} INFO - Filling up the DagBag from /home/samuel/dev/airflow_learning/venv/lib/python3.10/site-packages/airflow/example_dags/tutorial_taskflow_api_virtualenv.py
[2023-08-24T15:32:45.938+0100] {logging_mixin.py:151} INFO - [2023-08-24T15:32:45.938+0100] {tutorial_taskflow_api_virtualenv.py:29} WARNING - The tutorial_taskflow_api_virtualenv example DAG requires virtualenv, please install it.
[2023-08-24T15:32:45.939+0100] {processor.py:841} WARNING - No viable dags retrieved from /home/samuel/dev/airflow_learning/venv/lib/python3.10/site-packages/airflow/example_dags/tutorial_taskflow_api_virtualenv.py
[2023-08-24T15:32:45.951+0100] {processor.py:179} INFO - Processing /home/samuel/dev/airflow_learning/venv/lib/python3.10/site-packages/airflow/example_dags/tutorial_taskflow_api_virtualenv.py took 0.066 seconds
[2023-08-24T15:33:39.206+0100] {processor.py:157} INFO - Started process (PID=6175) to work on /home/samuel/dev/airflow_learning/venv/lib/python3.10/site-packages/airflow/example_dags/tutorial_taskflow_api_virtualenv.py
[2023-08-24T15:33:39.249+0100] {processor.py:829} INFO - Processing file /home/samuel/dev/airflow_learning/venv/lib/python3.10/site-packages/airflow/example_dags/tutorial_taskflow_api_virtualenv.py for tasks to queue
[2023-08-24T15:33:39.251+0100] {logging_mixin.py:151} INFO - [2023-08-24T15:33:39.250+0100] {dagbag.py:539} INFO - Filling up the DagBag from /home/samuel/dev/airflow_learning/venv/lib/python3.10/site-packages/airflow/example_dags/tutorial_taskflow_api_virtualenv.py
[2023-08-24T15:33:39.254+0100] {logging_mixin.py:151} INFO - [2023-08-24T15:33:39.254+0100] {tutorial_taskflow_api_virtualenv.py:29} WARNING - The tutorial_taskflow_api_virtualenv example DAG requires virtualenv, please install it.
[2023-08-24T15:33:39.254+0100] {processor.py:841} WARNING - No viable dags retrieved from /home/samuel/dev/airflow_learning/venv/lib/python3.10/site-packages/airflow/example_dags/tutorial_taskflow_api_virtualenv.py
[2023-08-24T15:33:39.268+0100] {processor.py:179} INFO - Processing /home/samuel/dev/airflow_learning/venv/lib/python3.10/site-packages/airflow/example_dags/tutorial_taskflow_api_virtualenv.py took 0.066 seconds
[2023-08-24T15:34:42.544+0100] {processor.py:157} INFO - Started process (PID=6238) to work on /home/samuel/dev/airflow_learning/venv/lib/python3.10/site-packages/airflow/example_dags/tutorial_taskflow_api_virtualenv.py
[2023-08-24T15:34:42.595+0100] {processor.py:829} INFO - Processing file /home/samuel/dev/airflow_learning/venv/lib/python3.10/site-packages/airflow/example_dags/tutorial_taskflow_api_virtualenv.py for tasks to queue
[2023-08-24T15:34:42.596+0100] {logging_mixin.py:151} INFO - [2023-08-24T15:34:42.596+0100] {dagbag.py:539} INFO - Filling up the DagBag from /home/samuel/dev/airflow_learning/venv/lib/python3.10/site-packages/airflow/example_dags/tutorial_taskflow_api_virtualenv.py
[2023-08-24T15:34:42.600+0100] {logging_mixin.py:151} INFO - [2023-08-24T15:34:42.600+0100] {tutorial_taskflow_api_virtualenv.py:29} WARNING - The tutorial_taskflow_api_virtualenv example DAG requires virtualenv, please install it.
[2023-08-24T15:34:42.600+0100] {processor.py:841} WARNING - No viable dags retrieved from /home/samuel/dev/airflow_learning/venv/lib/python3.10/site-packages/airflow/example_dags/tutorial_taskflow_api_virtualenv.py
[2023-08-24T15:34:42.612+0100] {processor.py:179} INFO - Processing /home/samuel/dev/airflow_learning/venv/lib/python3.10/site-packages/airflow/example_dags/tutorial_taskflow_api_virtualenv.py took 0.072 seconds
[2023-08-24T15:35:43.942+0100] {processor.py:157} INFO - Started process (PID=6306) to work on /home/samuel/dev/airflow_learning/venv/lib/python3.10/site-packages/airflow/example_dags/tutorial_taskflow_api_virtualenv.py
[2023-08-24T15:35:43.997+0100] {processor.py:829} INFO - Processing file /home/samuel/dev/airflow_learning/venv/lib/python3.10/site-packages/airflow/example_dags/tutorial_taskflow_api_virtualenv.py for tasks to queue
[2023-08-24T15:35:43.999+0100] {logging_mixin.py:151} INFO - [2023-08-24T15:35:43.998+0100] {dagbag.py:539} INFO - Filling up the DagBag from /home/samuel/dev/airflow_learning/venv/lib/python3.10/site-packages/airflow/example_dags/tutorial_taskflow_api_virtualenv.py
[2023-08-24T15:35:44.004+0100] {logging_mixin.py:151} INFO - [2023-08-24T15:35:44.003+0100] {tutorial_taskflow_api_virtualenv.py:29} WARNING - The tutorial_taskflow_api_virtualenv example DAG requires virtualenv, please install it.
[2023-08-24T15:35:44.004+0100] {processor.py:841} WARNING - No viable dags retrieved from /home/samuel/dev/airflow_learning/venv/lib/python3.10/site-packages/airflow/example_dags/tutorial_taskflow_api_virtualenv.py
[2023-08-24T15:35:44.019+0100] {processor.py:179} INFO - Processing /home/samuel/dev/airflow_learning/venv/lib/python3.10/site-packages/airflow/example_dags/tutorial_taskflow_api_virtualenv.py took 0.080 seconds
[2023-08-24T15:36:40.273+0100] {processor.py:157} INFO - Started process (PID=6365) to work on /home/samuel/dev/airflow_learning/venv/lib/python3.10/site-packages/airflow/example_dags/tutorial_taskflow_api_virtualenv.py
[2023-08-24T15:36:40.301+0100] {processor.py:829} INFO - Processing file /home/samuel/dev/airflow_learning/venv/lib/python3.10/site-packages/airflow/example_dags/tutorial_taskflow_api_virtualenv.py for tasks to queue
[2023-08-24T15:36:40.302+0100] {logging_mixin.py:151} INFO - [2023-08-24T15:36:40.302+0100] {dagbag.py:539} INFO - Filling up the DagBag from /home/samuel/dev/airflow_learning/venv/lib/python3.10/site-packages/airflow/example_dags/tutorial_taskflow_api_virtualenv.py
[2023-08-24T15:36:40.306+0100] {logging_mixin.py:151} INFO - [2023-08-24T15:36:40.306+0100] {tutorial_taskflow_api_virtualenv.py:29} WARNING - The tutorial_taskflow_api_virtualenv example DAG requires virtualenv, please install it.
[2023-08-24T15:36:40.307+0100] {processor.py:841} WARNING - No viable dags retrieved from /home/samuel/dev/airflow_learning/venv/lib/python3.10/site-packages/airflow/example_dags/tutorial_taskflow_api_virtualenv.py
[2023-08-24T15:36:40.321+0100] {processor.py:179} INFO - Processing /home/samuel/dev/airflow_learning/venv/lib/python3.10/site-packages/airflow/example_dags/tutorial_taskflow_api_virtualenv.py took 0.051 seconds
[2023-08-24T15:37:52.149+0100] {processor.py:157} INFO - Started process (PID=6426) to work on /home/samuel/dev/airflow_learning/venv/lib/python3.10/site-packages/airflow/example_dags/tutorial_taskflow_api_virtualenv.py
[2023-08-24T15:37:52.167+0100] {processor.py:829} INFO - Processing file /home/samuel/dev/airflow_learning/venv/lib/python3.10/site-packages/airflow/example_dags/tutorial_taskflow_api_virtualenv.py for tasks to queue
[2023-08-24T15:37:52.168+0100] {logging_mixin.py:151} INFO - [2023-08-24T15:37:52.168+0100] {dagbag.py:539} INFO - Filling up the DagBag from /home/samuel/dev/airflow_learning/venv/lib/python3.10/site-packages/airflow/example_dags/tutorial_taskflow_api_virtualenv.py
[2023-08-24T15:37:52.172+0100] {logging_mixin.py:151} INFO - [2023-08-24T15:37:52.171+0100] {tutorial_taskflow_api_virtualenv.py:29} WARNING - The tutorial_taskflow_api_virtualenv example DAG requires virtualenv, please install it.
[2023-08-24T15:37:52.172+0100] {processor.py:841} WARNING - No viable dags retrieved from /home/samuel/dev/airflow_learning/venv/lib/python3.10/site-packages/airflow/example_dags/tutorial_taskflow_api_virtualenv.py
[2023-08-24T15:37:52.185+0100] {processor.py:179} INFO - Processing /home/samuel/dev/airflow_learning/venv/lib/python3.10/site-packages/airflow/example_dags/tutorial_taskflow_api_virtualenv.py took 0.039 seconds
[2023-08-24T15:38:49.286+0100] {processor.py:157} INFO - Started process (PID=6481) to work on /home/samuel/dev/airflow_learning/venv/lib/python3.10/site-packages/airflow/example_dags/tutorial_taskflow_api_virtualenv.py
[2023-08-24T15:38:49.309+0100] {processor.py:829} INFO - Processing file /home/samuel/dev/airflow_learning/venv/lib/python3.10/site-packages/airflow/example_dags/tutorial_taskflow_api_virtualenv.py for tasks to queue
[2023-08-24T15:38:49.310+0100] {logging_mixin.py:151} INFO - [2023-08-24T15:38:49.310+0100] {dagbag.py:539} INFO - Filling up the DagBag from /home/samuel/dev/airflow_learning/venv/lib/python3.10/site-packages/airflow/example_dags/tutorial_taskflow_api_virtualenv.py
[2023-08-24T15:38:49.314+0100] {logging_mixin.py:151} INFO - [2023-08-24T15:38:49.314+0100] {tutorial_taskflow_api_virtualenv.py:29} WARNING - The tutorial_taskflow_api_virtualenv example DAG requires virtualenv, please install it.
[2023-08-24T15:38:49.314+0100] {processor.py:841} WARNING - No viable dags retrieved from /home/samuel/dev/airflow_learning/venv/lib/python3.10/site-packages/airflow/example_dags/tutorial_taskflow_api_virtualenv.py
[2023-08-24T15:38:49.327+0100] {processor.py:179} INFO - Processing /home/samuel/dev/airflow_learning/venv/lib/python3.10/site-packages/airflow/example_dags/tutorial_taskflow_api_virtualenv.py took 0.045 seconds
[2023-08-24T15:39:40.948+0100] {processor.py:157} INFO - Started process (PID=6534) to work on /home/samuel/dev/airflow_learning/venv/lib/python3.10/site-packages/airflow/example_dags/tutorial_taskflow_api_virtualenv.py
[2023-08-24T15:39:40.980+0100] {processor.py:829} INFO - Processing file /home/samuel/dev/airflow_learning/venv/lib/python3.10/site-packages/airflow/example_dags/tutorial_taskflow_api_virtualenv.py for tasks to queue
[2023-08-24T15:39:40.981+0100] {logging_mixin.py:151} INFO - [2023-08-24T15:39:40.980+0100] {dagbag.py:539} INFO - Filling up the DagBag from /home/samuel/dev/airflow_learning/venv/lib/python3.10/site-packages/airflow/example_dags/tutorial_taskflow_api_virtualenv.py
[2023-08-24T15:39:40.985+0100] {logging_mixin.py:151} INFO - [2023-08-24T15:39:40.984+0100] {tutorial_taskflow_api_virtualenv.py:29} WARNING - The tutorial_taskflow_api_virtualenv example DAG requires virtualenv, please install it.
[2023-08-24T15:39:40.985+0100] {processor.py:841} WARNING - No viable dags retrieved from /home/samuel/dev/airflow_learning/venv/lib/python3.10/site-packages/airflow/example_dags/tutorial_taskflow_api_virtualenv.py
[2023-08-24T15:39:40.997+0100] {processor.py:179} INFO - Processing /home/samuel/dev/airflow_learning/venv/lib/python3.10/site-packages/airflow/example_dags/tutorial_taskflow_api_virtualenv.py took 0.051 seconds
[2023-08-24T15:40:50.842+0100] {processor.py:157} INFO - Started process (PID=6619) to work on /home/samuel/dev/airflow_learning/venv/lib/python3.10/site-packages/airflow/example_dags/tutorial_taskflow_api_virtualenv.py
[2023-08-24T15:40:50.844+0100] {processor.py:829} INFO - Processing file /home/samuel/dev/airflow_learning/venv/lib/python3.10/site-packages/airflow/example_dags/tutorial_taskflow_api_virtualenv.py for tasks to queue
[2023-08-24T15:40:50.846+0100] {logging_mixin.py:151} INFO - [2023-08-24T15:40:50.845+0100] {dagbag.py:539} INFO - Filling up the DagBag from /home/samuel/dev/airflow_learning/venv/lib/python3.10/site-packages/airflow/example_dags/tutorial_taskflow_api_virtualenv.py
[2023-08-24T15:40:50.850+0100] {logging_mixin.py:151} INFO - [2023-08-24T15:40:50.850+0100] {tutorial_taskflow_api_virtualenv.py:29} WARNING - The tutorial_taskflow_api_virtualenv example DAG requires virtualenv, please install it.
[2023-08-24T15:40:50.850+0100] {processor.py:841} WARNING - No viable dags retrieved from /home/samuel/dev/airflow_learning/venv/lib/python3.10/site-packages/airflow/example_dags/tutorial_taskflow_api_virtualenv.py
[2023-08-24T15:40:50.863+0100] {processor.py:179} INFO - Processing /home/samuel/dev/airflow_learning/venv/lib/python3.10/site-packages/airflow/example_dags/tutorial_taskflow_api_virtualenv.py took 0.026 seconds
[2023-08-24T15:41:43.650+0100] {processor.py:157} INFO - Started process (PID=6669) to work on /home/samuel/dev/airflow_learning/venv/lib/python3.10/site-packages/airflow/example_dags/tutorial_taskflow_api_virtualenv.py
[2023-08-24T15:41:43.652+0100] {processor.py:829} INFO - Processing file /home/samuel/dev/airflow_learning/venv/lib/python3.10/site-packages/airflow/example_dags/tutorial_taskflow_api_virtualenv.py for tasks to queue
[2023-08-24T15:41:43.653+0100] {logging_mixin.py:151} INFO - [2023-08-24T15:41:43.653+0100] {dagbag.py:539} INFO - Filling up the DagBag from /home/samuel/dev/airflow_learning/venv/lib/python3.10/site-packages/airflow/example_dags/tutorial_taskflow_api_virtualenv.py
[2023-08-24T15:41:43.656+0100] {logging_mixin.py:151} INFO - [2023-08-24T15:41:43.656+0100] {tutorial_taskflow_api_virtualenv.py:29} WARNING - The tutorial_taskflow_api_virtualenv example DAG requires virtualenv, please install it.
[2023-08-24T15:41:43.657+0100] {processor.py:841} WARNING - No viable dags retrieved from /home/samuel/dev/airflow_learning/venv/lib/python3.10/site-packages/airflow/example_dags/tutorial_taskflow_api_virtualenv.py
[2023-08-24T15:41:43.669+0100] {processor.py:179} INFO - Processing /home/samuel/dev/airflow_learning/venv/lib/python3.10/site-packages/airflow/example_dags/tutorial_taskflow_api_virtualenv.py took 0.023 seconds
[2023-08-24T15:42:34.089+0100] {processor.py:157} INFO - Started process (PID=6778) to work on /home/samuel/dev/airflow_learning/venv/lib/python3.10/site-packages/airflow/example_dags/tutorial_taskflow_api_virtualenv.py
[2023-08-24T15:42:34.122+0100] {processor.py:829} INFO - Processing file /home/samuel/dev/airflow_learning/venv/lib/python3.10/site-packages/airflow/example_dags/tutorial_taskflow_api_virtualenv.py for tasks to queue
[2023-08-24T15:42:34.123+0100] {logging_mixin.py:151} INFO - [2023-08-24T15:42:34.122+0100] {dagbag.py:539} INFO - Filling up the DagBag from /home/samuel/dev/airflow_learning/venv/lib/python3.10/site-packages/airflow/example_dags/tutorial_taskflow_api_virtualenv.py
[2023-08-24T15:42:34.126+0100] {logging_mixin.py:151} INFO - [2023-08-24T15:42:34.126+0100] {tutorial_taskflow_api_virtualenv.py:29} WARNING - The tutorial_taskflow_api_virtualenv example DAG requires virtualenv, please install it.
[2023-08-24T15:42:34.127+0100] {processor.py:841} WARNING - No viable dags retrieved from /home/samuel/dev/airflow_learning/venv/lib/python3.10/site-packages/airflow/example_dags/tutorial_taskflow_api_virtualenv.py
[2023-08-24T15:42:34.140+0100] {processor.py:179} INFO - Processing /home/samuel/dev/airflow_learning/venv/lib/python3.10/site-packages/airflow/example_dags/tutorial_taskflow_api_virtualenv.py took 0.054 seconds
[2023-08-24T15:43:29.059+0100] {processor.py:157} INFO - Started process (PID=6832) to work on /home/samuel/dev/airflow_learning/venv/lib/python3.10/site-packages/airflow/example_dags/tutorial_taskflow_api_virtualenv.py
[2023-08-24T15:43:29.061+0100] {processor.py:829} INFO - Processing file /home/samuel/dev/airflow_learning/venv/lib/python3.10/site-packages/airflow/example_dags/tutorial_taskflow_api_virtualenv.py for tasks to queue
[2023-08-24T15:43:29.062+0100] {logging_mixin.py:151} INFO - [2023-08-24T15:43:29.062+0100] {dagbag.py:539} INFO - Filling up the DagBag from /home/samuel/dev/airflow_learning/venv/lib/python3.10/site-packages/airflow/example_dags/tutorial_taskflow_api_virtualenv.py
[2023-08-24T15:43:29.066+0100] {logging_mixin.py:151} INFO - [2023-08-24T15:43:29.065+0100] {tutorial_taskflow_api_virtualenv.py:29} WARNING - The tutorial_taskflow_api_virtualenv example DAG requires virtualenv, please install it.
[2023-08-24T15:43:29.066+0100] {processor.py:841} WARNING - No viable dags retrieved from /home/samuel/dev/airflow_learning/venv/lib/python3.10/site-packages/airflow/example_dags/tutorial_taskflow_api_virtualenv.py
[2023-08-24T15:43:29.077+0100] {processor.py:179} INFO - Processing /home/samuel/dev/airflow_learning/venv/lib/python3.10/site-packages/airflow/example_dags/tutorial_taskflow_api_virtualenv.py took 0.022 seconds
[2023-08-24T15:44:21.225+0100] {processor.py:157} INFO - Started process (PID=6882) to work on /home/samuel/dev/airflow_learning/venv/lib/python3.10/site-packages/airflow/example_dags/tutorial_taskflow_api_virtualenv.py
[2023-08-24T15:44:21.235+0100] {processor.py:829} INFO - Processing file /home/samuel/dev/airflow_learning/venv/lib/python3.10/site-packages/airflow/example_dags/tutorial_taskflow_api_virtualenv.py for tasks to queue
[2023-08-24T15:44:21.236+0100] {logging_mixin.py:151} INFO - [2023-08-24T15:44:21.236+0100] {dagbag.py:539} INFO - Filling up the DagBag from /home/samuel/dev/airflow_learning/venv/lib/python3.10/site-packages/airflow/example_dags/tutorial_taskflow_api_virtualenv.py
[2023-08-24T15:44:21.240+0100] {logging_mixin.py:151} INFO - [2023-08-24T15:44:21.240+0100] {tutorial_taskflow_api_virtualenv.py:29} WARNING - The tutorial_taskflow_api_virtualenv example DAG requires virtualenv, please install it.
[2023-08-24T15:44:21.240+0100] {processor.py:841} WARNING - No viable dags retrieved from /home/samuel/dev/airflow_learning/venv/lib/python3.10/site-packages/airflow/example_dags/tutorial_taskflow_api_virtualenv.py
[2023-08-24T15:44:21.252+0100] {processor.py:179} INFO - Processing /home/samuel/dev/airflow_learning/venv/lib/python3.10/site-packages/airflow/example_dags/tutorial_taskflow_api_virtualenv.py took 0.031 seconds
[2023-08-24T15:45:12.184+0100] {processor.py:157} INFO - Started process (PID=6932) to work on /home/samuel/dev/airflow_learning/venv/lib/python3.10/site-packages/airflow/example_dags/tutorial_taskflow_api_virtualenv.py
[2023-08-24T15:45:12.209+0100] {processor.py:829} INFO - Processing file /home/samuel/dev/airflow_learning/venv/lib/python3.10/site-packages/airflow/example_dags/tutorial_taskflow_api_virtualenv.py for tasks to queue
[2023-08-24T15:45:12.210+0100] {logging_mixin.py:151} INFO - [2023-08-24T15:45:12.210+0100] {dagbag.py:539} INFO - Filling up the DagBag from /home/samuel/dev/airflow_learning/venv/lib/python3.10/site-packages/airflow/example_dags/tutorial_taskflow_api_virtualenv.py
[2023-08-24T15:45:12.213+0100] {logging_mixin.py:151} INFO - [2023-08-24T15:45:12.213+0100] {tutorial_taskflow_api_virtualenv.py:29} WARNING - The tutorial_taskflow_api_virtualenv example DAG requires virtualenv, please install it.
[2023-08-24T15:45:12.214+0100] {processor.py:841} WARNING - No viable dags retrieved from /home/samuel/dev/airflow_learning/venv/lib/python3.10/site-packages/airflow/example_dags/tutorial_taskflow_api_virtualenv.py
[2023-08-24T15:45:12.226+0100] {processor.py:179} INFO - Processing /home/samuel/dev/airflow_learning/venv/lib/python3.10/site-packages/airflow/example_dags/tutorial_taskflow_api_virtualenv.py took 0.046 seconds
[2023-08-24T15:46:02.583+0100] {processor.py:157} INFO - Started process (PID=6980) to work on /home/samuel/dev/airflow_learning/venv/lib/python3.10/site-packages/airflow/example_dags/tutorial_taskflow_api_virtualenv.py
[2023-08-24T15:46:02.613+0100] {processor.py:829} INFO - Processing file /home/samuel/dev/airflow_learning/venv/lib/python3.10/site-packages/airflow/example_dags/tutorial_taskflow_api_virtualenv.py for tasks to queue
[2023-08-24T15:46:02.614+0100] {logging_mixin.py:151} INFO - [2023-08-24T15:46:02.614+0100] {dagbag.py:539} INFO - Filling up the DagBag from /home/samuel/dev/airflow_learning/venv/lib/python3.10/site-packages/airflow/example_dags/tutorial_taskflow_api_virtualenv.py
[2023-08-24T15:46:02.618+0100] {logging_mixin.py:151} INFO - [2023-08-24T15:46:02.618+0100] {tutorial_taskflow_api_virtualenv.py:29} WARNING - The tutorial_taskflow_api_virtualenv example DAG requires virtualenv, please install it.
[2023-08-24T15:46:02.618+0100] {processor.py:841} WARNING - No viable dags retrieved from /home/samuel/dev/airflow_learning/venv/lib/python3.10/site-packages/airflow/example_dags/tutorial_taskflow_api_virtualenv.py
[2023-08-24T15:46:02.631+0100] {processor.py:179} INFO - Processing /home/samuel/dev/airflow_learning/venv/lib/python3.10/site-packages/airflow/example_dags/tutorial_taskflow_api_virtualenv.py took 0.051 seconds
[2023-08-24T15:46:57.846+0100] {processor.py:157} INFO - Started process (PID=7031) to work on /home/samuel/dev/airflow_learning/venv/lib/python3.10/site-packages/airflow/example_dags/tutorial_taskflow_api_virtualenv.py
[2023-08-24T15:46:57.874+0100] {processor.py:829} INFO - Processing file /home/samuel/dev/airflow_learning/venv/lib/python3.10/site-packages/airflow/example_dags/tutorial_taskflow_api_virtualenv.py for tasks to queue
[2023-08-24T15:46:57.875+0100] {logging_mixin.py:151} INFO - [2023-08-24T15:46:57.874+0100] {dagbag.py:539} INFO - Filling up the DagBag from /home/samuel/dev/airflow_learning/venv/lib/python3.10/site-packages/airflow/example_dags/tutorial_taskflow_api_virtualenv.py
[2023-08-24T15:46:57.878+0100] {logging_mixin.py:151} INFO - [2023-08-24T15:46:57.878+0100] {tutorial_taskflow_api_virtualenv.py:29} WARNING - The tutorial_taskflow_api_virtualenv example DAG requires virtualenv, please install it.
[2023-08-24T15:46:57.879+0100] {processor.py:841} WARNING - No viable dags retrieved from /home/samuel/dev/airflow_learning/venv/lib/python3.10/site-packages/airflow/example_dags/tutorial_taskflow_api_virtualenv.py
[2023-08-24T15:46:57.891+0100] {processor.py:179} INFO - Processing /home/samuel/dev/airflow_learning/venv/lib/python3.10/site-packages/airflow/example_dags/tutorial_taskflow_api_virtualenv.py took 0.049 seconds
[2023-08-24T15:47:49.679+0100] {processor.py:157} INFO - Started process (PID=7080) to work on /home/samuel/dev/airflow_learning/venv/lib/python3.10/site-packages/airflow/example_dags/tutorial_taskflow_api_virtualenv.py
[2023-08-24T15:47:49.711+0100] {processor.py:829} INFO - Processing file /home/samuel/dev/airflow_learning/venv/lib/python3.10/site-packages/airflow/example_dags/tutorial_taskflow_api_virtualenv.py for tasks to queue
[2023-08-24T15:47:49.713+0100] {logging_mixin.py:151} INFO - [2023-08-24T15:47:49.712+0100] {dagbag.py:539} INFO - Filling up the DagBag from /home/samuel/dev/airflow_learning/venv/lib/python3.10/site-packages/airflow/example_dags/tutorial_taskflow_api_virtualenv.py
[2023-08-24T15:47:49.716+0100] {logging_mixin.py:151} INFO - [2023-08-24T15:47:49.716+0100] {tutorial_taskflow_api_virtualenv.py:29} WARNING - The tutorial_taskflow_api_virtualenv example DAG requires virtualenv, please install it.
[2023-08-24T15:47:49.716+0100] {processor.py:841} WARNING - No viable dags retrieved from /home/samuel/dev/airflow_learning/venv/lib/python3.10/site-packages/airflow/example_dags/tutorial_taskflow_api_virtualenv.py
[2023-08-24T15:47:49.729+0100] {processor.py:179} INFO - Processing /home/samuel/dev/airflow_learning/venv/lib/python3.10/site-packages/airflow/example_dags/tutorial_taskflow_api_virtualenv.py took 0.054 seconds
[2023-08-24T15:48:45.290+0100] {processor.py:157} INFO - Started process (PID=7149) to work on /home/samuel/dev/airflow_learning/venv/lib/python3.10/site-packages/airflow/example_dags/tutorial_taskflow_api_virtualenv.py
[2023-08-24T15:48:45.292+0100] {processor.py:829} INFO - Processing file /home/samuel/dev/airflow_learning/venv/lib/python3.10/site-packages/airflow/example_dags/tutorial_taskflow_api_virtualenv.py for tasks to queue
[2023-08-24T15:48:45.293+0100] {logging_mixin.py:151} INFO - [2023-08-24T15:48:45.293+0100] {dagbag.py:539} INFO - Filling up the DagBag from /home/samuel/dev/airflow_learning/venv/lib/python3.10/site-packages/airflow/example_dags/tutorial_taskflow_api_virtualenv.py
[2023-08-24T15:48:45.297+0100] {logging_mixin.py:151} INFO - [2023-08-24T15:48:45.297+0100] {tutorial_taskflow_api_virtualenv.py:29} WARNING - The tutorial_taskflow_api_virtualenv example DAG requires virtualenv, please install it.
[2023-08-24T15:48:45.297+0100] {processor.py:841} WARNING - No viable dags retrieved from /home/samuel/dev/airflow_learning/venv/lib/python3.10/site-packages/airflow/example_dags/tutorial_taskflow_api_virtualenv.py
[2023-08-24T15:48:45.309+0100] {processor.py:179} INFO - Processing /home/samuel/dev/airflow_learning/venv/lib/python3.10/site-packages/airflow/example_dags/tutorial_taskflow_api_virtualenv.py took 0.023 seconds
[2023-08-24T15:49:34.969+0100] {processor.py:157} INFO - Started process (PID=7197) to work on /home/samuel/dev/airflow_learning/venv/lib/python3.10/site-packages/airflow/example_dags/tutorial_taskflow_api_virtualenv.py
[2023-08-24T15:49:35.009+0100] {processor.py:829} INFO - Processing file /home/samuel/dev/airflow_learning/venv/lib/python3.10/site-packages/airflow/example_dags/tutorial_taskflow_api_virtualenv.py for tasks to queue
[2023-08-24T15:49:35.010+0100] {logging_mixin.py:151} INFO - [2023-08-24T15:49:35.010+0100] {dagbag.py:539} INFO - Filling up the DagBag from /home/samuel/dev/airflow_learning/venv/lib/python3.10/site-packages/airflow/example_dags/tutorial_taskflow_api_virtualenv.py
[2023-08-24T15:49:35.014+0100] {logging_mixin.py:151} INFO - [2023-08-24T15:49:35.014+0100] {tutorial_taskflow_api_virtualenv.py:29} WARNING - The tutorial_taskflow_api_virtualenv example DAG requires virtualenv, please install it.
[2023-08-24T15:49:35.014+0100] {processor.py:841} WARNING - No viable dags retrieved from /home/samuel/dev/airflow_learning/venv/lib/python3.10/site-packages/airflow/example_dags/tutorial_taskflow_api_virtualenv.py
[2023-08-24T15:49:35.027+0100] {processor.py:179} INFO - Processing /home/samuel/dev/airflow_learning/venv/lib/python3.10/site-packages/airflow/example_dags/tutorial_taskflow_api_virtualenv.py took 0.062 seconds
[2023-08-24T15:50:22.574+0100] {processor.py:157} INFO - Started process (PID=7243) to work on /home/samuel/dev/airflow_learning/venv/lib/python3.10/site-packages/airflow/example_dags/tutorial_taskflow_api_virtualenv.py
[2023-08-24T15:50:22.582+0100] {processor.py:829} INFO - Processing file /home/samuel/dev/airflow_learning/venv/lib/python3.10/site-packages/airflow/example_dags/tutorial_taskflow_api_virtualenv.py for tasks to queue
[2023-08-24T15:50:22.583+0100] {logging_mixin.py:151} INFO - [2023-08-24T15:50:22.582+0100] {dagbag.py:539} INFO - Filling up the DagBag from /home/samuel/dev/airflow_learning/venv/lib/python3.10/site-packages/airflow/example_dags/tutorial_taskflow_api_virtualenv.py
[2023-08-24T15:50:22.586+0100] {logging_mixin.py:151} INFO - [2023-08-24T15:50:22.586+0100] {tutorial_taskflow_api_virtualenv.py:29} WARNING - The tutorial_taskflow_api_virtualenv example DAG requires virtualenv, please install it.
[2023-08-24T15:50:22.586+0100] {processor.py:841} WARNING - No viable dags retrieved from /home/samuel/dev/airflow_learning/venv/lib/python3.10/site-packages/airflow/example_dags/tutorial_taskflow_api_virtualenv.py
[2023-08-24T15:50:22.599+0100] {processor.py:179} INFO - Processing /home/samuel/dev/airflow_learning/venv/lib/python3.10/site-packages/airflow/example_dags/tutorial_taskflow_api_virtualenv.py took 0.029 seconds
[2023-08-24T15:51:15.734+0100] {processor.py:157} INFO - Started process (PID=7292) to work on /home/samuel/dev/airflow_learning/venv/lib/python3.10/site-packages/airflow/example_dags/tutorial_taskflow_api_virtualenv.py
[2023-08-24T15:51:15.737+0100] {processor.py:829} INFO - Processing file /home/samuel/dev/airflow_learning/venv/lib/python3.10/site-packages/airflow/example_dags/tutorial_taskflow_api_virtualenv.py for tasks to queue
[2023-08-24T15:51:15.738+0100] {logging_mixin.py:151} INFO - [2023-08-24T15:51:15.738+0100] {dagbag.py:539} INFO - Filling up the DagBag from /home/samuel/dev/airflow_learning/venv/lib/python3.10/site-packages/airflow/example_dags/tutorial_taskflow_api_virtualenv.py
[2023-08-24T15:51:15.741+0100] {logging_mixin.py:151} INFO - [2023-08-24T15:51:15.741+0100] {tutorial_taskflow_api_virtualenv.py:29} WARNING - The tutorial_taskflow_api_virtualenv example DAG requires virtualenv, please install it.
[2023-08-24T15:51:15.742+0100] {processor.py:841} WARNING - No viable dags retrieved from /home/samuel/dev/airflow_learning/venv/lib/python3.10/site-packages/airflow/example_dags/tutorial_taskflow_api_virtualenv.py
[2023-08-24T15:51:15.754+0100] {processor.py:179} INFO - Processing /home/samuel/dev/airflow_learning/venv/lib/python3.10/site-packages/airflow/example_dags/tutorial_taskflow_api_virtualenv.py took 0.024 seconds
[2023-08-24T15:52:06.458+0100] {processor.py:157} INFO - Started process (PID=7350) to work on /home/samuel/dev/airflow_learning/venv/lib/python3.10/site-packages/airflow/example_dags/tutorial_taskflow_api_virtualenv.py
[2023-08-24T15:52:06.494+0100] {processor.py:829} INFO - Processing file /home/samuel/dev/airflow_learning/venv/lib/python3.10/site-packages/airflow/example_dags/tutorial_taskflow_api_virtualenv.py for tasks to queue
[2023-08-24T15:52:06.495+0100] {logging_mixin.py:151} INFO - [2023-08-24T15:52:06.495+0100] {dagbag.py:539} INFO - Filling up the DagBag from /home/samuel/dev/airflow_learning/venv/lib/python3.10/site-packages/airflow/example_dags/tutorial_taskflow_api_virtualenv.py
[2023-08-24T15:52:06.497+0100] {logging_mixin.py:151} INFO - [2023-08-24T15:52:06.497+0100] {tutorial_taskflow_api_virtualenv.py:29} WARNING - The tutorial_taskflow_api_virtualenv example DAG requires virtualenv, please install it.
[2023-08-24T15:52:06.498+0100] {processor.py:841} WARNING - No viable dags retrieved from /home/samuel/dev/airflow_learning/venv/lib/python3.10/site-packages/airflow/example_dags/tutorial_taskflow_api_virtualenv.py
[2023-08-24T15:52:06.507+0100] {processor.py:179} INFO - Processing /home/samuel/dev/airflow_learning/venv/lib/python3.10/site-packages/airflow/example_dags/tutorial_taskflow_api_virtualenv.py took 0.053 seconds
[2023-08-24T15:52:54.397+0100] {processor.py:157} INFO - Started process (PID=7397) to work on /home/samuel/dev/airflow_learning/venv/lib/python3.10/site-packages/airflow/example_dags/tutorial_taskflow_api_virtualenv.py
[2023-08-24T15:52:54.399+0100] {processor.py:829} INFO - Processing file /home/samuel/dev/airflow_learning/venv/lib/python3.10/site-packages/airflow/example_dags/tutorial_taskflow_api_virtualenv.py for tasks to queue
[2023-08-24T15:52:54.400+0100] {logging_mixin.py:151} INFO - [2023-08-24T15:52:54.400+0100] {dagbag.py:539} INFO - Filling up the DagBag from /home/samuel/dev/airflow_learning/venv/lib/python3.10/site-packages/airflow/example_dags/tutorial_taskflow_api_virtualenv.py
[2023-08-24T15:52:54.404+0100] {logging_mixin.py:151} INFO - [2023-08-24T15:52:54.404+0100] {tutorial_taskflow_api_virtualenv.py:29} WARNING - The tutorial_taskflow_api_virtualenv example DAG requires virtualenv, please install it.
[2023-08-24T15:52:54.404+0100] {processor.py:841} WARNING - No viable dags retrieved from /home/samuel/dev/airflow_learning/venv/lib/python3.10/site-packages/airflow/example_dags/tutorial_taskflow_api_virtualenv.py
[2023-08-24T15:52:54.415+0100] {processor.py:179} INFO - Processing /home/samuel/dev/airflow_learning/venv/lib/python3.10/site-packages/airflow/example_dags/tutorial_taskflow_api_virtualenv.py took 0.022 seconds
[2023-08-24T15:53:48.642+0100] {processor.py:157} INFO - Started process (PID=7519) to work on /home/samuel/dev/airflow_learning/venv/lib/python3.10/site-packages/airflow/example_dags/tutorial_taskflow_api_virtualenv.py
[2023-08-24T15:53:48.653+0100] {processor.py:829} INFO - Processing file /home/samuel/dev/airflow_learning/venv/lib/python3.10/site-packages/airflow/example_dags/tutorial_taskflow_api_virtualenv.py for tasks to queue
[2023-08-24T15:53:48.655+0100] {logging_mixin.py:151} INFO - [2023-08-24T15:53:48.654+0100] {dagbag.py:539} INFO - Filling up the DagBag from /home/samuel/dev/airflow_learning/venv/lib/python3.10/site-packages/airflow/example_dags/tutorial_taskflow_api_virtualenv.py
[2023-08-24T15:53:48.658+0100] {logging_mixin.py:151} INFO - [2023-08-24T15:53:48.658+0100] {tutorial_taskflow_api_virtualenv.py:29} WARNING - The tutorial_taskflow_api_virtualenv example DAG requires virtualenv, please install it.
[2023-08-24T15:53:48.658+0100] {processor.py:841} WARNING - No viable dags retrieved from /home/samuel/dev/airflow_learning/venv/lib/python3.10/site-packages/airflow/example_dags/tutorial_taskflow_api_virtualenv.py
[2023-08-24T15:53:48.671+0100] {processor.py:179} INFO - Processing /home/samuel/dev/airflow_learning/venv/lib/python3.10/site-packages/airflow/example_dags/tutorial_taskflow_api_virtualenv.py took 0.033 seconds
[2023-08-24T15:54:55.234+0100] {processor.py:157} INFO - Started process (PID=7606) to work on /home/samuel/dev/airflow_learning/venv/lib/python3.10/site-packages/airflow/example_dags/tutorial_taskflow_api_virtualenv.py
[2023-08-24T15:54:55.268+0100] {processor.py:829} INFO - Processing file /home/samuel/dev/airflow_learning/venv/lib/python3.10/site-packages/airflow/example_dags/tutorial_taskflow_api_virtualenv.py for tasks to queue
[2023-08-24T15:54:55.269+0100] {logging_mixin.py:151} INFO - [2023-08-24T15:54:55.269+0100] {dagbag.py:539} INFO - Filling up the DagBag from /home/samuel/dev/airflow_learning/venv/lib/python3.10/site-packages/airflow/example_dags/tutorial_taskflow_api_virtualenv.py
[2023-08-24T15:54:55.273+0100] {logging_mixin.py:151} INFO - [2023-08-24T15:54:55.272+0100] {tutorial_taskflow_api_virtualenv.py:29} WARNING - The tutorial_taskflow_api_virtualenv example DAG requires virtualenv, please install it.
[2023-08-24T15:54:55.273+0100] {processor.py:841} WARNING - No viable dags retrieved from /home/samuel/dev/airflow_learning/venv/lib/python3.10/site-packages/airflow/example_dags/tutorial_taskflow_api_virtualenv.py
[2023-08-24T15:54:55.285+0100] {processor.py:179} INFO - Processing /home/samuel/dev/airflow_learning/venv/lib/python3.10/site-packages/airflow/example_dags/tutorial_taskflow_api_virtualenv.py took 0.055 seconds
[2023-08-24T15:55:53.391+0100] {processor.py:157} INFO - Started process (PID=7698) to work on /home/samuel/dev/airflow_learning/venv/lib/python3.10/site-packages/airflow/example_dags/tutorial_taskflow_api_virtualenv.py
[2023-08-24T15:55:53.420+0100] {processor.py:829} INFO - Processing file /home/samuel/dev/airflow_learning/venv/lib/python3.10/site-packages/airflow/example_dags/tutorial_taskflow_api_virtualenv.py for tasks to queue
[2023-08-24T15:55:53.421+0100] {logging_mixin.py:151} INFO - [2023-08-24T15:55:53.421+0100] {dagbag.py:539} INFO - Filling up the DagBag from /home/samuel/dev/airflow_learning/venv/lib/python3.10/site-packages/airflow/example_dags/tutorial_taskflow_api_virtualenv.py
[2023-08-24T15:55:53.424+0100] {logging_mixin.py:151} INFO - [2023-08-24T15:55:53.424+0100] {tutorial_taskflow_api_virtualenv.py:29} WARNING - The tutorial_taskflow_api_virtualenv example DAG requires virtualenv, please install it.
[2023-08-24T15:55:53.425+0100] {processor.py:841} WARNING - No viable dags retrieved from /home/samuel/dev/airflow_learning/venv/lib/python3.10/site-packages/airflow/example_dags/tutorial_taskflow_api_virtualenv.py
[2023-08-24T15:55:53.437+0100] {processor.py:179} INFO - Processing /home/samuel/dev/airflow_learning/venv/lib/python3.10/site-packages/airflow/example_dags/tutorial_taskflow_api_virtualenv.py took 0.050 seconds
[2023-08-24T15:56:44.925+0100] {processor.py:157} INFO - Started process (PID=7846) to work on /home/samuel/dev/airflow_learning/venv/lib/python3.10/site-packages/airflow/example_dags/tutorial_taskflow_api_virtualenv.py
[2023-08-24T15:56:44.936+0100] {processor.py:829} INFO - Processing file /home/samuel/dev/airflow_learning/venv/lib/python3.10/site-packages/airflow/example_dags/tutorial_taskflow_api_virtualenv.py for tasks to queue
[2023-08-24T15:56:44.937+0100] {logging_mixin.py:151} INFO - [2023-08-24T15:56:44.937+0100] {dagbag.py:539} INFO - Filling up the DagBag from /home/samuel/dev/airflow_learning/venv/lib/python3.10/site-packages/airflow/example_dags/tutorial_taskflow_api_virtualenv.py
[2023-08-24T15:56:44.940+0100] {logging_mixin.py:151} INFO - [2023-08-24T15:56:44.940+0100] {tutorial_taskflow_api_virtualenv.py:29} WARNING - The tutorial_taskflow_api_virtualenv example DAG requires virtualenv, please install it.
[2023-08-24T15:56:44.941+0100] {processor.py:841} WARNING - No viable dags retrieved from /home/samuel/dev/airflow_learning/venv/lib/python3.10/site-packages/airflow/example_dags/tutorial_taskflow_api_virtualenv.py
[2023-08-24T15:56:44.952+0100] {processor.py:179} INFO - Processing /home/samuel/dev/airflow_learning/venv/lib/python3.10/site-packages/airflow/example_dags/tutorial_taskflow_api_virtualenv.py took 0.031 seconds
[2023-08-24T15:57:36.271+0100] {processor.py:157} INFO - Started process (PID=7895) to work on /home/samuel/dev/airflow_learning/venv/lib/python3.10/site-packages/airflow/example_dags/tutorial_taskflow_api_virtualenv.py
[2023-08-24T15:57:36.309+0100] {processor.py:829} INFO - Processing file /home/samuel/dev/airflow_learning/venv/lib/python3.10/site-packages/airflow/example_dags/tutorial_taskflow_api_virtualenv.py for tasks to queue
[2023-08-24T15:57:36.311+0100] {logging_mixin.py:151} INFO - [2023-08-24T15:57:36.310+0100] {dagbag.py:539} INFO - Filling up the DagBag from /home/samuel/dev/airflow_learning/venv/lib/python3.10/site-packages/airflow/example_dags/tutorial_taskflow_api_virtualenv.py
[2023-08-24T15:57:36.314+0100] {logging_mixin.py:151} INFO - [2023-08-24T15:57:36.314+0100] {tutorial_taskflow_api_virtualenv.py:29} WARNING - The tutorial_taskflow_api_virtualenv example DAG requires virtualenv, please install it.
[2023-08-24T15:57:36.314+0100] {processor.py:841} WARNING - No viable dags retrieved from /home/samuel/dev/airflow_learning/venv/lib/python3.10/site-packages/airflow/example_dags/tutorial_taskflow_api_virtualenv.py
[2023-08-24T15:57:36.327+0100] {processor.py:179} INFO - Processing /home/samuel/dev/airflow_learning/venv/lib/python3.10/site-packages/airflow/example_dags/tutorial_taskflow_api_virtualenv.py took 0.060 seconds
[2023-08-24T15:58:28.957+0100] {processor.py:157} INFO - Started process (PID=7954) to work on /home/samuel/dev/airflow_learning/venv/lib/python3.10/site-packages/airflow/example_dags/tutorial_taskflow_api_virtualenv.py
[2023-08-24T15:58:28.972+0100] {processor.py:829} INFO - Processing file /home/samuel/dev/airflow_learning/venv/lib/python3.10/site-packages/airflow/example_dags/tutorial_taskflow_api_virtualenv.py for tasks to queue
[2023-08-24T15:58:28.973+0100] {logging_mixin.py:151} INFO - [2023-08-24T15:58:28.973+0100] {dagbag.py:539} INFO - Filling up the DagBag from /home/samuel/dev/airflow_learning/venv/lib/python3.10/site-packages/airflow/example_dags/tutorial_taskflow_api_virtualenv.py
[2023-08-24T15:58:28.977+0100] {logging_mixin.py:151} INFO - [2023-08-24T15:58:28.976+0100] {tutorial_taskflow_api_virtualenv.py:29} WARNING - The tutorial_taskflow_api_virtualenv example DAG requires virtualenv, please install it.
[2023-08-24T15:58:28.977+0100] {processor.py:841} WARNING - No viable dags retrieved from /home/samuel/dev/airflow_learning/venv/lib/python3.10/site-packages/airflow/example_dags/tutorial_taskflow_api_virtualenv.py
[2023-08-24T15:58:28.989+0100] {processor.py:179} INFO - Processing /home/samuel/dev/airflow_learning/venv/lib/python3.10/site-packages/airflow/example_dags/tutorial_taskflow_api_virtualenv.py took 0.036 seconds
[2023-08-24T15:59:23.274+0100] {processor.py:157} INFO - Started process (PID=8039) to work on /home/samuel/dev/airflow_learning/venv/lib/python3.10/site-packages/airflow/example_dags/tutorial_taskflow_api_virtualenv.py
[2023-08-24T15:59:23.312+0100] {processor.py:829} INFO - Processing file /home/samuel/dev/airflow_learning/venv/lib/python3.10/site-packages/airflow/example_dags/tutorial_taskflow_api_virtualenv.py for tasks to queue
[2023-08-24T15:59:23.313+0100] {logging_mixin.py:151} INFO - [2023-08-24T15:59:23.312+0100] {dagbag.py:539} INFO - Filling up the DagBag from /home/samuel/dev/airflow_learning/venv/lib/python3.10/site-packages/airflow/example_dags/tutorial_taskflow_api_virtualenv.py
[2023-08-24T15:59:23.316+0100] {logging_mixin.py:151} INFO - [2023-08-24T15:59:23.316+0100] {tutorial_taskflow_api_virtualenv.py:29} WARNING - The tutorial_taskflow_api_virtualenv example DAG requires virtualenv, please install it.
[2023-08-24T15:59:23.317+0100] {processor.py:841} WARNING - No viable dags retrieved from /home/samuel/dev/airflow_learning/venv/lib/python3.10/site-packages/airflow/example_dags/tutorial_taskflow_api_virtualenv.py
[2023-08-24T15:59:23.329+0100] {processor.py:179} INFO - Processing /home/samuel/dev/airflow_learning/venv/lib/python3.10/site-packages/airflow/example_dags/tutorial_taskflow_api_virtualenv.py took 0.058 seconds
[2023-08-24T16:00:21.006+0100] {processor.py:157} INFO - Started process (PID=8264) to work on /home/samuel/dev/airflow_learning/venv/lib/python3.10/site-packages/airflow/example_dags/tutorial_taskflow_api_virtualenv.py
[2023-08-24T16:00:21.250+0100] {processor.py:829} INFO - Processing file /home/samuel/dev/airflow_learning/venv/lib/python3.10/site-packages/airflow/example_dags/tutorial_taskflow_api_virtualenv.py for tasks to queue
[2023-08-24T16:00:21.251+0100] {logging_mixin.py:151} INFO - [2023-08-24T16:00:21.250+0100] {dagbag.py:539} INFO - Filling up the DagBag from /home/samuel/dev/airflow_learning/venv/lib/python3.10/site-packages/airflow/example_dags/tutorial_taskflow_api_virtualenv.py
[2023-08-24T16:00:21.254+0100] {logging_mixin.py:151} INFO - [2023-08-24T16:00:21.253+0100] {tutorial_taskflow_api_virtualenv.py:29} WARNING - The tutorial_taskflow_api_virtualenv example DAG requires virtualenv, please install it.
[2023-08-24T16:00:21.254+0100] {processor.py:841} WARNING - No viable dags retrieved from /home/samuel/dev/airflow_learning/venv/lib/python3.10/site-packages/airflow/example_dags/tutorial_taskflow_api_virtualenv.py
[2023-08-24T16:00:21.266+0100] {processor.py:179} INFO - Processing /home/samuel/dev/airflow_learning/venv/lib/python3.10/site-packages/airflow/example_dags/tutorial_taskflow_api_virtualenv.py took 0.263 seconds
[2023-08-24T16:01:14.449+0100] {processor.py:157} INFO - Started process (PID=8354) to work on /home/samuel/dev/airflow_learning/venv/lib/python3.10/site-packages/airflow/example_dags/tutorial_taskflow_api_virtualenv.py
[2023-08-24T16:01:14.466+0100] {processor.py:829} INFO - Processing file /home/samuel/dev/airflow_learning/venv/lib/python3.10/site-packages/airflow/example_dags/tutorial_taskflow_api_virtualenv.py for tasks to queue
[2023-08-24T16:01:14.467+0100] {logging_mixin.py:151} INFO - [2023-08-24T16:01:14.466+0100] {dagbag.py:539} INFO - Filling up the DagBag from /home/samuel/dev/airflow_learning/venv/lib/python3.10/site-packages/airflow/example_dags/tutorial_taskflow_api_virtualenv.py
[2023-08-24T16:01:14.469+0100] {logging_mixin.py:151} INFO - [2023-08-24T16:01:14.469+0100] {tutorial_taskflow_api_virtualenv.py:29} WARNING - The tutorial_taskflow_api_virtualenv example DAG requires virtualenv, please install it.
[2023-08-24T16:01:14.469+0100] {processor.py:841} WARNING - No viable dags retrieved from /home/samuel/dev/airflow_learning/venv/lib/python3.10/site-packages/airflow/example_dags/tutorial_taskflow_api_virtualenv.py
[2023-08-24T16:01:14.479+0100] {processor.py:179} INFO - Processing /home/samuel/dev/airflow_learning/venv/lib/python3.10/site-packages/airflow/example_dags/tutorial_taskflow_api_virtualenv.py took 0.033 seconds
[2023-08-24T16:02:09.401+0100] {processor.py:157} INFO - Started process (PID=8444) to work on /home/samuel/dev/airflow_learning/venv/lib/python3.10/site-packages/airflow/example_dags/tutorial_taskflow_api_virtualenv.py
[2023-08-24T16:02:09.419+0100] {processor.py:829} INFO - Processing file /home/samuel/dev/airflow_learning/venv/lib/python3.10/site-packages/airflow/example_dags/tutorial_taskflow_api_virtualenv.py for tasks to queue
[2023-08-24T16:02:09.420+0100] {logging_mixin.py:151} INFO - [2023-08-24T16:02:09.419+0100] {dagbag.py:539} INFO - Filling up the DagBag from /home/samuel/dev/airflow_learning/venv/lib/python3.10/site-packages/airflow/example_dags/tutorial_taskflow_api_virtualenv.py
[2023-08-24T16:02:09.423+0100] {logging_mixin.py:151} INFO - [2023-08-24T16:02:09.423+0100] {tutorial_taskflow_api_virtualenv.py:29} WARNING - The tutorial_taskflow_api_virtualenv example DAG requires virtualenv, please install it.
[2023-08-24T16:02:09.423+0100] {processor.py:841} WARNING - No viable dags retrieved from /home/samuel/dev/airflow_learning/venv/lib/python3.10/site-packages/airflow/example_dags/tutorial_taskflow_api_virtualenv.py
[2023-08-24T16:02:09.434+0100] {processor.py:179} INFO - Processing /home/samuel/dev/airflow_learning/venv/lib/python3.10/site-packages/airflow/example_dags/tutorial_taskflow_api_virtualenv.py took 0.037 seconds
[2023-08-24T16:03:00.169+0100] {processor.py:157} INFO - Started process (PID=8497) to work on /home/samuel/dev/airflow_learning/venv/lib/python3.10/site-packages/airflow/example_dags/tutorial_taskflow_api_virtualenv.py
[2023-08-24T16:03:00.199+0100] {processor.py:829} INFO - Processing file /home/samuel/dev/airflow_learning/venv/lib/python3.10/site-packages/airflow/example_dags/tutorial_taskflow_api_virtualenv.py for tasks to queue
[2023-08-24T16:03:00.200+0100] {logging_mixin.py:151} INFO - [2023-08-24T16:03:00.200+0100] {dagbag.py:539} INFO - Filling up the DagBag from /home/samuel/dev/airflow_learning/venv/lib/python3.10/site-packages/airflow/example_dags/tutorial_taskflow_api_virtualenv.py
[2023-08-24T16:03:00.203+0100] {logging_mixin.py:151} INFO - [2023-08-24T16:03:00.203+0100] {tutorial_taskflow_api_virtualenv.py:29} WARNING - The tutorial_taskflow_api_virtualenv example DAG requires virtualenv, please install it.
[2023-08-24T16:03:00.204+0100] {processor.py:841} WARNING - No viable dags retrieved from /home/samuel/dev/airflow_learning/venv/lib/python3.10/site-packages/airflow/example_dags/tutorial_taskflow_api_virtualenv.py
[2023-08-24T16:03:00.216+0100] {processor.py:179} INFO - Processing /home/samuel/dev/airflow_learning/venv/lib/python3.10/site-packages/airflow/example_dags/tutorial_taskflow_api_virtualenv.py took 0.050 seconds
[2023-08-24T16:03:53.998+0100] {processor.py:157} INFO - Started process (PID=8575) to work on /home/samuel/dev/airflow_learning/venv/lib/python3.10/site-packages/airflow/example_dags/tutorial_taskflow_api_virtualenv.py
[2023-08-24T16:03:54.025+0100] {processor.py:829} INFO - Processing file /home/samuel/dev/airflow_learning/venv/lib/python3.10/site-packages/airflow/example_dags/tutorial_taskflow_api_virtualenv.py for tasks to queue
[2023-08-24T16:03:54.026+0100] {logging_mixin.py:151} INFO - [2023-08-24T16:03:54.026+0100] {dagbag.py:539} INFO - Filling up the DagBag from /home/samuel/dev/airflow_learning/venv/lib/python3.10/site-packages/airflow/example_dags/tutorial_taskflow_api_virtualenv.py
[2023-08-24T16:03:54.030+0100] {logging_mixin.py:151} INFO - [2023-08-24T16:03:54.030+0100] {tutorial_taskflow_api_virtualenv.py:29} WARNING - The tutorial_taskflow_api_virtualenv example DAG requires virtualenv, please install it.
[2023-08-24T16:03:54.030+0100] {processor.py:841} WARNING - No viable dags retrieved from /home/samuel/dev/airflow_learning/venv/lib/python3.10/site-packages/airflow/example_dags/tutorial_taskflow_api_virtualenv.py
[2023-08-24T16:03:54.043+0100] {processor.py:179} INFO - Processing /home/samuel/dev/airflow_learning/venv/lib/python3.10/site-packages/airflow/example_dags/tutorial_taskflow_api_virtualenv.py took 0.049 seconds
