[2023-08-24T15:22:29.905+0100] {processor.py:157} INFO - Started process (PID=5358) to work on /home/samuel/dev/airflow_learning/venv/lib/python3.10/site-packages/airflow/example_dags/tutorial_taskflow_api.py
[2023-08-24T15:22:29.907+0100] {processor.py:829} INFO - Processing file /home/samuel/dev/airflow_learning/venv/lib/python3.10/site-packages/airflow/example_dags/tutorial_taskflow_api.py for tasks to queue
[2023-08-24T15:22:29.908+0100] {logging_mixin.py:151} INFO - [2023-08-24T15:22:29.907+0100] {dagbag.py:539} INFO - Filling up the DagBag from /home/samuel/dev/airflow_learning/venv/lib/python3.10/site-packages/airflow/example_dags/tutorial_taskflow_api.py
[2023-08-24T15:22:29.915+0100] {processor.py:839} INFO - DAG(s) dict_keys(['tutorial_taskflow_api']) retrieved from /home/samuel/dev/airflow_learning/venv/lib/python3.10/site-packages/airflow/example_dags/tutorial_taskflow_api.py
[2023-08-24T15:22:30.244+0100] {logging_mixin.py:151} INFO - [2023-08-24T15:22:30.243+0100] {manager.py:501} INFO - Created Permission View: can edit on DAG:tutorial_taskflow_api
[2023-08-24T15:22:30.356+0100] {logging_mixin.py:151} INFO - [2023-08-24T15:22:30.355+0100] {manager.py:501} INFO - Created Permission View: can delete on DAG:tutorial_taskflow_api
[2023-08-24T15:22:30.467+0100] {logging_mixin.py:151} INFO - [2023-08-24T15:22:30.466+0100] {manager.py:501} INFO - Created Permission View: can read on DAG:tutorial_taskflow_api
[2023-08-24T15:22:30.515+0100] {logging_mixin.py:151} INFO - [2023-08-24T15:22:30.514+0100] {dag.py:2907} INFO - Sync 1 DAGs
[2023-08-24T15:22:30.540+0100] {logging_mixin.py:151} INFO - [2023-08-24T15:22:30.540+0100] {dag.py:2929} INFO - Creating ORM DAG for tutorial_taskflow_api
[2023-08-24T15:22:30.541+0100] {logging_mixin.py:151} INFO - [2023-08-24T15:22:30.541+0100] {dag.py:3677} INFO - Setting next_dagrun for tutorial_taskflow_api to None, run_after=None
[2023-08-24T15:22:30.690+0100] {processor.py:179} INFO - Processing /home/samuel/dev/airflow_learning/venv/lib/python3.10/site-packages/airflow/example_dags/tutorial_taskflow_api.py took 0.788 seconds
[2023-08-24T15:23:45.808+0100] {processor.py:157} INFO - Started process (PID=5422) to work on /home/samuel/dev/airflow_learning/venv/lib/python3.10/site-packages/airflow/example_dags/tutorial_taskflow_api.py
[2023-08-24T15:23:45.838+0100] {processor.py:829} INFO - Processing file /home/samuel/dev/airflow_learning/venv/lib/python3.10/site-packages/airflow/example_dags/tutorial_taskflow_api.py for tasks to queue
[2023-08-24T15:23:45.839+0100] {logging_mixin.py:151} INFO - [2023-08-24T15:23:45.839+0100] {dagbag.py:539} INFO - Filling up the DagBag from /home/samuel/dev/airflow_learning/venv/lib/python3.10/site-packages/airflow/example_dags/tutorial_taskflow_api.py
[2023-08-24T15:23:45.848+0100] {processor.py:839} INFO - DAG(s) dict_keys(['tutorial_taskflow_api']) retrieved from /home/samuel/dev/airflow_learning/venv/lib/python3.10/site-packages/airflow/example_dags/tutorial_taskflow_api.py
[2023-08-24T15:23:45.870+0100] {logging_mixin.py:151} INFO - [2023-08-24T15:23:45.869+0100] {dag.py:2907} INFO - Sync 1 DAGs
[2023-08-24T15:23:45.884+0100] {logging_mixin.py:151} INFO - [2023-08-24T15:23:45.884+0100] {dag.py:3677} INFO - Setting next_dagrun for tutorial_taskflow_api to None, run_after=None
[2023-08-24T15:23:46.002+0100] {processor.py:179} INFO - Processing /home/samuel/dev/airflow_learning/venv/lib/python3.10/site-packages/airflow/example_dags/tutorial_taskflow_api.py took 0.197 seconds
[2023-08-24T15:24:40.666+0100] {processor.py:157} INFO - Started process (PID=5480) to work on /home/samuel/dev/airflow_learning/venv/lib/python3.10/site-packages/airflow/example_dags/tutorial_taskflow_api.py
[2023-08-24T15:24:40.669+0100] {processor.py:829} INFO - Processing file /home/samuel/dev/airflow_learning/venv/lib/python3.10/site-packages/airflow/example_dags/tutorial_taskflow_api.py for tasks to queue
[2023-08-24T15:24:40.670+0100] {logging_mixin.py:151} INFO - [2023-08-24T15:24:40.669+0100] {dagbag.py:539} INFO - Filling up the DagBag from /home/samuel/dev/airflow_learning/venv/lib/python3.10/site-packages/airflow/example_dags/tutorial_taskflow_api.py
[2023-08-24T15:24:40.677+0100] {processor.py:839} INFO - DAG(s) dict_keys(['tutorial_taskflow_api']) retrieved from /home/samuel/dev/airflow_learning/venv/lib/python3.10/site-packages/airflow/example_dags/tutorial_taskflow_api.py
[2023-08-24T15:24:40.697+0100] {logging_mixin.py:151} INFO - [2023-08-24T15:24:40.696+0100] {dag.py:2907} INFO - Sync 1 DAGs
[2023-08-24T15:24:40.708+0100] {logging_mixin.py:151} INFO - [2023-08-24T15:24:40.708+0100] {dag.py:3677} INFO - Setting next_dagrun for tutorial_taskflow_api to None, run_after=None
[2023-08-24T15:24:40.837+0100] {processor.py:179} INFO - Processing /home/samuel/dev/airflow_learning/venv/lib/python3.10/site-packages/airflow/example_dags/tutorial_taskflow_api.py took 0.175 seconds
[2023-08-24T15:25:28.671+0100] {processor.py:157} INFO - Started process (PID=5529) to work on /home/samuel/dev/airflow_learning/venv/lib/python3.10/site-packages/airflow/example_dags/tutorial_taskflow_api.py
[2023-08-24T15:25:28.673+0100] {processor.py:829} INFO - Processing file /home/samuel/dev/airflow_learning/venv/lib/python3.10/site-packages/airflow/example_dags/tutorial_taskflow_api.py for tasks to queue
[2023-08-24T15:25:28.674+0100] {logging_mixin.py:151} INFO - [2023-08-24T15:25:28.674+0100] {dagbag.py:539} INFO - Filling up the DagBag from /home/samuel/dev/airflow_learning/venv/lib/python3.10/site-packages/airflow/example_dags/tutorial_taskflow_api.py
[2023-08-24T15:25:28.682+0100] {processor.py:839} INFO - DAG(s) dict_keys(['tutorial_taskflow_api']) retrieved from /home/samuel/dev/airflow_learning/venv/lib/python3.10/site-packages/airflow/example_dags/tutorial_taskflow_api.py
[2023-08-24T15:25:28.700+0100] {logging_mixin.py:151} INFO - [2023-08-24T15:25:28.700+0100] {dag.py:2907} INFO - Sync 1 DAGs
[2023-08-24T15:25:28.712+0100] {logging_mixin.py:151} INFO - [2023-08-24T15:25:28.711+0100] {dag.py:3677} INFO - Setting next_dagrun for tutorial_taskflow_api to None, run_after=None
[2023-08-24T15:25:28.832+0100] {processor.py:179} INFO - Processing /home/samuel/dev/airflow_learning/venv/lib/python3.10/site-packages/airflow/example_dags/tutorial_taskflow_api.py took 0.165 seconds
[2023-08-24T15:26:23.798+0100] {processor.py:157} INFO - Started process (PID=5580) to work on /home/samuel/dev/airflow_learning/venv/lib/python3.10/site-packages/airflow/example_dags/tutorial_taskflow_api.py
[2023-08-24T15:26:23.801+0100] {processor.py:829} INFO - Processing file /home/samuel/dev/airflow_learning/venv/lib/python3.10/site-packages/airflow/example_dags/tutorial_taskflow_api.py for tasks to queue
[2023-08-24T15:26:23.802+0100] {logging_mixin.py:151} INFO - [2023-08-24T15:26:23.802+0100] {dagbag.py:539} INFO - Filling up the DagBag from /home/samuel/dev/airflow_learning/venv/lib/python3.10/site-packages/airflow/example_dags/tutorial_taskflow_api.py
[2023-08-24T15:26:23.810+0100] {processor.py:839} INFO - DAG(s) dict_keys(['tutorial_taskflow_api']) retrieved from /home/samuel/dev/airflow_learning/venv/lib/python3.10/site-packages/airflow/example_dags/tutorial_taskflow_api.py
[2023-08-24T15:26:23.828+0100] {logging_mixin.py:151} INFO - [2023-08-24T15:26:23.827+0100] {dag.py:2907} INFO - Sync 1 DAGs
[2023-08-24T15:26:23.839+0100] {logging_mixin.py:151} INFO - [2023-08-24T15:26:23.839+0100] {dag.py:3677} INFO - Setting next_dagrun for tutorial_taskflow_api to None, run_after=None
[2023-08-24T15:26:23.964+0100] {processor.py:179} INFO - Processing /home/samuel/dev/airflow_learning/venv/lib/python3.10/site-packages/airflow/example_dags/tutorial_taskflow_api.py took 0.169 seconds
[2023-08-24T15:27:17.941+0100] {processor.py:157} INFO - Started process (PID=5631) to work on /home/samuel/dev/airflow_learning/venv/lib/python3.10/site-packages/airflow/example_dags/tutorial_taskflow_api.py
[2023-08-24T15:27:17.943+0100] {processor.py:829} INFO - Processing file /home/samuel/dev/airflow_learning/venv/lib/python3.10/site-packages/airflow/example_dags/tutorial_taskflow_api.py for tasks to queue
[2023-08-24T15:27:17.944+0100] {logging_mixin.py:151} INFO - [2023-08-24T15:27:17.943+0100] {dagbag.py:539} INFO - Filling up the DagBag from /home/samuel/dev/airflow_learning/venv/lib/python3.10/site-packages/airflow/example_dags/tutorial_taskflow_api.py
[2023-08-24T15:27:17.951+0100] {processor.py:839} INFO - DAG(s) dict_keys(['tutorial_taskflow_api']) retrieved from /home/samuel/dev/airflow_learning/venv/lib/python3.10/site-packages/airflow/example_dags/tutorial_taskflow_api.py
[2023-08-24T15:27:17.970+0100] {logging_mixin.py:151} INFO - [2023-08-24T15:27:17.970+0100] {dag.py:2907} INFO - Sync 1 DAGs
[2023-08-24T15:27:17.982+0100] {logging_mixin.py:151} INFO - [2023-08-24T15:27:17.982+0100] {dag.py:3677} INFO - Setting next_dagrun for tutorial_taskflow_api to None, run_after=None
[2023-08-24T15:27:18.084+0100] {processor.py:179} INFO - Processing /home/samuel/dev/airflow_learning/venv/lib/python3.10/site-packages/airflow/example_dags/tutorial_taskflow_api.py took 0.147 seconds
[2023-08-24T15:28:12.927+0100] {processor.py:157} INFO - Started process (PID=5685) to work on /home/samuel/dev/airflow_learning/venv/lib/python3.10/site-packages/airflow/example_dags/tutorial_taskflow_api.py
[2023-08-24T15:28:12.960+0100] {processor.py:829} INFO - Processing file /home/samuel/dev/airflow_learning/venv/lib/python3.10/site-packages/airflow/example_dags/tutorial_taskflow_api.py for tasks to queue
[2023-08-24T15:28:12.961+0100] {logging_mixin.py:151} INFO - [2023-08-24T15:28:12.960+0100] {dagbag.py:539} INFO - Filling up the DagBag from /home/samuel/dev/airflow_learning/venv/lib/python3.10/site-packages/airflow/example_dags/tutorial_taskflow_api.py
[2023-08-24T15:28:12.969+0100] {processor.py:839} INFO - DAG(s) dict_keys(['tutorial_taskflow_api']) retrieved from /home/samuel/dev/airflow_learning/venv/lib/python3.10/site-packages/airflow/example_dags/tutorial_taskflow_api.py
[2023-08-24T15:28:12.985+0100] {logging_mixin.py:151} INFO - [2023-08-24T15:28:12.985+0100] {dag.py:2907} INFO - Sync 1 DAGs
[2023-08-24T15:28:12.996+0100] {logging_mixin.py:151} INFO - [2023-08-24T15:28:12.996+0100] {dag.py:3677} INFO - Setting next_dagrun for tutorial_taskflow_api to None, run_after=None
[2023-08-24T15:28:13.120+0100] {processor.py:179} INFO - Processing /home/samuel/dev/airflow_learning/venv/lib/python3.10/site-packages/airflow/example_dags/tutorial_taskflow_api.py took 0.197 seconds
[2023-08-24T15:29:09.195+0100] {processor.py:157} INFO - Started process (PID=5759) to work on /home/samuel/dev/airflow_learning/venv/lib/python3.10/site-packages/airflow/example_dags/tutorial_taskflow_api.py
[2023-08-24T15:29:09.203+0100] {processor.py:829} INFO - Processing file /home/samuel/dev/airflow_learning/venv/lib/python3.10/site-packages/airflow/example_dags/tutorial_taskflow_api.py for tasks to queue
[2023-08-24T15:29:09.204+0100] {logging_mixin.py:151} INFO - [2023-08-24T15:29:09.204+0100] {dagbag.py:539} INFO - Filling up the DagBag from /home/samuel/dev/airflow_learning/venv/lib/python3.10/site-packages/airflow/example_dags/tutorial_taskflow_api.py
[2023-08-24T15:29:09.211+0100] {processor.py:839} INFO - DAG(s) dict_keys(['tutorial_taskflow_api']) retrieved from /home/samuel/dev/airflow_learning/venv/lib/python3.10/site-packages/airflow/example_dags/tutorial_taskflow_api.py
[2023-08-24T15:29:09.226+0100] {logging_mixin.py:151} INFO - [2023-08-24T15:29:09.226+0100] {dag.py:2907} INFO - Sync 1 DAGs
[2023-08-24T15:29:09.238+0100] {logging_mixin.py:151} INFO - [2023-08-24T15:29:09.238+0100] {dag.py:3677} INFO - Setting next_dagrun for tutorial_taskflow_api to None, run_after=None
[2023-08-24T15:29:09.383+0100] {processor.py:179} INFO - Processing /home/samuel/dev/airflow_learning/venv/lib/python3.10/site-packages/airflow/example_dags/tutorial_taskflow_api.py took 0.191 seconds
[2023-08-24T15:30:36.567+0100] {processor.py:157} INFO - Started process (PID=5937) to work on /home/samuel/dev/airflow_learning/venv/lib/python3.10/site-packages/airflow/example_dags/tutorial_taskflow_api.py
[2023-08-24T15:30:36.593+0100] {processor.py:829} INFO - Processing file /home/samuel/dev/airflow_learning/venv/lib/python3.10/site-packages/airflow/example_dags/tutorial_taskflow_api.py for tasks to queue
[2023-08-24T15:30:36.594+0100] {logging_mixin.py:151} INFO - [2023-08-24T15:30:36.594+0100] {dagbag.py:539} INFO - Filling up the DagBag from /home/samuel/dev/airflow_learning/venv/lib/python3.10/site-packages/airflow/example_dags/tutorial_taskflow_api.py
[2023-08-24T15:30:36.603+0100] {processor.py:839} INFO - DAG(s) dict_keys(['tutorial_taskflow_api']) retrieved from /home/samuel/dev/airflow_learning/venv/lib/python3.10/site-packages/airflow/example_dags/tutorial_taskflow_api.py
[2023-08-24T15:30:36.625+0100] {logging_mixin.py:151} INFO - [2023-08-24T15:30:36.625+0100] {dag.py:2907} INFO - Sync 1 DAGs
[2023-08-24T15:30:36.640+0100] {logging_mixin.py:151} INFO - [2023-08-24T15:30:36.639+0100] {dag.py:3677} INFO - Setting next_dagrun for tutorial_taskflow_api to None, run_after=None
[2023-08-24T15:30:36.898+0100] {processor.py:179} INFO - Processing /home/samuel/dev/airflow_learning/venv/lib/python3.10/site-packages/airflow/example_dags/tutorial_taskflow_api.py took 0.335 seconds
[2023-08-24T15:32:02.097+0100] {processor.py:157} INFO - Started process (PID=6070) to work on /home/samuel/dev/airflow_learning/venv/lib/python3.10/site-packages/airflow/example_dags/tutorial_taskflow_api.py
[2023-08-24T15:32:02.112+0100] {processor.py:829} INFO - Processing file /home/samuel/dev/airflow_learning/venv/lib/python3.10/site-packages/airflow/example_dags/tutorial_taskflow_api.py for tasks to queue
[2023-08-24T15:32:02.113+0100] {logging_mixin.py:151} INFO - [2023-08-24T15:32:02.112+0100] {dagbag.py:539} INFO - Filling up the DagBag from /home/samuel/dev/airflow_learning/venv/lib/python3.10/site-packages/airflow/example_dags/tutorial_taskflow_api.py
[2023-08-24T15:32:02.121+0100] {processor.py:839} INFO - DAG(s) dict_keys(['tutorial_taskflow_api']) retrieved from /home/samuel/dev/airflow_learning/venv/lib/python3.10/site-packages/airflow/example_dags/tutorial_taskflow_api.py
[2023-08-24T15:32:02.141+0100] {logging_mixin.py:151} INFO - [2023-08-24T15:32:02.141+0100] {dag.py:2907} INFO - Sync 1 DAGs
[2023-08-24T15:32:02.153+0100] {logging_mixin.py:151} INFO - [2023-08-24T15:32:02.153+0100] {dag.py:3677} INFO - Setting next_dagrun for tutorial_taskflow_api to None, run_after=None
[2023-08-24T15:32:02.268+0100] {processor.py:179} INFO - Processing /home/samuel/dev/airflow_learning/venv/lib/python3.10/site-packages/airflow/example_dags/tutorial_taskflow_api.py took 0.175 seconds
[2023-08-24T15:32:57.314+0100] {processor.py:157} INFO - Started process (PID=6133) to work on /home/samuel/dev/airflow_learning/venv/lib/python3.10/site-packages/airflow/example_dags/tutorial_taskflow_api.py
[2023-08-24T15:32:57.316+0100] {processor.py:829} INFO - Processing file /home/samuel/dev/airflow_learning/venv/lib/python3.10/site-packages/airflow/example_dags/tutorial_taskflow_api.py for tasks to queue
[2023-08-24T15:32:57.317+0100] {logging_mixin.py:151} INFO - [2023-08-24T15:32:57.317+0100] {dagbag.py:539} INFO - Filling up the DagBag from /home/samuel/dev/airflow_learning/venv/lib/python3.10/site-packages/airflow/example_dags/tutorial_taskflow_api.py
[2023-08-24T15:32:57.327+0100] {processor.py:839} INFO - DAG(s) dict_keys(['tutorial_taskflow_api']) retrieved from /home/samuel/dev/airflow_learning/venv/lib/python3.10/site-packages/airflow/example_dags/tutorial_taskflow_api.py
[2023-08-24T15:32:57.346+0100] {logging_mixin.py:151} INFO - [2023-08-24T15:32:57.346+0100] {dag.py:2907} INFO - Sync 1 DAGs
[2023-08-24T15:32:57.358+0100] {logging_mixin.py:151} INFO - [2023-08-24T15:32:57.358+0100] {dag.py:3677} INFO - Setting next_dagrun for tutorial_taskflow_api to None, run_after=None
[2023-08-24T15:32:57.473+0100] {processor.py:179} INFO - Processing /home/samuel/dev/airflow_learning/venv/lib/python3.10/site-packages/airflow/example_dags/tutorial_taskflow_api.py took 0.163 seconds
[2023-08-24T15:33:50.511+0100] {processor.py:157} INFO - Started process (PID=6184) to work on /home/samuel/dev/airflow_learning/venv/lib/python3.10/site-packages/airflow/example_dags/tutorial_taskflow_api.py
[2023-08-24T15:33:50.515+0100] {processor.py:829} INFO - Processing file /home/samuel/dev/airflow_learning/venv/lib/python3.10/site-packages/airflow/example_dags/tutorial_taskflow_api.py for tasks to queue
[2023-08-24T15:33:50.516+0100] {logging_mixin.py:151} INFO - [2023-08-24T15:33:50.515+0100] {dagbag.py:539} INFO - Filling up the DagBag from /home/samuel/dev/airflow_learning/venv/lib/python3.10/site-packages/airflow/example_dags/tutorial_taskflow_api.py
[2023-08-24T15:33:50.524+0100] {processor.py:839} INFO - DAG(s) dict_keys(['tutorial_taskflow_api']) retrieved from /home/samuel/dev/airflow_learning/venv/lib/python3.10/site-packages/airflow/example_dags/tutorial_taskflow_api.py
[2023-08-24T15:33:50.546+0100] {logging_mixin.py:151} INFO - [2023-08-24T15:33:50.546+0100] {dag.py:2907} INFO - Sync 1 DAGs
[2023-08-24T15:33:50.559+0100] {logging_mixin.py:151} INFO - [2023-08-24T15:33:50.559+0100] {dag.py:3677} INFO - Setting next_dagrun for tutorial_taskflow_api to None, run_after=None
[2023-08-24T15:33:50.671+0100] {processor.py:179} INFO - Processing /home/samuel/dev/airflow_learning/venv/lib/python3.10/site-packages/airflow/example_dags/tutorial_taskflow_api.py took 0.164 seconds
[2023-08-24T15:34:54.972+0100] {processor.py:157} INFO - Started process (PID=6248) to work on /home/samuel/dev/airflow_learning/venv/lib/python3.10/site-packages/airflow/example_dags/tutorial_taskflow_api.py
[2023-08-24T15:34:54.975+0100] {processor.py:829} INFO - Processing file /home/samuel/dev/airflow_learning/venv/lib/python3.10/site-packages/airflow/example_dags/tutorial_taskflow_api.py for tasks to queue
[2023-08-24T15:34:54.976+0100] {logging_mixin.py:151} INFO - [2023-08-24T15:34:54.976+0100] {dagbag.py:539} INFO - Filling up the DagBag from /home/samuel/dev/airflow_learning/venv/lib/python3.10/site-packages/airflow/example_dags/tutorial_taskflow_api.py
[2023-08-24T15:34:54.983+0100] {processor.py:839} INFO - DAG(s) dict_keys(['tutorial_taskflow_api']) retrieved from /home/samuel/dev/airflow_learning/venv/lib/python3.10/site-packages/airflow/example_dags/tutorial_taskflow_api.py
[2023-08-24T15:34:55.001+0100] {logging_mixin.py:151} INFO - [2023-08-24T15:34:55.001+0100] {dag.py:2907} INFO - Sync 1 DAGs
[2023-08-24T15:34:55.012+0100] {logging_mixin.py:151} INFO - [2023-08-24T15:34:55.012+0100] {dag.py:3677} INFO - Setting next_dagrun for tutorial_taskflow_api to None, run_after=None
[2023-08-24T15:34:55.133+0100] {processor.py:179} INFO - Processing /home/samuel/dev/airflow_learning/venv/lib/python3.10/site-packages/airflow/example_dags/tutorial_taskflow_api.py took 0.165 seconds
[2023-08-24T15:35:55.919+0100] {processor.py:157} INFO - Started process (PID=6318) to work on /home/samuel/dev/airflow_learning/venv/lib/python3.10/site-packages/airflow/example_dags/tutorial_taskflow_api.py
[2023-08-24T15:35:55.920+0100] {processor.py:829} INFO - Processing file /home/samuel/dev/airflow_learning/venv/lib/python3.10/site-packages/airflow/example_dags/tutorial_taskflow_api.py for tasks to queue
[2023-08-24T15:35:55.921+0100] {logging_mixin.py:151} INFO - [2023-08-24T15:35:55.921+0100] {dagbag.py:539} INFO - Filling up the DagBag from /home/samuel/dev/airflow_learning/venv/lib/python3.10/site-packages/airflow/example_dags/tutorial_taskflow_api.py
[2023-08-24T15:35:55.928+0100] {processor.py:839} INFO - DAG(s) dict_keys(['tutorial_taskflow_api']) retrieved from /home/samuel/dev/airflow_learning/venv/lib/python3.10/site-packages/airflow/example_dags/tutorial_taskflow_api.py
[2023-08-24T15:35:55.947+0100] {logging_mixin.py:151} INFO - [2023-08-24T15:35:55.946+0100] {dag.py:2907} INFO - Sync 1 DAGs
[2023-08-24T15:35:55.959+0100] {logging_mixin.py:151} INFO - [2023-08-24T15:35:55.959+0100] {dag.py:3677} INFO - Setting next_dagrun for tutorial_taskflow_api to None, run_after=None
[2023-08-24T15:35:56.064+0100] {processor.py:179} INFO - Processing /home/samuel/dev/airflow_learning/venv/lib/python3.10/site-packages/airflow/example_dags/tutorial_taskflow_api.py took 0.149 seconds
[2023-08-24T15:36:56.582+0100] {processor.py:157} INFO - Started process (PID=6377) to work on /home/samuel/dev/airflow_learning/venv/lib/python3.10/site-packages/airflow/example_dags/tutorial_taskflow_api.py
[2023-08-24T15:36:56.583+0100] {processor.py:829} INFO - Processing file /home/samuel/dev/airflow_learning/venv/lib/python3.10/site-packages/airflow/example_dags/tutorial_taskflow_api.py for tasks to queue
[2023-08-24T15:36:56.584+0100] {logging_mixin.py:151} INFO - [2023-08-24T15:36:56.584+0100] {dagbag.py:539} INFO - Filling up the DagBag from /home/samuel/dev/airflow_learning/venv/lib/python3.10/site-packages/airflow/example_dags/tutorial_taskflow_api.py
[2023-08-24T15:36:56.592+0100] {processor.py:839} INFO - DAG(s) dict_keys(['tutorial_taskflow_api']) retrieved from /home/samuel/dev/airflow_learning/venv/lib/python3.10/site-packages/airflow/example_dags/tutorial_taskflow_api.py
[2023-08-24T15:36:56.612+0100] {logging_mixin.py:151} INFO - [2023-08-24T15:36:56.612+0100] {dag.py:2907} INFO - Sync 1 DAGs
[2023-08-24T15:36:56.624+0100] {logging_mixin.py:151} INFO - [2023-08-24T15:36:56.624+0100] {dag.py:3677} INFO - Setting next_dagrun for tutorial_taskflow_api to None, run_after=None
[2023-08-24T15:36:56.772+0100] {processor.py:179} INFO - Processing /home/samuel/dev/airflow_learning/venv/lib/python3.10/site-packages/airflow/example_dags/tutorial_taskflow_api.py took 0.195 seconds
[2023-08-24T15:38:04.309+0100] {processor.py:157} INFO - Started process (PID=6436) to work on /home/samuel/dev/airflow_learning/venv/lib/python3.10/site-packages/airflow/example_dags/tutorial_taskflow_api.py
[2023-08-24T15:38:04.329+0100] {processor.py:829} INFO - Processing file /home/samuel/dev/airflow_learning/venv/lib/python3.10/site-packages/airflow/example_dags/tutorial_taskflow_api.py for tasks to queue
[2023-08-24T15:38:04.330+0100] {logging_mixin.py:151} INFO - [2023-08-24T15:38:04.329+0100] {dagbag.py:539} INFO - Filling up the DagBag from /home/samuel/dev/airflow_learning/venv/lib/python3.10/site-packages/airflow/example_dags/tutorial_taskflow_api.py
[2023-08-24T15:38:04.338+0100] {processor.py:839} INFO - DAG(s) dict_keys(['tutorial_taskflow_api']) retrieved from /home/samuel/dev/airflow_learning/venv/lib/python3.10/site-packages/airflow/example_dags/tutorial_taskflow_api.py
[2023-08-24T15:38:04.359+0100] {logging_mixin.py:151} INFO - [2023-08-24T15:38:04.358+0100] {dag.py:2907} INFO - Sync 1 DAGs
[2023-08-24T15:38:04.372+0100] {logging_mixin.py:151} INFO - [2023-08-24T15:38:04.372+0100] {dag.py:3677} INFO - Setting next_dagrun for tutorial_taskflow_api to None, run_after=None
[2023-08-24T15:38:04.478+0100] {processor.py:179} INFO - Processing /home/samuel/dev/airflow_learning/venv/lib/python3.10/site-packages/airflow/example_dags/tutorial_taskflow_api.py took 0.172 seconds
[2023-08-24T15:39:00.830+0100] {processor.py:157} INFO - Started process (PID=6491) to work on /home/samuel/dev/airflow_learning/venv/lib/python3.10/site-packages/airflow/example_dags/tutorial_taskflow_api.py
[2023-08-24T15:39:00.856+0100] {processor.py:829} INFO - Processing file /home/samuel/dev/airflow_learning/venv/lib/python3.10/site-packages/airflow/example_dags/tutorial_taskflow_api.py for tasks to queue
[2023-08-24T15:39:00.857+0100] {logging_mixin.py:151} INFO - [2023-08-24T15:39:00.857+0100] {dagbag.py:539} INFO - Filling up the DagBag from /home/samuel/dev/airflow_learning/venv/lib/python3.10/site-packages/airflow/example_dags/tutorial_taskflow_api.py
[2023-08-24T15:39:00.865+0100] {processor.py:839} INFO - DAG(s) dict_keys(['tutorial_taskflow_api']) retrieved from /home/samuel/dev/airflow_learning/venv/lib/python3.10/site-packages/airflow/example_dags/tutorial_taskflow_api.py
[2023-08-24T15:39:00.886+0100] {logging_mixin.py:151} INFO - [2023-08-24T15:39:00.886+0100] {dag.py:2907} INFO - Sync 1 DAGs
[2023-08-24T15:39:00.901+0100] {logging_mixin.py:151} INFO - [2023-08-24T15:39:00.900+0100] {dag.py:3677} INFO - Setting next_dagrun for tutorial_taskflow_api to None, run_after=None
[2023-08-24T15:39:01.010+0100] {processor.py:179} INFO - Processing /home/samuel/dev/airflow_learning/venv/lib/python3.10/site-packages/airflow/example_dags/tutorial_taskflow_api.py took 0.185 seconds
[2023-08-24T15:39:52.785+0100] {processor.py:157} INFO - Started process (PID=6544) to work on /home/samuel/dev/airflow_learning/venv/lib/python3.10/site-packages/airflow/example_dags/tutorial_taskflow_api.py
[2023-08-24T15:39:52.825+0100] {processor.py:829} INFO - Processing file /home/samuel/dev/airflow_learning/venv/lib/python3.10/site-packages/airflow/example_dags/tutorial_taskflow_api.py for tasks to queue
[2023-08-24T15:39:52.826+0100] {logging_mixin.py:151} INFO - [2023-08-24T15:39:52.826+0100] {dagbag.py:539} INFO - Filling up the DagBag from /home/samuel/dev/airflow_learning/venv/lib/python3.10/site-packages/airflow/example_dags/tutorial_taskflow_api.py
[2023-08-24T15:39:52.838+0100] {processor.py:839} INFO - DAG(s) dict_keys(['tutorial_taskflow_api']) retrieved from /home/samuel/dev/airflow_learning/venv/lib/python3.10/site-packages/airflow/example_dags/tutorial_taskflow_api.py
[2023-08-24T15:39:52.861+0100] {logging_mixin.py:151} INFO - [2023-08-24T15:39:52.861+0100] {dag.py:2907} INFO - Sync 1 DAGs
[2023-08-24T15:39:52.876+0100] {logging_mixin.py:151} INFO - [2023-08-24T15:39:52.876+0100] {dag.py:3677} INFO - Setting next_dagrun for tutorial_taskflow_api to None, run_after=None
[2023-08-24T15:39:52.991+0100] {processor.py:179} INFO - Processing /home/samuel/dev/airflow_learning/venv/lib/python3.10/site-packages/airflow/example_dags/tutorial_taskflow_api.py took 0.209 seconds
[2023-08-24T15:41:03.958+0100] {processor.py:157} INFO - Started process (PID=6629) to work on /home/samuel/dev/airflow_learning/venv/lib/python3.10/site-packages/airflow/example_dags/tutorial_taskflow_api.py
[2023-08-24T15:41:03.976+0100] {processor.py:829} INFO - Processing file /home/samuel/dev/airflow_learning/venv/lib/python3.10/site-packages/airflow/example_dags/tutorial_taskflow_api.py for tasks to queue
[2023-08-24T15:41:03.977+0100] {logging_mixin.py:151} INFO - [2023-08-24T15:41:03.976+0100] {dagbag.py:539} INFO - Filling up the DagBag from /home/samuel/dev/airflow_learning/venv/lib/python3.10/site-packages/airflow/example_dags/tutorial_taskflow_api.py
[2023-08-24T15:41:03.986+0100] {processor.py:839} INFO - DAG(s) dict_keys(['tutorial_taskflow_api']) retrieved from /home/samuel/dev/airflow_learning/venv/lib/python3.10/site-packages/airflow/example_dags/tutorial_taskflow_api.py
[2023-08-24T15:41:04.007+0100] {logging_mixin.py:151} INFO - [2023-08-24T15:41:04.007+0100] {dag.py:2907} INFO - Sync 1 DAGs
[2023-08-24T15:41:04.021+0100] {logging_mixin.py:151} INFO - [2023-08-24T15:41:04.020+0100] {dag.py:3677} INFO - Setting next_dagrun for tutorial_taskflow_api to None, run_after=None
[2023-08-24T15:41:04.149+0100] {processor.py:179} INFO - Processing /home/samuel/dev/airflow_learning/venv/lib/python3.10/site-packages/airflow/example_dags/tutorial_taskflow_api.py took 0.195 seconds
[2023-08-24T15:41:55.965+0100] {processor.py:157} INFO - Started process (PID=6682) to work on /home/samuel/dev/airflow_learning/venv/lib/python3.10/site-packages/airflow/example_dags/tutorial_taskflow_api.py
[2023-08-24T15:41:56.002+0100] {processor.py:829} INFO - Processing file /home/samuel/dev/airflow_learning/venv/lib/python3.10/site-packages/airflow/example_dags/tutorial_taskflow_api.py for tasks to queue
[2023-08-24T15:41:56.003+0100] {logging_mixin.py:151} INFO - [2023-08-24T15:41:56.003+0100] {dagbag.py:539} INFO - Filling up the DagBag from /home/samuel/dev/airflow_learning/venv/lib/python3.10/site-packages/airflow/example_dags/tutorial_taskflow_api.py
[2023-08-24T15:41:56.012+0100] {processor.py:839} INFO - DAG(s) dict_keys(['tutorial_taskflow_api']) retrieved from /home/samuel/dev/airflow_learning/venv/lib/python3.10/site-packages/airflow/example_dags/tutorial_taskflow_api.py
[2023-08-24T15:41:56.033+0100] {logging_mixin.py:151} INFO - [2023-08-24T15:41:56.033+0100] {dag.py:2907} INFO - Sync 1 DAGs
[2023-08-24T15:41:56.048+0100] {logging_mixin.py:151} INFO - [2023-08-24T15:41:56.048+0100] {dag.py:3677} INFO - Setting next_dagrun for tutorial_taskflow_api to None, run_after=None
[2023-08-24T15:41:56.182+0100] {processor.py:179} INFO - Processing /home/samuel/dev/airflow_learning/venv/lib/python3.10/site-packages/airflow/example_dags/tutorial_taskflow_api.py took 0.221 seconds
[2023-08-24T15:42:47.054+0100] {processor.py:157} INFO - Started process (PID=6791) to work on /home/samuel/dev/airflow_learning/venv/lib/python3.10/site-packages/airflow/example_dags/tutorial_taskflow_api.py
[2023-08-24T15:42:47.057+0100] {processor.py:829} INFO - Processing file /home/samuel/dev/airflow_learning/venv/lib/python3.10/site-packages/airflow/example_dags/tutorial_taskflow_api.py for tasks to queue
[2023-08-24T15:42:47.058+0100] {logging_mixin.py:151} INFO - [2023-08-24T15:42:47.058+0100] {dagbag.py:539} INFO - Filling up the DagBag from /home/samuel/dev/airflow_learning/venv/lib/python3.10/site-packages/airflow/example_dags/tutorial_taskflow_api.py
[2023-08-24T15:42:47.066+0100] {processor.py:839} INFO - DAG(s) dict_keys(['tutorial_taskflow_api']) retrieved from /home/samuel/dev/airflow_learning/venv/lib/python3.10/site-packages/airflow/example_dags/tutorial_taskflow_api.py
[2023-08-24T15:42:47.085+0100] {logging_mixin.py:151} INFO - [2023-08-24T15:42:47.085+0100] {dag.py:2907} INFO - Sync 1 DAGs
[2023-08-24T15:42:47.097+0100] {logging_mixin.py:151} INFO - [2023-08-24T15:42:47.097+0100] {dag.py:3677} INFO - Setting next_dagrun for tutorial_taskflow_api to None, run_after=None
[2023-08-24T15:42:47.233+0100] {processor.py:179} INFO - Processing /home/samuel/dev/airflow_learning/venv/lib/python3.10/site-packages/airflow/example_dags/tutorial_taskflow_api.py took 0.184 seconds
[2023-08-24T15:43:41.664+0100] {processor.py:157} INFO - Started process (PID=6842) to work on /home/samuel/dev/airflow_learning/venv/lib/python3.10/site-packages/airflow/example_dags/tutorial_taskflow_api.py
[2023-08-24T15:43:41.678+0100] {processor.py:829} INFO - Processing file /home/samuel/dev/airflow_learning/venv/lib/python3.10/site-packages/airflow/example_dags/tutorial_taskflow_api.py for tasks to queue
[2023-08-24T15:43:41.679+0100] {logging_mixin.py:151} INFO - [2023-08-24T15:43:41.679+0100] {dagbag.py:539} INFO - Filling up the DagBag from /home/samuel/dev/airflow_learning/venv/lib/python3.10/site-packages/airflow/example_dags/tutorial_taskflow_api.py
[2023-08-24T15:43:41.687+0100] {processor.py:839} INFO - DAG(s) dict_keys(['tutorial_taskflow_api']) retrieved from /home/samuel/dev/airflow_learning/venv/lib/python3.10/site-packages/airflow/example_dags/tutorial_taskflow_api.py
[2023-08-24T15:43:41.707+0100] {logging_mixin.py:151} INFO - [2023-08-24T15:43:41.707+0100] {dag.py:2907} INFO - Sync 1 DAGs
[2023-08-24T15:43:41.721+0100] {logging_mixin.py:151} INFO - [2023-08-24T15:43:41.720+0100] {dag.py:3677} INFO - Setting next_dagrun for tutorial_taskflow_api to None, run_after=None
[2023-08-24T15:43:41.840+0100] {processor.py:179} INFO - Processing /home/samuel/dev/airflow_learning/venv/lib/python3.10/site-packages/airflow/example_dags/tutorial_taskflow_api.py took 0.180 seconds
[2023-08-24T15:44:34.051+0100] {processor.py:157} INFO - Started process (PID=6892) to work on /home/samuel/dev/airflow_learning/venv/lib/python3.10/site-packages/airflow/example_dags/tutorial_taskflow_api.py
[2023-08-24T15:44:34.054+0100] {processor.py:829} INFO - Processing file /home/samuel/dev/airflow_learning/venv/lib/python3.10/site-packages/airflow/example_dags/tutorial_taskflow_api.py for tasks to queue
[2023-08-24T15:44:34.055+0100] {logging_mixin.py:151} INFO - [2023-08-24T15:44:34.054+0100] {dagbag.py:539} INFO - Filling up the DagBag from /home/samuel/dev/airflow_learning/venv/lib/python3.10/site-packages/airflow/example_dags/tutorial_taskflow_api.py
[2023-08-24T15:44:34.063+0100] {processor.py:839} INFO - DAG(s) dict_keys(['tutorial_taskflow_api']) retrieved from /home/samuel/dev/airflow_learning/venv/lib/python3.10/site-packages/airflow/example_dags/tutorial_taskflow_api.py
[2023-08-24T15:44:34.081+0100] {logging_mixin.py:151} INFO - [2023-08-24T15:44:34.080+0100] {dag.py:2907} INFO - Sync 1 DAGs
[2023-08-24T15:44:34.092+0100] {logging_mixin.py:151} INFO - [2023-08-24T15:44:34.092+0100] {dag.py:3677} INFO - Setting next_dagrun for tutorial_taskflow_api to None, run_after=None
[2023-08-24T15:44:34.224+0100] {processor.py:179} INFO - Processing /home/samuel/dev/airflow_learning/venv/lib/python3.10/site-packages/airflow/example_dags/tutorial_taskflow_api.py took 0.177 seconds
[2023-08-24T15:45:23.956+0100] {processor.py:157} INFO - Started process (PID=6942) to work on /home/samuel/dev/airflow_learning/venv/lib/python3.10/site-packages/airflow/example_dags/tutorial_taskflow_api.py
[2023-08-24T15:45:24.004+0100] {processor.py:829} INFO - Processing file /home/samuel/dev/airflow_learning/venv/lib/python3.10/site-packages/airflow/example_dags/tutorial_taskflow_api.py for tasks to queue
[2023-08-24T15:45:24.005+0100] {logging_mixin.py:151} INFO - [2023-08-24T15:45:24.004+0100] {dagbag.py:539} INFO - Filling up the DagBag from /home/samuel/dev/airflow_learning/venv/lib/python3.10/site-packages/airflow/example_dags/tutorial_taskflow_api.py
[2023-08-24T15:45:24.013+0100] {processor.py:839} INFO - DAG(s) dict_keys(['tutorial_taskflow_api']) retrieved from /home/samuel/dev/airflow_learning/venv/lib/python3.10/site-packages/airflow/example_dags/tutorial_taskflow_api.py
[2023-08-24T15:45:24.034+0100] {logging_mixin.py:151} INFO - [2023-08-24T15:45:24.034+0100] {dag.py:2907} INFO - Sync 1 DAGs
[2023-08-24T15:45:24.049+0100] {logging_mixin.py:151} INFO - [2023-08-24T15:45:24.049+0100] {dag.py:3677} INFO - Setting next_dagrun for tutorial_taskflow_api to None, run_after=None
[2023-08-24T15:45:24.165+0100] {processor.py:179} INFO - Processing /home/samuel/dev/airflow_learning/venv/lib/python3.10/site-packages/airflow/example_dags/tutorial_taskflow_api.py took 0.213 seconds
[2023-08-24T15:46:15.433+0100] {processor.py:157} INFO - Started process (PID=6992) to work on /home/samuel/dev/airflow_learning/venv/lib/python3.10/site-packages/airflow/example_dags/tutorial_taskflow_api.py
[2023-08-24T15:46:15.464+0100] {processor.py:829} INFO - Processing file /home/samuel/dev/airflow_learning/venv/lib/python3.10/site-packages/airflow/example_dags/tutorial_taskflow_api.py for tasks to queue
[2023-08-24T15:46:15.465+0100] {logging_mixin.py:151} INFO - [2023-08-24T15:46:15.465+0100] {dagbag.py:539} INFO - Filling up the DagBag from /home/samuel/dev/airflow_learning/venv/lib/python3.10/site-packages/airflow/example_dags/tutorial_taskflow_api.py
[2023-08-24T15:46:15.473+0100] {processor.py:839} INFO - DAG(s) dict_keys(['tutorial_taskflow_api']) retrieved from /home/samuel/dev/airflow_learning/venv/lib/python3.10/site-packages/airflow/example_dags/tutorial_taskflow_api.py
[2023-08-24T15:46:15.494+0100] {logging_mixin.py:151} INFO - [2023-08-24T15:46:15.493+0100] {dag.py:2907} INFO - Sync 1 DAGs
[2023-08-24T15:46:15.508+0100] {logging_mixin.py:151} INFO - [2023-08-24T15:46:15.507+0100] {dag.py:3677} INFO - Setting next_dagrun for tutorial_taskflow_api to None, run_after=None
[2023-08-24T15:46:15.738+0100] {processor.py:179} INFO - Processing /home/samuel/dev/airflow_learning/venv/lib/python3.10/site-packages/airflow/example_dags/tutorial_taskflow_api.py took 0.308 seconds
[2023-08-24T15:47:09.402+0100] {processor.py:157} INFO - Started process (PID=7041) to work on /home/samuel/dev/airflow_learning/venv/lib/python3.10/site-packages/airflow/example_dags/tutorial_taskflow_api.py
[2023-08-24T15:47:09.405+0100] {processor.py:829} INFO - Processing file /home/samuel/dev/airflow_learning/venv/lib/python3.10/site-packages/airflow/example_dags/tutorial_taskflow_api.py for tasks to queue
[2023-08-24T15:47:09.406+0100] {logging_mixin.py:151} INFO - [2023-08-24T15:47:09.406+0100] {dagbag.py:539} INFO - Filling up the DagBag from /home/samuel/dev/airflow_learning/venv/lib/python3.10/site-packages/airflow/example_dags/tutorial_taskflow_api.py
[2023-08-24T15:47:09.414+0100] {processor.py:839} INFO - DAG(s) dict_keys(['tutorial_taskflow_api']) retrieved from /home/samuel/dev/airflow_learning/venv/lib/python3.10/site-packages/airflow/example_dags/tutorial_taskflow_api.py
[2023-08-24T15:47:09.433+0100] {logging_mixin.py:151} INFO - [2023-08-24T15:47:09.433+0100] {dag.py:2907} INFO - Sync 1 DAGs
[2023-08-24T15:47:09.445+0100] {logging_mixin.py:151} INFO - [2023-08-24T15:47:09.445+0100] {dag.py:3677} INFO - Setting next_dagrun for tutorial_taskflow_api to None, run_after=None
[2023-08-24T15:47:09.582+0100] {processor.py:179} INFO - Processing /home/samuel/dev/airflow_learning/venv/lib/python3.10/site-packages/airflow/example_dags/tutorial_taskflow_api.py took 0.184 seconds
[2023-08-24T15:48:02.242+0100] {processor.py:157} INFO - Started process (PID=7102) to work on /home/samuel/dev/airflow_learning/venv/lib/python3.10/site-packages/airflow/example_dags/tutorial_taskflow_api.py
[2023-08-24T15:48:02.272+0100] {processor.py:829} INFO - Processing file /home/samuel/dev/airflow_learning/venv/lib/python3.10/site-packages/airflow/example_dags/tutorial_taskflow_api.py for tasks to queue
[2023-08-24T15:48:02.274+0100] {logging_mixin.py:151} INFO - [2023-08-24T15:48:02.273+0100] {dagbag.py:539} INFO - Filling up the DagBag from /home/samuel/dev/airflow_learning/venv/lib/python3.10/site-packages/airflow/example_dags/tutorial_taskflow_api.py
[2023-08-24T15:48:02.282+0100] {processor.py:839} INFO - DAG(s) dict_keys(['tutorial_taskflow_api']) retrieved from /home/samuel/dev/airflow_learning/venv/lib/python3.10/site-packages/airflow/example_dags/tutorial_taskflow_api.py
[2023-08-24T15:48:02.302+0100] {logging_mixin.py:151} INFO - [2023-08-24T15:48:02.302+0100] {dag.py:2907} INFO - Sync 1 DAGs
[2023-08-24T15:48:02.316+0100] {logging_mixin.py:151} INFO - [2023-08-24T15:48:02.316+0100] {dag.py:3677} INFO - Setting next_dagrun for tutorial_taskflow_api to None, run_after=None
[2023-08-24T15:48:02.431+0100] {processor.py:179} INFO - Processing /home/samuel/dev/airflow_learning/venv/lib/python3.10/site-packages/airflow/example_dags/tutorial_taskflow_api.py took 0.193 seconds
[2023-08-24T15:48:56.135+0100] {processor.py:157} INFO - Started process (PID=7159) to work on /home/samuel/dev/airflow_learning/venv/lib/python3.10/site-packages/airflow/example_dags/tutorial_taskflow_api.py
[2023-08-24T15:48:56.136+0100] {processor.py:829} INFO - Processing file /home/samuel/dev/airflow_learning/venv/lib/python3.10/site-packages/airflow/example_dags/tutorial_taskflow_api.py for tasks to queue
[2023-08-24T15:48:56.137+0100] {logging_mixin.py:151} INFO - [2023-08-24T15:48:56.136+0100] {dagbag.py:539} INFO - Filling up the DagBag from /home/samuel/dev/airflow_learning/venv/lib/python3.10/site-packages/airflow/example_dags/tutorial_taskflow_api.py
[2023-08-24T15:48:56.146+0100] {processor.py:839} INFO - DAG(s) dict_keys(['tutorial_taskflow_api']) retrieved from /home/samuel/dev/airflow_learning/venv/lib/python3.10/site-packages/airflow/example_dags/tutorial_taskflow_api.py
[2023-08-24T15:48:56.165+0100] {logging_mixin.py:151} INFO - [2023-08-24T15:48:56.164+0100] {dag.py:2907} INFO - Sync 1 DAGs
[2023-08-24T15:48:56.176+0100] {logging_mixin.py:151} INFO - [2023-08-24T15:48:56.176+0100] {dag.py:3677} INFO - Setting next_dagrun for tutorial_taskflow_api to None, run_after=None
[2023-08-24T15:48:56.301+0100] {processor.py:179} INFO - Processing /home/samuel/dev/airflow_learning/venv/lib/python3.10/site-packages/airflow/example_dags/tutorial_taskflow_api.py took 0.170 seconds
[2023-08-24T15:49:45.903+0100] {processor.py:157} INFO - Started process (PID=7207) to work on /home/samuel/dev/airflow_learning/venv/lib/python3.10/site-packages/airflow/example_dags/tutorial_taskflow_api.py
[2023-08-24T15:49:45.948+0100] {processor.py:829} INFO - Processing file /home/samuel/dev/airflow_learning/venv/lib/python3.10/site-packages/airflow/example_dags/tutorial_taskflow_api.py for tasks to queue
[2023-08-24T15:49:45.949+0100] {logging_mixin.py:151} INFO - [2023-08-24T15:49:45.949+0100] {dagbag.py:539} INFO - Filling up the DagBag from /home/samuel/dev/airflow_learning/venv/lib/python3.10/site-packages/airflow/example_dags/tutorial_taskflow_api.py
[2023-08-24T15:49:45.958+0100] {processor.py:839} INFO - DAG(s) dict_keys(['tutorial_taskflow_api']) retrieved from /home/samuel/dev/airflow_learning/venv/lib/python3.10/site-packages/airflow/example_dags/tutorial_taskflow_api.py
[2023-08-24T15:49:45.978+0100] {logging_mixin.py:151} INFO - [2023-08-24T15:49:45.978+0100] {dag.py:2907} INFO - Sync 1 DAGs
[2023-08-24T15:49:45.993+0100] {logging_mixin.py:151} INFO - [2023-08-24T15:49:45.993+0100] {dag.py:3677} INFO - Setting next_dagrun for tutorial_taskflow_api to None, run_after=None
[2023-08-24T15:49:46.106+0100] {processor.py:179} INFO - Processing /home/samuel/dev/airflow_learning/venv/lib/python3.10/site-packages/airflow/example_dags/tutorial_taskflow_api.py took 0.207 seconds
[2023-08-24T15:50:35.663+0100] {processor.py:157} INFO - Started process (PID=7254) to work on /home/samuel/dev/airflow_learning/venv/lib/python3.10/site-packages/airflow/example_dags/tutorial_taskflow_api.py
[2023-08-24T15:50:35.708+0100] {processor.py:829} INFO - Processing file /home/samuel/dev/airflow_learning/venv/lib/python3.10/site-packages/airflow/example_dags/tutorial_taskflow_api.py for tasks to queue
[2023-08-24T15:50:35.709+0100] {logging_mixin.py:151} INFO - [2023-08-24T15:50:35.709+0100] {dagbag.py:539} INFO - Filling up the DagBag from /home/samuel/dev/airflow_learning/venv/lib/python3.10/site-packages/airflow/example_dags/tutorial_taskflow_api.py
[2023-08-24T15:50:35.718+0100] {processor.py:839} INFO - DAG(s) dict_keys(['tutorial_taskflow_api']) retrieved from /home/samuel/dev/airflow_learning/venv/lib/python3.10/site-packages/airflow/example_dags/tutorial_taskflow_api.py
[2023-08-24T15:50:35.739+0100] {logging_mixin.py:151} INFO - [2023-08-24T15:50:35.739+0100] {dag.py:2907} INFO - Sync 1 DAGs
[2023-08-24T15:50:35.754+0100] {logging_mixin.py:151} INFO - [2023-08-24T15:50:35.754+0100] {dag.py:3677} INFO - Setting next_dagrun for tutorial_taskflow_api to None, run_after=None
[2023-08-24T15:50:35.856+0100] {processor.py:179} INFO - Processing /home/samuel/dev/airflow_learning/venv/lib/python3.10/site-packages/airflow/example_dags/tutorial_taskflow_api.py took 0.197 seconds
[2023-08-24T15:51:27.903+0100] {processor.py:157} INFO - Started process (PID=7309) to work on /home/samuel/dev/airflow_learning/venv/lib/python3.10/site-packages/airflow/example_dags/tutorial_taskflow_api.py
[2023-08-24T15:51:27.935+0100] {processor.py:829} INFO - Processing file /home/samuel/dev/airflow_learning/venv/lib/python3.10/site-packages/airflow/example_dags/tutorial_taskflow_api.py for tasks to queue
[2023-08-24T15:51:27.936+0100] {logging_mixin.py:151} INFO - [2023-08-24T15:51:27.935+0100] {dagbag.py:539} INFO - Filling up the DagBag from /home/samuel/dev/airflow_learning/venv/lib/python3.10/site-packages/airflow/example_dags/tutorial_taskflow_api.py
[2023-08-24T15:51:27.945+0100] {processor.py:839} INFO - DAG(s) dict_keys(['tutorial_taskflow_api']) retrieved from /home/samuel/dev/airflow_learning/venv/lib/python3.10/site-packages/airflow/example_dags/tutorial_taskflow_api.py
[2023-08-24T15:51:27.967+0100] {logging_mixin.py:151} INFO - [2023-08-24T15:51:27.967+0100] {dag.py:2907} INFO - Sync 1 DAGs
[2023-08-24T15:51:27.982+0100] {logging_mixin.py:151} INFO - [2023-08-24T15:51:27.981+0100] {dag.py:3677} INFO - Setting next_dagrun for tutorial_taskflow_api to None, run_after=None
[2023-08-24T15:51:28.099+0100] {processor.py:179} INFO - Processing /home/samuel/dev/airflow_learning/venv/lib/python3.10/site-packages/airflow/example_dags/tutorial_taskflow_api.py took 0.201 seconds
[2023-08-24T15:52:17.981+0100] {processor.py:157} INFO - Started process (PID=7360) to work on /home/samuel/dev/airflow_learning/venv/lib/python3.10/site-packages/airflow/example_dags/tutorial_taskflow_api.py
[2023-08-24T15:52:18.001+0100] {processor.py:829} INFO - Processing file /home/samuel/dev/airflow_learning/venv/lib/python3.10/site-packages/airflow/example_dags/tutorial_taskflow_api.py for tasks to queue
[2023-08-24T15:52:18.002+0100] {logging_mixin.py:151} INFO - [2023-08-24T15:52:18.002+0100] {dagbag.py:539} INFO - Filling up the DagBag from /home/samuel/dev/airflow_learning/venv/lib/python3.10/site-packages/airflow/example_dags/tutorial_taskflow_api.py
[2023-08-24T15:52:18.010+0100] {processor.py:839} INFO - DAG(s) dict_keys(['tutorial_taskflow_api']) retrieved from /home/samuel/dev/airflow_learning/venv/lib/python3.10/site-packages/airflow/example_dags/tutorial_taskflow_api.py
[2023-08-24T15:52:18.030+0100] {logging_mixin.py:151} INFO - [2023-08-24T15:52:18.030+0100] {dag.py:2907} INFO - Sync 1 DAGs
[2023-08-24T15:52:18.043+0100] {logging_mixin.py:151} INFO - [2023-08-24T15:52:18.043+0100] {dag.py:3677} INFO - Setting next_dagrun for tutorial_taskflow_api to None, run_after=None
[2023-08-24T15:52:18.165+0100] {processor.py:179} INFO - Processing /home/samuel/dev/airflow_learning/venv/lib/python3.10/site-packages/airflow/example_dags/tutorial_taskflow_api.py took 0.187 seconds
[2023-08-24T15:53:07.227+0100] {processor.py:157} INFO - Started process (PID=7409) to work on /home/samuel/dev/airflow_learning/venv/lib/python3.10/site-packages/airflow/example_dags/tutorial_taskflow_api.py
[2023-08-24T15:53:07.231+0100] {processor.py:829} INFO - Processing file /home/samuel/dev/airflow_learning/venv/lib/python3.10/site-packages/airflow/example_dags/tutorial_taskflow_api.py for tasks to queue
[2023-08-24T15:53:07.232+0100] {logging_mixin.py:151} INFO - [2023-08-24T15:53:07.231+0100] {dagbag.py:539} INFO - Filling up the DagBag from /home/samuel/dev/airflow_learning/venv/lib/python3.10/site-packages/airflow/example_dags/tutorial_taskflow_api.py
[2023-08-24T15:53:07.239+0100] {processor.py:839} INFO - DAG(s) dict_keys(['tutorial_taskflow_api']) retrieved from /home/samuel/dev/airflow_learning/venv/lib/python3.10/site-packages/airflow/example_dags/tutorial_taskflow_api.py
[2023-08-24T15:53:07.255+0100] {logging_mixin.py:151} INFO - [2023-08-24T15:53:07.255+0100] {dag.py:2907} INFO - Sync 1 DAGs
[2023-08-24T15:53:07.266+0100] {logging_mixin.py:151} INFO - [2023-08-24T15:53:07.266+0100] {dag.py:3677} INFO - Setting next_dagrun for tutorial_taskflow_api to None, run_after=None
[2023-08-24T15:53:07.375+0100] {processor.py:179} INFO - Processing /home/samuel/dev/airflow_learning/venv/lib/python3.10/site-packages/airflow/example_dags/tutorial_taskflow_api.py took 0.153 seconds
[2023-08-24T15:54:01.370+0100] {processor.py:157} INFO - Started process (PID=7530) to work on /home/samuel/dev/airflow_learning/venv/lib/python3.10/site-packages/airflow/example_dags/tutorial_taskflow_api.py
[2023-08-24T15:54:01.385+0100] {processor.py:829} INFO - Processing file /home/samuel/dev/airflow_learning/venv/lib/python3.10/site-packages/airflow/example_dags/tutorial_taskflow_api.py for tasks to queue
[2023-08-24T15:54:01.386+0100] {logging_mixin.py:151} INFO - [2023-08-24T15:54:01.385+0100] {dagbag.py:539} INFO - Filling up the DagBag from /home/samuel/dev/airflow_learning/venv/lib/python3.10/site-packages/airflow/example_dags/tutorial_taskflow_api.py
[2023-08-24T15:54:01.394+0100] {processor.py:839} INFO - DAG(s) dict_keys(['tutorial_taskflow_api']) retrieved from /home/samuel/dev/airflow_learning/venv/lib/python3.10/site-packages/airflow/example_dags/tutorial_taskflow_api.py
[2023-08-24T15:54:01.413+0100] {logging_mixin.py:151} INFO - [2023-08-24T15:54:01.413+0100] {dag.py:2907} INFO - Sync 1 DAGs
[2023-08-24T15:54:01.426+0100] {logging_mixin.py:151} INFO - [2023-08-24T15:54:01.426+0100] {dag.py:3677} INFO - Setting next_dagrun for tutorial_taskflow_api to None, run_after=None
[2023-08-24T15:54:01.565+0100] {processor.py:179} INFO - Processing /home/samuel/dev/airflow_learning/venv/lib/python3.10/site-packages/airflow/example_dags/tutorial_taskflow_api.py took 0.198 seconds
[2023-08-24T15:55:07.163+0100] {processor.py:157} INFO - Started process (PID=7616) to work on /home/samuel/dev/airflow_learning/venv/lib/python3.10/site-packages/airflow/example_dags/tutorial_taskflow_api.py
[2023-08-24T15:55:07.164+0100] {processor.py:829} INFO - Processing file /home/samuel/dev/airflow_learning/venv/lib/python3.10/site-packages/airflow/example_dags/tutorial_taskflow_api.py for tasks to queue
[2023-08-24T15:55:07.165+0100] {logging_mixin.py:151} INFO - [2023-08-24T15:55:07.165+0100] {dagbag.py:539} INFO - Filling up the DagBag from /home/samuel/dev/airflow_learning/venv/lib/python3.10/site-packages/airflow/example_dags/tutorial_taskflow_api.py
[2023-08-24T15:55:07.173+0100] {processor.py:839} INFO - DAG(s) dict_keys(['tutorial_taskflow_api']) retrieved from /home/samuel/dev/airflow_learning/venv/lib/python3.10/site-packages/airflow/example_dags/tutorial_taskflow_api.py
[2023-08-24T15:55:07.192+0100] {logging_mixin.py:151} INFO - [2023-08-24T15:55:07.192+0100] {dag.py:2907} INFO - Sync 1 DAGs
[2023-08-24T15:55:07.204+0100] {logging_mixin.py:151} INFO - [2023-08-24T15:55:07.204+0100] {dag.py:3677} INFO - Setting next_dagrun for tutorial_taskflow_api to None, run_after=None
[2023-08-24T15:55:07.319+0100] {processor.py:179} INFO - Processing /home/samuel/dev/airflow_learning/venv/lib/python3.10/site-packages/airflow/example_dags/tutorial_taskflow_api.py took 0.160 seconds
[2023-08-24T15:56:03.558+0100] {processor.py:157} INFO - Started process (PID=7725) to work on /home/samuel/dev/airflow_learning/venv/lib/python3.10/site-packages/airflow/example_dags/tutorial_taskflow_api.py
[2023-08-24T15:56:03.574+0100] {processor.py:829} INFO - Processing file /home/samuel/dev/airflow_learning/venv/lib/python3.10/site-packages/airflow/example_dags/tutorial_taskflow_api.py for tasks to queue
[2023-08-24T15:56:03.575+0100] {logging_mixin.py:151} INFO - [2023-08-24T15:56:03.575+0100] {dagbag.py:539} INFO - Filling up the DagBag from /home/samuel/dev/airflow_learning/venv/lib/python3.10/site-packages/airflow/example_dags/tutorial_taskflow_api.py
[2023-08-24T15:56:03.583+0100] {processor.py:839} INFO - DAG(s) dict_keys(['tutorial_taskflow_api']) retrieved from /home/samuel/dev/airflow_learning/venv/lib/python3.10/site-packages/airflow/example_dags/tutorial_taskflow_api.py
[2023-08-24T15:56:03.603+0100] {logging_mixin.py:151} INFO - [2023-08-24T15:56:03.603+0100] {dag.py:2907} INFO - Sync 1 DAGs
[2023-08-24T15:56:03.616+0100] {logging_mixin.py:151} INFO - [2023-08-24T15:56:03.616+0100] {dag.py:3677} INFO - Setting next_dagrun for tutorial_taskflow_api to None, run_after=None
[2023-08-24T15:56:03.726+0100] {processor.py:179} INFO - Processing /home/samuel/dev/airflow_learning/venv/lib/python3.10/site-packages/airflow/example_dags/tutorial_taskflow_api.py took 0.172 seconds
[2023-08-24T15:56:56.211+0100] {processor.py:157} INFO - Started process (PID=7858) to work on /home/samuel/dev/airflow_learning/venv/lib/python3.10/site-packages/airflow/example_dags/tutorial_taskflow_api.py
[2023-08-24T15:56:56.212+0100] {processor.py:829} INFO - Processing file /home/samuel/dev/airflow_learning/venv/lib/python3.10/site-packages/airflow/example_dags/tutorial_taskflow_api.py for tasks to queue
[2023-08-24T15:56:56.213+0100] {logging_mixin.py:151} INFO - [2023-08-24T15:56:56.213+0100] {dagbag.py:539} INFO - Filling up the DagBag from /home/samuel/dev/airflow_learning/venv/lib/python3.10/site-packages/airflow/example_dags/tutorial_taskflow_api.py
[2023-08-24T15:56:56.220+0100] {processor.py:839} INFO - DAG(s) dict_keys(['tutorial_taskflow_api']) retrieved from /home/samuel/dev/airflow_learning/venv/lib/python3.10/site-packages/airflow/example_dags/tutorial_taskflow_api.py
[2023-08-24T15:56:56.236+0100] {logging_mixin.py:151} INFO - [2023-08-24T15:56:56.235+0100] {dag.py:2907} INFO - Sync 1 DAGs
[2023-08-24T15:56:56.248+0100] {logging_mixin.py:151} INFO - [2023-08-24T15:56:56.247+0100] {dag.py:3677} INFO - Setting next_dagrun for tutorial_taskflow_api to None, run_after=None
[2023-08-24T15:56:56.433+0100] {processor.py:179} INFO - Processing /home/samuel/dev/airflow_learning/venv/lib/python3.10/site-packages/airflow/example_dags/tutorial_taskflow_api.py took 0.225 seconds
[2023-08-24T15:57:48.917+0100] {processor.py:157} INFO - Started process (PID=7908) to work on /home/samuel/dev/airflow_learning/venv/lib/python3.10/site-packages/airflow/example_dags/tutorial_taskflow_api.py
[2023-08-24T15:57:48.941+0100] {processor.py:829} INFO - Processing file /home/samuel/dev/airflow_learning/venv/lib/python3.10/site-packages/airflow/example_dags/tutorial_taskflow_api.py for tasks to queue
[2023-08-24T15:57:48.942+0100] {logging_mixin.py:151} INFO - [2023-08-24T15:57:48.941+0100] {dagbag.py:539} INFO - Filling up the DagBag from /home/samuel/dev/airflow_learning/venv/lib/python3.10/site-packages/airflow/example_dags/tutorial_taskflow_api.py
[2023-08-24T15:57:48.950+0100] {processor.py:839} INFO - DAG(s) dict_keys(['tutorial_taskflow_api']) retrieved from /home/samuel/dev/airflow_learning/venv/lib/python3.10/site-packages/airflow/example_dags/tutorial_taskflow_api.py
[2023-08-24T15:57:48.970+0100] {logging_mixin.py:151} INFO - [2023-08-24T15:57:48.970+0100] {dag.py:2907} INFO - Sync 1 DAGs
[2023-08-24T15:57:48.984+0100] {logging_mixin.py:151} INFO - [2023-08-24T15:57:48.984+0100] {dag.py:3677} INFO - Setting next_dagrun for tutorial_taskflow_api to None, run_after=None
[2023-08-24T15:57:49.104+0100] {processor.py:179} INFO - Processing /home/samuel/dev/airflow_learning/venv/lib/python3.10/site-packages/airflow/example_dags/tutorial_taskflow_api.py took 0.191 seconds
[2023-08-24T15:58:42.021+0100] {processor.py:157} INFO - Started process (PID=7965) to work on /home/samuel/dev/airflow_learning/venv/lib/python3.10/site-packages/airflow/example_dags/tutorial_taskflow_api.py
[2023-08-24T15:58:42.024+0100] {processor.py:829} INFO - Processing file /home/samuel/dev/airflow_learning/venv/lib/python3.10/site-packages/airflow/example_dags/tutorial_taskflow_api.py for tasks to queue
[2023-08-24T15:58:42.025+0100] {logging_mixin.py:151} INFO - [2023-08-24T15:58:42.025+0100] {dagbag.py:539} INFO - Filling up the DagBag from /home/samuel/dev/airflow_learning/venv/lib/python3.10/site-packages/airflow/example_dags/tutorial_taskflow_api.py
[2023-08-24T15:58:42.033+0100] {processor.py:839} INFO - DAG(s) dict_keys(['tutorial_taskflow_api']) retrieved from /home/samuel/dev/airflow_learning/venv/lib/python3.10/site-packages/airflow/example_dags/tutorial_taskflow_api.py
[2023-08-24T15:58:42.053+0100] {logging_mixin.py:151} INFO - [2023-08-24T15:58:42.052+0100] {dag.py:2907} INFO - Sync 1 DAGs
[2023-08-24T15:58:42.065+0100] {logging_mixin.py:151} INFO - [2023-08-24T15:58:42.065+0100] {dag.py:3677} INFO - Setting next_dagrun for tutorial_taskflow_api to None, run_after=None
[2023-08-24T15:58:42.181+0100] {processor.py:179} INFO - Processing /home/samuel/dev/airflow_learning/venv/lib/python3.10/site-packages/airflow/example_dags/tutorial_taskflow_api.py took 0.164 seconds
[2023-08-24T15:59:35.107+0100] {processor.py:157} INFO - Started process (PID=8095) to work on /home/samuel/dev/airflow_learning/venv/lib/python3.10/site-packages/airflow/example_dags/tutorial_taskflow_api.py
[2023-08-24T15:59:35.124+0100] {processor.py:829} INFO - Processing file /home/samuel/dev/airflow_learning/venv/lib/python3.10/site-packages/airflow/example_dags/tutorial_taskflow_api.py for tasks to queue
[2023-08-24T15:59:35.125+0100] {logging_mixin.py:151} INFO - [2023-08-24T15:59:35.124+0100] {dagbag.py:539} INFO - Filling up the DagBag from /home/samuel/dev/airflow_learning/venv/lib/python3.10/site-packages/airflow/example_dags/tutorial_taskflow_api.py
[2023-08-24T15:59:35.132+0100] {processor.py:839} INFO - DAG(s) dict_keys(['tutorial_taskflow_api']) retrieved from /home/samuel/dev/airflow_learning/venv/lib/python3.10/site-packages/airflow/example_dags/tutorial_taskflow_api.py
[2023-08-24T15:59:35.153+0100] {logging_mixin.py:151} INFO - [2023-08-24T15:59:35.153+0100] {dag.py:2907} INFO - Sync 1 DAGs
[2023-08-24T15:59:35.166+0100] {logging_mixin.py:151} INFO - [2023-08-24T15:59:35.166+0100] {dag.py:3677} INFO - Setting next_dagrun for tutorial_taskflow_api to None, run_after=None
[2023-08-24T15:59:35.417+0100] {processor.py:179} INFO - Processing /home/samuel/dev/airflow_learning/venv/lib/python3.10/site-packages/airflow/example_dags/tutorial_taskflow_api.py took 0.313 seconds
[2023-08-24T16:00:34.126+0100] {processor.py:157} INFO - Started process (PID=8299) to work on /home/samuel/dev/airflow_learning/venv/lib/python3.10/site-packages/airflow/example_dags/tutorial_taskflow_api.py
[2023-08-24T16:00:34.173+0100] {processor.py:829} INFO - Processing file /home/samuel/dev/airflow_learning/venv/lib/python3.10/site-packages/airflow/example_dags/tutorial_taskflow_api.py for tasks to queue
[2023-08-24T16:00:34.174+0100] {logging_mixin.py:151} INFO - [2023-08-24T16:00:34.174+0100] {dagbag.py:539} INFO - Filling up the DagBag from /home/samuel/dev/airflow_learning/venv/lib/python3.10/site-packages/airflow/example_dags/tutorial_taskflow_api.py
[2023-08-24T16:00:34.182+0100] {processor.py:839} INFO - DAG(s) dict_keys(['tutorial_taskflow_api']) retrieved from /home/samuel/dev/airflow_learning/venv/lib/python3.10/site-packages/airflow/example_dags/tutorial_taskflow_api.py
[2023-08-24T16:00:34.204+0100] {logging_mixin.py:151} INFO - [2023-08-24T16:00:34.203+0100] {dag.py:2907} INFO - Sync 1 DAGs
[2023-08-24T16:00:34.218+0100] {logging_mixin.py:151} INFO - [2023-08-24T16:00:34.218+0100] {dag.py:3677} INFO - Setting next_dagrun for tutorial_taskflow_api to None, run_after=None
[2023-08-24T16:00:34.324+0100] {processor.py:179} INFO - Processing /home/samuel/dev/airflow_learning/venv/lib/python3.10/site-packages/airflow/example_dags/tutorial_taskflow_api.py took 0.202 seconds
[2023-08-24T16:01:26.637+0100] {processor.py:157} INFO - Started process (PID=8378) to work on /home/samuel/dev/airflow_learning/venv/lib/python3.10/site-packages/airflow/example_dags/tutorial_taskflow_api.py
[2023-08-24T16:01:26.638+0100] {processor.py:829} INFO - Processing file /home/samuel/dev/airflow_learning/venv/lib/python3.10/site-packages/airflow/example_dags/tutorial_taskflow_api.py for tasks to queue
[2023-08-24T16:01:26.639+0100] {logging_mixin.py:151} INFO - [2023-08-24T16:01:26.639+0100] {dagbag.py:539} INFO - Filling up the DagBag from /home/samuel/dev/airflow_learning/venv/lib/python3.10/site-packages/airflow/example_dags/tutorial_taskflow_api.py
[2023-08-24T16:01:26.647+0100] {processor.py:839} INFO - DAG(s) dict_keys(['tutorial_taskflow_api']) retrieved from /home/samuel/dev/airflow_learning/venv/lib/python3.10/site-packages/airflow/example_dags/tutorial_taskflow_api.py
[2023-08-24T16:01:26.666+0100] {logging_mixin.py:151} INFO - [2023-08-24T16:01:26.665+0100] {dag.py:2907} INFO - Sync 1 DAGs
[2023-08-24T16:01:26.678+0100] {logging_mixin.py:151} INFO - [2023-08-24T16:01:26.678+0100] {dag.py:3677} INFO - Setting next_dagrun for tutorial_taskflow_api to None, run_after=None
[2023-08-24T16:01:26.797+0100] {processor.py:179} INFO - Processing /home/samuel/dev/airflow_learning/venv/lib/python3.10/site-packages/airflow/example_dags/tutorial_taskflow_api.py took 0.163 seconds
[2023-08-24T16:02:21.478+0100] {processor.py:157} INFO - Started process (PID=8454) to work on /home/samuel/dev/airflow_learning/venv/lib/python3.10/site-packages/airflow/example_dags/tutorial_taskflow_api.py
[2023-08-24T16:02:21.480+0100] {processor.py:829} INFO - Processing file /home/samuel/dev/airflow_learning/venv/lib/python3.10/site-packages/airflow/example_dags/tutorial_taskflow_api.py for tasks to queue
[2023-08-24T16:02:21.481+0100] {logging_mixin.py:151} INFO - [2023-08-24T16:02:21.481+0100] {dagbag.py:539} INFO - Filling up the DagBag from /home/samuel/dev/airflow_learning/venv/lib/python3.10/site-packages/airflow/example_dags/tutorial_taskflow_api.py
[2023-08-24T16:02:21.491+0100] {processor.py:839} INFO - DAG(s) dict_keys(['tutorial_taskflow_api']) retrieved from /home/samuel/dev/airflow_learning/venv/lib/python3.10/site-packages/airflow/example_dags/tutorial_taskflow_api.py
[2023-08-24T16:02:21.509+0100] {logging_mixin.py:151} INFO - [2023-08-24T16:02:21.509+0100] {dag.py:2907} INFO - Sync 1 DAGs
[2023-08-24T16:02:21.521+0100] {logging_mixin.py:151} INFO - [2023-08-24T16:02:21.521+0100] {dag.py:3677} INFO - Setting next_dagrun for tutorial_taskflow_api to None, run_after=None
[2023-08-24T16:02:21.633+0100] {processor.py:179} INFO - Processing /home/samuel/dev/airflow_learning/venv/lib/python3.10/site-packages/airflow/example_dags/tutorial_taskflow_api.py took 0.159 seconds
[2023-08-24T16:03:13.998+0100] {processor.py:157} INFO - Started process (PID=8520) to work on /home/samuel/dev/airflow_learning/venv/lib/python3.10/site-packages/airflow/example_dags/tutorial_taskflow_api.py
[2023-08-24T16:03:14.029+0100] {processor.py:829} INFO - Processing file /home/samuel/dev/airflow_learning/venv/lib/python3.10/site-packages/airflow/example_dags/tutorial_taskflow_api.py for tasks to queue
[2023-08-24T16:03:14.030+0100] {logging_mixin.py:151} INFO - [2023-08-24T16:03:14.030+0100] {dagbag.py:539} INFO - Filling up the DagBag from /home/samuel/dev/airflow_learning/venv/lib/python3.10/site-packages/airflow/example_dags/tutorial_taskflow_api.py
[2023-08-24T16:03:14.038+0100] {processor.py:839} INFO - DAG(s) dict_keys(['tutorial_taskflow_api']) retrieved from /home/samuel/dev/airflow_learning/venv/lib/python3.10/site-packages/airflow/example_dags/tutorial_taskflow_api.py
[2023-08-24T16:03:14.055+0100] {logging_mixin.py:151} INFO - [2023-08-24T16:03:14.055+0100] {dag.py:2907} INFO - Sync 1 DAGs
[2023-08-24T16:03:14.067+0100] {logging_mixin.py:151} INFO - [2023-08-24T16:03:14.066+0100] {dag.py:3677} INFO - Setting next_dagrun for tutorial_taskflow_api to None, run_after=None
[2023-08-24T16:03:14.180+0100] {processor.py:179} INFO - Processing /home/samuel/dev/airflow_learning/venv/lib/python3.10/site-packages/airflow/example_dags/tutorial_taskflow_api.py took 0.185 seconds
[2023-08-24T16:04:06.787+0100] {processor.py:157} INFO - Started process (PID=8591) to work on /home/samuel/dev/airflow_learning/venv/lib/python3.10/site-packages/airflow/example_dags/tutorial_taskflow_api.py
[2023-08-24T16:04:06.816+0100] {processor.py:829} INFO - Processing file /home/samuel/dev/airflow_learning/venv/lib/python3.10/site-packages/airflow/example_dags/tutorial_taskflow_api.py for tasks to queue
[2023-08-24T16:04:06.817+0100] {logging_mixin.py:151} INFO - [2023-08-24T16:04:06.816+0100] {dagbag.py:539} INFO - Filling up the DagBag from /home/samuel/dev/airflow_learning/venv/lib/python3.10/site-packages/airflow/example_dags/tutorial_taskflow_api.py
[2023-08-24T16:04:06.823+0100] {processor.py:839} INFO - DAG(s) dict_keys(['tutorial_taskflow_api']) retrieved from /home/samuel/dev/airflow_learning/venv/lib/python3.10/site-packages/airflow/example_dags/tutorial_taskflow_api.py
[2023-08-24T16:04:06.841+0100] {logging_mixin.py:151} INFO - [2023-08-24T16:04:06.840+0100] {dag.py:2907} INFO - Sync 1 DAGs
[2023-08-24T16:04:06.857+0100] {logging_mixin.py:151} INFO - [2023-08-24T16:04:06.857+0100] {dag.py:3677} INFO - Setting next_dagrun for tutorial_taskflow_api to None, run_after=None
[2023-08-24T16:04:07.091+0100] {processor.py:179} INFO - Processing /home/samuel/dev/airflow_learning/venv/lib/python3.10/site-packages/airflow/example_dags/tutorial_taskflow_api.py took 0.307 seconds
